200 116
0 : 1 78 4 6 0
1 : 8 0 2 4 0
2 : 45 31 110 45 0
3 : 0 57 1 15 0
4 : 6 0 2 4 0
5 : 19 0 6 3 0
6 : 2 16 1 27 0
7 : 68 6 4 23 1
8 : 191 60 9 14 0
9 : 186 0 1 11 1
10 : 27 4 15 2 0
11 : 176 74 18 24 1
12 : 10 5 8 1 0
13 : 114 76 15 40 1
14 : 2 43 7 14 0
15 : 0 96 11 4 1
16 : 10 4 1 2 1
17 : 0 20 37 2 1
18 : 185 9 20 8 1
19 : 0 107 12 9 0
20 : 85 16 15 15 0
21 : 163 1 14 20 1
22 : 41 8 4 27 1
23 : 0 72 1 18 0
24 : 149 3 22 14 1
25 : 118 6 23 7 0
26 : 12 0 5 3 1
27 : 94 0 5 22 1
28 : 60 0 6 25 1
29 : 27 17 14 58 1
30 : 4 90 17 9 1
31 : 7 4 3 2 0
32 : 1 58 1 20 0
33 : 193 1 8 3 1
34 : 42 0 18 8 0
35 : 2 58 20 2 1
36 : 176 92 6 19 0
37 : 45 76 67 3 0
38 : 183 1 10 8 0
39 : 18 3 8 9 0
40 : 110 104 21 11 0
41 : 0 0 4 5 1
42 : 26 0 4 16 1
43 : 28 31 17 22 0
44 : 155 57 20 30 0
45 : 177 111 14 5 0
46 : 15 35 12 22 0
47 : 60 12 20 5 0
48 : 3 18 4 11 0
49 : 2 9 7 4 1
50 : 13 83 33 32 1
51 : 182 92 19 9 1
52 : 28 53 27 16 1
53 : 39 12 18 5 0
54 : 183 57 8 16 0
55 : 0 4 8 1 1
56 : 197 0 4 3 1
57 : 9 19 3 71 0
58 : 113 91 41 1 0
59 : 26 6 15 5 0
60 : 116 2 33 4 0
61 : 100 8 5 17 1
62 : 10 6 4 9 0
63 : 197 92 3 24 0
64 : 192 39 11 8 1
65 : 1 4 6 5 0
66 : 60 89 50 27 0
67 : 12 58 25 16 1
68 : 154 87 22 29 0
69 : 15 12 4 24 1
70 : 141 10 8 21 0
71 : 1 84 6 2 1
72 : 91 5 9 7 0
73 : 198 4 14 2 1
74 : 197 18 14 3 1
75 : 163 15 15 22 1
76 : 0 12 1 8 0
77 : 175 57 7 16 0
78 : 7 6 3 10 0
79 : 4 57 21 5 1
80 : 85 0 1 9 1
81 : 45 79 4 45 1
82 : 172 0 14 1 0
83 : 100 13 41 18 0
84 : 162 30 27 30 1
85 : 193 32 7 7 0
86 : 12 20 6 6 0
87 : 155 25 7 32 0
88 : 15 0 4 3 0
89 : 110 92 44 12 0
90 : 5 0 1 2 0
91 : 6 78 12 3 1
92 : 132 104 22 10 0
93 : 136 0 27 2 0
94 : 46 83 5 63 1
95 : 45 93 23 15 1
96 : 12 28 7 7 0
97 : 3 29 14 4 1
98 : 18 16 9 12 0
99 : 1 90 3 6 0
