
Gurobi 10.0.0 (linux64, C++) logging started Tue Dec 13 22:20:54 2022

Set parameter Username
Set parameter TimeLimit to value 3000
Set parameter LogFile to value "./log/milp-100b-3000s-verbose.log"
Academic license - for non-commercial use only - expires 2023-12-06
Gurobi Optimizer version 10.0.0 build v10.0.0rc2 (linux64)

CPU model: 12th Gen Intel(R) Core(TM) i9-12900, instruction set [SSE2|AVX|AVX2]
Thread count: 24 physical cores, 24 logical processors, using up to 24 threads

Optimize a model with 20200 rows, 10201 columns and 98900 nonzeros
Model fingerprint: 0xe6a1e9bd
Variable types: 0 continuous, 10201 integer (10000 binary)
Coefficient statistics:
  Matrix range     [1e+00, 1e+03]
  Objective range  [1e+00, 1e+00]
  Bounds range     [1e+00, 1e+00]
  RHS range        [1e+00, 3e+03]
Presolve removed 204 rows and 4 columns
Presolve time: 0.06s
Presolved: 19996 rows, 10197 columns, 98696 nonzeros
Variable types: 0 continuous, 10197 integer (9996 binary)

Root relaxation: objective 4.500000e+01, 3941 iterations, 0.14 seconds (0.29 work units)

    Nodes    |    Current Node    |     Objective Bounds      |     Work
 Expl Unexpl |  Obj  Depth IntInf | Incumbent    BestBd   Gap | It/Node Time

     0     0   45.00000    0  301          -   45.00000      -     -    0s
     0     0   45.00000    0  837          -   45.00000      -     -    1s
     0     0   45.00000    0  777          -   45.00000      -     -    1s
     0     0   45.00000    0  283          -   45.00000      -     -    3s
     0     0   45.00000    0  329          -   45.00000      -     -    3s
     0     0   45.00000    0  266          -   45.00000      -     -    4s
     0     0   45.00000    0  594          -   45.00000      -     -    4s
H    0     0                     183.0000000   45.00000  75.4%     -    6s
     0     0   45.00000    0  247  183.00000   45.00000  75.4%     -    6s
H    0     0                     182.0000000   45.00000  75.3%     -    6s
     0     0   45.00000    0  429  182.00000   45.00000  75.3%     -    6s
     0     0   45.00000    0  308  182.00000   45.00000  75.3%     -    7s
     0     0   45.00000    0  533  182.00000   45.00000  75.3%     -    7s
H    0     0                     180.0000000   45.00000  75.0%     -    9s
H    0     0                     179.0000000   45.00000  74.9%     -    9s
     0     0   45.00000    0  252  179.00000   45.00000  74.9%     -    9s
     0     0   45.00000    0  586  179.00000   45.00000  74.9%     -    9s
H    0     0                     175.0000000   45.00000  74.3%     -   10s
     0     0   45.00000    0  244  175.00000   45.00000  74.3%     -   10s
     0     0   45.00000    0  223  175.00000   45.00000  74.3%     -   10s
H    0     2                     174.0000000   45.00000  74.1%     -   11s
     0     2   45.00000    0  219  174.00000   45.00000  74.1%     -   11s
H   28    51                     162.0000000   45.00000  72.2%   865   14s
H   31    51                     152.0000000   45.00000  70.4%   794   14s
   100   117   45.00000    7  766  152.00000   45.00000  70.4%   545   16s
   328   758   45.00000   11  376  152.00000   45.00000  70.4%   631   22s
   774  1573   45.00000   26  461  152.00000   45.00000  70.4%   361   26s
  2569  3687   45.00000   41  429  152.00000   45.00000  70.4%   165   32s
  3769  5213   49.00000   53  675  152.00000   45.00000  70.4%   122   35s
  8444  9209   72.00000  116 1011  152.00000   45.00000  70.4%  69.9   41s
 11081 12272   74.00000  176  971  152.00000   45.00000  70.4%  61.8   45s
H12749  8562                     143.0000000   45.00000  68.5%  57.1   45s
 12757  8536   52.00000   30  260  143.00000   45.00000  68.5%  57.1   50s
 12765  8541   81.00000  101  362  143.00000   45.00000  68.5%  57.1   55s
 12771  8545   50.00000   83  385  143.00000   45.00000  68.5%  57.0   60s
 12875  8638   45.00000   16  716  143.00000   45.00000  68.5%  11.1   76s
 13129  8869   48.00000   20  519  143.00000   45.00000  68.5%  15.2   80s
 13905  9763   45.00000   32  674  143.00000   45.00000  68.5%  18.6   86s
 15409 10677   68.00000   55  769  143.00000   45.00000  68.5%  20.3   90s
 16977 11765   80.00000   85  641  143.00000   45.00000  68.5%  21.1   95s
 18622 12793   80.00000  120  704  143.00000   45.00000  68.5%  21.5  100s
 19951 13780   80.00000  149  846  143.00000   45.00000  68.5%  22.0  105s
 22084 15420   80.00000  195  869  143.00000   45.00000  68.5%  22.9  111s
 24427 16981  125.00000  250  886  143.00000   45.00000  68.5%  23.4  115s
 26558 20206  125.00000  294  859  143.00000   45.00000  68.5%  23.5  122s
 29274 20141  125.00000  344  816  143.00000   45.00000  68.5%  23.7  125s
H29648 18913                     142.0000000   45.00000  68.3%  23.6  125s
 33178 21209  140.00000  104  801  142.00000   45.00000  68.3%  23.1  130s
 36391 24114  141.00000   83  886  142.00000   45.00000  68.3%  23.8  135s
 41172 28306  141.00000  318  749  142.00000   45.00000  68.3%  23.2  140s
 48454 33371  130.00000  128  954  142.00000   45.00000  68.3%  21.2  145s
 52134 39275 infeasible  263       142.00000   45.00000  68.3%  21.3  160s
H58952 35824                     141.0000000   45.00000  68.1%  21.0  163s
 59643 35840  138.00000  322  561  141.00000   45.00000  68.1%  20.9  165s
H65898 35815                     140.0000000   45.00000  67.9%  20.9  169s
 67473 36745     cutoff  321       140.00000   45.00000  67.9%  20.8  171s
 72295 41553  133.00000  205  622  140.00000   45.00000  67.9%  20.8  176s
 77988 48993  138.00000  415  646  140.00000   45.00000  67.9%  20.6  187s
 82902 50965   46.00000   30  632  140.00000   45.00000  67.9%  20.1  190s
H84597 41991                     139.0000000   45.00000  67.6%  20.6  190s
 89588 47751 infeasible  400       139.00000   45.00000  67.6%  20.3  196s
 94664 52363 infeasible  681       139.00000   45.00000  67.6%  20.6  202s
 96433 55437  129.00000  115  566  139.00000   45.00000  67.6%  20.8  206s
H101427 49274                     138.0000000   45.00000  67.4%  20.9  208s
 101469 52801     cutoff  412       138.00000   45.00000  67.4%  20.9  212s
 105680 56022 infeasible  159       138.00000   45.00000  67.4%  20.7  217s
 109163 59695  137.00000  228  561  138.00000   45.00000  67.4%  20.8  221s
 116039 66163  137.00000  258  645  138.00000   45.00000  67.4%  20.9  227s
 121093 68341 infeasible  516       138.00000   45.00000  67.4%  20.6  230s
 127612 75799  136.00000  310  703  138.00000   45.00000  67.4%  20.4  235s
 131779 79316 infeasible  489       138.00000   45.00000  67.4%  20.0  240s
 135709 81459  136.00000  206  609  138.00000   45.00000  67.4%  20.2  245s
 140900 87656   99.00000  102  523  138.00000   45.00000  67.4%  20.3  251s
 147450 91412  121.00000  232  559  138.00000   45.00000  67.4%  20.6  257s
 149720 94841  124.00000  273  671  138.00000   45.00000  67.4%  20.8  261s
 153484 96844  125.00000  340  632  138.00000   45.00000  67.4%  20.7  265s
 158382 102039  125.00000  392  599  138.00000   45.00000  67.4%  20.8  272s
 161301 106692  126.00000  424  532  138.00000   45.00000  67.4%  20.8  278s
 167033 109305  126.00000  550  483  138.00000   45.00000  67.4%  20.7  281s
 172635 115115  137.00000  640  368  138.00000   45.00000  67.4%  20.9  287s
 176622 117237  137.00000  714  272  138.00000   45.00000  67.4%  20.8  290s
 183888 123679 infeasible  764       138.00000   45.00000  67.4%  20.8  298s
 186606 126996  135.00000   60 1298  138.00000   45.00000  67.4%  21.0  304s
 190437 126876  135.00000   99 1288  138.00000   45.00000  67.4%  21.0  320s
H192014 99008                     137.0000000   45.00000  67.2%  21.1  324s
 193929 101789     cutoff  143       137.00000   45.00000  67.2%  21.1  329s
 197545 105175  126.00000   53  341  137.00000   45.00000  67.2%  21.2  333s
 201082 108165  136.00000  240  633  137.00000   45.00000  67.2%  21.2  337s
 204250 110977  136.00000  400  570  137.00000   45.00000  67.2%  21.1  342s
 207300 113572  136.00000  536  419  137.00000   45.00000  67.2%  21.0  346s
 210220 116766  135.00000   85  577  137.00000   45.00000  67.2%  21.0  351s
 213642 121432  136.00000  257  650  137.00000   45.00000  67.2%  20.9  356s
 218815 124600  136.00000  567  603  137.00000   45.00000  67.2%  20.7  360s
 225035 129091  136.00000  263  799  137.00000   45.00000  67.2%  20.8  366s
 227709 133020   86.00000   59  441  137.00000   45.00000  67.2%  20.8  370s
 236466 139981 infeasible  215       137.00000   45.00000  67.2%  20.6  378s
 240479 144904  136.00000  201  864  137.00000   45.00000  67.2%  20.6  382s
 246558 148162  130.00000  174  977  137.00000   45.00000  67.2%  20.4  385s
 252968 154522  124.00000  163  739  137.00000   45.00000  67.2%  20.3  391s
 261158 158950   82.00000   37  580  137.00000   45.00000  67.2%  20.1  397s
 262672 165329  130.00000   99  906  137.00000   45.00000  67.2%  20.1  403s
 270000 166729   85.00000   56  593  137.00000   45.00000  67.2%  20.1  405s
 273541 172178  107.00000  137  819  137.00000   45.00000  67.2%  20.2  411s
 278978 175617  112.00000  228 1012  137.00000   45.00000  67.2%  20.4  417s
 281156 179406  112.00000  289  949  137.00000   45.00000  67.2%  20.6  421s
 287753 184975  124.00000  368  862  137.00000   45.00000  67.2%  20.7  429s
 291470 189894  136.00000  419  806  137.00000   45.00000  67.2%  20.7  433s
 297143 193562  136.00000  459  813  137.00000   45.00000  67.2%  20.5  438s
 301450 195817   45.00000   32  389  137.00000   45.00000  67.2%  20.6  441s
 306989 202412  136.00000  229  779  137.00000   45.00000  67.2%  20.8  448s
 312217 204836 infeasible  423       137.00000   45.00000  67.2%  20.7  451s
 314779 208504  136.00000  146  778  137.00000   45.00000  67.2%  20.8  456s
 318793 211964  136.00000  313  738  137.00000   45.00000  67.2%  20.8  462s
 323153 216205  136.00000  456  679  137.00000   45.00000  67.2%  20.7  466s
 331923 221221  134.00000  173  644  137.00000   45.00000  67.2%  20.7  472s
 334707 225427  136.00000  295  556  137.00000   45.00000  67.2%  20.7  476s
 340179 228924  136.00000  135  765  137.00000   45.00000  67.2%  20.7  481s
 344043 234030  118.00000   67  584  137.00000   45.00000  67.2%  20.7  486s
 353257 241386  135.00000  272  803  137.00000   45.00000  67.2%  20.7  493s
 359055 243761  134.00000   89  826  137.00000   45.00000  67.2%  20.6  496s
 366560 251003 infeasible  390       137.00000   45.00000  67.2%  20.5  504s
 370743 256155  136.00000  210  607  137.00000   45.00000  67.2%  20.6  509s
 377217 258369 infeasible  535       137.00000   45.00000  67.2%  20.5  512s
 379586 260745  121.00000   64  963  137.00000   45.00000  67.2%  20.6  515s
 386457 266756 infeasible  144       137.00000   45.00000  67.2%  20.6  523s
 389191 270504  135.00000   72  724  137.00000   45.00000  67.2%  20.7  527s
 393555 273589  135.00000  126  722  137.00000   45.00000  67.2%  20.7  531s
 396856 273613  135.00000  165  768  137.00000   45.00000  67.2%  20.8  558s
 396880 273698  135.00000  165  766  137.00000   45.00000  67.2%  20.8  575s
H396888 137516                     133.0000000   45.00000  66.2%  20.8  575s
 396978 140796     cutoff  163       133.00000   45.00000  66.2%  20.8  582s
 400874 144771  131.00000  177  733  133.00000   45.00000  66.2%  20.8  588s
 405343 147990  108.00000  118  569  133.00000   45.00000  66.2%  20.9  593s
 409238 151229  108.00000  215  485  133.00000   45.00000  66.2%  21.0  598s
 413069 154623  108.00000  295  454  133.00000   45.00000  66.2%  21.0  603s
 416881 157652  108.00000  369  397  133.00000   45.00000  66.2%  21.0  608s
 420508 161048  115.00000  431  353  133.00000   45.00000  66.2%  21.0  613s
 424231 164332   57.00000   43  691  133.00000   45.00000  66.2%  21.1  617s
 427875 167762 infeasible  112       133.00000   45.00000  66.2%  21.1  622s
 431581 170766  131.00000  209  790  133.00000   45.00000  66.2%  21.1  627s
 434961 173741  131.00000  313  610  133.00000   45.00000  66.2%  21.1  631s
 438448 177414  131.00000  394  535  133.00000   45.00000  66.2%  21.1  636s
 442475 180346  131.00000  459  530  133.00000   45.00000  66.2%  21.1  640s
 445864 183092  131.00000  504  489  133.00000   45.00000  66.2%  21.1  645s
 449176 186454  131.00000  550  457  133.00000   45.00000  66.2%  21.1  650s
 453215 192690   89.00000   37  754  133.00000   45.00000  66.2%  21.2  656s
 461131 195028   62.00000   20  350  133.00000   45.00000  66.2%  21.1  660s
 467645 201370  132.00000  256  674  133.00000   45.00000  66.2%  21.2  668s
 471449 204937  132.00000  277  640  133.00000   45.00000  66.2%  21.2  676s
 476221 207947  127.00000   76  591  133.00000   45.00000  66.2%  21.3  680s
 479417 210839  127.00000  191  529  133.00000   45.00000  66.2%  21.4  685s
 486484 219551  127.00000  275  570  133.00000   45.00000  66.2%  21.5  695s
 496137 225022   64.00000   40  324  133.00000   45.00000  66.2%  21.5  702s
 499482 230723  132.00000  160  600  133.00000   45.00000  66.2%  21.5  708s
 506824 232374  110.00000   71  515  133.00000   45.00000  66.2%  21.4  711s
 510895 237450  132.00000  292  702  133.00000   45.00000  66.2%  21.6  718s
 514695 239691   46.00000   35  560  133.00000   45.00000  66.2%  21.6  722s
 517105 242325  131.00000  181  582  133.00000   45.00000  66.2%  21.6  725s
 519883 246779  132.00000  349  595  133.00000   45.00000  66.2%  21.6  730s
 525187 250118  131.00000  176  722  133.00000   45.00000  66.2%  21.6  735s
 528810 255459  132.00000  371  603  133.00000   45.00000  66.2%  21.6  741s
 535041 258049  132.00000  327  869  133.00000   45.00000  66.2%  21.6  745s
 537948 262319  132.00000  470  674  133.00000   45.00000  66.2%  21.6  750s
 546154 265673   48.28404   44  780  133.00000   45.00000  66.2%  21.6  763s
H546155 173552                     130.0000000   45.00000  65.4%  21.6  763s
H546581 156311                     128.0000000   45.00000  64.8%  21.6  763s
 547127 159085   45.00000   42  707  128.00000   45.00000  64.8%  21.6  768s
 551140 162448  116.00000  126  650  128.00000   45.00000  64.8%  21.7  773s
 555352 165202  116.00000  211  656  128.00000   45.00000  64.8%  21.7  777s
 558769 167878  117.00000  300  521  128.00000   45.00000  64.8%  21.8  782s
 562077 171373  121.00000  366  476  128.00000   45.00000  64.8%  21.9  787s
 565832 174553  118.00000  401  502  128.00000   45.00000  64.8%  21.9  792s
 569402 178308  120.00000  441  455  128.00000   45.00000  64.8%  21.9  797s
 573602 183254  120.00000  481  428  128.00000   45.00000  64.8%  21.9  803s
 580217 186725  120.00000  554  400  128.00000   45.00000  64.8%  21.8  808s
 584353 189596  125.00000  562  399  128.00000   45.00000  64.8%  21.9  812s
 587834 193219  125.00000  621  353  128.00000   45.00000  64.8%  21.9  817s
 592110 197720  125.00000  661  336  128.00000   45.00000  64.8%  21.9  822s
 598755 200183 infeasible  734       128.00000   45.00000  64.8%  21.9  825s
 606831 207188 infeasible  207       128.00000   45.00000  64.8%  21.9  835s
 614645 214135   94.00000  145  550  128.00000   45.00000  64.8%  22.1  844s
 618421 219647  103.00000  214  545  128.00000   45.00000  64.8%  22.1  850s
 628467 224875  124.00000  303  469  128.00000   45.00000  64.8%  22.1  857s
 631878 229342  124.00000  364  580  128.00000   45.00000  64.8%  22.1  863s
 638175 231609  122.00000   91  636  128.00000   45.00000  64.8%  22.1  866s
 640573 234225  127.00000  116  672  128.00000   45.00000  64.8%  22.2  870s
 643303 238036  127.00000  150  709  128.00000   45.00000  64.8%  22.2  875s
 647903 238195  127.00000  188  710  128.00000   45.00000  64.8%  22.1  886s
 648268 240384 infeasible  185       128.00000   45.00000  64.8%  22.1  890s
 650831 243313  127.00000  214  746  128.00000   45.00000  64.8%  22.2  895s
 657412 249734  127.00000  273  688  128.00000   45.00000  64.8%  22.3  904s
 661092 253134  127.00000  313  613  128.00000   45.00000  64.8%  22.3  909s
 664836 256315  127.00000  364  602  128.00000   45.00000  64.8%  22.3  913s
 668405 261957  127.00000  395  609  128.00000   45.00000  64.8%  22.3  919s
 675590 264181 infeasible  443       128.00000   45.00000  64.8%  22.3  923s
 678449 267162  127.00000  116  678  128.00000   45.00000  64.8%  22.3  927s
 681940 270071  126.00000  143  573  128.00000   45.00000  64.8%  22.3  931s
 685440 276200  126.00000  306  666  128.00000   45.00000  64.8%  22.3  937s
 693287 277616   91.00000   35  560  128.00000   45.00000  64.8%  22.2  940s
 697198 281911  127.00000  278  766  128.00000   45.00000  64.8%  22.4  946s
 702480 288727  126.00000  137  729  128.00000   45.00000  64.8%  22.4  953s
 708103 290934   45.00000   40  381  128.00000   45.00000  64.8%  22.4  957s
 710568 294610  127.00000  141  510  128.00000   45.00000  64.8%  22.4  962s
 714616 299474  123.00000  124  875  128.00000   45.00000  64.8%  22.4  967s
 721112 301692   94.00000   52  594  128.00000   45.00000  64.8%  22.4  970s
 723663 304948  126.00000  149  506  128.00000   45.00000  64.8%  22.4  975s
 730454 310791  126.00000  320  540  128.00000   45.00000  64.8%  22.5  982s
 733853 315390  126.00000  397  423  128.00000   45.00000  64.8%  22.5  986s
 739434 321531  126.00000  476  356  128.00000   45.00000  64.8%  22.5  993s
 747214 323159 infeasible  560       128.00000   45.00000  64.8%  22.4  996s
 751875 327760 infeasible  188       128.00000   45.00000  64.8%  22.5 1001s
 754565 330784  124.00000  137  659  128.00000   45.00000  64.8%  22.5 1005s
 761960 335857  127.00000  212  552  128.00000   45.00000  64.8%  22.5 1012s
 764931 341036  127.00000  338  511  128.00000   45.00000  64.8%  22.5 1018s
H771684 225800                     126.0000000   45.00000  64.3%  22.5 1027s
 772354 228169     cutoff  224       126.00000   45.00000  64.3%  22.5 1031s
 775289 230897  121.00000   74  671  126.00000   45.00000  64.3%  22.5 1035s
 781317 236327  125.00000  152  850  126.00000   45.00000  64.3%  22.6 1044s
 784493 239221 infeasible  185       126.00000   45.00000  64.3%  22.6 1048s
 787901 242228  125.00000  216  811  126.00000   45.00000  64.3%  22.6 1053s
 791472 246111  125.00000  242  815  126.00000   45.00000  64.3%  22.6 1058s
 795821 251054  125.00000  277  888  126.00000   45.00000  64.3%  22.5 1064s
 802283 252993  125.00000  323  767  126.00000   45.00000  64.3%  22.5 1068s
 804600 255412  125.00000  341  763  126.00000   45.00000  64.3%  22.5 1071s
 807261 257948  125.00000  350  827  126.00000   45.00000  64.3%  22.6 1075s
 810231 262046  125.00000  383  874  126.00000   45.00000  64.3%  22.6 1080s
 818834 268086  125.00000  111  687  126.00000   45.00000  64.3%  22.5 1088s
 822985 272670  125.00000  218  894  126.00000   45.00000  64.3%  22.5 1093s
 829188 275115  110.00000   38  364  126.00000   45.00000  64.3%  22.5 1096s
 831882 277894   45.00000   43  462  126.00000   45.00000  64.3%  22.6 1100s
 834921 279463  102.00000  105  697  126.00000   45.00000  64.3%  22.6 1107s
H835188 231318                     125.0000000   45.00000  64.0%  22.6 1107s
 837091 234258  106.00000  106  686  125.00000   45.00000  64.0%  22.6 1111s
 841121 237234  114.00000  195  650  125.00000   45.00000  64.0%  22.6 1116s
 844694 240080  123.00000  229  691  125.00000   45.00000  64.0%  22.6 1121s
 848144 243480  124.00000   87 1032  125.00000   45.00000  64.0%  22.7 1127s
 851914 246862  124.00000  136 1011  125.00000   45.00000  64.0%  22.7 1132s
 855826 251617  124.00000  171  972  125.00000   45.00000  64.0%  22.7 1137s
 862177 255016  123.00000  120  754  125.00000   45.00000  64.0%  22.7 1142s
 866061 258379 infeasible  291       125.00000   45.00000  64.0%  22.7 1146s
 870014 263685  122.00000  204  783  125.00000   45.00000  64.0%  22.7 1152s
 880058 267910  124.00000  139  865  125.00000   45.00000  64.0%  22.7 1157s
 882514 271013  104.00000   61  569  125.00000   45.00000  64.0%  22.7 1160s
 889125 276605  124.00000  164  624  125.00000   45.00000  64.0%  22.7 1167s
 894364 278387  122.00000   86  779  125.00000   45.00000  64.0%  22.7 1170s
 896327 279643  102.00000   66  575  125.00000   45.00000  64.0%  22.7 1175s
H896742 226367                     123.0000000   45.00000  63.4%  22.7 1175s
 897813 241604  106.00000  153  662  123.00000   45.00000  63.4%  22.7 1199s
 915275 247693  109.00000  464  560  123.00000   45.00000  63.4%  22.9 1206s
 922731 253392  113.00000  534  503  123.00000   45.00000  63.4%  22.9 1213s
 930196 255209 infeasible  254       123.00000   45.00000  63.4%  22.9 1215s
 937166 260653   45.00000   40  572  123.00000   45.00000  63.4%  22.9 1222s
 939409 262758  122.00000  134  651  123.00000   45.00000  63.4%  22.9 1225s
 942102 263657   45.00000   36  761  123.00000   45.00000  63.4%  22.9 1231s
H942393 235852                     122.0000000   45.00000  63.1%  22.9 1231s
 943161 238014  118.00000  144  902  122.00000   45.00000  63.1%  22.9 1235s
 946243 240960  121.00000  279  763  122.00000   45.00000  63.1%  23.0 1240s
 953796 247395  121.00000  168  712  122.00000   45.00000  63.1%  23.0 1249s
 957982 250310   87.00000   72  587  122.00000   45.00000  63.1%  23.0 1253s
 961405 253260  121.00000  192  661  122.00000   45.00000  63.1%  23.0 1258s
 965126 258016  121.00000  266  642  122.00000   45.00000  63.1%  23.0 1263s
 971730 260608 infeasible  447       122.00000   45.00000  63.1%  23.0 1267s
 974818 263348  121.00000  173  680  122.00000   45.00000  63.1%  23.1 1271s
 978055 266174  121.00000  293  681  122.00000   45.00000  63.1%  23.1 1276s
 981926 268931   78.00000   66  545  122.00000   45.00000  63.1%  23.1 1281s
 985218 271971  113.00000  140  651  122.00000   45.00000  63.1%  23.1 1286s
 989186 273904  119.00000   66  423  122.00000   45.00000  63.1%  23.2 1292s
 991427 277564  121.00000  217  695  122.00000   45.00000  63.1%  23.2 1297s
 995943 281099  121.00000  158  585  122.00000   45.00000  63.1%  23.2 1302s
 1000204 287087  121.00000  322  555  122.00000   45.00000  63.1%  23.2 1309s
 1008147 290523  120.00000   87  671  122.00000   45.00000  63.1%  23.2 1314s
 1012179 293279  121.00000  262  744  122.00000   45.00000  63.1%  23.2 1318s
 1015643 295581   45.00000   26  697  122.00000   45.00000  63.1%  23.2 1326s
 1018833 299603   90.00000   89  684  122.00000   45.00000  63.1%  23.2 1332s
 1023811 303367  112.00000  193  819  122.00000   45.00000  63.1%  23.2 1337s
 1028371 306359  116.00000  269  842  122.00000   45.00000  63.1%  23.2 1343s
 1032282 309932  120.00000  341  856  122.00000   45.00000  63.1%  23.3 1349s
 1036232 313214  120.00000  374  823  122.00000   45.00000  63.1%  23.3 1354s
 1039836 319148  120.00000  438  703  122.00000   45.00000  63.1%  23.3 1360s
 1049136 323561  121.00000  139  903  122.00000   45.00000  63.1%  23.3 1367s
 1052039 327950  121.00000  265  969  122.00000   45.00000  63.1%  23.3 1372s
 1058297 330245 infeasible  169       122.00000   45.00000  63.1%  23.2 1375s
 1063859 336909  121.00000  221  676  122.00000   45.00000  63.1%  23.2 1384s
 1070303 339330   62.00000   40  370  122.00000   45.00000  63.1%  23.2 1387s
 1072838 341859   59.00000   49  695  122.00000   45.00000  63.1%  23.2 1391s
 1075609 343722  121.00000  205  949  122.00000   45.00000  63.1%  23.2 1398s
 1078187 347080  113.00000  157  661  122.00000   45.00000  63.1%  23.2 1403s
 1082107 349737  121.00000  325  652  122.00000   45.00000  63.1%  23.2 1407s
 1085618 353048  121.00000  437  666  122.00000   45.00000  63.1%  23.2 1412s
 1089353 356615   95.00000  114  560  122.00000   45.00000  63.1%  23.3 1417s
 1093425 359523  121.00000  340  829  122.00000   45.00000  63.1%  23.3 1422s
 1096779 364142   50.00000   45  664  122.00000   45.00000  63.1%  23.3 1427s
 1102689 366661 infeasible  123       122.00000   45.00000  63.1%  23.2 1431s
 1105770 369159  121.00000  175  793  122.00000   45.00000  63.1%  23.3 1435s
 1108961 373304  118.00000   46  833  122.00000   45.00000  63.1%  23.3 1440s
 1114787 376866 infeasible  156       122.00000   45.00000  63.1%  23.2 1445s
 1119025 378471  121.00000  241  798  122.00000   45.00000  63.1%  23.3 1451s
 1121049 382687  121.00000  242  792  122.00000   45.00000  63.1%  23.3 1458s
 1126517 386194  121.00000  413  673  122.00000   45.00000  63.1%  23.3 1463s
 1131079 389659  100.00000   79  677  122.00000   45.00000  63.1%  23.3 1468s
 1135378 393225  121.00000  296  562  122.00000   45.00000  63.1%  23.3 1473s
 1139738 398523 infeasible  490       122.00000   45.00000  63.1%  23.3 1478s
 1147438 402064   45.00000   28  980  122.00000   45.00000  63.1%  23.3 1483s
 1151560 405155   68.00000   35  438  122.00000   45.00000  63.1%  23.3 1488s
 1155276 409589  121.00000  191  718  122.00000   45.00000  63.1%  23.3 1492s
 1161233 412770  113.00000   66  715  122.00000   45.00000  63.1%  23.3 1496s
 1164620 416031  113.00000  115  845  122.00000   45.00000  63.1%  23.3 1500s
 1168419 418026  119.00000  148  776  122.00000   45.00000  63.1%  23.3 1506s
 1171173 421343 infeasible  190       122.00000   45.00000  63.1%  23.3 1510s
 1174991 424467  121.00000  170  625  122.00000   45.00000  63.1%  23.3 1515s
 1182938 431861  121.00000  229  623  122.00000   45.00000  63.1%  23.3 1524s
 1188049 434675  121.00000  175  541  122.00000   45.00000  63.1%  23.3 1528s
 1191476 437386 infeasible  308       122.00000   45.00000  63.1%  23.3 1531s
 1194929 440454  119.00000  142  331  122.00000   45.00000  63.1%  23.3 1536s
 1199570 442848   99.00000   72  490  122.00000   45.00000  63.1%  23.3 1540s
 1202146 446010  111.00000  113  576  122.00000   45.00000  63.1%  23.4 1545s
 1205754 447412  120.00000  158  691  122.00000   45.00000  63.1%  23.4 1551s
 1207430 452035  120.00000  160  684  122.00000   45.00000  63.1%  23.4 1559s
 1213130 456059  121.00000  214  881  122.00000   45.00000  63.1%  23.4 1566s
 1217911 459811  121.00000  254  805  122.00000   45.00000  63.1%  23.4 1571s
 1222387 463655  121.00000  298  760  122.00000   45.00000  63.1%  23.4 1577s
 1226777 469593  121.00000  327  738  122.00000   45.00000  63.1%  23.4 1583s
 1234499 472643 infeasible  380       122.00000   45.00000  63.1%  23.3 1588s
 1238202 475921  121.00000  130  586  122.00000   45.00000  63.1%  23.4 1593s
 1242308 479133  121.00000  259  631  122.00000   45.00000  63.1%  23.4 1598s
 1246390 482478  120.00000  181  714  122.00000   45.00000  63.1%  23.4 1603s
 1250915 485199   97.00000  114  593  122.00000   45.00000  63.1%  23.4 1608s
 1253774 488508   97.00000  196  592  122.00000   45.00000  63.1%  23.5 1613s
 1257293 490644  106.00000  249  664  122.00000   45.00000  63.1%  23.5 1620s
 1259753 494279 infeasible  350       122.00000   45.00000  63.1%  23.5 1625s
 1267142 500031 infeasible  380       122.00000   45.00000  63.1%  23.5 1634s
 1270607 504690  120.00000  166  866  122.00000   45.00000  63.1%  23.5 1639s
 1276694 507204   82.00000   44  662  122.00000   45.00000  63.1%  23.4 1643s
 1279598 511255   45.00000   53  494  122.00000   45.00000  63.1%  23.5 1647s
 1284885 515092   45.00000   35  522  122.00000   45.00000  63.1%  23.4 1652s
 1289160 519250   99.00000  115  582  122.00000   45.00000  63.1%  23.5 1657s
 1295050 520420  117.00000  208  549  122.00000   45.00000  63.1%  23.4 1665s
 1300140 526770  117.00000  327  456  122.00000   45.00000  63.1%  23.4 1673s
 1303773 529706  120.00000  396  447  122.00000   45.00000  63.1%  23.4 1676s
 1307319 532825  117.00000  451  406  122.00000   45.00000  63.1%  23.4 1681s
 1311145 537576  117.00000  511  384  122.00000   45.00000  63.1%  23.4 1686s
 1320903 541810  121.00000  168  669  122.00000   45.00000  63.1%  23.4 1692s
 1323487 543876  112.00000  103  596  122.00000   45.00000  63.1%  23.4 1695s
 1328691 550327  110.00000  136  590  122.00000   45.00000  63.1%  23.5 1703s
 1334827 552673  120.00000  138  750  122.00000   45.00000  63.1%  23.4 1706s
 1337427 555392  121.00000  254  813  122.00000   45.00000  63.1%  23.5 1711s
 1340860 558811   57.00000   30  355  122.00000   45.00000  63.1%  23.5 1716s
 1345228 563732  121.00000  223  454  122.00000   45.00000  63.1%  23.5 1721s
 1352134 565512   67.00000   51 1022  122.00000   45.00000  63.1%  23.5 1725s
 1357465 571844  116.00000  124  917  122.00000   45.00000  63.1%  23.5 1734s
 1361370 574714  116.00000  165  916  122.00000   45.00000  63.1%  23.5 1738s
 1364813 578980  118.00000  259  804  122.00000   45.00000  63.1%  23.6 1743s
 1369850 580660 infeasible  340       122.00000   45.00000  63.1%  23.6 1751s
 1371794 583820  118.00000  394  769  122.00000   45.00000  63.1%  23.6 1756s
 1375719 586819  121.00000  422  756  122.00000   45.00000  63.1%  23.6 1761s
 1379534 590271  121.00000  464  724  122.00000   45.00000  63.1%  23.6 1766s
 1383821 596292  121.00000  541  594  122.00000   45.00000  63.1%  23.6 1772s
 1391055 599718  121.00000  576  609  122.00000   45.00000  63.1%  23.5 1777s
 1395383 603300  107.00000   80  608  122.00000   45.00000  63.1%  23.6 1782s
 1399999 606070   77.00000   94  820  122.00000   45.00000  63.1%  23.6 1786s
 1402945 607495  107.00000  164  682  122.00000   45.00000  63.1%  23.6 1793s
 1404742 610939  107.00000  164  682  122.00000   45.00000  63.1%  23.6 1799s
 1408443 614476  121.00000  239  607  122.00000   45.00000  63.1%  23.6 1804s
 1412404 617488  120.00000  159  525  122.00000   45.00000  63.1%  23.5 1808s
 1416114 622368   80.00000   45  525  122.00000   45.00000  63.1%  23.5 1814s
 1422476 624504  108.00000  146  673  122.00000   45.00000  63.1%  23.5 1817s
 1424916 626551  112.00000  198  803  122.00000   45.00000  63.1%  23.5 1821s
 1427317 629740  120.00000  246  743  122.00000   45.00000  63.1%  23.5 1825s
 1434779 634675 infeasible  375       122.00000   45.00000  63.1%  23.6 1832s
 1437426 637317  120.00000  428  542  122.00000   45.00000  63.1%  23.6 1836s
 1440674 642014  120.00000  486  500  122.00000   45.00000  63.1%  23.6 1841s
 1446610 644852  113.00000   67  420  122.00000   45.00000  63.1%  23.6 1846s
 1449976 648366  121.00000  227  512  122.00000   45.00000  63.1%  23.6 1851s
 1454030 653198   93.00000   50  391  122.00000   45.00000  63.1%  23.6 1857s
 1460219 654803 infeasible  232       122.00000   45.00000  63.1%  23.6 1862s
 1462105 658089   57.00000   42  419  122.00000   45.00000  63.1%  23.6 1866s
 1465903 660871  121.00000  209  645  122.00000   45.00000  63.1%  23.6 1871s
 1469385 663940  108.00000   51  702  122.00000   45.00000  63.1%  23.6 1876s
 1473006 668564  121.00000  261  521  122.00000   45.00000  63.1%  23.6 1882s
 1479414 670633 infeasible   92       122.00000   45.00000  63.1%  23.6 1885s
 1484596 675232   54.00000   53  679  122.00000   45.00000  63.1%  23.6 1892s
 1487276 676208  101.00000  104  568  122.00000   45.00000  63.1%  23.7 1898s
 1488386 679472   93.00000  103  575  122.00000   45.00000  63.1%  23.7 1902s
 1491993 682587  119.00000  150  612  122.00000   45.00000  63.1%  23.7 1907s
 1495645 685541  120.00000  238  708  122.00000   45.00000  63.1%  23.7 1911s
 1499093 691085   50.00000   48  705  122.00000   45.00000  63.1%  23.7 1917s
 1508304 694428  121.00000  181  754  122.00000   45.00000  63.1%  23.6 1922s
 1510636 696507  110.00000   63  494  122.00000   45.00000  63.1%  23.6 1925s
 1516042 701852  121.00000  187  838  122.00000   45.00000  63.1%  23.6 1932s
 1520713 704419  106.00000  106  685  122.00000   45.00000  63.1%  23.6 1935s
 1526371 710150  114.00000  213  733  122.00000   45.00000  63.1%  23.7 1944s
 1529983 716158  114.00000  282  661  122.00000   45.00000  63.1%  23.7 1950s
 1540321 720377  120.00000  140  464  122.00000   45.00000  63.1%  23.6 1956s
 1546019 725023  121.00000  170  734  122.00000   45.00000  63.1%  23.6 1965s
H1548751 505788                     121.0000000   45.00000  62.8%  23.6 1965s
 1553223 510283  120.00000  186  857  121.00000   45.00000  62.8%  23.6 1974s
 1556710 513671  120.00000  319  649  121.00000   45.00000  62.8%  23.7 1980s
 1564646 522145  120.00000  129  563  121.00000   45.00000  62.8%  23.7 1990s
 1571930 523371  120.00000  100  317  121.00000   45.00000  62.8%  23.7 1996s
 1573425 526748  120.00000  101  391  121.00000   45.00000  62.8%  23.7 2001s
 1577216 529563  111.00000   63  652  121.00000   45.00000  62.8%  23.7 2005s
 1580755 532956   45.00000   35  474  121.00000   45.00000  62.8%  23.7 2010s
 1587794 538445  116.00000  135  773  121.00000   45.00000  62.8%  23.7 2019s
 1591405 541353   72.00000   38  640  121.00000   45.00000  62.8%  23.7 2024s
 1595103 546062  119.00000  223  846  121.00000   45.00000  62.8%  23.7 2030s
 1605042 551966  120.00000  296  626  121.00000   45.00000  62.8%  23.7 2038s
 1608561 556577  107.00000  101  674  121.00000   45.00000  62.8%  23.7 2044s
 1615732 558448  101.00000   93  599  121.00000   45.00000  62.8%  23.7 2047s
 1617813 559422  104.00000  153  610  121.00000   45.00000  62.8%  23.7 2057s
 1618893 562426  104.00000  154  599  121.00000   45.00000  62.8%  23.8 2061s
 1622353 564956  116.00000  232  598  121.00000   45.00000  62.8%  23.8 2066s
 1625615 567911  114.00000  251  588  121.00000   45.00000  62.8%  23.8 2070s
 1632396 573246  115.00000  397  504  121.00000   45.00000  62.8%  23.8 2078s
 1635658 576041  119.00000  424  525  121.00000   45.00000  62.8%  23.8 2083s
 1639243 578916  120.00000  483  482  121.00000   45.00000  62.8%  23.8 2088s
 1642958 581641  120.00000  514  472  121.00000   45.00000  62.8%  23.8 2093s
 1646443 584521   99.00000   60  560  121.00000   45.00000  62.8%  23.8 2098s
 1650157 587717   50.00000   45  552  121.00000   45.00000  62.8%  23.8 2102s
 1653729 592381  119.00000  121  666  121.00000   45.00000  62.8%  23.8 2108s
 1659933 595350   90.00000   85  861  121.00000   45.00000  62.8%  23.8 2113s
 1663275 598619  110.00000  154  804  121.00000   45.00000  62.8%  23.8 2118s
 1667138 603168  114.00000  235  678  121.00000   45.00000  62.8%  23.8 2123s
 1673263 605638 infeasible  347       121.00000   45.00000  62.8%  23.8 2127s
 1676200 607808 infeasible  150       121.00000   45.00000  62.8%  23.8 2130s
 1682339 614046  117.00000  131  680  121.00000   45.00000  62.8%  23.8 2138s
 1687473 616657 infeasible   69       121.00000   45.00000  62.8%  23.8 2142s
 1690407 619973  120.00000  212  644  121.00000   45.00000  62.8%  23.8 2152s
 1695117 627906 infeasible   45       121.00000   45.00000  62.8%  23.8 2163s
 1704929 631912   54.00000   50  716  121.00000   45.00000  62.8%  23.8 2170s
 1709986 635430 infeasible  248       121.00000   45.00000  62.8%  23.8 2175s
 1714610 638412  120.00000  421  767  121.00000   45.00000  62.8%  23.8 2180s
 1718643 641469  120.00000  542  537  121.00000   45.00000  62.8%  23.8 2185s
 1725999 646844  120.00000  164  813  121.00000   45.00000  62.8%  23.8 2194s
 1729593 651883  120.00000  183  637  121.00000   45.00000  62.8%  23.8 2199s
 1736158 655069 infeasible   95       121.00000   45.00000  62.8%  23.8 2203s
 1739846 657619  120.00000  201  562  121.00000   45.00000  62.8%  23.8 2207s
 1743207 661766  118.00000   81  438  121.00000   45.00000  62.8%  23.8 2212s
 1749534 665419 infeasible  106       121.00000   45.00000  62.8%  23.8 2217s
 1753494 668566   98.00000  106  560  121.00000   45.00000  62.8%  23.8 2221s
 1757008 672875  115.00000  172  673  121.00000   45.00000  62.8%  23.8 2227s
 1762258 674150 infeasible  135       121.00000   45.00000  62.8%  23.8 2232s
 1763717 677365 infeasible  133       121.00000   45.00000  62.8%  23.8 2237s
 1767292 680675  120.00000  223  550  121.00000   45.00000  62.8%  23.8 2242s
 1771002 683691   45.00000   43  981  121.00000   45.00000  62.8%  23.8 2247s
 1774570 688535   83.00000   75  954  121.00000   45.00000  62.8%  23.8 2253s
 1781072 690486  111.00000  168  765  121.00000   45.00000  62.8%  23.8 2256s
 1786100 694860  119.00000  135  904  121.00000   45.00000  62.8%  23.8 2263s
 1788907 698981  115.00000   75  457  121.00000   45.00000  62.8%  23.8 2267s
 1794350 701167  108.00000   76  735  121.00000   45.00000  62.8%  23.8 2270s
 1799511 704456  118.00000  332  715  121.00000   45.00000  62.8%  23.8 2283s
H1799688 554255                     120.0000000   45.00000  62.5%  23.8 2283s
 1800673 557183 infeasible  415       120.00000   45.00000  62.5%  23.8 2288s
 1804174 560497  116.00000  118  472  120.00000   45.00000  62.5%  23.8 2293s
 1807866 563723  116.00000  200  499  120.00000   45.00000  62.5%  23.8 2298s
 1811486 566632  116.00000  284  428  120.00000   45.00000  62.5%  23.8 2303s
 1814915 571649  116.00000  357  428  120.00000   45.00000  62.5%  23.8 2309s
 1821221 574366 infeasible  474       120.00000   45.00000  62.5%  23.8 2314s
 1824596 577120  119.00000  119  794  120.00000   45.00000  62.5%  23.8 2318s
 1828035 580087   67.00000   40  318  120.00000   45.00000  62.5%  23.8 2323s
 1832043 582806  119.00000  215  584  120.00000   45.00000  62.5%  23.8 2327s
 1835570 586925  119.00000  347  540  120.00000   45.00000  62.5%  23.8 2332s
 1841207 589740  113.00000  101  582  120.00000   45.00000  62.5%  23.8 2336s
 1844202 592337  114.00000  186  625  120.00000   45.00000  62.5%  23.8 2340s
 1850076 597396  118.00000   90  745  120.00000   45.00000  62.5%  23.9 2349s
 1853215 601817  118.00000  141  827  120.00000   45.00000  62.5%  23.9 2354s
 1859544 602533 infeasible  215       120.00000   45.00000  62.5%  23.9 2361s
H1859563 483311                     118.0000000   45.00000  61.9%  23.9 2361s
 1863624 488278  117.00000  151  907  118.00000   45.00000  61.9%  23.9 2368s
 1866820 491094  117.00000  272  876  118.00000   45.00000  61.9%  23.9 2372s
 1870248 493557 infeasible  387       118.00000   45.00000  61.9%  23.9 2376s
 1873351 496346   99.00000   47  652  118.00000   45.00000  61.9%  23.9 2381s
 1877074 498960  117.00000  226  566  118.00000   45.00000  61.9%  23.9 2385s
 1880650 501862  117.00000  309  508  118.00000   45.00000  61.9%  23.9 2390s
 1884469 506161  117.00000  190  696  118.00000   45.00000  61.9%  23.9 2395s
 1893913 511030  117.00000  194  537  118.00000   45.00000  61.9%  23.9 2402s
 1896868 512931  117.00000  131  582  118.00000   45.00000  61.9%  23.9 2405s
 1899477 514579  104.00000   62  543  118.00000   45.00000  61.9%  23.9 2411s
 1901346 517731  104.00000   64  578  118.00000   45.00000  61.9%  24.0 2416s
 1904765 520729  105.00000   90  780  118.00000   45.00000  61.9%  24.0 2421s
 1908173 523422  115.00000  110  859  118.00000   45.00000  61.9%  24.0 2426s
 1911256 526980  115.00000  129  789  118.00000   45.00000  61.9%  24.0 2433s
 1915636 530030  115.00000  154  832  118.00000   45.00000  61.9%  24.0 2438s
 1919517 533385  115.00000  170  811  118.00000   45.00000  61.9%  24.0 2446s
 1924124 536764  115.00000  112  495  118.00000   45.00000  61.9%  24.0 2452s
 1928489 540097  117.00000  283  641  118.00000   45.00000  61.9%  24.0 2458s
 1932630 543237 infeasible  364       118.00000   45.00000  61.9%  24.0 2463s
 1936707 546023 infeasible  155       118.00000   45.00000  61.9%  24.0 2468s
 1940173 548701  117.00000  290  649  118.00000   45.00000  61.9%  24.0 2473s
 1943827 551829 infeasible  356       118.00000   45.00000  61.9%  24.0 2478s
 1947801 553253 infeasible  194       118.00000   45.00000  61.9%  24.0 2487s
 1949541 557166  117.00000  195  542  118.00000   45.00000  61.9%  24.1 2494s
 1954386 560461   99.00000   58  711  118.00000   45.00000  61.9%  24.1 2500s
 1958430 563902  115.00000  126  774  118.00000   45.00000  61.9%  24.1 2506s
 1962358 566586  115.00000  160  996  118.00000   45.00000  61.9%  24.1 2511s
 1965572 569964   46.00000   40  402  118.00000   45.00000  61.9%  24.1 2517s
 1969586 572775  117.00000  219  716  118.00000   45.00000  61.9%  24.1 2522s
 1973299 575787   88.00000   66  745  118.00000   45.00000  61.9%  24.1 2528s
 1977018 578932   59.00000   52  680  118.00000   45.00000  61.9%  24.1 2533s
 1980626 582216  107.00000  128  718  118.00000   45.00000  61.9%  24.1 2538s
 1984530 587298  117.00000  206  749  118.00000   45.00000  61.9%  24.1 2544s
 1991034 590486  117.00000  328  801  118.00000   45.00000  61.9%  24.1 2550s
 1998419 598050  117.00000  401  671  118.00000   45.00000  61.9%  24.1 2560s
 2006938 601489  117.00000  160  640  118.00000   45.00000  61.9%  24.1 2570s
 2011985 607640  117.00000  102  473  118.00000   45.00000  61.9%  24.1 2580s
 2015722 610688  117.00000  229  611  118.00000   45.00000  61.9%  24.1 2585s
 2019495 614192  116.00000  140  559  118.00000   45.00000  61.9%  24.1 2590s
 2023611 618440  117.00000  280  598  118.00000   45.00000  61.9%  24.1 2595s
 2032482 622908  117.00000  100  656  118.00000   45.00000  61.9%  24.1 2602s
 2035254 624233   45.00000   30  452  118.00000   45.00000  61.9%  24.1 2607s
 2036987 626928   45.00000   31  452  118.00000   45.00000  61.9%  24.2 2611s
 2040456 629624  116.00000   57  839  118.00000   45.00000  61.9%  24.2 2616s
 2044084 632499  117.00000  200  888  118.00000   45.00000  61.9%  24.2 2620s
 2047587 635513  114.00000   91 1041  118.00000   45.00000  61.9%  24.2 2626s
 2051025 640552  117.00000  141  959  118.00000   45.00000  61.9%  24.2 2632s
 2058034 641717  117.00000  106  514  118.00000   45.00000  61.9%  24.2 2638s
 2059446 644383  117.00000  107  598  118.00000   45.00000  61.9%  24.2 2642s
 2062838 647012  117.00000  241  520  118.00000   45.00000  61.9%  24.2 2646s
 2066239 649820  117.00000  159  804  118.00000   45.00000  61.9%  24.2 2650s
 2069707 652441  117.00000  298  730  118.00000   45.00000  61.9%  24.2 2655s
 2073061 655253  117.00000  426  551  118.00000   45.00000  61.9%  24.2 2660s
 2076783 658091 infeasible  443       118.00000   45.00000  61.9%  24.2 2665s
 2080573 662464  117.00000  142  395  118.00000   45.00000  61.9%  24.2 2670s
 2086632 664094 infeasible  182       118.00000   45.00000  61.9%  24.2 2676s
 2088482 667203  116.00000  143  596  118.00000   45.00000  61.9%  24.2 2681s
 2092062 669758  117.00000  171  876  118.00000   45.00000  61.9%  24.2 2686s
 2095559 672944   67.00000   53  353  118.00000   45.00000  61.9%  24.2 2691s
 2099437 675829  116.00000  251  420  118.00000   45.00000  61.9%  24.2 2696s
 2103199 678455  117.00000  417  484  118.00000   45.00000  61.9%  24.2 2700s
 2106772 681238  117.00000  124  683  118.00000   45.00000  61.9%  24.2 2705s
 2110437 685962  117.00000  172  654  118.00000   45.00000  61.9%  24.3 2711s
 2117391 687344 infeasible  192       118.00000   45.00000  61.9%  24.2 2716s
 2119039 690784   57.00000   40  450  118.00000   45.00000  61.9%  24.2 2721s
 2123013 693532  117.00000  194  607  118.00000   45.00000  61.9%  24.2 2725s
 2126622 696493  117.00000  174  707  118.00000   45.00000  61.9%  24.3 2730s
 2130808 699201  117.00000  340  636  118.00000   45.00000  61.9%  24.3 2735s
 2138034 704525   58.00000   46  677  118.00000   45.00000  61.9%  24.3 2743s
 2141240 707018  117.00000  186  716  118.00000   45.00000  61.9%  24.3 2747s
 2144620 709616  110.00000   67  592  118.00000   45.00000  61.9%  24.3 2754s
 2148453 713100 infeasible  371       118.00000   45.00000  61.9%  24.3 2760s
 2152510 716096  117.00000  110  577  118.00000   45.00000  61.9%  24.3 2765s
 2156124 719270  117.00000  283  602  118.00000   45.00000  61.9%  24.3 2770s
 2160094 721974 infeasible  444       118.00000   45.00000  61.9%  24.3 2775s
 2167488 728565  117.00000  146  697  118.00000   45.00000  61.9%  24.3 2784s
 2171535 733106   90.00000   41  573  118.00000   45.00000  61.9%  24.3 2789s
 2178295 736458   51.00000   43  646  118.00000   45.00000  61.9%  24.3 2794s
 2182044 739703   94.00000   58  766  118.00000   45.00000  61.9%  24.3 2799s
 2185825 741253   94.00000  125  764  118.00000   45.00000  61.9%  24.3 2807s
 2187751 744961  107.00000  207  712  118.00000   45.00000  61.9%  24.3 2814s
 2192289 748499 infeasible   71       118.00000   45.00000  61.9%  24.4 2820s
 2196293 752363  102.00000  162  706  118.00000   45.00000  61.9%  24.4 2826s
 2200567 756813  113.00000  241  667  118.00000   45.00000  61.9%  24.3 2832s
 2206053 760170  116.00000  180  886  118.00000   45.00000  61.9%  24.3 2836s
 2210070 764529  117.00000  385  816  118.00000   45.00000  61.9%  24.3 2842s
 2216196 767037   80.00000   48  630  118.00000   45.00000  61.9%  24.3 2845s
 2223130 772527   89.00000   51  705  118.00000   45.00000  61.9%  24.3 2853s
 2225602 775234   92.00000  112  821  118.00000   45.00000  61.9%  24.3 2857s
 2228511 777204   96.00000  177  789  118.00000   45.00000  61.9%  24.3 2862s
H2228985 601815                     117.0000000   45.00000  61.5%  24.3 2862s
 2231264 604023  109.00000  187  751  117.00000   45.00000  61.5%  24.3 2867s
 2234610 607354  115.00000  250  707  117.00000   45.00000  61.5%  24.4 2872s
 2238617 610077  115.00000  334  588  117.00000   45.00000  61.5%  24.4 2877s
 2242254 613287  115.00000  402  621  117.00000   45.00000  61.5%  24.4 2882s
 2246290 617789  115.00000  473  518  117.00000   45.00000  61.5%  24.4 2888s
 2253188 620171  116.00000  593  470  117.00000   45.00000  61.5%  24.4 2893s
 2255990 622827  116.00000  616  481  117.00000   45.00000  61.5%  24.4 2897s
 2259280 626061  116.00000  666  421  117.00000   45.00000  61.5%  24.4 2902s
 2263202 629964  116.00000  711  387  117.00000   45.00000  61.5%  24.4 2910s
 2268724 633406  107.00000  113  786  117.00000   45.00000  61.5%  24.4 2915s
 2272947 636460 infeasible  223       117.00000   45.00000  61.5%  24.4 2920s
 2276777 639374  116.00000  201  598  117.00000   45.00000  61.5%  24.4 2925s
 2280624 642029  100.00000   58  685  117.00000   45.00000  61.5%  24.4 2930s
 2284179 644176  116.00000  258  613  117.00000   45.00000  61.5%  24.4 2935s
 2286629 647225  116.00000  392  512  117.00000   45.00000  61.5%  24.4 2940s
 2290202 650442  115.00000   79  747  117.00000   45.00000  61.5%  24.4 2945s
 2294065 653058   46.00000   33  663  117.00000   45.00000  61.5%  24.4 2950s
 2297601 657701  115.00000  204  635  117.00000   45.00000  61.5%  24.4 2955s
 2303831 659362   59.00000   50  482  117.00000   45.00000  61.5%  24.4 2961s
H2304882 563916                     116.0000000   45.00000  61.2%  24.4 2961s
 2305961 566600  102.00000   85  676  116.00000   45.00000  61.2%  24.4 2966s
 2309572 569453   81.00000  123  829  116.00000   45.00000  61.2%  24.4 2971s
 2313279 572468   92.00000  143 1025  116.00000   45.00000  61.2%  24.5 2976s
 2317100 575151   99.00000  164 1181  116.00000   45.00000  61.2%  24.5 2980s
 2320608 577875  113.00000  227 1019  116.00000   45.00000  61.2%  24.5 2985s
 2324058 579586  114.00000  278 1000  116.00000   45.00000  61.2%  24.5 2993s
 2326257 582745 infeasible  344       116.00000   45.00000  61.2%  24.5 2999s
 2330380 583319  115.00000  441  751  116.00000   45.00000  61.2%  24.5 3000s

Cutting planes:
  Gomory: 31
  Cover: 3
  Implied bound: 1
  MIR: 27
  StrongCG: 7
  Flow cover: 114
  Zero half: 9

Explored 2331082 nodes (57920832 simplex iterations) in 3000.02 seconds (1658.07 work units)
Thread count was 24 (of 24 available processors)

Solution count 10: 116 117 118 ... 128

Time limit reached
Best objective 1.160000000000e+02, best bound 4.500000000000e+01, gap 61.2069%
