200 143
0 : 6 9 4 6 -0
1 : 13 39 2 4 -0
2 : 52 33 110 45 1
3 : 54 -0 1 15 1
4 : -0 102 2 4 -0
5 : 194 -0 6 3 -0
6 : 9 29 1 27 -0
7 : 108 6 4 23 1
8 : 38 72 9 14 1
9 : 187 42 1 11 1
10 : 11 -0 15 2 1
11 : 162 61 18 24 1
12 : 13 1 8 1 1
13 : 128 103 15 40 0
14 : 1 15 7 14 -0
15 : -0 2 11 4 1
16 : -0 -0 1 2 -0
17 : 198 89 37 2 1
18 : 1 33 20 8 1
19 : 17 11 12 9 1
20 : 183 111 15 15 0
21 : 97 71 14 20 1
22 : 3 63 4 27 0
23 : -0 33 1 18 -0
24 : 127 31 22 14 1
25 : 172 103 23 7 1
26 : 11 43 5 3 1
27 : 17 23 5 22 1
28 : 192 56 6 25 -0
29 : 102 85 14 58 0
30 : 162 31 17 9 1
31 : 1 -0 3 2 -0
32 : 24 -0 1 20 1
33 : 14 -0 8 3 1
34 : 27 70 18 8 1
35 : 1 53 20 2 1
36 : 35 4 6 19 -0
37 : 17 1 67 3 -0
38 : 11 83 10 8 1
39 : 27 4 8 9 -0
40 : 171 82 21 11 1
41 : 31 13 4 5 -0
42 : 162 -0 4 16 1
43 : 20 48 17 22 -0
44 : 97 41 20 30 0
45 : 195 19 14 5 1
46 : 40 43 12 22 -0
47 : 26 28 20 5 1
48 : 19 70 4 11 -0
49 : 11 61 7 4 1
50 : 19 88 33 32 1
51 : 173 42 19 9 1
52 : 41 4 27 16 -0
53 : 177 19 18 5 1
54 : 182 48 8 16 1
55 : 10 81 8 1 1
56 : -0 29 4 3 1
57 : 91 3 3 71 1
58 : 102 -0 41 1 0
59 : 11 68 15 5 1
60 : 7 107 33 4 1
61 : 68 6 5 17 1
62 : 13 29 4 9 -0
63 : 176 126 3 24 1
64 : 187 19 11 8 1
65 : 6 2 6 5 1
66 : 117 53 50 27 1
67 : 144 86 25 16 -0
68 : 68 11 22 29 1
69 : 15 119 4 24 -0
70 : 47 25 8 21 1
71 : 16 64 6 2 1
72 : 19 39 9 7 1
73 : 4 -0 14 2 1
74 : 88 -0 14 3 -0
75 : 37 121 15 22 -0
76 : 2 103 1 8 -0
77 : 178 -0 7 16 1
78 : 162 7 3 10 1
79 : 182 19 21 5 1
80 : 0 56 1 9 -0
81 : 114 10 4 45 1
82 : 10 93 14 1 1
83 : 144 102 41 18 1
84 : 97 14 27 30 1
85 : 3 56 7 7 0
86 : 1 90 6 6 0
87 : -0 111 7 32 -0
88 : -0 96 4 3 1
89 : 127 19 44 12 -0
90 : -0 100 1 2 -0
91 : 14 8 12 3 -0
92 : 162 121 22 10 1
93 : 8 80 27 2 1
94 : 131 14 5 63 1
95 : 147 31 23 15 1
96 : 19 81 7 7 0
97 : 194 129 14 4 1
98 : 187 33 9 12 1
99 : 194 3 3 6 1
