
Gurobi 10.0.0 (linux64, C++) logging started Wed Dec 14 15:59:35 2022

Set parameter Username
Set parameter TimeLimit to value 7000
Set parameter LogFile to value "./log/milp-50b-7000s-verbose.log"
Academic license - for non-commercial use only - expires 2023-12-06
Gurobi Optimizer version 10.0.0 build v10.0.0rc2 (linux64)

CPU model: 12th Gen Intel(R) Core(TM) i9-12900, instruction set [SSE2|AVX|AVX2]
Thread count: 24 physical cores, 24 logical processors, using up to 24 threads

Optimize a model with 5100 rows, 2601 columns and 24450 nonzeros
Model fingerprint: 0x1bb5ba75
Variable types: 0 continuous, 2601 integer (2500 binary)
Coefficient statistics:
  Matrix range     [1e+00, 4e+02]
  Objective range  [1e+00, 1e+00]
  Bounds range     [1e+00, 1e+00]
  RHS range        [1e+00, 8e+02]
Presolve removed 104 rows and 4 columns
Presolve time: 0.06s
Presolved: 4996 rows, 2597 columns, 24346 nonzeros
Variable types: 0 continuous, 2597 integer (2496 binary)

Root relaxation: objective 2.300000e+01, 1002 iterations, 0.01 seconds (0.03 work units)

    Nodes    |    Current Node    |     Objective Bounds      |     Work
 Expl Unexpl |  Obj  Depth IntInf | Incumbent    BestBd   Gap | It/Node Time

     0     0   23.00000    0   50          -   23.00000      -     -    0s
H    0     0                      88.0000000   23.00000  73.9%     -    0s
H    0     0                      64.0000000   23.00000  64.1%     -    0s
     0     0   23.00000    0  188   64.00000   23.00000  64.1%     -    0s
H    0     0                      63.0000000   23.00000  63.5%     -    0s
     0     0   23.00000    0  253   63.00000   23.00000  63.5%     -    0s
     0     0   23.00000    0   70   63.00000   23.00000  63.5%     -    0s
     0     0   23.00000    0   72   63.00000   23.00000  63.5%     -    0s
     0     0   23.00000    0   47   63.00000   23.00000  63.5%     -    0s
     0     0   23.00000    0   76   63.00000   23.00000  63.5%     -    0s
     0     0   23.00000    0   58   63.00000   23.00000  63.5%     -    0s
     0     0   23.00000    0  136   63.00000   23.00000  63.5%     -    0s
     0     0   23.00000    0   57   63.00000   23.00000  63.5%     -    0s
     0     0   23.00000    0  100   63.00000   23.00000  63.5%     -    0s
     0     0   23.00000    0   48   63.00000   23.00000  63.5%     -    1s
     0     0   23.00000    0   38   63.00000   23.00000  63.5%     -    1s
     0     2   23.00000    0   33   63.00000   23.00000  63.5%     -    1s
H  113   123                      61.0000000   23.00000  62.3%  66.9    1s
H 2231  2592                      60.0000000   23.00000  61.7%  32.1    2s
H 3602  2895                      59.0000000   23.00000  61.0%  24.1    3s
H 5347  3617                      58.0000000   23.00000  60.3%  22.1    3s
H 5432  3703                      57.0000000   23.00000  59.6%  21.9    3s
H 6023  3843                      56.0000000   23.00000  58.9%  22.2    3s
H 6332  3153                      53.0000000   23.00000  56.6%  22.1    3s
H 6334  2971                      52.0000000   23.00000  55.8%  22.1    3s
H 6337  2824                      51.0000000   23.00000  54.9%  22.1    4s
H 6339  2684                      50.0000000   23.00000  54.0%  22.1    4s
H 6345  2553                      49.0000000   23.00000  53.1%  22.1    4s
  6347  2554   27.00000   47  188   49.00000   23.00000  53.1%  22.1    5s
H 6353  2430                      48.0000000   23.00000  52.1%  22.0    5s
H 6459  2402                      47.0000000   23.00000  51.1%  26.5    8s
 11088  5617   36.00000   89  177   47.00000   23.00000  51.1%  23.1   10s
H14776  4769                      46.0000000   23.00000  50.0%  20.6   10s
H22501  8060                      45.0000000   23.00000  48.9%  18.6   12s
H36529 10822                      44.0000000   23.00000  47.7%  16.4   14s
 36745 11861   40.00000   40  209   44.00000   23.00000  47.7%  16.4   15s
 60687 31140 infeasible   80        44.00000   23.00000  47.7%  14.3   20s
 89041 54641   42.00000   96  206   44.00000   23.00000  47.7%  14.3   25s
 111845 73461   43.00000  297   55   44.00000   23.00000  47.7%  14.3   30s
 130116 88356   42.00000   71  244   44.00000   23.00000  47.7%  14.4   35s
 153784 104827   33.00000   35  160   44.00000   23.00000  47.7%  14.2   40s
 174461 119541   41.00000  192  162   44.00000   23.00000  47.7%  14.2   47s
 182379 127082   43.00000  105  140   44.00000   23.00000  47.7%  14.2   50s
 199136 140934   43.00000  199   86   44.00000   23.00000  47.7%  14.3   55s
 218801 156185   42.00000  154  206   44.00000   23.00000  47.7%  14.4   60s
 241960 175223   34.00000   45  128   44.00000   23.00000  47.7%  14.4   65s
 263976 190587   43.00000  212  101   44.00000   23.00000  47.7%  14.4   70s
 290494 210069   42.00000  121  238   44.00000   23.00000  47.7%  14.3   75s
 311484 224423   38.00000   49  142   44.00000   23.00000  47.7%  14.3   80s
H327322 99893                      43.0000000   23.00000  46.5%  14.3   82s
 338278 107585   42.00000   75  164   43.00000   23.00000  46.5%  14.3   85s
 361634 124700   35.00000   35  232   43.00000   23.00000  46.5%  14.5   90s
 379042 139838   41.00000  119  144   43.00000   23.00000  46.5%  14.5   95s
 393267 149050   42.00000  101  241   43.00000   23.00000  46.5%  14.6  100s
 416296 164428   42.00000   99  237   43.00000   23.00000  46.5%  14.6  105s
 426377 172109   39.00000   48  221   43.00000   23.00000  46.5%  14.6  110s
 447899 187746   42.00000  112  159   43.00000   23.00000  46.5%  14.6  115s
 466228 201288   34.00000   33   88   43.00000   23.00000  46.5%  14.7  121s
 486516 216752   42.00000   76  155   43.00000   23.00000  46.5%  14.7  125s
 505333 229882   42.00000  248  101   43.00000   23.00000  46.5%  14.7  130s
 524418 242967   42.00000   81  168   43.00000   23.00000  46.5%  14.8  135s
 543185 256677   42.00000  255   87   43.00000   23.00000  46.5%  14.8  140s
 562946 270722 infeasible  183        43.00000   23.00000  46.5%  14.9  146s
 578348 282431   41.00000   56  169   43.00000   23.00000  46.5%  14.9  150s
 598368 297003   42.00000  197  111   43.00000   23.00000  46.5%  15.0  155s
 621302 312871   24.00000   39  118   43.00000   23.00000  46.5%  15.1  160s
 640579 327474   41.00000   63  130   43.00000   23.00000  46.5%  15.1  167s
 652448 336051   42.00000  119  188   43.00000   23.00000  46.5%  15.1  170s
 674209 352866   42.00000   88  214   43.00000   23.00000  46.5%  15.1  175s
 693494 366363   42.00000   75  195   43.00000   23.00000  46.5%  15.1  180s
 708719 377929   42.00000  183  151   43.00000   23.00000  46.5%  15.2  185s
 730544 392522   42.00000   77  201   43.00000   23.00000  46.5%  15.2  190s
 747877 405519   42.00000  244   95   43.00000   23.00000  46.5%  15.3  195s
 763916 416814   42.00000  146  214   43.00000   23.00000  46.5%  15.3  200s
 782918 430277   41.00000   78  194   43.00000   23.00000  46.5%  15.3  205s
 801130 444228   40.00000   88  214   43.00000   23.00000  46.5%  15.4  210s
H814881 207423                      42.0000000   23.00000  45.2%  15.4  214s
 820264 210366   36.00000   39  286   42.00000   23.00000  45.2%  15.4  217s
 829663 217658   41.00000  136  145   42.00000   23.00000  45.2%  15.4  220s
 847437 229742   41.00000  239  100   42.00000   23.00000  45.2%  15.5  226s
 860276 238301   24.00000   52  185   42.00000   23.00000  45.2%  15.5  232s
 862218 247998   40.00000   65  178   42.00000   23.00000  45.2%  15.5  235s
 891000 260237   41.00000  125  215   42.00000   23.00000  45.2%  15.6  240s
 906812 271959   38.00000   55  148   42.00000   23.00000  45.2%  15.6  245s
 926876 285180   40.00000   38  239   42.00000   23.00000  45.2%  15.7  250s
 942488 295351   41.00000   88  167   42.00000   23.00000  45.2%  15.7  256s
 959527 308244   40.00000   52  159   42.00000   24.00000  42.9%  15.7  260s
 981698 324412 infeasible  228        42.00000   24.00000  42.9%  15.8  265s
 1004683 340366   41.00000  106  261   42.00000   24.00000  42.9%  15.8  270s
 1031862 358260   39.00000  183  169   42.00000   24.00000  42.9%  15.7  275s
 1059848 376568 infeasible  114        42.00000   24.00000  42.9%  15.6  280s
 1087360 395749 infeasible  164        42.00000   24.00000  42.9%  15.6  285s
 1112861 412458   37.00000   30  134   42.00000   24.00000  42.9%  15.6  290s
 1139457 429897   38.00000   42  182   42.00000   24.00000  42.9%  15.6  295s
 1163438 449143   38.00000   47  237   42.00000   24.00000  42.9%  15.5  300s
 1197422 468208 infeasible   62        42.00000   24.00000  42.9%  15.5  305s
 1222200 486140   39.00000   39  144   42.00000   24.00000  42.9%  15.5  310s
 1245293 503999   33.00000   36  126   42.00000   24.00000  42.9%  15.4  315s
 1277072 521094   41.00000   61  166   42.00000   24.00000  42.9%  15.4  320s
 1300728 537909 infeasible  163        42.00000   24.00000  42.9%  15.4  325s
 1326428 555857 infeasible   47        42.00000   24.00000  42.9%  15.3  330s
 1352493 575022   41.00000   56  159   42.00000   24.00000  42.9%  15.3  335s
 1379223 591695   41.00000   93  202   42.00000   24.00000  42.9%  15.3  340s
 1406373 607857   41.00000   72  184   42.00000   24.00000  42.9%  15.3  345s
 1427855 622852   41.00000  170  153   42.00000   24.00000  42.9%  15.3  350s
 1454175 640395   40.00000   65  207   42.00000   24.00000  42.9%  15.3  355s
 1479398 657063   38.00000   60  184   42.00000   24.00000  42.9%  15.2  360s
 1509395 676137   40.00000  105  208   42.00000   24.00000  42.9%  15.2  365s
 1534757 693040   35.00000   52  192   42.00000   24.00000  42.9%  15.2  370s
 1561467 710886   41.00000  118  253   42.00000   24.00000  42.9%  15.2  375s
 1587824 728764   41.00000  124  164   42.00000   24.00000  42.9%  15.2  380s
 1615983 747016   41.00000   90  164   42.00000   24.00000  42.9%  15.1  385s
 1642144 764414   41.00000  102  158   42.00000   24.00000  42.9%  15.1  390s
 1669783 780959   41.00000  229  198   42.00000   24.00000  42.9%  15.1  395s
 1690697 796659   40.00000   89  173   42.00000   24.00000  42.9%  15.1  400s
 1717429 813941 infeasible  119        42.00000   24.00000  42.9%  15.1  405s
 1739903 829593   41.00000  125  213   42.00000   25.00000  40.5%  15.1  410s
 1767623 848995   40.00000   53  123   42.00000   25.00000  40.5%  15.0  415s
 1793374 866358   40.00000   55  306   42.00000   25.00000  40.5%  15.0  420s
 1816888 883270   41.00000  118  191   42.00000   25.00000  40.5%  15.0  425s
 1843800 901525   41.00000  142  248   42.00000   25.00000  40.5%  15.0  430s
 1870713 919318   41.00000  108  265   42.00000   25.00000  40.5%  15.0  435s
 1896708 935474   41.00000  243  122   42.00000   25.00000  40.5%  14.9  440s
 1919853 951608   41.00000   53  274   42.00000   25.00000  40.5%  14.9  445s
 1945447 968445   41.00000  120  148   42.00000   25.00000  40.5%  14.9  450s
 1967778 982778   40.00000   64  178   42.00000   25.00000  40.5%  14.9  455s
 1995886 1001023   35.00000   51  155   42.00000   26.00000  38.1%  14.8  460s
 2024087 1019268   35.00000   38  115   42.00000   26.00000  38.1%  14.8  465s
 2048849 1037772   41.00000  200  168   42.00000   26.00000  38.1%  14.8  470s
 2078612 1055046   41.00000  111  213   42.00000   26.00000  38.1%  14.8  475s
 2102396 1072529   41.00000  160  190   42.00000   26.00000  38.1%  14.7  480s
 2133308 1091492 infeasible  107        42.00000   26.00000  38.1%  14.7  485s
 2159970 1109666   41.00000  148  156   42.00000   27.00000  35.7%  14.7  490s
 2184831 1126597   40.00000  107  193   42.00000   27.00000  35.7%  14.7  495s
 2206275 1143174   41.00000  183  176   42.00000   27.00000  35.7%  14.7  500s
 2235498 1160145 infeasible  168        42.00000   27.00000  35.7%  14.7  505s
 2263014 1176160   41.00000  129  122   42.00000   27.00000  35.7%  14.7  510s
 2286128 1196847   32.00000   51  171   42.00000   28.00000  33.3%  14.7  515s
 2317482 1213118 infeasible  118        42.00000   28.00000  33.3%  14.6  520s
 2340161 1232029   41.00000  125  192   42.00000   28.00000  33.3%  14.6  525s
 2370491 1249005   38.00000   41  176   42.00000   28.00000  33.3%  14.6  530s
 2394074 1266996   40.00000   68  234   42.00000   28.00000  33.3%  14.6  535s
 2425896 1284654 infeasible  221        42.00000   28.00000  33.3%  14.6  540s
 2458323 1304046   41.00000  109  175   42.00000   28.00000  33.3%  14.5  545s
 2488362 1323425   38.00000   47  147   42.00000   28.00000  33.3%  14.5  550s
 2514078 1339713   39.00000  100  246   42.00000   28.00000  33.3%  14.5  555s
 2543237 1358441   41.00000   68  130   42.00000   28.00000  33.3%  14.5  560s
 2566970 1377771   41.00000  209  116   42.00000   28.00000  33.3%  14.5  565s
 2597209 1394133 infeasible   87        42.00000   28.00000  33.3%  14.5  570s
 2620354 1412614   40.00000   49  197   42.00000   28.00000  33.3%  14.5  575s
 2650971 1427583   41.00000   73  208   42.00000   28.00000  33.3%  14.5  580s
 2678716 1446017 infeasible  114        42.00000   28.00000  33.3%  14.4  585s
 2708169 1464094 infeasible   52        42.00000   28.00000  33.3%  14.4  590s
 2733989 1483088   41.00000  107  184   42.00000   28.00000  33.3%  14.4  595s
 2764090 1500668   41.00000   97  141   42.00000   28.00000  33.3%  14.4  600s
 2794060 1519590   39.00000   76  216   42.00000   28.00000  33.3%  14.4  605s
 2825260 1538820   41.00000  115  148   42.00000   28.00000  33.3%  14.4  610s
 2852775 1556836   37.00000   51  199   42.00000   28.00000  33.3%  14.3  615s
 2879278 1576124   40.00000  132  208   42.00000   28.00000  33.3%  14.3  620s
 2905625 1592132   40.00000   38  167   42.00000   28.00000  33.3%  14.3  625s
 2933162 1609408   41.00000  105  129   42.00000   28.00000  33.3%  14.3  630s
 2960254 1628229   41.00000  148  201   42.00000   28.00000  33.3%  14.3  635s
 2993065 1650355   38.00000   57  225   42.00000   28.00000  33.3%  14.3  640s
 3021740 1665657 infeasible  107        42.00000   28.00000  33.3%  14.2  645s
 3047397 1684668   41.00000  121  160   42.00000   28.00000  33.3%  14.2  650s
 3077083 1703624   38.00000   87  217   42.00000   28.00000  33.3%  14.2  655s
 3105867 1719606   39.00000   75  291   42.00000   28.00000  33.3%  14.2  660s
 3128853 1734294   39.00000   68  251   42.00000   28.00000  33.3%  14.2  665s
 3159901 1754703 infeasible   89        42.00000   28.00000  33.3%  14.2  670s
 3183688 1770512 infeasible  111        42.00000   28.00000  33.3%  14.2  675s
 3209808 1786671   41.00000  125  222   42.00000   28.00000  33.3%  14.2  680s
 3235734 1806852   38.00000  107  180   42.00000   28.00000  33.3%  14.2  685s
 3264866 1822389 infeasible   78        42.00000   28.00000  33.3%  14.2  690s
 3288709 1837437 infeasible  124        42.00000   28.00000  33.3%  14.2  695s
 3318565 1856723   40.00000   56  183   42.00000   28.00000  33.3%  14.1  700s
 3345633 1874375   41.00000  132  231   42.00000   28.00000  33.3%  14.1  705s
 3368991 1889491   41.00000  125  176   42.00000   28.00000  33.3%  14.1  710s
 3399719 1908841   35.00000  110  244   42.00000   28.00000  33.3%  14.1  715s
 3424227 1924817   41.00000  151  159   42.00000   28.00000  33.3%  14.1  720s
 3454846 1943826 infeasible  149        42.00000   28.00000  33.3%  14.1  725s
 3484810 1961360 infeasible   93        42.00000   28.00000  33.3%  14.1  730s
 3509909 1978468   41.00000  205  156   42.00000   28.00000  33.3%  14.1  735s
 3541686 1997400 infeasible  208        42.00000   28.00000  33.3%  14.1  740s
 3569623 2017194   40.00000   72  180   42.00000   28.00000  33.3%  14.0  745s
 3595886 2031204   41.00000  122  193   42.00000   28.00000  33.3%  14.0  750s
 3627284 2051811   41.00000   52  205   42.00000   28.00000  33.3%  14.0  755s
 3653861 2068314   40.00000  128  192   42.00000   28.00000  33.3%  14.0  760s
 3680642 2087920   39.00000   74  249   42.00000   28.00000  33.3%  14.0  765s
 3708695 2103860   41.00000  127  245   42.00000   28.00000  33.3%  14.0  770s
 3732914 2121030   33.00000   58  247   42.00000   28.00000  33.3%  14.0  775s
 3760286 2137056   41.00000  214   78   42.00000   28.00000  33.3%  14.0  780s
 3786009 2151628   41.00000  142  224   42.00000   28.00000  33.3%  14.0  785s
 3816825 2171497   41.00000  249  156   42.00000   28.00000  33.3%  14.0  790s
 3839667 2188062   41.00000  104  259   42.00000   28.00000  33.3%  14.0  795s
 3868033 2206818   41.00000  149  164   42.00000   28.00000  33.3%  13.9  800s
 3895993 2222185   41.00000  109  186   42.00000   28.00000  33.3%  13.9  805s
 3920939 2237788   41.00000   87  164   42.00000   28.00000  33.3%  13.9  810s
 3945197 2255410   41.00000  102  258   42.00000   28.00000  33.3%  13.9  815s
 3978453 2276537   41.00000  192  158   42.00000   28.00000  33.3%  13.9  820s
 4003463 2290764   41.00000  189  150   42.00000   28.00000  33.3%  13.9  825s
 4029840 2309921   40.00000   80  176   42.00000   28.00000  33.3%  13.9  830s
 4058628 2327700   41.00000   85  296   42.00000   28.00000  33.3%  13.9  835s
 4080458 2343892   41.00000  125  120   42.00000   28.00000  33.3%  13.9  840s
 4108859 2361537   41.00000  160  136   42.00000   28.00000  33.3%  13.9  845s
 4138031 2378596   34.00000   69  264   42.00000   28.00000  33.3%  13.9  850s
 4170728 2397788   41.00000  106  151   42.00000   28.00000  33.3%  13.9  855s
 4194960 2413714   41.00000  113  182   42.00000   28.00000  33.3%  13.9  860s
 4224160 2432068   37.00000   66  142   42.00000   28.00000  33.3%  13.9  865s
 4250053 2452865   41.00000  157  186   42.00000   28.00000  33.3%  13.9  870s
 4277672 2466722   41.00000   84  226   42.00000   28.00000  33.3%  13.9  875s
 4307445 2484700   41.00000  111  203   42.00000   28.00000  33.3%  13.8  880s
 4337509 2503301   41.00000   61  201   42.00000   28.00000  33.3%  13.8  885s
 4362971 2521514   41.00000  134  184   42.00000   28.00000  33.3%  13.8  890s
 4390431 2538311   41.00000   86  151   42.00000   28.00000  33.3%  13.8  895s
 4414340 2554386   39.00000   76  211   42.00000   28.00000  33.3%  13.8  900s
 4443137 2572210   41.00000  124  205   42.00000   28.00000  33.3%  13.8  905s
 4466786 2588887 infeasible  218        42.00000   28.00000  33.3%  13.8  910s
 4492417 2607055   41.00000  257  134   42.00000   28.00000  33.3%  13.8  915s
 4524469 2627773   40.00000   90  170   42.00000   28.00000  33.3%  13.8  920s
 4556600 2643576   41.00000  129  154   42.00000   28.00000  33.3%  13.8  925s
 4587797 2663399   41.00000   67  202   42.00000   28.00000  33.3%  13.8  930s
 4617047 2681638   36.00000   51  162   42.00000   28.00000  33.3%  13.8  935s
 4641417 2698955   41.00000  209   76   42.00000   28.00000  33.3%  13.8  940s
 4671266 2717517 infeasible  156        42.00000   28.00000  33.3%  13.8  945s
 4697157 2735024   41.00000  100  221   42.00000   28.00000  33.3%  13.8  950s
 4725341 2752693   41.00000   57  169   42.00000   28.00000  33.3%  13.8  955s
 4752436 2769916   37.00000   67  252   42.00000   28.00000  33.3%  13.8  960s
 4774747 2788854   41.00000   86  211   42.00000   28.00000  33.3%  13.8  965s
 4808451 2806939   38.00000   51  211   42.00000   28.00000  33.3%  13.7  970s
 4835729 2824534 infeasible  211        42.00000   28.00000  33.3%  13.7  975s
 4862371 2842017   35.00000   60  244   42.00000   28.00000  33.3%  13.7  980s
 4889901 2859270 infeasible  101        42.00000   28.00000  33.3%  13.7  985s
 4913184 2876464   41.00000  173  126   42.00000   28.00000  33.3%  13.7  990s
 4941126 2892623   41.00000  186  164   42.00000   28.00000  33.3%  13.7  995s
 4970719 2911868   41.00000   54  202   42.00000   28.00000  33.3%  13.7 1000s
 4991825 2926563   41.00000   67  178   42.00000   28.00000  33.3%  13.7 1005s
 5021469 2944803 infeasible  105        42.00000   28.00000  33.3%  13.7 1010s
 5046879 2961275 infeasible  115        42.00000   28.00000  33.3%  13.7 1015s
 5074338 2978860 infeasible  246        42.00000   28.00000  33.3%  13.7 1020s
 5099037 2996208   40.00000   54  161   42.00000   28.00000  33.3%  13.7 1025s
 5122678 3012330   40.00000  119  245   42.00000   28.00000  33.3%  13.7 1030s
 5151459 3030529 infeasible  154        42.00000   28.00000  33.3%  13.7 1035s
 5178504 3047763 infeasible   96        42.00000   28.00000  33.3%  13.7 1040s
 5201072 3065426   41.00000  221   86   42.00000   28.00000  33.3%  13.7 1045s
 5234440 3083396   41.00000   50  193   42.00000   28.00000  33.3%  13.7 1050s
 5257521 3097988 infeasible  146        42.00000   28.00000  33.3%  13.7 1057s
 5269448 3107545   41.00000  147  140   42.00000   28.00000  33.3%  13.7 1060s
 5291489 3123096   40.00000  169  189   42.00000   28.00000  33.3%  13.7 1065s
 5317928 3143345   41.00000   69  142   42.00000   28.00000  33.3%  13.7 1070s
 5348332 3159410   41.00000   51  188   42.00000   28.00000  33.3%  13.7 1075s
 5374412 3176142   41.00000   78  127   42.00000   28.00000  33.3%  13.7 1080s
 5404424 3195891 infeasible   75        42.00000   28.00000  33.3%  13.7 1085s
 5431048 3212343 infeasible  239        42.00000   28.00000  33.3%  13.7 1090s
 5453953 3227570   36.00000   55  233   42.00000   28.00000  33.3%  13.7 1095s
 5487169 3247627   38.00000   56  173   42.00000   28.00000  33.3%  13.7 1100s
 5511668 3264087   41.00000   69  209   42.00000   28.00000  33.3%  13.7 1105s
 5541504 3282567   41.00000  116  145   42.00000   28.00000  33.3%  13.7 1110s
 5569352 3301042   41.00000  110  265   42.00000   28.00000  33.3%  13.7 1115s
 5601413 3320339   41.00000  106  149   42.00000   28.00000  33.3%  13.7 1120s
 5628529 3338232   37.00000   51  233   42.00000   28.00000  33.3%  13.7 1125s
 5656805 3357453 infeasible   51        42.00000   28.00000  33.3%  13.7 1130s
 5686161 3378539   41.00000  190  118   42.00000   28.00000  33.3%  13.7 1135s
 5712925 3394722   41.00000   96  238   42.00000   28.00000  33.3%  13.7 1140s
 5743812 3412282 infeasible  100        42.00000   28.00000  33.3%  13.7 1145s
 5773301 3430303   41.00000  129  240   42.00000   28.00000  33.3%  13.7 1150s
 5798675 3449504   38.00000   53  200   42.00000   28.00000  33.3%  13.7 1155s
 5830671 3466865   39.00000   80  231   42.00000   28.00000  33.3%  13.7 1160s
 5859728 3485602   39.00000   98  226   42.00000   28.00000  33.3%  13.7 1165s
 5886539 3503572   41.00000   92  198   42.00000   28.00000  33.3%  13.7 1170s
 5910573 3519942   37.00000   93  216   42.00000   28.00000  33.3%  13.7 1175s
 5942886 3539018   28.00000   58  201   42.00000   28.00000  33.3%  13.7 1180s
 5969834 3556278   41.00000  222  121   42.00000   28.00000  33.3%  13.7 1185s
 6000952 3574969   41.00000   66  254   42.00000   28.00000  33.3%  13.7 1190s
 6029227 3593097   41.00000  172  119   42.00000   28.00000  33.3%  13.7 1195s
 6059813 3612169 infeasible  161        42.00000   28.00000  33.3%  13.7 1200s
 6086538 3631874   41.00000  151  222   42.00000   28.00000  33.3%  13.7 1205s
 6116174 3648397   41.00000  131  218   42.00000   28.00000  33.3%  13.7 1210s
 6141063 3663875   41.00000   94  194   42.00000   28.00000  33.3%  13.7 1215s
 6168577 3681391   38.00000   44  266   42.00000   28.00000  33.3%  13.7 1220s
 6195877 3699289   41.00000   84  293   42.00000   28.00000  33.3%  13.7 1225s
 6219982 3714393   39.00000   99  258   42.00000   28.00000  33.3%  13.6 1230s
 6247158 3732616   41.00000   76  190   42.00000   28.00000  33.3%  13.6 1235s
 6274637 3748964   40.00000  171  203   42.00000   28.00000  33.3%  13.6 1240s
 6298002 3764384   41.00000  102  281   42.00000   28.00000  33.3%  13.6 1245s
 6326822 3782058   41.00000  107  288   42.00000   28.00000  33.3%  13.6 1250s
 6352117 3798487   41.00000  150  177   42.00000   28.00000  33.3%  13.6 1255s
 6376939 3816651   41.00000  126  154   42.00000   28.00000  33.3%  13.6 1260s
 6404126 3830872   41.00000   86  175   42.00000   28.00000  33.3%  13.6 1265s
 6431048 3851982   41.00000  135  223   42.00000   28.00000  33.3%  13.6 1270s
 6460649 3866585   41.00000  113  165   42.00000   28.00000  33.3%  13.6 1275s
 6482681 3882420   29.00000   50  195   42.00000   28.00000  33.3%  13.6 1280s
 6513195 3902996   41.00000   91  199   42.00000   28.00000  33.3%  13.6 1285s
 6539997 3917331 infeasible  148        42.00000   28.00000  33.3%  13.6 1290s
 6567019 3936200   41.00000  288   98   42.00000   28.00000  33.3%  13.6 1295s
 6590212 3953509   36.00000   46  144   42.00000   28.00000  33.3%  13.6 1300s
 6619548 3969875 infeasible  141        42.00000   28.00000  33.3%  13.6 1305s
 6651028 3988190 infeasible   83        42.00000   28.00000  33.3%  13.6 1310s
 6671592 4003472   41.00000  111  233   42.00000   28.00000  33.3%  13.6 1315s
 6698790 4023641   41.00000  129  259   42.00000   28.00000  33.3%  13.6 1320s
 6727104 4038820 infeasible   80        42.00000   28.00000  33.3%  13.6 1325s
 6754146 4056413   40.00000   72  244   42.00000   28.00000  33.3%  13.6 1330s
 6778033 4073221   39.00000   57  190   42.00000   28.00000  33.3%  13.6 1335s
 6809325 4091772   41.00000   72  123   42.00000   28.00000  33.3%  13.6 1340s
 6835400 4108858   41.00000  107  194   42.00000   28.00000  33.3%  13.6 1345s
 6861532 4125931 infeasible   75        42.00000   28.00000  33.3%  13.6 1350s
 6887059 4142470   39.00000   71  255   42.00000   28.00000  33.3%  13.6 1355s
 6909666 4157874 infeasible  137        42.00000   28.00000  33.3%  13.6 1360s
 6935990 4174645   41.00000  215  128   42.00000   28.00000  33.3%  13.6 1365s
 6962844 4192579   41.00000  138  186   42.00000   28.00000  33.3%  13.6 1370s
 6988384 4211951   40.00000   74  203   42.00000   28.00000  33.3%  13.6 1375s
 7017520 4228444   41.00000  120  192   42.00000   28.00000  33.3%  13.6 1380s
 7044614 4245641   41.00000  183  221   42.00000   28.00000  33.3%  13.6 1385s
 7075032 4265665   40.00000  126  201   42.00000   28.00000  33.3%  13.6 1390s
 7099888 4281471   40.00000   58  184   42.00000   28.00000  33.3%  13.6 1395s
 7125263 4298737   40.00000   54  184   42.00000   28.00000  33.3%  13.6 1400s
 7150922 4314928   41.00000  131  152   42.00000   28.00000  33.3%  13.6 1405s
 7176046 4331508   41.00000  185  239   42.00000   28.00000  33.3%  13.6 1410s
 7208256 4351688   41.00000  105  156   42.00000   28.00000  33.3%  13.6 1415s
 7231364 4367145   41.00000  220  148   42.00000   28.00000  33.3%  13.6 1420s
 7262278 4386493   41.00000  150  158   42.00000   28.00000  33.3%  13.6 1425s
 7287870 4403262   37.00000   69  182   42.00000   28.00000  33.3%  13.6 1430s
 7313633 4420443   41.00000  161  113   42.00000   28.00000  33.3%  13.6 1435s
 7339614 4437243   38.00000   57  198   42.00000   28.00000  33.3%  13.6 1440s
 7367121 4456189   41.00000  113  197   42.00000   28.00000  33.3%  13.6 1445s
 7391721 4470281   41.00000  108  203   42.00000   28.00000  33.3%  13.6 1450s
 7419495 4488952   41.00000  157  220   42.00000   28.00000  33.3%  13.6 1455s
 7444726 4507874   41.00000  151  238   42.00000   28.00000  33.3%  13.6 1460s
 7474435 4523018   41.00000  112  222   42.00000   28.00000  33.3%  13.5 1465s
 7499212 4542325   41.00000  215  103   42.00000   28.00000  33.3%  13.5 1470s
 7531094 4558824   41.00000  141  202   42.00000   28.00000  33.3%  13.5 1475s
 7553724 4574461 infeasible   93        42.00000   28.00000  33.3%  13.5 1480s
 7587899 4594319   37.00000   37  120   42.00000   28.00000  33.3%  13.5 1485s
 7613291 4611552   41.00000  111  303   42.00000   28.00000  33.3%  13.5 1490s
 7642917 4629159   41.00000  136  175   42.00000   28.00000  33.3%  13.5 1495s
 7665986 4643872   39.00000  160  214   42.00000   28.00000  33.3%  13.5 1500s
 7695836 4663369 infeasible   95        42.00000   28.00000  33.3%  13.5 1505s
 7720317 4678594   38.00000   77  192   42.00000   28.00000  33.3%  13.5 1510s
 7747325 4695712 infeasible   80        42.00000   28.00000  33.3%  13.5 1515s
 7768212 4713025 infeasible  283        42.00000   28.00000  33.3%  13.5 1520s
 7795400 4728479 infeasible   85        42.00000   28.00000  33.3%  13.5 1525s
 7818642 4744633   41.00000   79  220   42.00000   28.00000  33.3%  13.5 1530s
 7844345 4761930 infeasible  137        42.00000   28.00000  33.3%  13.5 1535s
 7867627 4779815   41.00000  100  147   42.00000   28.00000  33.3%  13.5 1540s
 7897094 4797210   38.00000  101  221   42.00000   28.00000  33.3%  13.5 1545s
 7928043 4816087   41.00000   55  210   42.00000   28.00000  33.3%  13.5 1550s
 7948537 4830455   41.00000  103  199   42.00000   28.00000  33.3%  13.5 1555s
 7971466 4842989   41.00000  115  202   42.00000   28.00000  33.3%  13.5 1564s
 7971613 4860517   41.00000  116  211   42.00000   28.00000  33.3%  13.5 1572s
 8003832 4869115   41.00000  143  135   42.00000   28.00000  33.3%  13.5 1575s
 8022924 4881418   35.00000   69  160   42.00000   28.00000  33.3%  13.5 1580s
 8043602 4895391   41.00000  147  234   42.00000   28.00000  33.3%  13.6 1585s
 8069083 4911859   41.00000  206  117   42.00000   28.00000  33.3%  13.6 1590s
 8090652 4926028 infeasible  119        42.00000   28.00000  33.3%  13.6 1595s
 8111666 4940109   41.00000   77  188   42.00000   28.00000  33.3%  13.6 1600s
 8132855 4955108   39.00000   53  213   42.00000   28.00000  33.3%  13.6 1605s
 8153625 4969483 infeasible   93        42.00000   28.00000  33.3%  13.6 1610s
 8180067 4987473   41.00000   80  215   42.00000   28.00000  33.3%  13.6 1615s
 8205184 5004424 infeasible  148        42.00000   28.00000  33.3%  13.6 1620s
 8236076 5020139   40.00000   92  228   42.00000   28.00000  33.3%  13.6 1625s
 8262528 5036840   41.00000   89  260   42.00000   28.00000  33.3%  13.6 1630s
 8290771 5054304   40.00000  103  214   42.00000   28.00000  33.3%  13.6 1635s
 8313949 5071794   40.00000   90  235   42.00000   28.00000  33.3%  13.6 1640s
 8343954 5087915   33.00000   47  157   42.00000   28.00000  33.3%  13.6 1645s
 8369559 5104727   36.00000   83  183   42.00000   28.00000  33.3%  13.6 1650s
 8398900 5123368 infeasible  106        42.00000   28.00000  33.3%  13.6 1655s
 8425788 5140471   39.00000   92  200   42.00000   28.00000  33.3%  13.6 1660s
 8450555 5157113   34.00000   80  185   42.00000   28.00000  33.3%  13.6 1665s
 8472435 5175607   41.00000   95  266   42.00000   28.00000  33.3%  13.6 1670s
 8501466 5190784 infeasible   91        42.00000   28.00000  33.3%  13.6 1675s
 8522372 5207807   41.00000   91  214   42.00000   28.00000  33.3%  13.6 1680s
 8556880 5224970 infeasible  130        42.00000   28.00000  33.3%  13.6 1685s
 8582418 5241341   41.00000  289   54   42.00000   28.00000  33.3%  13.6 1690s
 8609523 5259471   39.00000   68  198   42.00000   28.00000  33.3%  13.6 1695s
 8633370 5274689 infeasible   49        42.00000   28.00000  33.3%  13.6 1700s
 8664422 5294031   41.00000   80  227   42.00000   28.00000  33.3%  13.6 1705s
 8690496 5310887   40.00000   88  159   42.00000   28.00000  33.3%  13.6 1710s
 8714606 5326577   41.00000  130  169   42.00000   28.00000  33.3%  13.6 1715s
 8737657 5344304   41.00000  117  173   42.00000   28.00000  33.3%  13.6 1720s
 8767730 5359938 infeasible   98        42.00000   28.00000  33.3%  13.6 1725s
 8793285 5378425   41.00000   83  220   42.00000   28.00000  33.3%  13.6 1730s
 8824427 5395823   41.00000   67  211   42.00000   28.00000  33.3%  13.6 1735s
 8848361 5411528   41.00000   76  278   42.00000   28.00000  33.3%  13.6 1740s
 8877308 5429799   40.00000  109  255   42.00000   28.00000  33.3%  13.6 1745s
 8901719 5448872   41.00000  166  225   42.00000   28.00000  33.3%  13.6 1750s
 8930869 5464414   41.00000   80  248   42.00000   28.00000  33.3%  13.6 1755s
 8956984 5481946   41.00000  230  112   42.00000   28.00000  33.3%  13.6 1760s
 8982406 5498595 infeasible  198        42.00000   28.00000  33.3%  13.6 1765s
 9010630 5515304   39.00000   70  215   42.00000   28.00000  33.3%  13.6 1770s
 9034786 5531780 infeasible  104        42.00000   28.00000  33.3%  13.6 1775s
 9057410 5546856   41.00000   71  156   42.00000   28.00000  33.3%  13.6 1780s
 9089454 5565336   41.00000  125  150   42.00000   28.00000  33.3%  13.6 1785s
 9109780 5579475   41.00000  123  211   42.00000   28.00000  33.3%  13.6 1790s
 9135007 5598300   41.00000  113  227   42.00000   28.00000  33.3%  13.6 1795s
 9158749 5612222   37.00000   81  178   42.00000   28.00000  33.3%  13.6 1800s
 9187572 5632356   41.00000   94  200   42.00000   28.00000  33.3%  13.6 1805s
 9210767 5646741   41.00000  131  167   42.00000   28.00000  33.3%  13.6 1810s
 9237832 5661122 infeasible  110        42.00000   28.00000  33.3%  13.6 1815s
 9261813 5677363 infeasible  131        42.00000   28.00000  33.3%  13.6 1820s
 9291630 5696219 infeasible   87        42.00000   28.00000  33.3%  13.6 1825s
 9317623 5712865   41.00000  216   97   42.00000   28.00000  33.3%  13.6 1830s
 9349335 5731564   40.00000   66  247   42.00000   28.00000  33.3%  13.6 1835s
 9377232 5749417 infeasible  165        42.00000   28.00000  33.3%  13.6 1840s
 9401668 5766829   41.00000   92  183   42.00000   28.00000  33.3%  13.6 1845s
 9431576 5783366   41.00000   98  207   42.00000   28.00000  33.3%  13.6 1850s
 9455566 5800678   41.00000  129  167   42.00000   28.00000  33.3%  13.6 1855s
 9485265 5818596   41.00000   78  190   42.00000   28.00000  33.3%  13.5 1860s
 9512116 5835307 infeasible   82        42.00000   28.00000  33.3%  13.5 1865s
 9537476 5851424   41.00000  182  191   42.00000   28.00000  33.3%  13.5 1870s
 9564668 5868366   37.00000   51  209   42.00000   28.00000  33.3%  13.5 1875s
 9589357 5884968   36.00000   71  222   42.00000   28.00000  33.3%  13.5 1880s
 9618139 5904997   39.00000  105  175   42.00000   28.00000  33.3%  13.5 1885s
 9644335 5919842 infeasible  126        42.00000   28.00000  33.3%  13.5 1890s
 9666427 5936276   41.00000  209  183   42.00000   28.00000  33.3%  13.5 1895s
 9696558 5952424   41.00000  103  165   42.00000   28.00000  33.3%  13.5 1900s
 9723106 5970388   41.00000   97  231   42.00000   28.00000  33.3%  13.5 1905s
 9750289 5986771   41.00000  145  165   42.00000   28.00000  33.3%  13.5 1910s
 9776146 6005801   40.00000   77  181   42.00000   28.00000  33.3%  13.5 1915s
 9808310 6023754 infeasible  174        42.00000   28.00000  33.3%  13.5 1920s
 9832369 6041638   39.00000   79  157   42.00000   28.00000  33.3%  13.5 1925s
 9862128 6058693   40.00000   78  173   42.00000   28.00000  33.3%  13.5 1930s
 9888788 6075788   41.00000  123  235   42.00000   28.00000  33.3%  13.5 1935s
 9917777 6093872   41.00000   57  250   42.00000   28.00000  33.3%  13.5 1940s
 9947773 6112381   41.00000   86  244   42.00000   28.00000  33.3%  13.5 1945s
 9972955 6129023   41.00000  213  114   42.00000   28.00000  33.3%  13.5 1950s
 10000080 6148143   41.00000  152  184   42.00000   28.00000  33.3%  13.5 1955s
 10032698 6166415   41.00000   96  196   42.00000   28.00000  33.3%  13.5 1960s
 10059500 6183489 infeasible  133        42.00000   28.00000  33.3%  13.5 1965s
 10086026 6200665 infeasible  124        42.00000   28.00000  33.3%  13.5 1970s
 10116171 6223097   41.00000  276   73   42.00000   28.00000  33.3%  13.5 1975s
 10143447 6238295   41.00000   90  266   42.00000   28.00000  33.3%  13.5 1980s
 10168589 6254521   41.00000  180  176   42.00000   28.00000  33.3%  13.5 1985s
 10194869 6272842   39.00000   65  227   42.00000   28.00000  33.3%  13.5 1990s
 10226895 6292180   41.00000  138  209   42.00000   28.00000  33.3%  13.5 1995s
 10257828 6310020   38.00000   57  247   42.00000   28.00000  33.3%  13.5 2000s
 10282621 6327005   40.00000   77  167   42.00000   28.00000  33.3%  13.5 2005s
 10304341 6345224   39.00000   92  245   42.00000   28.00000  33.3%  13.5 2010s
 10335945 6361551   41.00000   92  232   42.00000   28.00000  33.3%  13.5 2015s
 10363605 6379894   41.00000   94  177   42.00000   28.00000  33.3%  13.5 2020s
 10394783 6399297   37.00000   41  164   42.00000   28.00000  33.3%  13.5 2025s
 10418396 6418842   41.00000  250   49   42.00000   28.00000  33.3%  13.5 2030s
 10450300 6434698   40.00000   47  144   42.00000   28.00000  33.3%  13.5 2035s
 10478069 6452999   39.00000  127  220   42.00000   28.00000  33.3%  13.5 2040s
 10501901 6469163   41.00000  115  175   42.00000   28.00000  33.3%  13.5 2045s
 10530646 6490362   41.00000  128  173   42.00000   28.00000  33.3%  13.5 2050s
 10559072 6505517   41.00000  148  186   42.00000   28.00000  33.3%  13.5 2055s
 10591161 6524833   41.00000  144  207   42.00000   28.00000  33.3%  13.5 2060s
 10614082 6540376   41.00000  119  189   42.00000   28.00000  33.3%  13.5 2065s
 10639855 6559419   41.00000  111  233   42.00000   28.00000  33.3%  13.5 2070s
 10674723 6578231 infeasible  118        42.00000   28.00000  33.3%  13.5 2075s
 10700266 6597157   39.00000   64  169   42.00000   28.00000  33.3%  13.5 2080s
 10731358 6614471   41.00000  113  197   42.00000   28.00000  33.3%  13.5 2085s
 10762453 6634246   41.00000   79  179   42.00000   28.00000  33.3%  13.5 2090s
 10788672 6650854   41.00000  151  175   42.00000   28.00000  33.3%  13.5 2095s
 10818452 6670349   41.00000  108  213   42.00000   28.00000  33.3%  13.5 2100s
 10845471 6688736   41.00000   65  107   42.00000   28.00000  33.3%  13.5 2105s
 10872213 6708209   41.00000   60  180   42.00000   28.00000  33.3%  13.5 2110s
 10901613 6725284   41.00000  207  123   42.00000   28.00000  33.3%  13.4 2115s
 10928266 6744235   40.00000   70  185   42.00000   28.00000  33.3%  13.4 2120s
 10961430 6761787   41.00000  176  161   42.00000   28.00000  33.3%  13.4 2125s
 10992530 6781045 infeasible   93        42.00000   28.00000  33.3%  13.4 2130s
 11018338 6797748   36.00000  102  259   42.00000   28.00000  33.3%  13.4 2135s
 11044276 6816256   41.00000  122  176   42.00000   28.00000  33.3%  13.4 2140s
 11078850 6836401   39.00000   59  144   42.00000   28.00000  33.3%  13.4 2145s
 11097302 6852029   41.00000  137  216   42.00000   28.00000  33.3%  13.4 2150s
 11132542 6870636   40.00000   52  203   42.00000   28.00000  33.3%  13.4 2155s
 11155349 6886759   41.00000  112  161   42.00000   28.00000  33.3%  13.4 2160s
 11183412 6902478   28.00000   38  148   42.00000   28.00000  33.3%  13.4 2165s
 11209615 6919753   41.00000  170  167   42.00000   28.00000  33.3%  13.4 2170s
 11239242 6940548   41.00000  169  161   42.00000   28.00000  33.3%  13.4 2175s
 11268941 6955127 infeasible   90        42.00000   28.00000  33.3%  13.4 2180s
 11290570 6970310   41.00000   78  218   42.00000   28.00000  33.3%  13.4 2185s
 11321816 6989760 infeasible  107        42.00000   28.00000  33.3%  13.4 2190s
 11347059 7006918   41.00000  205  169   42.00000   28.00000  33.3%  13.4 2195s
 11374720 7025150   41.00000  138  136   42.00000   28.00000  33.3%  13.4 2200s
 11400180 7040307   41.00000  108  185   42.00000   28.00000  33.3%  13.4 2205s
 11428059 7058383 infeasible  112        42.00000   28.00000  33.3%  13.4 2210s
 11454657 7075675   41.00000  116  198   42.00000   28.00000  33.3%  13.4 2215s
 11477376 7092746   41.00000  270   79   42.00000   28.00000  33.3%  13.4 2220s
 11502582 7110742   38.00000   52  198   42.00000   28.00000  33.3%  13.4 2225s
 11531484 7125380 infeasible  102        42.00000   28.00000  33.3%  13.4 2230s
 11553929 7141142   41.00000  184  174   42.00000   28.00000  33.3%  13.4 2235s
 11580184 7157957   41.00000   98  170   42.00000   28.00000  33.3%  13.4 2240s
 11607241 7174741   41.00000   79  154   42.00000   28.00000  33.3%  13.4 2247s
 11618232 7183693   41.00000  168  213   42.00000   28.00000  33.3%  13.4 2250s
 11649486 7201861 infeasible  102        42.00000   28.00000  33.3%  13.4 2255s
 11674904 7220543   41.00000  121  234   42.00000   28.00000  33.3%  13.4 2260s
 11704485 7235723   41.00000   87  224   42.00000   28.00000  33.3%  13.4 2265s
 11732935 7253671   41.00000   70  245   42.00000   28.00000  33.3%  13.4 2270s
 11757148 7269071   40.00000  130  213   42.00000   28.00000  33.3%  13.4 2275s
 11779473 7284178   41.00000  142  153   42.00000   28.00000  33.3%  13.4 2280s
 11803857 7301352   41.00000  188  114   42.00000   28.00000  33.3%  13.4 2285s
 11831847 7317729   41.00000   74  228   42.00000   28.00000  33.3%  13.4 2290s
 11859944 7335121   41.00000   60  283   42.00000   28.00000  33.3%  13.4 2295s
 11873570 7346171   41.00000  154  210   42.00000   28.00000  33.3%  13.4 2300s
 11897744 7361291   41.00000  108  186   42.00000   28.00000  33.3%  13.4 2305s
 11931262 7380584 infeasible   48        42.00000   28.00000  33.3%  13.4 2310s
 11957451 7397836   37.00000   69  190   42.00000   28.00000  33.3%  13.4 2315s
 11981161 7414292   41.00000  114  166   42.00000   28.00000  33.3%  13.4 2320s
 12005140 7432832   41.00000  127  196   42.00000   28.00000  33.3%  13.4 2325s
 12034148 7447754 infeasible   80        42.00000   28.00000  33.3%  13.4 2330s
 12056004 7463220   38.00000  100  165   42.00000   28.00000  33.3%  13.4 2335s
 12078834 7478674   40.00000  105  215   42.00000   28.00000  33.3%  13.4 2340s
 12104163 7495874   41.00000  189  144   42.00000   28.00000  33.3%  13.4 2345s
 12131648 7513140 infeasible  228        42.00000   28.00000  33.3%  13.4 2350s
 12162485 7530365   41.00000   91  246   42.00000   28.00000  33.3%  13.4 2355s
 12186477 7550592   41.00000  186  127   42.00000   28.00000  33.3%  13.4 2360s
 12209510 7563778   41.00000  137  183   42.00000   28.00000  33.3%  13.4 2365s
 12233083 7576718   41.00000  190  131   42.00000   28.00000  33.3%  13.4 2370s
 12260977 7593743   38.00000   64  167   42.00000   28.00000  33.3%  13.4 2375s
 12288436 7611559 infeasible   85        42.00000   28.00000  33.3%  13.4 2380s
 12313761 7629383   41.00000  121  180   42.00000   28.00000  33.3%  13.4 2385s
 12338473 7647246   35.00000   44  233   42.00000   28.00000  33.3%  13.4 2390s
 12370047 7664687   36.00000   46  256   42.00000   28.00000  33.3%  13.4 2395s
 12387061 7674240   41.00000   69  207   42.00000   28.00000  33.3%  13.4 2400s
 12406749 7689590   41.00000   77  153   42.00000   28.00000  33.3%  13.4 2405s
 12438120 7708806 infeasible   57        42.00000   28.00000  33.3%  13.4 2410s
 12459401 7723581   41.00000  114  157   42.00000   28.00000  33.3%  13.4 2415s
 12481936 7739442 infeasible  125        42.00000   28.00000  33.3%  13.4 2420s
 12509887 7756741   41.00000  149  167   42.00000   28.00000  33.3%  13.4 2425s
 12540026 7775142   41.00000   78  142   42.00000   28.00000  33.3%  13.4 2430s
 12564253 7792888   41.00000   87  160   42.00000   28.00000  33.3%  13.4 2435s
 12588258 7810372   41.00000  169  138   42.00000   28.00000  33.3%  13.4 2440s
 12616691 7827396   40.00000   71  214   42.00000   28.00000  33.3%  13.4 2445s
 12641518 7842312 infeasible   77        42.00000   28.00000  33.3%  13.4 2450s
 12668439 7859011 infeasible  113        42.00000   28.00000  33.3%  13.4 2455s
 12695375 7876516   41.00000  157  141   42.00000   28.00000  33.3%  13.4 2461s
 12717930 7891977   41.00000  107  256   42.00000   28.00000  33.3%  13.4 2465s
 12741544 7907148   37.00000   89  198   42.00000   28.00000  33.3%  13.4 2470s
 12772735 7927017 infeasible   96        42.00000   28.00000  33.3%  13.4 2475s
 12792736 7940043   38.00000   65  166   42.00000   28.00000  33.3%  13.4 2481s
 12806951 7951306 infeasible   82        42.00000   28.00000  33.3%  13.4 2485s
 12831003 7966377   41.00000  129  175   42.00000   28.00000  33.3%  13.4 2490s
 12856855 7984735   41.00000  135  203   42.00000   28.00000  33.3%  13.4 2495s
 12883827 8000057   40.00000   60  167   42.00000   28.00000  33.3%  13.4 2500s
 12910063 8017876   41.00000   99  270   42.00000   28.00000  33.3%  13.4 2505s
 12933000 8035139   41.00000  153  170   42.00000   28.00000  33.3%  13.4 2510s
 12964544 8052797 infeasible  117        42.00000   28.00000  33.3%  13.4 2515s
 12991025 8070702   41.00000  112  193   42.00000   28.00000  33.3%  13.4 2520s
 13017318 8088702   41.00000   91  214   42.00000   28.00000  33.3%  13.4 2525s
 13038761 8102505   41.00000  114  203   42.00000   28.00000  33.3%  13.4 2530s
 13064295 8118370   36.00000   61  188   42.00000   28.00000  33.3%  13.4 2535s
 13091372 8135103 infeasible  113        42.00000   28.00000  33.3%  13.4 2540s
 13113868 8150136   41.00000  111  183   42.00000   28.00000  33.3%  13.4 2545s
 13145535 8169474   41.00000  115  201   42.00000   28.00000  33.3%  13.4 2550s
 13167553 8184513   41.00000  141  189   42.00000   28.00000  33.3%  13.4 2555s
 13195822 8203594   40.00000   97  239   42.00000   28.00000  33.3%  13.4 2560s
 13221699 8222141   41.00000  132  190   42.00000   28.00000  33.3%  13.4 2565s
 13237737 8228625   40.00000   89  223   42.00000   28.00000  33.3%  13.4 2570s
 13259993 8245152   41.00000  171  167   42.00000   28.00000  33.3%  13.4 2575s
 13286397 8264047   41.00000  115  159   42.00000   28.00000  33.3%  13.4 2580s
 13314379 8280082   37.00000   52  270   42.00000   28.00000  33.3%  13.4 2585s
 13340913 8300006   41.00000   90  155   42.00000   28.00000  33.3%  13.4 2590s
 13368430 8315183   41.00000  135  199   42.00000   28.00000  33.3%  13.4 2595s
 13399202 8333961   34.00000   50  195   42.00000   28.00000  33.3%  13.4 2600s
 13425203 8350234   41.00000   89  186   42.00000   28.00000  33.3%  13.4 2605s
 13450829 8367596 infeasible  114        42.00000   28.00000  33.3%  13.4 2610s
 13476877 8384589   41.00000   82  211   42.00000   28.00000  33.3%  13.4 2615s
 13503190 8402223   41.00000   82  242   42.00000   28.00000  33.3%  13.4 2620s
 13531217 8420049   41.00000  146  208   42.00000   28.00000  33.3%  13.4 2625s
 13559487 8438126   41.00000  133  211   42.00000   28.00000  33.3%  13.4 2630s
 13586012 8456775   37.00000   42  122   42.00000   28.00000  33.3%  13.4 2635s
 13615249 8474356   41.00000   87  186   42.00000   28.00000  33.3%  13.4 2640s
 13635608 8490825   41.00000  166  167   42.00000   28.00000  33.3%  13.4 2645s
 13668217 8508611   38.00000   63  192   42.00000   28.00000  33.3%  13.4 2650s
 13691730 8524653   41.00000  128  205   42.00000   28.00000  33.3%  13.4 2655s
 13720577 8542530 infeasible  101        42.00000   28.00000  33.3%  13.4 2660s
 13746553 8559695   39.00000   93  192   42.00000   28.00000  33.3%  13.4 2665s
 13770738 8575497   38.00000   78  161   42.00000   28.00000  33.3%  13.4 2670s
 13785984 8587436   41.00000  120  146   42.00000   28.00000  33.3%  13.4 2675s
 13805389 8603338   41.00000  133  183   42.00000   28.00000  33.3%  13.4 2680s
 13837441 8619108   41.00000  135  161   42.00000   28.00000  33.3%  13.4 2685s
 13861355 8638900   40.00000  100  199   42.00000   28.00000  33.3%  13.4 2690s
 13893789 8655301   41.00000  140  233   42.00000   28.00000  33.3%  13.4 2695s
 13918683 8674968   41.00000  114  273   42.00000   28.00000  33.3%  13.4 2700s
 13950325 8691899 infeasible  142        42.00000   28.00000  33.3%  13.4 2705s
 13975651 8708675   41.00000  157  158   42.00000   28.00000  33.3%  13.4 2710s
 13996968 8723674   41.00000  154  169   42.00000   28.00000  33.3%  13.4 2715s
 14028483 8743247 infeasible   70        42.00000   28.00000  33.3%  13.4 2720s
 14051247 8758341 infeasible   68        42.00000   28.00000  33.3%  13.4 2725s
 14081039 8775953   38.00000   47  234   42.00000   28.00000  33.3%  13.4 2732s
 14091099 8784343 infeasible  201        42.00000   28.00000  33.3%  13.4 2735s
 14117217 8801002 infeasible   77        42.00000   28.00000  33.3%  13.4 2740s
 14144557 8818031   41.00000  170  118   42.00000   28.00000  33.3%  13.4 2745s
 14171035 8835739   33.00000   53  211   42.00000   28.00000  33.3%  13.4 2750s
 14200691 8854549   41.00000   52  129   42.00000   28.00000  33.3%  13.4 2755s
 14225912 8871487   40.00000  125  228   42.00000   28.00000  33.3%  13.4 2760s
 14254211 8890067   41.00000  159  181   42.00000   28.00000  33.3%  13.4 2765s
 14280435 8906888 infeasible   85        42.00000   28.00000  33.3%  13.4 2770s
 14306555 8924983   28.00000   41  251   42.00000   28.00000  33.3%  13.4 2776s
 14322004 8934618   41.00000   66  229   42.00000   28.00000  33.3%  13.4 2780s
 14347960 8953882   28.00000   50  193   42.00000   28.00000  33.3%  13.4 2785s
 14381357 8970789   41.00000  137  181   42.00000   28.00000  33.3%  13.4 2790s
 14406429 8987780   41.00000  148  154   42.00000   28.00000  33.3%  13.4 2795s
 14432848 9007613   41.00000  104  172   42.00000   28.00000  33.3%  13.4 2800s
 14463649 9025290 infeasible  158        42.00000   28.00000  33.3%  13.4 2805s
 14487598 9040364   41.00000  119  160   42.00000   28.00000  33.3%  13.4 2810s
 14512887 9057413 infeasible   86        42.00000   28.00000  33.3%  13.4 2815s
 14538812 9074338   41.00000   91  282   42.00000   28.00000  33.3%  13.4 2820s
 14568063 9093008 infeasible  147        42.00000   28.00000  33.3%  13.4 2825s
 14594038 9110059   41.00000  166  133   42.00000   28.00000  33.3%  13.4 2830s
 14610925 9121810   41.00000  109  202   42.00000   28.00000  33.3%  13.4 2835s
 14635873 9137149   41.00000  140  180   42.00000   28.00000  33.3%  13.4 2840s
 14664887 9155432 infeasible  106        42.00000   28.00000  33.3%  13.4 2845s
 14690413 9172607   41.00000   67  193   42.00000   28.00000  33.3%  13.4 2850s
 14716654 9190392   36.00000   57  147   42.00000   28.00000  33.3%  13.4 2855s
 14747203 9209730   41.00000   97  225   42.00000   28.00000  33.3%  13.4 2860s
 14770634 9226913   40.00000   96  255   42.00000   28.00000  33.3%  13.4 2865s
 14798982 9243638   41.00000  166  146   42.00000   28.00000  33.3%  13.4 2870s
 14830103 9263699   40.00000   46  178   42.00000   28.00000  33.3%  13.4 2875s
 14864319 9283864 infeasible  122        42.00000   28.00000  33.3%  13.4 2880s
 14889590 9300900   41.00000  102  177   42.00000   28.00000  33.3%  13.4 2885s
 14912267 9315888   41.00000   77  199   42.00000   28.00000  33.3%  13.4 2890s
 14937992 9331065   41.00000   69  146   42.00000   28.00000  33.3%  13.4 2895s
 14971204 9352167   36.00000   33  105   42.00000   28.00000  33.3%  13.4 2900s
 14995689 9369996   41.00000  138  216   42.00000   28.00000  33.3%  13.4 2905s
 15023831 9389515   41.00000  128  199   42.00000   28.00000  33.3%  13.4 2910s
 15056175 9408158   41.00000   96  197   42.00000   28.00000  33.3%  13.4 2915s
 15082091 9424924   41.00000  128  275   42.00000   28.00000  33.3%  13.4 2920s
 15110557 9446530   37.00000   81  255   42.00000   28.00000  33.3%  13.4 2925s
 15140757 9464065   41.00000   96  226   42.00000   28.00000  33.3%  13.4 2930s
 15164776 9479293 infeasible  173        42.00000   28.00000  33.3%  13.4 2935s
 15191554 9496704   41.00000   67  215   42.00000   28.00000  33.3%  13.4 2940s
 15218497 9514144 infeasible   91        42.00000   28.00000  33.3%  13.4 2945s
 15244664 9532772   41.00000   49  181   42.00000   28.00000  33.3%  13.4 2950s
 15273927 9550437   40.00000   78  164   42.00000   28.00000  33.3%  13.4 2955s
 15299982 9568013   41.00000  166  142   42.00000   28.00000  33.3%  13.4 2960s
 15324923 9587832   41.00000   94  268   42.00000   28.00000  33.3%  13.4 2965s
 15343089 9594824   41.00000  155  184   42.00000   28.00000  33.3%  13.4 2970s
 15365339 9612581   37.00000   49  194   42.00000   28.00000  33.3%  13.4 2975s
 15393957 9630424   41.00000  111  165   42.00000   28.00000  33.3%  13.4 2980s
 15417238 9645894   35.00000   45  193   42.00000   28.00000  33.3%  13.4 2985s
 15444232 9664092   41.00000  138  265   42.00000   28.00000  33.3%  13.4 2990s
 15470340 9681848   40.00000  120  233   42.00000   28.00000  33.3%  13.4 2995s
 15495160 9702077   41.00000  123  177   42.00000   28.00000  33.3%  13.4 3000s
 15527428 9719319 infeasible  108        42.00000   28.00000  33.3%  13.4 3005s
 15553419 9736337 infeasible  115        42.00000   28.00000  33.3%  13.4 3010s
 15579956 9753463   41.00000  117  192   42.00000   28.00000  33.3%  13.4 3015s
 15604675 9769841   41.00000  140  190   42.00000   28.00000  33.3%  13.4 3020s
 15627909 9784614   38.00000   39  192   42.00000   28.00000  33.3%  13.4 3025s
 15660591 9804639   41.00000  161  203   42.00000   28.00000  33.3%  13.4 3030s
 15681810 9819164 infeasible   87        42.00000   28.00000  33.3%  13.4 3035s
 15708045 9836339   41.00000  140  161   42.00000   28.00000  33.3%  13.4 3040s
 15732251 9853232 infeasible   55        42.00000   28.00000  33.3%  13.4 3045s
 15756612 9868745   41.00000  154  190   42.00000   28.00000  33.3%  13.4 3050s
 15787155 9887033   41.00000  112  180   42.00000   28.00000  33.3%  13.4 3055s
 15803409 9898344   40.00000   77  161   42.00000   28.00000  33.3%  13.4 3060s
 15821281 9911390   41.00000   94  227   42.00000   28.00000  33.3%  13.4 3065s
 15845494 9928721   41.00000   64  207   42.00000   28.00000  33.3%  13.4 3070s
 15877492 9946220   41.00000  109  194   42.00000   28.00000  33.3%  13.4 3075s
 15903402 9961988 infeasible  191        42.00000   28.00000  33.3%  13.4 3080s
 15930344 9979238   41.00000  122  142   42.00000   28.00000  33.3%  13.4 3085s
 15957819 9996922   41.00000  121  243   42.00000   28.00000  33.3%  13.4 3090s
 15984755 10014390   41.00000   94  199   42.00000   28.00000  33.3%  13.4 3095s
 16006915 10028790   39.00000   53  190   42.00000   28.00000  33.3%  13.4 3100s
 16031044 10046597   41.00000  147  170   42.00000   28.00000  33.3%  13.4 3105s
 16060669 10063512   41.00000  151  170   42.00000   28.00000  33.3%  13.4 3110s
 16083751 10078636   40.00000   66  144   42.00000   28.00000  33.3%  13.4 3116s
 16099132 10090895   41.00000  102  160   42.00000   28.00000  33.3%  13.4 3120s
 16125937 10107683   41.00000   98  194   42.00000   28.00000  33.3%  13.4 3125s
 16153906 10124941 infeasible   86        42.00000   28.00000  33.3%  13.4 3130s
 16175589 10142882   35.00000   69  198   42.00000   28.00000  33.3%  13.4 3135s
 16197929 10158042   41.00000  170  156   42.00000   28.00000  33.3%  13.4 3140s
 16229087 10173899   41.00000   67  191   42.00000   28.00000  33.3%  13.4 3145s
 16252755 10189807 infeasible  133        42.00000   28.00000  33.3%  13.4 3150s
 16277956 10207031   41.00000   74  194   42.00000   28.00000  33.3%  13.4 3155s
 16303297 10223289   41.00000  187  133   42.00000   28.00000  33.3%  13.4 3160s
 16326405 10240461   39.00000  201  149   42.00000   28.00000  33.3%  13.4 3165s
 16354792 10256516   41.00000  110  205   42.00000   28.00000  33.3%  13.4 3170s
 16374785 10272469   41.00000  137  193   42.00000   28.00000  33.3%  13.4 3176s
 16395989 10285123   41.00000   71  229   42.00000   28.00000  33.3%  13.4 3180s
 16421146 10301247   34.00000   66  280   42.00000   28.00000  33.3%  13.4 3185s
 16445192 10317308 infeasible   85        42.00000   28.00000  33.3%  13.4 3190s
 16466791 10335307   41.00000  113  192   42.00000   28.00000  33.3%  13.4 3195s
 16498764 10352181   39.00000   72  138   42.00000   28.00000  33.3%  13.4 3200s
 16523201 10367817   41.00000   82  203   42.00000   28.00000  33.3%  13.4 3205s
 16551856 10384772 infeasible  106        42.00000   28.00000  33.3%  13.4 3210s
 16580057 10403662   31.00000   44  213   42.00000   28.00000  33.3%  13.4 3215s
 16602379 10418666   41.00000  117  277   42.00000   28.00000  33.3%  13.4 3220s
 16618525 10428930   41.00000   91  233   42.00000   28.00000  33.3%  13.4 3225s
 16639987 10444472   41.00000  130  216   42.00000   28.00000  33.3%  13.4 3230s
 16670006 10462855   39.00000   56  223   42.00000   28.00000  33.3%  13.4 3235s
 16694142 10479417   41.00000  167  130   42.00000   28.00000  33.3%  13.4 3240s
 16721966 10496571   41.00000  115  201   42.00000   28.00000  33.3%  13.4 3245s
 16750229 10514431   39.00000   81  286   42.00000   28.00000  33.3%  13.4 3250s
 16777076 10531781 infeasible  131        42.00000   28.00000  33.3%  13.4 3255s
 16800337 10549381   41.00000   93  237   42.00000   28.00000  33.3%  13.4 3260s
 16822158 10565091   41.00000  220   73   42.00000   28.00000  33.3%  13.4 3265s
 16856115 10582598   41.00000  121  183   42.00000   28.00000  33.3%  13.4 3270s
 16881754 10599028   41.00000  157  133   42.00000   28.00000  33.3%  13.4 3275s
 16910867 10617516   41.00000  127  200   42.00000   28.00000  33.3%  13.4 3280s
 16937145 10634190   41.00000   62  108   42.00000   28.00000  33.3%  13.4 3285s
 16959648 10649347 infeasible  227        42.00000   28.00000  33.3%  13.4 3290s
 16989196 10667706   41.00000  116  208   42.00000   28.00000  33.3%  13.4 3295s
 17013094 10686062   36.00000   41  237   42.00000   28.00000  33.3%  13.4 3300s
 17029323 10695267   41.00000  104  256   42.00000   28.00000  33.3%  13.4 3305s
 17052570 10710188 infeasible  110        42.00000   28.00000  33.3%  13.4 3310s
 17082158 10728948 infeasible  115        42.00000   28.00000  33.3%  13.4 3315s
 17105571 10744025   41.00000  150  235   42.00000   28.00000  33.3%  13.4 3320s
 17140476 10764869   40.00000   68  193   42.00000   28.00000  33.3%  13.4 3325s
 17159955 10779398   41.00000   77  167   42.00000   28.00000  33.3%  13.4 3330s
 17186945 10800010   39.00000   95  255   42.00000   28.00000  33.3%  13.4 3335s
 17217921 10816554   41.00000   74  189   42.00000   28.00000  33.3%  13.4 3340s
 17232789 10824670 infeasible   95        42.00000   28.00000  33.3%  13.4 3345s
 17254918 10840983   34.00000   46  169   42.00000   28.00000  33.3%  13.4 3350s
 17278695 10857305   37.00000  131  234   42.00000   28.00000  33.3%  13.4 3355s
 17304030 10876309   40.00000  100  296   42.00000   28.00000  33.3%  13.4 3360s
 17335021 10894378   41.00000   84  185   42.00000   28.00000  33.3%  13.4 3365s
 17362309 10909636   41.00000  117  177   42.00000   28.00000  33.3%  13.4 3370s
 17387674 10929030   40.00000   80  236   42.00000   28.00000  33.3%  13.4 3375s
 17410817 10944436   41.00000   99  302   42.00000   28.00000  33.3%  13.4 3380s
 17443501 10961568 infeasible  112        42.00000   28.00000  33.3%  13.4 3385s
 17465443 10977126   41.00000  116  156   42.00000   28.00000  33.3%  13.4 3390s
 17491305 10997009   41.00000   81  253   42.00000   28.00000  33.3%  13.4 3395s
 17521191 11011713 infeasible   90        42.00000   28.00000  33.3%  13.4 3400s
 17546668 11029215 infeasible  122        42.00000   28.00000  33.3%  13.4 3405s
 17577939 11048027   37.00000   49  187   42.00000   28.00000  33.3%  13.4 3410s
 17601384 11064347   41.00000  113  176   42.00000   28.00000  33.3%  13.4 3415s
 17622579 11081640   41.00000  142  167   42.00000   28.00000  33.3%  13.4 3420s
 17652486 11098383   41.00000   72  218   42.00000   28.00000  33.3%  13.4 3425s
 17671670 11114198   40.00000   64  199   42.00000   28.00000  33.3%  13.4 3430s
 17705896 11130760   38.00000   65  116   42.00000   28.00000  33.3%  13.4 3435s
 17729341 11146127   40.00000   39  207   42.00000   28.00000  33.3%  13.4 3440s
 17757688 11166118   41.00000   92  257   42.00000   28.00000  33.3%  13.4 3445s
 17786205 11182033 infeasible   82        42.00000   28.00000  33.3%  13.4 3450s
 17814393 11199825   40.00000   68  126   42.00000   28.00000  33.3%  13.4 3455s
 17833735 11212234   41.00000  104  203   42.00000   28.00000  33.3%  13.4 3460s
 17859345 11229265   41.00000  105  202   42.00000   28.00000  33.3%  13.4 3465s
 17883485 11245156   41.00000   60  196   42.00000   28.00000  33.3%  13.4 3470s
 17908545 11265496   41.00000  160   94   42.00000   28.00000  33.3%  13.4 3475s
 17938931 11281123 infeasible  142        42.00000   28.00000  33.3%  13.4 3480s
 17966116 11302627   39.00000  134  183   42.00000   28.00000  33.3%  13.4 3485s
 17985826 11314477 infeasible  139        42.00000   28.00000  33.3%  13.4 3490s
 18016683 11333218   40.00000  119  222   42.00000   28.00000  33.3%  13.4 3495s
 18044887 11354224   41.00000  125  191   42.00000   28.00000  33.3%  13.4 3500s
 18068584 11368845   41.00000   89  262   42.00000   28.00000  33.3%  13.4 3505s
 18102306 11388715   41.00000   55  188   42.00000   28.00000  33.3%  13.4 3510s
 18130095 11405773   38.00000   67  258   42.00000   28.00000  33.3%  13.4 3515s
 18149510 11417833   41.00000  105  253   42.00000   28.00000  33.3%  13.4 3521s
 18165555 11430315 infeasible   90        42.00000   28.00000  33.3%  13.4 3525s
 18196603 11450309   41.00000  161  165   42.00000   28.00000  33.3%  13.4 3530s
 18230652 11470492   38.00000   46  190   42.00000   28.00000  33.3%  13.4 3535s
 18253104 11486592   41.00000   90  208   42.00000   28.00000  33.3%  13.4 3540s
 18287342 11507127   41.00000  141  221   42.00000   28.00000  33.3%  13.4 3545s
 18313459 11524252   38.00000   61  141   42.00000   28.00000  33.3%  13.4 3550s
 18342661 11543626 infeasible  136        42.00000   28.00000  33.3%  13.4 3555s
 18369136 11560474   40.00000   63  130   42.00000   28.00000  33.3%  13.4 3560s
 18402658 11581118   41.00000   53  220   42.00000   28.00000  33.3%  13.4 3565s
 18428625 11600422   41.00000   69  243   42.00000   28.00000  33.3%  13.4 3570s
 18458634 11616982   34.00000   45  190   42.00000   28.00000  33.3%  13.4 3575s
 18485269 11634091 infeasible  130        42.00000   28.00000  33.3%  13.4 3580s
 18510128 11650203   41.00000  192  132   42.00000   28.00000  33.3%  13.4 3585s
 18532886 11664529   41.00000  106  244   42.00000   28.00000  33.3%  13.4 3590s
 18558874 11680980 infeasible  173        42.00000   28.00000  33.3%  13.4 3595s
 18589743 11700591   28.00000   33  183   42.00000   28.00000  33.3%  13.4 3600s
 18612113 11718204 infeasible   97        42.00000   28.00000  33.3%  13.4 3605s
 18643026 11736876   39.00000   42  225   42.00000   28.00000  33.3%  13.4 3610s
 18669319 11753987   41.00000  125  204   42.00000   28.00000  33.3%  13.4 3615s
 18700660 11773698 infeasible   93        42.00000   28.00000  33.3%  13.4 3620s
 18726289 11789855 infeasible  182        42.00000   28.00000  33.3%  13.4 3626s
 18740997 11800911   41.00000   80  186   42.00000   28.00000  33.3%  13.4 3630s
 18766490 11818360 infeasible  221        42.00000   28.00000  33.3%  13.4 3635s
 18792760 11836062   41.00000  147  198   42.00000   28.00000  33.3%  13.4 3640s
 18821665 11858248   41.00000   84  207   42.00000   28.00000  33.3%  13.4 3645s
 18844453 11871041   41.00000  246   70   42.00000   28.00000  33.3%  13.4 3650s
 18872345 11891745   41.00000  158  170   42.00000   28.00000  33.3%  13.4 3655s
 18905312 11908626   28.00000   38  251   42.00000   28.00000  33.3%  13.4 3660s
 18933455 11927263 infeasible  132        42.00000   28.00000  33.3%  13.4 3665s
 18960084 11943840   41.00000  141  214   42.00000   28.00000  33.3%  13.4 3671s
 18976315 11957772   41.00000  112  198   42.00000   28.00000  33.3%  13.4 3675s
 18998742 11974929   41.00000  129  151   42.00000   28.00000  33.3%  13.4 3680s
 19028085 11992096   39.00000   90  158   42.00000   28.00000  33.3%  13.4 3685s
 19060756 12012421   30.00000   47  143   42.00000   28.00000  33.3%  13.4 3690s
 19086490 12034428   41.00000  156  117   42.00000   28.00000  33.3%  13.4 3695s
 19118629 12050349 infeasible   65        42.00000   28.00000  33.3%  13.4 3700s
 19147033 12068158   34.00000   55  213   42.00000   28.00000  33.3%  13.4 3705s
 19178128 12087946 infeasible   45        42.00000   28.00000  33.3%  13.4 3710s
 19202982 12105035 infeasible   72        42.00000   28.00000  33.3%  13.4 3715s
 19224293 12117927   41.00000   79  123   42.00000   28.00000  33.3%  13.4 3721s
 19238642 12129481   41.00000   71  245   42.00000   28.00000  33.3%  13.4 3725s
 19266867 12146744 infeasible   71        42.00000   28.00000  33.3%  13.4 3730s
 19294946 12168248   37.00000   90  206   42.00000   28.00000  33.3%  13.4 3735s
 19326801 12185478   40.00000   53  227   42.00000   28.00000  33.3%  13.4 3740s
 19349571 12203572   41.00000  100  163   42.00000   28.00000  33.3%  13.4 3745s
 19382318 12220295 infeasible   71        42.00000   28.00000  33.3%  13.4 3750s
 19410526 12238396   36.00000   39  169   42.00000   28.00000  33.3%  13.4 3755s
 19436189 12256064   41.00000   96  212   42.00000   28.00000  33.3%  13.4 3760s
 19458823 12274689   40.00000   77  187   42.00000   28.00000  33.3%  13.4 3765s
 19494823 12294699 infeasible  103        42.00000   28.00000  33.3%  13.4 3770s
 19521535 12312050   41.00000   63  175   42.00000   28.00000  33.3%  13.4 3775s
 19545936 12330945   41.00000   92  191   42.00000   28.00000  33.3%  13.4 3780s
 19579299 12350247   41.00000   88  176   42.00000   28.00000  33.3%  13.4 3785s
 19606062 12368778   40.00000   47  286   42.00000   28.00000  33.3%  13.4 3790s
 19636010 12387292   28.00000   41  179   42.00000   28.00000  33.3%  13.4 3795s
 19666265 12406469   41.00000   54  266   42.00000   28.00000  33.3%  13.4 3800s
 19693541 12426718   41.00000   70  225   42.00000   28.00000  33.3%  13.4 3805s
 19721704 12444764   28.00000   38  161   42.00000   28.00000  33.3%  13.4 3810s
 19750381 12460269   41.00000   82  197   42.00000   28.00000  33.3%  13.4 3815s
 19778291 12481360   38.00000   84  205   42.00000   28.00000  33.3%  13.4 3820s
 19797077 12492385   38.00000   36  145   42.00000   28.00000  33.3%  13.4 3825s
 19823449 12510193   33.00000   43  194   42.00000   28.00000  33.3%  13.4 3830s
 19853316 12528012   41.00000   76  240   42.00000   28.00000  33.3%  13.4 3835s
 19878418 12545499 infeasible  123        42.00000   28.00000  33.3%  13.4 3840s
 19913091 12565767   41.00000   53  199   42.00000   28.00000  33.3%  13.4 3845s
 19937907 12585619   41.00000   85  145   42.00000   28.00000  33.3%  13.4 3850s
 19967459 12602535   41.00000  185  178   42.00000   28.00000  33.3%  13.4 3855s
 19993099 12621924   41.00000  110  285   42.00000   28.00000  33.3%  13.4 3860s
 20008132 12630975   41.00000  131  173   42.00000   28.00000  33.3%  13.4 3865s
 20031386 12646396   41.00000  203  133   42.00000   28.00000  33.3%  13.4 3870s
 20057888 12665945   41.00000  200  116   42.00000   28.00000  33.3%  13.4 3875s
 20086309 12682732   41.00000  121  155   42.00000   28.00000  33.3%  13.4 3880s
 20112985 12700612   41.00000   90  209   42.00000   28.00000  33.3%  13.4 3885s
 20139172 12720271   41.00000  181  201   42.00000   28.00000  33.3%  13.4 3890s
 20166397 12735095   41.00000   67  217   42.00000   28.00000  33.3%  13.4 3895s
 20192075 12752117 infeasible   97        42.00000   28.00000  33.3%  13.4 3900s
 20217303 12768971   40.00000   50  192   42.00000   28.00000  33.3%  13.4 3905s
 20245969 12787964   41.00000   98  215   42.00000   28.00000  33.3%  13.4 3910s
 20273008 12807599   41.00000   46  173   42.00000   28.00000  33.3%  13.4 3915s
 20303030 12826225   38.00000   62  171   42.00000   28.00000  33.3%  13.4 3920s
 20333508 12844855   41.00000   90  254   42.00000   28.00000  33.3%  13.4 3925s
 20357246 12860924   37.00000   52  233   42.00000   28.00000  33.3%  13.4 3930s
 20392380 12881307 infeasible  136        42.00000   28.00000  33.3%  13.4 3935s
 20414919 12895766   41.00000  211  126   42.00000   28.00000  33.3%  13.4 3941s
 20434043 12910641   41.00000  123  190   42.00000   28.00000  33.3%  13.4 3945s
 20459123 12926984   40.00000  121  241   42.00000   28.00000  33.3%  13.4 3950s
 20486408 12944742 infeasible  189        42.00000   28.00000  33.3%  13.4 3955s
 20508722 12962221   41.00000  153  178   42.00000   28.00000  33.3%  13.4 3960s
 20533472 12980068   41.00000  161  145   42.00000   28.00000  33.3%  13.4 3965s
 20559590 12997362   41.00000  127  184   42.00000   28.00000  33.3%  13.4 3970s
 20593733 13016173   41.00000  176  104   42.00000   28.00000  33.3%  13.4 3975s
 20619424 13032570   41.00000   57  158   42.00000   28.00000  33.3%  13.4 3980s
 20645776 13052083   41.00000  219  121   42.00000   28.00000  33.3%  13.4 3985s
 20677753 13068975 infeasible  167        42.00000   28.00000  33.3%  13.4 3990s
 20703470 13087404   41.00000   96  196   42.00000   28.00000  33.3%  13.4 3995s
 20730612 13105179   30.00000   39  186   42.00000   28.00000  33.3%  13.4 4000s
 20757357 13123880   37.00000   58  292   42.00000   28.00000  33.3%  13.4 4006s
 20777031 13139321   34.00000   46  201   42.00000   28.00000  33.3%  13.4 4010s
 20813684 13158276   41.00000  111  154   42.00000   28.00000  33.3%  13.4 4015s
 20837464 13174084   41.00000  142  209   42.00000   28.00000  33.3%  13.4 4020s
 20865540 13193286   40.00000   75  203   42.00000   28.00000  33.3%  13.4 4025s
 20880077 13203618   41.00000   66  221   42.00000   28.00000  33.3%  13.4 4030s
 20909191 13223600   41.00000   64  217   42.00000   28.00000  33.3%  13.4 4035s
 20936165 13239209   41.00000  119  193   42.00000   28.00000  33.3%  13.4 4040s
 20962524 13256557 infeasible   98        42.00000   28.00000  33.3%  13.4 4045s
 20989621 13273680   37.00000   57  195   42.00000   28.00000  33.3%  13.4 4050s
 21014917 13290626   36.00000   41  210   42.00000   28.00000  33.3%  13.4 4055s
 21046879 13310041 infeasible   78        42.00000   28.00000  33.3%  13.4 4060s
 21072656 13327850   41.00000   92  204   42.00000   28.00000  33.3%  13.4 4065s
 21095849 13346922   41.00000  185  145   42.00000   28.00000  33.3%  13.4 4070s
 21116721 13357360 infeasible   58        42.00000   28.00000  33.3%  13.4 4075s
 21145117 13375362   39.00000   66  129   42.00000   28.00000  33.3%  13.4 4080s
 21175007 13394619   41.00000  126  237   42.00000   28.00000  33.3%  13.4 4085s
 21202292 13412385   41.00000   83  286   42.00000   28.00000  33.3%  13.4 4090s
 21232473 13432009   41.00000   64  201   42.00000   28.00000  33.3%  13.4 4095s
 21250970 13441666   38.00000   56  181   42.00000   28.00000  33.3%  13.4 4103s
 21251037 13442235   38.00000   57  181   42.00000   28.00000  33.3%  13.4 4105s
 21271359 13458495   41.00000   81  266   42.00000   28.00000  33.3%  13.4 4110s
 21292772 13473415 infeasible   78        42.00000   28.00000  33.3%  13.4 4115s
 21317345 13490431   41.00000  152  188   42.00000   28.00000  33.3%  13.4 4120s
 21338115 13505012   41.00000  100  227   42.00000   28.00000  33.3%  13.4 4125s
 21363412 13521718   36.00000   54  156   42.00000   28.00000  33.3%  13.4 4130s
 21384263 13536317   41.00000   76  213   42.00000   28.00000  33.3%  13.4 4135s
 21408514 13552814 infeasible  156        42.00000   28.00000  33.3%  13.4 4140s
 21430241 13567469 infeasible  101        42.00000   28.00000  33.3%  13.4 4145s
 21455391 13584790   41.00000   81  231   42.00000   28.00000  33.3%  13.4 4150s
 21468297 13594052   39.00000   68  249   42.00000   28.00000  33.3%  13.4 4155s
 21491091 13609558   37.00000   62  167   42.00000   28.00000  33.3%  13.4 4160s
 21515751 13625490   38.00000   53  202   42.00000   28.00000  33.3%  13.4 4165s
 21536899 13642622   41.00000   99  224   42.00000   28.00000  33.3%  13.4 4170s
 21569196 13659594   40.00000   82  229   42.00000   28.00000  33.3%  13.4 4175s
 21598434 13678158 infeasible  102        42.00000   28.00000  33.3%  13.4 4180s
 21624643 13695569   41.00000  117  161   42.00000   28.00000  33.3%  13.4 4185s
 21655170 13714015   40.00000   93  199   42.00000   28.00000  33.3%  13.4 4190s
 21685498 13733277   41.00000  261   84   42.00000   28.00000  33.3%  13.4 4195s
 21711304 13750961   39.00000   53  217   42.00000   28.00000  33.3%  13.4 4200s
 21738262 13767311   41.00000  181  159   42.00000   28.00000  33.3%  13.4 4205s
 21761390 13781885   40.00000   56  164   42.00000   28.00000  33.3%  13.4 4210s
 21791015 13800020   41.00000   69  194   42.00000   28.00000  33.3%  13.4 4215s
 21816897 13817484   33.00000   49  160   42.00000   28.00000  33.3%  13.4 4220s
 21837752 13832043   40.00000   64  241   42.00000   28.00000  33.3%  13.4 4225s
 21868093 13850878 infeasible   58        42.00000   28.00000  33.3%  13.4 4230s
 21892294 13866381   41.00000  133  152   42.00000   28.00000  33.3%  13.4 4235s
 21915107 13882983   41.00000  117  215   42.00000   28.00000  33.3%  13.4 4240s
 21939071 13898168   40.00000  151  166   42.00000   28.00000  33.3%  13.4 4245s
 21959549 13910566   41.00000  132  254   42.00000   28.00000  33.3%  13.4 4250s
 21977556 13923161   40.00000   87  293   42.00000   28.00000  33.3%  13.4 4255s
 22012234 13943652   41.00000  147  173   42.00000   28.00000  33.3%  13.4 4260s
 22031322 13959951   39.00000   50  159   42.00000   28.00000  33.3%  13.4 4265s
 22064416 13977371   39.00000   70  190   42.00000   28.00000  33.3%  13.4 4270s
 22089151 13993501   40.00000  113  228   42.00000   28.00000  33.3%  13.4 4275s
 22116508 14011010   41.00000   85  234   42.00000   28.00000  33.3%  13.4 4280s
 22132063 14021237   28.00000   36  206   42.00000   28.00000  33.3%  13.4 4285s
 22154191 14035938   41.00000   53  242   42.00000   28.00000  33.3%  13.4 4290s
 22176851 14050532   39.00000   59  195   42.00000   28.00000  33.3%  13.4 4295s
 22201970 14067565   39.00000   57  224   42.00000   28.00000  33.3%  13.4 4300s
 22225843 14084514   41.00000  129  230   42.00000   28.00000  33.3%  13.4 4305s
 22255469 14102912   41.00000  153  162   42.00000   28.00000  33.3%  13.4 4310s
 22282746 14121013   41.00000   62  200   42.00000   28.00000  33.3%  13.4 4315s
 22309619 14139079   41.00000  212  110   42.00000   28.00000  33.3%  13.4 4320s
 22338286 14160019   36.00000   89  154   42.00000   28.00000  33.3%  13.4 4325s
 22364379 14173960   41.00000   72  215   42.00000   28.00000  33.3%  13.4 4330s
 22390572 14191862 infeasible   98        42.00000   28.00000  33.3%  13.4 4335s
 22417182 14211304   37.00000   71  214   42.00000   28.00000  33.3%  13.4 4340s
 22444592 14226607   41.00000  106  214   42.00000   28.00000  33.3%  13.4 4345s
 22470656 14243109 infeasible  231        42.00000   28.00000  33.3%  13.4 4352s
 22485064 14254872   41.00000  169  157   42.00000   28.00000  33.3%  13.4 4355s
 22510189 14270616 infeasible  182        42.00000   28.00000  33.3%  13.4 4360s
 22538868 14288841 infeasible  104        42.00000   28.00000  33.3%  13.4 4365s
 22564374 14306020   31.00000   64  225   42.00000   28.00000  33.3%  13.4 4370s
 22587807 14324287   41.00000  139  144   42.00000   28.00000  33.3%  13.4 4375s
 22619663 14341163   41.00000  167  187   42.00000   28.00000  33.3%  13.4 4380s
 22642317 14358978   41.00000  232  141   42.00000   28.00000  33.3%  13.4 4385s
 22671073 14374569   41.00000  106  187   42.00000   28.00000  33.3%  13.4 4390s
 22696139 14393393   41.00000   96  232   42.00000   28.00000  33.3%  13.4 4395s
 22721748 14408002   41.00000  183  145   42.00000   28.00000  33.3%  13.4 4400s
 22751250 14427126   28.00000   52  241   42.00000   28.00000  33.3%  13.4 4405s
 22772694 14442893   39.00000  139  181   42.00000   28.00000  33.3%  13.4 4410s
 22801366 14460971 infeasible  125        42.00000   28.00000  33.3%  13.4 4415s
 22828562 14482011   41.00000   86  145   42.00000   28.00000  33.3%  13.4 4420s
 22847815 14491445   41.00000   53  145   42.00000   28.00000  33.3%  13.4 4426s
 22865277 14503642   41.00000  103  221   42.00000   28.00000  33.3%  13.4 4430s
 22888332 14520493   39.00000   62  266   42.00000   28.00000  33.3%  13.4 4435s
 22911304 14536024   41.00000  107  276   42.00000   28.00000  33.3%  13.4 4440s
 22945491 14554607   39.00000   69  179   42.00000   28.00000  33.3%  13.4 4445s
 22967826 14570321   41.00000  199  178   42.00000   28.00000  33.3%  13.4 4450s
 22994326 14590119   41.00000  176  138   42.00000   28.00000  33.3%  13.4 4455s
 23024541 14606719 infeasible   81        42.00000   28.00000  33.3%  13.4 4460s
 23049590 14626398   41.00000  145  208   42.00000   28.00000  33.3%  13.4 4465s
 23079901 14642522   41.00000  136  175   42.00000   28.00000  33.3%  13.4 4470s
 23102465 14657977   41.00000   67  192   42.00000   28.00000  33.3%  13.4 4475s
 23128831 14677563   32.00000   36  296   42.00000   28.00000  33.3%  13.4 4480s
 23160054 14694450   37.00000   57  232   42.00000   28.00000  33.3%  13.4 4485s
 23184096 14713465   41.00000   68  214   42.00000   28.00000  33.3%  13.4 4490s
 23213127 14728146   41.00000  113  202   42.00000   28.00000  33.3%  13.4 4495s
 23237698 14744560   40.00000   48  246   42.00000   28.00000  33.3%  13.4 4500s
 23267266 14763018   40.00000   85  162   42.00000   28.00000  33.3%  13.4 4505s
 23293153 14778795   39.00000   52  172   42.00000   28.00000  33.3%  13.4 4510s
 23318130 14795804 infeasible   93        42.00000   28.00000  33.3%  13.4 4515s
 23341369 14814376   41.00000  104  190   42.00000   28.00000  33.3%  13.4 4520s
 23373220 14831578   41.00000  103  197   42.00000   28.00000  33.3%  13.4 4525s
 23396662 14846839 infeasible   79        42.00000   28.00000  33.3%  13.4 4530s
 23420970 14864363 infeasible  128        42.00000   28.00000  33.3%  13.4 4535s
 23445937 14881382   41.00000  199  119   42.00000   28.00000  33.3%  13.4 4540s
 23468987 14896616   38.00000   74  182   42.00000   28.00000  33.3%  13.4 4545s
 23488628 14909060 infeasible  155        42.00000   28.00000  33.3%  13.4 4550s
 23513946 14925315   41.00000   93  239   42.00000   28.00000  33.3%  13.4 4555s
 23537914 14941811   40.00000   73  272   42.00000   28.00000  33.3%  13.4 4560s
 23564197 14958812   38.00000   85  226   42.00000   28.00000  33.3%  13.4 4565s
 23591306 14975572   41.00000  118  185   42.00000   28.00000  33.3%  13.4 4570s
 23619241 14993707 infeasible  207        42.00000   28.00000  33.3%  13.4 4575s
 23644323 15009116   41.00000  124  153   42.00000   28.00000  33.3%  13.4 4580s
 23663481 15023817   41.00000   87  212   42.00000   28.00000  33.3%  13.4 4585s
 23693112 15041637   41.00000   81  213   42.00000   28.00000  33.3%  13.4 4590s
 23714902 15056738   41.00000  107  282   42.00000   28.00000  33.3%  13.4 4595s
 23735705 15071819   41.00000  103  183   42.00000   28.00000  33.3%  13.4 4600s
 23760825 15088614   41.00000  100  178   42.00000   28.00000  33.3%  13.4 4605s
 23786995 15104436   41.00000   69  142   42.00000   28.00000  33.3%  13.4 4611s
 23811061 15119558 infeasible  107        42.00000   28.00000  33.3%  13.4 4615s
 23836865 15136737 infeasible  117        42.00000   28.00000  33.3%  13.4 4620s
 23862690 15153536   38.00000  117  244   42.00000   28.00000  33.3%  13.4 4625s
 23889117 15170264   41.00000  132  152   42.00000   28.00000  33.3%  13.4 4630s
 23915281 15187560   38.00000   63  266   42.00000   28.00000  33.3%  13.4 4635s
 23938842 15204571   41.00000   70  151   42.00000   28.00000  33.3%  13.4 4640s
 23966616 15219750 infeasible  135        42.00000   28.00000  33.3%  13.4 4645s
 23985216 15233208 infeasible  128        42.00000   28.00000  33.3%  13.4 4650s
 24008671 15249273   41.00000  100  183   42.00000   28.00000  33.3%  13.4 4655s
 24038065 15267545 infeasible  128        42.00000   28.00000  33.3%  13.4 4660s
 24064068 15285333   41.00000   79  160   42.00000   28.00000  33.3%  13.4 4665s
 24089965 15302094   40.00000   51  123   42.00000   28.00000  33.3%  13.4 4670s
 24112665 15319164   40.00000   89  202   42.00000   28.00000  33.3%  13.4 4676s
 24132695 15330346   40.00000   60  170   42.00000   28.00000  33.3%  13.4 4680s
 24156280 15345907 infeasible  156        42.00000   28.00000  33.3%  13.4 4685s
 24182654 15362976   41.00000  145  146   42.00000   28.00000  33.3%  13.4 4690s
 24209963 15380146   40.00000   87  247   42.00000   28.00000  33.3%  13.4 4695s
 24235185 15399275   41.00000  246  133   42.00000   28.00000  33.3%  13.4 4700s
 24265522 15415310 infeasible   72        42.00000   28.00000  33.3%  13.4 4705s
 24282132 15430628   41.00000  128  278   42.00000   28.00000  33.3%  13.4 4710s
 24316751 15448817   41.00000  138  114   42.00000   28.00000  33.3%  13.4 4715s
 24337444 15463752 infeasible  108        42.00000   28.00000  33.3%  13.4 4720s
 24362258 15480546   41.00000   88  157   42.00000   28.00000  33.3%  13.4 4725s
 24388165 15499855   41.00000   95  225   42.00000   28.00000  33.3%  13.4 4730s
 24406333 15509698 infeasible  169        42.00000   28.00000  33.3%  13.4 4735s
 24432660 15526244   41.00000   91  272   42.00000   28.00000  33.3%  13.4 4740s
 24456873 15542317 infeasible   86        42.00000   28.00000  33.3%  13.4 4745s
 24482716 15561207   41.00000  112  336   42.00000   28.00000  33.3%  13.4 4750s
 24510780 15577362   41.00000   97  202   42.00000   28.00000  33.3%  13.4 4755s
 24540470 15598921   41.00000   67  188   42.00000   28.00000  33.3%  13.4 4760s
 24566303 15611593   40.00000   55  208   42.00000   28.00000  33.3%  13.4 4765s
 24582728 15625230   41.00000   92  195   42.00000   28.00000  33.3%  13.4 4770s
 24610441 15642505   41.00000  138  215   42.00000   28.00000  33.3%  13.4 4775s
 24639008 15660754   34.00000   43  164   42.00000   28.00000  33.3%  13.4 4780s
 24665210 15677515   41.00000  103  237   42.00000   28.00000  33.3%  13.4 4785s
 24692775 15695884   41.00000  133  130   42.00000   28.00000  33.3%  13.4 4790s
 24718954 15714563   41.00000  228  101   42.00000   28.00000  33.3%  13.4 4795s
 24737076 15724832   41.00000  141  101   42.00000   28.00000  33.3%  13.4 4800s
 24758057 15741283   34.00000   57  185   42.00000   28.00000  33.3%  13.4 4805s
 24780829 15756130   41.00000   86  204   42.00000   28.00000  33.3%  13.4 4810s
 24812749 15773551   40.00000  157  230   42.00000   28.00000  33.3%  13.4 4815s
 24843397 15792380   38.00000   59  202   42.00000   28.00000  33.3%  13.4 4820s
 24866546 15808438   41.00000   55  141   42.00000   28.00000  33.3%  13.4 4825s
 24896357 15826809   41.00000  197  147   42.00000   28.00000  33.3%  13.4 4830s
 24921293 15846273   34.00000   40  298   42.00000   28.00000  33.3%  13.4 4835s
 24952666 15862815   40.00000   40  138   42.00000   28.00000  33.3%  13.4 4840s
 24975963 15878590   41.00000   95  216   42.00000   28.00000  33.3%  13.4 4845s
 24997839 15894897   41.00000  152  118   42.00000   28.00000  33.3%  13.4 4850s
 25028279 15912585 infeasible   83        42.00000   28.00000  33.3%  13.4 4855s
 25046911 15926801   41.00000   68  213   42.00000   28.00000  33.3%  13.4 4860s
 25067672 15940284   41.00000  116  150   42.00000   28.00000  33.3%  13.4 4865s
 25084973 15954507   40.00000   52  216   42.00000   28.00000  33.3%  13.4 4870s
 25108423 15970718   41.00000  120  108   42.00000   28.00000  33.3%  13.4 4875s
 25135587 15988712   41.00000  249  156   42.00000   28.00000  33.3%  13.4 4880s
 25168646 16005341 infeasible   96        42.00000   28.00000  33.3%  13.4 4885s
 25193117 16021202   41.00000   75  178   42.00000   28.00000  33.3%  13.4 4890s
 25220166 16038779   36.00000   74  180   42.00000   28.00000  33.3%  13.4 4895s
 25246864 16055825   41.00000   91  137   42.00000   28.00000  33.3%  13.4 4900s
 25269861 16072140 infeasible   87        42.00000   28.00000  33.3%  13.4 4905s
 25288713 16084531   36.00000   83  256   42.00000   28.00000  33.3%  13.4 4910s
 25315339 16101430 infeasible   94        42.00000   28.00000  33.3%  13.4 4915s
 25341958 16119699   41.00000   93  156   42.00000   28.00000  33.3%  13.4 4920s
 25367351 16138071   40.00000   97  272   42.00000   28.00000  33.3%  13.4 4925s
 25394555 16153913   41.00000  134  219   42.00000   28.00000  33.3%  13.3 4930s
 25417466 16169009   40.00000   55  135   42.00000   28.00000  33.3%  13.3 4935s
 25447984 16188543   41.00000   84  189   42.00000   28.00000  33.3%  13.3 4940s
 25470326 16203249   39.00000   58  193   42.00000   28.00000  33.3%  13.3 4946s
 25487010 16215361   41.00000  126  178   42.00000   28.00000  33.3%  13.3 4950s
 25509372 16230145   41.00000   49  145   42.00000   28.00000  33.3%  13.3 4955s
 25538340 16251492   41.00000  108  228   42.00000   28.00000  33.3%  13.3 4960s
 25568836 16267443   41.00000  136  134   42.00000   28.00000  33.3%  13.3 4965s
 25594105 16283170   38.00000   57  121   42.00000   28.00000  33.3%  13.3 4970s
 25619893 16299833   41.00000   85  303   42.00000   28.00000  33.3%  13.3 4975s
 25631946 16308811   41.00000  290   60   42.00000   28.00000  33.3%  13.3 4980s
 25649524 16320751   35.00000   45  164   42.00000   28.00000  33.3%  13.4 4985s
 25670601 16334971   41.00000   85  170   42.00000   28.00000  33.3%  13.4 4990s
 25694044 16350207   38.00000   57  184   42.00000   28.00000  33.3%  13.4 4995s
 25721493 16367937   41.00000   86  159   42.00000   28.00000  33.3%  13.4 5000s
 25745479 16382677   41.00000  114  203   42.00000   28.00000  33.3%  13.4 5005s
 25768039 16397284 infeasible  223        42.00000   28.00000  33.3%  13.4 5010s
 25793320 16413145   30.00000   63  173   42.00000   28.00000  33.3%  13.4 5018s
