300 267
0 : 2 0 2 3 0
1 : 229 72 18 12 1
2 : 178 9 14 5 0
3 : 0 44 11 6 0
4 : 84 2 12 16 1
5 : 0 223 6 44 1
6 : 142 6 2 10 0
7 : 59 0 2 23 1
8 : 7 0 52 6 0
9 : 33 14 12 39 1
10 : 14 46 7 26 0
11 : 111 7 10 13 0
12 : 191 142 19 3 1
13 : 234 208 59 12 1
14 : 223 0 2 14 1
15 : 107 33 8 4 1
16 : 86 127 39 39 0
17 : 139 19 14 24 1
18 : 97 57 20 19 1
19 : 160 6 4 4 0
20 : 125 137 18 14 0
21 : 133 74 12 23 0
22 : 72 255 30 12 0
23 : 195 1 1 2 0
24 : 195 17 2 11 0
25 : 87 246 5 26 1
26 : 22 41 9 16 0
27 : 122 172 65 32 1
28 : 46 190 23 19 0
29 : 150 83 5 19 1
30 : 119 77 10 14 0
31 : 134 0 6 30 1
32 : 181 0 31 1 0
33 : 199 37 16 5 1
34 : 194 182 26 6 1
35 : 207 7 8 3 1
36 : 0 57 7 15 0
37 : 197 1 2 2 0
38 : 257 7 1 24 1
39 : 200 180 9 50 0
40 : 216 3 7 2 0
41 : 85 170 20 14 1
42 : 169 3 22 6 0
43 : 129 22 3 4 0
44 : 164 0 2 4 0
45 : 119 0 7 2 0
46 : 72 47 22 48 0
47 : 26 111 67 26 1
48 : 168 240 22 23 0
49 : 212 180 39 14 1
50 : 94 47 7 29 1
51 : 235 41 13 45 1
52 : 147 15 22 2 0
53 : 123 5 14 5 1
54 : 249 151 19 29 0
55 : 199 7 8 2 0
56 : 99 166 46 23 1
57 : 69 199 22 9 1
58 : 182 28 7 14 0
59 : 260 1 1 33 1
60 : 129 97 25 9 1
61 : 190 254 13 4 1
62 : 212 43 23 29 0
63 : 86 190 11 31 0
64 : 229 29 14 3 1
65 : 166 0 1 2 0
66 : 72 40 7 25 1
67 : 138 97 28 7 1
68 : 217 119 20 22 0
69 : 135 33 15 4 1
70 : 109 212 4 25 0
71 : 160 33 9 4 1
72 : 145 60 23 16 1
73 : 235 90 14 19 0
74 : 97 77 10 34 0
75 : 220 10 9 9 0
76 : 126 0 2 4 1
77 : 0 26 103 7 0
78 : 174 16 4 3 0
79 : 287 169 11 37 0
80 : 134 16 8 3 0
81 : 253 37 4 26 1
82 : 167 0 14 2 0
83 : 241 65 8 15 0
84 : 31 48 13 44 0
85 : 241 2 40 2 0
86 : 222 219 12 38 0
87 : 113 254 39 13 0
88 : 154 209 4 16 0
89 : 82 0 2 37 1
90 : 144 6 4 3 1
91 : 229 101 6 9 0
92 : 129 74 13 4 1
93 : 154 225 12 15 0
94 : 100 5 22 2 0
95 : 209 75 7 13 0
96 : 209 219 13 35 0
97 : 161 126 29 48 0
98 : 164 14 9 1 0
99 : 253 10 30 3 0
100 : 86 96 11 31 0
101 : 239 0 21 2 0
102 : 152 6 4 4 0
103 : 126 122 14 1 1
104 : 214 5 1 9 1
105 : 133 160 9 12 0
106 : 129 48 2 40 1
107 : 269 181 22 18 1
108 : 237 156 8 17 0
109 : 169 33 13 1 1
110 : 44 89 22 28 1
111 : 200 231 8 36 0
112 : 129 87 3 7 0
113 : 212 101 18 15 1
114 : 0 140 14 21 0
115 : 22 178 24 45 0
116 : 193 15 4 2 1
117 : 246 245 22 14 1
118 : 197 6 95 1 0
119 : 0 72 26 68 0
120 : 225 73 15 4 1
121 : 100 33 5 7 0
122 : 145 88 46 38 0
123 : 169 53 4 1 0
124 : 178 62 4 5 0
125 : 0 6 58 2 0
126 : 237 142 14 8 1
127 : 53 38 17 47 0
128 : 145 33 15 15 0
129 : 249 54 6 18 0
130 : 113 212 9 17 0
131 : 197 21 16 2 1
132 : 229 10 9 6 1
133 : 182 42 7 7 0
134 : 237 7 14 4 1
135 : 207 41 5 22 0
136 : 129 125 12 15 1
137 : 238 21 11 5 0
138 : 287 29 9 14 0
139 : 273 118 33 13 1
140 : 128 12 8 4 0
141 : 293 217 28 7 1
142 : 263 208 17 59 0
143 : 296 7 4 37 0
144 : 164 28 9 1 1
145 : 189 19 6 9 0
146 : 125 152 20 8 1
147 : 263 0 24 1 0
148 : 249 191 14 54 0
149 : 286 120 49 10 1
150 : 176 67 14 8 0
151 : 268 80 9 18 1
152 : 249 7 4 7 0
153 : 165 17 9 16 0
154 : 72 221 25 37 1
155 : 154 174 32 29 1
156 : 156 6 8 4 1
157 : 207 101 2 15 0
158 : 9 33 61 5 0
159 : 296 245 4 22 0
160 : 129 59 8 15 0
161 : 190 63 19 25 0
162 : 282 59 4 21 0
163 : 122 54 5 19 1
164 : 212 156 19 24 0
165 : 140 237 14 17 0
166 : 297 0 7 3 1
167 : 293 0 29 3 1
168 : 105 7 15 4 1
169 : 219 89 10 12 0
170 : 257 89 43 9 0
171 : 223 7 14 3 0
172 : 0 0 2 3 0
173 : 253 89 20 4 1
174 : 0 161 22 62 0
175 : 249 72 17 17 0
176 : 266 8 26 2 0
177 : 195 141 15 12 1
178 : 257 4 2 36 1
179 : 52 137 32 50 0
180 : 31 43 5 22 1
181 : 249 21 16 8 1
182 : 286 59 14 30 0
183 : 298 98 5 2 1
184 : 210 1 1 2 0
185 : 126 2 8 3 0
186 : 280 29 30 7 1
187 : 0 33 4 9 1
188 : 226 30 9 3 1
189 : 204 39 14 3 1
190 : 72 95 42 14 1
191 : 245 109 34 9 0
192 : 241 54 4 11 0
193 : 0 229 38 72 1
194 : 299 44 6 1 1
195 : 293 43 3 5 0
196 : 260 180 10 8 1
197 : 200 126 12 12 0
198 : 289 43 4 12 0
199 : 280 206 13 61 0
