
Gurobi 10.0.0 (linux64, C++) logging started Tue Dec 13 21:08:40 2022

Set parameter Username
Set parameter TimeLimit to value 3000
Set parameter LogFile to value "./log/milp-200b-3000s-verbose.log"
Academic license - for non-commercial use only - expires 2023-12-06
Gurobi Optimizer version 10.0.0 build v10.0.0rc2 (linux64)

CPU model: 12th Gen Intel(R) Core(TM) i9-12900, instruction set [SSE2|AVX|AVX2]
Thread count: 24 physical cores, 24 logical processors, using up to 24 threads

Optimize a model with 80400 rows, 40401 columns and 395800 nonzeros
Model fingerprint: 0x6c39ed3d
Variable types: 0 continuous, 40401 integer (40000 binary)
Coefficient statistics:
  Matrix range     [1e+00, 3e+03]
  Objective range  [1e+00, 1e+00]
  Bounds range     [1e+00, 1e+00]
  RHS range        [1e+00, 6e+03]
Presolve removed 409 rows and 9 columns
Presolve time: 0.24s
Presolved: 79991 rows, 40392 columns, 395391 nonzeros
Variable types: 0 continuous, 40392 integer (39991 binary)

Deterministic concurrent LP optimizer: primal and dual simplex (primal and dual model)
Showing first log only...

Root relaxation presolved: 79991 rows, 40392 columns, 395391 nonzeros

Concurrent spin time: 0.24s

Solved with primal simplex (primal model)

Root relaxation: objective 3.900000e+01, 14467 iterations, 0.53 seconds (0.63 work units)

    Nodes    |    Current Node    |     Objective Bounds      |     Work
 Expl Unexpl |  Obj  Depth IntInf | Incumbent    BestBd   Gap | It/Node Time

     0     0   39.00000    0 1331          -   39.00000      -     -    4s
     0     0   39.00000    0 2460          -   39.00000      -     -    6s
     0     0   39.00000    0 3443          -   39.00000      -     -    9s
     0     0   39.00000    0 1551          -   39.00000      -     -   13s
     0     0   39.00000    0 1710          -   39.00000      -     -   15s
     0     0   39.00000    0 1668          -   39.00000      -     -   19s
     0     0   39.00000    0 1824          -   39.00000      -     -   21s
     0     0   39.00000    0 1723          -   39.00000      -     -   24s
     0     0   39.00000    0 1852          -   39.00000      -     -   25s
     0     0   39.00000    0 1530          -   39.00000      -     -   30s
     0     0   39.00000    0 1776          -   39.00000      -     -   32s
     0     0   39.00000    0 1503          -   39.00000      -     -   36s
     0     0   39.00000    0 1388          -   39.00000      -     -   40s
     0     2   39.00000    0 1387          -   39.00000      -     -   49s
     1     4   39.00000    1 1354          -   39.00000      -  4912   50s
    15    32   39.00000    4 2114          -   39.00000      -  4012   56s
    31    56   39.00000    5 2182          -   39.00000      -  3937   60s
    55    80   39.00000    6 2893          -   39.00000      -  3634   67s
    79   104   39.00000    6 2221          -   39.00000      -  3637   74s
   103   128   39.00000    7 2238          -   39.00000      -  3316   79s
   127   153   39.00000    8 2160          -   39.00000      -  3223   83s
   152   182   39.00000    9 2376          -   39.00000      -  3074   90s
   181   246   39.00000    9 2233          -   39.00000      -  3064  101s
   245   409   39.00000   11 2251          -   39.00000      -  2778  123s
   408   804   39.00000   13 2123          -   39.00000      -  2282  181s
   803  2233   39.00000   19 2233          -   39.00000      -  1810  298s
  2232  3997   39.00000   32 2358          -   39.00000      -  1248  436s
  3996  6170   39.00000   48 2589          -   39.00000      -  1105  571s
  6169  8420   39.00000   63 2410          -   39.00000      -   975  692s
  8419 11263   39.00000  100 2487          -   39.00000      -   885  810s
 11263 15218   39.00000  121 1872          -   39.00000      -   773  894s
 15227 15219   39.00000  523 1388          -   39.00000      -   640  899s
 15228 15220   39.00000   43 1388          -   39.00000      -   640  900s
 15229 15220   39.00000   74 1220          -   39.00000      -   639  907s
 15230 15221   39.00000   10 1310          -   39.00000      -   639  930s
 15231 15222   39.00000  110 1931          -   39.00000      -   639  935s
 15232 15222   39.00000  127 1326          -   39.00000      -   639  947s
 15233 15223   39.00000  148 2359          -   39.00000      -   639  953s
 15234 15224   39.00000   31 1322          -   39.00000      -   639  969s
 15235 15224   39.00000   49 2442          -   39.00000      -   639  978s
 15236 15225   39.00000   92 1794          -   39.00000      -   639  996s
 15237 15226   39.00000  439 3043          -   39.00000      -   639 1000s
 15238 15226   39.00000  239 1552          -   39.00000      -   639 1009s
 15239 15227   48.00000  292 2931          -   39.00000      -   639 1011s
 15240 15228   39.00000  239 1789          -   39.00000      -   639 1018s
 15241 15228   39.00000   47 2820          -   39.00000      -   639 1021s
 15242 15229   39.00000   36 1601          -   39.00000      -   639 1031s
 15244 15230   46.00000  355 1871          -   39.00000      -   639 1044s
 15245 15231   39.00000  533 2712          -   39.00000      -   639 1047s
 15246 15232   43.00000  256 1595          -   39.00000      -   639 1057s
 15248 15233   39.00000   82 1686          -   39.00000      -   639 1065s
 15250 15234   78.00000  439 1681          -   39.00000      -   639 1073s
 15251 15238   39.00000   11 1832          -   39.00000      -  27.8 1080s
H15253 14478                    3211.0000000   39.00000  98.8%  28.3 1085s
H15257 13761                     375.0000000   39.00000  89.6%  28.8 1103s
H15261 13073                     358.0000000   39.00000  89.1%  29.9 1103s
 15265 13087   39.00000   14 1916  358.00000   39.00000  89.1%  31.2 1106s
 15305 13122   39.00000   16 1868  358.00000   39.00000  89.1%  32.6 1118s
H15306 12468                     324.0000000   39.00000  88.0%  32.5 1118s
H15314 11844                     318.0000000   39.00000  87.7%  32.9 1118s
H15323 11252                     315.0000000   39.00000  87.6%  33.1 1118s
 15329 11274   39.00000   16 1888  315.00000   39.00000  87.6%  33.1 1120s
 15377 11306   39.00000   17 1866  315.00000   39.00000  87.6%  33.9 1126s
 15426 11340   58.00000   18 1634  315.00000   39.00000  87.6%  34.7 1133s
 15451 11357   39.00000   19 2030  315.00000   39.00000  87.6%  35.1 1136s
 15477 11375   39.00000   19 2169  315.00000   39.00000  87.6%  35.7 1140s
 15534 11416   48.00000   20 1678  315.00000   39.00000  87.6%  36.6 1147s
 15563 11444   39.00000   21 2020  315.00000   39.00000  87.6%  37.2 1152s
 15601 11467   39.00000   21 2078  315.00000   39.00000  87.6%  38.0 1156s
 15637 11494   39.00000   22 3804  315.00000   39.00000  87.6%  38.6 1160s
 15711 11547   39.00000   23 2092  315.00000   39.00000  87.6%  39.6 1169s
 15753 11557   70.00000   24 1950  315.00000   39.00000  87.6%  40.3 1176s
 15777 11627   39.00000   25 2655  315.00000   39.00000  87.6%  41.0 1184s
 15855 11625   40.00000   26 2441  315.00000   39.00000  87.6%  42.0 1215s
 15879 11699   39.00000   27 2530  315.00000   39.00000  87.6%  42.4 1225s
 15961 11805   43.00000   27 2392  315.00000   39.00000  87.6%  43.5 1239s
 16095 11895   50.00000   29 2247  315.00000   39.00000  87.6%  44.9 1253s
 16229 11992   39.00000   31 2831  315.00000   39.00000  87.6%  46.7 1268s
 16371 12123   39.00000   33 2854  315.00000   39.00000  87.6%  48.3 1286s
 16549 12291   39.00000   36 2732  315.00000   39.00000  87.6%  50.8 1309s
 16777 12454   39.00000   39 2721  315.00000   39.00000  87.6%  52.8 1335s
 17016 12672   39.00000   41 2756  315.00000   39.00000  87.6%  55.7 1366s
 17313 12926   39.00000   45 2821  315.00000   39.00000  87.6%  58.7 1402s
 17668 13231   39.00000   50 1649  315.00000   39.00000  87.6%  63.7 1445s
 18092 13565   39.00000   51 2821  315.00000   39.00000  87.6%  67.2 1492s
 18567 13969   39.00000   57 3392  315.00000   39.00000  87.6%  71.5 1546s
 19129 14422   45.00000   61 3006  315.00000   39.00000  87.6%  76.6 1612s
 19770 14483   39.00000   69 3408  315.00000   39.00000  87.6%  81.8 1667s
 20044 15279   39.00000   70 1753  315.00000   39.00000  87.6%  87.2 1753s
 20932 16025   39.00000   72 1745  315.00000   39.00000  87.6%  93.6 1857s
 21974 16960   40.00000   80 2751  315.00000   39.00000  87.6%  97.7 1970s
 23256 17454   42.00000   95 2673  315.00000   39.00000  87.6%   103 2080s
H23769 16723                     308.0000000   39.00000  87.3%   106 2080s
 24177 18554   42.00000  108 2712  308.00000   39.00000  87.3%   107 2253s
 26144 20161   52.00000  138 2847  308.00000   39.00000  87.3%   111 2451s
 28408 22374   50.00000  177 3068  308.00000   39.00000  87.3%   113 2700s
H28990 21647                     305.0000000   39.00000  87.2%   113 2700s
 31376 21036   50.00000  232 3088  305.00000   39.00000  87.2%   111 2772s
H31429 20362                     282.0000000   39.00000  86.2%   111 2772s
 31560 22493   79.00000  232 2750  282.00000   39.00000  86.2%   111 2950s
 33751 22471   56.00000  270 3540  282.00000   39.00000  86.2%   110 3000s

Cutting planes:
  Learned: 2
  Gomory: 26
  Implied bound: 6
  MIR: 78
  StrongCG: 15
  Flow cover: 627
  Zero half: 17
  RLT: 2

Explored 34461 nodes (13723027 simplex iterations) in 3000.73 seconds (1668.90 work units)
Thread count was 24 (of 24 available processors)

Solution count 9: 282 305 308 ... 3211

Time limit reached
Best objective 2.820000000000e+02, best bound 3.900000000000e+01, gap 86.1702%
