100 43
0 : 75 38 4 22 1
1 : 77 1 9 4 1
2 : 82 17 18 10 0
3 : 81 0 19 9 0
4 : 46 26 5 4 1
5 : 39 31 3 3 0
6 : 75 34 4 15 1
7 : 5 23 1 3 0
8 : 37 23 13 3 0
9 : 65 21 13 14 1
10 : 37 30 2 4 0
11 : 80 42 1 14 1
12 : 37 34 8 13 1
13 : 93 11 1 7 1
14 : 0 26 11 16 0
15 : 0 8 11 1 1
16 : 42 42 38 1 0
17 : 80 11 9 5 0
18 : 4 21 2 8 1
19 : 79 21 6 2 1
20 : 7 23 2 4 1
21 : 56 8 2 21 1
22 : 42 28 4 5 0
23 : 83 30 17 4 0
24 : 39 26 7 2 0
25 : 37 42 5 1 0
26 : 83 27 3 17 1
27 : 0 1 2 3 0
28 : 52 1 7 25 1
29 : 48 2 3 3 0
30 : 5 5 4 7 1
31 : 65 34 8 10 1
32 : 50 10 32 15 1
33 : 0 19 5 3 1
34 : 97 35 7 3 1
35 : 86 9 2 14 1
36 : 94 12 5 6 1
37 : 80 16 14 1 0
38 : 1 9 11 8 0
39 : 65 10 15 11 0
40 : 2 0 9 1 0
41 : 64 0 1 17 1
42 : 5 18 3 4 1
43 : 11 23 20 26 1
44 : 48 5 13 2 1
45 : 2 1 4 4 0
46 : 3 42 1 8 1
47 : 12 0 23 36 1
48 : 0 24 2 2 0
49 : 37 28 4 2 0
