
Gurobi 10.0.0 (linux64, C++) logging started Wed Dec 14 17:24:34 2022

Set parameter Username
Set parameter TimeLimit to value 3000
Set parameter LogFile to value "./log/milp-50b-3000s-verbose.log"
Academic license - for non-commercial use only - expires 2023-12-06
Gurobi Optimizer version 10.0.0 build v10.0.0rc2 (linux64)

CPU model: 12th Gen Intel(R) Core(TM) i9-12900, instruction set [SSE2|AVX|AVX2]
Thread count: 24 physical cores, 24 logical processors, using up to 24 threads

Optimize a model with 5100 rows, 2601 columns and 24450 nonzeros
Model fingerprint: 0x1bb5ba75
Variable types: 0 continuous, 2601 integer (2500 binary)
Coefficient statistics:
  Matrix range     [1e+00, 4e+02]
  Objective range  [1e+00, 1e+00]
  Bounds range     [1e+00, 1e+00]
  RHS range        [1e+00, 8e+02]
Presolve removed 104 rows and 4 columns
Presolve time: 0.03s
Presolved: 4996 rows, 2597 columns, 24346 nonzeros
Variable types: 0 continuous, 2597 integer (2496 binary)

Root relaxation: objective 2.300000e+01, 1002 iterations, 0.01 seconds (0.03 work units)

    Nodes    |    Current Node    |     Objective Bounds      |     Work
 Expl Unexpl |  Obj  Depth IntInf | Incumbent    BestBd   Gap | It/Node Time

     0     0   23.00000    0   50          -   23.00000      -     -    0s
H    0     0                      88.0000000   23.00000  73.9%     -    0s
H    0     0                      64.0000000   23.00000  64.1%     -    0s
     0     0   23.00000    0  188   64.00000   23.00000  64.1%     -    0s
H    0     0                      63.0000000   23.00000  63.5%     -    0s
     0     0   23.00000    0  253   63.00000   23.00000  63.5%     -    0s
     0     0   23.00000    0   70   63.00000   23.00000  63.5%     -    0s
     0     0   23.00000    0   72   63.00000   23.00000  63.5%     -    0s
     0     0   23.00000    0   47   63.00000   23.00000  63.5%     -    0s
     0     0   23.00000    0   76   63.00000   23.00000  63.5%     -    0s
     0     0   23.00000    0   58   63.00000   23.00000  63.5%     -    0s
     0     0   23.00000    0  136   63.00000   23.00000  63.5%     -    0s
     0     0   23.00000    0   57   63.00000   23.00000  63.5%     -    0s
     0     0   23.00000    0  100   63.00000   23.00000  63.5%     -    0s
     0     0   23.00000    0   48   63.00000   23.00000  63.5%     -    1s
     0     0   23.00000    0   38   63.00000   23.00000  63.5%     -    1s
     0     2   23.00000    0   33   63.00000   23.00000  63.5%     -    1s
H  113   123                      61.0000000   23.00000  62.3%  66.9    1s
H 2231  2592                      60.0000000   23.00000  61.7%  32.1    3s
H 3602  2895                      59.0000000   23.00000  61.0%  24.1    3s
H 5347  3617                      58.0000000   23.00000  60.3%  22.1    3s
H 5432  3703                      57.0000000   23.00000  59.6%  21.9    3s
H 6023  3843                      56.0000000   23.00000  58.9%  22.2    3s
H 6332  3153                      53.0000000   23.00000  56.6%  22.1    3s
H 6334  2971                      52.0000000   23.00000  55.8%  22.1    4s
H 6337  2824                      51.0000000   23.00000  54.9%  22.1    4s
H 6339  2684                      50.0000000   23.00000  54.0%  22.1    4s
H 6345  2553                      49.0000000   23.00000  53.1%  22.1    5s
H 6353  2430                      48.0000000   23.00000  52.1%  22.0    6s
H 6459  2402                      47.0000000   23.00000  51.1%  26.5    8s
 10602  5442   36.00000   78  157   47.00000   23.00000  51.1%  23.5   10s
H14776  4769                      46.0000000   23.00000  50.0%  20.6   10s
H22501  8060                      45.0000000   23.00000  48.9%  18.6   12s
H36529 10822                      44.0000000   23.00000  47.7%  16.4   14s
 36745 11861   40.00000   40  209   44.00000   23.00000  47.7%  16.4   15s
 56300 29464   43.00000  165  153   44.00000   23.00000  47.7%  14.8   20s
 86957 52560   32.00000   49  236   44.00000   23.00000  47.7%  14.2   25s
 110484 71080   43.00000  271   95   44.00000   23.00000  47.7%  14.2   30s
 126319 85201   43.00000  238   71   44.00000   23.00000  47.7%  14.4   35s
 148266 102917   41.00000   47  218   44.00000   23.00000  47.7%  14.3   40s
 170767 119327   41.00000  104  207   44.00000   23.00000  47.7%  14.2   45s
 178651 125273   42.00000   72  195   44.00000   23.00000  47.7%  14.2   50s
 196440 138012   38.00000   35  152   44.00000   23.00000  47.7%  14.3   55s
 215025 153785   35.00000   94  144   44.00000   23.00000  47.7%  14.4   60s
 238546 172176   43.00000  121  115   44.00000   23.00000  47.7%  14.4   65s
 256357 185155   43.00000   65  146   44.00000   23.00000  47.7%  14.4   70s
 288208 207419   35.00000   94  244   44.00000   23.00000  47.7%  14.3   76s
 305664 220448 infeasible  115        44.00000   23.00000  47.7%  14.3   80s
H327322 99893                      43.0000000   23.00000  46.5%  14.3   84s
 333060 103418 infeasible  115        43.00000   23.00000  46.5%  14.3   85s
 356049 119358   42.00000   62  222   43.00000   23.00000  46.5%  14.4   90s
 376435 134783   36.00000   34  102   43.00000   23.00000  46.5%  14.5   96s
 389010 145919   28.00000   31  106   43.00000   23.00000  46.5%  14.6  100s
 411146 159064   23.00000   31  144   43.00000   23.00000  46.5%  14.5  105s
 423380 170315   34.00000   27  104   43.00000   23.00000  46.5%  14.6  110s
 438110 181916   42.00000   94  134   43.00000   23.00000  46.5%  14.6  115s
 459496 196543   42.00000  104  158   43.00000   23.00000  46.5%  14.6  120s
 479616 211045   42.00000   55  160   43.00000   23.00000  46.5%  14.7  125s
 498945 225426 infeasible  149        43.00000   23.00000  46.5%  14.7  130s
 519115 239551   41.00000   87  162   43.00000   23.00000  46.5%  14.8  135s
 533438 249597   42.00000  212  117   43.00000   23.00000  46.5%  14.8  140s
 552147 264265   42.00000  150  134   43.00000   23.00000  46.5%  14.9  145s
 571699 276739   36.00000   37  144   43.00000   23.00000  46.5%  14.9  150s
 587530 289308   23.00000   33   81   43.00000   23.00000  46.5%  15.0  155s
 612656 306191   36.00000   34  228   43.00000   23.00000  46.5%  15.0  160s
 631450 320153   42.00000   86  271   43.00000   23.00000  46.5%  15.1  166s
 640579 327474   41.00000   63  130   43.00000   23.00000  46.5%  15.1  170s
 658707 340309   42.00000  112  134   43.00000   23.00000  46.5%  15.1  175s
 681423 355938   42.00000   61  192   43.00000   23.00000  46.5%  15.1  180s
 696743 368265 infeasible   59        43.00000   23.00000  46.5%  15.1  185s
 712441 380616   40.00000   64  192   43.00000   23.00000  46.5%  15.2  190s
 733518 394444   23.00000   43  107   43.00000   23.00000  46.5%  15.2  195s
 747877 405519   42.00000  244   95   43.00000   23.00000  46.5%  15.3  200s
 763916 416814   42.00000  146  214   43.00000   23.00000  46.5%  15.3  205s
 782918 430277   41.00000   78  194   43.00000   23.00000  46.5%  15.3  211s
 797824 442054   42.00000   70  239   43.00000   23.00000  46.5%  15.4  215s
H814881 207423                      42.0000000   23.00000  45.2%  15.4  220s
 825686 215352   39.00000   41  133   42.00000   23.00000  45.2%  15.4  225s
 840868 225627   41.00000   59  141   42.00000   23.00000  45.2%  15.5  230s
 853515 234836   41.00000   88  140   42.00000   23.00000  45.2%  15.5  235s
 862218 247998   40.00000   65  178   42.00000   23.00000  45.2%  15.5  242s
 882481 254462   35.00000   33  139   42.00000   23.00000  45.2%  15.6  245s
 904998 269364   38.00000   55  165   42.00000   23.00000  45.2%  15.6  251s
 918749 279568   41.00000  160  123   42.00000   23.00000  45.2%  15.7  255s
 937129 292143   41.00000  125  210   42.00000   23.00000  45.2%  15.7  260s
 950798 302414   41.00000  206  115   42.00000   23.00000  45.2%  15.7  265s
 974119 318998   40.00000  109  166   42.00000   24.00000  42.9%  15.7  270s
 997061 335317 infeasible  176        42.00000   24.00000  42.9%  15.8  275s
 1028468 355419   39.00000   96  198   42.00000   24.00000  42.9%  15.7  280s
 1052484 374527   41.00000  102  188   42.00000   24.00000  42.9%  15.7  285s
 1083690 393200   41.00000  163  168   42.00000   24.00000  42.9%  15.6  290s
 1112861 412458   37.00000   30  134   42.00000   24.00000  42.9%  15.6  295s
 1139457 429897   38.00000   42  182   42.00000   24.00000  42.9%  15.6  300s
 1172707 450729 infeasible  125        42.00000   24.00000  42.9%  15.5  305s
 1197422 468208 infeasible   62        42.00000   24.00000  42.9%  15.5  310s
 1225566 490928   41.00000  112  195   42.00000   24.00000  42.9%  15.5  315s
 1252498 505781 infeasible   70        42.00000   24.00000  42.9%  15.4  320s
 1282011 524868   37.00000   63  222   42.00000   24.00000  42.9%  15.4  325s
 1309046 543932   41.00000  221  145   42.00000   24.00000  42.9%  15.4  330s
 1337243 561530 infeasible   91        42.00000   24.00000  42.9%  15.3  335s
 1365932 580326   41.00000  167  108   42.00000   24.00000  42.9%  15.3  340s
 1393631 601125   41.00000  135  186   42.00000   24.00000  42.9%  15.3  345s
 1416734 617748   41.00000   71  110   42.00000   24.00000  42.9%  15.3  350s
 1448142 635619 infeasible   69        42.00000   24.00000  42.9%  15.2  355s
 1473504 652603 infeasible  126        42.00000   24.00000  42.9%  15.2  360s
 1503842 673428   41.00000   88  232   42.00000   24.00000  42.9%  15.2  365s
 1534757 693040   35.00000   52  192   42.00000   24.00000  42.9%  15.2  370s
 1561467 710886   41.00000  118  253   42.00000   24.00000  42.9%  15.2  375s
 1587824 728764   41.00000  124  164   42.00000   24.00000  42.9%  15.2  380s
 1618811 748894   41.00000  118  155   42.00000   24.00000  42.9%  15.1  385s
 1644919 766018 infeasible  101        42.00000   24.00000  42.9%  15.1  390s
 1674369 784546   41.00000  267  110   42.00000   24.00000  42.9%  15.1  395s
 1702356 803878   41.00000  130  136   42.00000   24.00000  42.9%  15.1  400s
 1729389 822637   39.00000  124  193   42.00000   25.00000  40.5%  15.1  405s
 1757582 841366   41.00000   93  192   42.00000   25.00000  40.5%  15.1  410s
 1786717 862378   41.00000  239  125   42.00000   25.00000  40.5%  15.0  415s
 1816888 883270   41.00000  118  191   42.00000   25.00000  40.5%  15.0  420s
 1849248 903906   41.00000   59  193   42.00000   25.00000  40.5%  15.0  425s
 1879757 923124 infeasible  143        42.00000   25.00000  40.5%  14.9  430s
 1905486 940968   41.00000  141  146   42.00000   25.00000  40.5%  14.9  435s
 1936391 960565 infeasible  146        42.00000   25.00000  40.5%  14.9  440s
 1961764 977375   41.00000  112  168   42.00000   25.00000  40.5%  14.9  445s
 1991994 998073   40.00000   85  197   42.00000   26.00000  38.1%  14.8  450s
 2022090 1017806   41.00000  134  212   42.00000   26.00000  38.1%  14.8  455s
 2048849 1037772   41.00000  200  168   42.00000   26.00000  38.1%  14.8  460s
 2080252 1056257 infeasible  176        42.00000   26.00000  38.1%  14.8  465s
 2108877 1075238   41.00000   73  272   42.00000   26.00000  38.1%  14.7  470s
 2136662 1095142   40.00000   62  207   42.00000   26.00000  38.1%  14.7  475s
 2167076 1115079   41.00000   55  171   42.00000   27.00000  35.7%  14.7  480s
 2191782 1132998   40.00000   82  170   42.00000   27.00000  35.7%  14.7  485s
 2221779 1152364   41.00000  197  136   42.00000   27.00000  35.7%  14.7  490s
 2253025 1172607   41.00000  133  128   42.00000   27.00000  35.7%  14.7  495s
 2282569 1191453 infeasible   66        42.00000   28.00000  33.3%  14.7  500s
 2315436 1211630   38.00000   69  171   42.00000   28.00000  33.3%  14.6  505s
 2340161 1232029   41.00000  125  192   42.00000   28.00000  33.3%  14.6  510s
 2370491 1249005   38.00000   41  176   42.00000   28.00000  33.3%  14.6  515s
 2394074 1266996   40.00000   68  234   42.00000   28.00000  33.3%  14.6  520s
 2422505 1282146   41.00000  114  130   42.00000   28.00000  33.3%  14.6  525s
 2447313 1300808   41.00000  128  144   42.00000   28.00000  33.3%  14.6  530s
 2476607 1316702   38.00000  131  172   42.00000   28.00000  33.3%  14.5  535s
 2508855 1335749   39.00000   78  144   42.00000   28.00000  33.3%  14.5  540s
 2533375 1354862   41.00000   48  205   42.00000   28.00000  33.3%  14.5  545s
 2559774 1369884   41.00000   82  182   42.00000   28.00000  33.3%  14.5  550s
 2583834 1386225 infeasible  118        42.00000   28.00000  33.3%  14.5  555s
 2616642 1407282   41.00000  135  184   42.00000   28.00000  33.3%  14.5  560s
 2646732 1424369   41.00000   77  258   42.00000   28.00000  33.3%  14.4  565s
 2669164 1442315   41.00000  113  218   42.00000   28.00000  33.3%  14.4  570s
 2698575 1462359   41.00000   80  225   42.00000   28.00000  33.3%  14.4  575s
 2729668 1478105 infeasible  176        42.00000   28.00000  33.3%  14.4  580s
 2759456 1497421   41.00000   68  174   42.00000   28.00000  33.3%  14.4  585s
 2788275 1515686 infeasible  134        42.00000   28.00000  33.3%  14.4  590s
 2820657 1535385 infeasible  110        42.00000   28.00000  33.3%  14.4  595s
 2843599 1551255   39.00000  193  179   42.00000   28.00000  33.3%  14.3  600s
 2871885 1568840 infeasible   94        42.00000   28.00000  33.3%  14.3  605s
 2900595 1588177 infeasible  220        42.00000   28.00000  33.3%  14.3  610s
 2921704 1606394   41.00000  150  156   42.00000   28.00000  33.3%  14.3  615s
 2955417 1623124   41.00000  185  180   42.00000   28.00000  33.3%  14.3  620s
 2985120 1641877 infeasible  120        42.00000   28.00000  33.3%  14.3  625s
 3011373 1659238   41.00000   98  253   42.00000   28.00000  33.3%  14.3  630s
 3041649 1678295 infeasible   91        42.00000   28.00000  33.3%  14.2  635s
 3069428 1694807   37.00000   44  237   42.00000   28.00000  33.3%  14.2  640s
 3092723 1710314   41.00000  146  201   42.00000   28.00000  33.3%  14.2  645s
 3123282 1730080   41.00000   67  204   42.00000   28.00000  33.3%  14.2  650s
 3147749 1746314   41.00000  123  249   42.00000   28.00000  33.3%  14.2  655s
 3170401 1764257   38.00000   50  196   42.00000   28.00000  33.3%  14.2  660s
 3199953 1780429 infeasible  145        42.00000   28.00000  33.3%  14.2  665s
 3228135 1799004 infeasible   70        42.00000   28.00000  33.3%  14.2  670s
 3250482 1813921   40.00000   73  205   42.00000   28.00000  33.3%  14.2  675s
 3282715 1832514   39.00000   56  175   42.00000   28.00000  33.3%  14.2  680s
 3305126 1851153   41.00000  139  193   42.00000   28.00000  33.3%  14.2  685s
 3335109 1867613   41.00000  120  139   42.00000   28.00000  33.3%  14.1  690s
 3364467 1886062   41.00000   80  273   42.00000   28.00000  33.3%  14.1  695s
 3394975 1905535 infeasible   50        42.00000   28.00000  33.3%  14.1  700s
 3421987 1922954   39.00000  105  219   42.00000   28.00000  33.3%  14.1  705s
 3449991 1940272   41.00000   75  229   42.00000   28.00000  33.3%  14.1  710s
 3476187 1956285 infeasible  122        42.00000   28.00000  33.3%  14.1  715s
 3507001 1976189   41.00000   99  216   42.00000   28.00000  33.3%  14.1  720s
 3531710 1991639   41.00000   81  221   42.00000   28.00000  33.3%  14.1  725s
 3561521 2008937 infeasible  207        42.00000   28.00000  33.3%  14.0  730s
 3591760 2027447 infeasible   89        42.00000   28.00000  33.3%  14.0  735s
 3614461 2042742   41.00000  129  173   42.00000   28.00000  33.3%  14.0  740s
 3643576 2061881 infeasible   89        42.00000   28.00000  33.3%  14.0  745s
 3672289 2079875   36.00000   52  223   42.00000   28.00000  33.3%  14.0  750s
 3695968 2095129   41.00000  199   96   42.00000   28.00000  33.3%  14.0  755s
 3723909 2112873   40.00000   55  180   42.00000   28.00000  33.3%  14.0  760s
 3748234 2128619   41.00000  108  215   42.00000   28.00000  33.3%  14.0  765s
 3775668 2146119   30.00000   64  243   42.00000   28.00000  33.3%  14.0  770s
 3805084 2163126   41.00000  169  148   42.00000   28.00000  33.3%  14.0  775s
 3831579 2179960   37.00000   67  192   42.00000   28.00000  33.3%  13.9  780s
 3855341 2196761   41.00000   78  175   42.00000   28.00000  33.3%  13.9  785s
 3883406 2213691   41.00000  104  240   42.00000   28.00000  33.3%  13.9  790s
 3906188 2232171   41.00000  195  219   42.00000   28.00000  33.3%  13.9  795s
 3935793 2246353 infeasible  102        42.00000   28.00000  33.3%  13.9  800s
 3958940 2264757   41.00000  193  191   42.00000   28.00000  33.3%  13.9  805s
 3991427 2281982   40.00000  120  191   42.00000   28.00000  33.3%  13.9  810s
 4019818 2300307   41.00000  166  152   42.00000   28.00000  33.3%  13.9  815s
 4042537 2316917   41.00000  168  129   42.00000   28.00000  33.3%  13.9  820s
 4071311 2335713   41.00000   80  228   42.00000   28.00000  33.3%  13.9  825s
 4095578 2352430   41.00000  164  130   42.00000   28.00000  33.3%  13.9  830s
 4123717 2371168   40.00000  198  187   42.00000   28.00000  33.3%  13.9  835s
 4153610 2387237   41.00000  144  169   42.00000   28.00000  33.3%  13.9  840s
 4177329 2402617   41.00000   84  203   42.00000   28.00000  33.3%  13.9  845s
 4207241 2421903   38.00000   57  152   42.00000   28.00000  33.3%  13.9  850s
 4233311 2440756   41.00000  110  221   42.00000   28.00000  33.3%  13.9  855s
 4261742 2456649   41.00000  198  175   42.00000   28.00000  33.3%  13.9  860s
 4291339 2475234   40.00000   69  186   42.00000   28.00000  33.3%  13.9  865s
 4314406 2491993   41.00000   91  195   42.00000   28.00000  33.3%  13.8  870s
 4347480 2512609   41.00000  106  153   42.00000   28.00000  33.3%  13.8  875s
 4375959 2531775   41.00000  181  148   42.00000   28.00000  33.3%  13.8  880s
 4402732 2546674   41.00000   95  292   42.00000   28.00000  33.3%  13.8  885s
 4426806 2561902   41.00000   66  188   42.00000   28.00000  33.3%  13.8  890s
 4453937 2581839   41.00000   78  190   42.00000   28.00000  33.3%  13.8  895s
 4485352 2599865   40.00000   70  223   42.00000   28.00000  33.3%  13.8  900s
 4513781 2617832   41.00000   60  231   42.00000   28.00000  33.3%  13.8  905s
 4541832 2635528   38.00000   74  210   42.00000   28.00000  33.3%  13.8  910s
 4573178 2655199   41.00000  214  179   42.00000   28.00000  33.3%  13.8  915s
 4603581 2672310   34.00000   49  185   42.00000   28.00000  33.3%  13.8  920s
 4632302 2691862 infeasible   91        42.00000   28.00000  33.3%  13.8  925s
 4654648 2707974   40.00000  139  166   42.00000   28.00000  33.3%  13.8  930s
 4681902 2727979   41.00000   86  176   42.00000   28.00000  33.3%  13.8  935s
 4710489 2743874   37.00000   43  173   42.00000   28.00000  33.3%  13.8  940s
 4737535 2763641   40.00000   78  226   42.00000   28.00000  33.3%  13.8  945s
 4767271 2781115   36.00000   51  182   42.00000   28.00000  33.3%  13.8  950s
 4792174 2797945 infeasible   77        42.00000   28.00000  33.3%  13.8  955s
 4819279 2816040   41.00000  102  279   42.00000   28.00000  33.3%  13.8  960s
 4849238 2833206   38.00000   41  189   42.00000   28.00000  33.3%  13.7  965s
 4872686 2849764   41.00000   84  199   42.00000   28.00000  33.3%  13.7  970s
 4904399 2867826   41.00000   71  190   42.00000   28.00000  33.3%  13.7  975s
 4928784 2886991   41.00000  181  167   42.00000   28.00000  33.3%  13.7  980s
 4957427 2902889   41.00000   87  192   42.00000   28.00000  33.3%  13.7  985s
 4979619 2920466   41.00000   80  196   42.00000   28.00000  33.3%  13.7  990s
 5003664 2935084   38.00000  105  230   42.00000   28.00000  33.3%  13.7  995s
 5033438 2955684   41.00000  105  208   42.00000   28.00000  33.3%  13.7 1000s
 5061656 2970376   41.00000  129  260   42.00000   28.00000  33.3%  13.7 1005s
 5085308 2990924   41.00000  233  119   42.00000   28.00000  33.3%  13.7 1010s
 5115496 3006670   41.00000   55  100   42.00000   28.00000  33.3%  13.7 1015s
 5138257 3023228   41.00000  153  200   42.00000   28.00000  33.3%  13.7 1020s
 5172202 3043248 infeasible  128        42.00000   28.00000  33.3%  13.7 1025s
 5193444 3058367   38.00000   74  219   42.00000   28.00000  33.3%  13.7 1030s
 5221128 3078496   41.00000  110  207   42.00000   28.00000  33.3%  13.7 1035s
 5251805 3094148   28.00000   46  170   42.00000   28.00000  33.3%  13.7 1040s
 5262220 3102552   41.00000  146  231   42.00000   28.00000  33.3%  13.7 1045s
 5283687 3117937   41.00000  135  216   42.00000   28.00000  33.3%  13.7 1050s
 5310220 3135443 infeasible  113        42.00000   28.00000  33.3%  13.7 1055s
 5336716 3152744   40.00000   75  191   42.00000   28.00000  33.3%  13.7 1060s
 5368497 3171316   40.00000   75  215   42.00000   28.00000  33.3%  13.7 1065s
 5393455 3189035   41.00000   62  213   42.00000   28.00000  33.3%  13.7 1070s
 5415575 3206494   41.00000   85  196   42.00000   28.00000  33.3%  13.7 1075s
 5441559 3222025   41.00000  137  210   42.00000   28.00000  33.3%  13.7 1080s
 5470578 3237986   41.00000  124  215   42.00000   28.00000  33.3%  13.7 1085s
 5497845 3256187   40.00000   58  183   42.00000   28.00000  33.3%  13.7 1090s
 5521018 3272742   41.00000   56  202   42.00000   28.00000  33.3%  13.7 1095s
 5551176 3293050   41.00000  209   96   42.00000   28.00000  33.3%  13.7 1100s
 5575133 3307005   41.00000  212  162   42.00000   28.00000  33.3%  13.7 1105s
 5604490 3322917   41.00000  108  166   42.00000   28.00000  33.3%  13.7 1110s
 5631544 3340772   39.00000   60  215   42.00000   28.00000  33.3%  13.7 1115s
 5656805 3357453 infeasible   51        42.00000   28.00000  33.3%  13.7 1120s
 5686161 3378539   41.00000  190  118   42.00000   28.00000  33.3%  13.7 1125s
 5712925 3394722   41.00000   96  238   42.00000   28.00000  33.3%  13.7 1130s
 5741530 3410432 infeasible  167        42.00000   28.00000  33.3%  13.7 1135s
 5771011 3428443   28.00000   43  182   42.00000   28.00000  33.3%  13.7 1140s
 5794936 3444845   36.00000   76  266   42.00000   28.00000  33.3%  13.7 1145s
 5818516 3460290   40.00000   80  210   42.00000   28.00000  33.3%  13.7 1150s
 5851957 3479172 infeasible   66        42.00000   28.00000  33.3%  13.7 1155s
 5873596 3498112   41.00000   95  220   42.00000   28.00000  33.3%  13.7 1160s
 5898753 3514030   41.00000   68  214   42.00000   28.00000  33.3%  13.7 1165s
 5927357 3529414   41.00000  260   73   42.00000   28.00000  33.3%  13.7 1170s
 5950245 3544509   41.00000   78  237   42.00000   28.00000  33.3%  13.7 1175s
 5975907 3562747   41.00000  116  199   42.00000   28.00000  33.3%  13.7 1180s
 6007369 3580138   41.00000  220  105   42.00000   28.00000  33.3%  13.7 1185s
 6039317 3599159   41.00000   67  223   42.00000   28.00000  33.3%  13.7 1190s
 6063584 3614809   40.00000   90  167   42.00000   28.00000  33.3%  13.7 1195s
 6097172 3634937   41.00000  148  184   42.00000   28.00000  33.3%  13.7 1200s
 6119638 3651193   41.00000  198  131   42.00000   28.00000  33.3%  13.7 1205s
 6144123 3668009   41.00000  158  176   42.00000   28.00000  33.3%  13.7 1210s
 6175346 3686312 infeasible  106        42.00000   28.00000  33.3%  13.7 1215s
 6202610 3703153   41.00000  168  194   42.00000   28.00000  33.3%  13.7 1220s
 6225932 3721806   41.00000  102  234   42.00000   28.00000  33.3%  13.7 1225s
 6255554 3737349   41.00000  147  178   42.00000   28.00000  33.3%  13.6 1230s
 6280244 3752851   41.00000   82  222   42.00000   28.00000  33.3%  13.6 1235s
 6309456 3772449   40.00000  103  282   42.00000   28.00000  33.3%  13.6 1240s
 6333961 3787568   39.00000   75  268   42.00000   28.00000  33.3%  13.6 1245s
 6366485 3807291   40.00000   95  225   42.00000   28.00000  33.3%  13.6 1250s
 6393407 3827252   41.00000  119  250   42.00000   28.00000  33.3%  13.6 1255s
 6417482 3842178   37.00000   58  218   42.00000   28.00000  33.3%  13.6 1260s
 6447030 3858982   41.00000   70  218   42.00000   28.00000  33.3%  13.6 1265s
 6475857 3876293   41.00000  119  193   42.00000   28.00000  33.3%  13.6 1270s
 6505683 3896144   39.00000   68  171   42.00000   28.00000  33.3%  13.6 1275s
 6529539 3912889   41.00000   92  195   42.00000   28.00000  33.3%  13.6 1280s
 6558846 3931893   41.00000  142  170   42.00000   28.00000  33.3%  13.6 1285s
 6586362 3948999 infeasible  130        42.00000   28.00000  33.3%  13.6 1290s
 6616164 3967339   38.00000   52  203   42.00000   28.00000  33.3%  13.6 1295s
 6639657 3982072 infeasible   81        42.00000   28.00000  33.3%  13.6 1300s
 6668694 4000716 infeasible   82        42.00000   28.00000  33.3%  13.6 1305s
 6695880 4018877   41.00000  133  154   42.00000   28.00000  33.3%  13.6 1310s
 6727104 4038820 infeasible   80        42.00000   28.00000  33.3%  13.6 1315s
 6751000 4054356   41.00000  166  152   42.00000   28.00000  33.3%  13.6 1320s
 6778033 4073221   39.00000   57  190   42.00000   28.00000  33.3%  13.6 1325s
 6806530 4089632   41.00000  117  176   42.00000   28.00000  33.3%  13.6 1330s
 6832575 4107004   41.00000   84  154   42.00000   28.00000  33.3%  13.6 1335s
 6858708 4123728   41.00000  210  170   42.00000   28.00000  33.3%  13.6 1340s
 6881964 4140709   41.00000  101  158   42.00000   28.00000  33.3%  13.6 1345s
 6909666 4157874 infeasible  137        42.00000   28.00000  33.3%  13.6 1350s
 6935990 4174645   41.00000  215  128   42.00000   28.00000  33.3%  13.6 1355s
 6960669 4190954 infeasible   66        42.00000   28.00000  33.3%  13.6 1360s
 6985918 4207963   41.00000  177  162   42.00000   28.00000  33.3%  13.6 1365s
 7017520 4228444   41.00000  120  192   42.00000   28.00000  33.3%  13.6 1370s
 7042420 4243775   41.00000   79  247   42.00000   28.00000  33.3%  13.6 1375s
 7072413 4263720   40.00000   70  258   42.00000   28.00000  33.3%  13.6 1380s
 7099888 4281471   40.00000   58  184   42.00000   28.00000  33.3%  13.6 1385s
 7127885 4300637   41.00000   94  219   42.00000   28.00000  33.3%  13.6 1390s
 7155945 4318597   41.00000  126  197   42.00000   28.00000  33.3%  13.6 1395s
 7186366 4337509   40.00000  114  296   42.00000   28.00000  33.3%  13.6 1400s
 7213256 4355666   41.00000  149  136   42.00000   28.00000  33.3%  13.6 1405s
 7244937 4376064   41.00000  115  165   42.00000   28.00000  33.3%  13.6 1410s
 7276344 4395270   41.00000  113  165   42.00000   28.00000  33.3%  13.6 1415s
 7302115 4415604   41.00000   94  262   42.00000   28.00000  33.3%  13.6 1420s
 7332441 4431452   41.00000  152  257   42.00000   28.00000  33.3%  13.6 1425s
 7360371 4448830   31.00000   43  200   42.00000   28.00000  33.3%  13.6 1430s
 7389169 4468177 infeasible  224        42.00000   28.00000  33.3%  13.6 1435s
 7415760 4485982   41.00000   90  208   42.00000   28.00000  33.3%  13.6 1440s
 7444726 4507874   41.00000  151  238   42.00000   28.00000  33.3%  13.6 1445s
 7476682 4524865   41.00000   93  246   42.00000   28.00000  33.3%  13.5 1450s
 7508408 4543850   41.00000   70  224   42.00000   28.00000  33.3%  13.5 1455s
 7536621 4562669 infeasible   83        42.00000   28.00000  33.3%  13.5 1460s
 7568960 4583195   41.00000  104  189   42.00000   28.00000  33.3%  13.5 1465s
 7594789 4601657   41.00000  116  195   42.00000   28.00000  33.3%  13.5 1470s
 7626255 4619241   41.00000  175  186   42.00000   28.00000  33.3%  13.5 1475s
 7655305 4640055   41.00000  135  168   42.00000   28.00000  33.3%  13.5 1480s
 7683687 4657031   41.00000  131  184   42.00000   28.00000  33.3%  13.5 1485s
 7716581 4675701   39.00000   82  218   42.00000   28.00000  33.3%  13.5 1490s
 7747325 4695712 infeasible   80        42.00000   28.00000  33.3%  13.5 1495s
 7768212 4713025 infeasible  283        42.00000   28.00000  33.3%  13.5 1500s
 7799747 4731721 infeasible  125        42.00000   28.00000  33.3%  13.5 1505s
 7825793 4749952   35.00000   52  152   42.00000   28.00000  33.3%  13.5 1510s
 7851842 4768274   41.00000   79  247   42.00000   28.00000  33.3%  13.5 1515s
 7880227 4785295   41.00000   98  212   42.00000   28.00000  33.3%  13.5 1520s
 7911465 4805613   41.00000   78  178   42.00000   28.00000  33.3%  13.5 1525s
 7941505 4824446 infeasible   77        42.00000   28.00000  33.3%  13.5 1530s
 7968867 4842876   41.00000   80  248   42.00000   28.00000  33.3%  13.5 1535s
 7971466 4842989   41.00000  115  202   42.00000   28.00000  33.3%  13.5 1540s
 7971613 4860517   41.00000  116  211   42.00000   28.00000  33.3%  13.5 1548s
 7995637 4864502   41.00000   84  208   42.00000   28.00000  33.3%  13.5 1550s
 8019052 4878938   41.00000  128  236   42.00000   28.00000  33.3%  13.5 1555s
 8043602 4895391   41.00000  147  234   42.00000   28.00000  33.3%  13.6 1560s
 8069083 4911859   41.00000  206  117   42.00000   28.00000  33.3%  13.6 1565s
 8090652 4926028 infeasible  119        42.00000   28.00000  33.3%  13.6 1570s
 8115317 4942536   41.00000  115  219   42.00000   28.00000  33.3%  13.6 1575s
 8136494 4957237   35.00000   84  186   42.00000   28.00000  33.3%  13.6 1580s
 8157399 4972073   41.00000  110  207   42.00000   28.00000  33.3%  13.6 1585s
 8191227 4992608   41.00000  165  161   42.00000   28.00000  33.3%  13.6 1590s
 8218255 5009800   41.00000  206  163   42.00000   28.00000  33.3%  13.6 1595s
 8247163 5030446   41.00000  114  216   42.00000   28.00000  33.3%  13.6 1600s
 8279495 5047826 infeasible  121        42.00000   28.00000  33.3%  13.6 1605s
 8306205 5064716   41.00000   95  287   42.00000   28.00000  33.3%  13.6 1610s
 8333222 5084885   41.00000  198  159   42.00000   28.00000  33.3%  13.6 1615s
 8365580 5101847   41.00000  132  205   42.00000   28.00000  33.3%  13.6 1620s
 8389637 5121814   41.00000  141  210   42.00000   28.00000  33.3%  13.6 1625s
 8423648 5139158   41.00000   93  173   42.00000   28.00000  33.3%  13.6 1630s
 8450555 5157113   34.00000   80  185   42.00000   28.00000  33.3%  13.6 1635s
 8472435 5175607   41.00000   95  266   42.00000   28.00000  33.3%  13.6 1640s
 8504491 5194757   41.00000   89  129   42.00000   28.00000  33.3%  13.6 1645s
 8536542 5212946   39.00000   67  149   42.00000   28.00000  33.3%  13.6 1650s
 8563471 5229871 infeasible  149        42.00000   28.00000  33.3%  13.6 1655s
 8594977 5250205   41.00000  103  206   42.00000   28.00000  33.3%  13.6 1660s
 8620503 5269497   41.00000  129  189   42.00000   28.00000  33.3%  13.6 1665s
 8649454 5285688 infeasible  178        42.00000   28.00000  33.3%  13.6 1670s
 8684316 5306033 infeasible   91        42.00000   28.00000  33.3%  13.6 1675s
 8712123 5324723   41.00000  144  186   42.00000   28.00000  33.3%  13.6 1680s
 8737657 5344304   41.00000  117  173   42.00000   28.00000  33.3%  13.6 1685s
 8767730 5359938 infeasible   98        42.00000   28.00000  33.3%  13.6 1690s
 8793285 5378425   41.00000   83  220   42.00000   28.00000  33.3%  13.6 1695s
 8826945 5397770   41.00000  176  131   42.00000   28.00000  33.3%  13.6 1700s
 8857088 5416849   35.00000   50  203   42.00000   28.00000  33.3%  13.6 1705s
 8885369 5436982   41.00000  166  199   42.00000   28.00000  33.3%  13.6 1710s
 8915311 5454289   41.00000  136  173   42.00000   28.00000  33.3%  13.6 1715s
 8942235 5474553   41.00000   57  251   42.00000   28.00000  33.3%  13.6 1720s
 8973153 5491123   41.00000   88  244   42.00000   28.00000  33.3%  13.6 1725s
 9001164 5509371   40.00000   58  130   42.00000   28.00000  33.3%  13.6 1730s
 9028143 5526901 infeasible  112        42.00000   28.00000  33.3%  13.6 1735s
 9054748 5544242   41.00000  188  130   42.00000   28.00000  33.3%  13.6 1740s
 9080779 5562653   41.00000  195  138   42.00000   28.00000  33.3%  13.6 1745s
 9113424 5583358   41.00000   63  253   42.00000   28.00000  33.3%  13.6 1750s
 9144160 5599749 infeasible   65        42.00000   28.00000  33.3%  13.6 1755s
 9169069 5616558   41.00000   81  213   42.00000   28.00000  33.3%  13.6 1760s
 9198457 5635116   41.00000   73  278   42.00000   28.00000  33.3%  13.6 1765s
 9223200 5652103   41.00000  166  222   42.00000   28.00000  33.3%  13.6 1770s
 9247951 5668624   41.00000   95  253   42.00000   28.00000  33.3%  13.6 1775s
 9280842 5688924   41.00000  138  138   42.00000   28.00000  33.3%  13.6 1780s
 9312269 5708999   41.00000   95  296   42.00000   28.00000  33.3%  13.6 1785s
 9341677 5729634   41.00000  172  228   42.00000   28.00000  33.3%  13.6 1790s
 9374301 5747521   38.00000   86  275   42.00000   28.00000  33.3%  13.6 1795s
 9401668 5766829   41.00000   92  183   42.00000   28.00000  33.3%  13.6 1800s
 9434496 5785207   40.00000   80  216   42.00000   28.00000  33.3%  13.6 1805s
 9461905 5803074   41.00000   86  243   42.00000   28.00000  33.3%  13.5 1810s
 9488419 5820523   37.00000   74  226   42.00000   28.00000  33.3%  13.5 1815s
 9517361 5839665   41.00000  144  213   42.00000   28.00000  33.3%  13.5 1820s
 9548764 5858053 infeasible  153        42.00000   28.00000  33.3%  13.5 1825s
 9574088 5876983   41.00000   74  194   42.00000   28.00000  33.3%  13.5 1830s
 9607781 5897902   41.00000   71  224   42.00000   28.00000  33.3%  13.5 1835s
 9633079 5914966   41.00000   76  214   42.00000   28.00000  33.3%  13.5 1840s
 9663514 5931940   41.00000  179  222   42.00000   28.00000  33.3%  13.5 1845s
 9687490 5950500   38.00000   62  167   42.00000   28.00000  33.3%  13.5 1850s
 9723106 5970388   41.00000   97  231   42.00000   28.00000  33.3%  13.5 1855s
 9752879 5988917   40.00000   64  213   42.00000   28.00000  33.3%  13.5 1860s
 9783507 6007962 infeasible   84        42.00000   28.00000  33.3%  13.5 1865s
 9811335 6026007   39.00000  116  279   42.00000   28.00000  33.3%  13.5 1870s
 9843040 6046285   40.00000   82  125   42.00000   28.00000  33.3%  13.5 1875s
 9871348 6067856   41.00000  233  185   42.00000   28.00000  33.3%  13.5 1880s
 9900898 6084189   41.00000  140  200   42.00000   28.00000  33.3%  13.5 1885s
 9933052 6103641   38.00000   59  145   42.00000   28.00000  33.3%  13.5 1890s
 9965838 6123560   40.00000  110  195   42.00000   28.00000  33.3%  13.5 1895s
 9992636 6141246   41.00000   91  164   42.00000   28.00000  33.3%  13.5 1900s
 10025260 6161075 infeasible  137        42.00000   28.00000  33.3%  13.5 1905s
 10050492 6179872   41.00000   89  157   42.00000   28.00000  33.3%  13.5 1910s
 10083679 6198611 infeasible  106        42.00000   28.00000  33.3%  13.5 1915s
 10113121 6218357   41.00000  133  227   42.00000   28.00000  33.3%  13.5 1920s
 10143447 6238295   41.00000   90  266   42.00000   28.00000  33.3%  13.5 1925s
 10168589 6254521   41.00000  180  176   42.00000   28.00000  33.3%  13.5 1930s
 10194869 6272842   39.00000   65  227   42.00000   28.00000  33.3%  13.5 1935s
 10226895 6292180   41.00000  138  209   42.00000   28.00000  33.3%  13.5 1940s
 10259885 6311637   37.00000   54  171   42.00000   28.00000  33.3%  13.5 1945s
 10286094 6331400   38.00000   61  212   42.00000   28.00000  33.3%  13.5 1950s
 10318019 6349405   41.00000  108  142   42.00000   28.00000  33.3%  13.5 1955s
 10342982 6369248   39.00000   96  274   42.00000   28.00000  33.3%  13.5 1960s
 10377512 6387471   40.00000   60  151   42.00000   28.00000  33.3%  13.5 1965s
 10403346 6407078   41.00000  200  131   42.00000   28.00000  33.3%  13.5 1970s
 10435095 6425386   41.00000  121  167   42.00000   28.00000  33.3%  13.5 1975s
 10463211 6443590   41.00000  203  195   42.00000   28.00000  33.3%  13.5 1980s
 10488940 6460993   37.00000   65  187   42.00000   28.00000  33.3%  13.5 1985s
 10520014 6480958   39.00000   63  195   42.00000   28.00000  33.3%  13.5 1990s
 10553761 6501149   40.00000   80  223   42.00000   28.00000  33.3%  13.5 1995s
 10579539 6521646   38.00000   55  297   42.00000   28.00000  33.3%  13.5 2000s
 10611721 6538550   37.00000   86  198   42.00000   28.00000  33.3%  13.5 2005s
 10639855 6559419   41.00000  111  233   42.00000   28.00000  33.3%  13.5 2010s
 10672459 6576602 infeasible   95        42.00000   28.00000  33.3%  13.5 2015s
 10697658 6593167   41.00000  206  192   42.00000   28.00000  33.3%  13.5 2020s
 10731358 6614471   41.00000  113  197   42.00000   28.00000  33.3%  13.5 2025s
 10759841 6632609   41.00000  159  190   42.00000   28.00000  33.3%  13.5 2030s
 10785912 6648775 infeasible  127        42.00000   28.00000  33.3%  13.5 2035s
 10815533 6667648   28.00000   47  258   42.00000   28.00000  33.3%  13.5 2040s
 10842432 6686121   41.00000  120  226   42.00000   28.00000  33.3%  13.5 2045s
 10869130 6704126   41.00000  212  160   42.00000   28.00000  33.3%  13.5 2050s
 10898586 6722673   41.00000  188  153   42.00000   28.00000  33.3%  13.4 2055s
 10925100 6739627 infeasible  124        42.00000   28.00000  33.3%  13.4 2060s
 10959449 6760016   41.00000  105  202   42.00000   28.00000  33.3%  13.4 2065s
 10984212 6779517   41.00000   92  140   42.00000   28.00000  33.3%  13.4 2070s
 11015762 6796133   41.00000  131  243   42.00000   28.00000  33.3%  13.4 2075s
 11040973 6813304   36.00000   63  168   42.00000   28.00000  33.3%  13.4 2080s
 11069938 6834699   41.00000  146  139   42.00000   28.00000  33.3%  13.4 2085s
 11097302 6852029   41.00000  137  216   42.00000   28.00000  33.3%  13.4 2090s
 11129621 6868647   41.00000  165  185   42.00000   28.00000  33.3%  13.4 2095s
 11162264 6888836   37.00000   58  218   42.00000   28.00000  33.3%  13.4 2100s
 11193140 6907892 infeasible  143        42.00000   28.00000  33.3%  13.4 2105s
 11216419 6926673   41.00000  126  197   42.00000   28.00000  33.3%  13.4 2110s
 11250261 6943946   40.00000  196  198   42.00000   28.00000  33.3%  13.4 2115s
 11278136 6962175   41.00000  130  230   42.00000   28.00000  33.3%  13.4 2120s
 11306648 6980642   41.00000   92  147   42.00000   28.00000  33.3%  13.4 2125s
 11334857 7002449   41.00000  267   79   42.00000   28.00000  33.3%  13.4 2130s
 11365329 7019612   41.00000  128  181   42.00000   28.00000  33.3%  13.4 2135s
 11394721 7036021   41.00000  117  175   42.00000   28.00000  33.3%  13.4 2140s
 11420287 7056402   41.00000   85  231   42.00000   28.00000  33.3%  13.4 2145s
 11452621 7073796   40.00000   85  205   42.00000   28.00000  33.3%  13.4 2150s
 11477376 7092746   41.00000  270   79   42.00000   28.00000  33.3%  13.4 2155s
 11502582 7110742   38.00000   52  198   42.00000   28.00000  33.3%  13.4 2160s
 11536072 7128527 infeasible  146        42.00000   28.00000  33.3%  13.4 2165s
 11566306 7148100 infeasible   96        42.00000   28.00000  33.3%  13.4 2170s
 11587131 7164334   41.00000  128  218   42.00000   28.00000  33.3%  13.4 2175s
 11609533 7178058   41.00000  101  155   42.00000   28.00000  33.3%  13.4 2180s
 11637387 7194221   41.00000  136  216   42.00000   28.00000  33.3%  13.4 2185s
 11667388 7213174   40.00000  137  229   42.00000   28.00000  33.3%  13.4 2190s
 11691943 7232562   41.00000  180  118   42.00000   28.00000  33.3%  13.4 2195s
 11721032 7249961   41.00000  134  163   42.00000   28.00000  33.3%  13.4 2200s
 11754761 7267243   38.00000   83  262   42.00000   28.00000  33.3%  13.4 2205s
 11779473 7284178   41.00000  142  153   42.00000   28.00000  33.3%  13.4 2210s
 11809717 7303019   41.00000  100  213   42.00000   28.00000  33.3%  13.4 2215s
 11837978 7323859   41.00000   85  166   42.00000   28.00000  33.3%  13.4 2220s
 11862091 7336318   41.00000   74  295   42.00000   28.00000  33.3%  13.4 2225s
 11881745 7354297   41.00000  140  174   42.00000   28.00000  33.3%  13.4 2230s
 11914876 7371624   41.00000  108  190   42.00000   28.00000  33.3%  13.4 2235s
 11941868 7388937   41.00000  139  133   42.00000   28.00000  33.3%  13.4 2240s
 11971329 7410047   41.00000   57  207   42.00000   28.00000  33.3%  13.4 2245s
 12001033 7428276   41.00000   82  224   42.00000   28.00000  33.3%  13.4 2250s
 12032514 7446458   41.00000  136  242   42.00000   28.00000  33.3%  13.4 2255s
 12056004 7463220   38.00000  100  165   42.00000   28.00000  33.3%  13.4 2261s
 12078834 7478674   40.00000  105  215   42.00000   28.00000  33.3%  13.4 2265s
 12104163 7495874   41.00000  189  144   42.00000   28.00000  33.3%  13.4 2270s
 12131648 7513140 infeasible  228        42.00000   28.00000  33.3%  13.4 2275s
 12165859 7532883   41.00000  233  115   42.00000   28.00000  33.3%  13.4 2280s
 12198789 7553958   41.00000  142  173   42.00000   28.00000  33.3%  13.4 2285s
 12220233 7567856   41.00000  142  209   42.00000   28.00000  33.3%  13.4 2290s
 12248345 7585812 infeasible   99        42.00000   28.00000  33.3%  13.4 2295s
 12280717 7605770 infeasible   84        42.00000   28.00000  33.3%  13.4 2300s
 12308029 7623984   40.00000  136  178   42.00000   28.00000  33.3%  13.4 2305s
 12335557 7643236   41.00000   85  170   42.00000   28.00000  33.3%  13.4 2310s
 12367576 7662713   41.00000  130  228   42.00000   28.00000  33.3%  13.4 2315s
 12387061 7674240   41.00000   69  207   42.00000   28.00000  33.3%  13.4 2320s
 12406749 7689590   41.00000   77  153   42.00000   28.00000  33.3%  13.4 2325s
 12440444 7710877   41.00000   75  204   42.00000   28.00000  33.3%  13.4 2330s
 12461903 7725435   41.00000  159  136   42.00000   28.00000  33.3%  13.4 2335s
 12489751 7747302   40.00000   82  197   42.00000   28.00000  33.3%  13.4 2340s
 12521520 7763082   34.00000   54  262   42.00000   28.00000  33.3%  13.4 2345s
 12551097 7785137   38.00000  122  173   42.00000   28.00000  33.3%  13.4 2350s
 12579072 7801469 infeasible  149        42.00000   28.00000  33.3%  13.4 2355s
 12605720 7819297 infeasible  108        42.00000   28.00000  33.3%  13.4 2360s
 12627924 7834904   40.00000   75  256   42.00000   28.00000  33.3%  13.4 2365s
 12659008 7857087 infeasible   89        42.00000   28.00000  33.3%  13.4 2370s
 12692198 7875030   41.00000  114  230   42.00000   28.00000  33.3%  13.4 2375s
 12715122 7889960   41.00000   83  179   42.00000   28.00000  33.3%  13.4 2380s
 12743936 7911381   37.00000  124  193   42.00000   28.00000  33.3%  13.4 2385s
 12775439 7929040   41.00000  127  164   42.00000   28.00000  33.3%  13.4 2390s
 12792736 7940043   38.00000   65  166   42.00000   28.00000  33.3%  13.4 2395s
 12814592 7956318   41.00000  109  232   42.00000   28.00000  33.3%  13.4 2400s
 12837883 7973839   41.00000   58  214   42.00000   28.00000  33.3%  13.4 2405s
 12872349 7992637   28.00000   40  158   42.00000   28.00000  33.3%  13.4 2410s
 12900897 8011620   40.00000   73  235   42.00000   28.00000  33.3%  13.4 2415s
 12927674 8029113   39.00000   53  169   42.00000   28.00000  33.3%  13.4 2420s
 12959899 8049313   41.00000  148  218   42.00000   28.00000  33.3%  13.4 2425s
 12988731 8068923 infeasible   69        42.00000   28.00000  33.3%  13.4 2430s
 13014432 8086412 infeasible  132        42.00000   28.00000  33.3%  13.4 2435s
 13038761 8102505   41.00000  114  203   42.00000   28.00000  33.3%  13.4 2440s
 13066738 8120128   39.00000   49  176   42.00000   28.00000  33.3%  13.4 2445s
 13093420 8136811 infeasible  161        42.00000   28.00000  33.3%  13.4 2450s
 13125237 8156994   41.00000  152  191   42.00000   28.00000  33.3%  13.4 2455s
 13152802 8175169 infeasible  127        42.00000   28.00000  33.3%  13.4 2460s
 13176446 8193529   40.00000  101  121   42.00000   28.00000  33.3%  13.4 2465s
 13211341 8212479   35.00000   62  212   42.00000   28.00000  33.3%  13.4 2470s
 13235909 8226840   41.00000  146  205   42.00000   28.00000  33.3%  13.4 2477s
 13249119 8237353   41.00000  100  130   42.00000   28.00000  33.3%  13.4 2480s
 13278384 8256065 infeasible   93        42.00000   28.00000  33.3%  13.4 2485s
 13303908 8276066   41.00000  127  228   42.00000   28.00000  33.3%  13.4 2490s
 13335739 8293799   41.00000  151  145   42.00000   28.00000  33.3%  13.4 2495s
 13365626 8313062   40.00000   44  183   42.00000   28.00000  33.3%  13.4 2500s
 13392052 8332459   41.00000   63  308   42.00000   28.00000  33.3%  13.4 2505s
 13425203 8350234   41.00000   89  186   42.00000   28.00000  33.3%  13.4 2510s
 13450829 8367596 infeasible  114        42.00000   28.00000  33.3%  13.4 2515s
 13479551 8386482   41.00000   81  219   42.00000   28.00000  33.3%  13.4 2520s
 13509664 8409479   41.00000  106  207   42.00000   28.00000  33.3%  13.4 2525s
 13542078 8425538   39.00000   46  260   42.00000   28.00000  33.3%  13.4 2530s
 13566125 8445757   41.00000  155  214   42.00000   28.00000  33.3%  13.4 2535s
 13598326 8462770   41.00000  111  248   42.00000   28.00000  33.3%  13.4 2540s
 13627081 8481978   41.00000  102  216   42.00000   28.00000  33.3%  13.4 2545s
 13650165 8497967   38.00000  102  271   42.00000   28.00000  33.3%  13.4 2550s
 13684968 8519264 infeasible  163        42.00000   28.00000  33.3%  13.4 2555s
 13712213 8537608   41.00000   60  179   42.00000   28.00000  33.3%  13.4 2560s
 13740890 8555565 infeasible  108        42.00000   28.00000  33.3%  13.4 2565s
 13768204 8573312   41.00000  195  151   42.00000   28.00000  33.3%  13.4 2570s
 13781156 8584182 infeasible  281        42.00000   28.00000  33.3%  13.4 2575s
 13805389 8603338   41.00000  133  183   42.00000   28.00000  33.3%  13.4 2580s
 13839286 8620366   41.00000  124  187   42.00000   28.00000  33.3%  13.4 2585s
 13870999 8640612   38.00000   58  181   42.00000   28.00000  33.3%  13.4 2590s
 13899119 8659119 infeasible  143        42.00000   28.00000  33.3%  13.4 2595s
 13929417 8678836   40.00000   70  180   42.00000   28.00000  33.3%  13.4 2600s
 13957533 8696975   41.00000   56  210   42.00000   28.00000  33.3%  13.4 2605s
 13983448 8716454   39.00000   60  189   42.00000   28.00000  33.3%  13.4 2610s
 14015893 8734646   35.00000   43  111   42.00000   28.00000  33.3%  13.4 2615s
 14044493 8753699 infeasible   51        42.00000   28.00000  33.3%  13.4 2620s
 14070706 8770628   41.00000  192  118   42.00000   28.00000  33.3%  13.4 2625s
 14084899 8780113 infeasible   96        42.00000   28.00000  33.3%  13.4 2630s
 14108919 8799045   41.00000  111  153   42.00000   28.00000  33.3%  13.4 2635s
 14144557 8818031   41.00000  170  118   42.00000   28.00000  33.3%  13.4 2640s
 14171035 8835739   33.00000   53  211   42.00000   28.00000  33.3%  13.4 2645s
 14200691 8854549   41.00000   52  129   42.00000   28.00000  33.3%  13.4 2650s
 14228764 8875570   40.00000  168  213   42.00000   28.00000  33.3%  13.4 2655s
 14256684 8892876   39.00000   39  186   42.00000   28.00000  33.3%  13.4 2660s
 14283257 8909409   40.00000   51  182   42.00000   28.00000  33.3%  13.4 2665s
 14306555 8924983   28.00000   41  251   42.00000   28.00000  33.3%  13.4 2670s
 14333639 8941315 infeasible   77        42.00000   28.00000  33.3%  13.4 2675s
 14362617 8960064   40.00000  183  215   42.00000   28.00000  33.3%  13.4 2680s
 14393203 8982368   39.00000  125  153   42.00000   28.00000  33.3%  13.4 2685s
 14421905 8997706   40.00000   80  211   42.00000   28.00000  33.3%  13.4 2690s
 14450360 9019209   39.00000  121  224   42.00000   28.00000  33.3%  13.4 2695s
 14479908 9035295   41.00000  175  172   42.00000   28.00000  33.3%  13.4 2700s
 14499544 9052307   41.00000  107  226   42.00000   28.00000  33.3%  13.4 2705s
 14525664 9068882   41.00000   76  142   42.00000   28.00000  33.3%  13.4 2710s
 14557148 9086397   36.00000   49  237   42.00000   28.00000  33.3%  13.4 2715s
 14588402 9106114   39.00000   60  216   42.00000   28.00000  33.3%  13.4 2720s
 14605564 9119110 infeasible  139        42.00000   28.00000  33.3%  13.4 2725s
 14633578 9135322   41.00000  110  183   42.00000   28.00000  33.3%  13.4 2730s
 14655948 9153740   41.00000  131  132   42.00000   28.00000  33.3%  13.4 2735s
 14690413 9172607   41.00000   67  193   42.00000   28.00000  33.3%  13.4 2740s
 14716654 9190392   36.00000   57  147   42.00000   28.00000  33.3%  13.4 2745s
 14747203 9209730   41.00000   97  225   42.00000   28.00000  33.3%  13.4 2750s
 14776432 9229278   41.00000  102  180   42.00000   28.00000  33.3%  13.4 2755s
 14802956 9246880   37.00000   60  168   42.00000   28.00000  33.3%  13.4 2760s
 14834088 9268751   41.00000  120  183   42.00000   28.00000  33.3%  13.4 2765s
 14866383 9285771   41.00000   93  231   42.00000   28.00000  33.3%  13.4 2770s
 14892431 9304659   41.00000  177  166   42.00000   28.00000  33.3%  13.4 2775s
 14915847 9319211   41.00000   81  210   42.00000   28.00000  33.3%  13.4 2780s
 14942164 9335915   41.00000  115  210   42.00000   28.00000  33.3%  13.4 2785s
 14975853 9355475   39.00000   48  249   42.00000   28.00000  33.3%  13.4 2790s
 15002794 9373455   41.00000   84  153   42.00000   28.00000  33.3%  13.4 2795s
 15033356 9392928   41.00000  150  187   42.00000   28.00000  33.3%  13.4 2800s
 15059216 9412021   41.00000   93  148   42.00000   28.00000  33.3%  13.4 2805s
 15087220 9429570   33.00000   47  263   42.00000   28.00000  33.3%  13.4 2810s
 15121013 9450146   37.00000   50  262   42.00000   28.00000  33.3%  13.4 2815s
 15144549 9465844   41.00000  121  167   42.00000   28.00000  33.3%  13.4 2820s
 15171022 9483981   41.00000  106  182   42.00000   28.00000  33.3%  13.4 2825s
 15197425 9504957   41.00000  122  248   42.00000   28.00000  33.3%  13.4 2830s
 15225092 9520955   41.00000   88  207   42.00000   28.00000  33.3%  13.4 2835s
 15256778 9538776   41.00000  118  206   42.00000   28.00000  33.3%  13.4 2840s
 15288517 9559195   41.00000  210  148   42.00000   28.00000  33.3%  13.4 2845s
 15313331 9576303   41.00000   90  164   42.00000   28.00000  33.3%  13.4 2850s
 15343089 9594824   41.00000  155  184   42.00000   28.00000  33.3%  13.4 2857s
 15354158 9604250 infeasible  131        42.00000   28.00000  33.3%  13.4 2860s
 15375998 9621946   39.00000   63  258   42.00000   28.00000  33.3%  13.4 2865s
 15408532 9638624   41.00000  130  219   42.00000   28.00000  33.3%  13.4 2870s
 15428751 9657345   38.00000   81  209   42.00000   28.00000  33.3%  13.4 2875s
 15460776 9674533 infeasible  101        42.00000   28.00000  33.3%  13.4 2880s
 15484725 9691842   41.00000   91  247   42.00000   28.00000  33.3%  13.4 2885s
 15513417 9710777   41.00000   66  200   42.00000   28.00000  33.3%  13.4 2890s
 15539395 9730569   41.00000  220  152   42.00000   28.00000  33.3%  13.4 2895s
 15573215 9748301   41.00000   88  218   42.00000   28.00000  33.3%  13.4 2900s
 15599948 9766343   40.00000   75  143   42.00000   28.00000  33.3%  13.4 2905s
 15627909 9784614   38.00000   39  192   42.00000   28.00000  33.3%  13.4 2910s
 15660591 9804639   41.00000  161  203   42.00000   28.00000  33.3%  13.4 2915s
 15684801 9821221 infeasible  144        42.00000   28.00000  33.3%  13.4 2920s
 15712816 9840031   41.00000  128  198   42.00000   28.00000  33.3%  13.4 2925s
 15736026 9855882   41.00000  135  189   42.00000   28.00000  33.3%  13.4 2930s
 15770010 9876516   38.00000   32  111   42.00000   28.00000  33.3%  13.4 2935s
 15796100 9895273   41.00000   94  240   42.00000   28.00000  33.3%  13.4 2940s
 15813792 9906334   41.00000  230  111   42.00000   28.00000  33.3%  13.4 2945s
 15841323 9923054   41.00000  155  118   42.00000   28.00000  33.3%  13.4 2950s
 15872196 9942742   41.00000  131  253   42.00000   28.00000  33.3%  13.4 2955s
 15900797 9959985   41.00000  131  187   42.00000   28.00000  33.3%  13.4 2960s
 15930344 9979238   41.00000  122  142   42.00000   28.00000  33.3%  13.4 2965s
 15957819 9996922   41.00000  121  243   42.00000   28.00000  33.3%  13.4 2970s
 15987278 10016277 infeasible  129        42.00000   28.00000  33.3%  13.4 2975s
 16019964 10037464 infeasible   86        42.00000   28.00000  33.3%  13.4 2980s
 16043492 10053358   41.00000  116  185   42.00000   28.00000  33.3%  13.4 2985s
 16071537 10073460   41.00000  109  275   42.00000   28.00000  33.3%  13.4 2990s
 16089046 10083554   40.00000  131  235   42.00000   28.00000  33.3%  13.4 2995s
 16120133 10101207   39.00000   53  211   42.00000   28.00000  33.3%  13.4 3000s

Cutting planes:
  Gomory: 18
  Cover: 1
  Implied bound: 1
  MIR: 3
  StrongCG: 3
  Flow cover: 61
  RLT: 5
  Relax-and-lift: 2

Explored 16120482 nodes (215743680 simplex iterations) in 3000.01 seconds (1666.05 work units)
Thread count was 24 (of 24 available processors)

Solution count 10: 42 43 44 ... 51

Time limit reached
Best objective 4.200000000000e+01, best bound 2.800000000000e+01, gap 33.3333%
