300 282
0 : 5 0 2 3 0
1 : 223 43 18 12 1
2 : 179 7 14 5 0
3 : 0 47 11 6 0
4 : 84 4 12 16 1
5 : 0 193 6 44 1
6 : 140 10 2 10 0
7 : 59 0 2 23 1
8 : 7 0 52 6 0
9 : 31 32 12 39 1
10 : 14 32 7 26 0
11 : 109 34 10 13 0
12 : 199 177 19 3 1
13 : 224 223 59 12 1
14 : 221 0 2 14 1
15 : 119 27 8 4 1
16 : 86 134 39 39 0
17 : 140 54 14 24 1
18 : 97 97 20 19 1
19 : 151 10 4 4 0
20 : 130 136 18 14 0
21 : 133 84 12 23 0
22 : 72 270 30 12 0
23 : 185 1 1 2 0
24 : 193 1 2 11 0
25 : 94 244 5 26 0
26 : 22 47 9 16 0
27 : 132 190 65 32 1
28 : 52 225 23 19 0
29 : 151 108 5 19 1
30 : 111 124 10 14 1
31 : 134 0 6 30 1
32 : 190 0 31 1 0
33 : 197 43 16 5 1
34 : 226 197 26 6 1
35 : 197 14 8 3 1
36 : 0 32 7 15 0
37 : 195 4 2 2 0
38 : 256 7 1 24 1
39 : 199 232 9 50 0
40 : 203 7 7 2 1
41 : 93 182 20 14 1
42 : 171 12 22 6 0
43 : 125 34 3 4 1
44 : 166 7 2 4 1
45 : 116 0 7 2 0
46 : 72 47 22 48 0
47 : 26 126 67 26 1
48 : 170 260 22 23 1
49 : 210 205 39 14 1
50 : 94 54 7 29 1
51 : 235 33 13 45 1
52 : 148 68 22 2 0
53 : 123 20 14 5 1
54 : 256 167 19 29 0
55 : 195 1 8 2 0
56 : 107 173 46 23 1
57 : 84 180 22 9 1
58 : 177 38 7 14 0
59 : 258 1 1 33 1
60 : 126 109 25 9 1
61 : 164 269 13 4 1
62 : 212 71 23 29 0
63 : 82 239 11 31 0
64 : 232 29 14 3 1
65 : 170 0 1 2 0
66 : 72 34 7 25 1
67 : 138 150 28 7 1
68 : 212 148 20 22 0
69 : 129 54 15 4 1
70 : 119 219 4 25 0
71 : 160 70 9 4 1
72 : 145 85 23 16 1
73 : 232 110 14 19 0
74 : 99 61 10 34 0
75 : 212 30 9 9 0
76 : 125 0 2 4 1
77 : 0 20 103 7 0
78 : 173 9 4 3 0
79 : 285 166 11 37 0
80 : 132 10 8 3 0
81 : 254 29 4 26 1
82 : 171 0 14 2 0
83 : 238 93 8 15 0
84 : 31 52 13 44 0
85 : 242 2 40 2 0
86 : 212 244 12 38 0
87 : 123 269 39 13 0
88 : 166 253 4 16 0
89 : 59 2 2 37 1
90 : 151 6 4 3 1
91 : 214 120 6 9 0
92 : 128 84 13 4 1
93 : 177 206 12 15 0
94 : 106 5 22 2 0
95 : 205 30 7 13 0
96 : 213 170 13 35 0
97 : 170 157 29 48 0
98 : 180 6 9 1 0
99 : 256 10 30 3 0
100 : 86 103 11 31 0
101 : 235 0 21 2 0
102 : 147 6 4 4 0
103 : 125 110 14 1 1
104 : 206 29 1 9 1
105 : 140 178 9 12 0
106 : 126 47 2 40 1
107 : 267 199 22 18 1
108 : 246 180 8 17 0
109 : 170 18 13 1 0
110 : 44 52 22 28 1
111 : 200 196 8 36 0
112 : 125 97 3 7 0
113 : 199 130 18 15 1
114 : 0 199 14 21 0
115 : 22 199 24 45 0
116 : 177 2 4 2 1
117 : 259 260 22 14 1
118 : 195 6 95 1 0
119 : 0 63 26 68 0
120 : 208 115 15 4 1
121 : 102 27 5 7 0
122 : 149 119 46 38 0
123 : 184 47 4 1 1
124 : 173 70 4 5 0
125 : 0 6 58 2 0
126 : 238 79 14 8 1
127 : 53 74 17 47 0
128 : 145 70 15 15 0
129 : 246 71 6 18 0
130 : 123 227 9 17 0
131 : 195 7 16 2 1
132 : 221 7 9 6 0
133 : 177 31 7 7 0
134 : 238 18 14 4 1
135 : 184 23 5 22 1
136 : 135 121 12 15 0
137 : 241 7 11 5 1
138 : 287 29 9 14 0
139 : 262 132 33 13 1
140 : 128 6 8 4 0
141 : 293 254 28 7 1
142 : 236 223 17 59 0
143 : 296 7 4 37 0
144 : 170 30 9 1 0
145 : 187 70 6 9 0
146 : 130 170 20 8 1
147 : 256 0 24 1 0
148 : 253 206 14 54 0
149 : 275 149 49 10 1
150 : 175 111 14 8 0
151 : 277 108 9 18 0
152 : 246 7 4 7 0
153 : 164 31 9 16 0
154 : 75 202 25 37 0
155 : 170 221 32 29 1
156 : 154 6 8 4 0
157 : 208 100 2 15 0
158 : 9 27 61 5 0
159 : 296 232 4 22 0
160 : 132 69 8 15 0
161 : 189 82 19 25 0
162 : 282 66 4 21 0
163 : 128 49 5 19 1
164 : 214 129 19 24 1
165 : 132 255 14 17 1
166 : 297 0 7 3 1
167 : 291 0 29 3 1
168 : 115 19 15 4 1
169 : 213 43 10 12 0
170 : 255 98 43 9 0
171 : 212 2 14 3 0
172 : 0 0 2 3 0
173 : 254 46 20 4 1
174 : 0 131 22 62 0
175 : 238 150 17 17 0
176 : 256 8 26 2 0
177 : 221 14 15 12 1
178 : 255 4 2 36 1
179 : 52 143 32 50 0
180 : 31 47 5 22 1
181 : 246 46 16 8 1
182 : 286 59 14 30 0
183 : 298 50 5 2 1
184 : 203 1 1 2 0
185 : 125 2 8 3 0
186 : 280 29 30 7 1
187 : 0 27 4 9 1
188 : 202 30 9 3 1
189 : 193 59 14 3 1
190 : 72 101 42 14 1
191 : 246 89 34 9 0
192 : 238 68 4 11 0
193 : 0 244 38 72 1
194 : 299 44 6 1 1
195 : 294 2 3 5 0
196 : 236 198 10 8 0
197 : 196 107 12 12 0
198 : 290 43 4 12 0
199 : 280 221 13 61 0
