100 42
0 : 10 36 4 22 1
1 : 63 19 9 4 1
2 : 45 19 18 10 0
3 : 68 0 19 9 1
4 : 15 29 5 4 0
5 : 97 39 3 3 0
6 : 44 15 4 15 1
7 : 0 0 1 3 0
8 : 14 33 13 3 0
9 : 63 28 13 14 1
10 : 61 29 2 4 0
11 : 43 40 1 14 1
12 : 32 19 8 13 1
13 : 93 38 1 7 1
14 : 45 29 11 16 1
15 : 33 16 11 1 0
16 : 37 41 38 1 0
17 : 40 27 9 5 1
18 : 33 17 2 8 1
19 : 37 39 6 2 0
20 : 0 21 2 4 0
21 : 10 15 2 21 0
22 : 59 15 4 5 1
23 : 64 0 17 4 1
24 : 13 0 7 2 0
25 : 5 16 5 1 0
26 : 0 25 3 17 0
27 : 77 40 2 3 1
28 : 3 17 7 25 0
29 : 27 0 3 3 0
30 : 86 38 4 7 1
31 : 67 19 8 10 1
32 : 32 0 32 15 0
33 : 22 0 5 3 0
34 : 20 29 7 3 0
35 : 86 36 2 14 1
36 : 27 29 5 6 0
37 : 10 41 14 1 0
38 : 32 28 11 8 1
39 : 1 0 15 11 1
40 : 13 2 9 1 0
41 : 0 3 1 17 0
42 : 77 36 3 4 1
43 : 12 3 20 26 0
44 : 24 40 13 2 0
45 : 82 38 4 4 0
46 : 2 15 1 8 1
47 : 77 0 23 36 0
48 : 12 32 2 2 0
49 : 1 17 4 2 1
