100 47
0 : 70 25 4 22 0
1 : 0 38 9 4 1
2 : 90 29 18 10 1
3 : 84 10 19 9 1
4 : 18 9 5 4 -0
5 : 26 1 3 3 0
6 : 1 30 4 15 1
7 : -0 -0 1 3 1
8 : 13 1 13 3 -0
9 : 4 34 13 14 1
10 : -0 8 2 4 1
11 : -0 10 1 14 -0
12 : 37 9 8 13 -0
13 : 93 1 1 7 1
14 : 71 4 11 16 -0
15 : -0 27 11 1 1
16 : 43 -0 38 1 -0
17 : 4 25 9 5 -0
18 : 73 2 2 8 1
19 : 81 40 6 2 1
20 : 3 4 2 4 1
21 : 16 13 2 21 1
22 : 34 4 4 5 1
23 : 83 6 17 4 -0
24 : 16 27 7 2 1
25 : 18 4 5 1 1
26 : 56 1 3 17 1
27 : 4 1 2 3 -0
28 : 74 22 7 25 -0
29 : 1 35 3 3 0
30 : 6 -0 4 7 1
31 : 24 5 8 10 1
32 : 18 15 32 15 1
33 : 13 4 5 3 -0
34 : 93 3 7 3 -0
35 : 98 15 2 14 -0
36 : 82 1 5 6 1
37 : 86 -0 14 1 0
38 : 82 29 11 8 1
39 : 4 10 15 11 1
40 : 17 -0 9 1 -0
41 : 39 1 1 17 1
42 : 21 5 3 4 -0
43 : 45 4 20 26 1
44 : 1 10 13 2 1
45 : 33 20 4 4 0
46 : 26 -0 1 8 1
47 : 34 24 23 36 1
48 : -0 2 2 2 0
49 : -0 6 4 2 0
