
Gurobi 10.0.0 (linux64, C++) logging started Mon Dec 12 20:17:03 2022

Set parameter Username
Set parameter TimeLimit to value 1000
Set parameter LogFile to value "./log/floorplan-milp-50-1000.log"
Academic license - for non-commercial use only - expires 2023-12-06
Gurobi Optimizer version 10.0.0 build v10.0.0rc2 (linux64)

CPU model: 12th Gen Intel(R) Core(TM) i9-12900, instruction set [SSE2|AVX|AVX2]
Thread count: 24 physical cores, 24 logical processors, using up to 24 threads

Optimize a model with 5100 rows, 2601 columns and 24450 nonzeros
Model fingerprint: 0x1bb5ba75
Variable types: 0 continuous, 2601 integer (2500 binary)
Coefficient statistics:
  Matrix range     [1e+00, 4e+02]
  Objective range  [1e+00, 1e+00]
  Bounds range     [1e+00, 1e+00]
  RHS range        [1e+00, 8e+02]
Presolve removed 104 rows and 4 columns
Presolve time: 0.01s
Presolved: 4996 rows, 2597 columns, 24346 nonzeros
Variable types: 0 continuous, 2597 integer (2496 binary)

Root relaxation: objective 2.300000e+01, 1002 iterations, 0.01 seconds (0.03 work units)

    Nodes    |    Current Node    |     Objective Bounds      |     Work
 Expl Unexpl |  Obj  Depth IntInf | Incumbent    BestBd   Gap | It/Node Time

     0     0   23.00000    0   50          -   23.00000      -     -    0s
H    0     0                      88.0000000   23.00000  73.9%     -    0s
H    0     0                      64.0000000   23.00000  64.1%     -    0s
     0     0   23.00000    0  188   64.00000   23.00000  64.1%     -    0s
H    0     0                      63.0000000   23.00000  63.5%     -    0s
     0     0   23.00000    0  253   63.00000   23.00000  63.5%     -    0s
     0     0   23.00000    0   70   63.00000   23.00000  63.5%     -    0s
     0     0   23.00000    0   72   63.00000   23.00000  63.5%     -    0s
     0     0   23.00000    0   47   63.00000   23.00000  63.5%     -    0s
     0     0   23.00000    0   76   63.00000   23.00000  63.5%     -    0s
     0     0   23.00000    0   58   63.00000   23.00000  63.5%     -    0s
     0     0   23.00000    0  136   63.00000   23.00000  63.5%     -    0s
     0     0   23.00000    0   57   63.00000   23.00000  63.5%     -    0s
     0     0   23.00000    0  100   63.00000   23.00000  63.5%     -    0s
     0     0   23.00000    0   48   63.00000   23.00000  63.5%     -    0s
     0     0   23.00000    0   38   63.00000   23.00000  63.5%     -    0s
     0     2   23.00000    0   33   63.00000   23.00000  63.5%     -    1s
H  113   123                      61.0000000   23.00000  62.3%  66.9    2s
H 2231  2592                      60.0000000   23.00000  61.7%  32.1    3s
H 3602  2895                      59.0000000   23.00000  61.0%  24.1    3s
H 5347  3617                      58.0000000   23.00000  60.3%  22.1    3s
H 5432  3703                      57.0000000   23.00000  59.6%  21.9    3s
H 6023  3843                      56.0000000   23.00000  58.9%  22.2    3s
H 6332  3153                      53.0000000   23.00000  56.6%  22.1    3s
H 6334  2971                      52.0000000   23.00000  55.8%  22.1    4s
H 6337  2824                      51.0000000   23.00000  54.9%  22.1    4s
H 6339  2684                      50.0000000   23.00000  54.0%  22.1    4s
  6342  2686   33.00000   54   58   50.00000   23.00000  54.0%  22.1    5s
H 6345  2553                      49.0000000   23.00000  53.1%  22.1    5s
H 6353  2430                      48.0000000   23.00000  52.1%  22.0    6s
H 6459  2402                      47.0000000   23.00000  51.1%  26.5    8s
  9082  4386   36.00000   49  154   47.00000   23.00000  51.1%  25.7   10s
H14776  4769                      46.0000000   23.00000  50.0%  20.6   11s
H22501  8060                      45.0000000   23.00000  48.9%  18.6   12s
 33081 18190   44.00000   76  202   45.00000   23.00000  48.9%  17.0   15s
H36529 10822                      44.0000000   23.00000  47.7%  16.4   15s
 53037 26473 infeasible   63        44.00000   23.00000  47.7%  14.8   20s
 81771 50714   43.00000  120  197   44.00000   23.00000  47.7%  14.5   25s
 110484 71080   43.00000  271   95   44.00000   23.00000  47.7%  14.2   30s
 126319 85201   43.00000  238   71   44.00000   23.00000  47.7%  14.4   35s
 148266 102917   41.00000   47  218   44.00000   23.00000  47.7%  14.3   40s
 170767 119327   41.00000  104  207   44.00000   23.00000  47.7%  14.2   45s
 178651 125273   42.00000   72  195   44.00000   23.00000  47.7%  14.2   50s
 196440 138012   38.00000   35  152   44.00000   23.00000  47.7%  14.3   56s
 213096 150803   40.00000   95  130   44.00000   23.00000  47.7%  14.4   60s
 232182 166716   35.00000   64  164   44.00000   23.00000  47.7%  14.4   65s
 256357 185155   43.00000   65  146   44.00000   23.00000  47.7%  14.4   71s
 283146 203573   43.00000  174  133   44.00000   23.00000  47.7%  14.3   75s
 304011 218071   24.00000   41  207   44.00000   23.00000  47.7%  14.2   80s
H327322 99893                      43.0000000   23.00000  46.5%  14.3   85s
 352817 117846   42.00000  190  124   43.00000   23.00000  46.5%  14.4   90s
 369989 130592   36.00000   32  105   43.00000   23.00000  46.5%  14.4   95s
 385727 142418   39.00000   44  175   43.00000   23.00000  46.5%  14.5  101s
 404342 158310   42.00000  228  121   43.00000   23.00000  46.5%  14.6  105s
 420458 168090   41.00000   46   75   43.00000   23.00000  46.5%  14.6  110s
 435356 179070   40.00000  125  150   43.00000   23.00000  46.5%  14.6  115s
 456932 194094   42.00000  173  132   43.00000   23.00000  46.5%  14.6  120s
 473770 206280   42.00000   68  123   43.00000   23.00000  46.5%  14.7  125s
 496355 223044   36.00000   47   95   43.00000   23.00000  46.5%  14.7  131s
 517645 237551 infeasible   61        43.00000   23.00000  46.5%  14.8  136s
 533438 249597   42.00000  212  117   43.00000   23.00000  46.5%  14.8  141s
 552147 264265   42.00000  150  134   43.00000   23.00000  46.5%  14.9  146s
 568790 274979   42.00000   90  161   43.00000   23.00000  46.5%  14.9  150s
 587530 289308   23.00000   33   81   43.00000   23.00000  46.5%  15.0  155s
 612656 306191   36.00000   34  228   43.00000   23.00000  46.5%  15.0  160s
 631450 320153   42.00000   86  271   43.00000   23.00000  46.5%  15.1  166s
 640579 327474   41.00000   63  130   43.00000   23.00000  46.5%  15.1  170s
 658707 340309   42.00000  112  134   43.00000   23.00000  46.5%  15.1  175s
 683618 358156   24.00000   53  120   43.00000   23.00000  46.5%  15.1  180s
 699249 370431   42.00000   84  157   43.00000   23.00000  46.5%  15.1  185s
 716142 383422   42.00000   98  195   43.00000   23.00000  46.5%  15.2  191s
 736224 396603   24.00000   43  125   43.00000   23.00000  46.5%  15.2  195s
 751307 407632   42.00000  296   76   43.00000   23.00000  46.5%  15.3  200s
 766668 419312   42.00000  185  155   43.00000   23.00000  46.5%  15.3  205s
 782918 430277   41.00000   78  194   43.00000   23.00000  46.5%  15.3  210s
 804293 446545 infeasible  196        43.00000   23.00000  46.5%  15.4  215s
H814881 207423                      42.0000000   23.00000  45.2%  15.4  218s
 820264 210366   36.00000   39  286   42.00000   23.00000  45.2%  15.4  221s
 832953 219657   40.00000   58  214   42.00000   23.00000  45.2%  15.4  225s
 847437 229742   41.00000  239  100   42.00000   23.00000  45.2%  15.5  231s
 860276 238301   24.00000   52  185   42.00000   23.00000  45.2%  15.5  237s
 862218 247998   40.00000   65  178   42.00000   23.00000  45.2%  15.5  240s
 894159 262257   41.00000  132  170   42.00000   23.00000  45.2%  15.6  245s
 906812 271959   38.00000   55  148   42.00000   23.00000  45.2%  15.6  250s
 929550 286913 infeasible   92        42.00000   23.00000  45.2%  15.7  255s
 942488 295351   41.00000   88  167   42.00000   23.00000  45.2%  15.7  260s
 959527 308244   40.00000   52  159   42.00000   24.00000  42.9%  15.7  265s
 981698 324412 infeasible  228        42.00000   24.00000  42.9%  15.8  270s
 1004683 340366   41.00000  106  261   42.00000   24.00000  42.9%  15.8  275s
 1031862 358260   39.00000  183  169   42.00000   24.00000  42.9%  15.7  280s
 1059848 376568 infeasible  114        42.00000   24.00000  42.9%  15.6  285s
 1087360 395749 infeasible  164        42.00000   24.00000  42.9%  15.6  290s
 1112861 412458   37.00000   30  134   42.00000   24.00000  42.9%  15.6  295s
 1139457 429897   38.00000   42  182   42.00000   24.00000  42.9%  15.6  300s
 1163438 449143   38.00000   47  237   42.00000   24.00000  42.9%  15.5  305s
 1197422 468208 infeasible   62        42.00000   24.00000  42.9%  15.5  310s
 1222200 486140   39.00000   39  144   42.00000   24.00000  42.9%  15.5  315s
 1245293 503999   33.00000   36  126   42.00000   24.00000  42.9%  15.4  320s
 1266795 520016   38.00000   34  115   42.00000   24.00000  42.9%  15.4  325s
 1300728 537909 infeasible  163        42.00000   24.00000  42.9%  15.4  330s
 1326428 555857 infeasible   47        42.00000   24.00000  42.9%  15.3  335s
 1348703 570443   40.00000   71  295   42.00000   24.00000  42.9%  15.3  340s
 1379223 591695   41.00000   93  202   42.00000   24.00000  42.9%  15.3  345s
 1406373 607857   41.00000   72  184   42.00000   24.00000  42.9%  15.3  350s
 1427855 622852   41.00000  170  153   42.00000   24.00000  42.9%  15.3  355s
 1454175 640395   40.00000   65  207   42.00000   24.00000  42.9%  15.3  360s
 1479398 657063   38.00000   60  184   42.00000   24.00000  42.9%  15.2  365s
 1509395 676137   40.00000  105  208   42.00000   24.00000  42.9%  15.2  370s
 1538352 696648   41.00000   88  205   42.00000   24.00000  42.9%  15.2  375s
 1564615 713105 infeasible  222        42.00000   24.00000  42.9%  15.2  380s
 1590863 732556   39.00000   64  277   42.00000   24.00000  42.9%  15.2  385s
 1618811 748894   41.00000  118  155   42.00000   24.00000  42.9%  15.1  390s
 1644919 766018 infeasible  101        42.00000   24.00000  42.9%  15.1  395s
 1672670 783421   41.00000  265  110   42.00000   24.00000  42.9%  15.1  400s
 1700409 802622 infeasible  197        42.00000   24.00000  42.9%  15.1  405s
 1726716 820453   39.00000   59  211   42.00000   25.00000  40.5%  15.1  410s
 1755434 839754   40.00000   57  190   42.00000   25.00000  40.5%  15.1  415s
 1781819 857780   40.00000  159  185   42.00000   25.00000  40.5%  15.0  420s
 1807984 875583 infeasible  203        42.00000   25.00000  40.5%  15.0  425s
 1839052 896416   41.00000  102  306   42.00000   25.00000  40.5%  15.0  430s
 1865992 914425 infeasible  116        42.00000   25.00000  40.5%  15.0  435s
 1894541 932838   41.00000  230  125   42.00000   25.00000  40.5%  14.9  440s
 1919853 951608   41.00000   53  274   42.00000   25.00000  40.5%  14.9  445s
 1945447 968445   41.00000  120  148   42.00000   25.00000  40.5%  14.9  450s
 1972350 985322   41.00000   69  223   42.00000   25.28571  39.8%  14.9  455s
 2003510 1005413   40.00000   67  246   42.00000   26.00000  38.1%  14.8  460s
 2030629 1023728 infeasible   79        42.00000   26.00000  38.1%  14.8  465s
 2057282 1041479   41.00000  108  253   42.00000   26.00000  38.1%  14.8  470s
 2085991 1060687   40.00000   49  137   42.00000   26.00000  38.1%  14.8  475s
 2112561 1078266 infeasible  193        42.00000   26.00000  38.1%  14.7  480s
 2140376 1096970   39.00000   62  158   42.00000   26.00000  38.1%  14.7  485s
 2167076 1115079   41.00000   55  171   42.00000   27.00000  35.7%  14.7  490s
 2191782 1132998   40.00000   82  170   42.00000   27.00000  35.7%  14.7  495s
 2219451 1149213   41.00000  113  229   42.00000   27.00000  35.7%  14.7  500s
 2249168 1167710 infeasible   45        42.00000   27.00000  35.7%  14.7  505s
 2280227 1188692   41.00000   53  227   42.00000   27.00000  35.7%  14.7  510s
 2305769 1208848   35.00000   50  216   42.00000   28.00000  33.3%  14.6  515s
 2332801 1224562   41.00000  155  216   42.00000   28.00000  33.3%  14.6  520s
 2363140 1244294   41.00000   81  212   42.00000   28.00000  33.3%  14.6  525s
 2387469 1259449   41.00000  179  194   42.00000   28.00000  33.3%  14.6  530s
 2418836 1280037 infeasible   58        42.00000   28.00000  33.3%  14.6  535s
 2447313 1300808   41.00000  128  144   42.00000   28.00000  33.3%  14.6  540s
 2476607 1316702   38.00000  131  172   42.00000   28.00000  33.3%  14.5  545s
 2510363 1337026   34.00000   50  190   42.00000   28.00000  33.3%  14.5  550s
 2540540 1356751   40.00000   88  183   42.00000   28.00000  33.3%  14.5  555s
 2566970 1377771   41.00000  209  116   42.00000   28.00000  33.3%  14.5  560s
 2597209 1394133 infeasible   87        42.00000   28.00000  33.3%  14.5  565s
 2629404 1414390 infeasible  162        42.00000   28.00000  33.3%  14.5  570s
 2655823 1432991   31.00000   35  143   42.00000   28.00000  33.3%  14.5  575s
 2684110 1452428   41.00000   93  123   42.00000   28.00000  33.3%  14.4  580s
 2718180 1474275   41.00000  175  169   42.00000   28.00000  33.3%  14.4  585s
 2748114 1494247   39.00000  148  193   42.00000   28.00000  33.3%  14.4  590s
 2780912 1513703   41.00000  182  198   42.00000   28.00000  33.3%  14.4  595s
 2811974 1533704   41.00000   97  209   42.00000   28.00000  33.3%  14.4  600s
 2843599 1551255   39.00000  193  179   42.00000   28.00000  33.3%  14.3  605s
 2874144 1570460   41.00000   69  280   42.00000   28.00000  33.3%  14.3  610s
 2903152 1590050   41.00000  132  184   42.00000   28.00000  33.3%  14.3  615s
 2933162 1609408   41.00000  105  129   42.00000   28.00000  33.3%  14.3  620s
 2966624 1630572   40.00000   49  163   42.00000   28.00000  33.3%  14.3  625s
 2993065 1650355   38.00000   57  225   42.00000   28.00000  33.3%  14.3  630s
 3025151 1668048   41.00000   48  211   42.00000   28.00000  33.3%  14.2  635s
 3057091 1686992   41.00000  107  264   42.00000   28.00000  33.3%  14.2  640s
 3087715 1706899   41.00000  104  219   42.00000   28.00000  33.3%  14.2  645s
 3118633 1726604   41.00000   65  220   42.00000   28.00000  33.3%  14.2  650s
 3145188 1744475   39.00000   94  245   42.00000   28.00000  33.3%  14.2  655s
 3170401 1764257   38.00000   50  196   42.00000   28.00000  33.3%  14.2  660s
 3199953 1780429 infeasible  145        42.00000   28.00000  33.3%  14.2  665s
 3230471 1800748   41.00000  167   99   42.00000   28.00000  33.3%  14.2  670s
 3262355 1820563 infeasible   95        42.00000   28.00000  33.3%  14.2  675s
 3288709 1837437 infeasible  124        42.00000   28.00000  33.3%  14.2  680s
 3321334 1859120   39.00000   81  200   42.00000   28.00000  33.3%  14.2  685s
 3347649 1876282   41.00000   60  209   42.00000   28.00000  33.3%  14.1  690s
 3378371 1895555 infeasible   87        42.00000   28.00000  33.3%  14.1  695s
 3408007 1918415   41.00000  130  172   42.00000   28.00000  33.3%  14.1  700s
 3440397 1938617   40.00000   84  224   42.00000   28.00000  33.3%  14.1  705s
 3474155 1954741   41.00000   94  239   42.00000   28.00000  33.3%  14.1  710s
 3504165 1974335   41.00000   76  238   42.00000   28.00000  33.3%  14.1  715s
 3534273 1995054   39.00000   63  233   42.00000   28.00000  33.3%  14.1  720s
 3566604 2012720   41.00000  165  177   42.00000   28.00000  33.3%  14.0  725s
 3598920 2035976   39.00000   55  156   42.00000   28.00000  33.3%  14.0  730s
 3627284 2051811   41.00000   52  205   42.00000   28.00000  33.3%  14.0  735s
 3657075 2070903   41.00000   73  243   42.00000   28.00000  33.3%  14.0  740s
 3689547 2090380   39.00000  101  170   42.00000   28.00000  33.3%  14.0  745s
 3716295 2110918   41.00000  107  177   42.00000   28.00000  33.3%  14.0  750s
 3746211 2125981 infeasible  125        42.00000   28.00000  33.3%  14.0  755s
 3775668 2146119   30.00000   64  243   42.00000   28.00000  33.3%  14.0  760s
 3805084 2163126   41.00000  169  148   42.00000   28.00000  33.3%  14.0  765s
 3836796 2183749   41.00000   62  250   42.00000   28.00000  33.3%  14.0  770s
 3864985 2202037   41.00000  108  251   42.00000   28.00000  33.3%  13.9  775s
 3895993 2222185   41.00000  109  186   42.00000   28.00000  33.3%  13.9  780s
 3923861 2239787   35.00000   49  246   42.00000   28.00000  33.3%  13.9  785s
 3955043 2260115   41.00000   86  208   42.00000   28.00000  33.3%  13.9  790s
 3986242 2277760   40.00000   59  203   42.00000   28.00000  33.3%  13.9  795s
 4015700 2297293 infeasible  147        42.00000   28.00000  33.3%  13.9  800s
 4040059 2314717   41.00000  151  147   42.00000   28.00000  33.3%  13.9  805s
 4068596 2333612 infeasible  128        42.00000   28.00000  33.3%  13.9  810s
 4095578 2352430   41.00000  164  130   42.00000   28.00000  33.3%  13.9  815s
 4123717 2371168   40.00000  198  187   42.00000   28.00000  33.3%  13.9  820s
 4155955 2389235   41.00000  108  169   42.00000   28.00000  33.3%  13.9  825s
 4182989 2406854   40.00000   68  261   42.00000   28.00000  33.3%  13.9  830s
 4212020 2425711   41.00000  178  178   42.00000   28.00000  33.3%  13.9  835s
 4242998 2445413   41.00000  148  125   42.00000   28.00000  33.3%  13.9  840s
 4273362 2463370   41.00000   98  242   42.00000   28.00000  33.3%  13.9  845s
 4303640 2481910   41.00000   68  162   42.00000   28.00000  33.3%  13.8  850s
 4328755 2501660   38.00000   56  176   42.00000   28.00000  33.3%  13.8  855s
 4360770 2518289   41.00000   41  141   42.00000   28.00000  33.3%  13.8  860s
 4388101 2536579 infeasible   84        42.00000   28.00000  33.3%  13.8  865s
 4414340 2554386   39.00000   76  211   42.00000   28.00000  33.3%  13.8  870s
 4441238 2570420 infeasible   96        42.00000   28.00000  33.3%  13.8  875s
 4466786 2588887 infeasible  218        42.00000   28.00000  33.3%  13.8  880s
 4492417 2607055   41.00000  257  134   42.00000   28.00000  33.3%  13.8  885s
 4520632 2622863 infeasible   79        42.00000   28.00000  33.3%  13.8  890s
 4556600 2643576   41.00000  129  154   42.00000   28.00000  33.3%  13.8  895s
 4587797 2663399   41.00000   67  202   42.00000   28.00000  33.3%  13.8  900s
 4617047 2681638   36.00000   51  162   42.00000   28.00000  33.3%  13.8  905s
 4638793 2697072   41.00000   91  177   42.00000   28.00000  33.3%  13.8  910s
 4671266 2717517 infeasible  156        42.00000   28.00000  33.3%  13.8  915s
 4694393 2733008   41.00000   72  171   42.00000   28.00000  33.3%  13.8  920s
 4725341 2752693   41.00000   57  169   42.00000   28.00000  33.3%  13.8  925s
 4750195 2768168   40.00000   99  177   42.00000   28.00000  33.3%  13.8  930s
 4774747 2788854   41.00000   86  211   42.00000   28.00000  33.3%  13.8  935s
 4800406 2805107   31.00000   46  201   42.00000   28.00000  33.3%  13.8  940s
 4827429 2822836   41.00000   76  199   42.00000   28.00000  33.3%  13.8  945s
 4856313 2840266   41.00000  139  177   42.00000   28.00000  33.3%  13.7  950s
 4887796 2857348   41.00000  137  138   42.00000   28.00000  33.3%  13.7  955s
 4910591 2872826   41.00000  143  156   42.00000   28.00000  33.3%  13.7  960s
 4941126 2892623   41.00000  186  164   42.00000   28.00000  33.3%  13.7  965s
 4964384 2910122   38.00000  135  245   42.00000   28.00000  33.3%  13.7  970s
 4991825 2926563   41.00000   67  178   42.00000   28.00000  33.3%  13.7  975s
 5021469 2944803 infeasible  105        42.00000   28.00000  33.3%  13.7  980s
 5049853 2963585   41.00000   79  264   42.00000   28.00000  33.3%  13.7  985s
 5078641 2982786   39.00000  117  128   42.00000   28.00000  33.3%  13.7  990s
 5104268 3000175   41.00000  109  239   42.00000   28.00000  33.3%  13.7  995s
 5134548 3018537   41.00000  109  251   42.00000   28.00000  33.3%  13.7 1000s

Cutting planes:
  Gomory: 18
  Cover: 1
  Implied bound: 1
  MIR: 3
  StrongCG: 3
  Flow cover: 61
  RLT: 5
  Relax-and-lift: 2

Explored 5134694 nodes (70477409 simplex iterations) in 1000.01 seconds (598.88 work units)
Thread count was 24 (of 24 available processors)

Solution count 10: 42 43 44 ... 51

Time limit reached
Best objective 4.200000000000e+01, best bound 2.800000000000e+01, gap 33.3333%