
Gurobi 10.0.0 (linux64, C++) logging started Mon Dec 12 21:33:53 2022

Set parameter Username
Set parameter TimeLimit to value 7000
Set parameter LogFile to value "./log/milp-200b-7000s-verbose.log"
Academic license - for non-commercial use only - expires 2023-12-06
Gurobi Optimizer version 10.0.0 build v10.0.0rc2 (linux64)

CPU model: 12th Gen Intel(R) Core(TM) i9-12900, instruction set [SSE2|AVX|AVX2]
Thread count: 24 physical cores, 24 logical processors, using up to 24 threads

Optimize a model with 80400 rows, 40401 columns and 395800 nonzeros
Model fingerprint: 0x6c39ed3d
Variable types: 0 continuous, 40401 integer (40000 binary)
Coefficient statistics:
  Matrix range     [1e+00, 3e+03]
  Objective range  [1e+00, 1e+00]
  Bounds range     [1e+00, 1e+00]
  RHS range        [1e+00, 6e+03]
Presolve removed 409 rows and 9 columns
Presolve time: 0.23s
Presolved: 79991 rows, 40392 columns, 395391 nonzeros
Variable types: 0 continuous, 40392 integer (39991 binary)

Deterministic concurrent LP optimizer: primal and dual simplex (primal and dual model)
Showing first log only...

Root relaxation presolved: 79991 rows, 40392 columns, 395391 nonzeros

Concurrent spin time: 0.24s

Solved with primal simplex (primal model)

Root relaxation: objective 3.900000e+01, 14467 iterations, 0.51 seconds (0.63 work units)

    Nodes    |    Current Node    |     Objective Bounds      |     Work
 Expl Unexpl |  Obj  Depth IntInf | Incumbent    BestBd   Gap | It/Node Time

     0     0   39.00000    0 1331          -   39.00000      -     -    3s
     0     0   39.00000    0 2460          -   39.00000      -     -    6s
     0     0   39.00000    0 3443          -   39.00000      -     -    8s
     0     0   39.00000    0 1551          -   39.00000      -     -   13s
     0     0   39.00000    0 1710          -   39.00000      -     -   14s
     0     0   39.00000    0 1668          -   39.00000      -     -   19s
     0     0   39.00000    0 1824          -   39.00000      -     -   20s
     0     0   39.00000    0 1723          -   39.00000      -     -   23s
     0     0   39.00000    0 1852          -   39.00000      -     -   25s
     0     0   39.00000    0 1530          -   39.00000      -     -   30s
     0     0   39.00000    0 1776          -   39.00000      -     -   31s
     0     0   39.00000    0 1503          -   39.00000      -     -   35s
     0     0   39.00000    0 1388          -   39.00000      -     -   40s
     0     2   39.00000    0 1387          -   39.00000      -     -   48s
     3     8   39.00000    2 1981          -   39.00000      -  3304   50s
    15    32   39.00000    4 2114          -   39.00000      -  4012   56s
    31    56   39.00000    5 2182          -   39.00000      -  3937   60s
    55    80   39.00000    6 2893          -   39.00000      -  3634   67s
    79   104   39.00000    6 2221          -   39.00000      -  3637   73s
   103   128   39.00000    7 2238          -   39.00000      -  3316   78s
   127   153   39.00000    8 2160          -   39.00000      -  3223   83s
   152   182   39.00000    9 2376          -   39.00000      -  3074   90s
   181   246   39.00000    9 2233          -   39.00000      -  3064  101s
   245   409   39.00000   11 2251          -   39.00000      -  2778  123s
   408   804   39.00000   13 2123          -   39.00000      -  2282  180s
   803  2233   39.00000   19 2233          -   39.00000      -  1810  296s
  2232  3997   39.00000   32 2358          -   39.00000      -  1248  434s
  3996  6170   39.00000   48 2589          -   39.00000      -  1105  565s
  6169  8420   39.00000   63 2410          -   39.00000      -   975  685s
  8419 11263   39.00000  100 2487          -   39.00000      -   885  800s
 11263 15218   39.00000  121 1872          -   39.00000      -   773  881s
 15227 15219   39.00000  523 1388          -   39.00000      -   640  886s
 15229 15220   39.00000   74 1220          -   39.00000      -   639  894s
 15230 15221   39.00000   10 1310          -   39.00000      -   639  916s
 15231 15222   39.00000  110 1931          -   39.00000      -   639  921s
 15232 15222   39.00000  127 1326          -   39.00000      -   639  933s
 15233 15223   39.00000  148 2359          -   39.00000      -   639  939s
 15234 15224   39.00000   31 1322          -   39.00000      -   639  955s
 15235 15224   39.00000   49 2442          -   39.00000      -   639  963s
 15236 15225   39.00000   92 1794          -   39.00000      -   639  980s
 15238 15226   39.00000  239 1552          -   39.00000      -   639  993s
 15239 15227   48.00000  292 2931          -   39.00000      -   639  995s
 15240 15228   39.00000  239 1789          -   39.00000      -   639 1002s
 15241 15228   39.00000   47 2820          -   39.00000      -   639 1005s
 15242 15229   39.00000   36 1601          -   39.00000      -   639 1015s
 15244 15230   46.00000  355 1871          -   39.00000      -   639 1028s
 15245 15231   39.00000  533 2712          -   39.00000      -   639 1031s
 15246 15232   43.00000  256 1595          -   39.00000      -   639 1040s
 15248 15233   39.00000   82 1686          -   39.00000      -   639 1048s
 15250 15234   78.00000  439 1681          -   39.00000      -   639 1056s
 15251 15238   39.00000   11 1832          -   39.00000      -  27.8 1063s
H15253 14478                    3211.0000000   39.00000  98.8%  28.3 1068s
H15257 13761                     375.0000000   39.00000  89.6%  28.8 1085s
H15261 13073                     358.0000000   39.00000  89.1%  29.9 1085s
 15281 13106   39.00000   15 1881  358.00000   39.00000  89.1%  31.7 1091s
 15305 13122   39.00000   16 1868  358.00000   39.00000  89.1%  32.6 1099s
H15306 12468                     324.0000000   39.00000  88.0%  32.5 1099s
H15314 11844                     318.0000000   39.00000  87.7%  32.9 1099s
H15323 11252                     315.0000000   39.00000  87.6%  33.1 1099s
 15329 11274   39.00000   16 1888  315.00000   39.00000  87.6%  33.1 1102s
 15353 11290   39.00000   17 2325  315.00000   39.00000  87.6%  33.6 1105s
 15401 11323   39.00000   18 1992  315.00000   39.00000  87.6%  34.4 1111s
 15451 11357   39.00000   19 2030  315.00000   39.00000  87.6%  35.1 1117s
 15477 11375   39.00000   19 2169  315.00000   39.00000  87.6%  35.7 1121s
 15503 11397   39.00000   20 2020  315.00000   39.00000  87.6%  36.1 1125s
 15563 11444   39.00000   21 2020  315.00000   39.00000  87.6%  37.2 1133s
 15601 11467   39.00000   21 2078  315.00000   39.00000  87.6%  38.0 1138s
 15637 11494   39.00000   22 3804  315.00000   39.00000  87.6%  38.6 1142s
 15676 11516   39.00000   22 2020  315.00000   39.00000  87.6%  39.1 1146s
 15711 11547   39.00000   23 2092  315.00000   39.00000  87.6%  39.6 1151s
 15753 11557   70.00000   24 1950  315.00000   39.00000  87.6%  40.3 1157s
 15777 11627   39.00000   25 2655  315.00000   39.00000  87.6%  41.0 1165s
 15855 11625   40.00000   26 2441  315.00000   39.00000  87.6%  42.0 1196s
 15879 11699   39.00000   27 2530  315.00000   39.00000  87.6%  42.4 1205s
 15961 11805   43.00000   27 2392  315.00000   39.00000  87.6%  43.5 1219s
 16095 11895   50.00000   29 2247  315.00000   39.00000  87.6%  44.9 1232s
 16229 11992   39.00000   31 2831  315.00000   39.00000  87.6%  46.7 1246s
 16371 12123   39.00000   33 2854  315.00000   39.00000  87.6%  48.3 1263s
 16549 12291   39.00000   36 2732  315.00000   39.00000  87.6%  50.8 1284s
 16777 12454   39.00000   39 2721  315.00000   39.00000  87.6%  52.8 1308s
 17016 12672   39.00000   41 2756  315.00000   39.00000  87.6%  55.7 1338s
 17313 12926   39.00000   45 2821  315.00000   39.00000  87.6%  58.7 1373s
 17668 13231   39.00000   50 1649  315.00000   39.00000  87.6%  63.7 1414s
 18092 13565   39.00000   51 2821  315.00000   39.00000  87.6%  67.2 1458s
 18567 13969   39.00000   57 3392  315.00000   39.00000  87.6%  71.5 1511s
 19129 14422   45.00000   61 3006  315.00000   39.00000  87.6%  76.6 1578s
 19770 14483   39.00000   69 3408  315.00000   39.00000  87.6%  81.8 1632s
 20044 15279   39.00000   70 1753  315.00000   39.00000  87.6%  87.2 1723s
 20932 16025   39.00000   72 1745  315.00000   39.00000  87.6%  93.6 1817s
 21974 16960   40.00000   80 2751  315.00000   39.00000  87.6%  97.7 1926s
 23256 17454   42.00000   95 2673  315.00000   39.00000  87.6%   103 2036s
H23769 16723                     308.0000000   39.00000  87.3%   106 2036s
 24177 18554   42.00000  108 2712  308.00000   39.00000  87.3%   107 2201s
 26144 20161   52.00000  138 2847  308.00000   39.00000  87.3%   111 2396s
 28408 22374   50.00000  177 3068  308.00000   39.00000  87.3%   113 2631s
H28990 21647                     305.0000000   39.00000  87.2%   113 2631s
 31376 21036   50.00000  232 3088  305.00000   39.00000  87.2%   111 2702s
H31429 20362                     282.0000000   39.00000  86.2%   111 2702s
 31560 22493   79.00000  232 2750  282.00000   39.00000  86.2%   111 2874s
 33751 23929   56.00000  270 3540  282.00000   39.00000  86.2%   110 3038s
 35919 25494   70.00000  313 3605  282.00000   39.00000  86.2%   109 3215s
 38206 25954   84.00000  358 3453  282.00000   39.00000  86.2%   108 3341s
H38972 25217                     276.0000000   39.00000  85.9%   108 3341s
 39429 27922   95.00000  373 3412  276.00000   39.00000  85.9%   108 3544s
 42288 29967  106.00000  433 3495  276.00000   39.00000  85.9%   106 3748s
 45288 31378  106.00000  492 3369  276.00000   39.00000  85.9%   102 3888s
H46109 31378                     275.0000000   39.00000  85.8%   102 3888s
 46806 35149  118.00000  522 3647  275.00000   39.00000  85.8%   101 4122s
 50587 38997  117.00000  589 3405  275.00000   39.00000  85.8%  97.4 4349s
 54456 44128  117.00000  655 3558  275.00000   39.00000  85.8%  94.2 4788s
 59638 45311  117.00000  764 3482  275.00000   39.00000  85.8%  90.1 4906s
H59904 43380                     268.0000000   39.00000  85.4%  90.3 4906s
 60905 44398  117.00000  764 3483  268.00000   39.00000  85.4%  89.2 5060s
H60906 44398                     267.0000000   39.00000  85.4%  89.2 5060s
 62389 48217  117.00000  794 3675  267.00000   39.00000  85.4%  89.4 5306s
 66328 51754  117.00000  876 3612  267.00000   39.00000  85.4%  87.3 5547s
 69953 55215  117.00000  946 3591  267.00000   39.00000  85.4%  85.7 5789s
 73502 56646  124.00000 1021 3327  267.00000   39.00000  85.4%  84.9 5933s
 74937 60686  124.00000 1068 3439  267.00000   39.00000  85.4%  85.0 6203s
 78985 64721  130.00000 1198 3994  267.00000   39.00000  85.4%  83.5 6458s
 83076 70010  150.00000 1328 3645  267.00000   39.00000  85.4%  81.7 6823s
 88397 71169  150.00000 1458 3658  267.00000   39.00000  85.4%  79.3 6951s
 89584 72057  150.00000 1487 3578  267.00000   39.00000  85.4%  79.0 7000s

Cutting planes:
  Learned: 2
  Gomory: 26
  Implied bound: 6
  MIR: 78
  StrongCG: 15
  Flow cover: 627
  Zero half: 17
  RLT: 2

Explored 90472 nodes (17043225 simplex iterations) in 7000.67 seconds (2660.87 work units)
Thread count was 24 (of 24 available processors)

Solution count 10: 267 268 275 ... 324

Time limit reached
Best objective 2.670000000000e+02, best bound 3.900000000000e+01, gap 85.3933%
