200 115
0 : 2 77 4 6 0
1 : 12 0 2 4 0
2 : 45 31 110 45 0
3 : 0 62 1 15 0
4 : 6 0 2 4 0
5 : 22 0 6 3 0
6 : 3 15 1 27 0
7 : 69 7 4 23 1
8 : 191 59 9 14 0
9 : 183 0 1 11 1
10 : 30 0 15 2 0
11 : 176 73 18 24 1
12 : 14 0 8 1 0
13 : 114 76 15 40 1
14 : 2 42 7 14 0
15 : 0 95 11 4 1
16 : 1 4 1 2 1
17 : 0 20 37 2 1
18 : 185 9 20 8 1
19 : 0 106 12 9 0
20 : 85 14 15 15 0
21 : 163 0 14 20 1
22 : 42 8 4 27 1
23 : 0 77 1 18 0
24 : 149 2 22 14 1
25 : 118 6 23 7 0
26 : 14 1 5 3 1
27 : 94 0 5 22 1
28 : 67 1 6 25 1
29 : 27 17 14 58 1
30 : 4 89 17 9 1
31 : 5 13 3 2 0
32 : 3 57 1 20 0
33 : 193 1 8 3 1
34 : 47 0 18 8 0
35 : 1 57 20 2 1
36 : 176 91 6 19 0
37 : 47 76 67 3 0
38 : 183 1 10 8 0
39 : 19 3 8 9 0
40 : 111 104 21 11 0
41 : 0 0 4 5 1
42 : 29 3 4 16 1
43 : 28 33 17 22 0
44 : 155 56 20 30 0
45 : 177 110 14 5 0
46 : 15 35 12 22 0
47 : 65 12 20 5 0
48 : 5 17 4 11 0
49 : 1 9 7 4 0
50 : 13 82 33 32 1
51 : 182 91 19 9 1
52 : 29 55 27 16 1
53 : 45 12 18 5 0
54 : 176 56 8 16 0
55 : 0 4 8 1 1
56 : 197 0 4 3 1
57 : 9 18 3 71 0
58 : 113 103 41 1 0
59 : 27 7 15 5 0
60 : 116 2 33 4 0
61 : 101 8 5 17 1
62 : 15 6 4 9 0
63 : 197 91 3 24 0
64 : 192 30 11 8 1
65 : 3 4 6 5 0
66 : 60 88 50 27 0
67 : 12 57 25 16 1
68 : 154 86 22 29 0
69 : 21 12 4 24 1
70 : 141 10 8 21 0
71 : 2 83 6 2 1
72 : 92 5 9 7 0
73 : 198 4 14 2 1
74 : 195 9 14 3 1
75 : 163 14 15 22 1
76 : 0 12 1 8 0
77 : 184 56 7 16 0
78 : 9 3 3 10 0
79 : 4 56 21 5 1
80 : 85 0 1 9 1
81 : 45 79 4 45 1
82 : 149 0 14 1 0
83 : 100 13 41 18 0
84 : 162 29 27 30 1
85 : 193 23 7 7 0
86 : 12 22 6 6 0
87 : 155 24 7 32 0
88 : 8 0 4 3 0
89 : 110 91 44 12 0
90 : 5 0 1 2 0
91 : 6 77 12 3 1
92 : 132 105 22 10 0
93 : 122 0 27 2 0
94 : 51 83 5 63 1
95 : 45 88 23 15 1
96 : 20 28 7 7 0
97 : 4 28 14 4 1
98 : 18 16 9 12 0
99 : 1 89 3 6 0
