
Gurobi 10.0.0 (linux64, C++) logging started Tue Dec 13 22:01:34 2022

Set parameter Username
Set parameter TimeLimit to value 1000
Set parameter LogFile to value "./log/milp-100b-1000s-verbose.log"
Academic license - for non-commercial use only - expires 2023-12-06
Gurobi Optimizer version 10.0.0 build v10.0.0rc2 (linux64)

CPU model: 12th Gen Intel(R) Core(TM) i9-12900, instruction set [SSE2|AVX|AVX2]
Thread count: 24 physical cores, 24 logical processors, using up to 24 threads

Optimize a model with 20200 rows, 10201 columns and 98900 nonzeros
Model fingerprint: 0xe6a1e9bd
Variable types: 0 continuous, 10201 integer (10000 binary)
Coefficient statistics:
  Matrix range     [1e+00, 1e+03]
  Objective range  [1e+00, 1e+00]
  Bounds range     [1e+00, 1e+00]
  RHS range        [1e+00, 3e+03]
Presolve removed 204 rows and 4 columns
Presolve time: 0.06s
Presolved: 19996 rows, 10197 columns, 98696 nonzeros
Variable types: 0 continuous, 10197 integer (9996 binary)

Root relaxation: objective 4.500000e+01, 3941 iterations, 0.15 seconds (0.29 work units)

    Nodes    |    Current Node    |     Objective Bounds      |     Work
 Expl Unexpl |  Obj  Depth IntInf | Incumbent    BestBd   Gap | It/Node Time

     0     0   45.00000    0  301          -   45.00000      -     -    0s
     0     0   45.00000    0  837          -   45.00000      -     -    1s
     0     0   45.00000    0  777          -   45.00000      -     -    1s
     0     0   45.00000    0  283          -   45.00000      -     -    3s
     0     0   45.00000    0  329          -   45.00000      -     -    4s
     0     0   45.00000    0  266          -   45.00000      -     -    4s
     0     0   45.00000    0  594          -   45.00000      -     -    4s
H    0     0                     183.0000000   45.00000  75.4%     -    6s
     0     0   45.00000    0  247  183.00000   45.00000  75.4%     -    6s
H    0     0                     182.0000000   45.00000  75.3%     -    6s
     0     0   45.00000    0  429  182.00000   45.00000  75.3%     -    6s
     0     0   45.00000    0  308  182.00000   45.00000  75.3%     -    7s
     0     0   45.00000    0  533  182.00000   45.00000  75.3%     -    7s
H    0     0                     180.0000000   45.00000  75.0%     -    9s
H    0     0                     179.0000000   45.00000  74.9%     -    9s
     0     0   45.00000    0  252  179.00000   45.00000  74.9%     -    9s
     0     0   45.00000    0  586  179.00000   45.00000  74.9%     -    9s
H    0     0                     175.0000000   45.00000  74.3%     -   10s
     0     0   45.00000    0  244  175.00000   45.00000  74.3%     -   10s
     0     0   45.00000    0  223  175.00000   45.00000  74.3%     -   10s
H    0     2                     174.0000000   45.00000  74.1%     -   11s
     0     2   45.00000    0  219  174.00000   45.00000  74.1%     -   11s
H   28    51                     162.0000000   45.00000  72.2%   865   14s
H   31    51                     152.0000000   45.00000  70.4%   794   14s
    52    73   45.00000    6  812  152.00000   45.00000  70.4%   653   15s
   204   319   45.00000   10  370  152.00000   45.00000  70.4%   796   20s
   774  1573   45.00000   26  461  152.00000   45.00000  70.4%   361   26s
  2569  3687   45.00000   41  429  152.00000   45.00000  70.4%   165   32s
  3769  5213   49.00000   53  675  152.00000   45.00000  70.4%   122   35s
  8444  9209   72.00000  116 1011  152.00000   45.00000  70.4%  69.9   41s
H12749  8562                     143.0000000   45.00000  68.5%  57.1   45s
 12758  8536   70.00000  163  998  143.00000   45.00000  68.5%  57.1   50s
 12766  8542   68.00000  328  882  143.00000   45.00000  68.5%  57.1   55s
 12774  8550   45.00000   10  598  143.00000   45.00000  68.5%  10.3   60s
 12875  8638   45.00000   16  716  143.00000   45.00000  68.5%  11.1   75s
 13308  9012   45.00000   22  444  143.00000   45.00000  68.5%  16.3   80s
 14367  9987   45.00000   39  643  143.00000   45.00000  68.5%  19.2   86s
 15788 10964   68.00000   62  633  143.00000   45.00000  68.5%  20.6   90s
 17403 12031   80.00000   94  645  143.00000   45.00000  68.5%  21.2   95s
 18985 13155   80.00000  128  729  143.00000   45.00000  68.5%  21.6  100s
 20427 14158   80.00000  159  940  143.00000   45.00000  68.5%  22.3  105s
 22824 16008   80.00000  213  840  143.00000   45.00000  68.5%  23.2  111s
 26078 17776  125.00000  284  846  143.00000   45.00000  68.5%  23.5  117s
 26558 20206  125.00000  294  859  143.00000   45.00000  68.5%  23.5  121s
H29648 18913                     142.0000000   45.00000  68.3%  23.6  123s
 30230 19777 infeasible  358       142.00000   45.00000  68.3%  23.4  125s
 34608 21307  140.00000  175  787  142.00000   45.00000  68.3%  23.0  130s
 38857 24595  141.00000  205  831  142.00000   45.00000  68.3%  23.2  135s
 43638 30508  141.00000  431  681  142.00000   45.00000  68.3%  22.5  141s
 49634 35657  140.00000  166  958  142.00000   45.00000  68.3%  21.6  146s
 52134 39275 infeasible  263       142.00000   45.00000  68.3%  21.3  159s
 55975 42503  138.00000  202  650  142.00000   45.00000  68.3%  21.5  161s
H58952 35824                     141.0000000   45.00000  68.1%  21.0  161s
 61804 38128 infeasible   55       141.00000   45.00000  68.1%  21.1  166s
H65898 35815                     140.0000000   45.00000  67.9%  20.9  168s
 67473 36745     cutoff  321       140.00000   45.00000  67.9%  20.8  170s
 74374 44907  138.00000  282  619  140.00000   45.00000  67.9%  21.1  177s
 77988 48993  138.00000  415  646  140.00000   45.00000  67.9%  20.6  185s
H84597 41991                     139.0000000   45.00000  67.6%  20.6  188s
 85025 45931  136.00000  141  852  139.00000   45.00000  67.6%  20.6  192s
 91525 50690  138.00000  464  684  139.00000   45.00000  67.6%  20.6  198s
 94664 52363 infeasible  681       139.00000   45.00000  67.6%  20.6  201s
 99692 56987  133.00000  321  646  139.00000   45.00000  67.6%  20.8  207s
H101427 49274                     138.0000000   45.00000  67.4%  20.9  207s
 101469 52801     cutoff  412       138.00000   45.00000  67.4%  20.9  210s
 105680 56022 infeasible  159       138.00000   45.00000  67.4%  20.7  215s
 113543 61976  137.00000  126  626  138.00000   45.00000  67.4%  20.7  222s
 116039 66163  137.00000  258  645  138.00000   45.00000  67.4%  20.9  225s
 123407 72246  136.00000  129  536  138.00000   45.00000  67.4%  20.7  231s
 131779 79316 infeasible  489       138.00000   45.00000  67.4%  20.0  238s
 135709 81459  136.00000  206  609  138.00000   45.00000  67.4%  20.2  243s
 138400 83734   61.00000   38  499  138.00000   45.00000  67.4%  20.1  246s
 140900 87656   99.00000  102  523  138.00000   45.00000  67.4%  20.3  250s
 147450 91412  121.00000  232  559  138.00000   45.00000  67.4%  20.6  256s
 149720 94841  124.00000  273  671  138.00000   45.00000  67.4%  20.8  260s
 155678 99328  125.00000  354  624  138.00000   45.00000  67.4%  20.8  266s
 158382 102039  125.00000  392  599  138.00000   45.00000  67.4%  20.8  271s
 161301 106692  126.00000  424  532  138.00000   45.00000  67.4%  20.8  276s
 167033 109305  126.00000  550  483  138.00000   45.00000  67.4%  20.7  280s
 172635 115115  137.00000  640  368  138.00000   45.00000  67.4%  20.9  286s
 178972 121288  137.00000  725  278  138.00000   45.00000  67.4%  20.9  292s
 183888 123679 infeasible  764       138.00000   45.00000  67.4%  20.8  296s
 186606 126996  135.00000   60 1298  138.00000   45.00000  67.4%  21.0  303s
 190437 126876  135.00000   99 1288  138.00000   45.00000  67.4%  21.0  319s
 190605 130011  135.00000  100 1286  138.00000   45.00000  67.4%  21.0  323s
H192014 99008                     137.0000000   45.00000  67.2%  21.1  323s
 193929 101789     cutoff  143       137.00000   45.00000  67.2%  21.1  328s
 197545 105175  126.00000   53  341  137.00000   45.00000  67.2%  21.2  332s
 201082 108165  136.00000  240  633  137.00000   45.00000  67.2%  21.2  337s
 204250 110977  136.00000  400  570  137.00000   45.00000  67.2%  21.1  341s
 207300 113572  136.00000  536  419  137.00000   45.00000  67.2%  21.0  345s
 210220 116766  135.00000   85  577  137.00000   45.00000  67.2%  21.0  350s
 213642 121432  136.00000  257  650  137.00000   45.00000  67.2%  20.9  355s
 222617 126694  136.00000  144  759  137.00000   45.00000  67.2%  20.7  362s
 225035 129091  136.00000  263  799  137.00000   45.00000  67.2%  20.8  365s
 232370 136311  110.00000  152  817  137.00000   45.00000  67.2%  20.7  373s
 236466 139981 infeasible  215       137.00000   45.00000  67.2%  20.6  377s
 240479 144904  136.00000  201  864  137.00000   45.00000  67.2%  20.6  382s
 246558 148162  130.00000  174  977  137.00000   45.00000  67.2%  20.4  385s
 252968 154522  124.00000  163  739  137.00000   45.00000  67.2%  20.3  391s
 261158 158950   82.00000   37  580  137.00000   45.00000  67.2%  20.1  397s
 262672 165329  130.00000   99  906  137.00000   45.00000  67.2%  20.1  403s
 270000 166729   85.00000   56  593  137.00000   45.00000  67.2%  20.1  405s
 273541 172178  107.00000  137  819  137.00000   45.00000  67.2%  20.2  411s
 278978 175617  112.00000  228 1012  137.00000   45.00000  67.2%  20.4  417s
 281156 179406  112.00000  289  949  137.00000   45.00000  67.2%  20.6  421s
 285415 181464  124.00000  359  871  137.00000   45.00000  67.2%  20.5  425s
 291470 189894  136.00000  419  806  137.00000   45.00000  67.2%  20.7  434s
 297143 193562  136.00000  459  813  137.00000   45.00000  67.2%  20.5  438s
 301450 195817   45.00000   32  389  137.00000   45.00000  67.2%  20.6  442s
 304249 198348  134.00000   95  773  137.00000   45.00000  67.2%  20.7  445s
 312217 204836 infeasible  423       137.00000   45.00000  67.2%  20.7  452s
 314779 208504  136.00000  146  778  137.00000   45.00000  67.2%  20.8  456s
 318793 211964  136.00000  313  738  137.00000   45.00000  67.2%  20.8  462s
 323153 216205  136.00000  456  679  137.00000   45.00000  67.2%  20.7  467s
 329180 218735   50.00000   36  698  137.00000   45.00000  67.2%  20.7  470s
 334707 225427  136.00000  295  556  137.00000   45.00000  67.2%  20.7  477s
 340179 228924  136.00000  135  765  137.00000   45.00000  67.2%  20.7  482s
 344043 234030  118.00000   67  584  137.00000   45.00000  67.2%  20.7  487s
 350324 236587  135.00000  156  750  137.00000   45.00000  67.2%  20.6  490s
 359055 243761  134.00000   89  826  137.00000   45.00000  67.2%  20.6  497s
 361716 247302  135.00000  190 1108  137.00000   45.00000  67.2%  20.6  500s
 366560 251003 infeasible  390       137.00000   45.00000  67.2%  20.5  505s
 370743 256155  136.00000  210  607  137.00000   45.00000  67.2%  20.6  510s
 379586 260745  121.00000   64  963  137.00000   45.00000  67.2%  20.6  516s
 382208 264264  129.00000   97  985  137.00000   45.00000  67.2%  20.6  520s
 389191 270504  135.00000   72  724  137.00000   45.00000  67.2%  20.7  528s
 393555 273589  135.00000  126  722  137.00000   45.00000  67.2%  20.7  532s
 396856 273613  135.00000  165  768  137.00000   45.00000  67.2%  20.8  561s
 396880 273698  135.00000  165  766  137.00000   45.00000  67.2%  20.8  577s
H396888 137516                     133.0000000   45.00000  66.2%  20.8  578s
 396978 140796     cutoff  163       133.00000   45.00000  66.2%  20.8  584s
 400874 144771  131.00000  177  733  133.00000   45.00000  66.2%  20.8  590s
 405343 147990  108.00000  118  569  133.00000   45.00000  66.2%  20.9  595s
 409238 151229  108.00000  215  485  133.00000   45.00000  66.2%  21.0  600s
 413069 154623  108.00000  295  454  133.00000   45.00000  66.2%  21.0  605s
 416881 157652  108.00000  369  397  133.00000   45.00000  66.2%  21.0  610s
 420508 161048  115.00000  431  353  133.00000   45.00000  66.2%  21.0  615s
 424231 164332   57.00000   43  691  133.00000   45.00000  66.2%  21.1  620s
 427875 167762 infeasible  112       133.00000   45.00000  66.2%  21.1  625s
 434961 173741  131.00000  313  610  133.00000   45.00000  66.2%  21.1  634s
 438448 177414  131.00000  394  535  133.00000   45.00000  66.2%  21.1  638s
 442475 180346  131.00000  459  530  133.00000   45.00000  66.2%  21.1  643s
 445864 183092  131.00000  504  489  133.00000   45.00000  66.2%  21.1  648s
 449176 186454  131.00000  550  457  133.00000   45.00000  66.2%  21.1  653s
 453215 192690   89.00000   37  754  133.00000   45.00000  66.2%  21.2  659s
 461131 195028   62.00000   20  350  133.00000   45.00000  66.2%  21.1  663s
 463952 198257  132.00000  171  722  133.00000   45.00000  66.2%  21.2  667s
 467645 201370  132.00000  256  674  133.00000   45.00000  66.2%  21.2  671s
 471449 204937  132.00000  277  640  133.00000   45.00000  66.2%  21.2  679s
 476221 207947  127.00000   76  591  133.00000   45.00000  66.2%  21.3  683s
 479417 210839  127.00000  191  529  133.00000   45.00000  66.2%  21.4  688s
 482750 214255  127.00000  222  532  133.00000   45.00000  66.2%  21.5  692s
 486484 219551  127.00000  275  570  133.00000   45.00000  66.2%  21.5  698s
 493376 221941   45.00000   37  929  133.00000   45.00000  66.2%  21.4  701s
 496137 225022   64.00000   40  324  133.00000   45.00000  66.2%  21.5  705s
 499482 230723  132.00000  160  600  133.00000   45.00000  66.2%  21.5  712s
 508728 234206  132.00000  159  847  133.00000   45.00000  66.2%  21.5  718s
 510895 237450  132.00000  292  702  133.00000   45.00000  66.2%  21.6  722s
 514695 239691   46.00000   35  560  133.00000   45.00000  66.2%  21.6  725s
 519883 246779  132.00000  349  595  133.00000   45.00000  66.2%  21.6  733s
 525187 250118  131.00000  176  722  133.00000   45.00000  66.2%  21.6  739s
 528810 255459  132.00000  371  603  133.00000   45.00000  66.2%  21.6  745s
 537948 262319  132.00000  470  674  133.00000   45.00000  66.2%  21.6  753s
 543318 264797 infeasible  777       133.00000   45.00000  66.2%  21.6  757s
 546154 265673   48.28404   44  780  133.00000   45.00000  66.2%  21.6  767s
H546155 173552                     130.0000000   45.00000  65.4%  21.6  767s
H546581 156311                     128.0000000   45.00000  64.8%  21.6  767s
 547127 159085   45.00000   42  707  128.00000   45.00000  64.8%  21.6  772s
 551140 162448  116.00000  126  650  128.00000   45.00000  64.8%  21.7  777s
 555352 165202  116.00000  211  656  128.00000   45.00000  64.8%  21.7  782s
 558769 167878  117.00000  300  521  128.00000   45.00000  64.8%  21.8  786s
 562077 171373  121.00000  366  476  128.00000   45.00000  64.8%  21.9  791s
 565832 174553  118.00000  401  502  128.00000   45.00000  64.8%  21.9  796s
 569402 178308  120.00000  441  455  128.00000   45.00000  64.8%  21.9  801s
 573602 183254  120.00000  481  428  128.00000   45.00000  64.8%  21.9  807s
 580217 186725  120.00000  554  400  128.00000   45.00000  64.8%  21.8  812s
 584353 189596  125.00000  562  399  128.00000   45.00000  64.8%  21.9  816s
 587834 193219  125.00000  621  353  128.00000   45.00000  64.8%  21.9  821s
 592110 197720  125.00000  661  336  128.00000   45.00000  64.8%  21.9  826s
 601500 203900  126.00000  149  711  128.00000   45.00000  64.8%  21.9  833s
 606831 207188 infeasible  207       128.00000   45.00000  64.8%  21.9  838s
 610600 210762   99.00000   39  370  128.00000   45.00000  64.8%  22.1  843s
 614645 214135   94.00000  145  550  128.00000   45.00000  64.8%  22.1  848s
 618421 219647  103.00000  214  545  128.00000   45.00000  64.8%  22.1  854s
 625761 221921  124.00000  295  491  128.00000   45.00000  64.8%  22.1  857s
 628467 224875  124.00000  303  469  128.00000   45.00000  64.8%  22.1  861s
 631878 229342  124.00000  364  580  128.00000   45.00000  64.8%  22.1  867s
 638175 231609  122.00000   91  636  128.00000   45.00000  64.8%  22.1  870s
 643303 238036  127.00000  150  709  128.00000   45.00000  64.8%  22.2  879s
 647903 238195  127.00000  188  710  128.00000   45.00000  64.8%  22.1  890s
 650831 243313  127.00000  214  746  128.00000   45.00000  64.8%  22.2  899s
 654057 246398  127.00000  245  649  128.00000   45.00000  64.8%  22.3  903s
 657412 249734  127.00000  273  688  128.00000   45.00000  64.8%  22.3  908s
 661092 253134  127.00000  313  613  128.00000   45.00000  64.8%  22.3  913s
 664836 256315  127.00000  364  602  128.00000   45.00000  64.8%  22.3  918s
 668405 261957  127.00000  395  609  128.00000   45.00000  64.8%  22.3  924s
 675590 264181 infeasible  443       128.00000   45.00000  64.8%  22.3  927s
 678449 267162  127.00000  116  678  128.00000   45.00000  64.8%  22.3  931s
 681940 270071  126.00000  143  573  128.00000   45.00000  64.8%  22.3  936s
 685440 276200  126.00000  306  666  128.00000   45.00000  64.8%  22.3  942s
 694980 279640  127.00000  137  883  128.00000   45.00000  64.8%  22.3  947s
 697198 281911  127.00000  278  766  128.00000   45.00000  64.8%  22.4  951s
 702480 288727  126.00000  137  729  128.00000   45.00000  64.8%  22.4  959s
 708103 290934   45.00000   40  381  128.00000   45.00000  64.8%  22.4  962s
 710568 294610  127.00000  141  510  128.00000   45.00000  64.8%  22.4  967s
 714616 299474  123.00000  124  875  128.00000   45.00000  64.8%  22.4  973s
 721112 301692   94.00000   52  594  128.00000   45.00000  64.8%  22.4  976s
 723663 304948  126.00000  149  506  128.00000   45.00000  64.8%  22.4  980s
 730454 310791  126.00000  320  540  128.00000   45.00000  64.8%  22.5  988s
 733853 315390  126.00000  397  423  128.00000   45.00000  64.8%  22.5  993s
 739434 321531  126.00000  476  356  128.00000   45.00000  64.8%  22.5  999s
 746909 321531 infeasible  114       128.00000   45.00000  64.8%  22.4 1000s

Cutting planes:
  Gomory: 31
  Cover: 3
  Implied bound: 1
  MIR: 27
  StrongCG: 7
  Flow cover: 114
  Zero half: 9

Explored 747214 nodes (17577943 simplex iterations) in 1000.02 seconds (607.06 work units)
Thread count was 24 (of 24 available processors)

Solution count 10: 128 130 133 ... 143

Time limit reached
Best objective 1.280000000000e+02, best bound 4.500000000000e+01, gap 64.8437%
