
Gurobi 10.0.0 (linux64, C++) logging started Wed Dec 14 12:45:39 2022

Set parameter Username
Set parameter TimeLimit to value 5000
Set parameter LogFile to value "./log/milp-100b-5000s-verbose.log"
Academic license - for non-commercial use only - expires 2023-12-06
Gurobi Optimizer version 10.0.0 build v10.0.0rc2 (linux64)

CPU model: 12th Gen Intel(R) Core(TM) i9-12900, instruction set [SSE2|AVX|AVX2]
Thread count: 24 physical cores, 24 logical processors, using up to 24 threads

Optimize a model with 20200 rows, 10201 columns and 98900 nonzeros
Model fingerprint: 0xe6a1e9bd
Variable types: 0 continuous, 10201 integer (10000 binary)
Coefficient statistics:
  Matrix range     [1e+00, 1e+03]
  Objective range  [1e+00, 1e+00]
  Bounds range     [1e+00, 1e+00]
  RHS range        [1e+00, 3e+03]
Presolve removed 204 rows and 4 columns
Presolve time: 0.06s
Presolved: 19996 rows, 10197 columns, 98696 nonzeros
Variable types: 0 continuous, 10197 integer (9996 binary)

Root relaxation: objective 4.500000e+01, 3941 iterations, 0.15 seconds (0.29 work units)

    Nodes    |    Current Node    |     Objective Bounds      |     Work
 Expl Unexpl |  Obj  Depth IntInf | Incumbent    BestBd   Gap | It/Node Time

     0     0   45.00000    0  301          -   45.00000      -     -    0s
     0     0   45.00000    0  837          -   45.00000      -     -    1s
     0     0   45.00000    0  777          -   45.00000      -     -    1s
     0     0   45.00000    0  283          -   45.00000      -     -    3s
     0     0   45.00000    0  329          -   45.00000      -     -    4s
     0     0   45.00000    0  266          -   45.00000      -     -    4s
     0     0   45.00000    0  594          -   45.00000      -     -    4s
H    0     0                     183.0000000   45.00000  75.4%     -    6s
     0     0   45.00000    0  247  183.00000   45.00000  75.4%     -    6s
H    0     0                     182.0000000   45.00000  75.3%     -    7s
     0     0   45.00000    0  429  182.00000   45.00000  75.3%     -    7s
     0     0   45.00000    0  308  182.00000   45.00000  75.3%     -    8s
     0     0   45.00000    0  533  182.00000   45.00000  75.3%     -    8s
H    0     0                     180.0000000   45.00000  75.0%     -    9s
H    0     0                     179.0000000   45.00000  74.9%     -    9s
     0     0   45.00000    0  252  179.00000   45.00000  74.9%     -    9s
     0     0   45.00000    0  586  179.00000   45.00000  74.9%     -   10s
H    0     0                     175.0000000   45.00000  74.3%     -   10s
     0     0   45.00000    0  244  175.00000   45.00000  74.3%     -   11s
     0     0   45.00000    0  223  175.00000   45.00000  74.3%     -   11s
H    0     2                     174.0000000   45.00000  74.1%     -   11s
     0     2   45.00000    0  219  174.00000   45.00000  74.1%     -   11s
H   28    51                     162.0000000   45.00000  72.2%   865   14s
H   31    51                     152.0000000   45.00000  70.4%   794   14s
    52    73   45.00000    6  812  152.00000   45.00000  70.4%   653   15s
   204   319   45.00000   10  370  152.00000   45.00000  70.4%   796   21s
   774  1573   45.00000   26  461  152.00000   45.00000  70.4%   361   28s
  1596  2528   45.00000   40  448  152.00000   45.00000  70.4%   232   32s
  2569  3687   45.00000   41  429  152.00000   45.00000  70.4%   165   36s
  5336  6678   63.00000   62 1062  152.00000   45.00000  70.4%  95.0   41s
  8444  9209   72.00000  116 1011  152.00000   45.00000  70.4%  69.9   46s
 11081 12272   74.00000  176  971  152.00000   45.00000  70.4%  61.8   50s
H12749  8562                     143.0000000   45.00000  68.5%  57.1   51s
 12755  8534  140.00000  179  307  143.00000   45.00000  68.5%  57.1   55s
 12765  8541   81.00000  101  362  143.00000   45.00000  68.5%  57.1   60s
 12771  8545   50.00000   83  385  143.00000   45.00000  68.5%  57.0   65s
 12875  8638   45.00000   16  716  143.00000   45.00000  68.5%  11.1   81s
 13129  8869   48.00000   20  519  143.00000   45.00000  68.5%  15.2   85s
 13905  9763   45.00000   32  674  143.00000   45.00000  68.5%  18.6   91s
 15409 10677   68.00000   55  769  143.00000   45.00000  68.5%  20.3   95s
 16977 11765   80.00000   85  641  143.00000   45.00000  68.5%  21.1  100s
 18622 12793   80.00000  120  704  143.00000   45.00000  68.5%  21.5  105s
 19951 13780   80.00000  149  846  143.00000   45.00000  68.5%  22.0  110s
 21483 14884   80.00000  183  918  143.00000   45.00000  68.5%  22.8  115s
 24427 16981  125.00000  250  886  143.00000   45.00000  68.5%  23.4  120s
 26558 20206  125.00000  294  859  143.00000   45.00000  68.5%  23.5  128s
 29274 20141  125.00000  344  816  143.00000   45.00000  68.5%  23.7  131s
H29648 18913                     142.0000000   45.00000  68.3%  23.6  131s
 33178 21209  140.00000  104  801  142.00000   45.00000  68.3%  23.1  135s
 36391 24114  141.00000   83  886  142.00000   45.00000  68.3%  23.8  141s
 41172 28306  141.00000  318  749  142.00000   45.00000  68.3%  23.2  146s
 46108 32453   86.00000   30 1119  142.00000   45.00000  68.3%  21.7  150s
 52134 39275 infeasible  263       142.00000   45.00000  68.3%  21.3  166s
H58952 35824                     141.0000000   45.00000  68.1%  21.0  168s
 59643 35840  138.00000  322  561  141.00000   45.00000  68.1%  20.9  170s
 64456 40951  130.00000  180  760  141.00000   45.00000  68.1%  21.1  175s
H65898 35815                     140.0000000   45.00000  67.9%  20.9  175s
 72295 41553  133.00000  205  622  140.00000   45.00000  67.9%  20.8  181s
 77988 48993  138.00000  415  646  140.00000   45.00000  67.9%  20.6  192s
 82902 50965   46.00000   30  632  140.00000   45.00000  67.9%  20.1  195s
H84597 41991                     139.0000000   45.00000  67.6%  20.6  195s
 89588 47751 infeasible  400       139.00000   45.00000  67.6%  20.3  202s
 91525 50690  138.00000  464  684  139.00000   45.00000  67.6%  20.6  205s
 96433 55437  129.00000  115  566  139.00000   45.00000  67.6%  20.8  211s
H101427 49274                     138.0000000   45.00000  67.4%  20.9  214s
 101469 52801     cutoff  412       138.00000   45.00000  67.4%  20.9  218s
 105680 56022 infeasible  159       138.00000   45.00000  67.4%  20.7  222s
 109163 59695  137.00000  228  561  138.00000   45.00000  67.4%  20.8  226s
 116039 66163  137.00000  258  645  138.00000   45.00000  67.4%  20.9  233s
 121093 68341 infeasible  516       138.00000   45.00000  67.4%  20.6  235s
 127612 75799  136.00000  310  703  138.00000   45.00000  67.4%  20.4  241s
 131779 79316 infeasible  489       138.00000   45.00000  67.4%  20.0  245s
 135709 81459  136.00000  206  609  138.00000   45.00000  67.4%  20.2  250s
 140900 87656   99.00000  102  523  138.00000   45.00000  67.4%  20.3  257s
 145704 89170  118.00000  206  567  138.00000   45.00000  67.4%  20.3  260s
 149720 94841  124.00000  273  671  138.00000   45.00000  67.4%  20.8  267s
 153484 96844  125.00000  340  632  138.00000   45.00000  67.4%  20.7  270s
 158382 102039  125.00000  392  599  138.00000   45.00000  67.4%  20.8  278s
 161301 106692  126.00000  424  532  138.00000   45.00000  67.4%  20.8  284s
 167033 109305  126.00000  550  483  138.00000   45.00000  67.4%  20.7  287s
 170276 111390  137.00000  609  396  138.00000   45.00000  67.4%  20.7  290s
 176622 117237  137.00000  714  272  138.00000   45.00000  67.4%  20.8  296s
 178972 121288  137.00000  725  278  138.00000   45.00000  67.4%  20.9  300s
 186606 126996  135.00000   60 1298  138.00000   45.00000  67.4%  21.0  310s
 190437 126876  135.00000   99 1288  138.00000   45.00000  67.4%  21.0  326s
 190605 130011  135.00000  100 1286  138.00000   45.00000  67.4%  21.0  331s
H192014 99008                     137.0000000   45.00000  67.2%  21.1  331s
 193929 101789     cutoff  143       137.00000   45.00000  67.2%  21.1  336s
 197545 105175  126.00000   53  341  137.00000   45.00000  67.2%  21.2  340s
 204250 110977  136.00000  400  570  137.00000   45.00000  67.2%  21.1  348s
 207300 113572  136.00000  536  419  137.00000   45.00000  67.2%  21.0  353s
 210220 116766  135.00000   85  577  137.00000   45.00000  67.2%  21.0  358s
 213642 121432  136.00000  257  650  137.00000   45.00000  67.2%  20.9  363s
 218815 124600  136.00000  567  603  137.00000   45.00000  67.2%  20.7  367s
 222617 126694  136.00000  144  759  137.00000   45.00000  67.2%  20.7  370s
 227709 133020   86.00000   59  441  137.00000   45.00000  67.2%  20.8  377s
 232370 136311  110.00000  152  817  137.00000   45.00000  67.2%  20.7  380s
 236466 139981 infeasible  215       137.00000   45.00000  67.2%  20.6  385s
 246558 148162  130.00000  174  977  137.00000   45.00000  67.2%  20.4  392s
 250244 150749   85.00000   36  691  137.00000   45.00000  67.2%  20.3  395s
 257611 157469  136.00000  372  717  137.00000   45.00000  67.2%  20.1  400s
 262672 165329  130.00000   99  906  137.00000   45.00000  67.2%  20.1  410s
 271534 168716   88.00000  106  667  137.00000   45.00000  67.2%  20.2  415s
 277427 173525  112.00000  194 1032  137.00000   45.00000  67.2%  20.2  421s
 281156 179406  112.00000  289  949  137.00000   45.00000  67.2%  20.6  428s
 285415 181464  124.00000  359  871  137.00000   45.00000  67.2%  20.5  431s
 287753 184975  124.00000  368  862  137.00000   45.00000  67.2%  20.7  436s
 291470 189894  136.00000  419  806  137.00000   45.00000  67.2%  20.7  441s
 297143 193562  136.00000  459  813  137.00000   45.00000  67.2%  20.5  445s
 304249 198348  134.00000   95  773  137.00000   45.00000  67.2%  20.7  451s
 306989 202412  136.00000  229  779  137.00000   45.00000  67.2%  20.8  455s
 314779 208504  136.00000  146  778  137.00000   45.00000  67.2%  20.8  462s
 318793 211964  136.00000  313  738  137.00000   45.00000  67.2%  20.8  468s
 323153 216205  136.00000  456  679  137.00000   45.00000  67.2%  20.7  473s
 329180 218735   50.00000   36  698  137.00000   45.00000  67.2%  20.7  476s
 334707 225427  136.00000  295  556  137.00000   45.00000  67.2%  20.7  483s
 340179 228924  136.00000  135  765  137.00000   45.00000  67.2%  20.7  488s
 344043 234030  118.00000   67  584  137.00000   45.00000  67.2%  20.7  493s
 350324 236587  135.00000  156  750  137.00000   45.00000  67.2%  20.6  496s
 353257 241386  135.00000  272  803  137.00000   45.00000  67.2%  20.7  500s
 361716 247302  135.00000  190 1108  137.00000   45.00000  67.2%  20.6  506s
 366560 251003 infeasible  390       137.00000   45.00000  67.2%  20.5  511s
 370743 256155  136.00000  210  607  137.00000   45.00000  67.2%  20.6  515s
 379586 260745  121.00000   64  963  137.00000   45.00000  67.2%  20.6  521s
 382208 264264  129.00000   97  985  137.00000   45.00000  67.2%  20.6  526s
 389191 270504  135.00000   72  724  137.00000   45.00000  67.2%  20.7  533s
 393555 273589  135.00000  126  722  137.00000   45.00000  67.2%  20.7  538s
 396856 273613  135.00000  165  768  137.00000   45.00000  67.2%  20.8  566s
 396880 273698  135.00000  165  766  137.00000   45.00000  67.2%  20.8  582s
H396888 137516                     133.0000000   45.00000  66.2%  20.8  583s
 396978 140796     cutoff  163       133.00000   45.00000  66.2%  20.8  589s
 400874 144771  131.00000  177  733  133.00000   45.00000  66.2%  20.8  595s
 405343 147990  108.00000  118  569  133.00000   45.00000  66.2%  20.9  600s
 409238 151229  108.00000  215  485  133.00000   45.00000  66.2%  21.0  605s
 413069 154623  108.00000  295  454  133.00000   45.00000  66.2%  21.0  610s
 416881 157652  108.00000  369  397  133.00000   45.00000  66.2%  21.0  615s
 420508 161048  115.00000  431  353  133.00000   45.00000  66.2%  21.0  621s
 424231 164332   57.00000   43  691  133.00000   45.00000  66.2%  21.1  625s
 427875 167762 infeasible  112       133.00000   45.00000  66.2%  21.1  630s
 431581 170766  131.00000  209  790  133.00000   45.00000  66.2%  21.1  635s
 438448 177414  131.00000  394  535  133.00000   45.00000  66.2%  21.1  644s
 442475 180346  131.00000  459  530  133.00000   45.00000  66.2%  21.1  648s
 445864 183092  131.00000  504  489  133.00000   45.00000  66.2%  21.1  653s
 449176 186454  131.00000  550  457  133.00000   45.00000  66.2%  21.1  658s
 453215 192690   89.00000   37  754  133.00000   45.00000  66.2%  21.2  665s
 463952 198257  132.00000  171  722  133.00000   45.00000  66.2%  21.2  672s
 467645 201370  132.00000  256  674  133.00000   45.00000  66.2%  21.2  677s
 471449 204937  132.00000  277  640  133.00000   45.00000  66.2%  21.2  684s
 476221 207947  127.00000   76  591  133.00000   45.00000  66.2%  21.3  688s
 479417 210839  127.00000  191  529  133.00000   45.00000  66.2%  21.4  693s
 482750 214255  127.00000  222  532  133.00000   45.00000  66.2%  21.5  698s
 486484 219551  127.00000  275  570  133.00000   45.00000  66.2%  21.5  703s
 493376 221941   45.00000   37  929  133.00000   45.00000  66.2%  21.4  707s
 496137 225022   64.00000   40  324  133.00000   45.00000  66.2%  21.5  711s
 499482 230723  132.00000  160  600  133.00000   45.00000  66.2%  21.5  717s
 506824 232374  110.00000   71  515  133.00000   45.00000  66.2%  21.4  720s
 510895 237450  132.00000  292  702  133.00000   45.00000  66.2%  21.6  727s
 514695 239691   46.00000   35  560  133.00000   45.00000  66.2%  21.6  730s
 519883 246779  132.00000  349  595  133.00000   45.00000  66.2%  21.6  739s
 525187 250118  131.00000  176  722  133.00000   45.00000  66.2%  21.6  744s
 528810 255459  132.00000  371  603  133.00000   45.00000  66.2%  21.6  751s
 537948 262319  132.00000  470  674  133.00000   45.00000  66.2%  21.6  759s
 543318 264797 infeasible  777       133.00000   45.00000  66.2%  21.6  763s
 546154 265673   48.28404   44  780  133.00000   45.00000  66.2%  21.6  773s
H546155 173552                     130.0000000   45.00000  65.4%  21.6  773s
H546581 156311                     128.0000000   45.00000  64.8%  21.6  773s
 547127 159085   45.00000   42  707  128.00000   45.00000  64.8%  21.6  778s
 551140 162448  116.00000  126  650  128.00000   45.00000  64.8%  21.7  783s
 555352 165202  116.00000  211  656  128.00000   45.00000  64.8%  21.7  788s
 558769 167878  117.00000  300  521  128.00000   45.00000  64.8%  21.8  793s
 562077 171373  121.00000  366  476  128.00000   45.00000  64.8%  21.9  797s
 565832 174553  118.00000  401  502  128.00000   45.00000  64.8%  21.9  802s
 569402 178308  120.00000  441  455  128.00000   45.00000  64.8%  21.9  807s
 573602 183254  120.00000  481  428  128.00000   45.00000  64.8%  21.9  813s
 580217 186725  120.00000  554  400  128.00000   45.00000  64.8%  21.8  818s
 584353 189596  125.00000  562  399  128.00000   45.00000  64.8%  21.9  822s
 587834 193219  125.00000  621  353  128.00000   45.00000  64.8%  21.9  827s
 592110 197720  125.00000  661  336  128.00000   45.00000  64.8%  21.9  832s
 598755 200183 infeasible  734       128.00000   45.00000  64.8%  21.9  836s
 601500 203900  126.00000  149  711  128.00000   45.00000  64.8%  21.9  840s
 606831 207188 infeasible  207       128.00000   45.00000  64.8%  21.9  845s
 610600 210762   99.00000   39  370  128.00000   45.00000  64.8%  22.1  850s
 614645 214135   94.00000  145  550  128.00000   45.00000  64.8%  22.1  855s
 618421 219647  103.00000  214  545  128.00000   45.00000  64.8%  22.1  860s
 628467 224875  124.00000  303  469  128.00000   45.00000  64.8%  22.1  867s
 631878 229342  124.00000  364  580  128.00000   45.00000  64.8%  22.1  874s
 638175 231609  122.00000   91  636  128.00000   45.00000  64.8%  22.1  877s
 640573 234225  127.00000  116  672  128.00000   45.00000  64.8%  22.2  881s
 643303 238036  127.00000  150  709  128.00000   45.00000  64.8%  22.2  886s
 647903 238195  127.00000  188  710  128.00000   45.00000  64.8%  22.1  898s
 648268 240384 infeasible  185       128.00000   45.00000  64.8%  22.1  902s
 650831 243313  127.00000  214  746  128.00000   45.00000  64.8%  22.2  907s
 654057 246398  127.00000  245  649  128.00000   45.00000  64.8%  22.3  911s
 657412 249734  127.00000  273  688  128.00000   45.00000  64.8%  22.3  916s
 661092 253134  127.00000  313  613  128.00000   45.00000  64.8%  22.3  921s
 664836 256315  127.00000  364  602  128.00000   45.00000  64.8%  22.3  926s
 668405 261957  127.00000  395  609  128.00000   45.00000  64.8%  22.3  932s
 675590 264181 infeasible  443       128.00000   45.00000  64.8%  22.3  935s
 681940 270071  126.00000  143  573  128.00000   45.00000  64.8%  22.3  944s
 685440 276200  126.00000  306  666  128.00000   45.00000  64.8%  22.3  950s
 694980 279640  127.00000  137  883  128.00000   45.00000  64.8%  22.3  955s
 699751 284419 infeasible  329       128.00000   45.00000  64.8%  22.4  961s
 702480 288727  126.00000  137  729  128.00000   45.00000  64.8%  22.4  966s
 710568 294610  127.00000  141  510  128.00000   45.00000  64.8%  22.4  975s
 714616 299474  123.00000  124  875  128.00000   45.00000  64.8%  22.4  980s
 723663 304948  126.00000  149  506  128.00000   45.00000  64.8%  22.4  988s
 727731 307578  126.00000  227  569  128.00000   45.00000  64.8%  22.5  991s
 730454 310791  126.00000  320  540  128.00000   45.00000  64.8%  22.5  995s
 733853 315390  126.00000  397  423  128.00000   45.00000  64.8%  22.5 1000s
 739434 321531  126.00000  476  356  128.00000   45.00000  64.8%  22.5 1007s
 749357 325433  123.00000  100  641  128.00000   45.00000  64.8%  22.5 1012s
 751875 327760 infeasible  188       128.00000   45.00000  64.8%  22.5 1015s
 759053 333413  111.00000   64  600  128.00000   45.00000  64.8%  22.5 1022s
 761960 335857  127.00000  212  552  128.00000   45.00000  64.8%  22.5 1025s
 764931 341036  127.00000  338  511  128.00000   45.00000  64.8%  22.5 1031s
H771684 225800                     126.0000000   45.00000  64.3%  22.5 1039s
 772354 228169     cutoff  224       126.00000   45.00000  64.3%  22.5 1043s
 775289 230897  121.00000   74  671  126.00000   45.00000  64.3%  22.5 1047s
 778365 233521  124.00000  113  866  126.00000   45.00000  64.3%  22.6 1052s
 781317 236327  125.00000  152  850  126.00000   45.00000  64.3%  22.6 1056s
 784493 239221 infeasible  185       126.00000   45.00000  64.3%  22.6 1061s
 787901 242228  125.00000  216  811  126.00000   45.00000  64.3%  22.6 1065s
 791472 246111  125.00000  242  815  126.00000   45.00000  64.3%  22.6 1071s
 795821 251054  125.00000  277  888  126.00000   45.00000  64.3%  22.5 1077s
 802283 252993  125.00000  323  767  126.00000   45.00000  64.3%  22.5 1080s
 807261 257948  125.00000  350  827  126.00000   45.00000  64.3%  22.6 1087s
 810231 262046  125.00000  383  874  126.00000   45.00000  64.3%  22.6 1092s
 815728 264679 infeasible  423       126.00000   45.00000  64.3%  22.5 1096s
 818834 268086  125.00000  111  687  126.00000   45.00000  64.3%  22.5 1101s
 822985 272670  125.00000  218  894  126.00000   45.00000  64.3%  22.5 1106s
 831882 277894   45.00000   43  462  126.00000   45.00000  64.3%  22.6 1112s
 834921 279463  102.00000  105  697  126.00000   45.00000  64.3%  22.6 1119s
H835188 231318                     125.0000000   45.00000  64.0%  22.6 1119s
 837091 234258  106.00000  106  686  125.00000   45.00000  64.0%  22.6 1123s
 841121 237234  114.00000  195  650  125.00000   45.00000  64.0%  22.6 1128s
 844694 240080  123.00000  229  691  125.00000   45.00000  64.0%  22.6 1133s
 848144 243480  124.00000   87 1032  125.00000   45.00000  64.0%  22.7 1138s
 851914 246862  124.00000  136 1011  125.00000   45.00000  64.0%  22.7 1144s
 855826 251617  124.00000  171  972  125.00000   45.00000  64.0%  22.7 1149s
 862177 255016  123.00000  120  754  125.00000   45.00000  64.0%  22.7 1154s
 866061 258379 infeasible  291       125.00000   45.00000  64.0%  22.7 1158s
 870014 263685  122.00000  204  783  125.00000   45.00000  64.0%  22.7 1164s
 877929 265638 infeasible  144       125.00000   45.00000  64.0%  22.7 1166s
 882514 271013  104.00000   61  569  125.00000   45.00000  64.0%  22.7 1173s
 886778 273098  110.00000   54  496  125.00000   45.00000  64.0%  22.7 1175s
 894364 278387  122.00000   86  779  125.00000   45.00000  64.0%  22.7 1182s
 896327 279643  102.00000   66  575  125.00000   45.00000  64.0%  22.7 1188s
H896742 226367                     123.0000000   45.00000  63.4%  22.7 1188s
 897813 241604  106.00000  153  662  123.00000   45.00000  63.4%  22.7 1211s
 915275 247693  109.00000  464  560  123.00000   45.00000  63.4%  22.9 1219s
 922731 253392  113.00000  534  503  123.00000   45.00000  63.4%  22.9 1225s
 932360 258657  121.00000  114  590  123.00000   45.00000  63.4%  22.9 1232s
 939409 262758  122.00000  134  651  123.00000   45.00000  63.4%  22.9 1238s
 942102 263657   45.00000   36  761  123.00000   45.00000  63.4%  22.9 1244s
H942393 235852                     122.0000000   45.00000  63.1%  22.9 1244s
 943161 238014  118.00000  144  902  122.00000   45.00000  63.1%  22.9 1247s
 946243 240960  121.00000  279  763  122.00000   45.00000  63.1%  23.0 1252s
 950002 244092  121.00000  398  546  122.00000   45.00000  63.1%  23.0 1257s
 953796 247395  121.00000  168  712  122.00000   45.00000  63.1%  23.0 1261s
 957982 250310   87.00000   72  587  122.00000   45.00000  63.1%  23.0 1266s
 961405 253260  121.00000  192  661  122.00000   45.00000  63.1%  23.0 1270s
 965126 258016  121.00000  266  642  122.00000   45.00000  63.1%  23.0 1275s
 974818 263348  121.00000  173  680  122.00000   45.00000  63.1%  23.1 1283s
 978055 266174  121.00000  293  681  122.00000   45.00000  63.1%  23.1 1288s
 981926 268931   78.00000   66  545  122.00000   45.00000  63.1%  23.1 1292s
 985218 271971  113.00000  140  651  122.00000   45.00000  63.1%  23.1 1298s
 989186 273904  119.00000   66  423  122.00000   45.00000  63.1%  23.2 1303s
 991427 277564  121.00000  217  695  122.00000   45.00000  63.1%  23.2 1309s
 995943 281099  121.00000  158  585  122.00000   45.00000  63.1%  23.2 1314s
 1000204 287087  121.00000  322  555  122.00000   45.00000  63.1%  23.2 1320s
 1008147 290523  120.00000   87  671  122.00000   45.00000  63.1%  23.2 1325s
 1015643 295581   45.00000   26  697  122.00000   45.00000  63.1%  23.2 1337s
 1018833 299603   90.00000   89  684  122.00000   45.00000  63.1%  23.2 1343s
 1023811 303367  112.00000  193  819  122.00000   45.00000  63.1%  23.2 1349s
 1028371 306359  116.00000  269  842  122.00000   45.00000  63.1%  23.2 1354s
 1032282 309932  120.00000  341  856  122.00000   45.00000  63.1%  23.3 1360s
 1036232 313214  120.00000  374  823  122.00000   45.00000  63.1%  23.3 1365s
 1039836 319148  120.00000  438  703  122.00000   45.00000  63.1%  23.3 1371s
 1046782 321078 infeasible  539       122.00000   45.00000  63.1%  23.2 1375s
 1052039 327950  121.00000  265  969  122.00000   45.00000  63.1%  23.3 1383s
 1058297 330245 infeasible  169       122.00000   45.00000  63.1%  23.2 1386s
 1063859 336909  121.00000  221  676  122.00000   45.00000  63.1%  23.2 1395s
 1072838 341859   59.00000   49  695  122.00000   45.00000  63.1%  23.2 1402s
 1075609 343722  121.00000  205  949  122.00000   45.00000  63.1%  23.2 1409s
 1078187 347080  113.00000  157  661  122.00000   45.00000  63.1%  23.2 1414s
 1082107 349737  121.00000  325  652  122.00000   45.00000  63.1%  23.2 1418s
 1085618 353048  121.00000  437  666  122.00000   45.00000  63.1%  23.2 1423s
 1089353 356615   95.00000  114  560  122.00000   45.00000  63.1%  23.3 1428s
 1093425 359523  121.00000  340  829  122.00000   45.00000  63.1%  23.3 1433s
 1096779 364142   50.00000   45  664  122.00000   45.00000  63.1%  23.3 1438s
 1102689 366661 infeasible  123       122.00000   45.00000  63.1%  23.2 1442s
 1105770 369159  121.00000  175  793  122.00000   45.00000  63.1%  23.3 1446s
 1108961 373304  118.00000   46  833  122.00000   45.00000  63.1%  23.3 1450s
 1114787 376866 infeasible  156       122.00000   45.00000  63.1%  23.2 1455s
 1119025 378471  121.00000  241  798  122.00000   45.00000  63.1%  23.3 1462s
 1121049 382687  121.00000  242  792  122.00000   45.00000  63.1%  23.3 1469s
 1126517 386194  121.00000  413  673  122.00000   45.00000  63.1%  23.3 1474s
 1131079 389659  100.00000   79  677  122.00000   45.00000  63.1%  23.3 1479s
 1135378 393225  121.00000  296  562  122.00000   45.00000  63.1%  23.3 1484s
 1139738 398523 infeasible  490       122.00000   45.00000  63.1%  23.3 1489s
 1147438 402064   45.00000   28  980  122.00000   45.00000  63.1%  23.3 1494s
 1151560 405155   68.00000   35  438  122.00000   45.00000  63.1%  23.3 1498s
 1155276 409589  121.00000  191  718  122.00000   45.00000  63.1%  23.3 1503s
 1161233 412770  113.00000   66  715  122.00000   45.00000  63.1%  23.3 1507s
 1164620 416031  113.00000  115  845  122.00000   45.00000  63.1%  23.3 1511s
 1168419 418026  119.00000  148  776  122.00000   45.00000  63.1%  23.3 1516s
 1171173 421343 infeasible  190       122.00000   45.00000  63.1%  23.3 1521s
 1174991 424467  121.00000  170  625  122.00000   45.00000  63.1%  23.3 1526s
 1178954 427895   59.00000   33  419  122.00000   45.00000  63.1%  23.3 1530s
 1188049 434675  121.00000  175  541  122.00000   45.00000  63.1%  23.3 1538s
 1191476 437386 infeasible  308       122.00000   45.00000  63.1%  23.3 1542s
 1194929 440454  119.00000  142  331  122.00000   45.00000  63.1%  23.3 1546s
 1199570 442848   99.00000   72  490  122.00000   45.00000  63.1%  23.3 1550s
 1202146 446010  111.00000  113  576  122.00000   45.00000  63.1%  23.4 1556s
 1205754 447412  120.00000  158  691  122.00000   45.00000  63.1%  23.4 1562s
 1207430 452035  120.00000  160  684  122.00000   45.00000  63.1%  23.4 1570s
 1213130 456059  121.00000  214  881  122.00000   45.00000  63.1%  23.4 1576s
 1217911 459811  121.00000  254  805  122.00000   45.00000  63.1%  23.4 1582s
 1222387 463655  121.00000  298  760  122.00000   45.00000  63.1%  23.4 1587s
 1226777 469593  121.00000  327  738  122.00000   45.00000  63.1%  23.4 1594s
 1234499 472643 infeasible  380       122.00000   45.00000  63.1%  23.3 1599s
 1238202 475921  121.00000  130  586  122.00000   45.00000  63.1%  23.4 1604s
 1242308 479133  121.00000  259  631  122.00000   45.00000  63.1%  23.4 1608s
 1246390 482478  120.00000  181  714  122.00000   45.00000  63.1%  23.4 1614s
 1250915 485199   97.00000  114  593  122.00000   45.00000  63.1%  23.4 1618s
 1253774 488508   97.00000  196  592  122.00000   45.00000  63.1%  23.5 1623s
 1257293 490644  106.00000  249  664  122.00000   45.00000  63.1%  23.5 1630s
 1259753 494279 infeasible  350       122.00000   45.00000  63.1%  23.5 1635s
 1263724 496969  121.00000  226  807  122.00000   45.00000  63.1%  23.5 1640s
 1270607 504690  120.00000  166  866  122.00000   45.00000  63.1%  23.5 1649s
 1276694 507204   82.00000   44  662  122.00000   45.00000  63.1%  23.4 1653s
 1279598 511255   45.00000   53  494  122.00000   45.00000  63.1%  23.5 1657s
 1284885 515092   45.00000   35  522  122.00000   45.00000  63.1%  23.4 1663s
 1289160 519250   99.00000  115  582  122.00000   45.00000  63.1%  23.5 1667s
 1295050 520420  117.00000  208  549  122.00000   45.00000  63.1%  23.4 1674s
 1296376 523630  116.00000  262  543  122.00000   45.00000  63.1%  23.5 1679s
 1300140 526770  117.00000  327  456  122.00000   45.00000  63.1%  23.4 1682s
 1303773 529706  120.00000  396  447  122.00000   45.00000  63.1%  23.4 1686s
 1307319 532825  117.00000  451  406  122.00000   45.00000  63.1%  23.4 1691s
 1311145 537576  117.00000  511  384  122.00000   45.00000  63.1%  23.4 1696s
 1320903 541810  121.00000  168  669  122.00000   45.00000  63.1%  23.4 1702s
 1323487 543876  112.00000  103  596  122.00000   45.00000  63.1%  23.4 1705s
 1328691 550327  110.00000  136  590  122.00000   45.00000  63.1%  23.5 1713s
 1334827 552673  120.00000  138  750  122.00000   45.00000  63.1%  23.4 1716s
 1337427 555392  121.00000  254  813  122.00000   45.00000  63.1%  23.5 1720s
 1340860 558811   57.00000   30  355  122.00000   45.00000  63.1%  23.5 1725s
 1345228 563732  121.00000  223  454  122.00000   45.00000  63.1%  23.5 1731s
 1352134 565512   67.00000   51 1022  122.00000   45.00000  63.1%  23.5 1735s
 1357465 571844  116.00000  124  917  122.00000   45.00000  63.1%  23.5 1744s
 1361370 574714  116.00000  165  916  122.00000   45.00000  63.1%  23.5 1748s
 1364813 578980  118.00000  259  804  122.00000   45.00000  63.1%  23.6 1753s
 1369850 580660 infeasible  340       122.00000   45.00000  63.1%  23.6 1761s
 1371794 583820  118.00000  394  769  122.00000   45.00000  63.1%  23.6 1766s
 1375719 586819  121.00000  422  756  122.00000   45.00000  63.1%  23.6 1771s
 1379534 590271  121.00000  464  724  122.00000   45.00000  63.1%  23.6 1776s
 1383821 596292  121.00000  541  594  122.00000   45.00000  63.1%  23.6 1782s
 1391055 599718  121.00000  576  609  122.00000   45.00000  63.1%  23.5 1787s
 1395383 603300  107.00000   80  608  122.00000   45.00000  63.1%  23.6 1792s
 1399999 606070   77.00000   94  820  122.00000   45.00000  63.1%  23.6 1796s
 1402945 607495  107.00000  164  682  122.00000   45.00000  63.1%  23.6 1803s
 1404742 610939  107.00000  164  682  122.00000   45.00000  63.1%  23.6 1809s
 1408443 614476  121.00000  239  607  122.00000   45.00000  63.1%  23.6 1814s
 1412404 617488  120.00000  159  525  122.00000   45.00000  63.1%  23.5 1819s
 1416114 622368   80.00000   45  525  122.00000   45.00000  63.1%  23.5 1825s
 1424916 626551  112.00000  198  803  122.00000   45.00000  63.1%  23.5 1831s
 1427317 629740  120.00000  246  743  122.00000   45.00000  63.1%  23.5 1835s
 1434779 634675 infeasible  375       122.00000   45.00000  63.1%  23.6 1842s
 1437426 637317  120.00000  428  542  122.00000   45.00000  63.1%  23.6 1846s
 1440674 642014  120.00000  486  500  122.00000   45.00000  63.1%  23.6 1851s
 1446610 644852  113.00000   67  420  122.00000   45.00000  63.1%  23.6 1856s
 1449976 648366  121.00000  227  512  122.00000   45.00000  63.1%  23.6 1861s
 1454030 653198   93.00000   50  391  122.00000   45.00000  63.1%  23.6 1867s
 1460219 654803 infeasible  232       122.00000   45.00000  63.1%  23.6 1871s
 1462105 658089   57.00000   42  419  122.00000   45.00000  63.1%  23.6 1876s
 1465903 660871  121.00000  209  645  122.00000   45.00000  63.1%  23.6 1881s
 1469385 663940  108.00000   51  702  122.00000   45.00000  63.1%  23.6 1886s
 1473006 668564  121.00000  261  521  122.00000   45.00000  63.1%  23.6 1891s
 1481942 672782  121.00000  107  591  122.00000   45.00000  63.1%  23.6 1898s
 1484596 675232   54.00000   53  679  122.00000   45.00000  63.1%  23.6 1901s
 1487276 676208  101.00000  104  568  122.00000   45.00000  63.1%  23.7 1908s
 1488386 679472   93.00000  103  575  122.00000   45.00000  63.1%  23.7 1912s
 1491993 682587  119.00000  150  612  122.00000   45.00000  63.1%  23.7 1916s
 1495645 685541  120.00000  238  708  122.00000   45.00000  63.1%  23.7 1921s
 1499093 691085   50.00000   48  705  122.00000   45.00000  63.1%  23.7 1927s
 1508304 694428  121.00000  181  754  122.00000   45.00000  63.1%  23.6 1932s
 1510636 696507  110.00000   63  494  122.00000   45.00000  63.1%  23.6 1935s
 1516042 701852  121.00000  187  838  122.00000   45.00000  63.1%  23.6 1942s
 1520713 704419  106.00000  106  685  122.00000   45.00000  63.1%  23.6 1945s
 1526371 710150  114.00000  213  733  122.00000   45.00000  63.1%  23.7 1954s
 1529983 716158  114.00000  282  661  122.00000   45.00000  63.1%  23.7 1960s
 1540321 720377  120.00000  140  464  122.00000   45.00000  63.1%  23.6 1966s
 1546019 725023  121.00000  170  734  122.00000   45.00000  63.1%  23.6 1975s
H1548751 505788                     121.0000000   45.00000  62.8%  23.6 1975s
 1553223 510283  120.00000  186  857  121.00000   45.00000  62.8%  23.6 1984s
 1556710 513671  120.00000  319  649  121.00000   45.00000  62.8%  23.7 1989s
 1560904 516954  120.00000  386  525  121.00000   45.00000  62.8%  23.7 1994s
 1564646 522145  120.00000  129  563  121.00000   45.00000  62.8%  23.7 2000s
 1571930 523371  120.00000  100  317  121.00000   45.00000  62.8%  23.7 2006s
 1573425 526748  120.00000  101  391  121.00000   45.00000  62.8%  23.7 2010s
 1577216 529563  111.00000   63  652  121.00000   45.00000  62.8%  23.7 2015s
 1580755 532956   45.00000   35  474  121.00000   45.00000  62.8%  23.7 2020s
 1587794 538445  116.00000  135  773  121.00000   45.00000  62.8%  23.7 2029s
 1591405 541353   72.00000   38  640  121.00000   45.00000  62.8%  23.7 2034s
 1595103 546062  119.00000  223  846  121.00000   45.00000  62.8%  23.7 2039s
 1601338 549252  120.00000  126  746  121.00000   45.00000  62.8%  23.7 2044s
 1605042 551966  120.00000  296  626  121.00000   45.00000  62.8%  23.7 2048s
 1608561 556577  107.00000  101  674  121.00000   45.00000  62.8%  23.7 2054s
 1615732 558448  101.00000   93  599  121.00000   45.00000  62.8%  23.7 2056s
 1617813 559422  104.00000  153  610  121.00000   45.00000  62.8%  23.7 2067s
 1618893 562426  104.00000  154  599  121.00000   45.00000  62.8%  23.8 2071s
 1622353 564956  116.00000  232  598  121.00000   45.00000  62.8%  23.8 2075s
 1629076 570594  115.00000  338  588  121.00000   45.00000  62.8%  23.8 2083s
 1632396 573246  115.00000  397  504  121.00000   45.00000  62.8%  23.8 2087s
 1635658 576041  119.00000  424  525  121.00000   45.00000  62.8%  23.8 2092s
 1639243 578916  120.00000  483  482  121.00000   45.00000  62.8%  23.8 2097s
 1642958 581641  120.00000  514  472  121.00000   45.00000  62.8%  23.8 2102s
 1646443 584521   99.00000   60  560  121.00000   45.00000  62.8%  23.8 2107s
 1650157 587717   50.00000   45  552  121.00000   45.00000  62.8%  23.8 2111s
 1653729 592381  119.00000  121  666  121.00000   45.00000  62.8%  23.8 2117s
 1659933 595350   90.00000   85  861  121.00000   45.00000  62.8%  23.8 2122s
 1663275 598619  110.00000  154  804  121.00000   45.00000  62.8%  23.8 2127s
 1667138 603168  114.00000  235  678  121.00000   45.00000  62.8%  23.8 2132s
 1673263 605638 infeasible  347       121.00000   45.00000  62.8%  23.8 2136s
 1679174 610501  113.00000  154  533  121.00000   45.00000  62.8%  23.8 2143s
 1682339 614046  117.00000  131  680  121.00000   45.00000  62.8%  23.8 2147s
 1687473 616657 infeasible   69       121.00000   45.00000  62.8%  23.8 2151s
 1690407 619973  120.00000  212  644  121.00000   45.00000  62.8%  23.8 2161s
 1695117 627906 infeasible   45       121.00000   45.00000  62.8%  23.8 2173s
 1704929 631912   54.00000   50  716  121.00000   45.00000  62.8%  23.8 2179s
 1709986 635430 infeasible  248       121.00000   45.00000  62.8%  23.8 2185s
 1714610 638412  120.00000  421  767  121.00000   45.00000  62.8%  23.8 2190s
 1722353 644089  119.00000  168  935  121.00000   45.00000  62.8%  23.8 2199s
 1725999 646844  120.00000  164  813  121.00000   45.00000  62.8%  23.8 2203s
 1729593 651883  120.00000  183  637  121.00000   45.00000  62.8%  23.8 2209s
 1736158 655069 infeasible   95       121.00000   45.00000  62.8%  23.8 2213s
 1739846 657619  120.00000  201  562  121.00000   45.00000  62.8%  23.8 2216s
 1743207 661766  118.00000   81  438  121.00000   45.00000  62.8%  23.8 2221s
 1749534 665419 infeasible  106       121.00000   45.00000  62.8%  23.8 2226s
 1753494 668566   98.00000  106  560  121.00000   45.00000  62.8%  23.8 2231s
 1757008 672875  115.00000  172  673  121.00000   45.00000  62.8%  23.8 2236s
 1762258 674150 infeasible  135       121.00000   45.00000  62.8%  23.8 2242s
 1763717 677365 infeasible  133       121.00000   45.00000  62.8%  23.8 2247s
 1767292 680675  120.00000  223  550  121.00000   45.00000  62.8%  23.8 2252s
 1771002 683691   45.00000   43  981  121.00000   45.00000  62.8%  23.8 2256s
 1774570 688535   83.00000   75  954  121.00000   45.00000  62.8%  23.8 2262s
 1781072 690486  111.00000  168  765  121.00000   45.00000  62.8%  23.8 2265s
 1786100 694860  119.00000  135  904  121.00000   45.00000  62.8%  23.8 2272s
 1788907 698981  115.00000   75  457  121.00000   45.00000  62.8%  23.8 2276s
 1794350 701167  108.00000   76  735  121.00000   45.00000  62.8%  23.8 2280s
 1799511 704456  118.00000  332  715  121.00000   45.00000  62.8%  23.8 2293s
H1799688 554255                     120.0000000   45.00000  62.5%  23.8 2293s
 1800673 557183 infeasible  415       120.00000   45.00000  62.5%  23.8 2298s
 1804174 560497  116.00000  118  472  120.00000   45.00000  62.5%  23.8 2303s
 1807866 563723  116.00000  200  499  120.00000   45.00000  62.5%  23.8 2308s
 1811486 566632  116.00000  284  428  120.00000   45.00000  62.5%  23.8 2313s
 1814915 571649  116.00000  357  428  120.00000   45.00000  62.5%  23.8 2319s
 1821221 574366 infeasible  474       120.00000   45.00000  62.5%  23.8 2323s
 1824596 577120  119.00000  119  794  120.00000   45.00000  62.5%  23.8 2328s
 1828035 580087   67.00000   40  318  120.00000   45.00000  62.5%  23.8 2333s
 1832043 582806  119.00000  215  584  120.00000   45.00000  62.5%  23.8 2337s
 1835570 586925  119.00000  347  540  120.00000   45.00000  62.5%  23.8 2342s
 1841207 589740  113.00000  101  582  120.00000   45.00000  62.5%  23.8 2346s
 1844202 592337  114.00000  186  625  120.00000   45.00000  62.5%  23.8 2350s
 1850076 597396  118.00000   90  745  120.00000   45.00000  62.5%  23.9 2358s
 1853215 601817  118.00000  141  827  120.00000   45.00000  62.5%  23.9 2364s
 1859544 602533 infeasible  215       120.00000   45.00000  62.5%  23.9 2370s
H1859563 483311                     118.0000000   45.00000  61.9%  23.9 2370s
 1863624 488278  117.00000  151  907  118.00000   45.00000  61.9%  23.9 2378s
 1866820 491094  117.00000  272  876  118.00000   45.00000  61.9%  23.9 2382s
 1870248 493557 infeasible  387       118.00000   45.00000  61.9%  23.9 2386s
 1873351 496346   99.00000   47  652  118.00000   45.00000  61.9%  23.9 2390s
 1877074 498960  117.00000  226  566  118.00000   45.00000  61.9%  23.9 2395s
 1880650 501862  117.00000  309  508  118.00000   45.00000  61.9%  23.9 2400s
 1890882 508793 infeasible  118       118.00000   45.00000  61.9%  23.9 2408s
 1893913 511030  117.00000  194  537  118.00000   45.00000  61.9%  23.9 2411s
 1896868 512931  117.00000  131  582  118.00000   45.00000  61.9%  23.9 2415s
 1899477 514579  104.00000   62  543  118.00000   45.00000  61.9%  23.9 2421s
 1901346 517731  104.00000   64  578  118.00000   45.00000  61.9%  24.0 2426s
 1904765 520729  105.00000   90  780  118.00000   45.00000  61.9%  24.0 2431s
 1908173 523422  115.00000  110  859  118.00000   45.00000  61.9%  24.0 2436s
 1911256 526980  115.00000  129  789  118.00000   45.00000  61.9%  24.0 2443s
 1915636 530030  115.00000  154  832  118.00000   45.00000  61.9%  24.0 2448s
 1919517 533385  115.00000  170  811  118.00000   45.00000  61.9%  24.0 2456s
 1924124 536764  115.00000  112  495  118.00000   45.00000  61.9%  24.0 2462s
 1928489 540097  117.00000  283  641  118.00000   45.00000  61.9%  24.0 2468s
 1932630 543237 infeasible  364       118.00000   45.00000  61.9%  24.0 2473s
 1936707 546023 infeasible  155       118.00000   45.00000  61.9%  24.0 2478s
 1940173 548701  117.00000  290  649  118.00000   45.00000  61.9%  24.0 2483s
 1943827 551829 infeasible  356       118.00000   45.00000  61.9%  24.0 2488s
 1947801 553253 infeasible  194       118.00000   45.00000  61.9%  24.0 2497s
 1949541 557166  117.00000  195  542  118.00000   45.00000  61.9%  24.1 2504s
 1954386 560461   99.00000   58  711  118.00000   45.00000  61.9%  24.1 2510s
 1958430 563902  115.00000  126  774  118.00000   45.00000  61.9%  24.1 2516s
 1962358 566586  115.00000  160  996  118.00000   45.00000  61.9%  24.1 2521s
 1965572 569964   46.00000   40  402  118.00000   45.00000  61.9%  24.1 2527s
 1969586 572775  117.00000  219  716  118.00000   45.00000  61.9%  24.1 2532s
 1973299 575787   88.00000   66  745  118.00000   45.00000  61.9%  24.1 2538s
 1977018 578932   59.00000   52  680  118.00000   45.00000  61.9%  24.1 2543s
 1980626 582216  107.00000  128  718  118.00000   45.00000  61.9%  24.1 2548s
 1984530 587298  117.00000  206  749  118.00000   45.00000  61.9%  24.1 2555s
 1991034 590486  117.00000  328  801  118.00000   45.00000  61.9%  24.1 2560s
 1998419 598050  117.00000  401  671  118.00000   45.00000  61.9%  24.1 2570s
 2006938 601489  117.00000  160  640  118.00000   45.00000  61.9%  24.1 2580s
 2008415 604493  117.00000  270  618  118.00000   45.00000  61.9%  24.1 2585s
 2011985 607640  117.00000  102  473  118.00000   45.00000  61.9%  24.1 2590s
 2019495 614192  116.00000  140  559  118.00000   45.00000  61.9%  24.1 2600s
 2023611 618440  117.00000  280  598  118.00000   45.00000  61.9%  24.1 2605s
 2032482 622908  117.00000  100  656  118.00000   45.00000  61.9%  24.1 2611s
 2035254 624233   45.00000   30  452  118.00000   45.00000  61.9%  24.1 2617s
 2036987 626928   45.00000   31  452  118.00000   45.00000  61.9%  24.2 2621s
 2040456 629624  116.00000   57  839  118.00000   45.00000  61.9%  24.2 2626s
 2044084 632499  117.00000  200  888  118.00000   45.00000  61.9%  24.2 2630s
 2047587 635513  114.00000   91 1041  118.00000   45.00000  61.9%  24.2 2635s
 2051025 640552  117.00000  141  959  118.00000   45.00000  61.9%  24.2 2641s
 2058034 641717  117.00000  106  514  118.00000   45.00000  61.9%  24.2 2647s
 2059446 644383  117.00000  107  598  118.00000   45.00000  61.9%  24.2 2651s
 2062838 647012  117.00000  241  520  118.00000   45.00000  61.9%  24.2 2655s
 2066239 649820  117.00000  159  804  118.00000   45.00000  61.9%  24.2 2660s
 2073061 655253  117.00000  426  551  118.00000   45.00000  61.9%  24.2 2669s
 2076783 658091 infeasible  443       118.00000   45.00000  61.9%  24.2 2674s
 2080573 662464  117.00000  142  395  118.00000   45.00000  61.9%  24.2 2680s
 2086632 664094 infeasible  182       118.00000   45.00000  61.9%  24.2 2685s
 2088482 667203  116.00000  143  596  118.00000   45.00000  61.9%  24.2 2690s
 2092062 669758  117.00000  171  876  118.00000   45.00000  61.9%  24.2 2695s
 2095559 672944   67.00000   53  353  118.00000   45.00000  61.9%  24.2 2700s
 2099437 675829  116.00000  251  420  118.00000   45.00000  61.9%  24.2 2705s
 2106772 681238  117.00000  124  683  118.00000   45.00000  61.9%  24.2 2714s
 2110437 685962  117.00000  172  654  118.00000   45.00000  61.9%  24.3 2719s
 2117391 687344 infeasible  192       118.00000   45.00000  61.9%  24.2 2724s
 2119039 690784   57.00000   40  450  118.00000   45.00000  61.9%  24.2 2729s
 2123013 693532  117.00000  194  607  118.00000   45.00000  61.9%  24.2 2733s
 2126622 696493  117.00000  174  707  118.00000   45.00000  61.9%  24.3 2739s
 2130808 699201  117.00000  340  636  118.00000   45.00000  61.9%  24.3 2743s
 2134396 702167   62.00000   40  527  118.00000   45.00000  61.9%  24.3 2747s
 2138034 704525   58.00000   46  677  118.00000   45.00000  61.9%  24.3 2751s
 2141240 707018  117.00000  186  716  118.00000   45.00000  61.9%  24.3 2755s
 2144620 709616  110.00000   67  592  118.00000   45.00000  61.9%  24.3 2762s
 2148453 713100 infeasible  371       118.00000   45.00000  61.9%  24.3 2768s
 2152510 716096  117.00000  110  577  118.00000   45.00000  61.9%  24.3 2773s
 2156124 719270  117.00000  283  602  118.00000   45.00000  61.9%  24.3 2778s
 2160094 721974 infeasible  444       118.00000   45.00000  61.9%  24.3 2783s
 2163542 725190  117.00000  160  563  118.00000   45.00000  61.9%  24.3 2788s
 2167488 728565  117.00000  146  697  118.00000   45.00000  61.9%  24.3 2792s
 2171535 733106   90.00000   41  573  118.00000   45.00000  61.9%  24.3 2797s
 2178295 736458   51.00000   43  646  118.00000   45.00000  61.9%  24.3 2803s
 2182044 739703   94.00000   58  766  118.00000   45.00000  61.9%  24.3 2808s
 2185825 741253   94.00000  125  764  118.00000   45.00000  61.9%  24.3 2815s
 2187751 744961  107.00000  207  712  118.00000   45.00000  61.9%  24.3 2822s
 2192289 748499 infeasible   71       118.00000   45.00000  61.9%  24.4 2828s
 2196293 752363  102.00000  162  706  118.00000   45.00000  61.9%  24.4 2834s
 2200567 756813  113.00000  241  667  118.00000   45.00000  61.9%  24.3 2840s
 2206053 760170  116.00000  180  886  118.00000   45.00000  61.9%  24.3 2845s
 2210070 764529  117.00000  385  816  118.00000   45.00000  61.9%  24.3 2850s
 2218992 770239  117.00000  187  689  118.00000   45.00000  61.9%  24.3 2857s
 2223130 772527   89.00000   51  705  118.00000   45.00000  61.9%  24.3 2861s
 2225602 775234   92.00000  112  821  118.00000   45.00000  61.9%  24.3 2865s
 2228511 777204   96.00000  177  789  118.00000   45.00000  61.9%  24.3 2870s
H2228985 601815                     117.0000000   45.00000  61.5%  24.3 2871s
 2231264 604023  109.00000  187  751  117.00000   45.00000  61.5%  24.3 2875s
 2234610 607354  115.00000  250  707  117.00000   45.00000  61.5%  24.4 2881s
 2238617 610077  115.00000  334  588  117.00000   45.00000  61.5%  24.4 2886s
 2242254 613287  115.00000  402  621  117.00000   45.00000  61.5%  24.4 2891s
 2246290 617789  115.00000  473  518  117.00000   45.00000  61.5%  24.4 2897s
 2253188 620171  116.00000  593  470  117.00000   45.00000  61.5%  24.4 2902s
 2255990 622827  116.00000  616  481  117.00000   45.00000  61.5%  24.4 2906s
 2259280 626061  116.00000  666  421  117.00000   45.00000  61.5%  24.4 2911s
 2263202 629964  116.00000  711  387  117.00000   45.00000  61.5%  24.4 2919s
 2268724 633406  107.00000  113  786  117.00000   45.00000  61.5%  24.4 2924s
 2272947 636460 infeasible  223       117.00000   45.00000  61.5%  24.4 2929s
 2276777 639374  116.00000  201  598  117.00000   45.00000  61.5%  24.4 2933s
 2280624 642029  100.00000   58  685  117.00000   45.00000  61.5%  24.4 2938s
 2284179 644176  116.00000  258  613  117.00000   45.00000  61.5%  24.4 2944s
 2286629 647225  116.00000  392  512  117.00000   45.00000  61.5%  24.4 2949s
 2290202 650442  115.00000   79  747  117.00000   45.00000  61.5%  24.4 2954s
 2294065 653058   46.00000   33  663  117.00000   45.00000  61.5%  24.4 2959s
 2297601 657701  115.00000  204  635  117.00000   45.00000  61.5%  24.4 2964s
 2303831 659362   59.00000   50  482  117.00000   45.00000  61.5%  24.4 2970s
H2304882 563916                     116.0000000   45.00000  61.2%  24.4 2970s
 2305961 566600  102.00000   85  676  116.00000   45.00000  61.2%  24.4 2975s
 2309572 569453   81.00000  123  829  116.00000   45.00000  61.2%  24.4 2980s
 2313279 572468   92.00000  143 1025  116.00000   45.00000  61.2%  24.5 2985s
 2320608 577875  113.00000  227 1019  116.00000   45.00000  61.2%  24.5 2994s
 2324058 579586  114.00000  278 1000  116.00000   45.00000  61.2%  24.5 3002s
 2326257 582745 infeasible  344       116.00000   45.00000  61.2%  24.5 3008s
 2330380 586189  115.00000  441  751  116.00000   45.00000  61.2%  24.5 3014s
 2334888 589909  110.00000   67  584  116.00000   45.00000  61.2%  24.5 3019s
 2339082 592842  115.00000  112  673  116.00000   45.00000  61.2%  24.5 3024s
 2342686 595891  115.00000  159  727  116.00000   45.00000  61.2%  24.5 3029s
 2346365 598577  115.00000  180  673  116.00000   45.00000  61.2%  24.5 3034s
 2349978 601326  115.00000  208  744  116.00000   45.00000  61.2%  24.5 3039s
 2353629 603005  115.00000  237  795  116.00000   45.00000  61.2%  24.6 3049s
 2355738 606886  115.00000  260  858  116.00000   45.00000  61.2%  24.6 3055s
 2360835 610413 infeasible  301       116.00000   45.00000  61.2%  24.6 3061s
 2365540 613403  115.00000  334  760  116.00000   45.00000  61.2%  24.6 3066s
 2369496 615888 infeasible  355       116.00000   45.00000  61.2%  24.6 3071s
 2373007 618889  115.00000  137  760  116.00000   45.00000  61.2%  24.6 3075s
 2376756 621455  115.00000  132  757  116.00000   45.00000  61.2%  24.6 3080s
 2380142 624383  115.00000  260  730  116.00000   45.00000  61.2%  24.6 3085s
 2387627 629604  115.00000  167  664  116.00000   45.00000  61.2%  24.6 3094s
 2390885 632638  100.00000   94 1043  116.00000   45.00000  61.2%  24.6 3099s
 2394558 635550  108.00000  193  846  116.00000   45.00000  61.2%  24.7 3104s
 2398359 638314  115.00000  232  823  116.00000   45.00000  61.2%  24.7 3108s
 2402127 641580  114.00000  154 1202  116.00000   45.00000  61.2%  24.7 3117s
H2406972 556060                     115.0000000   45.00000  60.9%  24.7 3117s
 2407245 557977  105.00000   56  425  115.00000   45.00000  60.9%  24.7 3123s
 2411534 561076 infeasible  255       115.00000   45.00000  60.9%  24.7 3128s
 2415529 564049   45.00000   27  552  115.00000   45.00000  60.9%  24.7 3133s
 2419490 566898  114.00000  152  664  115.00000   45.00000  60.9%  24.7 3138s
 2423319 569701  113.00000  102  707  115.00000   45.00000  60.9%  24.7 3142s
 2426978 572443   46.00000   26  911  115.00000   45.00000  60.9%  24.7 3147s
 2430776 575559  114.00000  196  836  115.00000   45.00000  60.9%  24.7 3151s
 2434619 578411  113.00000  189  685  115.00000   45.00000  60.9%  24.7 3158s
 2438203 581386  110.00000   68  721  115.00000   45.00000  60.9%  24.7 3163s
 2442262 584153  113.00000  111  648  115.00000   45.00000  60.9%  24.7 3168s
 2445923 587151  114.00000   83  581  115.00000   45.00000  60.9%  24.7 3175s
 2449928 592029 infeasible  138       115.00000   45.00000  60.9%  24.7 3183s
 2456088 595454  114.00000  314  866  115.00000   45.00000  60.9%  24.7 3189s
 2460529 598617  114.00000  234  834  115.00000   45.00000  60.9%  24.7 3195s
 2464784 602049  109.00000   70  824  115.00000   45.00000  60.9%  24.8 3200s
 2469111 605023   46.00000   41  802  115.00000   45.00000  60.9%  24.8 3205s
 2472935 607087   50.00000   42  500  115.00000   45.00000  60.9%  24.8 3211s
 2475529 612832 infeasible  208       115.00000   45.00000  60.9%  24.8 3221s
 2482866 616676  113.00000  153 1011  115.00000   45.00000  60.9%  24.8 3227s
 2487848 619594 infeasible  394       115.00000   45.00000  60.9%  24.8 3232s
 2491828 621566 infeasible   49       115.00000   45.00000  60.9%  24.8 3239s
 2494661 625428 infeasible   50       115.00000   45.00000  60.9%  24.8 3245s
 2499601 628546   45.00000   33  689  115.00000   45.00000  60.9%  24.8 3250s
 2506855 635165  113.00000  188  725  115.00000   45.00000  60.9%  24.8 3260s
 2512616 636934  105.00000   81  637  115.00000   45.00000  60.9%  24.8 3266s
 2514556 640009  105.00000   82  636  115.00000   45.00000  60.9%  24.8 3271s
 2518031 642936  114.00000  122  565  115.00000   45.00000  60.9%  24.8 3277s
 2521598 645749  114.00000  162  732  115.00000   45.00000  60.9%  24.8 3282s
 2525077 648593  114.00000  207  892  115.00000   45.00000  60.9%  24.8 3287s
 2528535 651326  114.00000  243  871  115.00000   45.00000  60.9%  24.8 3292s
 2532168 653309  114.00000  276  809  115.00000   45.00000  60.9%  24.9 3302s
 2534405 657182  114.00000  311  801  115.00000   45.00000  60.9%  24.9 3309s
 2539193 660800  114.00000  347  742  115.00000   45.00000  60.9%  24.9 3315s
 2543871 664325 infeasible  373       115.00000   45.00000  60.9%  24.9 3321s
 2548245 668076   97.00000  116  576  115.00000   45.00000  60.9%  24.9 3327s
 2552576 671137  102.00000  205  528  115.00000   45.00000  60.9%  24.9 3332s
 2556420 674706  107.00000  240  544  115.00000   45.00000  60.9%  24.9 3337s
 2561084 677059  113.00000  168  639  115.00000   45.00000  60.9%  24.9 3341s
 2564346 679420  107.00000   73  704  115.00000   45.00000  60.9%  24.9 3346s
 2567359 681425  114.00000  117  870  115.00000   45.00000  60.9%  24.9 3354s
 2569823 684688  114.00000  153  981  115.00000   45.00000  60.9%  24.9 3359s
 2573908 687375  114.00000  191  844  115.00000   45.00000  60.9%  24.9 3365s
 2577299 690284 infeasible  233       115.00000   45.00000  60.9%  24.9 3371s
 2580907 693019  114.00000  128  742  115.00000   45.00000  60.9%  24.9 3376s
 2584210 696841  102.00000   93  626  115.00000   45.00000  60.9%  24.9 3382s
 2589272 698570  109.00000  231  687  115.00000   45.00000  60.9%  24.9 3389s
 2591405 701667  108.00000  230  689  115.00000   45.00000  60.9%  24.9 3395s
 2595492 704929  114.00000  162  706  115.00000   45.00000  60.9%  24.9 3401s
 2599323 708185  114.00000   84  392  115.00000   45.00000  60.9%  24.9 3407s
 2603641 710928   87.00000   71  819  115.00000   45.00000  60.9%  24.9 3412s
 2607110 713684   91.00000   80  472  115.00000   45.00000  60.9%  25.0 3417s
 2610508 716904  110.00000  174  436  115.00000   45.00000  60.9%  25.0 3423s
 2614334 719242  114.00000  227  407  115.00000   45.00000  60.9%  25.0 3429s
 2617018 722644  114.00000  312  453  115.00000   45.00000  60.9%  25.0 3435s
 2621252 726455  100.00000   76  635  115.00000   45.00000  60.9%  25.0 3442s
 2625900 729684  114.00000   81  456  115.00000   45.00000  60.9%  25.0 3447s
 2630071 732269  114.00000  277  622  115.00000   45.00000  60.9%  25.0 3456s
 2633868 734969  114.00000  278  611  115.00000   45.00000  60.9%  25.0 3461s
 2637290 738154  110.00000   85  649  115.00000   45.00000  60.9%  25.0 3466s
 2641175 740860  114.00000  261  590  115.00000   45.00000  60.9%  25.0 3471s
 2644737 743590  114.00000  405  557  115.00000   45.00000  60.9%  25.0 3476s
 2648560 746612  110.00000   63  615  115.00000   45.00000  60.9%  25.0 3481s
 2652410 749262  114.00000   91  891  115.00000   45.00000  60.9%  25.0 3487s
 2656292 752171  114.00000  265  774  115.00000   45.00000  60.9%  25.0 3491s
 2660037 754928  114.00000  391  757  115.00000   45.00000  60.9%  25.0 3496s
 2663786 758181  114.00000  143  612  115.00000   45.00000  60.9%  25.0 3501s
 2667759 760656  114.00000  276  715  115.00000   45.00000  60.9%  25.0 3508s
 2670854 763372  113.00000  121  688  115.00000   45.00000  60.9%  25.0 3514s
 2674435 767153   68.00000   46  820  115.00000   45.00000  60.9%  25.0 3520s
 2678818 770678  110.00000  136 1022  115.00000   45.00000  60.9%  25.0 3529s
 2683479 774835 infeasible  248       115.00000   45.00000  60.9%  25.0 3535s
 2688220 777537  114.00000  234  764  115.00000   45.00000  60.9%  25.0 3540s
 2691616 780629  113.00000  107  582  115.00000   45.00000  60.9%  25.0 3546s
 2695538 784835  114.00000  301  623  115.00000   45.00000  60.9%  25.0 3551s
 2701627 787739   86.00000   62  958  115.00000   45.00000  60.9%  25.0 3555s
 2704797 790388  104.00000  125  821  115.00000   45.00000  60.9%  25.0 3560s
 2711273 795364  114.00000  253  646  115.00000   45.00000  60.9%  25.1 3570s
 2714000 799533  114.00000  306  624  115.00000   45.00000  60.9%  25.1 3577s
 2719790 801979 infeasible  409       115.00000   45.00000  60.9%  25.1 3581s
 2722845 804371  110.00000   49  642  115.00000   45.00000  60.9%  25.1 3585s
 2725999 806252  114.00000  178  697  115.00000   45.00000  60.9%  25.1 3592s
 2728422 809530  114.00000  300  660  115.00000   45.00000  60.9%  25.1 3597s
 2732661 812757 infeasible  188       115.00000   45.00000  60.9%  25.1 3602s
 2736626 815378  114.00000  183  618  115.00000   45.00000  60.9%  25.1 3607s
 2740265 818005   58.00000   45  830  115.00000   45.00000  60.9%  25.1 3611s
 2743962 821101  114.00000  215  874  115.00000   45.00000  60.9%  25.1 3616s
 2747920 823760   57.00000   42  621  115.00000   45.00000  60.9%  25.1 3621s
 2751617 825746  113.00000  198  717  115.00000   45.00000  60.9%  25.1 3626s
 2754215 828940 infeasible  330       115.00000   45.00000  60.9%  25.1 3632s
 2758547 831805 infeasible  481       115.00000   45.00000  60.9%  25.1 3637s
 2762239 835244  114.00000  206  595  115.00000   45.00000  60.9%  25.1 3642s
 2766499 839507  114.00000  182  764  115.00000   45.00000  60.9%  25.1 3648s
 2773351 841028 infeasible  146       115.00000   45.00000  60.9%  25.1 3654s
 2775010 843717  113.00000  117  846  115.00000   45.00000  60.9%  25.1 3658s
 2778057 845810 infeasible  234       115.00000   45.00000  60.9%  25.2 3663s
 2780738 848513   82.00000   43  710  115.00000   45.00000  60.9%  25.2 3668s
 2784088 850919  114.00000  188  790  115.00000   45.00000  60.9%  25.2 3672s
 2787328 854047  114.00000  345  623  115.00000   45.00000  60.9%  25.2 3677s
 2791332 856089  114.00000  112  564  115.00000   45.00000  60.9%  25.2 3685s
 2794022 859095  110.00000   47  563  115.00000   45.00000  60.9%  25.2 3690s
 2797972 861933   64.00000   40  858  115.00000   45.00000  60.9%  25.2 3695s
 2805406 867642  114.00000  181  659  115.00000   45.00000  60.9%  25.2 3703s
 2809136 870809   57.00000   30  427  115.00000   45.00000  60.9%  25.2 3708s
 2813035 873433  113.00000  227  588  115.00000   45.00000  60.9%  25.2 3713s
 2816446 876359  110.00000   52  635  115.00000   45.00000  60.9%  25.2 3717s
 2820100 880507  114.00000  187  644  115.00000   45.00000  60.9%  25.2 3723s
 2825857 881880  114.00000  105  769  115.00000   45.00000  60.9%  25.2 3728s
 2827382 884396  114.00000  124  775  115.00000   45.00000  60.9%  25.3 3732s
 2830286 886754  114.00000  160  865  115.00000   45.00000  60.9%  25.3 3737s
 2833284 888597  114.00000  193  852  115.00000   45.00000  60.9%  25.3 3745s
 2835577 891062   67.00000   46  353  115.00000   45.00000  60.9%  25.3 3752s
 2838564 894549  114.00000  175  536  115.00000   45.00000  60.9%  25.3 3759s
 2842747 898021   62.00000   40  318  115.00000   45.00000  60.9%  25.3 3765s
 2847161 900908  114.00000  252  648  115.00000   45.00000  60.9%  25.3 3770s
 2850887 903560   91.00000   51 1218  115.00000   45.00000  60.9%  25.3 3776s
 2854408 906256   45.00000   48  713  115.00000   45.00000  60.9%  25.3 3781s
 2857764 909777   85.00000   53  563  115.00000   45.00000  60.9%  25.3 3786s
 2861851 911997  111.00000   89  617  115.00000   45.00000  60.9%  25.3 3796s
 2864689 915112  110.00000   85  594  115.00000   45.00000  60.9%  25.3 3802s
 2868739 918959  113.00000  124  592  115.00000   45.00000  60.9%  25.3 3809s
 2873016 921984  114.00000  150  556  115.00000   45.00000  60.9%  25.3 3814s
 2876451 924870  114.00000  168  651  115.00000   45.00000  60.9%  25.3 3819s
 2880185 927936  114.00000  188  709  115.00000   45.00000  60.9%  25.3 3825s
 2883857 931180  114.00000  202  752  115.00000   45.00000  60.9%  25.3 3833s
 2888384 934847 infeasible  233       115.00000   45.00000  60.9%  25.3 3840s
 2892487 938504  113.00000  150  750  115.00000   45.00000  60.9%  25.3 3845s
 2896670 941311  110.00000   58  750  115.00000   45.00000  60.9%  25.3 3851s
 2900475 943746  114.00000  166 1005  115.00000   45.00000  60.9%  25.3 3856s
 2903695 946770 infeasible  299       115.00000   45.00000  60.9%  25.4 3861s
 2907813 949676 infeasible  412       115.00000   45.00000  60.9%  25.4 3866s
 2911717 952811  114.00000  209  678  115.00000   45.00000  60.9%  25.4 3871s
 2915724 957911  114.00000  198  787  115.00000   45.00000  60.9%  25.4 3877s
 2923675 959551  114.00000   84  528  115.00000   45.00000  60.9%  25.4 3882s
 2925699 962772   45.00000   49  532  115.00000   45.00000  60.9%  25.4 3888s
 2929488 966064   59.00000   65  712  115.00000   45.00000  60.9%  25.4 3892s
 2933176 968473 infeasible  134       115.00000   45.00000  60.9%  25.4 3898s
 2936083 971876  111.00000  200  737  115.00000   45.00000  60.9%  25.4 3904s
 2940148 975094  112.00000  269  674  115.00000   45.00000  60.9%  25.4 3909s
 2944162 980205  112.00000   88  478  115.00000   45.00000  60.9%  25.4 3915s
 2951833 982860  112.00000   69  496  115.00000   45.00000  60.9%  25.4 3921s
 2954940 987788  114.00000  235  722  115.00000   45.00000  60.9%  25.4 3929s
 2961336 990996  114.00000  549  544  115.00000   45.00000  60.9%  25.4 3935s
 2965476 994373  112.00000   94  760  115.00000   45.00000  60.9%  25.4 3940s
 2969297 996805 infeasible  215       115.00000   45.00000  60.9%  25.4 3946s
 2972284 1000307  114.00000  215  724  115.00000   45.00000  60.9%  25.4 3952s
 2976726 1003749  110.00000   55  520  115.00000   45.00000  60.9%  25.5 3958s
 2981093 1005477  114.00000  101  761  115.00000   45.00000  60.9%  25.5 3965s
 2983320 1013478   57.00000   50  397  115.00000   45.00000  60.9%  25.5 3978s
 2993633 1016609  112.00000  244  538  115.00000   45.00000  60.9%  25.5 3983s
 2997470 1021626  114.00000  134  425  115.00000   45.00000  60.9%  25.5 3989s
 3004399 1023757  114.00000  132  552  115.00000   45.00000  60.9%  25.5 3996s
 3007341 1026794   77.00000   47  355  115.00000   45.00000  60.9%  25.5 4001s
 3011130 1029704 infeasible  147       115.00000   45.00000  60.9%  25.5 4006s
 3014636 1032269  113.00000  259  640  115.00000   45.00000  60.9%  25.5 4012s
 3017956 1035098  114.00000  333  523  115.00000   45.00000  60.9%  25.5 4017s
 3021745 1038037  114.00000  409  433  115.00000   45.00000  60.9%  25.5 4022s
 3025770 1040274  114.00000  444  384  115.00000   45.00000  60.9%  25.5 4030s
 3028807 1043836  114.00000  471  392  115.00000   45.00000  60.9%  25.5 4036s
 3033498 1046731 infeasible  494       115.00000   45.00000  60.9%  25.5 4041s
 3037314 1049747  114.00000  127  901  115.00000   45.00000  60.9%  25.5 4045s
 3041129 1052586  114.00000  298  686  115.00000   45.00000  60.9%  25.5 4050s
 3044800 1055148  110.00000   68  460  115.00000   45.00000  60.9%  25.6 4055s
 3048160 1057543  113.00000  196  530  115.00000   45.00000  60.9%  25.6 4063s
 3051305 1060364  114.00000  154  902  115.00000   45.00000  60.9%  25.6 4070s
 3055166 1063617 infeasible  296       115.00000   45.00000  60.9%  25.6 4075s
 3059366 1066456  114.00000  111  656  115.00000   45.00000  60.9%  25.6 4081s
 3062789 1069647  114.00000  159  764  115.00000   45.00000  60.9%  25.6 4086s
 3066524 1071394  114.00000  203  844  115.00000   45.00000  60.9%  25.6 4096s
 3068589 1075465  114.00000  238  777  115.00000   45.00000  60.9%  25.6 4104s
 3073890 1079112 infeasible  292       115.00000   45.00000  60.9%  25.6 4110s
 3078557 1082291  114.00000  335  752  115.00000   45.00000  60.9%  25.6 4116s
 3082831 1085588 infeasible  366       115.00000   45.00000  60.9%  25.6 4122s
 3086916 1088624 infeasible  145       115.00000   45.00000  60.9%  25.6 4127s
 3090502 1091395  107.00000  205  491  115.00000   45.00000  60.9%  25.6 4133s
 3094063 1094621  107.00000  298  460  115.00000   45.00000  60.9%  25.6 4138s
 3098085 1097512  107.00000  375  444  115.00000   45.00000  60.9%  25.6 4143s
 3101886 1100240  107.00000  378  426  115.00000   45.00000  60.9%  25.6 4148s
 3105518 1102983  114.00000   94  649  115.00000   45.00000  60.9%  25.6 4153s
 3109149 1105901   85.00000   57  586  115.00000   45.00000  60.9%  25.6 4158s
 3113076 1108900  114.00000  174  587  115.00000   45.00000  60.9%  25.6 4163s
 3116993 1111536  113.00000  115  801  115.00000   45.00000  60.9%  25.6 4168s
 3120485 1114906 infeasible  195       115.00000   45.00000  60.9%  25.7 4173s
 3124203 1118119  113.00000   72  438  115.00000   45.00000  60.9%  25.7 4185s
 3128355 1120616 infeasible   50       115.00000   45.00000  60.9%  25.6 4193s
 3131113 1124656  113.00000   93 1087  115.00000   45.00000  60.9%  25.6 4199s
 3135879 1128003  113.00000  147 1255  115.00000   45.00000  60.9%  25.6 4205s
 3140298 1130995  114.00000  182 1316  115.00000   45.00000  60.9%  25.6 4211s
 3144177 1133608  114.00000  227 1043  115.00000   45.00000  60.9%  25.6 4216s
 3147550 1136639  114.00000  269  932  115.00000   45.00000  60.9%  25.7 4221s
 3151065 1141561  112.00000  138  752  115.00000   45.00000  60.9%  25.7 4227s
 3158731 1144020 infeasible  103       115.00000   45.00000  60.9%  25.6 4231s
 3161789 1146248  114.00000  153  857  115.00000   45.00000  60.9%  25.7 4235s
 3164765 1147916  111.00000   91  823  115.00000   45.00000  60.9%  25.7 4242s
 3166861 1150966  111.00000   92  824  115.00000   45.00000  60.9%  25.7 4247s
 3170875 1153609  114.00000  234  742  115.00000   45.00000  60.9%  25.7 4251s
 3174424 1156182  113.00000  176  662  115.00000   45.00000  60.9%  25.7 4256s
 3177722 1159157  114.00000  301  627  115.00000   45.00000  60.9%  25.7 4261s
 3181307 1161885  114.00000  489  449  115.00000   45.00000  60.9%  25.7 4265s
 3184871 1164949  114.00000   90  709  115.00000   45.00000  60.9%  25.7 4270s
 3188917 1169182   50.00000   39 1099  115.00000   45.00000  60.9%  25.7 4276s
 3194920 1171615   58.00000   40  489  115.00000   45.00000  60.9%  25.7 4284s
 3197665 1177237  114.00000   94  733  115.00000   45.00000  60.9%  25.7 4294s
 3204536 1180713  111.00000   63  516  115.00000   45.00000  60.9%  25.7 4301s
 3209111 1183845  114.00000  149  792  115.00000   45.00000  60.9%  25.7 4312s
 3213065 1188182  114.00000  164  630  115.00000   45.00000  60.9%  25.7 4318s
 3218542 1191108  114.00000  214  622  115.00000   45.00000  60.9%  25.7 4324s
 3222416 1194274  112.00000   81  741  115.00000   45.00000  60.9%  25.7 4330s
 3226047 1196330  114.00000  129  805  115.00000   45.00000  60.9%  25.7 4336s
 3228581 1200163  114.00000  166  893  115.00000   45.00000  60.9%  25.7 4343s
 3233602 1203914  114.00000  213  946  115.00000   45.00000  60.9%  25.7 4350s
 3238199 1206674  114.00000  263  866  115.00000   45.00000  60.9%  25.7 4355s
 3242125 1209765 infeasible  302       115.00000   45.00000  60.9%  25.7 4361s
 3246063 1212076  102.00000  141  600  115.00000   45.00000  60.9%  25.8 4370s
 3248646 1214985   96.00000  215  639  115.00000   45.00000  60.9%  25.8 4375s
 3252313 1217674  104.00000  281  669  115.00000   45.00000  60.9%  25.8 4380s
 3255970 1220649  104.00000  341  655  115.00000   45.00000  60.9%  25.8 4385s
 3259783 1223599  111.00000  388  595  115.00000   45.00000  60.9%  25.8 4390s
 3263635 1226404  112.00000  493  560  115.00000   45.00000  60.9%  25.8 4395s
 3266993 1229344  114.00000  568  516  115.00000   45.00000  60.9%  25.8 4400s
 3270367 1234110  114.00000  612  494  115.00000   45.00000  60.9%  25.8 4407s
 3276789 1237052  114.00000  699  417  115.00000   45.00000  60.9%  25.8 4412s
 3280812 1238714  114.00000  139 1271  115.00000   45.00000  60.9%  25.8 4418s
 3283042 1242362  114.00000  193 1049  115.00000   45.00000  60.9%  25.8 4425s
 3287860 1246013   62.00000   40  446  115.00000   45.00000  60.9%  25.8 4431s
 3292381 1249158  114.00000  273  614  115.00000   45.00000  60.9%  25.8 4437s
 3296099 1252367  113.00000   76  524  115.00000   45.00000  60.9%  25.8 4444s
 3299698 1255524  113.00000  136  667  115.00000   45.00000  60.9%  25.8 4449s
 3303323 1257368  114.00000  171  675  115.00000   45.00000  60.9%  25.8 4456s
 3305385 1264572 infeasible  170       115.00000   45.00000  60.9%  25.8 4471s
 3314391 1268182 infeasible  141       115.00000   45.00000  60.9%  25.8 4478s
 3319265 1270799   59.00000   40  939  115.00000   45.00000  60.9%  25.8 4486s
 3322648 1275060   72.00000   41  838  115.00000   45.00000  60.9%  25.8 4493s
 3328176 1278413  113.00000  106  779  115.00000   45.00000  60.9%  25.8 4499s
 3332579 1281283  114.00000  161  835  115.00000   45.00000  60.9%  25.8 4504s
 3336371 1283769  114.00000  131  714  115.00000   45.00000  60.9%  25.8 4509s
 3340095 1286399  113.00000   55  560  115.00000   45.00000  60.9%  25.8 4514s
 3343478 1290719  114.00000  204  600  115.00000   45.00000  60.9%  25.8 4520s
 3349320 1292769   46.00000   40  524  115.00000   45.00000  60.9%  25.8 4528s
 3351662 1296398   46.00000   41  527  115.00000   45.00000  60.9%  25.8 4534s
 3355917 1299777  112.00000   73  490  115.00000   45.00000  60.9%  25.8 4539s
 3360180 1302998  114.00000  215  637  115.00000   45.00000  60.9%  25.8 4544s
 3364185 1305318  114.00000  179  599  115.00000   45.00000  60.9%  25.8 4549s
 3367560 1308141  111.00000   80  667  115.00000   45.00000  60.9%  25.8 4554s
 3371238 1311458  105.00000   71  518  115.00000   45.00000  60.9%  25.8 4558s
 3375260 1315229  112.00000  259  797  115.00000   45.00000  60.9%  25.8 4567s
 3380868 1318246 infeasible  527       115.00000   45.00000  60.9%  25.8 4572s
 3384845 1321224  113.00000  187  638  115.00000   45.00000  60.9%  25.8 4577s
 3388659 1323908  114.00000   88  481  115.00000   45.00000  60.9%  25.8 4583s
 3392157 1327031  114.00000  249  531  115.00000   45.00000  60.9%  25.8 4588s
 3396644 1329662  110.00000   50  855  115.00000   45.00000  60.9%  25.8 4593s
 3400143 1331780  114.00000  197  763  115.00000   45.00000  60.9%  25.8 4598s
 3403123 1334920  114.00000   84  723  115.00000   45.00000  60.9%  25.9 4603s
 3407205 1337391  114.00000  302  751  115.00000   45.00000  60.9%  25.9 4608s
 3410690 1339113  104.00000   47  664  115.00000   45.00000  60.9%  25.9 4617s
 3412662 1343076  112.00000   47  598  115.00000   45.00000  60.9%  25.9 4624s
 3417427 1346300  113.00000  112  798  115.00000   45.00000  60.9%  25.9 4629s
 3421361 1349155  114.00000  157  778  115.00000   45.00000  60.9%  25.9 4634s
 3424909 1351665  114.00000  190  807  115.00000   45.00000  60.9%  25.9 4639s
 3428399 1354460  114.00000  144  639  115.00000   45.00000  60.9%  25.9 4644s
 3432056 1357308  107.00000   54  735  115.00000   45.00000  60.9%  25.9 4649s
 3435605 1359976 infeasible  208       115.00000   45.00000  60.9%  25.9 4654s
 3439206 1363002   82.00000   51  651  115.00000   45.00000  60.9%  25.9 4659s
 3443164 1365920   45.00000   34  540  115.00000   45.00000  60.9%  25.9 4667s
 3446953 1372036  113.00000  147  613  115.00000   45.00000  60.9%  25.9 4677s
 3454416 1375950 infeasible  491       115.00000   45.00000  60.9%  25.9 4683s
 3459132 1379828  114.00000  239  558  115.00000   45.00000  60.9%  25.9 4689s
 3464025 1382378  113.00000  162  689  115.00000   45.00000  60.9%  25.9 4695s
 3467452 1385526  113.00000  111  545  115.00000   45.00000  60.9%  25.9 4701s
 3471470 1388777  114.00000  290  517  115.00000   45.00000  60.9%  26.0 4706s
 3475208 1391956   86.00000   64  622  115.00000   45.00000  60.9%  26.0 4711s
 3478773 1395966  114.00000  201  922  115.00000   45.00000  60.9%  26.0 4720s
 3483844 1399407   46.00000   45  833  115.00000   45.00000  60.9%  25.9 4725s
 3488121 1402663  113.00000   70  589  115.00000   45.00000  60.9%  25.9 4731s
 3492309 1405792  114.00000  155  537  115.00000   45.00000  60.9%  25.9 4736s
 3496256 1408646  114.00000  143  791  115.00000   45.00000  60.9%  26.0 4741s
 3499890 1412595  114.00000   69  785  115.00000   45.00000  60.9%  26.0 4747s
 3505711 1414520  114.00000  133  761  115.00000   45.00000  60.9%  26.0 4753s
 3507820 1417493  114.00000  155  835  115.00000   45.00000  60.9%  26.0 4757s
 3511253 1420274  114.00000  175  876  115.00000   45.00000  60.9%  26.0 4762s
 3514728 1422878 infeasible  203       115.00000   45.00000  60.9%  26.0 4767s
 3517902 1424985  112.00000  164  668  115.00000   45.00000  60.9%  26.0 4774s
 3520830 1428684  114.00000   98  638  115.00000   45.00000  60.9%  26.0 4780s
 3525391 1431798  110.00000   61  608  115.00000   45.00000  60.9%  26.0 4785s
 3529296 1434020  114.00000  127  620  115.00000   45.00000  60.9%  26.0 4790s
 3532150 1437556  113.00000   69  590  115.00000   45.00000  60.9%  26.0 4797s
 3537060 1442533   45.05556   40  541  115.00000   45.00000  60.9%  26.0 4803s
 3544241 1444537   82.00000   35  832  115.00000   45.00000  60.9%  26.0 4809s
 3546584 1447719   45.00000   49  556  115.00000   45.00000  60.9%  26.0 4814s
 3550296 1450366   62.00000   50  389  115.00000   45.00000  60.9%  26.0 4819s
 3553849 1453210   82.00000  150  629  115.00000   45.00000  60.9%  26.0 4824s
 3557686 1455943 infeasible  207       115.00000   45.00000  60.9%  26.0 4830s
 3560701 1458903  114.00000  140  805  115.00000   45.00000  60.9%  26.0 4835s
 3564429 1460943  113.00000   84  575  115.00000   45.00000  60.9%  26.0 4842s
 3566981 1464187  114.00000  235  889  115.00000   45.00000  60.9%  26.0 4849s
 3571621 1467447  113.00000   89  559  115.00000   45.00000  60.9%  26.0 4854s
 3575942 1470708  111.00000   88  461  115.00000   45.00000  60.9%  26.0 4860s
 3580205 1473557  114.00000  287  613  115.00000   45.00000  60.9%  26.0 4865s
 3583870 1476973   59.00000   43  615  115.00000   45.00000  60.9%  26.0 4871s
 3588088 1479705 infeasible  215       115.00000   45.00000  60.9%  26.0 4875s
 3591536 1482790  114.00000  165 1003  115.00000   45.00000  60.9%  26.0 4880s
 3595605 1486151  114.00000  109  791  115.00000   45.00000  60.9%  26.0 4887s
 3600722 1489300   85.00000   63  541  115.00000   45.00000  60.9%  26.0 4891s
 3604663 1492346   46.00000   38  551  115.00000   45.00000  60.9%  26.0 4896s
 3608551 1495016  114.00000  239  391  115.00000   45.00000  60.9%  26.0 4902s
 3612410 1497905  108.00000   89  569  115.00000   45.00000  60.9%  26.0 4906s
 3616334 1499664  102.00000   62  511  115.00000   45.00000  60.9%  26.0 4914s
 3618663 1502554  102.00000   63  521  115.00000   45.00000  60.9%  26.0 4923s
 3622382 1506945   90.00000   63  642  115.00000   45.00000  60.9%  26.0 4929s
 3627371 1510439   97.00000  182  746  115.00000   45.00000  60.9%  26.1 4935s
 3631924 1513494  106.00000  240  783  115.00000   45.00000  60.9%  26.1 4941s
 3636117 1516002  109.00000  307  667  115.00000   45.00000  60.9%  26.1 4946s
 3639727 1519161 infeasible  329       115.00000   45.00000  60.9%  26.1 4952s
 3643780 1522285  111.00000  375  573  115.00000   45.00000  60.9%  26.1 4957s
 3647914 1525092  111.00000  431  507  115.00000   45.00000  60.9%  26.1 4961s
 3651683 1527601  111.00000  493  412  115.00000   45.00000  60.9%  26.1 4967s
 3655303 1530571   45.00000   31  417  115.00000   45.00000  60.9%  26.1 4972s
 3658639 1532472  111.00000   89  569  115.00000   45.00000  60.9%  26.1 4979s
 3660892 1536077  114.00000  125 1095  115.00000   45.00000  60.9%  26.1 4985s
 3665165 1538757  114.00000  168 1283  115.00000   45.00000  60.9%  26.1 4990s
 3668689 1541722  114.00000  206  987  115.00000   45.00000  60.9%  26.1 4996s
 3672399 1543976  114.00000  244  937  115.00000   45.00000  60.9%  26.1 5000s

Cutting planes:
  Gomory: 31
  Cover: 3
  Implied bound: 1
  MIR: 27
  StrongCG: 7
  Flow cover: 114
  Zero half: 9

Explored 3675453 nodes (96725295 simplex iterations) in 5000.02 seconds (2760.64 work units)
Thread count was 24 (of 24 available processors)

Solution count 10: 115 116 117 ... 126

Time limit reached
Best objective 1.150000000000e+02, best bound 4.500000000000e+01, gap 60.8696%
