200 128
0 : 3 64 4 6 0
1 : 6 5 2 4 1
2 : 45 40 110 45 0
3 : 2 15 1 15 0
4 : 0 8 2 4 0
5 : 10 2 6 3 0
6 : 3 12 1 27 0
7 : 140 0 4 23 1
8 : 186 95 9 14 1
9 : 182 0 1 11 1
10 : 28 0 15 2 0
11 : 179 104 18 24 0
12 : 6 0 8 1 0
13 : 112 85 15 40 1
14 : 7 26 7 14 0
15 : 0 87 11 4 1
16 : 14 0 1 2 1
17 : 1 50 37 2 1
18 : 185 17 20 8 1
19 : 0 98 12 9 1
20 : 47 11 15 15 0
21 : 155 8 14 20 1
22 : 67 11 4 27 1
23 : 1 12 1 18 0
24 : 119 8 22 14 0
25 : 163 1 23 7 0
26 : 4 2 5 3 0
27 : 14 30 5 22 1
28 : 94 5 6 25 1
29 : 36 26 14 58 1
30 : 4 111 17 9 1
31 : 0 5 3 2 1
32 : 2 30 1 20 0
33 : 195 6 8 3 1
34 : 16 10 18 8 0
35 : 0 30 20 2 1
36 : 180 85 6 19 0
37 : 45 87 67 3 0
38 : 175 14 10 8 0
39 : 59 0 8 9 0
40 : 124 117 21 11 0
41 : 0 0 4 5 0
42 : 28 2 4 16 1
43 : 12 73 17 22 0
44 : 156 69 20 30 0
45 : 186 81 14 5 1
46 : 14 40 12 22 1
47 : 14 25 20 5 0
48 : 3 53 4 11 0
49 : 2 5 7 4 1
50 : 13 95 33 32 1
51 : 177 64 19 9 1
52 : 29 68 27 16 1
53 : 18 35 18 5 0
54 : 189 65 8 16 0
55 : 0 12 8 1 1
56 : 196 0 4 3 0
57 : 9 40 3 71 0
58 : 95 112 41 1 0
59 : 104 0 15 5 0
60 : 145 7 33 4 1
61 : 17 20 5 17 1
62 : 19 1 4 9 1
63 : 197 104 3 24 0
64 : 192 84 11 8 1
65 : 10 7 6 5 0
66 : 45 101 50 27 0
67 : 16 52 25 16 0
68 : 157 99 22 29 0
69 : 19 6 4 24 1
70 : 119 0 8 21 1
71 : 0 110 6 2 1
72 : 47 1 9 7 0
73 : 198 31 14 2 1
74 : 197 45 14 3 1
75 : 163 22 15 22 1
76 : 6 1 1 8 1
77 : 186 1 7 16 0
78 : 4 20 3 10 0
79 : 4 71 21 5 1
80 : 44 0 1 9 1
81 : 74 18 4 45 1
82 : 193 0 14 1 1
83 : 94 22 41 18 0
84 : 167 37 27 30 1
85 : 193 14 7 7 0
86 : 8 12 6 6 0
87 : 156 37 7 32 0
88 : 16 0 4 3 1
89 : 95 100 44 12 0
90 : 4 0 1 2 1
91 : 44 7 12 3 1
92 : 145 106 22 10 1
93 : 67 0 27 2 0
94 : 49 90 5 63 1
95 : 95 113 23 15 0
96 : 34 19 7 7 0
97 : 3 39 14 4 1
98 : 136 22 9 12 0
99 : 4 92 3 6 0
