100 56
0 : 94 0 4 22 0
1 : 88 36 9 4 1
2 : 14 23 18 10 0
3 : 73 23 19 9 0
4 : 90 47 5 4 0
5 : 86 51 3 3 0
6 : 51 36 4 15 1
7 : 99 47 1 3 0
8 : 0 47 13 3 0
9 : 0 23 13 14 1
10 : 17 54 2 4 1
11 : 51 51 1 14 1
12 : 92 23 8 13 0
13 : 21 54 1 7 1
14 : 32 23 11 16 1
15 : 75 51 11 1 0
16 : 13 47 38 1 0
17 : 83 36 9 5 1
18 : 17 51 2 8 1
19 : 69 51 6 2 0
20 : 13 54 2 4 1
21 : 98 0 2 21 0
22 : 85 47 4 5 1
23 : 34 36 17 4 0
24 : 30 51 7 2 0
25 : 31 54 5 1 0
26 : 66 36 3 17 1
27 : 28 54 2 3 1
28 : 48 23 7 25 1
29 : 89 51 3 3 0
30 : 51 47 4 7 1
31 : 26 36 8 10 0
32 : 62 0 32 15 0
33 : 25 51 5 3 0
34 : 97 36 7 3 1
35 : 58 47 2 14 1
36 : 92 36 5 6 0
37 : 37 51 14 1 0
38 : 15 36 11 8 0
39 : 0 36 15 11 0
40 : 0 54 9 1 0
41 : 0 51 1 17 1
42 : 65 51 3 4 1
43 : 36 0 20 26 1
44 : 72 47 13 2 0
45 : 95 47 4 4 0
46 : 92 51 1 8 1
47 : 0 0 23 36 1
48 : 36 54 2 2 0
49 : 9 54 4 2 0
