1000 740
0 : 265 151 94 6 0
1 : 300 437 22 1 1
2 : 853 568 25 23 1
3 : 184 67 2 13 0
4 : 597 539 7 6 1
5 : 792 5 16 133 1
6 : 752 372 37 13 0
7 : 273 297 42 91 1
8 : 602 330 32 7 1
9 : 366 292 4 53 1
10 : 61 275 27 10 0
11 : 273 368 57 16 0
12 : 637 71 32 2 0
13 : 534 78 2 3 0
14 : 340 510 31 41 0
15 : 925 20 22 1 0
16 : 0 84 1 103 1
17 : 120 139 4 4 0
18 : 987 85 7 62 0
19 : 115 102 41 5 1
20 : 418 362 24 19 0
21 : 186 515 50 59 1
22 : 186 473 69 42 0
23 : 728 568 67 63 1
24 : 682 85 168 76 0
25 : 707 387 19 52 0
26 : 670 68 1 2 0
27 : 806 261 29 79 1
28 : 363 252 31 3 1
29 : 980 297 18 58 0
30 : 494 214 5 18 1
31 : 930 473 23 41 0
32 : 356 14 3 69 1
33 : 899 40 9 10 0
34 : 671 37 112 22 0
35 : 657 49 11 19 0
36 : 186 28 202 57 0
37 : 430 331 14 24 0
38 : 86 568 60 77 1
39 : 460 294 48 3 0
40 : 905 516 40 25 1
41 : 923 383 4 14 1
42 : 534 513 37 20 1
43 : 162 358 69 26 0
44 : 623 626 28 29 1
45 : 759 450 17 32 1
46 : 671 28 9 119 1
47 : 419 292 40 4 0
48 : 287 237 15 61 1
49 : 726 387 48 16 1
50 : 210 146 14 55 1
51 : 460 527 15 19 0
52 : 559 115 34 113 1
53 : 327 568 94 81 0
54 : 699 372 53 15 0
55 : 40 465 8 31 1
56 : 558 126 1 14 0
57 : 515 613 36 36 0
58 : 121 84 1 1 0
59 : 637 68 3 33 1
60 : 351 382 12 5 0
61 : 241 460 12 11 0
62 : 905 556 24 9 0
63 : 933 450 20 32 1
64 : 941 297 82 39 1
65 : 193 267 21 72 1
66 : 85 153 34 6 0
67 : 678 289 56 8 0
68 : 923 358 25 15 1
69 : 244 216 66 2 0
70 : 287 219 18 79 1
71 : 311 510 29 39 0
72 : 0 102 41 115 1
73 : 388 78 104 6 0
74 : 603 473 44 25 0
75 : 511 536 15 18 0
76 : 0 290 49 7 0
77 : 850 133 22 95 1
78 : 897 561 8 6 0
79 : 941 379 7 38 1
80 : 149 282 7 42 1
81 : 830 161 49 116 1
82 : 49 473 69 41 0
83 : 806 243 69 18 0
84 : 734 289 5 50 1
85 : 876 568 23 24 0
86 : 125 126 91 8 0
87 : 364 297 34 83 1
88 : 298 529 9 8 0
89 : 255 459 13 33 1
90 : 209 460 32 11 0
91 : 532 269 9 26 0
92 : 482 384 22 3 0
93 : 460 509 18 14 1
94 : 101 161 143 54 0
95 : 512 161 133 58 0
96 : 460 473 15 36 0
97 : 32 381 6 38 1
98 : 356 10 71 4 0
99 : 526 74 9 4 0
100 : 0 85 17 125 1
101 : 883 561 7 14 1
102 : 893 54 8 17 1
103 : 675 568 26 32 0
104 : 588 502 17 12 1
105 : 645 184 29 94 1
106 : 511 554 14 14 0
107 : 532 363 22 59 1
108 : 559 159 75 2 0
109 : 80 201 10 21 1
110 : 216 126 48 4 0
111 : 504 362 17 22 0
112 : 244 205 77 11 0
113 : 366 253 90 39 0
114 : 226 17 126 10 0
115 : 885 65 27 4 0
116 : 0 543 32 24 0
117 : 887 285 11 51 1
118 : 0 297 70 16 0
119 : 612 338 70 27 0
120 : 118 545 22 25 1
121 : 216 130 4 48 1
122 : 994 13 5 8 0
123 : 332 462 11 12 1
124 : 83 241 3 33 0
125 : 143 545 19 16 0
126 : 70 297 42 92 1
127 : 0 0 28 226 1
128 : 647 546 22 23 1
129 : 962 153 11 8 0
130 : 946 174 49 15 0
131 : 456 253 3 39 0
132 : 193 219 94 32 0
133 : 118 473 68 40 0
134 : 31 383 4 1 1
135 : 726 435 36 14 1
136 : 449 562 10 6 0
137 : 930 547 22 14 0
138 : 830 210 67 7 0
139 : 460 219 21 81 1
140 : 388 28 28 148 1
141 : 475 511 36 47 0
142 : 612 365 22 61 1
143 : 991 219 62 9 1
144 : 784 289 5 22 1
145 : 769 473 95 114 1
146 : 0 201 18 80 1
147 : 0 275 61 15 0
148 : 532 385 35 2 0
149 : 976 294 3 15 1
150 : 645 213 5 67 1
151 : 938 285 47 9 0
152 : 946 189 50 17 0
153 : 89 514 32 25 1
154 : 995 28 4 14 0
155 : 71 465 24 8 0
156 : 790 28 122 12 0
157 : 559 85 123 30 0
158 : 993 161 6 12 0
159 : 892 23 2 59 1
160 : 0 173 92 28 0
161 : 898 21 53 2 0
162 : 514 56 12 20 0
163 : 125 85 41 140 1
164 : 641 73 29 6 0
165 : 475 473 59 38 0
166 : 980 355 32 13 1
167 : 0 458 15 38 1
168 : 687 365 18 12 1
169 : 273 384 3 38 1
170 : 553 619 31 30 0
171 : 359 158 58 3 0
172 : 712 213 5 25 1
173 : 120 377 32 7 0
174 : 905 473 25 43 0
175 : 912 68 11 72 1
176 : 340 157 4 18 1
177 : 394 381 23 6 0
178 : 111 381 9 6 0
179 : 495 387 71 38 0
180 : 226 0 10 202 1
181 : 996 189 14 4 1
182 : 525 156 5 21 1
183 : 89 546 29 22 0
184 : 220 139 42 6 0
185 : 32 313 35 68 0
186 : 534 473 40 20 1
187 : 994 85 59 6 1
188 : 962 85 11 68 0
189 : 508 294 24 3 0
190 : 162 384 3 45 1
191 : 118 513 40 32 0
192 : 164 259 29 22 0
193 : 973 85 14 70 0
194 : 823 451 1 16 0
195 : 371 496 50 34 1
196 : 850 155 6 76 1
197 : 883 473 22 40 0
198 : 265 157 75 4 0
199 : 742 472 1 14 1
200 : 912 79 61 4 0
201 : 484 463 9 11 1
202 : 0 67 122 17 0
203 : 0 387 99 56 0
204 : 89 219 40 104 1
205 : 536 73 11 105 1
206 : 946 206 45 12 0
207 : 701 568 32 27 1
208 : 103 84 1 18 1
209 : 892 77 14 4 0
210 : 226 10 130 7 0
211 : 430 355 16 7 0
212 : 87 290 2 6 0
213 : 897 210 3 46 1
214 : 790 69 102 12 0
215 : 241 568 86 70 0
216 : 815 203 15 12 0
217 : 622 16 10 139 1
218 : 515 568 38 45 0
219 : 892 69 8 20 1
220 : 588 539 9 8 0
221 : 591 363 24 12 1
222 : 739 161 22 91 1
223 : 388 56 22 126 1
224 : 255 506 43 32 0
225 : 671 59 112 22 0
226 : 699 342 73 30 0
227 : 899 568 31 30 1
228 : 883 513 34 19 1
229 : 955 151 7 4 0
230 : 926 155 36 6 0
231 : 425 126 17 105 1
232 : 875 243 17 9 1
233 : 158 513 32 24 1
234 : 251 288 33 5 0
235 : 400 449 52 23 0
236 : 186 454 8 23 1
237 : 243 295 8 2 0
238 : 352 17 10 76 1
239 : 532 330 70 33 0
240 : 930 514 33 22 1
241 : 70 368 13 50 1
242 : 566 442 21 31 0
243 : 345 339 19 27 0
244 : 460 546 17 13 1
245 : 96 211 4 4 0
246 : 120 102 4 37 0
247 : 912 28 15 83 1
248 : 125 146 85 15 0
249 : 209 387 50 92 1
250 : 388 84 66 1 0
251 : 647 473 92 73 0
252 : 147 454 11 39 1
253 : 859 290 4 28 1
254 : 361 551 10 14 0
255 : 791 568 62 65 0
256 : 122 67 62 13 0
257 : 761 22 28 5 0
258 : 806 290 53 4 0
259 : 541 219 78 137 1
260 : 260 251 12 27 1
261 : 526 56 18 10 1
262 : 364 362 19 54 1
263 : 534 561 14 6 0
264 : 83 285 5 4 0
265 : 622 26 126 1 0
266 : 553 568 44 51 0
267 : 526 536 9 8 1
268 : 273 339 72 29 0
269 : 672 115 9 34 0
270 : 446 497 14 20 0
271 : 447 297 37 85 1
272 : 0 219 22 89 1
273 : 326 295 16 2 0
274 : 597 568 26 32 0
275 : 311 384 16 3 0
276 : 791 451 32 16 0
277 : 495 425 69 40 0
278 : 415 497 31 45 0
279 : 366 219 34 94 1
280 : 699 297 90 45 0
281 : 452 449 43 14 0
282 : 824 387 78 109 1
283 : 493 160 26 1 0
284 : 0 313 32 66 0
285 : 991 281 5 16 0
286 : 364 381 30 5 0
287 : 298 506 23 13 1
288 : 193 251 16 67 1
289 : 790 40 109 14 0
290 : 460 269 72 25 0
291 : 348 237 12 18 1
292 : 783 37 6 44 0
293 : 452 463 32 9 0
294 : 682 338 10 24 0
295 : 609 330 26 3 1
296 : 912 43 25 86 1
297 : 790 65 4 95 1
298 : 953 473 65 47 1
299 : 966 387 60 31 1
300 : 61 285 5 22 1
301 : 80 211 16 6 0
302 : 790 54 11 103 1
303 : 86 241 3 32 0
304 : 244 161 131 44 0
305 : 92 173 27 9 1
306 : 86 273 3 2 0
307 : 554 473 49 29 0
308 : 287 283 56 12 0
309 : 897 213 4 47 1
310 : 850 107 26 105 1
311 : 559 149 86 10 0
312 : 536 68 5 101 1
313 : 447 362 57 22 0
314 : 728 635 14 14 0
315 : 162 297 61 111 1
316 : 0 493 50 41 1
317 : 436 218 50 1 0
318 : 987 22 13 4 0
319 : 287 295 2 39 1
320 : 792 23 2 100 1
321 : 573 547 18 18 0
322 : 739 473 49 30 1
323 : 321 213 48 6 0
324 : 400 387 95 62 0
325 : 425 160 68 1 0
326 : 612 297 41 87 1
327 : 682 362 10 3 0
328 : 622 8 8 146 1
329 : 340 551 21 15 0
330 : 946 161 47 13 0
331 : 987 147 14 5 1
332 : 991 206 12 8 1
333 : 996 281 14 4 1
334 : 371 473 23 44 1
335 : 525 143 33 13 0
336 : 925 12 29 8 0
337 : 428 23 130 5 0
338 : 707 439 15 33 0
339 : 40 443 22 46 1
340 : 0 568 69 86 1
341 : 558 23 61 4 0
342 : 998 297 2 38 0
343 : 0 28 39 186 1
344 : 371 205 8 4 1
345 : 588 387 119 86 0
346 : 99 454 48 19 0
347 : 86 443 22 9 1
348 : 0 158 65 3 0
349 : 620 13 10 2 1
350 : 933 387 33 63 0
351 : 530 126 28 14 0
352 : 138 339 23 28 0
353 : 231 358 40 14 0
354 : 366 296 43 1 0
355 : 823 183 6 18 0
356 : 953 538 29 40 1
357 : 385 386 1 9 1
358 : 973 79 4 24 1
359 : 120 368 38 9 0
360 : 554 502 34 45 0
361 : 301 387 99 58 0
362 : 436 214 4 58 1
363 : 578 13 42 5 0
364 : 447 334 67 28 0
365 : 492 82 41 3 0
366 : 276 267 11 19 0
367 : 566 387 55 22 1
368 : 883 547 14 22 1
369 : 994 144 17 5 1
370 : 149 289 8 40 1
371 : 954 13 9 40 1
372 : 955 107 7 26 0
373 : 70 339 68 29 0
374 : 173 80 4 13 1
375 : 532 297 33 80 1
376 : 447 384 35 3 0
377 : 460 240 77 29 0
378 : 311 549 26 18 0
379 : 375 214 5 61 1
380 : 421 568 86 94 1
381 : 578 18 42 5 0
382 : 265 85 66 160 1
383 : 301 462 31 9 0
384 : 311 473 37 60 1
385 : 945 133 10 22 0
386 : 588 519 15 20 0
387 : 301 445 43 17 0
388 : 255 437 45 22 0
389 : 623 568 52 58 0
390 : 85 143 40 10 0
391 : 32 543 24 16 1
392 : 850 85 112 22 0
393 : 652 626 22 22 0
394 : 726 471 2 12 1
395 : 449 542 10 20 0
396 : 511 511 25 22 1
397 : 428 13 10 150 1
398 : 954 22 4 33 1
399 : 887 219 50 104 1
400 : 0 443 40 15 0
401 : 375 161 53 137 1
402 : 251 293 4 30 1
403 : 255 473 56 33 0
404 : 759 387 32 63 0
405 : 995 174 4 14 0
406 : 425 85 134 41 0
407 : 554 547 19 20 0
408 : 548 561 5 7 0
409 : 344 445 28 54 1
410 : 973 155 14 5 0
411 : 492 78 42 4 0
412 : 742 436 36 15 1
413 : 645 161 94 23 0
414 : 415 542 34 23 0
415 : 619 23 3 4 0
416 : 321 205 50 8 0
417 : 0 379 32 4 0
418 : 923 297 18 61 0
419 : 193 288 58 7 0
420 : 567 385 24 2 0
421 : 89 259 23 75 1
422 : 634 159 11 2 0
423 : 792 0 162 5 0
424 : 739 183 84 20 0
425 : 99 387 110 67 0
426 : 984 68 10 9 0
427 : 951 21 3 4 0
428 : 514 334 28 15 1
429 : 673 365 14 20 0
430 : 938 294 3 38 1
431 : 425 143 15 100 1
432 : 955 133 18 7 1
433 : 220 134 5 42 1
434 : 287 252 76 31 0
435 : 622 0 8 170 1
436 : 330 382 21 5 0
437 : 122 80 5 51 1
438 : 954 0 13 45 1
439 : 330 368 14 32 1
440 : 597 600 25 24 0
441 : 163 568 78 61 0
442 : 158 368 9 4 1
443 : 0 161 12 101 1
444 : 364 386 21 1 0
445 : 536 28 135 21 0
446 : 281 293 6 4 0
447 : 739 522 28 40 0
448 : 789 297 134 90 0
449 : 742 387 49 17 1
450 : 49 514 40 48 0
451 : 791 387 33 64 0
452 : 0 241 34 83 1
453 : 425 158 2 80 1
454 : 125 134 95 12 0
455 : 597 624 26 26 0
456 : 255 538 26 37 1
457 : 956 269 33 11 0
458 : 162 545 23 21 0
459 : 925 5 7 29 1
460 : 534 550 11 20 1
461 : 89 282 13 60 1
462 : 342 295 2 1 1
463 : 231 372 40 14 0
464 : 966 447 30 22 0
465 : 415 473 24 45 1
466 : 768 8 6 22 1
467 : 364 331 66 31 0
468 : 985 285 9 6 1
469 : 603 498 44 61 0
470 : 645 218 1 59 1
471 : 806 219 24 81 1
472 : 292 538 19 26 0
473 : 536 49 19 121 1
474 : 209 437 46 23 0
475 : 761 16 6 31 1
476 : 70 381 5 41 1
477 : 446 517 12 18 0
478 : 0 143 15 85 1
479 : 641 79 5 28 1
480 : 0 654 86 87 1
481 : 645 149 36 12 0
482 : 359 151 64 7 0
483 : 906 77 5 4 0
484 : 371 546 34 18 0
485 : 772 342 30 10 1
486 : 428 0 194 13 0
487 : 49 290 38 6 0
488 : 427 10 1 4 0
489 : 792 21 106 2 0
490 : 265 267 11 20 0
491 : 546 156 4 12 1
492 : 343 283 22 10 0
493 : 678 219 70 128 1
494 : 739 203 14 76 1
495 : 0 383 4 31 1
496 : 944 213 2 4 0
497 : 887 269 69 16 0
498 : 0 473 20 49 1
499 : 193 295 2 50 1
