100 62
0 : 94 0 4 22 0
1 : 23 54 9 4 0
2 : 63 23 18 10 0
3 : 81 23 19 9 0
4 : 65 54 5 4 1
5 : 24 59 3 3 0
6 : 0 46 4 15 1
7 : 29 59 1 3 0
8 : 87 33 13 3 0
9 : 16 33 13 14 1
10 : 20 59 2 4 1
11 : 0 54 1 14 1
12 : 45 33 8 13 0
13 : 0 59 1 7 1
14 : 0 33 11 16 1
15 : 32 54 11 1 0
16 : 0 23 38 1 0
17 : 14 54 9 5 0
18 : 98 46 2 8 0
19 : 7 59 6 2 0
20 : 98 54 2 4 0
21 : 98 0 2 21 0
22 : 84 54 4 5 0
23 : 53 33 17 4 0
24 : 69 54 7 2 0
25 : 97 54 5 1 1
26 : 70 33 3 17 1
27 : 27 59 2 3 0
28 : 38 23 7 25 1
29 : 17 59 3 3 0
30 : 94 46 4 7 0
31 : 26 46 8 10 1
32 : 36 0 32 15 0
33 : 92 54 5 3 1
34 : 49 54 7 3 0
35 : 53 46 2 14 1
36 : 43 54 5 6 1
37 : 67 46 14 1 0
38 : 15 46 11 8 0
39 : 30 33 15 11 0
40 : 56 54 9 1 0
41 : 36 46 1 17 1
42 : 13 59 3 4 1
43 : 68 0 20 26 1
44 : 81 46 13 2 0
45 : 88 54 4 4 0
46 : 76 54 1 8 1
47 : 0 0 23 36 1
48 : 30 59 2 2 0
49 : 95 54 4 2 1
