300 318
0 : 280 306 2 3 0
1 : 287 267 18 12 1
2 : 279 289 14 5 1
3 : 129 306 11 6 1
4 : 102 289 12 16 0
5 : 44 157 6 44 1
6 : 154 306 2 10 0
7 : 296 225 2 23 0
8 : 54 87 52 6 0
9 : 78 196 12 39 1
10 : 28 248 7 26 1
11 : 42 306 10 13 1
12 : 269 267 19 3 1
13 : 181 70 59 12 0
14 : 28 306 2 14 1
15 : 205 306 8 4 1
16 : 253 157 39 39 0
17 : 256 248 14 24 1
18 : 280 248 20 19 0
19 : 256 306 4 4 0
20 : 0 289 18 14 0
21 : 93 267 12 23 1
22 : 92 225 30 12 0
23 : 286 306 1 2 0
24 : 144 306 2 11 0
25 : 295 196 5 26 0
26 : 123 289 9 16 0
27 : 135 38 65 32 0
28 : 47 267 23 19 0
29 : 264 267 5 19 0
30 : 237 289 10 14 0
31 : 152 225 6 30 1
32 : 299 38 31 1 1
33 : 140 289 16 5 1
34 : 54 248 26 6 0
35 : 212 306 8 3 1
36 : 216 289 7 15 0
37 : 284 306 2 2 0
38 : 0 267 1 24 1
39 : 156 87 9 50 1
40 : 244 306 7 2 1
41 : 219 267 20 14 1
42 : 177 267 22 6 1
43 : 264 306 3 4 0
44 : 277 306 2 4 0
45 : 242 306 7 2 1
46 : 48 119 22 48 1
47 : 68 38 67 26 0
48 : 24 267 22 23 1
49 : 0 196 39 14 0
50 : 285 196 7 29 0
51 : 235 119 13 45 1
52 : 298 225 22 2 1
53 : 284 289 14 5 1
54 : 211 225 19 29 1
55 : 218 306 8 2 1
56 : 189 119 46 23 0
57 : 168 267 22 9 1
58 : 272 289 7 14 0
59 : 299 0 1 33 0
60 : 157 248 25 9 0
61 : 68 306 13 4 0
62 : 182 225 23 29 1
63 : 0 225 11 31 1
64 : 0 306 14 3 0
65 : 288 306 1 2 0
66 : 182 248 7 25 1
67 : 268 225 28 7 0
68 : 116 267 20 22 0
69 : 227 289 15 4 1
70 : 207 248 4 25 1
71 : 187 306 9 4 1
72 : 70 267 23 16 0
73 : 245 267 14 19 0
74 : 152 196 10 34 1
75 : 156 306 9 9 0
76 : 275 306 2 4 0
77 : 0 0 103 7 0
78 : 270 306 4 3 1
79 : 262 38 11 37 1
80 : 215 306 8 3 1
81 : 80 248 4 26 1
82 : 14 306 14 2 0
83 : 208 289 8 15 0
84 : 0 157 13 44 1
85 : 213 157 40 2 0
86 : 280 119 12 38 0
87 : 39 196 39 13 0
88 : 145 289 4 16 0
89 : 292 119 2 37 0
90 : 267 306 4 3 1
91 : 171 306 6 9 0
92 : 81 306 13 4 0
93 : 188 289 12 15 0
94 : 197 267 22 2 1
95 : 55 306 7 13 1
96 : 117 196 13 35 1
97 : 0 119 29 48 1
98 : 195 306 9 1 1
99 : 296 119 30 3 1
100 : 31 225 11 31 1
101 : 217 267 21 2 1
102 : 260 306 4 4 0
103 : 299 267 14 1 1
104 : 196 306 1 9 0
105 : 116 306 9 12 0
106 : 173 157 2 40 1
107 : 136 267 22 18 1
108 : 94 289 8 17 0
109 : 299 289 13 1 1
110 : 240 225 22 28 1
111 : 292 157 8 36 0
112 : 236 306 3 7 0
113 : 272 267 18 15 1
114 : 199 267 14 21 0
115 : 255 87 24 45 1
116 : 273 306 4 2 1
117 : 154 267 22 14 1
118 : 103 0 95 1 0
119 : 0 38 26 68 1
120 : 223 289 15 4 1
121 : 227 306 5 7 0
122 : 143 119 46 38 0
123 : 279 306 4 1 1
124 : 247 306 4 5 0
125 : 240 70 58 2 0
126 : 264 289 14 8 1
127 : 96 119 17 47 1
128 : 149 289 15 15 0
129 : 36 289 6 18 1
130 : 85 289 9 17 0
131 : 298 70 16 2 1
132 : 177 306 9 6 1
133 : 220 306 7 7 0
134 : 289 289 14 4 1
135 : 188 267 5 22 0
136 : 176 289 12 15 0
137 : 135 306 11 5 1
138 : 247 289 9 14 0
139 : 220 196 33 13 0
140 : 197 306 8 4 1
141 : 0 248 28 7 0
142 : 122 70 17 59 1
143 : 295 0 4 37 0
144 : 194 306 9 1 1
145 : 165 306 6 9 0
146 : 233 267 20 8 1
147 : 299 119 24 1 1
148 : 0 87 14 54 1
149 : 206 87 49 10 0
150 : 256 289 14 8 1
151 : 18 289 9 18 1
152 : 232 306 4 7 0
153 : 114 289 9 16 0
154 : 270 0 25 37 0
155 : 253 196 32 29 0
156 : 201 306 8 4 1
157 : 235 289 2 15 0
158 : 61 70 61 5 0
159 : 193 267 4 22 0
160 : 200 289 8 15 0
161 : 132 248 19 25 1
162 : 213 267 4 21 0
163 : 259 267 5 19 0
164 : 232 248 19 24 1
165 : 71 289 14 17 0
166 : 239 306 7 3 1
167 : 292 196 29 3 1
168 : 231 289 15 4 1
169 : 106 306 10 12 0
170 : 88 157 43 9 0
171 : 293 289 14 3 1
172 : 282 306 2 3 0
173 : 241 267 20 4 1
174 : 200 38 22 62 1
175 : 54 289 17 17 0
176 : 106 248 26 2 0
177 : 164 289 15 12 1
178 : 294 119 2 36 0
179 : 106 87 32 50 1
180 : 183 267 5 22 0
181 : 132 289 16 8 1
182 : 62 225 14 30 1
183 : 254 306 5 2 1
184 : 287 306 1 2 0
185 : 209 306 8 3 1
186 : 122 225 30 7 0
187 : 183 306 4 9 0
188 : 191 306 9 3 1
189 : 296 289 14 3 1
190 : 131 157 42 14 0
191 : 186 196 34 9 0
192 : 140 306 4 11 0
193 : 198 0 38 72 1
194 : 246 306 6 1 1
195 : 251 306 3 5 0
196 : 146 306 10 8 1
197 : 94 306 12 12 0
198 : 125 306 4 12 0
199 : 0 70 13 61 1
