300 345
0 : 124 341 2 3 0
1 : 220 283 18 12 0
2 : 248 322 14 5 0
3 : 74 332 11 6 0
4 : 51 298 12 16 1
5 : 189 182 6 44 1
6 : 280 332 2 10 1
7 : 255 298 2 23 1
8 : 99 168 52 6 0
9 : 150 182 12 39 1
10 : 0 283 7 26 1
11 : 284 310 10 13 1
12 : 70 322 19 3 0
13 : 61 115 59 12 0
14 : 150 332 2 14 1
15 : 258 332 8 4 1
16 : 112 76 39 39 0
17 : 139 247 14 24 1
18 : 96 247 20 19 0
19 : 80 341 4 4 0
20 : 55 283 18 14 0
21 : 51 266 12 23 1
22 : 245 227 30 12 0
23 : 129 341 1 2 0
24 : 243 332 2 11 1
25 : 194 283 5 26 1
26 : 0 310 9 16 1
27 : 175 0 65 32 0
28 : 222 227 23 19 0
29 : 222 310 5 19 1
30 : 208 310 10 14 1
31 : 0 266 6 30 1
32 : 124 283 31 1 0
33 : 118 322 16 5 0
34 : 73 283 26 6 0
35 : 296 332 8 3 1
36 : 103 322 7 15 1
37 : 126 341 2 2 0
38 : 77 310 1 24 1
39 : 0 168 9 50 1
40 : 56 341 7 2 0
41 : 147 266 20 14 0
42 : 87 298 22 6 0
43 : 93 341 3 4 0
44 : 110 341 2 4 0
45 : 68 341 7 2 0
46 : 120 115 22 48 1
47 : 163 38 67 26 0
48 : 134 205 22 23 1
49 : 0 182 39 14 0
50 : 229 247 7 29 1
51 : 151 168 13 45 1
52 : 186 310 22 2 0
53 : 204 322 14 5 0
54 : 0 205 19 29 1
55 : 48 341 8 2 0
56 : 168 115 46 23 0
57 : 172 283 22 9 0
58 : 134 322 7 14 1
59 : 167 266 1 33 1
60 : 200 266 25 9 0
61 : 47 332 13 4 0
62 : 82 182 23 29 1
63 : 120 227 11 31 1
64 : 33 332 14 3 0
65 : 130 341 1 2 0
66 : 99 283 7 25 1
67 : 102 266 28 7 0
68 : 98 227 20 22 1
69 : 218 322 15 4 0
70 : 0 298 4 25 1
71 : 230 332 9 4 0
72 : 116 247 23 16 0
73 : 243 266 14 19 1
74 : 157 205 10 34 1
75 : 0 332 9 9 0
76 : 112 341 2 4 0
77 : 72 0 103 7 0
78 : 102 341 4 3 0
79 : 29 205 11 37 1
80 : 293 332 8 3 1
81 : 253 283 4 26 1
82 : 136 332 14 2 0
83 : 29 322 8 15 1
84 : 196 168 13 44 1
85 : 58 227 40 2 0
86 : 261 182 12 38 1
87 : 111 182 39 13 0
88 : 173 322 4 16 1
89 : 59 247 2 37 1
90 : 106 341 4 3 0
91 : 164 332 6 9 0
92 : 100 332 13 4 0
93 : 179 298 12 15 1
94 : 241 310 22 2 0
95 : 160 322 7 13 1
96 : 66 205 13 35 1
97 : 151 76 29 48 1
98 : 21 341 9 1 0
99 : 262 266 30 3 0
100 : 191 227 11 31 1
101 : 263 310 21 2 0
102 : 84 341 4 4 0
103 : 196 332 14 1 0
104 : 30 341 1 9 1
105 : 148 322 9 12 1
106 : 151 227 2 40 1
107 : 37 247 22 18 0
108 : 278 298 8 17 1
109 : 217 332 13 1 0
110 : 233 182 22 28 1
111 : 191 205 8 36 1
112 : 7 341 3 7 1
113 : 225 266 18 15 0
114 : 30 266 14 21 1
115 : 214 115 24 45 1
116 : 114 341 4 2 0
117 : 258 247 22 14 0
118 : 0 38 95 1 0
119 : 95 38 26 68 1
120 : 233 322 15 4 0
121 : 275 332 5 7 0
122 : 230 38 46 38 0
123 : 118 341 4 1 0
124 : 63 341 4 5 1
125 : 231 139 58 2 0
126 : 89 322 14 8 0
127 : 115 139 17 47 1
128 : 238 283 15 15 0
129 : 101 310 6 18 1
130 : 238 298 9 17 1
131 : 276 322 16 2 0
132 : 170 332 9 6 0
133 : 210 332 7 7 0
134 : 262 322 14 4 0
135 : 142 298 5 22 1
136 : 164 298 12 15 1
137 : 125 332 11 5 0
138 : 0 322 9 14 1
139 : 101 205 33 13 0
140 : 254 332 8 4 1
141 : 74 266 28 7 0
142 : 199 76 17 59 1
143 : 0 247 4 37 1
144 : 39 341 9 1 0
145 : 179 332 6 9 0
146 : 67 298 20 8 0
147 : 53 310 24 1 0
148 : 0 139 14 54 1
149 : 50 168 49 10 0
150 : 44 322 14 8 0
151 : 109 298 9 18 1
152 : 0 341 4 7 1
153 : 16 310 9 16 1
154 : 162 139 25 37 1
155 : 199 139 32 29 0
156 : 271 332 8 4 1
157 : 85 332 2 15 1
158 : 54 139 61 5 0
159 : 216 298 4 22 1
160 : 14 322 8 15 1
161 : 257 205 19 25 1
162 : 32 310 4 21 1
163 : 139 310 5 19 1
164 : 34 227 19 24 1
165 : 155 283 14 17 1
166 : 14 341 7 3 0
167 : 26 283 29 3 0
168 : 189 322 15 4 0
169 : 58 322 10 12 1
170 : 39 182 43 9 0
171 : 19 332 14 3 0
172 : 122 341 2 3 0
173 : 119 310 20 4 0
174 : 0 76 22 62 1
175 : 130 266 17 17 0
176 : 25 298 26 2 0
177 : 127 298 15 12 0
178 : 163 247 2 36 1
179 : 62 76 32 50 1
180 : 194 298 5 22 1
181 : 158 310 16 8 0
182 : 227 205 14 30 1
183 : 88 341 5 2 0
184 : 128 341 1 2 0
185 : 290 332 8 3 1
186 : 199 247 30 7 0
187 : 239 332 4 9 0
188 : 262 332 9 3 0
189 : 60 332 14 3 0
190 : 240 168 42 14 0
191 : 0 227 34 9 0
192 : 185 332 4 11 1
193 : 0 0 38 72 1
194 : 96 341 6 1 0
195 : 75 341 3 5 1
196 : 9 332 10 8 0
197 : 174 310 12 12 0
198 : 113 332 4 12 1
199 : 0 115 13 61 1
