1000 1392
0 : 0 0 94 6 0
1 : 94 0 22 1 0
2 : 116 0 25 23 0
3 : 141 0 2 13 0
4 : 143 0 7 6 1
5 : 149 0 16 133 1
6 : 282 0 37 13 0
7 : 319 0 42 91 1
8 : 410 0 32 7 1
9 : 417 0 4 53 1
10 : 470 0 27 10 1
11 : 480 0 57 16 0
12 : 537 0 32 2 1
13 : 539 0 2 3 0
14 : 541 0 31 41 0
15 : 572 0 22 1 1
16 : 573 0 1 103 1
17 : 676 0 4 4 0
18 : 680 0 7 62 1
19 : 742 0 41 5 1
20 : 747 0 24 19 1
21 : 766 0 50 59 1
22 : 825 0 69 42 0
23 : 894 0 67 63 0
24 : 0 63 168 76 0
25 : 961 0 19 52 0
26 : 980 0 1 2 0
27 : 168 63 29 79 1
28 : 981 0 31 3 1
29 : 247 63 18 58 0
30 : 984 0 5 18 0
31 : 265 63 23 41 0
32 : 288 63 3 69 0
33 : 989 0 9 10 0
34 : 291 63 112 22 0
35 : 403 63 11 19 0
36 : 414 63 202 57 0
37 : 616 63 14 24 0
38 : 630 63 60 77 1
39 : 707 63 48 3 1
40 : 710 63 40 25 1
41 : 735 63 4 14 0
42 : 739 63 37 20 1
43 : 759 63 69 26 1
44 : 785 63 28 29 0
45 : 813 63 17 32 0
46 : 830 63 9 119 1
47 : 949 63 40 4 1
48 : 953 63 15 61 0
49 : 968 63 48 16 1
50 : 984 63 14 55 0
51 : 0 139 15 19 1
52 : 19 139 34 113 1
53 : 132 139 94 81 0
54 : 226 139 53 15 1
55 : 241 139 8 31 0
56 : 998 0 1 14 0
57 : 249 139 36 36 0
58 : 999 0 1 1 0
59 : 285 139 3 33 0
60 : 288 139 12 5 1
61 : 293 139 12 11 1
62 : 304 139 24 9 1
63 : 313 139 20 32 0
64 : 333 139 82 39 0
65 : 415 139 21 72 0
66 : 436 139 34 6 1
67 : 442 139 56 8 1
68 : 450 139 25 15 1
69 : 998 63 66 2 1
70 : 465 139 18 79 0
71 : 483 139 29 39 0
72 : 512 139 41 115 1
73 : 627 139 104 6 0
74 : 731 139 44 25 1
75 : 756 139 15 18 0
76 : 771 139 49 7 1
77 : 778 139 22 95 1
78 : 873 139 8 6 1
79 : 879 139 7 38 0
80 : 886 139 7 42 0
81 : 0 220 49 116 1
82 : 893 139 69 41 1
83 : 934 139 69 18 1
84 : 952 139 5 50 0
85 : 957 139 23 24 0
86 : 116 220 91 8 0
87 : 207 220 34 83 1
88 : 980 139 9 8 1
89 : 290 220 13 33 0
90 : 988 139 32 11 1
91 : 303 220 9 26 0
92 : 312 220 22 3 1
93 : 315 220 18 14 1
94 : 329 220 143 54 0
95 : 472 220 133 58 0
96 : 605 220 15 36 0
97 : 620 220 6 38 0
98 : 626 220 71 4 0
99 : 697 220 9 4 1
100 : 701 220 17 125 1
101 : 826 220 7 14 0
102 : 833 220 8 17 0
103 : 841 220 26 32 0
104 : 867 220 17 12 1
105 : 879 220 29 94 1
106 : 973 220 14 14 0
107 : 0 278 22 59 1
108 : 59 278 75 2 0
109 : 987 220 10 21 0
110 : 134 278 48 4 0
111 : 182 278 17 22 0
112 : 199 278 77 11 0
113 : 276 278 90 39 0
114 : 366 278 126 10 0
115 : 492 278 27 4 1
116 : 496 278 32 24 1
117 : 520 278 11 51 1
118 : 571 278 70 16 0
119 : 641 278 70 27 0
120 : 711 278 22 25 0
121 : 733 278 4 48 1
122 : 781 278 5 8 0
123 : 786 278 11 12 0
124 : 997 220 3 33 0
125 : 797 278 19 16 1
126 : 813 278 42 92 1
127 : 0 320 28 226 1
128 : 905 278 22 23 0
129 : 927 278 11 8 1
130 : 935 278 49 15 0
131 : 984 278 3 39 0
132 : 226 320 94 32 0
133 : 320 320 68 40 0
134 : 999 139 4 1 1
135 : 388 320 36 14 1
136 : 987 278 10 6 1
137 : 402 320 22 14 1
138 : 416 320 67 7 0
139 : 483 320 21 81 1
140 : 564 320 28 148 1
141 : 712 320 36 47 1
142 : 759 320 22 61 1
143 : 820 320 62 9 0
144 : 993 278 5 22 0
145 : 882 320 95 114 1
146 : 0 415 18 80 1
147 : 80 415 61 15 0
148 : 998 278 35 2 1
149 : 996 320 3 15 0
150 : 141 415 5 67 1
151 : 208 415 47 9 0
152 : 255 415 50 17 0
153 : 305 415 32 25 0
154 : 337 415 4 14 0
155 : 341 415 24 8 1
156 : 349 415 122 12 0
157 : 471 415 123 30 0
158 : 594 415 6 12 0
159 : 600 415 2 59 1
160 : 659 415 92 28 0
161 : 751 415 53 2 0
162 : 804 415 12 20 0
163 : 816 415 41 140 1
164 : 956 415 29 6 1
165 : 0 456 59 38 0
166 : 962 415 32 13 1
167 : 975 415 15 38 0
168 : 59 456 18 12 1
169 : 990 415 3 38 0
170 : 71 456 31 30 1
171 : 101 456 58 3 0
172 : 993 415 5 25 0
173 : 159 456 32 7 1
174 : 166 456 25 43 1
175 : 209 456 11 72 1
176 : 281 456 4 18 0
177 : 285 456 23 6 1
178 : 291 456 9 6 1
179 : 297 456 71 38 0
180 : 368 456 10 202 1
181 : 570 456 14 4 1
182 : 574 456 5 21 0
183 : 579 456 29 22 1
184 : 601 456 42 6 0
185 : 643 456 35 68 1
186 : 711 456 40 20 0
187 : 751 456 59 6 0
188 : 810 456 11 68 1
189 : 878 456 24 3 1
190 : 881 456 3 45 1
191 : 926 456 40 32 0
192 : 966 456 29 22 1
193 : 0 494 14 70 1
194 : 999 320 1 16 0
195 : 70 494 50 34 0
196 : 120 494 6 76 1
197 : 196 494 22 40 1
198 : 236 494 75 4 0
199 : 998 415 1 14 0
200 : 311 494 61 4 0
201 : 988 456 9 11 0
202 : 372 494 122 17 0
203 : 494 494 99 56 0
204 : 593 494 40 104 1
205 : 697 494 11 105 1
206 : 802 494 45 12 1
207 : 814 494 32 27 1
208 : 999 415 1 18 0
209 : 841 494 14 4 1
210 : 845 494 130 7 0
211 : 975 494 16 7 1
212 : 997 456 2 6 0
213 : 982 494 3 46 0
214 : 0 550 102 12 0
215 : 102 550 86 70 0
216 : 985 494 15 12 1
217 : 188 550 10 139 1
218 : 327 550 38 45 0
219 : 365 550 8 20 0
220 : 373 550 9 8 1
221 : 381 550 24 12 1
222 : 393 550 22 91 1
223 : 484 550 22 126 1
224 : 610 550 43 32 1
225 : 642 550 112 22 0
226 : 754 550 73 30 0
227 : 827 550 31 30 1
228 : 857 550 34 19 1
229 : 876 550 7 4 1
230 : 880 550 36 6 1
231 : 886 550 17 105 1
232 : 991 550 17 9 1
233 : 0 620 32 24 0
234 : 32 620 33 5 0
235 : 65 620 52 23 0
236 : 117 620 8 23 0
237 : 997 494 8 2 1
238 : 125 620 10 76 1
239 : 201 620 70 33 0
240 : 271 620 33 22 0
241 : 304 620 13 50 1
242 : 354 620 21 31 0
243 : 375 620 19 27 0
244 : 394 620 17 13 1
245 : 407 620 4 4 0
246 : 411 620 4 37 1
247 : 448 620 15 83 1
248 : 531 620 85 15 0
249 : 616 620 50 92 1
250 : 708 620 66 1 0
251 : 774 620 92 73 0
252 : 866 620 11 39 0
253 : 877 620 4 28 0
254 : 881 620 10 14 0
255 : 891 620 62 65 0
256 : 953 620 62 13 1
257 : 966 620 28 5 1
258 : 971 620 53 4 1
259 : 0 693 78 137 1
260 : 975 620 12 27 0
261 : 987 620 18 10 1
262 : 137 693 19 54 0
263 : 156 693 14 6 1
264 : 162 693 5 4 1
265 : 166 693 126 1 0
266 : 292 693 44 51 0
267 : 336 693 9 8 1
268 : 344 693 72 29 1
269 : 373 693 9 34 0
270 : 382 693 14 20 0
271 : 396 693 37 85 1
272 : 481 693 22 89 1
273 : 997 620 16 2 1
274 : 570 693 26 32 0
275 : 596 693 16 3 1
276 : 599 693 32 16 1
277 : 615 693 69 40 1
278 : 655 693 31 45 0
279 : 686 693 34 94 1
280 : 780 693 90 45 0
281 : 870 693 43 14 1
282 : 884 693 78 109 1
283 : 999 456 26 1 1
284 : 0 771 32 66 1
285 : 993 693 5 16 0
286 : 66 771 30 5 1
287 : 71 771 23 13 1
288 : 84 771 16 67 1
289 : 151 771 109 14 0
290 : 260 771 72 25 0
291 : 332 771 12 18 0
292 : 344 771 6 44 1
293 : 388 771 32 9 0
294 : 420 771 10 24 0
295 : 430 771 26 3 1
296 : 433 771 25 86 1
297 : 519 771 4 95 1
298 : 614 771 65 47 0
299 : 679 771 60 31 0
300 : 739 771 5 22 0
301 : 744 771 16 6 1
302 : 750 771 11 103 1
303 : 853 771 3 32 0
304 : 856 771 131 44 0
305 : 987 771 27 9 1
306 : 998 693 3 2 1
307 : 0 818 49 29 0
308 : 49 818 56 12 0
309 : 996 771 4 47 0
310 : 105 818 26 105 1
311 : 210 818 86 10 0
312 : 296 818 5 101 1
313 : 397 818 57 22 0
314 : 454 818 14 14 0
315 : 468 818 61 111 1
316 : 579 818 50 41 1
317 : 999 494 50 1 1
318 : 620 818 13 4 1
319 : 624 818 2 39 0
320 : 626 818 2 100 1
321 : 726 818 18 18 0
322 : 744 818 49 30 1
323 : 774 818 48 6 1
324 : 780 818 95 62 0
325 : 999 620 68 1 1
326 : 875 818 41 87 1
327 : 962 818 10 3 1
328 : 0 880 8 146 1
329 : 965 818 21 15 1
330 : 980 818 47 13 1
331 : 993 818 14 5 1
332 : 146 880 12 8 0
333 : 158 880 14 4 0
334 : 172 880 23 44 1
335 : 216 880 33 13 0
336 : 249 880 29 8 0
337 : 278 880 130 5 0
338 : 408 880 15 33 1
339 : 441 880 22 46 1
340 : 487 880 69 86 1
341 : 573 880 61 4 1
342 : 998 818 2 38 0
343 : 577 880 39 186 1
344 : 763 880 8 4 1
345 : 767 880 119 86 0
346 : 886 880 48 19 1
347 : 905 880 22 9 1
348 : 914 880 65 3 1
349 : 917 880 10 2 1
350 : 919 880 33 63 0
351 : 952 880 28 14 1
352 : 966 880 23 28 0
353 : 0 966 40 14 0
354 : 989 880 43 1 1
355 : 990 880 6 18 0
356 : 40 966 29 40 1
357 : 996 880 1 9 0
358 : 80 966 4 24 0
359 : 84 966 38 9 0
360 : 122 966 34 45 1
361 : 167 966 99 58 0
362 : 266 966 4 58 0
363 : 270 966 42 5 1
364 : 275 966 67 28 0
365 : 997 880 41 3 1
366 : 342 966 11 19 0
367 : 353 966 55 22 1
368 : 375 966 14 22 0
369 : 389 966 17 5 1
370 : 394 966 8 40 0
371 : 402 966 9 40 0
372 : 411 966 7 26 0
373 : 418 966 68 29 0
374 : 486 966 4 13 0
375 : 490 966 33 80 1
376 : 570 966 35 3 1
377 : 573 966 77 29 0
378 : 650 966 26 18 1
379 : 668 966 5 61 1
380 : 729 966 86 94 1
381 : 823 966 42 5 1
382 : 828 966 66 160 1
383 : 988 966 31 9 1
384 : 0 1052 37 60 1
385 : 60 1052 10 22 0
386 : 70 1052 15 20 0
387 : 85 1052 43 17 0
388 : 128 1052 45 22 0
389 : 173 1052 52 58 1
390 : 231 1052 40 10 1
391 : 241 1052 24 16 1
392 : 257 1052 112 22 0
393 : 369 1052 22 22 0
394 : 997 966 2 12 0
395 : 391 1052 10 20 0
396 : 401 1052 25 22 1
397 : 423 1052 10 150 1
398 : 573 1052 4 33 0
399 : 577 1052 50 104 1
400 : 681 1052 40 15 1
401 : 696 1052 53 137 1
402 : 833 1052 4 30 0
403 : 837 1052 56 33 0
404 : 893 1052 32 63 1
405 : 956 1052 4 14 0
406 : 0 1105 134 41 0
407 : 960 1052 19 20 0
408 : 979 1052 5 7 0
409 : 134 1105 28 54 1
410 : 984 1052 14 5 1
411 : 989 1052 42 4 1
412 : 188 1105 36 15 1
413 : 203 1105 94 23 0
414 : 297 1105 34 23 1
415 : 993 1052 3 4 0
416 : 320 1105 50 8 0
417 : 996 1052 32 4 1
418 : 370 1105 18 61 1
419 : 431 1105 58 7 0
420 : 489 1105 24 2 1
421 : 491 1105 23 75 1
422 : 566 1105 11 2 1
423 : 568 1105 162 5 0
424 : 730 1105 84 20 0
425 : 814 1105 110 67 0
426 : 924 1105 10 9 1
427 : 933 1105 3 4 0
428 : 936 1105 28 15 1
429 : 951 1105 14 20 0
430 : 965 1105 3 38 0
431 : 0 1172 15 100 1
432 : 968 1105 18 7 1
433 : 975 1105 5 42 0
434 : 100 1172 76 31 0
435 : 176 1172 8 170 1
436 : 980 1105 21 5 1
437 : 985 1105 5 51 0
438 : 346 1172 13 45 1
439 : 391 1172 14 32 1
440 : 423 1172 25 24 1
441 : 447 1172 78 61 0
442 : 990 1105 9 4 1
443 : 525 1172 12 101 1
444 : 999 966 21 1 1
445 : 626 1172 135 21 0
446 : 994 1105 6 4 1
447 : 761 1172 28 40 0
448 : 789 1172 134 90 0
449 : 923 1172 49 17 1
450 : 940 1172 40 48 0
451 : 0 1262 33 64 1
452 : 64 1262 34 83 1
453 : 980 1172 2 80 0
454 : 147 1262 95 12 0
455 : 242 1262 26 26 0
456 : 268 1262 26 37 1
457 : 982 1172 33 11 1
458 : 305 1262 23 21 1
459 : 993 1172 7 29 0
460 : 326 1262 11 20 0
461 : 337 1262 13 60 1
462 : 998 1105 2 1 1
463 : 397 1262 40 14 0
464 : 437 1262 30 22 1
465 : 459 1262 24 45 1
466 : 504 1262 6 22 0
467 : 510 1262 66 31 0
468 : 576 1262 9 6 1
469 : 582 1262 44 61 1
470 : 999 1105 1 59 0
471 : 643 1262 24 81 1
472 : 724 1262 19 26 0
473 : 743 1262 19 121 1
474 : 864 1262 46 23 0
475 : 910 1262 6 31 0
476 : 916 1262 5 41 0
477 : 921 1262 12 18 0
478 : 0 1306 15 85 1
479 : 933 1262 5 28 0
480 : 85 1306 86 87 1
481 : 938 1262 36 12 1
482 : 172 1306 64 7 1
483 : 950 1262 5 4 1
484 : 954 1262 34 18 1
485 : 972 1262 30 10 1
486 : 179 1306 194 13 0
487 : 982 1262 38 6 1
488 : 988 1262 1 4 0
489 : 373 1306 106 2 0
490 : 989 1262 11 20 0
491 : 479 1306 4 12 0
492 : 483 1306 22 10 1
493 : 493 1306 70 128 1
494 : 621 1306 14 76 0
495 : 635 1306 4 31 0
496 : 639 1306 2 4 0
497 : 641 1306 69 16 1
498 : 657 1306 20 49 0
499 : 677 1306 2 50 0
