100 69
0 : 0 7 4 22 1
1 : 16 45 9 4 1
2 : 52 22 18 10 1
3 : 43 22 19 9 1
4 : 92 45 5 4 1
5 : 18 56 3 3 0
6 : 91 7 4 15 0
7 : 62 45 1 3 0
8 : 40 22 13 3 1
9 : 0 56 13 14 1
10 : 63 45 2 4 0
11 : 84 0 1 14 1
12 : 90 22 8 13 0
13 : 98 0 1 7 0
14 : 0 45 11 16 1
15 : 97 7 11 1 1
16 : 0 0 38 1 0
17 : 38 45 9 5 1
18 : 62 22 2 8 0
19 : 43 45 6 2 1
20 : 65 45 2 4 0
21 : 38 0 2 21 1
22 : 83 45 4 5 0
23 : 36 22 17 4 1
24 : 98 22 7 2 1
25 : 99 0 5 1 1
26 : 71 7 3 17 1
27 : 87 45 2 3 0
28 : 59 0 7 25 1
29 : 96 45 3 3 0
30 : 45 45 4 7 0
31 : 70 45 8 10 0
32 : 22 7 32 15 0
33 : 67 45 5 3 1
34 : 35 45 7 3 1
35 : 89 7 2 14 0
36 : 78 45 5 6 0
37 : 88 7 14 1 1
38 : 49 45 11 8 0
39 : 20 45 15 11 0
40 : 98 7 9 1 1
41 : 54 7 1 17 1
42 : 89 45 3 4 0
43 : 64 22 20 26 1
44 : 95 7 13 2 1
45 : 14 56 4 4 0
46 : 99 7 1 8 0
47 : 0 22 23 36 1
48 : 21 56 2 2 0
49 : 60 45 4 2 1
