1000 1229
0 : 248 296 94 6 0
1 : 999 0 22 1 1
2 : 973 1057 25 23 1
3 : 448 976 2 13 0
4 : 249 1143 7 6 1
5 : 404 85 16 133 1
6 : 259 839 37 13 1
7 : 655 535 42 91 1
8 : 218 839 32 7 1
9 : 994 296 4 53 0
10 : 395 881 27 10 1
11 : 431 686 57 16 1
12 : 998 686 32 2 1
13 : 332 1143 2 3 0
14 : 534 976 31 41 0
15 : 736 839 22 1 1
16 : 601 113 1 103 1
17 : 425 1143 4 4 0
18 : 965 154 7 62 0
19 : 981 113 41 5 1
20 : 567 1057 24 19 1
21 : 664 976 50 59 0
22 : 0 839 69 42 0
23 : 664 1057 67 63 1
24 : 103 220 168 76 0
25 : 392 753 19 52 0
26 : 999 1057 1 2 0
27 : 373 535 29 79 1
28 : 908 753 31 3 1
29 : 546 686 18 58 0
30 : 986 881 5 18 0
31 : 325 881 23 41 0
32 : 992 220 3 69 0
33 : 286 1143 9 10 0
34 : 366 220 112 22 0
35 : 975 976 11 19 0
36 : 186 28 202 57 0
37 : 520 976 14 24 0
38 : 509 881 60 77 0
39 : 982 408 48 3 1
40 : 849 881 40 25 1
41 : 465 976 4 14 0
42 : 474 881 37 20 1
43 : 962 596 69 26 1
44 : 299 1143 28 29 0
45 : 893 881 17 32 0
46 : 798 85 9 119 1
47 : 972 113 40 4 1
48 : 358 596 15 61 1
49 : 411 753 48 16 1
50 : 417 686 14 55 0
51 : 741 1057 15 19 0
52 : 0 350 34 113 1
53 : 0 976 94 81 0
54 : 702 686 53 15 1
55 : 397 839 8 31 0
56 : 999 457 1 14 0
57 : 475 1143 36 36 0
58 : 511 1143 1 1 0
59 : 997 350 3 33 0
60 : 261 1057 12 5 1
61 : 334 1143 12 11 1
62 : 910 881 24 9 1
63 : 128 976 20 32 0
64 : 824 596 82 39 1
65 : 232 535 21 72 1
66 : 882 753 34 6 1
67 : 957 28 56 8 1
68 : 450 976 25 15 1
69 : 937 154 66 2 1
70 : 158 457 18 79 1
71 : 469 976 29 39 0
72 : 437 350 41 115 1
73 : 100 154 104 6 0
74 : 943 839 44 25 0
75 : 815 1057 15 18 0
76 : 989 535 49 7 1
77 : 896 296 22 95 1
78 : 967 1057 8 6 1
79 : 542 753 7 38 0
80 : 915 686 7 42 0
81 : 0 408 49 116 1
82 : 911 753 69 41 1
83 : 304 535 69 18 0
84 : 970 28 5 50 0
85 : 66 1143 23 24 1
86 : 710 296 91 8 0
87 : 829 535 34 83 1
88 : 46 1143 9 8 1
89 : 838 839 13 33 0
90 : 737 839 32 11 1
91 : 494 881 9 26 0
92 : 940 839 22 3 1
93 : 650 1057 18 14 1
94 : 0 296 143 54 0
95 : 304 350 133 58 0
96 : 751 839 15 36 0
97 : 465 753 6 38 0
98 : 987 220 71 4 1
99 : 625 1057 9 4 1
100 : 122 113 17 125 1
101 : 254 1057 7 14 0
102 : 644 976 8 17 0
103 : 497 1057 26 32 0
104 : 613 1057 17 12 1
105 : 358 408 29 94 1
106 : 429 1143 14 14 0
107 : 815 686 22 59 0
108 : 905 220 75 2 1
109 : 258 976 10 21 0
110 : 985 408 48 4 1
111 : 550 1057 17 22 0
112 : 205 408 77 11 0
113 : 75 535 90 39 0
114 : 537 85 126 10 0
115 : 461 839 27 4 1
116 : 940 976 32 24 1
117 : 564 686 11 51 0
118 : 954 457 70 16 1
119 : 183 686 70 27 0
120 : 914 1057 22 25 0
121 : 989 408 4 48 0
122 : 936 1057 5 8 0
123 : 238 1143 11 12 0
124 : 683 753 3 33 0
125 : 941 1057 19 16 1
126 : 452 535 42 92 1
127 : 0 0 28 226 1
128 : 23 1143 22 23 1
129 : 785 1057 11 8 1
130 : 967 686 49 15 1
131 : 986 113 3 39 0
132 : 888 408 94 32 0
133 : 952 753 68 40 1
134 : 957 1057 4 1 1
135 : 581 839 36 14 1
136 : 644 1057 10 6 1
137 : 834 976 22 14 1
138 : 331 457 67 7 0
139 : 398 457 21 81 1
140 : 256 85 28 148 1
141 : 320 976 36 47 0
142 : 671 686 22 61 0
143 : 978 154 62 9 1
144 : 994 839 5 22 0
145 : 135 881 95 114 1
146 : 808 408 18 80 1
147 : 297 596 61 15 0
148 : 995 113 35 2 1
149 : 148 976 3 15 0
150 : 995 220 5 67 0
151 : 693 686 47 9 1
152 : 375 753 50 17 1
153 : 150 1057 32 25 1
154 : 569 976 4 14 0
155 : 763 881 24 8 1
156 : 0 113 122 12 0
157 : 813 154 123 30 0
158 : 401 1057 6 12 0
159 : 951 154 2 59 0
160 : 640 408 92 28 0
161 : 991 296 53 2 1
162 : 928 976 12 20 0
163 : 825 113 41 140 1
164 : 570 839 29 6 1
165 : 766 839 59 38 0
166 : 92 881 32 13 1
167 : 377 839 15 38 0
168 : 389 1057 18 12 1
169 : 992 113 3 38 0
170 : 208 1143 31 30 1
171 : 990 350 58 3 1
172 : 920 839 5 25 0
173 : 234 839 32 7 1
174 : 300 881 25 43 0
175 : 86 457 11 72 1
176 : 996 753 4 18 0
177 : 503 881 23 6 1
178 : 908 1057 9 6 1
179 : 163 753 71 38 0
180 : 226 0 10 202 1
181 : 565 976 14 4 1
182 : 679 881 5 21 0
183 : 232 1057 29 22 1
184 : 837 686 42 6 1
185 : 95 753 35 68 1
186 : 851 839 40 20 1
187 : 972 154 59 6 1
188 : 825 457 11 68 0
189 : 748 839 24 3 1
190 : 995 28 3 45 0
191 : 871 976 40 32 1
192 : 310 1057 29 22 1
193 : 836 457 14 70 0
194 : 999 28 1 16 0
195 : 700 881 50 34 1
196 : 911 220 6 76 1
197 : 249 881 22 40 0
198 : 907 220 75 4 1
199 : 97 976 1 14 0
200 : 947 154 61 4 1
201 : 991 881 9 11 0
202 : 247 113 122 17 0
203 : 863 596 99 56 0
204 : 536 408 40 104 1
205 : 414 154 11 105 1
206 : 986 686 45 12 1
207 : 586 1057 32 27 1
208 : 999 839 1 18 0
209 : 611 976 14 4 1
210 : 126 85 130 7 0
211 : 652 976 16 7 1
212 : 727 1057 2 6 0
213 : 993 408 3 46 0
214 : 702 220 102 12 0
215 : 771 881 86 70 1
216 : 896 1057 15 12 1
217 : 684 28 10 139 1
218 : 194 1057 38 45 0
219 : 166 976 8 20 0
220 : 54 1143 9 8 1
221 : 212 976 24 12 1
222 : 816 350 22 91 1
223 : 475 113 22 126 1
224 : 368 976 43 32 1
225 : 478 220 112 22 0
226 : 110 686 73 30 0
227 : 90 1143 31 30 0
228 : 874 881 34 19 1
229 : 892 1057 7 4 1
230 : 667 753 36 6 1
231 : 143 296 17 105 1
232 : 966 976 17 9 1
233 : 903 976 32 24 1
234 : 903 753 33 5 1
235 : 783 753 52 23 1
236 : 841 881 8 23 0
237 : 361 1057 8 2 1
238 : 282 408 10 76 1
239 : 732 686 70 33 0
240 : 426 976 33 22 1
241 : 802 686 13 50 0
242 : 577 976 21 31 0
243 : 852 976 19 27 0
244 : 756 1057 17 13 1
245 : 512 1143 4 4 0
246 : 982 686 4 37 0
247 : 907 350 15 83 1
248 : 646 350 85 15 0
249 : 325 686 50 92 1
250 : 936 154 66 1 1
251 : 0 881 92 73 0
252 : 892 753 11 39 0
253 : 272 839 4 28 0
254 : 769 1057 10 14 0
255 : 830 1057 62 65 0
256 : 986 457 62 13 1
257 : 392 839 28 5 1
258 : 953 28 53 4 1
259 : 479 457 78 137 1
260 : 919 881 12 27 0
261 : 986 976 18 10 1
262 : 896 686 19 54 0
263 : 777 976 14 6 1
264 : 295 1143 5 4 1
265 : 0 85 126 1 0
266 : 266 1057 44 51 0
267 : 345 1143 9 8 1
268 : 253 686 72 29 0
269 : 225 839 9 34 0
270 : 407 1057 14 20 0
271 : 0 596 37 85 1
272 : 116 408 22 89 1
273 : 997 596 16 2 1
274 : 363 1057 26 32 0
275 : 94 976 16 3 1
276 : 684 881 32 16 1
277 : 842 753 69 40 1
278 : 945 881 31 45 0
279 : 237 457 34 94 1
280 : 506 596 90 45 0
281 : 828 753 43 14 1
282 : 558 753 78 109 1
283 : 998 0 26 1 1
284 : 935 686 32 66 0
285 : 356 976 5 16 0
286 : 213 839 30 5 1
287 : 598 976 23 13 1
288 : 165 535 16 67 1
289 : 305 154 109 14 0
290 : 225 596 72 25 0
291 : 421 1057 12 18 0
292 : 954 0 6 44 1
293 : 322 839 32 9 1
294 : 976 881 10 24 0
295 : 997 85 26 3 1
296 : 0 457 25 86 1
297 : 271 220 4 95 1
298 : 348 881 65 47 1
299 : 719 753 60 31 1
300 : 674 881 5 22 0
301 : 500 976 16 6 1
302 : 0 220 11 103 1
303 : 806 753 3 32 0
304 : 342 296 131 44 0
305 : 988 596 27 9 1
306 : 327 1143 3 2 1
307 : 871 839 49 29 0
308 : 975 28 56 12 1
309 : 996 408 4 47 0
310 : 113 350 26 105 1
311 : 218 350 86 10 0
312 : 204 154 5 101 1
313 : 843 686 57 22 1
314 : 461 1143 14 14 0
315 : 544 535 61 111 1
316 : 718 976 50 41 1
317 : 993 296 50 1 1
318 : 714 976 13 4 1
319 : 968 113 2 39 0
320 : 0 154 2 100 1
321 : 443 1143 18 18 0
322 : 105 881 49 30 1
323 : 994 154 48 6 1
324 : 0 753 95 62 0
325 : 991 220 68 1 1
326 : 419 596 41 87 1
327 : 996 976 10 3 1
328 : 538 28 8 146 1
329 : 332 1057 21 15 1
330 : 922 686 47 13 1
331 : 659 976 14 5 1
332 : 733 1057 12 8 1
333 : 516 976 14 4 1
334 : 639 839 23 44 1
335 : 825 839 33 13 1
336 : 683 839 29 8 1
337 : 823 28 130 5 0
338 : 285 881 15 33 0
339 : 276 839 22 46 1
340 : 405 881 69 86 0
341 : 943 154 61 4 1
342 : 970 113 2 38 0
343 : 0 28 39 186 1
344 : 729 1057 8 4 1
345 : 256 753 119 86 0
346 : 809 753 48 19 1
347 : 98 976 22 9 1
348 : 939 154 65 3 1
349 : 964 976 10 2 1
350 : 686 753 33 63 0
351 : 931 881 28 14 1
352 : 523 1057 23 28 0
353 : 69 839 40 14 1
354 : 998 28 43 1 1
355 : 122 976 6 18 0
356 : 291 976 29 40 0
357 : 927 976 1 9 0
358 : 925 839 4 24 0
359 : 750 753 38 9 1
360 : 224 976 34 45 0
361 : 447 686 99 58 0
362 : 993 350 4 58 0
363 : 717 686 42 5 1
364 : 643 686 67 28 1
365 : 965 113 41 3 1
366 : 823 976 11 19 0
367 : 234 753 55 22 1
368 : 763 976 14 22 0
369 : 151 976 17 5 1
370 : 457 753 8 40 0
371 : 549 753 9 40 0
372 : 987 839 7 26 0
373 : 575 686 68 29 0
374 : 759 976 4 13 0
375 : 145 596 33 80 1
376 : 997 113 35 3 1
377 : 912 535 77 29 0
378 : 110 1057 26 18 1
379 : 960 154 5 61 0
380 : 0 1057 86 94 1
381 : 722 686 42 5 1
382 : 519 154 66 160 1
383 : 597 839 31 9 1
384 : 510 839 37 60 1
385 : 202 976 10 22 0
386 : 629 1057 15 20 0
387 : 101 839 43 17 0
388 : 465 839 45 22 0
389 : 445 1057 52 58 0
390 : 673 753 40 10 1
391 : 94 1057 24 16 1
392 : 590 220 112 22 0
393 : 377 1143 22 22 0
394 : 498 976 2 12 0
395 : 506 976 10 20 0
396 : 793 1057 25 22 1
397 : 388 28 10 150 1
398 : 759 753 4 33 0
399 : 850 457 50 104 1
400 : 198 839 40 15 1
401 : 573 296 53 137 1
402 : 83 839 4 30 0
403 : 405 839 56 33 0
404 : 477 753 32 63 0
405 : 573 976 4 14 0
406 : 679 154 134 41 0
407 : 267 1143 19 20 0
408 : 958 1057 5 7 0
409 : 144 839 28 54 1
410 : 626 976 14 5 1
411 : 996 535 42 4 1
412 : 624 839 36 15 1
413 : 552 350 94 23 0
414 : 268 976 34 23 1
415 : 264 1143 3 4 0
416 : 987 28 50 8 1
417 : 888 753 32 4 1
418 : 806 596 18 61 0
419 : 987 154 58 7 1
420 : 595 839 24 2 1
421 : 0 535 23 75 1
422 : 642 976 11 2 1
423 : 792 0 162 5 0
424 : 452 408 84 20 0
425 : 0 686 110 67 0
426 : 255 1143 10 9 1
427 : 329 1143 3 4 0
428 : 107 976 28 15 1
429 : 347 1057 14 20 0
430 : 989 113 3 38 0
431 : 473 296 15 100 1
432 : 361 976 18 7 1
433 : 727 686 5 42 0
434 : 596 596 76 31 0
435 : 622 0 8 170 1
436 : 752 881 21 5 1
437 : 965 28 5 51 0
438 : 427 753 13 45 0
439 : 271 881 14 32 0
440 : 353 1143 25 24 1
441 : 613 881 78 61 1
442 : 546 1057 9 4 1
443 : 804 220 12 101 1
444 : 939 839 21 1 1
445 : 663 85 135 21 0
446 : 963 1057 6 4 1
447 : 174 976 28 40 0
448 : 672 596 134 90 0
449 : 440 753 49 17 1
450 : 783 976 40 48 0
451 : 509 753 33 64 0
452 : 746 535 34 83 1
453 : 917 85 2 80 1
454 : 801 296 95 12 0
455 : 399 1143 26 26 0
456 : 400 976 26 37 0
457 : 613 839 33 11 1
458 : 0 1143 23 21 0
459 : 606 839 7 29 0
460 : 615 976 11 20 0
461 : 85 596 13 60 1
462 : 998 1057 2 1 1
463 : 87 839 40 14 1
464 : 128 1057 30 22 1
465 : 691 839 24 45 1
466 : 757 881 6 22 0
467 : 865 686 66 31 1
468 : 779 1057 9 6 1
469 : 569 881 44 61 0
470 : 942 154 1 59 0
471 : 744 457 24 81 1
472 : 175 1057 19 26 0
473 : 704 113 19 121 1
474 : 331 839 46 23 0
475 : 241 839 6 31 0
476 : 976 113 5 41 0
477 : 433 1057 12 18 0
478 : 731 350 15 85 1
479 : 576 839 5 28 0
480 : 121 1143 86 87 1
481 : 247 839 36 12 1
482 : 953 154 64 7 1
483 : 62 1143 5 4 1
484 : 734 881 34 18 1
485 : 929 839 30 10 1
486 : 428 0 194 13 0
487 : 471 753 38 6 1
488 : 999 976 1 4 0
489 : 369 113 106 2 0
490 : 631 976 11 20 0
491 : 848 976 4 12 0
492 : 156 976 22 10 1
493 : 616 457 70 128 1
494 : 732 408 14 76 1
495 : 992 753 4 31 0
496 : 996 1057 2 4 0
497 : 970 457 69 16 1
498 : 763 753 20 49 0
499 : 998 296 2 50 0
