200 157
0 : 83 150 4 6 0
1 : 134 150 2 4 0
2 : 0 0 110 45 0
3 : 147 141 1 15 1
4 : 132 150 2 4 0
5 : 118 150 6 3 1
6 : 199 0 1 27 0
7 : 154 123 4 23 1
8 : 135 132 9 14 1
9 : 60 150 1 11 1
10 : 132 141 15 2 0
11 : 99 86 18 24 1
12 : 110 150 8 1 0
13 : 0 86 15 40 1
14 : 12 141 7 14 1
15 : 11 150 11 4 0
16 : 139 150 1 2 0
17 : 197 0 37 2 1
18 : 112 123 20 8 0
19 : 0 141 12 9 0
20 : 185 108 15 15 0
21 : 100 108 14 20 1
22 : 194 59 4 27 0
23 : 82 141 1 18 1
24 : 78 108 22 14 0
25 : 25 123 23 7 0
26 : 123 150 5 3 1
27 : 132 123 5 22 1
28 : 0 123 6 25 1
29 : 71 45 14 58 1
30 : 24 132 17 9 0
31 : 136 150 3 2 1
32 : 199 86 1 20 0
33 : 75 150 8 3 0
34 : 177 123 18 8 0
35 : 197 86 20 2 1
36 : 62 132 6 19 1
37 : 129 45 67 3 0
38 : 100 141 10 8 0
39 : 124 141 8 9 0
40 : 142 108 21 11 0
41 : 106 150 4 5 0
42 : 26 141 4 16 1
43 : 148 86 17 22 0
44 : 69 86 20 30 1
45 : 68 141 14 5 0
46 : 120 108 12 22 1
47 : 81 132 20 5 0
48 : 0 150 4 11 1
49 : 71 150 7 4 1
50 : 160 0 33 32 1
51 : 69 123 19 9 0
52 : 178 59 27 16 1
53 : 117 132 18 5 0
54 : 101 132 8 16 1
55 : 98 150 8 1 0
56 : 129 150 4 3 1
57 : 0 45 3 71 1
58 : 196 0 41 1 1
59 : 42 141 15 5 0
60 : 23 108 33 4 0
61 : 165 132 5 17 1
62 : 195 123 4 9 0
63 : 0 132 3 24 1
64 : 57 141 11 8 0
65 : 195 141 6 5 1
66 : 110 0 50 27 0
67 : 123 86 25 16 0
68 : 40 86 22 29 1
69 : 88 123 4 24 1
70 : 48 123 8 21 1
71 : 121 150 6 2 1
72 : 162 141 9 7 1
73 : 169 141 14 2 0
74 : 110 141 14 3 0
75 : 56 108 15 22 1
76 : 90 150 1 8 1
77 : 149 132 7 16 1
78 : 50 150 3 10 1
79 : 41 132 21 5 0
80 : 199 123 1 9 0
81 : 192 0 4 45 0
82 : 22 150 14 1 0
83 : 63 59 41 18 0
84 : 104 59 27 30 1
85 : 36 150 7 7 0
86 : 194 132 6 6 0
87 : 165 86 7 32 1
88 : 126 150 4 3 1
89 : 134 59 44 12 0
90 : 138 150 1 2 0
91 : 183 141 12 3 0
92 : 163 108 22 10 0
93 : 198 59 27 2 1
94 : 0 59 5 63 1
95 : 0 108 23 15 0
96 : 43 150 7 7 0
97 : 196 45 14 4 1
98 : 182 132 9 12 1
99 : 87 150 3 6 0
