300 188
0 : 67 182 2 3 1
1 : 137 130 18 12 0
2 : 270 178 14 5 0
3 : 61 64 11 6 1
4 : 28 162 12 16 1
5 : 67 70 6 44 1
6 : 155 130 2 10 0
7 : 177 140 2 23 1
8 : 72 32 52 6 0
9 : 0 109 12 39 1
10 : 44 162 7 26 1
11 : 252 162 10 13 1
12 : 261 99 19 3 0
13 : 137 26 59 12 0
14 : 243 160 2 14 1
15 : 117 178 8 4 0
16 : 117 38 39 39 0
17 : 96 143 14 24 1
18 : 22 143 20 19 0
19 : 133 32 4 4 0
20 : 229 143 18 14 1
21 : 77 109 12 23 1
22 : 107 130 30 12 0
23 : 233 142 1 2 1
24 : 222 141 2 11 1
25 : 295 38 5 26 0
26 : 205 162 9 16 1
27 : 72 0 65 32 0
28 : 177 121 23 19 0
29 : 180 157 5 19 1
30 : 221 162 10 14 1
31 : 294 132 6 30 0
32 : 178 101 31 1 0
33 : 238 179 16 5 0
34 : 260 115 26 6 0
35 : 260 62 8 3 1
36 : 88 174 7 15 1
37 : 161 157 2 2 0
38 : 107 142 1 24 1
39 : 107 121 9 50 1
40 : 154 157 7 2 0
41 : 180 143 20 14 0
42 : 164 115 22 6 0
43 : 100 109 3 4 0
44 : 250 170 2 4 0
45 : 252 172 7 2 0
46 : 46 77 22 48 1
47 : 0 38 67 26 0
48 : 0 121 22 23 1
49 : 221 102 39 14 0
50 : 200 134 7 29 1
51 : 103 102 13 45 1
52 : 200 141 22 2 0
53 : 103 178 14 5 0
54 : 192 102 19 29 1
55 : 284 182 8 2 0
56 : 0 77 46 23 0
57 : 272 143 22 9 0
58 : 129 174 7 14 1
59 : 218 76 1 33 1
60 : 289 77 25 9 1
61 : 179 177 13 4 0
62 : 232 77 23 29 1
63 : 263 132 11 31 1
64 : 129 181 14 3 0
65 : 179 160 1 2 0
66 : 115 162 7 25 1
67 : 0 162 28 7 0
68 : 157 121 20 22 0
69 : 70 180 15 4 0
70 : 115 169 4 25 1
71 : 290 152 9 4 1
72 : 42 143 23 16 0
73 : 215 143 14 19 0
74 : 263 67 10 34 1
75 : 143 175 9 9 0
76 : 258 116 2 4 0
77 : 0 102 103 7 0
78 : 85 180 4 3 1
79 : 263 121 11 37 1
80 : 204 181 8 3 0
81 : 103 174 4 26 1
82 : 221 172 14 2 0
83 : 0 174 8 15 1
84 : 148 102 13 44 1
85 : 0 100 40 2 0
86 : 39 109 12 38 1
87 : 260 102 39 13 0
88 : 265 170 4 16 1
89 : 96 159 2 37 1
90 : 42 159 4 3 0
91 : 124 32 6 9 1
92 : 166 177 13 4 0
93 : 70 162 12 15 1
94 : 298 77 22 2 1
95 : 257 174 7 13 1
96 : 72 121 13 35 1
97 : 251 0 29 48 1
98 : 251 76 9 1 0
99 : 46 99 30 3 0
100 : 65 143 11 31 1
101 : 188 175 21 2 0
102 : 295 115 4 4 0
103 : 229 161 14 1 0
104 : 106 134 1 9 0
105 : 196 26 9 12 0
106 : 27 182 2 40 1
107 : 0 143 22 18 0
108 : 235 162 8 17 1
109 : 299 102 13 1 1
110 : 261 77 22 28 1
111 : 131 94 8 36 1
112 : 93 154 3 7 0
113 : 200 143 18 15 1
114 : 142 143 14 21 1
115 : 218 38 24 45 1
116 : 176 98 4 2 1
117 : 120 143 22 14 0
118 : 143 174 95 1 0
119 : 137 0 26 68 1
120 : 235 170 15 4 0
121 : 199 177 5 7 0
122 : 205 0 46 38 0
123 : 67 76 4 1 0
124 : 66 169 4 5 0
125 : 96 157 58 2 0
126 : 42 174 14 8 0
127 : 131 77 17 47 1
128 : 257 143 15 15 0
129 : 70 174 6 18 1
130 : 160 162 9 17 1
131 : 163 160 16 2 0
132 : 294 29 9 6 1
133 : 192 177 7 7 0
134 : 152 177 14 4 0
135 : 0 169 5 22 1
136 : 100 162 12 15 1
137 : 227 91 11 5 1
138 : 281 162 9 14 1
139 : 200 121 33 13 0
140 : 204 177 8 4 0
141 : 65 154 28 7 0
142 : 156 60 17 59 1
143 : 221 116 4 37 1
144 : 103 120 9 1 0
145 : 286 115 6 9 1
146 : 140 162 20 8 0
147 : 299 0 24 1 1
148 : 178 77 14 54 1
149 : 178 91 49 10 0
150 : 56 174 14 8 0
151 : 272 152 9 18 1
152 : 229 134 4 7 0
153 : 189 162 9 16 1
154 : 94 77 25 37 1
155 : 263 38 32 29 0
156 : 284 178 8 4 0
157 : 0 182 2 15 1
158 : 103 115 61 5 0
159 : 270 174 4 22 1
160 : 27 174 8 15 1
161 : 23 121 19 25 1
162 : 0 184 4 21 1
163 : 238 174 5 19 1
164 : 48 121 19 24 1
165 : 243 143 14 17 0
166 : 260 70 7 3 1
167 : 23 140 29 3 0
168 : 257 158 15 4 0
169 : 15 174 10 12 1
170 : 251 29 43 9 0
171 : 281 171 14 3 0
172 : 258 100 2 3 1
173 : 140 170 20 4 0
174 : 156 38 22 62 1
175 : 163 143 17 17 0
176 : 232 100 26 2 0
177 : 85 162 15 12 0
178 : 152 175 2 36 1
179 : 67 38 32 50 1
180 : 44 169 5 22 1
181 : 265 162 16 8 0
182 : 233 121 14 30 1
183 : 40 100 5 2 0
184 : 45 100 1 2 0
185 : 297 67 8 3 1
186 : 233 135 30 7 0
187 : 167 98 4 9 1
188 : 280 99 9 3 0
189 : 215 60 14 3 1
190 : 218 62 42 14 0
191 : 72 134 34 9 0
192 : 167 94 4 11 1
193 : 0 0 38 72 1
194 : 299 115 6 1 1
195 : 295 64 3 5 1
196 : 292 174 10 8 1
197 : 177 162 12 12 0
198 : 295 162 4 12 0
199 : 0 64 13 61 1
