200 144
0 : 166 135 4 6 0
1 : 114 141 2 4 1
2 : 0 0 110 45 0
3 : 18 141 1 15 1
4 : 102 141 2 4 1
5 : 197 135 6 3 1
6 : 139 135 1 27 1
7 : 173 118 4 23 1
8 : 175 109 9 14 1
9 : 66 141 1 11 1
10 : 87 135 15 2 0
11 : 111 72 18 24 1
12 : 86 141 8 1 0
13 : 0 72 15 40 1
14 : 193 90 7 14 0
15 : 27 135 11 4 0
16 : 122 141 1 2 0
17 : 60 127 37 2 0
18 : 63 109 20 8 0
19 : 69 118 12 9 0
20 : 182 72 15 15 0
21 : 130 90 14 20 1
22 : 81 118 4 27 1
23 : 0 141 1 18 1
24 : 108 90 22 14 0
25 : 40 109 23 7 0
26 : 33 141 5 3 0
27 : 35 118 5 22 1
28 : 83 109 6 25 1
29 : 0 45 14 58 1
30 : 183 105 17 9 0
31 : 118 141 3 2 0
32 : 174 135 1 20 1
33 : 197 127 8 3 1
34 : 108 109 18 8 0
35 : 49 135 20 2 0
36 : 0 118 6 19 1
37 : 71 105 67 3 0
38 : 35 127 10 8 0
39 : 97 127 8 9 1
40 : 150 90 21 11 0
41 : 170 135 4 5 0
42 : 144 127 4 16 1
43 : 160 72 17 22 1
44 : 158 45 20 30 1
45 : 130 127 14 5 0
46 : 188 45 12 22 0
47 : 129 118 20 5 0
48 : 38 135 4 11 1
49 : 132 135 7 4 0
50 : 160 0 33 32 1
51 : 0 109 19 9 0
52 : 84 72 27 16 0
53 : 0 127 18 5 0
54 : 159 109 8 16 1
55 : 94 141 8 1 0
56 : 58 141 4 3 0
57 : 0 105 3 71 1
58 : 199 0 41 1 1
59 : 45 127 15 5 0
60 : 126 109 33 4 0
61 : 18 127 5 17 1
62 : 196 118 4 9 0
63 : 106 127 3 24 1
64 : 189 109 11 8 0
65 : 102 135 6 5 0
66 : 110 0 50 27 0
67 : 135 72 25 16 0
68 : 129 45 22 29 1
69 : 149 118 4 24 1
70 : 19 109 8 21 1
71 : 52 141 6 2 0
72 : 160 127 9 7 0
73 : 118 135 14 2 0
74 : 197 72 14 3 1
75 : 23 90 15 22 1
76 : 106 141 1 8 1
77 : 19 118 7 16 1
78 : 108 135 3 10 1
79 : 108 118 21 5 0
80 : 77 141 1 9 1
81 : 138 105 4 45 1
82 : 38 141 14 1 0
83 : 88 45 41 18 0
84 : 58 45 27 30 1
85 : 183 127 7 7 0
86 : 69 135 6 6 0
87 : 192 0 7 32 0
88 : 62 141 4 3 0
89 : 40 72 44 12 0
90 : 121 141 1 2 0
91 : 75 135 12 3 0
92 : 171 90 22 10 0
93 : 0 135 27 2 0
94 : 45 90 5 63 1
95 : 0 90 23 15 0
96 : 190 127 7 7 0
97 : 169 127 14 4 0
98 : 57 118 9 12 1
99 : 194 135 3 6 0
