300 190
0 : 136 133 2 3 1
1 : 0 146 18 12 0
2 : 221 173 14 5 0
3 : 67 172 11 6 0
4 : 175 51 12 16 1
5 : 250 57 6 44 1
6 : 254 86 2 10 0
7 : 93 133 2 23 1
8 : 191 57 52 6 0
9 : 223 96 12 39 0
10 : 117 135 7 26 1
11 : 103 78 10 13 0
12 : 28 130 19 3 0
13 : 0 64 59 12 0
14 : 28 133 2 14 1
15 : 95 34 8 4 0
16 : 184 96 39 39 0
17 : 242 135 14 24 1
18 : 88 158 20 19 1
19 : 164 154 4 4 0
20 : 150 158 18 14 1
21 : 288 135 12 23 0
22 : 0 113 30 12 0
23 : 249 55 1 2 0
24 : 289 93 2 11 1
25 : 103 33 5 26 1
26 : 204 158 9 16 0
27 : 103 1 65 32 0
28 : 0 158 23 19 0
29 : 28 125 5 19 1
30 : 287 158 10 14 0
31 : 0 90 6 30 1
32 : 163 95 31 1 0
33 : 81 91 16 5 0
34 : 30 90 26 6 0
35 : 297 30 8 3 1
36 : 276 158 7 15 0
37 : 26 132 2 2 0
38 : 47 134 1 24 1
39 : 250 38 9 50 1
40 : 82 154 7 2 0
41 : 107 158 20 14 1
42 : 193 142 22 6 0
43 : 218 174 3 4 0
44 : 22 132 2 4 1
45 : 116 133 7 2 0
46 : 211 64 22 48 1
47 : 0 7 67 26 0
48 : 266 135 22 23 0
49 : 259 66 39 14 0
50 : 267 128 7 29 1
51 : 130 51 13 45 1
52 : 0 132 22 2 0
53 : 235 173 14 5 0
54 : 60 135 19 29 1
55 : 203 93 8 2 0
56 : 93 96 46 23 0
57 : 242 149 22 9 0
58 : 42 178 7 14 1
59 : 191 63 1 33 1
60 : 168 135 25 9 0
61 : 296 122 13 4 1
62 : 31 135 23 29 1
63 : 0 135 11 31 1
64 : 136 119 14 3 1
65 : 298 92 1 2 1
66 : 193 135 7 25 1
67 : 67 30 28 7 0
68 : 23 158 20 22 1
69 : 97 91 15 4 0
70 : 105 60 4 25 1
71 : 213 148 9 4 1
72 : 117 142 23 16 0
73 : 121 158 14 19 0
74 : 235 96 10 34 0
75 : 95 178 9 9 0
76 : 264 149 2 4 0
77 : 0 0 103 7 0
78 : 297 166 4 3 1
79 : 282 0 11 37 0
80 : 297 158 8 3 1
81 : 296 96 4 26 0
82 : 193 156 14 2 0
83 : 268 158 8 15 0
84 : 59 78 13 44 1
85 : 259 64 40 2 0
86 : 270 0 12 38 0
87 : 259 80 39 13 0
88 : 132 119 4 16 0
89 : 193 1 2 37 0
90 : 215 142 4 3 1
91 : 78 172 6 9 1
92 : 254 129 13 4 0
93 : 248 158 12 15 0
94 : 60 154 22 2 0
95 : 18 146 7 13 1
96 : 67 17 13 35 1
97 : 163 64 29 48 1
98 : 282 37 9 1 0
99 : 259 93 30 3 0
100 : 139 120 11 31 1
101 : 60 156 21 2 0
102 : 238 154 4 4 0
103 : 121 177 14 1 0
104 : 194 95 1 9 1
105 : 78 178 9 12 0
106 : 163 93 2 40 1
107 : 45 158 22 18 0
108 : 196 158 8 17 0
109 : 102 17 13 1 1
110 : 89 135 22 28 1
111 : 67 7 8 36 1
112 : 256 86 3 7 0
113 : 135 158 18 15 1
114 : 67 158 14 21 1
115 : 139 96 24 45 1
116 : 166 33 4 2 1
117 : 168 144 22 14 0
118 : 103 0 95 1 0
119 : 0 38 26 68 1
120 : 151 33 15 4 0
121 : 243 57 5 7 1
122 : 47 96 46 38 0
123 : 112 91 4 1 1
124 : 61 33 4 5 0
125 : 191 55 58 2 0
126 : 28 178 14 8 0
127 : 0 96 17 47 1
128 : 221 158 15 15 0
129 : 173 158 6 18 0
130 : 30 113 9 17 1
131 : 140 142 16 2 1
132 : 104 178 9 6 1
133 : 110 178 7 7 0
134 : 204 174 14 4 0
135 : 129 33 5 22 1
136 : 236 158 12 15 0
137 : 18 153 11 5 0
138 : 0 178 9 14 1
139 : 254 96 33 13 1
140 : 293 30 8 4 1
141 : 0 125 28 7 0
142 : 191 38 17 59 1
143 : 68 60 4 37 1
144 : 299 47 9 1 1
145 : 287 172 6 9 1
146 : 193 148 20 8 0
147 : 224 63 24 1 0
148 : 59 64 14 54 1
149 : 250 47 49 10 0
150 : 14 178 14 8 0
151 : 164 158 9 18 0
152 : 272 173 4 7 1
153 : 123 119 9 16 0
154 : 168 1 25 37 0
155 : 267 96 32 29 1
156 : 95 30 8 4 0
157 : 182 120 2 15 0
158 : 0 33 61 5 0
159 : 139 131 4 22 1
160 : 260 158 8 15 0
161 : 143 135 19 25 1
162 : 143 154 4 21 1
163 : 235 130 5 19 1
164 : 218 135 19 24 1
165 : 42 76 14 17 1
166 : 188 175 7 3 0
167 : 195 1 29 3 1
168 : 283 158 15 4 1
169 : 68 178 10 12 0
170 : 211 86 43 9 0
171 : 190 144 14 3 1
172 : 215 146 2 3 1
173 : 218 154 20 4 0
174 : 68 38 22 62 1
175 : 179 158 17 17 0
176 : 298 66 26 2 1
177 : 170 120 15 12 1
178 : 67 15 2 36 1
179 : 113 64 32 50 1
180 : 59 91 5 22 1
181 : 213 158 16 8 1
182 : 93 119 14 30 1
183 : 42 133 5 2 0
184 : 299 64 1 2 0
185 : 195 30 8 3 1
186 : 293 0 30 7 1
187 : 161 131 4 9 1
188 : 179 175 9 3 0
189 : 30 122 14 3 0
190 : 0 76 42 14 0
191 : 245 96 34 9 1
192 : 261 173 4 11 1
193 : 198 0 38 72 1
194 : 296 172 6 1 1
195 : 56 90 3 5 0
196 : 87 178 10 8 1
197 : 56 178 12 12 0
198 : 249 173 4 12 1
199 : 130 38 13 61 1
