100 51
0 : 0 8 4 22 1
1 : 49 34 9 4 0
2 : 19 12 18 10 0
3 : 0 12 19 9 0
4 : 26 38 5 4 1
5 : 34 38 3 3 0
6 : 22 8 4 15 1
7 : 65 35 1 3 0
8 : 25 1 13 3 0
9 : 0 38 13 14 1
10 : 36 35 2 4 1
11 : 66 36 1 14 1
12 : 32 27 8 13 1
13 : 48 27 1 7 0
14 : 66 23 11 16 1
15 : 25 6 11 1 0
16 : 0 0 38 1 0
17 : 60 26 9 5 1
18 : 45 27 2 8 0
19 : 98 32 6 2 1
20 : 58 34 2 4 0
21 : 74 20 2 21 1
22 : 22 38 4 5 0
23 : 32 23 17 4 0
24 : 93 30 7 2 0
25 : 95 20 5 1 0
26 : 49 23 3 17 1
27 : 80 34 2 3 0
28 : 0 1 7 25 1
29 : 44 35 3 3 0
30 : 93 23 4 7 0
31 : 14 38 8 10 0
32 : 0 23 32 15 0
33 : 60 35 5 3 0
34 : 97 23 7 3 1
35 : 66 34 2 14 1
36 : 93 32 5 6 0
37 : 37 8 14 1 1
38 : 49 26 11 8 0
39 : 82 23 15 11 1
40 : 65 26 9 1 1
41 : 0 21 1 17 1
42 : 32 35 3 4 1
43 : 74 0 20 26 1
44 : 25 4 13 2 0
45 : 30 38 4 4 0
46 : 47 27 1 8 0
47 : 38 0 23 36 1
48 : 47 35 2 2 0
49 : 40 35 4 2 0
