200 126
0 : 63 3 4 6 1
1 : 20 43 2 4 1
2 : 71 0 110 45 0
3 : 56 30 1 15 1
4 : 121 69 2 4 1
5 : 104 65 6 3 1
6 : 33 22 1 27 1
7 : 24 33 4 23 1
8 : 50 84 9 14 1
9 : 188 44 1 11 1
10 : 56 31 15 2 0
11 : 36 94 18 24 1
12 : 0 71 8 1 0
13 : 67 45 15 40 1
14 : 0 94 7 14 1
15 : 58 8 11 4 0
16 : 24 43 1 2 0
17 : 186 0 37 2 1
18 : 0 58 20 8 0
19 : 82 94 12 9 1
20 : 163 94 15 15 0
21 : 0 77 14 20 1
22 : 32 26 4 27 1
23 : 53 25 1 18 1
24 : 137 72 22 14 0
25 : 47 38 23 7 0
26 : 68 33 5 3 1
27 : 25 37 5 22 1
28 : 0 37 6 25 1
29 : 0 8 14 58 1
30 : 159 72 17 9 1
31 : 78 91 3 2 0
32 : 33 25 1 20 1
33 : 39 42 8 3 0
34 : 22 64 18 8 0
35 : 0 43 20 2 0
36 : 107 63 6 19 1
37 : 0 45 67 3 0
38 : 64 84 10 8 1
39 : 40 64 8 9 1
40 : 49 48 21 11 1
41 : 144 63 4 5 0
42 : 67 68 4 16 1
43 : 60 94 17 22 1
44 : 20 72 20 30 1
45 : 60 48 14 5 1
46 : 50 72 12 22 1
47 : 0 72 20 5 0
48 : 58 12 4 11 1
49 : 140 68 7 4 0
50 : 130 94 33 32 0
51 : 72 72 19 9 1
52 : 22 48 27 16 0
53 : 126 63 18 5 0
54 : 129 72 8 16 0
55 : 186 37 8 1 1
56 : 49 69 4 3 0
57 : 0 0 3 71 1
58 : 185 0 41 1 1
59 : 0 66 15 5 0
60 : 0 22 33 4 0
61 : 88 60 5 17 1
62 : 159 89 4 9 1
63 : 32 30 3 24 1
64 : 137 86 11 8 0
65 : 15 66 6 5 0
66 : 148 45 50 27 0
67 : 81 72 25 16 0
68 : 168 72 22 29 1
69 : 0 33 4 24 1
70 : 67 60 8 21 1
71 : 20 58 6 2 1
72 : 60 62 9 7 1
73 : 107 69 14 2 0
74 : 25 42 14 3 0
75 : 14 94 15 22 1
76 : 198 59 1 8 0
77 : 88 65 7 16 1
78 : 60 22 3 10 1
79 : 47 33 21 5 0
80 : 59 29 1 9 1
81 : 181 0 4 45 0
82 : 198 45 14 1 1
83 : 107 45 41 18 0
84 : 100 94 27 30 1
85 : 106 87 7 7 0
86 : 129 88 6 6 0
87 : 0 26 7 32 1
88 : 83 68 4 3 0
89 : 188 0 44 12 1
90 : 125 69 1 2 0
91 : 59 26 12 3 0
92 : 0 48 22 10 0
93 : 33 23 27 2 0
94 : 0 3 5 63 1
95 : 106 72 23 15 0
96 : 148 86 7 7 0
97 : 126 68 14 4 0
98 : 91 94 9 12 0
99 : 72 91 3 6 1
