1000 1248
0 : 238 852 94 6 0
1 : 463 1234 22 1 0
2 : 768 1152 25 23 0
3 : 881 1234 2 13 0
4 : 915 1234 7 6 1
5 : 644 416 16 133 1
6 : 318 1152 37 13 0
7 : 204 607 42 91 1
8 : 461 1199 32 7 0
9 : 610 1096 4 53 1
10 : 585 1199 27 10 0
11 : 535 1005 57 16 0
12 : 253 1218 32 2 0
13 : 976 1234 2 3 0
14 : 646 1005 31 41 1
15 : 412 1234 22 1 0
16 : 491 808 1 103 1
17 : 964 1234 4 4 0
18 : 228 1041 7 62 1
19 : 82 1176 41 5 0
20 : 780 1176 24 19 0
21 : 546 756 50 59 1
22 : 175 756 69 42 0
23 : 400 607 67 63 0
24 : 428 0 168 76 0
25 : 64 1041 19 52 1
26 : 982 1234 1 2 0
27 : 674 756 29 79 1
28 : 285 1218 31 3 0
29 : 0 1005 18 58 1
30 : 434 1234 5 18 1
31 : 592 1070 23 41 1
32 : 687 1005 3 69 1
33 : 681 1234 9 10 0
34 : 553 547 112 22 0
35 : 898 1218 11 19 1
36 : 0 0 202 57 0
37 : 526 1199 14 24 1
38 : 130 547 60 77 1
39 : 0 1152 48 3 0
40 : 552 1070 40 25 0
41 : 813 1234 4 14 0
42 : 898 1096 37 20 0
43 : 682 884 69 26 0
44 : 838 1096 28 29 0
45 : 355 1152 17 32 1
46 : 738 607 9 119 1
47 : 553 1176 40 4 0
48 : 58 1005 15 61 1
49 : 633 1070 48 16 0
50 : 339 1041 14 55 1
51 : 234 1218 15 19 1
52 : 126 486 34 113 1
53 : 428 257 94 81 0
54 : 837 1041 53 15 0
55 : 403 1199 8 31 1
56 : 880 1234 1 14 0
57 : 863 1005 36 36 0
58 : 984 1234 1 1 0
59 : 790 1199 3 33 1
60 : 857 1234 12 5 1
61 : 452 1234 12 11 1
62 : 446 1218 24 9 0
63 : 728 1126 20 32 1
64 : 613 670 82 39 0
65 : 869 884 21 72 1
66 : 226 1199 34 6 0
67 : 730 1070 56 8 0
68 : 201 1199 25 15 0
69 : 725 1041 66 2 0
70 : 66 884 18 79 1
71 : 525 1041 29 39 1
72 : 849 343 41 115 1
73 : 244 756 104 6 0
74 : 184 1041 44 25 0
75 : 470 1218 15 18 1
76 : 0 1126 49 7 0
77 : 83 709 22 95 1
78 : 898 1234 8 6 1
79 : 324 1176 7 38 1
80 : 498 1152 7 42 1
81 : 254 343 49 116 1
82 : 348 756 69 41 0
83 : 367 928 69 18 0
84 : 237 1126 5 50 1
85 : 0 1176 23 24 1
86 : 512 852 91 8 0
87 : 0 709 34 83 1
88 : 845 1234 9 8 1
89 : 49 1176 13 33 1
90 : 720 1176 32 11 0
91 : 27 1218 9 26 1
92 : 344 1234 22 3 0
93 : 588 1218 18 14 0
94 : 128 171 143 54 0
95 : 271 171 133 58 0
96 : 947 1126 15 36 1
97 : 439 1176 6 38 1
98 : 275 1005 71 4 0
99 : 907 1234 9 4 1
100 : 435 486 17 125 1
101 : 600 1234 7 14 0
102 : 327 1234 8 17 1
103 : 578 1096 26 32 1
104 : 961 1218 17 12 0
105 : 329 670 29 94 1
106 : 65 1234 14 14 0
107 : 318 969 22 59 1
108 : 836 969 75 2 0
109 : 733 1218 10 21 1
110 : 791 1126 48 4 0
111 : 381 1199 17 22 1
112 : 290 928 77 11 0
113 : 467 607 90 39 0
114 : 207 547 126 10 0
115 : 754 1218 27 4 0
116 : 81 1126 32 24 0
117 : 0 1096 11 51 1
118 : 436 928 70 16 0
119 : 400 884 70 27 0
120 : 24 1176 22 25 1
121 : 680 1126 4 48 1
122 : 923 1234 5 8 0
123 : 501 1234 11 12 0
124 : 845 1199 3 33 1
125 : 103 1218 19 16 0
126 : 112 607 42 92 1
127 : 202 0 28 226 1
128 : 394 1176 22 23 0
129 : 704 1234 11 8 1
130 : 681 1070 49 15 0
131 : 902 1176 3 39 1
132 : 126 670 94 32 0
133 : 859 756 68 40 0
134 : 981 1234 4 1 1
135 : 243 1152 36 14 0
136 : 874 1234 10 6 1
137 : 902 1199 22 14 0
138 : 408 1005 67 7 0
139 : 0 852 21 81 1
140 : 280 257 28 148 1
141 : 61 969 36 47 1
142 : 0 969 22 61 1
143 : 899 1005 62 9 0
144 : 185 1234 5 22 1
145 : 473 76 95 114 1
146 : 686 852 18 80 1
147 : 119 1005 61 15 0
148 : 612 1199 35 2 0
149 : 758 1234 3 15 1
150 : 796 1005 5 67 1
151 : 935 1096 47 9 0
152 : 933 1041 50 17 0
153 : 866 1096 32 25 0
154 : 787 1234 4 14 0
155 : 564 1218 24 8 0
156 : 665 547 122 12 0
157 : 521 416 123 30 0
158 : 791 1234 6 12 0
159 : 171 1096 2 59 1
160 : 695 670 92 28 0
161 : 287 1126 53 2 0
162 : 628 1218 12 20 1
163 : 650 171 41 140 1
164 : 122 1218 29 6 0
165 : 145 884 59 38 0
166 : 362 1176 32 13 0
167 : 502 1126 15 38 1
168 : 860 1218 18 12 0
169 : 32 1199 3 38 1
170 : 140 1096 31 30 0
171 : 51 1096 58 3 0
172 : 781 1218 5 25 1
173 : 329 1199 32 7 0
174 : 890 1041 25 43 1
175 : 816 928 11 72 1
176 : 528 1234 4 18 1
177 : 0 1234 23 6 0
178 : 890 1234 9 6 1
179 : 475 756 71 38 0
180 : 271 76 10 202 1
181 : 740 1234 14 4 0
182 : 282 1234 5 21 1
183 : 918 1126 29 22 0
184 : 649 1152 42 6 0
185 : 821 808 35 68 1
186 : 332 1096 40 20 0
187 : 432 1070 59 6 0
188 : 540 969 11 68 1
189 : 135 1234 24 3 0
190 : 691 1152 3 45 1
191 : 756 1005 40 32 0
192 : 839 1126 29 22 0
193 : 701 928 14 70 1
194 : 825 1234 1 16 1
195 : 651 928 50 34 0
196 : 108 969 6 76 1
197 : 873 1070 22 40 1
198 : 657 969 75 4 0
199 : 883 1234 1 14 0
200 : 491 1070 61 4 0
201 : 621 1234 9 11 0
202 : 759 486 122 17 0
203 : 172 416 99 56 0
204 : 239 486 40 104 1
205 : 178 709 11 105 1
206 : 663 1096 45 12 0
207 : 419 1096 32 27 0
208 : 663 1234 1 18 1
209 : 726 1234 14 4 0
210 : 0 547 130 7 0
211 : 485 1234 16 7 0
212 : 958 1234 2 6 0
213 : 387 1152 3 46 1
214 : 383 709 102 12 0
215 : 0 416 86 70 0
216 : 229 1234 15 12 0
217 : 777 416 10 139 1
218 : 771 928 38 45 1
219 : 79 1234 8 20 1
220 : 817 1234 9 8 1
221 : 878 1199 24 12 0
222 : 769 709 22 91 1
223 : 0 486 22 126 1
224 : 232 1005 43 32 0
225 : 0 607 112 22 0
226 : 748 808 73 30 0
227 : 109 1096 31 30 0
228 : 468 1126 34 19 0
229 : 939 1234 7 4 1
230 : 866 1176 36 6 0
231 : 423 670 17 105 1
232 : 265 1234 17 9 0
233 : 49 1126 32 24 0
234 : 493 1199 33 5 0
235 : 180 1005 52 23 0
236 : 688 1218 8 23 1
237 : 943 1234 8 2 1
238 : 506 928 10 76 1
239 : 678 808 70 33 0
240 : 164 1126 33 22 0
241 : 786 1070 13 50 1
242 : 760 1126 21 31 1
243 : 123 1176 19 27 1
244 : 843 1218 17 13 0
245 : 960 1234 4 4 0
246 : 941 1176 4 37 1
247 : 603 852 15 83 1
248 : 153 852 85 15 0
249 : 343 486 50 92 1
250 : 137 1070 66 1 0
251 : 162 343 92 73 0
252 : 279 1152 11 39 1
253 : 536 1218 4 28 1
254 : 384 1234 10 14 0
255 : 857 607 62 65 1
256 : 346 1005 62 13 0
257 : 390 1218 28 5 0
258 : 785 1096 53 4 0
259 : 134 76 78 137 1
260 : 434 1199 12 27 1
261 : 23 1234 18 10 0
262 : 592 1005 19 54 1
263 : 607 1234 14 6 0
264 : 954 1234 5 4 1
265 : 0 670 126 1 0
266 : 818 884 44 51 1
267 : 862 1234 9 8 1
268 : 81 852 72 29 0
269 : 804 1176 9 34 1
270 : 214 1218 14 20 1
271 : 528 670 37 85 1
272 : 86 756 22 89 1
273 : 797 1234 16 2 0
274 : 451 1096 26 32 1
275 : 647 1234 16 3 0
276 : 736 1152 32 16 0
277 : 605 756 69 40 0
278 : 911 969 31 45 1
279 : 644 607 34 94 1
280 : 333 547 90 45 0
281 : 708 1096 43 14 0
282 : 541 171 78 109 1
283 : 159 1234 26 1 0
284 : 841 852 32 66 1
285 : 584 1234 5 16 1
286 : 53 1218 30 5 0
287 : 924 1199 23 13 0
288 : 888 928 16 67 1
289 : 220 670 109 14 0
290 : 204 884 72 25 0
291 : 825 1218 12 18 1
292 : 159 1152 6 44 1
293 : 0 1199 32 9 0
294 : 366 1218 10 24 1
295 : 935 1218 26 3 0
296 : 0 756 25 86 1
297 : 417 852 4 95 1
298 : 860 709 65 47 0
299 : 0 928 60 31 0
300 : 207 1234 5 22 1
301 : 512 1234 16 6 0
302 : 485 709 11 103 1
303 : 182 1218 3 32 1
304 : 522 257 131 44 0
305 : 0 1218 27 9 0
306 : 978 1234 3 2 1
307 : 732 969 49 29 0
308 : 564 1041 56 12 0
309 : 84 1152 4 47 1
310 : 295 607 26 105 1
311 : 533 884 86 10 0
312 : 248 808 5 101 1
313 : 377 969 57 22 0
314 : 121 1234 14 14 0
315 : 874 257 61 111 1
316 : 60 928 50 41 0
317 : 868 1126 50 1 0
318 : 841 1234 13 4 1
319 : 70 1199 2 39 1
320 : 889 808 2 100 1
321 : 772 1199 18 18 0
322 : 608 969 49 30 0
323 : 340 1126 48 6 0
324 : 619 343 95 62 0
325 : 116 1041 68 1 0
326 : 557 607 41 87 1
327 : 904 1234 10 3 1
328 : 271 416 8 146 1
329 : 947 1199 21 15 0
330 : 372 1096 47 13 0
331 : 690 1234 14 5 0
332 : 630 1234 12 8 1
333 : 773 1234 14 4 0
334 : 93 1070 23 44 1
335 : 182 1176 33 13 0
336 : 680 1199 29 8 0
337 : 423 547 130 5 0
338 : 616 1152 15 33 1
339 : 791 1041 22 46 1
340 : 86 416 69 86 1
341 : 371 1070 61 4 0
342 : 291 1199 2 38 1
343 : 756 0 39 186 1
344 : 928 1234 8 4 1
345 : 781 76 119 86 0
346 : 0 1070 48 19 0
347 : 711 1218 22 9 0
348 : 660 1041 65 3 0
349 : 937 1234 10 2 1
350 : 470 884 33 63 1
351 : 838 1176 28 14 0
352 : 131 1152 23 28 1
353 : 388 1126 40 14 0
354 : 510 1176 43 1 0
355 : 394 1234 6 18 1
356 : 485 1041 29 40 1
357 : 949 1234 1 9 0
358 : 41 1234 4 24 1
359 : 877 1152 38 9 0
360 : 495 969 34 45 1
361 : 520 343 99 58 0
362 : 913 1070 4 58 1
363 : 915 1152 42 5 0
364 : 751 884 67 28 0
365 : 593 1176 41 3 0
366 : 806 1218 11 19 1
367 : 781 969 55 22 0
368 : 823 1199 14 22 1
369 : 546 1234 17 5 0
370 : 576 1152 8 40 1
371 : 458 1152 9 40 1
372 : 488 1218 7 26 1
373 : 907 852 68 29 0
374 : 853 1234 4 13 0
375 : 689 709 33 80 1
376 : 550 1199 35 3 0
377 : 171 808 77 29 0
378 : 694 1176 26 18 0
379 : 252 1070 5 61 1
380 : 790 171 86 94 1
381 : 793 1152 42 5 0
382 : 596 0 66 160 1
383 : 260 1199 31 9 0
384 : 340 884 37 60 1
385 : 606 1218 10 22 1
386 : 83 1218 15 20 1
387 : 289 1096 43 17 0
388 : 48 1070 45 22 0
389 : 417 756 52 58 1
390 : 203 1152 40 10 0
391 : 147 1199 24 16 0
392 : 787 547 112 22 0
393 : 672 1176 22 22 0
394 : 896 1234 2 12 0
395 : 878 1218 10 20 1
396 : 957 1152 25 22 0
397 : 370 343 10 150 1
398 : 647 1199 4 33 1
399 : 417 416 50 104 1
400 : 197 1126 40 15 0
401 : 404 171 53 137 1
402 : 316 1218 4 30 1
403 : 186 928 56 33 0
404 : 619 884 32 63 1
405 : 754 1234 4 14 0
406 : 653 257 134 41 0
407 : 361 1199 19 20 1
408 : 932 1234 5 7 0
409 : 264 969 28 54 1
410 : 712 1234 14 5 0
411 : 256 1176 42 4 0
412 : 48 1152 36 15 0
413 : 787 670 94 23 0
414 : 751 1096 34 23 0
415 : 968 1234 3 4 0
416 : 528 1096 50 8 0
417 : 740 1199 32 4 0
418 : 434 969 18 61 1
419 : 313 1070 58 7 0
420 : 303 1234 24 2 0
421 : 766 852 23 75 1
422 : 921 1234 11 2 1
423 : 0 343 162 5 0
424 : 594 808 84 20 0
425 : 170 257 110 67 0
426 : 638 1234 10 9 1
427 : 971 1234 3 4 0
428 : 752 1176 28 15 0
429 : 346 1218 14 20 1
430 : 109 1199 3 38 1
431 : 283 709 15 100 1
432 : 366 1234 18 7 0
433 : 835 1152 5 42 1
434 : 95 808 76 31 0
435 : 0 257 8 170 1
436 : 244 1234 21 5 0
437 : 113 1126 5 51 1
438 : 483 1096 13 45 1
439 : 150 1176 14 32 1
440 : 433 1152 25 24 0
441 : 681 486 78 61 0
442 : 911 1234 9 4 1
443 : 588 709 12 101 1
444 : 563 1234 21 1 0
445 : 714 343 135 21 0
446 : 945 1234 6 4 1
447 : 620 1041 28 40 1
448 : 0 76 134 90 0
449 : 203 1070 49 17 0
450 : 242 928 40 48 1
451 : 276 884 33 64 1
452 : 881 670 34 83 1
453 : 184 969 2 80 1
454 : 0 808 95 12 0
455 : 574 1126 26 26 0
456 : 836 1070 26 37 1
457 : 477 1176 33 11 0
458 : 416 1176 23 21 0
459 : 968 1199 7 29 1
460 : 648 1218 11 20 1
461 : 475 1005 13 60 1
462 : 983 1234 2 1 1
463 : 428 1126 40 14 0
464 : 650 1126 30 22 0
465 : 394 1041 24 45 1
466 : 99 1234 6 22 1
467 : 0 884 66 31 0
468 : 884 1234 9 6 1
469 : 430 808 44 61 1
470 : 230 1096 1 59 1
471 : 349 808 24 81 1
472 : 298 1176 19 26 1
473 : 560 486 19 121 1
474 : 439 1041 46 23 0
475 : 709 1199 6 31 1
476 : 215 1176 5 41 1
477 : 917 1218 12 18 1
478 : 332 852 15 85 1
479 : 418 1218 5 28 1
480 : 787 257 86 87 1
481 : 540 1152 36 12 0
482 : 0 1041 64 7 0
483 : 950 1234 5 4 1
484 : 540 1126 34 18 0
485 : 171 1199 30 10 0
486 : 587 76 194 13 0
487 : 634 1176 38 6 0
488 : 980 1234 1 4 0
489 : 753 756 106 2 0
490 : 668 1218 11 20 1
491 : 870 1234 4 12 0
492 : 514 1218 22 10 0
493 : 0 171 70 128 1
494 : 110 928 14 76 1
495 : 151 1218 4 31 1
496 : 974 1234 2 4 0
497 : 582 928 69 16 0
498 : 290 1041 20 49 1
499 : 600 1126 2 50 1
