300 193
0 : 136 133 2 3 1
1 : 104 164 18 12 1
2 : 0 33 14 5 0
3 : 180 51 11 6 0
4 : 124 119 12 16 0
5 : 211 86 6 44 1
6 : 247 94 2 10 1
7 : 0 133 2 23 1
8 : 191 55 52 6 0
9 : 265 96 12 39 0
10 : 103 135 7 26 0
11 : 278 164 10 13 0
12 : 191 61 19 3 0
13 : 0 64 59 12 0
14 : 67 36 2 14 1
15 : 0 178 8 4 0
16 : 226 96 39 39 0
17 : 164 135 14 24 0
18 : 21 164 20 19 0
19 : 242 158 4 4 0
20 : 90 164 18 14 1
21 : 235 135 12 23 0
22 : 184 110 30 12 0
23 : 298 90 1 2 1
24 : 248 92 2 11 1
25 : 93 130 5 26 1
26 : 164 164 9 16 0
27 : 103 1 65 32 0
28 : 200 135 23 19 1
29 : 266 157 5 19 1
30 : 243 164 10 14 0
31 : 0 127 6 30 1
32 : 47 134 31 1 0
33 : 210 129 16 5 0
34 : 184 129 26 6 0
35 : 172 180 8 3 0
36 : 236 164 7 15 0
37 : 257 94 2 2 0
38 : 139 134 1 24 1
39 : 130 51 9 50 1
40 : 101 29 7 2 1
41 : 41 164 20 14 0
42 : 285 135 22 6 1
43 : 119 130 3 4 0
44 : 122 130 2 4 0
45 : 23 133 7 2 0
46 : 211 64 22 48 1
47 : 0 7 67 26 0
48 : 178 135 22 23 0
49 : 259 64 39 14 0
50 : 290 96 7 29 0
51 : 250 48 13 45 1
52 : 108 62 22 2 0
53 : 14 33 14 5 0
54 : 55 135 19 29 0
55 : 203 93 8 2 0
56 : 93 96 46 23 0
57 : 37 85 22 9 0
58 : 212 122 7 14 1
59 : 197 1 1 33 0
60 : 129 135 25 9 1
61 : 295 48 13 4 1
62 : 32 135 23 29 0
63 : 139 120 11 31 1
64 : 28 33 14 3 0
65 : 180 180 1 2 0
66 : 138 135 7 25 0
67 : 184 122 28 7 0
68 : 247 135 20 22 0
69 : 212 158 15 4 0
70 : 130 60 4 25 1
71 : 52 178 9 4 0
72 : 219 135 23 16 1
73 : 61 164 14 19 0
74 : 290 0 10 34 0
75 : 291 155 9 9 0
76 : 255 90 2 4 1
77 : 0 0 103 7 0
78 : 49 33 4 3 0
79 : 0 85 11 37 1
80 : 8 178 8 3 0
81 : 259 91 4 26 1
82 : 28 36 14 2 0
83 : 228 164 8 15 0
84 : 59 78 13 44 1
85 : 163 93 40 2 0
86 : 270 0 12 38 0
87 : 259 78 39 13 0
88 : 196 158 4 16 1
89 : 211 92 2 37 1
90 : 285 157 4 3 0
91 : 24 183 6 9 0
92 : 165 159 13 4 0
93 : 208 164 12 15 0
94 : 37 94 22 2 0
95 : 288 164 7 13 0
96 : 67 7 13 35 1
97 : 163 64 29 48 1
98 : 283 95 9 1 0
99 : 139 131 30 3 0
100 : 93 119 11 31 1
101 : 44 113 21 2 1
102 : 255 86 4 4 0
103 : 78 134 14 1 0
104 : 101 20 1 9 0
105 : 12 183 9 12 1
106 : 68 62 2 40 1
107 : 267 135 22 18 1
108 : 156 164 8 17 0
109 : 102 7 13 1 1
110 : 74 135 22 28 0
111 : 282 0 8 36 0
112 : 103 161 3 7 1
113 : 75 164 18 15 1
114 : 0 164 14 21 1
115 : 139 96 24 45 1
116 : 126 60 4 2 0
117 : 30 113 22 14 1
118 : 103 0 95 1 0
119 : 0 38 26 68 1
120 : 285 91 15 4 0
121 : 243 55 5 7 1
122 : 47 96 46 38 0
123 : 197 34 4 1 1
124 : 164 33 4 5 0
125 : 68 60 58 2 0
126 : 270 164 14 8 1
127 : 0 96 17 47 1
128 : 181 164 15 15 0
129 : 178 158 6 18 1
130 : 147 164 9 17 0
131 : 196 162 16 2 0
132 : 30 183 9 6 1
133 : 36 183 7 7 0
134 : 177 60 14 4 0
135 : 81 91 5 22 1
136 : 196 164 12 15 0
137 : 295 164 11 5 1
138 : 253 164 9 14 0
139 : 277 96 33 13 1
140 : 295 175 8 4 1
141 : 96 135 28 7 1
142 : 191 38 17 59 1
143 : 193 1 4 37 0
144 : 210 134 9 1 0
145 : 278 177 6 9 1
146 : 291 135 20 8 1
147 : 259 95 24 1 0
148 : 59 64 14 54 1
149 : 250 38 49 10 0
150 : 262 164 14 8 1
151 : 103 78 9 18 0
152 : 97 29 4 7 0
153 : 43 76 9 16 1
154 : 168 1 25 37 0
155 : 0 135 32 29 0
156 : 287 177 8 4 0
157 : 182 120 2 15 0
158 : 103 33 61 5 0
159 : 155 60 4 22 1
160 : 220 164 8 15 0
161 : 110 135 19 25 0
162 : 110 160 4 21 1
163 : 247 157 5 19 1
164 : 145 135 19 24 0
165 : 133 164 14 17 0
166 : 42 33 7 3 0
167 : 297 96 29 3 1
168 : 227 158 15 4 0
169 : 0 183 10 12 1
170 : 0 76 43 9 0
171 : 136 119 14 3 1
172 : 189 57 2 3 0
173 : 145 159 20 4 0
174 : 68 38 22 62 1
175 : 116 164 17 17 0
176 : 298 64 26 2 1
177 : 170 120 15 12 1
178 : 211 94 2 36 1
179 : 113 64 32 50 1
180 : 59 91 5 22 1
181 : 173 164 16 8 1
182 : 0 113 14 30 1
183 : 42 36 5 2 0
184 : 44 134 1 2 1
185 : 164 180 8 3 0
186 : 67 29 30 7 0
187 : 290 34 4 9 1
188 : 180 57 9 3 0
189 : 131 160 14 3 0
190 : 184 96 42 14 0
191 : 67 20 34 9 0
192 : 41 178 4 11 1
193 : 198 0 38 72 1
194 : 163 134 6 1 0
195 : 16 178 3 5 1
196 : 290 125 10 8 0
197 : 214 110 12 12 0
198 : 277 129 4 12 1
199 : 130 38 13 61 1
