200 116
0 : 136 102 4 6 0
1 : 51 102 2 4 0
2 : 0 0 110 45 0
3 : 136 71 1 15 0
4 : 131 106 2 4 1
5 : 68 48 6 3 1
6 : 199 59 1 27 0
7 : 22 55 4 23 1
8 : 149 86 9 14 0
9 : 174 51 1 11 1
10 : 100 106 15 2 0
11 : 30 64 18 24 1
12 : 187 98 8 1 1
13 : 137 59 15 40 1
14 : 188 86 7 14 0
15 : 40 102 11 4 0
16 : 187 106 1 2 0
17 : 129 53 37 2 0
18 : 45 48 20 8 0
19 : 179 86 12 9 1
20 : 100 86 15 15 0
21 : 116 71 14 20 1
22 : 162 55 4 27 1
23 : 159 27 1 18 0
24 : 86 86 22 14 1
25 : 22 48 23 7 0
26 : 140 102 5 3 1
27 : 115 86 5 22 0
28 : 193 59 6 25 0
29 : 71 45 14 58 1
30 : 159 74 17 9 0
31 : 27 84 3 2 0
32 : 116 85 1 20 1
33 : 65 48 8 3 1
34 : 151 27 18 8 1
35 : 160 43 20 2 0
36 : 125 86 6 19 0
37 : 129 45 67 3 0
38 : 170 98 10 8 0
39 : 149 100 8 9 1
40 : 160 32 21 11 0
41 : 144 104 4 5 1
42 : 181 41 4 16 1
43 : 54 86 17 22 0
44 : 0 64 20 30 1
45 : 100 101 14 5 0
46 : 137 74 12 22 1
47 : 131 86 20 5 1
48 : 29 102 4 11 1
49 : 189 55 7 4 0
50 : 160 0 33 32 0
51 : 181 32 19 9 0
52 : 177 59 27 16 1
53 : 144 86 18 5 1
54 : 136 86 8 16 0
55 : 14 58 8 1 0
56 : 173 83 4 3 0
57 : 0 45 3 71 1
58 : 129 52 41 1 0
59 : 195 86 15 5 1
60 : 129 55 33 4 0
61 : 165 86 5 17 0
62 : 186 48 4 9 1
63 : 45 56 3 24 1
64 : 0 108 11 8 0
65 : 195 101 6 5 1
66 : 110 0 50 27 0
67 : 29 86 25 16 0
68 : 0 86 22 29 1
69 : 30 82 4 24 1
70 : 54 64 8 21 0
71 : 193 84 6 2 0
72 : 180 98 9 7 1
73 : 166 53 14 2 0
74 : 159 83 14 3 0
75 : 71 86 15 22 0
76 : 54 85 1 8 1
77 : 158 86 7 16 0
78 : 18 108 3 10 1
79 : 120 86 21 5 1
80 : 176 74 1 9 0
81 : 129 48 4 45 1
82 : 0 58 14 1 0
83 : 110 27 41 18 0
84 : 63 59 27 30 1
85 : 188 100 7 7 0
86 : 158 102 6 6 0
87 : 193 0 7 32 0
88 : 197 41 4 3 1
89 : 93 59 44 12 0
90 : 180 43 1 2 0
91 : 174 48 12 3 0
92 : 0 48 22 10 0
93 : 0 84 27 2 0
94 : 0 59 5 63 1
95 : 93 71 23 15 0
96 : 11 108 7 7 0
97 : 196 45 14 4 1
98 : 170 86 9 12 0
99 : 125 105 3 6 1
