100 84
0 : 0 43 4 22 1
1 : 30 74 9 4 0
2 : 62 43 18 10 0
3 : 43 43 19 9 0
4 : 72 74 5 4 1
5 : 96 74 3 3 0
6 : 65 53 4 15 1
7 : 3 82 1 3 1
8 : 55 66 13 3 0
9 : 80 53 13 14 1
10 : 89 74 2 4 0
11 : 28 66 1 14 1
12 : 42 66 8 13 1
13 : 60 74 1 7 0
14 : 34 53 11 16 1
15 : 0 74 11 1 0
16 : 0 0 38 1 0
17 : 21 74 9 5 0
18 : 48 74 2 8 0
19 : 66 74 6 2 1
20 : 87 74 2 4 0
21 : 22 43 2 21 1
22 : 68 74 4 5 0
23 : 80 43 17 4 0
24 : 58 74 7 2 1
25 : 79 74 5 1 1
26 : 0 53 3 17 1
27 : 0 82 2 3 1
28 : 58 23 7 25 1
29 : 93 74 3 3 0
30 : 51 74 4 7 0
31 : 11 74 8 10 1
32 : 0 23 32 15 0
33 : 76 74 5 3 1
34 : 55 74 7 3 1
35 : 0 66 2 14 1
36 : 61 74 5 6 0
37 : 14 66 14 1 0
38 : 81 66 11 8 0
39 : 50 53 15 11 0
40 : 39 74 9 1 0
41 : 17 53 1 17 1
42 : 84 74 3 4 0
43 : 32 23 20 26 1
44 : 68 66 13 2 0
45 : 80 74 4 4 0
46 : 50 74 1 8 0
47 : 38 0 23 36 1
48 : 6 82 2 2 0
49 : 91 74 4 2 1
