300 333
0 : 225 321 2 3 0
1 : 132 290 18 12 1
2 : 175 309 14 5 0
3 : 74 321 11 6 1
4 : 207 290 12 16 0
5 : 44 157 6 44 1
6 : 99 321 2 10 0
7 : 291 225 2 23 0
8 : 54 87 52 6 0
9 : 78 196 12 39 1
10 : 265 225 7 26 1
11 : 287 309 10 13 1
12 : 84 290 19 3 0
13 : 181 70 59 12 0
14 : 273 309 2 14 1
15 : 150 321 8 4 1
16 : 253 157 39 39 0
17 : 228 248 14 24 1
18 : 0 290 20 19 0
19 : 201 321 4 4 0
20 : 118 290 18 14 1
21 : 23 270 12 23 1
22 : 61 225 30 12 0
23 : 231 321 1 2 0
24 : 89 321 2 11 0
25 : 26 248 5 26 1
26 : 228 290 9 16 0
27 : 135 38 65 32 0
28 : 275 248 23 19 0
29 : 79 290 5 19 0
30 : 105 309 10 14 1
31 : 91 225 6 30 1
32 : 299 38 31 1 1
33 : 245 290 16 5 1
34 : 0 248 26 6 0
35 : 157 321 8 3 1
36 : 293 290 7 15 0
37 : 229 321 2 2 0
38 : 299 196 1 24 0
39 : 156 87 9 50 1
40 : 189 321 7 2 1
41 : 285 270 20 14 1
42 : 293 225 22 6 1
43 : 209 321 3 4 0
44 : 222 321 2 4 0
45 : 187 321 7 2 1
46 : 48 119 22 48 1
47 : 68 38 67 26 0
48 : 252 248 22 23 1
49 : 0 196 39 14 0
50 : 282 196 7 29 0
51 : 235 119 13 45 1
52 : 298 248 22 2 1
53 : 189 309 14 5 0
54 : 180 225 19 29 1
55 : 163 321 8 2 1
56 : 189 119 46 23 0
57 : 112 270 22 9 0
58 : 161 309 7 14 1
59 : 299 0 1 33 0
60 : 129 248 25 9 0
61 : 13 321 13 4 0
62 : 151 225 23 29 1
63 : 251 196 11 31 1
64 : 245 309 14 3 0
65 : 233 321 1 2 0
66 : 154 248 7 25 1
67 : 292 196 28 7 1
68 : 46 270 20 22 1
69 : 60 309 15 4 0
70 : 179 248 4 25 1
71 : 132 321 9 4 1
72 : 0 270 23 16 0
73 : 60 290 14 19 0
74 : 290 119 10 34 0
75 : 101 321 9 9 0
76 : 220 321 2 4 0
77 : 0 0 103 7 0
78 : 215 321 4 3 1
79 : 282 0 11 37 0
80 : 160 321 8 3 1
81 : 52 248 4 26 1
82 : 259 309 14 2 0
83 : 30 309 8 15 1
84 : 0 157 13 44 1
85 : 213 157 40 2 0
86 : 270 0 12 38 0
87 : 39 196 39 13 0
88 : 250 290 4 16 0
89 : 297 0 2 37 0
90 : 212 321 4 3 1
91 : 116 321 6 9 0
92 : 26 321 13 4 0
93 : 0 309 12 15 1
94 : 200 270 22 2 0
95 : 0 321 7 13 1
96 : 117 196 13 35 1
97 : 0 119 29 48 1
98 : 140 321 9 1 1
99 : 121 225 30 3 0
100 : 0 225 11 31 1
101 : 264 270 21 2 0
102 : 205 321 4 4 0
103 : 299 225 14 1 1
104 : 141 321 1 9 0
105 : 61 321 9 12 0
106 : 173 157 2 40 1
107 : 68 270 22 18 0
108 : 199 290 8 17 0
109 : 299 270 13 1 1
110 : 209 225 22 28 1
111 : 280 119 8 36 0
112 : 181 321 3 7 0
113 : 103 290 18 15 1
114 : 222 270 14 21 1
115 : 255 87 24 45 1
116 : 218 321 4 2 1
117 : 90 270 22 14 0
118 : 103 0 95 1 0
119 : 0 38 26 68 1
120 : 45 309 15 4 0
121 : 172 321 5 7 0
122 : 143 119 46 38 0
123 : 224 321 4 1 1
124 : 192 321 4 5 0
125 : 240 70 58 2 0
126 : 147 309 14 8 0
127 : 96 119 17 47 1
128 : 254 290 15 15 0
129 : 153 290 6 18 0
130 : 190 290 9 17 0
131 : 298 70 16 2 1
132 : 122 321 9 6 1
133 : 165 321 7 7 0
134 : 203 309 14 4 0
135 : 156 270 5 22 1
136 : 281 290 12 15 0
137 : 80 321 11 5 1
138 : 119 309 9 14 1
139 : 186 196 33 13 0
140 : 142 321 8 4 1
141 : 237 225 28 7 0
142 : 122 70 17 59 1
143 : 293 0 4 37 0
144 : 139 321 9 1 1
145 : 110 321 6 9 0
146 : 20 290 20 8 0
147 : 299 157 24 1 1
148 : 0 87 14 54 1
149 : 206 87 49 10 0
150 : 133 309 14 8 0
151 : 144 290 9 18 0
152 : 177 321 4 7 0
153 : 219 290 9 16 0
154 : 262 38 25 37 1
155 : 219 196 32 29 0
156 : 146 321 8 4 1
157 : 90 309 2 15 1
158 : 61 70 61 5 0
159 : 178 270 4 22 1
160 : 15 309 8 15 1
161 : 104 248 19 25 1
162 : 243 270 4 21 1
163 : 74 290 5 19 0
164 : 204 248 19 24 1
165 : 176 290 14 17 0
166 : 184 321 7 3 1
167 : 289 196 29 3 1
168 : 75 309 15 4 0
169 : 51 321 10 12 0
170 : 88 157 43 9 0
171 : 217 309 14 3 0
172 : 227 321 2 3 0
173 : 40 290 20 4 0
174 : 200 38 22 62 1
175 : 159 290 17 17 0
176 : 78 248 26 2 0
177 : 269 290 15 12 1
178 : 288 119 2 36 0
179 : 106 87 32 50 1
180 : 134 270 5 22 1
181 : 237 290 16 8 1
182 : 31 225 14 30 1
183 : 199 321 5 2 1
184 : 232 321 1 2 0
185 : 154 321 8 3 1
186 : 292 157 30 7 1
187 : 128 321 4 9 0
188 : 136 321 9 3 1
189 : 231 309 14 3 0
190 : 131 157 42 14 0
191 : 152 196 34 9 0
192 : 85 321 4 11 0
193 : 198 0 38 72 1
194 : 191 321 6 1 1
195 : 196 321 3 5 0
196 : 91 321 10 8 1
197 : 39 321 12 12 0
198 : 70 321 4 12 0
199 : 0 70 13 61 1
