300 327
0 : 294 316 2 3 0
1 : 144 285 18 12 1
2 : 190 304 14 5 0
3 : 116 316 11 6 0
4 : 219 285 12 16 0
5 : 44 157 6 44 1
6 : 168 316 2 10 0
7 : 294 221 2 23 0
8 : 54 87 52 6 0
9 : 78 196 12 39 1
10 : 28 244 7 26 1
11 : 28 316 10 13 1
12 : 297 266 19 3 1
13 : 181 70 59 12 0
14 : 0 316 2 14 1
15 : 219 316 8 4 1
16 : 253 157 39 39 0
17 : 232 244 14 24 1
18 : 21 285 20 19 0
19 : 270 316 4 4 0
20 : 130 285 18 14 1
21 : 46 266 12 23 1
22 : 61 221 30 12 0
23 : 299 157 1 2 0
24 : 149 316 2 11 1
25 : 80 244 5 26 1
26 : 240 285 9 16 0
27 : 135 38 65 32 0
28 : 0 266 23 19 0
29 : 292 266 5 19 0
30 : 120 304 10 14 1
31 : 121 221 6 30 1
32 : 294 38 31 1 1
33 : 257 285 16 5 1
34 : 54 244 26 6 0
35 : 226 316 8 3 1
36 : 293 285 7 15 0
37 : 298 316 2 2 0
38 : 299 38 1 24 0
39 : 156 87 9 50 1
40 : 258 316 7 2 1
41 : 41 285 20 14 0
42 : 135 266 22 6 0
43 : 278 316 3 4 0
44 : 291 316 2 4 0
45 : 256 316 7 2 1
46 : 48 119 22 48 1
47 : 68 38 67 26 0
48 : 256 244 22 23 1
49 : 0 196 39 14 0
50 : 292 157 7 29 0
51 : 235 119 13 45 1
52 : 201 266 22 2 0
53 : 204 304 14 5 0
54 : 180 221 19 29 1
55 : 232 316 8 2 1
56 : 189 119 46 23 0
57 : 113 266 22 9 0
58 : 176 304 7 14 1
59 : 299 0 1 33 0
60 : 287 196 25 9 1
61 : 54 316 13 4 0
62 : 151 221 23 29 1
63 : 256 196 11 31 1
64 : 260 304 14 3 0
65 : 2 326 1 2 1
66 : 183 244 7 25 1
67 : 266 221 28 7 0
68 : 279 244 20 22 0
69 : 75 304 15 4 0
70 : 296 196 4 25 0
71 : 201 316 9 4 1
72 : 23 266 23 16 0
73 : 101 285 14 19 0
74 : 290 119 10 34 0
75 : 170 316 9 9 0
76 : 289 316 2 4 0
77 : 0 0 103 7 0
78 : 284 316 4 3 1
79 : 282 0 11 37 0
80 : 229 316 8 3 1
81 : 106 244 4 26 1
82 : 274 304 14 2 0
83 : 45 304 8 15 1
84 : 0 157 13 44 1
85 : 213 157 40 2 0
86 : 270 0 12 38 0
87 : 39 196 39 13 0
88 : 262 285 4 16 0
89 : 297 0 2 37 0
90 : 281 316 4 3 1
91 : 185 316 6 9 0
92 : 67 316 13 4 0
93 : 15 304 12 15 1
94 : 223 266 22 2 0
95 : 41 316 7 13 1
96 : 154 196 13 35 1
97 : 0 119 29 48 1
98 : 209 316 9 1 1
99 : 295 38 30 3 1
100 : 0 221 11 31 1
101 : 0 285 21 2 0
102 : 274 316 4 4 0
103 : 14 316 14 1 0
104 : 210 316 1 9 0
105 : 92 316 9 12 1
106 : 173 157 2 40 1
107 : 69 266 22 18 0
108 : 211 285 8 17 0
109 : 299 244 13 1 1
110 : 238 221 22 28 1
111 : 280 119 8 36 0
112 : 250 316 3 7 0
113 : 115 285 18 15 1
114 : 245 266 14 21 1
115 : 255 87 24 45 1
116 : 287 316 4 2 1
117 : 91 266 22 14 0
118 : 103 0 95 1 0
119 : 0 38 26 68 1
120 : 60 304 15 4 0
121 : 241 316 5 7 0
122 : 143 119 46 38 0
123 : 293 316 4 1 1
124 : 261 316 4 5 0
125 : 240 70 58 2 0
126 : 162 304 14 8 0
127 : 96 119 17 47 1
128 : 266 285 15 15 0
129 : 165 285 6 18 0
130 : 202 285 9 17 0
131 : 298 70 16 2 1
132 : 191 316 9 6 1
133 : 234 316 7 7 0
134 : 218 304 14 4 0
135 : 179 266 5 22 1
136 : 0 304 12 15 1
137 : 127 316 11 5 0
138 : 134 304 9 14 1
139 : 223 196 33 13 0
140 : 211 316 8 4 1
141 : 0 244 28 7 0
142 : 122 70 17 59 1
143 : 293 0 4 37 0
144 : 208 316 9 1 1
145 : 179 316 6 9 0
146 : 61 285 20 8 0
147 : 298 38 24 1 1
148 : 0 87 14 54 1
149 : 206 87 49 10 0
150 : 148 304 14 8 0
151 : 156 285 9 18 0
152 : 246 316 4 7 0
153 : 231 285 9 16 0
154 : 117 196 25 37 1
155 : 262 38 32 29 0
156 : 215 316 8 4 1
157 : 105 304 2 15 1
158 : 61 70 61 5 0
159 : 296 221 4 22 0
160 : 30 304 8 15 1
161 : 158 244 19 25 1
162 : 266 266 4 21 1
163 : 287 266 5 19 0
164 : 208 244 19 24 1
165 : 188 285 14 17 0
166 : 253 316 7 3 1
167 : 209 221 29 3 0
168 : 90 304 15 4 0
169 : 80 316 10 12 1
170 : 88 157 43 9 0
171 : 232 304 14 3 0
172 : 296 316 2 3 0
173 : 81 285 20 4 0
174 : 200 38 22 62 1
175 : 171 285 17 17 0
176 : 132 244 26 2 0
177 : 281 285 15 12 1
178 : 288 119 2 36 0
179 : 106 87 32 50 1
180 : 157 266 5 22 1
181 : 249 285 16 8 1
182 : 31 221 14 30 1
183 : 268 316 5 2 1
184 : 0 326 1 2 1
185 : 223 316 8 3 1
186 : 91 221 30 7 0
187 : 197 316 4 9 0
188 : 205 316 9 3 1
189 : 246 304 14 3 0
190 : 131 157 42 14 0
191 : 189 196 34 9 0
192 : 138 316 4 11 1
193 : 198 0 38 72 1
194 : 260 316 6 1 1
195 : 265 316 3 5 0
196 : 160 316 10 8 1
197 : 288 304 12 12 0
198 : 104 316 4 12 1
199 : 0 70 13 61 1
