100 51
0 : 0 8 4 22 1
1 : 45 27 9 4 1
2 : 19 12 18 10 0
3 : 0 12 19 9 0
4 : 66 34 5 4 0
5 : 82 34 3 3 0
6 : 22 8 4 15 1
7 : 99 20 1 3 0
8 : 97 23 13 3 1
9 : 0 38 13 14 1
10 : 95 20 2 4 1
11 : 74 22 1 14 1
12 : 32 27 8 13 1
13 : 40 37 1 7 1
14 : 66 23 11 16 1
15 : 88 22 11 1 0
16 : 0 0 38 1 0
17 : 60 26 9 5 1
18 : 49 34 2 8 1
19 : 60 35 6 2 0
20 : 56 36 2 4 1
21 : 74 20 2 21 1
22 : 29 4 4 5 1
23 : 32 23 17 4 0
24 : 49 36 7 2 0
25 : 71 37 5 1 0
26 : 49 23 3 17 1
27 : 97 36 2 3 1
28 : 0 1 7 25 1
29 : 79 34 3 3 0
30 : 25 1 4 7 0
31 : 14 38 8 10 0
32 : 0 23 32 15 0
33 : 71 34 5 3 0
34 : 29 1 7 3 0
35 : 0 21 2 14 1
36 : 22 38 5 6 0
37 : 37 8 14 1 1
38 : 49 26 11 8 0
39 : 82 23 15 11 0
40 : 65 26 9 1 1
41 : 19 22 1 17 1
42 : 76 34 3 4 0
43 : 74 0 20 26 1
44 : 32 35 13 2 0
45 : 34 4 4 4 0
46 : 32 37 1 8 1
47 : 38 0 23 36 1
48 : 57 34 2 2 0
49 : 14 21 4 2 0
