200 126
0 : 41 118 4 6 1
1 : 162 122 2 4 1
2 : 0 0 110 45 0
3 : 79 125 1 15 1
4 : 158 122 2 4 1
5 : 20 122 6 3 0
6 : 168 122 1 27 1
7 : 150 113 4 23 1
8 : 145 87 9 14 1
9 : 108 125 1 11 1
10 : 123 122 15 2 0
11 : 130 45 18 24 0
12 : 128 125 8 1 0
13 : 0 72 15 40 1
14 : 135 99 7 14 1
15 : 14 118 11 4 0
16 : 195 122 1 2 0
17 : 39 122 37 2 0
18 : 177 87 20 8 0
19 : 159 87 12 9 1
20 : 85 72 15 15 0
21 : 180 72 14 20 1
22 : 99 113 4 27 1
23 : 61 125 1 18 1
24 : 158 72 22 14 0
25 : 96 99 23 7 0
26 : 26 122 5 3 0
27 : 88 107 5 22 1
28 : 172 99 6 25 1
29 : 100 72 14 58 1
30 : 128 87 17 9 0
31 : 166 122 3 2 1
32 : 41 125 1 20 1
33 : 197 99 8 3 1
34 : 0 99 18 8 0
35 : 103 122 20 2 0
36 : 0 107 6 19 1
37 : 123 118 67 3 0
38 : 45 99 10 8 0
39 : 55 99 8 9 1
40 : 66 87 21 11 0
41 : 47 118 4 5 1
42 : 173 113 4 16 1
43 : 148 45 17 22 0
44 : 59 45 20 30 1
45 : 186 107 14 5 0
46 : 44 87 12 22 1
47 : 131 107 20 5 0
48 : 189 113 4 11 1
49 : 34 118 7 4 0
50 : 110 0 33 32 1
51 : 109 87 19 9 0
52 : 165 45 27 16 1
53 : 151 107 18 5 0
54 : 18 99 8 16 1
55 : 136 125 8 1 0
56 : 31 122 4 3 0
57 : 52 118 3 71 1
58 : 0 125 41 1 0
59 : 0 113 15 5 0
60 : 66 113 33 4 0
61 : 169 107 5 17 1
62 : 25 118 4 9 1
63 : 197 45 3 24 0
64 : 34 99 11 8 0
65 : 15 113 6 5 0
66 : 142 0 50 27 0
67 : 181 45 25 16 1
68 : 30 45 22 29 1
69 : 126 113 4 24 1
70 : 192 0 8 21 0
71 : 152 122 6 2 0
72 : 149 99 9 7 0
73 : 138 122 14 2 0
74 : 0 122 14 3 0
75 : 63 72 15 22 1
76 : 144 125 1 8 1
77 : 119 99 7 16 1
78 : 190 118 3 10 1
79 : 110 107 21 5 0
80 : 119 125 1 9 1
81 : 21 113 4 45 1
82 : 94 125 14 1 0
83 : 89 45 41 18 0
84 : 0 45 27 30 1
85 : 165 99 7 7 0
86 : 19 107 6 6 0
87 : 64 99 7 32 1
88 : 35 122 4 3 0
89 : 0 87 44 12 0
90 : 196 122 1 2 0
91 : 197 87 12 3 1
92 : 87 87 22 10 0
93 : 76 122 27 2 0
94 : 25 107 5 63 1
95 : 40 72 23 15 0
96 : 158 99 7 7 0
97 : 0 118 14 4 0
98 : 168 87 9 12 0
99 : 14 122 3 6 1
