100 66
0 : 0 0 4 22 1
1 : 22 0 9 4 0
2 : 31 0 18 10 0
3 : 49 0 19 9 0
4 : 68 0 5 4 1
5 : 72 0 3 3 0
6 : 75 0 4 15 1
7 : 90 0 1 3 0
8 : 0 10 13 3 0
9 : 13 10 13 14 1
10 : 68 5 2 4 0
11 : 75 4 1 14 1
12 : 27 10 8 13 0
13 : 90 3 1 7 0
14 : 35 10 11 16 1
15 : 75 5 11 1 0
16 : 51 10 38 1 0
17 : 91 0 9 5 0
18 : 91 5 2 8 1
19 : 72 3 6 2 1
20 : 70 5 2 4 0
21 : 0 4 2 21 1
22 : 75 6 4 5 1
23 : 0 6 17 4 0
24 : 91 7 7 2 0
25 : 74 3 5 1 1
26 : 0 23 3 17 1
27 : 21 4 2 3 1
28 : 51 11 7 25 1
29 : 80 6 3 3 0
30 : 83 6 4 7 1
31 : 89 10 8 10 0
32 : 17 23 32 15 0
33 : 89 20 5 3 0
34 : 76 11 7 3 0
35 : 17 6 2 14 1
36 : 0 13 5 6 0
37 : 17 8 14 1 0
38 : 49 23 11 8 1
39 : 57 23 15 11 0
40 : 91 9 9 1 0
41 : 49 9 1 17 1
42 : 83 11 3 4 1
43 : 72 23 20 26 1
44 : 97 10 13 2 1
45 : 0 19 4 4 0
46 : 66 9 1 8 1
47 : 0 43 23 36 1
48 : 98 7 2 2 0
49 : 24 4 4 2 0
