300 307
0 : 92 303 2 3 0
1 : 287 221 18 12 1
2 : 282 284 14 5 0
3 : 104 294 11 6 0
4 : 287 240 12 16 0
5 : 0 179 6 44 1
6 : 274 294 2 10 1
7 : 44 272 2 23 1
8 : 0 156 52 6 0
9 : 249 156 12 39 1
10 : 292 38 7 26 0
11 : 21 284 10 13 1
12 : 104 284 19 3 0
13 : 0 103 59 12 0
14 : 180 294 2 14 1
15 : 252 294 8 4 1
16 : 50 64 39 39 0
17 : 95 221 14 24 1
18 : 52 221 20 19 0
19 : 48 303 4 4 0
20 : 218 240 18 14 0
21 : 288 156 12 23 0
22 : 0 221 30 12 0
23 : 97 303 1 2 0
24 : 237 294 2 11 1
25 : 70 257 5 26 1
26 : 84 272 9 16 1
27 : 175 0 65 32 0
28 : 277 201 23 19 0
29 : 258 272 5 19 1
30 : 244 272 10 14 1
31 : 236 221 6 30 1
32 : 0 257 31 1 0
33 : 152 284 16 5 0
34 : 236 240 26 6 0
35 : 290 294 8 3 1
36 : 137 284 7 15 1
37 : 94 303 2 2 0
38 : 299 103 1 24 0
39 : 151 127 9 50 1
40 : 24 303 7 2 0
41 : 73 240 20 14 0
42 : 182 257 22 6 0
43 : 61 303 3 4 0
44 : 78 303 2 4 0
45 : 36 303 7 2 0
46 : 59 103 22 48 1
47 : 163 38 67 26 0
48 : 206 179 22 23 1
49 : 282 64 39 14 1
50 : 185 221 7 29 1
51 : 250 127 13 45 1
52 : 222 272 22 2 0
53 : 238 284 14 5 0
54 : 72 179 19 29 1
55 : 16 303 8 2 0
56 : 107 103 46 23 0
57 : 48 257 22 9 0
58 : 168 284 7 14 1
59 : 93 240 1 33 1
60 : 126 240 25 9 0
61 : 77 294 13 4 0
62 : 181 156 23 29 1
63 : 175 201 11 31 1
64 : 63 294 14 3 0
65 : 98 303 1 2 0
66 : 262 240 7 25 1
67 : 28 240 28 7 0
68 : 153 201 20 22 1
69 : 252 284 15 4 0
70 : 137 257 4 25 1
71 : 296 284 9 4 1
72 : 72 221 23 16 0
73 : 169 240 14 19 1
74 : 229 179 10 34 1
75 : 30 294 9 9 0
76 : 80 303 2 4 0
77 : 72 0 103 7 0
78 : 70 303 4 3 0
79 : 101 179 11 37 1
80 : 287 294 8 3 1
81 : 111 257 4 26 1
82 : 166 294 14 2 0
83 : 63 284 8 15 1
84 : 52 156 13 44 1
85 : 113 201 40 2 0
86 : 286 0 12 38 0
87 : 210 156 39 13 0
88 : 207 284 4 16 1
89 : 298 0 2 37 0
90 : 74 303 4 3 0
91 : 194 294 6 9 0
92 : 130 294 13 4 0
93 : 271 257 12 15 0
94 : 277 272 22 2 0
95 : 194 284 7 13 1
96 : 138 179 13 35 1
97 : 89 64 29 48 1
98 : 299 240 9 1 1
99 : 188 240 30 3 0
100 : 246 201 11 31 1
101 : 0 284 21 2 0
102 : 52 303 4 4 0
103 : 299 179 14 1 1
104 : 299 272 1 9 0
105 : 182 284 9 12 1
106 : 206 201 2 40 1
107 : 30 221 22 18 0
108 : 67 272 8 17 1
109 : 299 221 13 1 1
110 : 44 179 22 28 1
111 : 263 179 8 36 1
112 : 297 294 3 7 0
113 : 151 240 18 15 0
114 : 266 221 14 21 1
115 : 153 103 24 45 1
116 : 82 303 4 2 0
117 : 214 221 22 14 0
118 : 0 38 95 1 0
119 : 95 38 26 68 1
120 : 267 284 15 4 0
121 : 269 294 5 7 0
122 : 240 0 46 38 0
123 : 86 303 4 1 0
124 : 31 303 4 5 1
125 : 93 127 58 2 0
126 : 123 284 14 8 0
127 : 252 103 17 47 1
128 : 96 257 15 15 0
129 : 137 272 6 18 1
130 : 283 257 9 17 1
131 : 14 294 16 2 0
132 : 200 294 9 6 0
133 : 226 294 7 7 0
134 : 0 294 14 4 0
135 : 237 257 5 22 1
136 : 259 257 12 15 0
137 : 155 294 11 5 0
138 : 34 284 9 14 1
139 : 173 179 33 13 0
140 : 248 294 8 4 1
141 : 0 240 28 7 0
142 : 137 64 17 59 1
143 : 296 64 4 37 0
144 : 7 303 9 1 0
145 : 209 294 6 9 0
146 : 162 257 20 8 0
147 : 299 38 24 1 1
148 : 198 103 14 54 1
149 : 201 127 49 10 0
150 : 78 284 14 8 0
151 : 204 257 9 18 1
152 : 293 294 4 7 0
153 : 100 272 9 16 1
154 : 257 64 25 37 0
155 : 61 127 32 29 0
156 : 265 294 8 4 1
157 : 115 294 2 15 1
158 : 0 127 61 5 0
159 : 22 272 4 22 1
160 : 48 284 8 15 1
161 : 30 201 19 25 1
162 : 116 272 4 21 1
163 : 175 272 5 19 1
164 : 89 201 19 24 1
165 : 31 257 14 17 1
166 : 0 303 7 3 0
167 : 295 127 29 3 1
168 : 223 284 15 4 0
169 : 92 284 10 12 1
170 : 138 156 43 9 0
171 : 49 294 14 3 0
172 : 90 303 2 3 0
173 : 155 272 20 4 0
174 : 230 38 22 62 1
175 : 56 240 17 17 0
176 : 298 127 26 2 1
177 : 222 257 15 12 0
178 : 119 221 2 36 1
179 : 0 64 32 50 1
180 : 0 272 5 22 1
181 : 194 272 16 8 0
182 : 0 201 14 30 1
183 : 56 303 5 2 0
184 : 96 303 1 2 0
185 : 284 294 8 3 1
186 : 155 221 30 7 0
187 : 233 294 4 9 0
188 : 256 294 9 3 0
189 : 90 294 14 3 0
190 : 96 156 42 14 0
191 : 55 201 34 9 0
192 : 215 294 4 11 1
193 : 0 0 38 72 1
194 : 64 303 6 1 0
195 : 43 303 3 5 1
196 : 39 294 10 8 0
197 : 210 272 12 12 0
198 : 143 294 4 12 1
199 : 196 64 13 61 1
