300 342
0 : 0 0 2 3 1
1 : 3 0 18 12 0
2 : 21 0 14 5 0
3 : 35 0 11 6 1
4 : 41 0 12 16 1
5 : 57 0 6 44 1
6 : 101 0 2 10 0
7 : 103 0 2 23 1
8 : 126 0 52 6 0
9 : 178 0 12 39 1
10 : 217 0 7 26 1
11 : 243 0 10 13 1
12 : 256 0 19 3 0
13 : 0 12 59 12 0
14 : 275 0 2 14 1
15 : 289 0 8 4 1
16 : 59 12 39 39 0
17 : 98 12 14 24 0
18 : 112 12 20 19 1
19 : 293 0 4 4 0
20 : 131 12 18 14 1
21 : 145 12 12 23 0
22 : 157 12 30 12 1
23 : 297 0 1 2 0
24 : 298 0 2 11 0
25 : 169 12 5 26 0
26 : 174 12 9 16 0
27 : 183 12 65 32 0
28 : 248 12 23 19 1
29 : 267 12 5 19 0
30 : 272 12 10 14 0
31 : 282 12 6 30 0
32 : 288 12 31 1 1
33 : 289 12 16 5 1
34 : 294 12 26 6 1
35 : 0 51 8 3 0
36 : 8 51 7 15 1
37 : 23 51 2 2 0
38 : 25 51 1 24 1
39 : 49 51 9 50 1
40 : 99 51 7 2 1
41 : 101 51 20 14 0
42 : 121 51 22 6 0
43 : 143 51 3 4 0
44 : 146 51 2 4 0
45 : 148 51 7 2 1
46 : 150 51 22 48 1
47 : 198 51 67 26 0
48 : 265 51 22 23 0
49 : 0 77 39 14 0
50 : 39 77 7 29 1
51 : 68 77 13 45 1
52 : 287 51 22 2 1
53 : 289 51 14 5 1
54 : 113 77 19 29 1
55 : 294 51 8 2 1
56 : 142 77 46 23 0
57 : 188 77 22 9 1
58 : 197 77 7 14 0
59 : 204 77 1 33 1
60 : 237 77 25 9 0
61 : 296 51 13 4 1
62 : 262 77 23 29 1
63 : 0 100 11 31 1
64 : 291 77 14 3 1
65 : 294 77 1 2 0
66 : 31 100 7 25 1
67 : 56 100 28 7 0
68 : 84 100 20 22 1
69 : 295 77 15 4 1
70 : 106 100 4 25 1
71 : 131 100 9 4 1
72 : 135 100 23 16 0
73 : 158 100 14 19 0
74 : 172 100 10 34 1
75 : 206 100 9 9 0
76 : 215 100 2 4 0
77 : 0 120 103 7 0
78 : 217 100 4 3 1
79 : 220 100 11 37 1
80 : 257 100 8 3 1
81 : 260 100 4 26 1
82 : 286 100 14 2 1
83 : 288 100 8 15 0
84 : 103 120 13 44 1
85 : 147 120 40 2 0
86 : 187 120 12 38 1
87 : 225 120 39 13 0
88 : 296 100 4 16 0
89 : 0 133 2 37 1
90 : 264 120 4 3 1
91 : 267 120 6 9 0
92 : 273 120 13 4 0
93 : 37 133 12 15 1
94 : 52 133 22 2 0
95 : 286 120 7 13 0
96 : 74 133 13 35 1
97 : 109 133 29 48 1
98 : 299 77 9 1 1
99 : 157 133 30 3 0
100 : 187 133 11 31 1
101 : 218 133 21 2 1
102 : 293 120 4 4 0
103 : 220 133 14 1 1
104 : 297 120 1 9 0
105 : 221 133 9 12 0
106 : 230 133 2 40 1
107 : 270 133 22 18 1
108 : 288 133 8 17 0
109 : 298 120 13 1 1
110 : 0 162 22 28 1
111 : 28 162 8 36 1
112 : 296 133 3 7 0
113 : 64 162 18 15 1
114 : 79 162 14 21 0
115 : 93 162 24 45 1
116 : 138 162 4 2 1
117 : 140 162 22 14 1
118 : 154 162 95 1 0
119 : 0 186 26 68 1
120 : 249 162 15 4 1
121 : 253 162 5 7 0
122 : 68 186 46 38 0
123 : 299 120 4 1 1
124 : 258 162 4 5 0
125 : 114 186 58 2 0
126 : 262 162 14 8 1
127 : 172 186 17 47 1
128 : 270 162 15 15 0
129 : 285 162 6 18 0
130 : 291 162 9 17 0
131 : 219 186 16 2 1
132 : 221 186 9 6 1
133 : 227 186 7 7 0
134 : 234 186 14 4 1
135 : 238 186 5 22 0
136 : 243 186 12 15 0
137 : 255 186 11 5 1
138 : 260 186 9 14 0
139 : 269 186 33 13 1
140 : 282 186 8 4 1
141 : 286 186 28 7 1
142 : 0 224 17 59 1
143 : 293 186 4 37 0
144 : 299 133 9 1 1
145 : 59 224 6 9 0
146 : 65 224 20 8 0
147 : 297 186 24 1 1
148 : 85 224 14 54 1
149 : 139 224 49 10 0
150 : 188 224 14 8 1
151 : 196 224 9 18 1
152 : 214 224 4 7 0
153 : 218 224 9 16 0
154 : 227 224 25 37 1
155 : 264 224 32 29 0
156 : 296 224 8 4 1
157 : 298 186 2 15 0
158 : 0 253 61 5 0
159 : 61 253 4 22 1
160 : 83 253 8 15 1
161 : 98 253 19 25 1
162 : 123 253 4 21 1
163 : 144 253 5 19 0
164 : 149 253 19 24 1
165 : 173 253 14 17 0
166 : 187 253 7 3 1
167 : 190 253 29 3 0
168 : 219 253 15 4 1
169 : 223 253 10 12 0
170 : 233 253 43 9 0
171 : 276 253 14 3 1
172 : 279 253 2 3 0
173 : 0 272 20 4 0
174 : 20 272 22 62 1
175 : 281 253 17 17 0
176 : 82 272 26 2 0
177 : 108 272 15 12 1
178 : 120 272 2 36 1
179 : 156 272 32 50 1
180 : 206 272 5 22 0
181 : 211 272 16 8 1
182 : 219 272 14 30 0
183 : 298 253 5 2 1
184 : 233 272 1 2 0
185 : 234 272 8 3 1
186 : 237 272 30 7 1
187 : 244 272 4 9 0
188 : 248 272 9 3 1
189 : 251 272 14 3 1
190 : 254 272 42 14 0
191 : 0 304 34 9 0
192 : 296 272 4 11 0
193 : 34 304 38 72 1
194 : 106 304 6 1 1
195 : 107 304 3 5 0
196 : 110 304 10 8 1
197 : 118 304 12 12 0
198 : 130 304 4 12 0
199 : 134 304 13 61 1
