1000 638
0 : 0 455 94 6 0
1 : 521 623 22 1 0
2 : 698 576 25 23 0
3 : 202 398 2 13 0
4 : 888 560 7 6 0
5 : 618 78 16 133 1
6 : 434 588 37 13 0
7 : 443 315 42 91 1
8 : 83 564 32 7 0
9 : 483 597 4 53 1
10 : 895 561 27 10 0
11 : 911 526 57 16 0
12 : 998 419 32 2 1
13 : 505 417 2 3 1
14 : 870 504 31 41 1
15 : 710 354 22 1 1
16 : 508 418 1 103 1
17 : 513 567 4 4 0
18 : 73 496 7 62 1
19 : 0 616 41 5 0
20 : 592 601 24 19 0
21 : 922 315 50 59 0
22 : 0 377 69 42 0
23 : 933 181 67 63 0
24 : 0 0 168 76 0
25 : 672 551 19 52 1
26 : 611 418 1 2 1
27 : 606 419 29 79 1
28 : 616 615 31 3 0
29 : 837 542 18 58 1
30 : 877 619 5 18 1
31 : 129 571 23 41 1
32 : 131 312 3 69 1
33 : 425 242 9 10 0
34 : 194 419 112 22 0
35 : 531 485 11 19 0
36 : 302 0 202 57 0
37 : 180 432 14 24 0
38 : 876 254 60 77 1
39 : 922 374 48 3 0
40 : 44 571 40 25 0
41 : 947 620 4 14 1
42 : 921 571 37 20 0
43 : 72 504 69 26 0
44 : 547 571 28 29 0
45 : 241 601 17 32 1
46 : 672 542 9 119 1
47 : 473 567 40 4 0
48 : 606 448 15 61 1
49 : 809 571 48 16 0
50 : 0 557 14 55 1
51 : 947 601 15 19 0
52 : 137 220 34 113 1
53 : 915 0 94 81 1
54 : 141 527 53 15 0
55 : 992 377 8 31 0
56 : 895 623 1 14 1
57 : 709 504 36 36 0
58 : 828 376 1 1 0
59 : 320 220 3 33 0
60 : 87 365 12 5 1
61 : 694 526 12 11 0
62 : 971 244 24 9 0
63 : 573 149 20 32 0
64 : 666 209 82 39 0
65 : 69 398 21 72 1
66 : 273 616 34 6 0
67 : 936 496 56 8 0
68 : 770 601 25 15 0
69 : 439 417 66 2 0
70 : 761 295 18 79 1
71 : 325 542 29 39 1
72 : 761 254 41 115 1
73 : 593 175 104 6 0
74 : 473 542 44 25 0
75 : 667 448 15 18 1
76 : 403 534 49 7 0
77 : 92 355 22 95 1
78 : 182 565 8 6 0
79 : 870 535 7 38 1
80 : 501 535 7 42 1
81 : 230 254 49 116 1
82 : 204 377 69 41 0
83 : 785 519 69 18 0
84 : 142 457 5 50 1
85 : 167 601 23 24 1
86 : 247 173 91 8 0
87 : 273 377 34 83 1
88 : 522 441 9 8 1
89 : 681 601 13 33 1
90 : 845 601 32 11 0
91 : 633 591 9 26 1
92 : 50 539 22 3 0
93 : 854 519 18 14 1
94 : 450 95 143 54 0
95 : 593 95 133 58 0
96 : 309 601 15 36 1
97 : 745 536 6 38 1
98 : 681 415 71 4 0
99 : 536 597 9 4 0
100 : 0 298 17 125 1
101 : 981 564 7 14 1
102 : 338 173 8 17 1
103 : 483 571 26 32 1
104 : 831 612 17 12 0
105 : 828 347 29 94 1
106 : 908 405 14 14 0
107 : 650 504 22 59 1
108 : 194 461 75 2 0
109 : 906 494 10 21 1
110 : 776 373 48 4 0
111 : 795 601 17 22 0
112 : 795 448 77 11 0
113 : 621 315 90 39 0
114 : 396 441 126 10 0
115 : 345 620 27 4 0
116 : 857 571 32 24 0
117 : 837 560 11 51 1
118 : 610 487 70 16 0
119 : 739 463 70 27 0
120 : 216 601 22 25 1
121 : 261 538 4 48 1
122 : 281 360 5 8 0
123 : 76 365 11 12 0
124 : 103 251 3 33 1
125 : 228 165 19 16 0
126 : 351 315 42 92 1
127 : 526 181 28 226 1
128 : 404 601 22 23 0
129 : 259 496 11 8 0
130 : 0 601 49 15 0
131 : 141 416 3 39 1
132 : 828 315 94 32 0
133 : 613 377 68 40 0
134 : 772 376 4 1 0
135 : 426 601 36 14 0
136 : 742 248 10 6 0
137 : 723 576 22 14 1
138 : 993 95 67 7 1
139 : 534 356 21 81 1
140 : 755 66 28 148 1
141 : 311 504 36 47 1
142 : 589 504 22 61 1
143 : 752 410 62 9 0
144 : 117 619 5 22 1
145 : 504 0 95 114 1
146 : 451 485 18 80 1
147 : 711 362 61 15 0
148 : 709 540 35 2 0
149 : 909 621 3 15 1
150 : 346 310 5 67 1
151 : 388 495 47 9 0
152 : 230 554 50 17 0
153 : 777 571 32 25 0
154 : 772 362 4 14 0
155 : 972 369 24 8 0
156 : 344 451 122 12 0
157 : 450 149 123 30 0
158 : 988 412 6 12 1
159 : 613 417 2 59 1
160 : 832 377 92 28 0
161 : 761 313 53 2 0
162 : 587 492 12 20 1
163 : 526 209 41 140 1
164 : 697 175 29 6 0
165 : 736 419 59 38 0
166 : 714 601 32 13 0
167 : 49 601 15 38 1
168 : 155 76 18 12 1
169 : 65 251 3 38 1
170 : 170 571 31 30 0
171 : 575 598 58 3 0
172 : 566 619 5 25 1
173 : 949 564 32 7 0
174 : 562 542 25 43 1
175 : 0 493 11 72 1
176 : 481 91 4 18 1
177 : 115 564 23 6 0
178 : 908 595 9 6 0
179 : 681 377 71 38 0
180 : 194 441 10 202 1
181 : 751 78 14 4 1
182 : 307 619 5 21 1
183 : 604 576 29 22 0
184 : 546 536 42 6 0
185 : 924 377 35 68 1
186 : 737 571 40 20 0
187 : 736 457 59 6 0
188 : 932 451 11 68 1
189 : 180 416 24 3 0
190 : 84 598 3 45 1
191 : 745 504 40 32 0
192 : 575 576 29 22 0
193 : 739 490 14 70 1
194 : 396 94 1 16 1
195 : 261 504 50 34 0
196 : 666 248 6 76 1
197 : 362 571 22 40 1
198 : 752 250 75 4 0
199 : 180 456 1 14 1
200 : 526 250 61 4 0
201 : 924 243 9 11 0
202 : 0 234 122 17 0
203 : 346 254 99 56 0
204 : 92 315 40 104 1
205 : 589 526 11 105 1
206 : 542 492 45 12 0
207 : 402 571 32 27 0
208 : 533 357 1 18 0
209 : 853 459 14 4 0
210 : 232 571 130 7 0
211 : 193 492 16 7 0
212 : 783 536 2 6 0
213 : 997 254 3 46 0
214 : 323 242 102 12 0
215 : 923 95 86 70 1
216 : 331 303 15 12 0
217 : 351 357 10 139 1
218 : 216 504 38 45 1
219 : 419 411 8 20 1
220 : 770 616 9 8 0
221 : 502 451 24 12 0
222 : 451 463 22 91 1
223 : 593 153 22 126 1
224 : 546 504 43 32 0
225 : 306 419 112 22 0
226 : 0 463 73 30 0
227 : 201 571 31 30 0
228 : 121 76 34 19 0
229 : 993 162 7 4 0
230 : 791 565 36 6 0
231 : 813 162 17 105 1
232 : 680 487 17 9 1
233 : 889 571 32 24 0
234 : 44 596 33 5 0
235 : 138 542 52 23 0
236 : 354 578 8 23 0
237 : 270 496 8 2 1
238 : 0 365 10 76 1
239 : 250 220 70 33 0
240 : 232 578 33 22 0
241 : 0 529 13 50 1
242 : 295 578 21 31 1
243 : 345 601 19 27 1
244 : 122 234 17 13 1
245 : 824 373 4 4 0
246 : 748 209 4 37 0
247 : 0 542 15 83 1
248 : 196 360 85 15 0
249 : 0 315 50 92 1
250 : 322 503 66 1 0
251 : 434 181 92 73 0
252 : 72 530 11 39 1
253 : 848 612 4 28 1
254 : 659 591 10 14 1
255 : 286 315 62 65 1
256 : 530 450 62 13 0
257 : 995 542 28 5 1
258 : 587 250 53 4 0
259 : 618 0 78 137 1
260 : 903 66 12 27 0
261 : 924 614 18 10 0
262 : 895 542 19 54 1
263 : 592 450 14 6 0
264 : 441 310 5 4 1
265 : 618 94 126 1 0
266 : 685 419 44 51 1
267 : 492 533 9 8 0
268 : 137 463 72 29 0
269 : 322 494 9 34 1
270 : 976 601 14 20 0
271 : 396 57 37 85 1
272 : 621 354 22 89 1
273 : 984 599 16 2 0
274 : 515 571 26 32 1
275 : 435 495 16 3 0
276 : 372 601 32 16 0
277 : 439 377 69 40 0
278 : 501 504 31 45 1
279 : 302 57 34 94 1
280 : 196 315 90 45 0
281 : 809 587 43 14 0
282 : 247 95 78 109 1
283 : 968 541 26 1 0
284 : 932 419 32 66 1
285 : 193 499 5 16 1
286 : 777 596 30 5 0
287 : 924 601 23 13 0
288 : 605 542 16 67 1
289 : 119 165 109 14 0
290 : 0 504 72 25 0
291 : 0 624 12 18 1
292 : 138 565 6 44 1
293 : 356 494 32 9 0
294 : 921 591 10 24 1
295 : 958 597 26 3 0
296 : 94 432 25 86 1
297 : 996 0 4 95 0
298 : 711 315 65 47 0
299 : 876 463 60 31 0
300 : 846 537 5 22 1
301 : 125 298 16 6 1
302 : 579 304 11 103 1
303 : 402 598 3 32 1
304 : 0 254 131 44 0
305 : 922 561 27 9 0
306 : 970 374 3 2 1
307 : 452 504 49 29 0
308 : 137 492 56 12 0
309 : 87 615 4 47 1
310 : 508 377 26 105 1
311 : 838 243 86 10 0
312 : 589 537 5 101 1
313 : 911 504 57 22 0
314 : 18 624 14 14 0
315 : 323 181 61 111 1
316 : 272 463 50 41 0
317 : 191 623 50 1 0
318 : 471 588 13 4 1
319 : 196 375 2 39 1
320 : 813 179 2 100 1
321 : 877 601 18 18 0
322 : 403 504 49 30 0
323 : 94 457 48 6 0
324 : 838 181 95 62 0
325 : 932 462 68 1 0
326 : 534 315 41 87 1
327 : 723 598 10 3 0
328 : 273 411 8 146 1
329 : 194 527 21 15 0
330 : 404 558 47 13 0
331 : 852 587 14 5 1
332 : 992 492 12 8 1
333 : 640 250 14 4 0
334 : 0 571 23 44 1
335 : 648 601 33 13 0
336 : 992 463 29 8 1
337 : 168 90 130 5 0
338 : 462 601 15 33 1
339 : 949 542 22 46 1
340 : 752 181 69 86 1
341 : 302 91 61 4 0
342 : 311 540 2 38 1
343 : 137 181 39 186 1
344 : 992 408 8 4 0
345 : 0 95 119 86 0
346 : 724 551 48 19 0
347 : 187 355 22 9 1
348 : 0 251 65 3 0
349 : 913 179 10 2 0
350 : 209 463 33 63 1
351 : 55 557 28 14 0
352 : 326 578 23 28 1
353 : 127 601 40 14 0
354 : 915 94 43 1 0
355 : 615 356 6 18 0
356 : 190 542 29 40 1
357 : 492 541 1 9 1
358 : 592 620 4 24 1
359 : 933 244 38 9 0
360 : 358 504 34 45 1
361 : 131 254 99 58 0
362 : 795 459 4 58 1
363 : 84 593 42 5 0
364 : 809 463 67 28 0
365 : 0 621 41 3 0
366 : 812 612 11 19 1
367 : 83 542 55 22 0
368 : 895 601 14 22 0
369 : 918 162 17 5 1
370 : 362 593 8 40 1
371 : 452 533 9 40 1
372 : 462 616 7 26 1
373 : 542 463 68 29 0
374 : 869 491 4 13 0
375 : 752 377 33 80 1
376 : 426 615 35 3 0
377 : 795 419 77 29 0
378 : 566 601 26 18 0
379 : 785 537 5 61 1
380 : 356 95 86 94 1
381 : 517 566 42 5 0
382 : 755 0 66 160 1
383 : 490 357 31 9 0
384 : 872 419 37 60 1
385 : 50 529 10 22 1
386 : 909 601 15 20 0
387 : 280 554 43 17 0
388 : 84 571 45 22 0
389 : 776 315 52 58 0
390 : 737 591 40 10 0
391 : 746 601 24 16 0
392 : 418 419 112 22 0
393 : 521 601 22 22 0
394 : 903 93 2 12 1
395 : 648 614 10 20 1
396 : 191 601 25 22 0
397 : 194 451 10 150 1
398 : 363 91 4 33 1
399 : 579 254 50 104 1
400 : 633 576 40 15 0
401 : 0 181 53 137 1
402 : 87 619 4 30 1
403 : 936 463 56 33 0
404 : 388 463 32 63 1
405 : 495 620 4 14 1
406 : 445 254 134 41 0
407 : 772 551 19 20 0
408 : 77 596 5 7 1
409 : 972 315 28 54 0
410 : 608 403 14 5 1
411 : 358 538 42 4 0
412 : 273 601 36 15 0
413 : 0 432 94 23 0
414 : 481 57 34 23 1
415 : 733 598 3 4 1
416 : 209 496 50 8 0
417 : 562 567 32 4 0
418 : 141 398 18 61 1
419 : 872 456 58 7 0
420 : 0 375 24 2 0
421 : 141 504 23 75 1
422 : 471 558 11 2 1
423 : 575 571 162 5 0
424 : 445 295 84 20 0
425 : 813 95 110 67 0
426 : 927 494 10 9 1
427 : 400 538 3 4 0
428 : 984 571 28 15 1
429 : 962 601 14 20 0
430 : 307 616 3 38 1
431 : 508 403 15 100 1
432 : 814 410 18 7 0
433 : 0 594 5 42 1
434 : 530 419 76 31 0
435 : 351 367 8 170 1
436 : 139 619 21 5 0
437 : 857 595 5 51 1
438 : 605 558 13 45 1
439 : 616 601 14 32 1
440 : 673 576 25 24 0
441 : 683 254 78 61 0
442 : 827 250 9 4 0
443 : 230 303 12 101 1
444 : 876 314 21 1 0
445 : 69 377 135 21 0
446 : 917 595 6 4 1
447 : 364 542 28 40 1
448 : 168 0 134 90 0
449 : 434 571 49 17 0
450 : 691 463 40 48 1
451 : 73 463 33 64 1
452 : 356 377 34 83 1
453 : 119 179 2 80 1
454 : 230 542 95 12 0
455 : 958 571 26 26 0
456 : 968 504 26 37 0
457 : 812 601 33 11 0
458 : 543 601 23 21 0
459 : 372 617 7 29 1
460 : 111 530 11 20 1
461 : 809 491 13 60 1
462 : 744 540 2 1 1
463 : 87 601 40 14 0
464 : 265 578 30 22 0
465 : 517 542 24 45 1
466 : 719 153 6 22 0
467 : 322 463 66 31 0
468 : 827 565 9 6 0
469 : 953 254 44 61 0
470 : 72 541 1 59 1
471 : 610 463 24 81 1
472 : 495 601 19 26 1
473 : 0 76 19 121 1
474 : 791 542 46 23 0
475 : 241 618 6 31 1
476 : 129 594 5 41 1
477 : 521 357 12 18 0
478 : 785 504 15 85 1
479 : 413 310 5 28 1
480 : 726 95 86 87 1
481 : 466 451 36 12 0
482 : 924 412 64 7 0
483 : 298 90 5 4 1
484 : 840 295 34 18 0
485 : 876 494 30 10 0
486 : 0 419 194 13 0
487 : 994 504 38 6 1
488 : 876 612 1 4 0
489 : 450 179 106 2 0
490 : 451 558 11 20 1
491 : 526 451 4 12 0
492 : 650 558 22 10 0
493 : 119 95 70 128 1
494 : 832 405 14 76 1
495 : 134 615 4 31 1
496 : 309 538 2 4 0
497 : 404 542 69 16 0
498 : 529 295 20 49 1
499 : 351 375 2 50 1
