100 78
0 : 0 7 4 22 1
1 : 47 45 9 4 1
2 : 64 22 18 10 1
3 : 54 22 19 9 1
4 : 38 65 5 4 1
5 : 49 65 3 3 0
6 : 44 22 4 15 0
7 : 87 45 1 3 0
8 : 51 22 13 3 1
9 : 24 65 13 14 1
10 : 88 45 2 4 0
11 : 40 22 1 14 0
12 : 37 45 8 13 0
13 : 77 22 1 7 0
14 : 26 45 11 16 0
15 : 50 22 11 1 1
16 : 0 0 38 1 0
17 : 66 45 9 5 1
18 : 75 22 2 8 0
19 : 71 45 6 2 1
20 : 90 45 2 4 0
21 : 38 0 2 21 1
22 : 15 65 4 5 0
23 : 36 22 17 4 1
24 : 45 45 7 2 1
25 : 51 45 5 1 1
26 : 71 7 3 17 1
27 : 19 65 2 3 0
28 : 59 0 7 25 1
29 : 42 65 3 3 0
30 : 73 45 4 7 0
31 : 0 65 8 10 1
32 : 22 7 32 15 0
33 : 92 45 5 3 1
34 : 63 45 7 3 1
35 : 42 22 2 14 0
36 : 10 65 5 6 0
37 : 41 22 14 1 1
38 : 77 45 11 8 1
39 : 52 45 15 11 1
40 : 63 22 9 1 1
41 : 54 7 1 17 1
42 : 21 65 3 4 0
43 : 0 45 20 26 1
44 : 48 22 13 2 1
45 : 45 65 4 4 0
46 : 74 22 1 8 0
47 : 0 22 23 36 1
48 : 52 65 2 2 0
49 : 85 45 4 2 1
