100 44
0 : 94 0 4 22 0
1 : 47 36 9 4 0
2 : 14 23 18 10 0
3 : 48 23 19 9 0
4 : 67 36 5 4 1
5 : 83 36 3 3 0
6 : 10 36 4 15 1
7 : 31 33 1 3 0
8 : 34 36 13 3 0
9 : 0 23 13 14 1
10 : 87 21 2 4 1
11 : 98 17 1 14 0
12 : 82 23 8 13 0
13 : 89 36 1 7 0
14 : 32 23 11 16 1
15 : 74 22 11 1 0
16 : 36 22 38 1 0
17 : 25 36 9 5 0
18 : 90 34 2 8 1
19 : 81 36 6 2 1
20 : 57 20 2 4 1
21 : 36 20 2 21 1
22 : 63 36 4 5 0
23 : 48 32 17 4 0
24 : 92 15 7 2 1
25 : 92 22 5 1 0
26 : 14 33 3 17 1
27 : 45 34 2 3 1
28 : 62 15 7 25 1
29 : 86 36 3 3 0
30 : 56 36 4 7 0
31 : 0 36 8 10 1
32 : 62 0 32 15 0
33 : 75 36 5 3 1
34 : 60 36 7 3 1
35 : 67 34 2 14 1
36 : 87 15 5 6 0
37 : 99 0 14 1 1
38 : 90 23 11 8 1
39 : 67 23 15 11 0
40 : 99 14 9 1 1
41 : 98 0 1 17 0
42 : 78 36 3 4 0
43 : 36 0 20 26 1
44 : 32 34 13 2 0
45 : 71 36 4 4 0
46 : 99 23 1 8 0
47 : 0 0 23 36 1
48 : 98 31 2 2 0
49 : 65 32 4 2 1
