200 124
0 : 56 73 4 6 1
1 : 52 75 2 4 1
2 : 0 0 110 45 0
3 : 162 108 1 15 1
4 : 147 40 2 4 1
5 : 98 103 6 3 0
6 : 117 76 1 27 1
7 : 67 72 4 23 1
8 : 21 81 9 14 0
9 : 43 108 1 11 1
10 : 180 107 15 2 0
11 : 58 77 18 24 1
12 : 54 108 8 1 0
13 : 117 45 15 40 1
14 : 143 101 7 14 1
15 : 172 91 11 4 0
16 : 20 92 1 2 0
17 : 110 40 37 2 0
18 : 84 95 20 8 0
19 : 168 8 12 9 0
20 : 16 109 15 15 0
21 : 64 95 14 20 1
22 : 52 48 4 27 0
23 : 199 77 1 18 0
24 : 172 77 22 14 0
25 : 105 77 23 7 0
26 : 112 72 5 3 0
27 : 90 72 5 22 1
28 : 56 48 6 25 0
29 : 110 8 14 58 1
30 : 144 60 17 9 1
31 : 27 75 3 2 0
32 : 0 94 1 20 1
33 : 197 69 8 3 1
34 : 162 95 18 8 0
35 : 0 92 20 2 0
36 : 143 95 6 19 1
37 : 0 45 67 3 0
38 : 54 100 10 8 0
39 : 116 100 8 9 0
40 : 0 81 21 11 0
41 : 62 72 4 5 0
42 : 153 60 4 16 0
43 : 128 77 17 22 1
44 : 151 22 20 30 1
45 : 124 104 14 5 0
46 : 0 95 12 22 1
47 : 104 95 20 5 0
48 : 22 103 4 11 1
49 : 157 101 7 4 1
50 : 157 45 33 32 0
51 : 124 95 19 9 0
52 : 117 60 27 16 0
53 : 194 77 18 5 1
54 : 0 109 8 16 1
55 : 173 3 8 1 0
56 : 150 92 4 3 0
57 : 110 0 3 71 1
58 : 197 0 41 1 1
59 : 162 103 15 5 0
60 : 0 77 33 4 0
61 : 180 95 5 17 1
62 : 33 103 4 9 1
63 : 197 45 3 24 0
64 : 43 100 11 8 0
65 : 58 109 6 5 1
66 : 67 45 50 27 0
67 : 33 77 25 16 0
68 : 30 48 22 29 0
69 : 62 48 4 24 0
70 : 22 95 8 21 1
71 : 173 4 6 2 0
72 : 31 109 9 7 1
73 : 30 81 14 2 1
74 : 197 95 14 3 1
75 : 150 77 15 22 1
76 : 183 94 1 8 1
77 : 180 100 7 16 1
78 : 183 91 3 10 1
79 : 43 95 21 5 0
80 : 127 84 1 9 0
81 : 181 0 4 45 0
82 : 143 108 14 1 0
83 : 110 22 41 18 0
84 : 0 48 27 30 1
85 : 38 109 7 7 0
86 : 52 109 6 6 0
87 : 190 45 7 32 0
88 : 138 104 4 3 0
89 : 185 0 44 12 1
90 : 62 108 1 2 1
91 : 168 17 12 3 0
92 : 105 84 22 10 0
93 : 0 75 27 2 0
94 : 110 3 5 63 1
95 : 82 77 23 15 0
96 : 45 109 7 7 0
97 : 84 103 14 4 0
98 : 104 100 9 12 1
99 : 177 103 3 6 0
