100 45
0 : 94 0 4 22 0
1 : 72 36 9 4 0
2 : 14 23 18 10 0
3 : 48 23 19 9 0
4 : 89 36 5 4 1
5 : 85 41 3 3 0
6 : 10 36 4 15 1
7 : 94 22 1 3 1
8 : 14 33 13 3 0
9 : 0 23 13 14 1
10 : 98 28 2 4 0
11 : 10 40 1 14 1
12 : 82 23 8 13 0
13 : 34 37 1 7 0
14 : 32 23 11 16 1
15 : 14 41 11 1 0
16 : 34 36 38 1 0
17 : 25 36 9 5 0
18 : 90 34 2 8 1
19 : 92 15 6 2 1
20 : 87 21 2 4 1
21 : 98 0 2 21 0
22 : 85 36 4 5 0
23 : 48 32 17 4 0
24 : 98 21 7 2 1
25 : 88 41 5 1 0
26 : 36 20 3 17 1
27 : 60 20 2 3 0
28 : 62 15 7 25 1
29 : 97 36 3 3 0
30 : 81 36 4 7 0
31 : 0 36 8 10 1
32 : 62 0 32 15 0
33 : 27 33 5 3 0
34 : 53 20 7 3 0
35 : 32 34 2 14 1
36 : 87 15 5 6 0
37 : 0 44 14 1 0
38 : 90 23 11 8 1
39 : 67 23 15 11 0
40 : 25 41 9 1 0
41 : 62 22 1 17 1
42 : 10 41 3 4 1
43 : 36 0 20 26 1
44 : 67 34 13 2 0
45 : 93 36 4 4 0
46 : 79 22 1 8 1
47 : 0 0 23 36 1
48 : 46 34 2 2 0
49 : 65 32 4 2 1
