200 119
0 : 141 98 4 6 0
1 : 62 100 2 4 1
2 : 0 0 110 45 0
3 : 126 103 1 15 1
4 : 179 3 2 4 0
5 : 197 63 6 3 1
6 : 117 76 1 27 1
7 : 94 72 4 23 1
8 : 168 8 9 14 0
9 : 84 103 1 11 1
10 : 30 101 15 2 0
11 : 30 77 18 24 0
12 : 186 96 8 1 1
13 : 117 45 15 40 1
14 : 172 96 7 14 1
15 : 84 99 11 4 0
16 : 179 7 1 2 1
17 : 198 0 37 2 1
18 : 159 77 20 8 1
19 : 187 95 12 9 0
20 : 33 104 15 15 0
21 : 145 77 14 20 0
22 : 67 72 4 27 1
23 : 87 76 1 18 1
24 : 85 77 22 14 1
25 : 63 77 23 7 1
26 : 197 69 5 3 1
27 : 121 77 5 22 0
28 : 22 64 6 25 1
29 : 110 8 14 58 1
30 : 144 60 17 9 1
31 : 178 42 3 2 0
32 : 67 76 1 20 1
33 : 64 62 8 3 1
34 : 187 77 18 8 1
35 : 46 75 20 2 0
36 : 181 77 6 19 0
37 : 0 45 67 3 0
38 : 65 104 10 8 1
39 : 73 104 8 9 0
40 : 126 77 21 11 1
41 : 104 99 4 5 0
42 : 153 60 4 16 0
43 : 47 48 17 22 0
44 : 151 22 20 30 1
45 : 70 99 14 5 0
46 : 99 77 12 22 0
47 : 167 77 20 5 1
48 : 161 97 4 11 1
49 : 143 40 7 4 0
50 : 157 45 33 32 0
51 : 172 77 19 9 1
52 : 117 60 27 16 0
53 : 195 77 18 5 1
54 : 17 104 8 16 1
55 : 185 44 8 1 0
56 : 112 99 4 3 0
57 : 110 0 3 71 1
58 : 197 0 41 1 1
59 : 126 98 15 5 0
60 : 110 40 33 4 0
61 : 0 104 5 17 1
62 : 95 99 4 9 1
63 : 22 74 3 24 1
64 : 57 104 11 8 1
65 : 173 3 6 5 0
66 : 67 45 50 27 0
67 : 22 48 25 16 0
68 : 0 48 22 29 0
69 : 22 70 4 24 1
70 : 137 77 8 21 0
71 : 198 37 6 2 1
72 : 81 104 9 7 1
73 : 48 100 14 2 0
74 : 64 48 14 3 1
75 : 70 77 15 22 0
76 : 95 103 1 8 1
77 : 145 97 7 16 1
78 : 161 101 3 10 1
79 : 46 70 21 5 0
80 : 199 95 1 9 0
81 : 181 0 4 45 0
82 : 172 103 14 1 0
83 : 110 22 41 18 0
84 : 0 77 27 30 1
85 : 88 104 7 7 0
86 : 102 104 6 6 0
87 : 190 45 7 32 0
88 : 108 99 4 3 0
89 : 185 0 44 12 1
90 : 66 75 1 2 0
91 : 197 45 12 3 1
92 : 111 77 22 10 1
93 : 151 42 27 2 0
94 : 110 3 5 63 1
95 : 48 77 23 15 1
96 : 95 104 7 7 0
97 : 177 8 14 4 1
98 : 48 104 9 12 0
99 : 197 57 3 6 0
