1000 636
0 : 994 76 94 6 1
1 : 207 306 22 1 1
2 : 0 613 25 23 0
3 : 854 564 2 13 0
4 : 867 613 7 6 1
5 : 134 154 16 133 1
6 : 810 583 37 13 0
7 : 726 330 42 91 1
8 : 608 603 32 7 0
9 : 139 579 4 53 1
10 : 619 536 27 10 0
11 : 866 529 57 16 0
12 : 608 610 32 2 0
13 : 243 255 2 3 1
14 : 193 547 31 41 1
15 : 886 307 22 1 1
16 : 802 249 1 103 1
17 : 241 249 4 4 0
18 : 132 539 7 62 1
19 : 193 578 41 5 0
20 : 164 613 24 19 0
21 : 508 404 50 59 1
22 : 0 455 69 42 0
23 : 922 330 67 63 0
24 : 428 0 168 76 0
25 : 310 547 19 52 1
26 : 71 544 1 2 0
27 : 712 426 29 79 1
28 : 0 610 31 3 0
29 : 758 486 18 58 1
30 : 685 487 5 18 0
31 : 49 583 23 41 1
32 : 0 497 3 69 1
33 : 822 613 9 10 0
34 : 92 306 112 22 0
35 : 756 613 11 19 0
36 : 0 0 202 57 0
37 : 248 613 14 24 1
38 : 243 330 60 77 1
39 : 538 327 48 3 0
40 : 482 415 40 25 1
41 : 634 389 4 14 1
42 : 354 583 37 20 0
43 : 195 507 69 26 0
44 : 215 347 28 29 0
45 : 532 473 17 32 0
46 : 385 162 9 119 1
47 : 234 579 40 4 0
48 : 0 532 15 61 1
49 : 406 567 48 16 0
50 : 903 493 14 55 1
51 : 483 613 15 19 0
52 : 581 212 34 113 1
53 : 356 171 94 81 0
54 : 711 547 53 15 0
55 : 868 418 8 31 0
56 : 355 238 1 14 0
57 : 274 547 36 36 0
58 : 254 504 1 1 0
59 : 965 327 3 33 1
60 : 340 252 12 5 0
61 : 400 442 12 11 0
62 : 536 613 24 9 0
63 : 608 583 20 32 1
64 : 495 352 82 39 0
65 : 256 485 21 72 1
66 : 288 606 34 6 0
67 : 563 536 56 8 0
68 : 705 521 25 15 1
69 : 611 453 66 2 0
70 : 824 455 18 79 1
71 : 586 547 29 39 1
72 : 450 215 41 115 1
73 : 137 249 104 6 0
74 : 362 547 44 25 0
75 : 560 613 15 18 0
76 : 45 576 49 7 0
77 : 413 393 22 95 1
78 : 579 313 8 6 0
79 : 90 605 7 38 1
80 : 307 323 7 42 1
81 : 92 257 49 116 1
82 : 611 405 69 41 0
83 : 397 484 69 18 0
84 : 807 577 5 50 1
85 : 50 613 23 24 1
86 : 488 313 91 8 0
87 : 330 393 34 83 1
88 : 845 613 9 8 1
89 : 888 473 13 33 0
90 : 911 356 32 11 1
91 : 426 613 9 26 1
92 : 204 306 22 3 1
93 : 625 613 18 14 1
94 : 632 76 143 54 0
95 : 775 76 133 58 0
96 : 715 583 15 36 1
97 : 488 607 6 38 1
98 : 397 502 71 4 0
99 : 996 537 9 4 1
100 : 202 59 17 125 1
101 : 257 533 7 14 0
102 : 816 486 8 17 0
103 : 256 583 26 32 1
104 : 779 613 17 12 1
105 : 121 347 29 94 1
106 : 392 521 14 14 0
107 : 866 507 22 59 1
108 : 247 451 75 2 0
109 : 688 613 10 21 0
110 : 402 326 48 4 0
111 : 231 613 17 22 0
112 : 887 318 77 11 0
113 : 0 393 90 39 0
114 : 581 246 126 10 0
115 : 619 478 27 4 1
116 : 423 583 32 24 0
117 : 812 535 11 51 1
118 : 511 507 70 16 0
119 : 549 478 70 27 0
120 : 74 613 22 25 1
121 : 410 389 4 48 1
122 : 905 249 5 8 1
123 : 61 532 11 12 0
124 : 592 580 3 33 1
125 : 467 613 19 16 1
126 : 634 330 42 92 1
127 : 202 0 28 226 1
128 : 99 613 22 23 0
129 : 831 613 11 8 1
130 : 310 566 49 15 0
131 : 963 415 3 39 0
132 : 691 297 94 32 0
133 : 127 455 68 40 0
134 : 192 579 4 1 1
135 : 665 569 36 14 0
136 : 391 323 10 6 0
137 : 357 613 22 14 1
138 : 611 446 67 7 0
139 : 736 372 21 81 1
140 : 756 47 28 148 1
141 : 765 507 36 47 1
142 : 690 484 22 61 1
143 : 989 330 62 9 1
144 : 202 387 5 22 1
145 : 271 76 95 114 1
146 : 469 455 18 80 1
147 : 331 521 61 15 0
148 : 162 69 35 2 0
149 : 359 566 3 15 0
150 : 0 500 5 67 1
151 : 942 65 47 9 0
152 : 807 547 50 17 0
153 : 322 583 32 25 0
154 : 891 250 4 14 1
155 : 601 613 24 8 0
156 : 0 245 122 12 0
157 : 775 134 123 30 0
158 : 839 613 6 12 0
159 : 195 504 2 59 1
160 : 155 393 92 28 0
161 : 563 544 53 2 0
162 : 751 562 12 20 0
163 : 632 130 41 140 1
164 : 831 250 29 6 0
165 : 903 455 59 38 0
166 : 396 28 32 13 0
167 : 488 583 15 38 1
168 : 734 613 18 12 1
169 : 904 73 3 38 1
170 : 161 583 31 30 0
171 : 72 544 58 3 0
172 : 177 387 5 25 1
173 : 455 605 32 7 0
174 : 764 547 25 43 1
175 : 328 442 11 72 1
176 : 84 432 4 18 0
177 : 855 449 23 6 0
178 : 861 613 9 6 1
179 : 878 415 71 38 0
180 : 0 57 10 202 1
181 : 392 543 14 4 0
182 : 289 252 5 21 1
183 : 693 583 29 22 1
184 : 349 323 42 6 0
185 : 329 455 35 68 1
186 : 711 562 40 20 0
187 : 923 541 59 6 0
188 : 127 495 11 68 1
189 : 996 513 24 3 1
190 : 94 578 3 45 1
191 : 234 547 40 32 0
192 : 671 583 29 22 1
193 : 650 507 14 70 1
194 : 396 490 1 16 0
195 : 962 455 50 34 1
196 : 348 41 6 76 1
197 : 90 583 22 40 1
198 : 155 450 75 4 0
199 : 897 612 1 14 1
200 : 331 543 61 4 0
201 : 805 613 9 11 0
202 : 121 330 122 17 0
203 : 488 257 99 56 0
204 : 691 257 40 104 1
205 : 121 376 11 105 1
206 : 455 571 45 12 0
207 : 192 583 32 27 0
208 : 466 484 1 18 0
209 : 958 493 14 4 1
210 : 775 164 130 7 0
211 : 926 39 16 7 0
212 : 322 451 2 6 1
213 : 546 580 3 46 1
214 : 634 372 102 12 0
215 : 913 171 86 70 0
216 : 122 245 15 12 0
217 : 202 49 10 139 1
218 : 720 507 38 45 1
219 : 791 613 8 20 0
220 : 707 246 9 8 1
221 : 333 613 24 12 0
222 : 795 307 22 91 1
223 : 504 146 22 126 1
224 : 87 349 43 32 1
225 : 522 330 112 22 0
226 : 256 455 73 30 0
227 : 130 583 31 30 0
228 : 694 212 34 19 1
229 : 618 576 7 4 0
230 : 994 547 36 6 1
231 : 802 232 17 105 1
232 : 226 376 17 9 0
233 : 391 583 32 24 0
234 : 391 607 33 5 0
235 : 511 523 52 23 0
236 : 671 613 8 23 0
237 : 579 319 8 2 0
238 : 989 0 10 76 0
239 : 965 257 70 33 1
240 : 455 583 33 22 0
241 : 139 566 13 50 1
242 : 640 583 21 31 1
243 : 979 583 19 27 0
244 : 721 613 17 13 1
245 : 458 540 4 4 0
246 : 458 389 4 37 1
247 : 328 427 15 83 1
248 : 913 241 85 15 0
249 : 795 257 50 92 1
250 : 0 505 66 1 0
251 : 0 257 92 73 0
252 : 950 570 11 39 1
253 : 996 485 4 28 0
254 : 701 569 10 14 0
255 : 90 393 62 65 1
256 : 195 533 62 13 0
257 : 121 387 28 5 0
258 : 650 543 53 4 0
259 : 134 76 78 137 1
260 : 623 523 12 27 1
261 : 937 595 18 10 1
262 : 139 547 19 54 1
263 : 799 613 14 6 1
264 : 918 388 5 4 1
265 : 504 168 126 1 0
266 : 567 404 44 51 0
267 : 853 613 9 8 1
268 : 397 455 72 29 0
269 : 354 603 9 34 1
270 : 897 592 14 20 0
271 : 410 352 37 85 1
272 : 878 393 22 89 1
273 : 226 385 16 2 0
274 : 224 583 26 32 1
275 : 267 154 16 3 1
276 : 947 583 32 16 0
277 : 413 415 69 40 0
278 : 94 547 31 45 1
279 : 817 356 34 94 1
280 : 320 330 90 45 0
281 : 905 569 43 14 0
282 : 137 171 78 109 1
283 : 941 47 26 1 1
284 : 624 455 32 66 1
285 : 310 252 5 16 1
286 : 825 449 30 5 0
287 : 371 613 23 13 1
288 : 329 490 16 67 1
289 : 246 238 109 14 0
290 : 0 507 72 25 0
291 : 709 613 12 18 0
292 : 362 572 6 44 1
293 : 785 297 32 9 1
294 : 512 613 10 24 1
295 : 560 609 26 3 0
296 : 792 393 25 86 1
297 : 307 319 4 95 1
298 : 942 0 65 47 1
299 : 967 393 60 31 1
300 : 246 252 5 22 1
301 : 907 232 16 6 1
302 : 508 393 11 103 1
303 : 192 610 3 32 1
304 : 450 171 131 44 0
305 : 399 613 27 9 0
306 : 677 453 3 2 0
307 : 45 547 49 29 0
308 : 923 529 56 12 0
309 : 765 543 4 47 1
310 : 817 330 26 105 1
311 : 341 49 86 10 0
312 : 634 384 5 101 1
313 : 925 507 57 22 0
314 : 771 598 14 14 0
315 : 802 171 61 111 1
316 : 577 352 50 41 0
317 : 488 329 50 1 0
318 : 189 566 13 4 1
319 : 632 352 2 39 0
320 : 327 74 2 100 1
321 : 301 613 18 18 0
322 : 680 405 49 30 1
323 : 538 321 48 6 0
324 : 307 257 95 62 0
325 : 127 506 68 1 0
326 : 0 349 41 87 1
327 : 804 572 10 3 1
328 : 202 41 8 146 1
329 : 384 613 21 15 1
330 : 807 564 47 13 0
331 : 405 375 14 5 1
332 : 814 613 12 8 1
333 : 266 609 14 4 0
334 : 950 547 23 44 1
335 : 810 596 33 13 0
336 : 272 613 29 8 0
337 : 0 166 130 5 0
338 : 232 421 15 33 0
339 : 665 547 22 46 1
340 : 402 257 69 86 1
341 : 264 542 61 4 0
342 : 162 67 2 38 1
343 : 756 0 39 186 1
344 : 280 609 8 4 0
345 : 385 76 119 86 0
346 : 857 547 48 19 0
347 : 679 613 22 9 1
348 : 758 504 65 3 0
349 : 61 544 10 2 0
350 : 469 473 33 63 1
351 : 743 598 28 14 0
352 : 787 583 23 28 0
353 : 949 415 40 14 1
354 : 119 349 43 1 1
355 : 224 387 6 18 1
356 : 546 547 29 40 1
357 : 989 392 1 9 1
358 : 847 608 4 24 1
359 : 488 598 38 9 0
360 : 0 547 34 45 1
361 : 208 257 99 58 0
362 : 546 576 4 58 1
363 : 0 605 42 5 0
364 : 264 507 67 28 0
365 : 772 130 41 3 1
366 : 698 613 11 19 0
367 : 650 521 55 22 0
368 : 319 613 14 22 0
369 : 900 566 17 5 1
370 : 625 575 8 40 1
371 : 871 583 9 40 1
372 : 575 613 7 26 1
373 : 690 455 68 29 0
374 : 843 596 4 13 0
375 : 712 393 33 80 1
376 : 810 609 35 3 0
377 : 155 421 77 29 0
378 : 911 595 26 18 0
379 : 195 499 5 61 1
380 : 908 76 86 94 0
381 : 362 578 42 5 0
382 : 596 0 66 160 1
383 : 640 604 31 9 0
384 : 72 507 37 60 1
385 : 639 613 10 22 0
386 : 452 613 15 20 0
387 : 857 566 43 17 0
388 : 905 547 45 22 0
389 : 69 455 52 58 1
390 : 764 572 40 10 0
391 : 188 613 24 16 0
392 : 410 330 112 22 0
393 : 142 613 22 22 0
394 : 979 529 2 12 0
395 : 746 613 10 20 0
396 : 25 613 25 22 0
397 : 596 66 10 150 1
398 : 792 449 4 33 1
399 : 587 257 50 104 1
400 : 565 215 40 15 1
401 : 0 171 53 137 1
402 : 996 455 4 30 0
403 : 407 507 56 33 0
404 : 132 507 32 63 1
405 : 604 576 4 14 1
406 : 581 171 134 41 0
407 : 212 613 19 20 0
408 : 911 388 5 7 1
409 : 812 507 28 54 1
410 : 326 252 14 5 0
411 : 224 609 42 4 0
412 : 751 583 36 15 0
413 : 587 307 94 23 0
414 : 288 583 34 23 0
415 : 87 606 3 4 0
416 : 488 321 50 8 0
417 : 322 608 32 4 0
418 : 624 487 18 61 1
419 : 331 536 58 7 0
420 : 871 611 24 2 0
421 : 549 455 23 75 1
422 : 863 535 11 2 1
423 : 0 67 162 5 0
424 : 0 432 84 20 0
425 : 246 171 110 67 0
426 : 746 66 10 9 0
427 : 905 164 3 4 0
428 : 715 598 28 15 0
429 : 498 613 14 20 0
430 : 450 326 3 38 1
431 : 327 59 15 100 1
432 : 389 536 18 7 0
433 : 0 600 5 42 1
434 : 792 418 76 31 0
435 : 756 39 8 170 1
436 : 268 252 21 5 0
437 : 407 540 5 51 1
438 : 500 570 13 45 1
439 : 947 599 14 32 1
440 : 847 583 25 24 1
441 : 887 257 78 61 0
442 : 989 570 9 4 1
443 : 611 393 12 101 1
444 : 328 485 21 1 1
445 : 0 224 135 21 0
446 : 424 41 6 4 1
447 : 625 547 28 40 1
448 : 0 76 134 90 0
449 : 0 583 49 17 0
450 : 463 507 40 48 1
451 : 824 473 33 64 1
452 : 247 393 34 83 1
453 : 348 47 2 80 1
454 : 208 315 95 12 0
455 : 560 583 26 26 0
456 : 904 47 26 37 1
457 : 526 601 33 11 0
458 : 121 613 23 21 1
459 : 802 250 7 29 1
460 : 649 613 11 20 0
461 : 563 523 13 60 1
462 : 823 504 2 1 1
463 : 982 507 40 14 1
464 : 586 583 30 22 1
465 : 455 547 24 45 1
466 : 751 484 6 22 0
467 : 758 455 66 31 0
468 : 42 600 9 6 1
469 : 195 455 44 61 1
470 : 508 454 1 59 1
471 : 247 427 24 81 1
472 : 871 592 19 26 1
473 : 0 330 19 121 1
474 : 500 547 46 23 0
475 : 424 607 6 31 1
476 : 627 352 5 41 0
477 : 767 613 12 18 0
478 : 320 375 15 85 1
479 : 149 387 5 28 1
480 : 715 171 86 87 1
481 : 911 583 36 12 0
482 : 264 535 64 7 0
483 : 130 166 5 4 1
484 : 526 583 34 18 0
485 : 898 134 30 10 1
486 : 202 28 194 13 0
487 : 49 606 38 6 0
488 : 468 502 1 4 0
489 : 137 255 106 2 0
490 : 660 613 11 20 0
491 : 303 315 4 12 0
492 : 681 307 22 10 1
493 : 504 76 70 128 1
494 : 331 507 14 76 1
495 : 860 250 4 31 1
496 : 230 450 2 4 0
497 : 581 507 69 16 0
498 : 406 547 20 49 1
499 : 710 405 2 50 0
