100 50
0 : 0 7 4 22 1
1 : 11 24 9 4 0
2 : 0 30 18 10 0
3 : 90 7 19 9 1
4 : 77 30 5 4 1
5 : 19 14 3 3 0
6 : 84 2 4 15 1
7 : 14 5 1 3 1
8 : 17 3 13 3 0
9 : 64 30 13 14 0
10 : 17 28 2 4 1
11 : 38 6 1 14 1
12 : 11 11 8 13 0
13 : 52 6 1 7 1
14 : 0 11 11 16 0
15 : 84 6 11 1 0
16 : 0 0 38 1 0
17 : 22 22 9 5 0
18 : 90 26 2 8 1
19 : 11 28 6 2 0
20 : 7 27 2 4 1
21 : 38 0 2 21 1
22 : 60 30 4 5 0
23 : 0 1 17 4 0
24 : 90 28 7 2 0
25 : 95 6 5 1 0
26 : 38 3 3 17 1
27 : 27 27 2 3 0
28 : 59 0 7 25 1
29 : 19 11 3 3 0
30 : 30 1 4 7 1
31 : 42 22 8 10 1
32 : 22 7 32 15 0
33 : 22 27 5 3 0
34 : 0 27 7 3 0
35 : 84 0 2 14 1
36 : 55 30 5 6 0
37 : 0 5 14 1 0
38 : 31 22 11 8 0
39 : 44 30 15 11 1
40 : 0 6 9 1 0
41 : 38 2 1 17 1
42 : 55 2 3 4 0
43 : 18 30 20 26 1
44 : 17 1 13 2 0
45 : 81 30 4 4 0
46 : 9 6 1 8 1
47 : 54 7 23 36 1
48 : 98 0 2 2 0
49 : 20 24 4 2 1
