1000 1175
0 : 905 220 94 6 0
1 : 999 457 22 1 1
2 : 322 1089 25 23 1
3 : 777 922 2 13 0
4 : 600 1089 7 6 1
5 : 404 85 16 133 1
6 : 442 790 37 13 0
7 : 876 491 42 91 1
8 : 277 790 32 7 0
9 : 990 296 4 53 0
10 : 687 827 27 10 1
11 : 967 28 57 16 1
12 : 972 457 32 2 1
13 : 685 1089 2 3 0
14 : 863 922 31 41 0
15 : 999 491 22 1 1
16 : 601 113 1 103 1
17 : 778 1089 4 4 0
18 : 965 154 7 62 0
19 : 987 408 41 5 1
20 : 904 1003 24 19 1
21 : 0 1003 50 59 1
22 : 956 704 69 42 1
23 : 18 1089 67 63 0
24 : 103 220 168 76 0
25 : 404 704 19 52 0
26 : 647 1089 1 2 0
27 : 594 491 29 79 1
28 : 868 704 31 3 1
29 : 685 614 18 58 0
30 : 324 922 5 18 0
31 : 617 827 23 41 0
32 : 450 408 3 69 1
33 : 637 1089 9 10 0
34 : 366 220 112 22 0
35 : 407 1003 11 19 0
36 : 186 28 202 57 0
37 : 849 922 14 24 0
38 : 807 827 60 77 0
39 : 997 154 48 3 1
40 : 181 922 40 25 1
41 : 794 922 4 14 0
42 : 772 827 37 20 1
43 : 382 614 69 26 1
44 : 652 1089 28 29 0
45 : 225 922 17 32 0
46 : 798 85 9 119 1
47 : 972 408 40 4 1
48 : 601 569 15 61 1
49 : 423 704 48 16 1
50 : 953 28 14 55 0
51 : 93 1089 15 19 0
52 : 802 296 34 113 1
53 : 329 922 94 81 0
54 : 782 614 53 15 1
55 : 646 790 8 31 1
56 : 999 827 1 14 0
57 : 828 1089 36 36 0
58 : 864 1089 1 1 0
59 : 969 457 3 33 0
60 : 598 1003 12 5 1
61 : 687 1089 12 11 1
62 : 242 922 24 9 1
63 : 457 922 20 32 0
64 : 134 614 82 39 1
65 : 555 491 21 72 0
66 : 984 457 34 6 1
67 : 980 491 56 8 1
68 : 779 922 25 15 1
69 : 937 154 66 2 1
70 : 567 457 18 79 1
71 : 798 922 29 39 0
72 : 324 350 41 115 1
73 : 100 154 104 6 0
74 : 232 827 44 25 0
75 : 161 1089 15 18 0
76 : 954 408 49 7 1
77 : 439 350 22 95 1
78 : 316 1089 8 6 1
79 : 992 113 7 38 0
80 : 954 0 7 42 1
81 : 174 408 49 116 1
82 : 871 704 69 41 1
83 : 576 491 69 18 1
84 : 993 491 5 50 0
85 : 419 1089 23 24 0
86 : 616 296 91 8 0
87 : 83 569 34 83 1
88 : 399 1089 9 8 1
89 : 117 827 13 33 0
90 : 961 790 32 11 1
91 : 792 827 9 26 0
92 : 229 827 22 3 1
93 : 0 1089 18 14 0
94 : 0 296 143 54 0
95 : 191 350 133 58 0
96 : 975 790 15 36 0
97 : 980 113 6 38 0
98 : 290 408 71 4 0
99 : 962 1003 9 4 1
100 : 122 113 17 125 1
101 : 591 1003 7 14 0
102 : 973 922 8 17 0
103 : 834 1003 26 32 0
104 : 950 1003 17 12 1
105 : 672 408 29 94 1
106 : 782 1089 14 14 0
107 : 843 614 22 59 0
108 : 915 296 75 2 0
109 : 587 922 10 21 0
110 : 956 350 48 4 1
111 : 887 1003 17 22 0
112 : 519 408 77 11 0
113 : 449 491 90 39 0
114 : 537 85 126 10 0
115 : 733 790 27 4 1
116 : 280 1003 32 24 1
117 : 983 28 11 51 0
118 : 394 491 70 16 1
119 : 438 614 70 27 1
120 : 263 1089 22 25 0
121 : 960 350 4 48 0
122 : 285 1089 5 8 0
123 : 589 1089 11 12 0
124 : 974 457 3 33 0
125 : 290 1089 19 16 1
126 : 673 491 42 92 1
127 : 0 0 28 226 1
128 : 377 1089 22 23 0
129 : 131 1089 11 8 1
130 : 982 614 49 15 1
131 : 992 408 3 39 0
132 : 315 457 94 32 0
133 : 912 704 68 40 1
134 : 306 1089 4 1 1
135 : 853 790 36 14 1
136 : 981 1003 10 6 1
137 : 175 1003 22 14 1
138 : 740 457 67 7 0
139 : 807 457 21 81 1
140 : 256 85 28 148 1
141 : 649 922 36 47 0
142 : 760 614 22 61 0
143 : 985 154 62 9 1
144 : 766 827 5 22 0
145 : 418 827 95 114 1
146 : 235 457 18 80 1
147 : 540 569 61 15 0
148 : 998 408 35 2 1
149 : 477 922 3 15 0
150 : 168 457 5 67 1
151 : 961 408 47 9 1
152 : 375 704 50 17 1
153 : 484 1003 32 25 1
154 : 898 922 4 14 0
155 : 79 922 24 8 1
156 : 0 113 122 12 0
157 : 813 154 123 30 0
158 : 738 1003 6 12 0
159 : 951 154 2 59 0
160 : 0 457 92 28 0
161 : 994 154 53 2 1
162 : 268 1003 12 20 0
163 : 825 113 41 140 1
164 : 842 790 29 6 1
165 : 45 827 59 38 0
166 : 375 827 32 13 1
167 : 603 790 15 38 1
168 : 726 1003 18 12 1
169 : 965 113 3 38 0
170 : 559 1089 31 30 1
171 : 972 154 58 3 1
172 : 990 790 5 25 0
173 : 343 790 32 7 0
174 : 592 827 25 43 0
175 : 495 457 11 72 1
176 : 308 922 4 18 0
177 : 801 827 23 6 1
178 : 257 1089 9 6 1
179 : 163 704 71 38 0
180 : 226 0 10 202 1
181 : 894 922 14 4 1
182 : 977 827 5 21 0
183 : 569 1003 29 22 1
184 : 981 408 42 6 1
185 : 95 704 35 68 1
186 : 130 827 40 20 0
187 : 979 154 59 6 1
188 : 265 491 11 68 0
189 : 972 790 24 3 1
190 : 991 350 3 45 0
191 : 212 1003 40 32 1
192 : 647 1003 29 22 1
193 : 276 491 14 70 0
194 : 998 827 1 16 0
195 : 0 922 50 34 0
196 : 873 350 6 76 1
197 : 532 827 22 40 0
198 : 534 350 75 4 0
199 : 426 922 1 14 0
200 : 947 154 61 4 1
201 : 347 1089 9 11 0
202 : 247 113 122 17 0
203 : 173 614 99 56 0
204 : 850 408 40 104 1
205 : 414 154 11 105 1
206 : 392 704 45 12 1
207 : 923 1003 32 27 1
208 : 771 827 1 18 0
209 : 940 922 14 4 1
210 : 126 85 130 7 0
211 : 981 922 16 7 1
212 : 987 1003 2 6 0
213 : 976 350 3 46 0
214 : 702 220 102 12 0
215 : 87 922 86 70 0
216 : 245 1089 15 12 1
217 : 684 28 10 139 1
218 : 531 1003 38 45 0
219 : 495 922 8 20 0
220 : 407 1089 9 8 1
221 : 541 922 24 12 1
222 : 0 408 22 91 1
223 : 475 113 22 126 1
224 : 697 922 43 32 1
225 : 478 220 112 22 0
226 : 408 614 73 30 1
227 : 442 1089 31 30 1
228 : 206 922 34 19 1
229 : 241 1089 7 4 1
230 : 652 704 36 6 1
231 : 143 296 17 105 1
232 : 304 1003 17 9 1
233 : 244 1003 32 24 1
234 : 994 457 33 5 1
235 : 761 704 52 23 1
236 : 173 922 8 23 0
237 : 698 1003 8 2 1
238 : 596 408 10 76 1
239 : 797 614 70 33 1
240 : 755 922 33 22 1
241 : 830 614 13 50 0
242 : 906 922 21 31 0
243 : 193 1003 19 27 0
244 : 108 1089 17 13 1
245 : 865 1089 4 4 0
246 : 968 113 4 37 0
247 : 91 408 15 83 1
248 : 703 350 85 15 0
249 : 494 614 50 92 1
250 : 936 154 66 1 1
251 : 283 827 92 73 0
252 : 857 704 11 39 0
253 : 996 0 4 28 0
254 : 121 1089 10 14 0
255 : 176 1089 62 65 1
256 : 967 491 62 13 1
257 : 641 790 28 5 1
258 : 994 296 53 4 1
259 : 0 491 78 137 1
260 : 251 922 12 27 0
261 : 452 1003 18 10 1
262 : 918 614 19 54 0
263 : 118 1003 14 6 1
264 : 648 1089 5 4 1
265 : 0 85 126 1 0
266 : 603 1003 44 51 0
267 : 698 1089 9 8 1
268 : 465 614 72 29 1
269 : 309 790 9 34 1
270 : 744 1003 14 20 0
271 : 243 569 37 85 1
272 : 361 408 22 89 1
273 : 312 922 16 2 1
274 : 700 1003 26 32 0
275 : 423 922 16 3 1
276 : 982 827 32 16 1
277 : 817 704 69 40 1
278 : 277 922 31 45 0
279 : 646 457 34 94 1
280 : 749 569 90 45 0
281 : 803 704 43 14 1
282 : 543 704 78 109 1
283 : 999 113 26 1 1
284 : 950 614 32 66 0
285 : 685 922 5 16 0
286 : 247 790 30 5 0
287 : 927 922 23 13 1
288 : 539 491 16 67 0
289 : 305 154 109 14 0
290 : 468 569 72 25 0
291 : 758 1003 12 18 0
292 : 976 569 6 44 0
293 : 525 790 32 9 0
294 : 314 922 10 24 0
295 : 997 85 26 3 1
296 : 409 457 25 86 1
297 : 271 220 4 95 1
298 : 640 827 65 47 1
299 : 701 704 60 31 1
300 : 972 827 5 22 0
301 : 829 922 16 6 1
302 : 0 220 11 103 1
303 : 981 457 3 32 0
304 : 248 296 131 44 0
305 : 568 827 27 9 1
306 : 680 1089 3 2 1
307 : 170 827 49 29 0
308 : 964 350 56 12 1
309 : 979 350 4 47 0
310 : 0 350 26 105 1
311 : 105 350 86 10 0
312 : 204 154 5 101 1
313 : 865 614 57 22 1
314 : 814 1089 14 14 0
315 : 765 491 61 111 1
316 : 59 1003 50 41 1
317 : 996 154 50 1 1
318 : 993 922 13 4 1
319 : 998 28 2 39 0
320 : 0 154 2 100 1
321 : 796 1089 18 18 0
322 : 388 827 49 30 1
323 : 994 350 48 6 1
324 : 0 704 95 62 0
325 : 999 220 68 1 1
326 : 662 569 41 87 1
327 : 509 1003 10 3 1
328 : 538 28 8 146 1
329 : 669 1003 21 15 1
330 : 937 614 47 13 1
331 : 988 922 14 5 1
332 : 85 1089 12 8 1
333 : 845 922 14 4 1
334 : 909 790 23 44 1
335 : 104 827 33 13 1
336 : 953 790 29 8 1
337 : 823 28 130 5 0
338 : 577 827 15 33 0
339 : 479 790 22 46 1
340 : 697 827 69 86 0
341 : 943 154 61 4 1
342 : 970 408 2 38 0
343 : 0 28 39 186 1
344 : 989 1003 8 4 1
345 : 256 704 119 86 0
346 : 784 704 48 19 1
347 : 427 922 22 9 1
348 : 939 154 65 3 1
349 : 998 922 10 2 1
350 : 668 704 33 63 0
351 : 263 922 28 14 1
352 : 860 1003 23 28 0
353 : 0 790 40 14 0
354 : 998 491 43 1 1
355 : 451 922 6 18 0
356 : 620 922 29 40 0
357 : 997 922 1 9 0
358 : 995 790 4 24 0
359 : 732 704 38 9 1
360 : 553 922 34 45 0
361 : 586 614 99 58 0
362 : 975 154 4 58 0
363 : 985 569 42 5 1
364 : 732 614 67 28 1
365 : 982 569 41 3 1
366 : 164 1003 11 19 0
367 : 234 704 55 22 1
368 : 104 1003 14 22 0
369 : 480 922 17 5 1
370 : 972 113 8 40 0
371 : 534 704 9 40 0
372 : 276 827 7 26 0
373 : 703 614 68 29 1
374 : 100 1003 4 13 0
375 : 388 569 33 80 1
376 : 997 614 35 3 1
377 : 166 569 77 29 0
378 : 434 1003 26 18 1
379 : 960 154 5 61 0
380 : 313 1003 86 94 1
381 : 990 569 42 5 1
382 : 519 154 66 160 1
383 : 867 790 31 9 1
384 : 782 790 37 60 1
385 : 531 922 10 22 0
386 : 966 1003 15 20 0
387 : 110 790 43 17 0
388 : 737 790 45 22 0
389 : 782 1003 52 58 0
390 : 658 704 40 10 1
391 : 418 1003 24 16 1
392 : 590 220 112 22 0
393 : 730 1089 22 22 0
394 : 827 922 2 12 0
395 : 835 922 10 20 0
396 : 139 1089 25 22 1
397 : 388 28 10 150 1
398 : 977 457 4 33 0
399 : 290 491 50 104 1
400 : 207 790 40 15 0
401 : 479 296 53 137 1
402 : 40 790 4 30 1
403 : 677 790 56 33 0
404 : 469 704 32 63 0
405 : 902 922 4 14 0
406 : 679 154 134 41 0
407 : 618 1089 19 20 0
408 : 307 1089 5 7 0
409 : 153 790 28 54 1
410 : 955 922 14 5 1
411 : 994 28 42 4 1
412 : 894 790 36 15 1
413 : 609 350 94 23 0
414 : 597 922 34 23 1
415 : 615 1089 3 4 0
416 : 983 350 50 8 1
417 : 990 457 32 4 1
418 : 915 569 18 61 1
419 : 949 350 58 7 1
420 : 998 704 24 2 1
421 : 426 491 23 75 0
422 : 971 922 11 2 1
423 : 792 0 162 5 0
424 : 766 408 84 20 0
425 : 272 614 110 67 0
426 : 606 1089 10 9 1
427 : 682 1089 3 4 0
428 : 436 922 28 15 1
429 : 684 1003 14 20 0
430 : 995 408 3 38 0
431 : 379 296 15 100 1
432 : 690 922 18 7 1
433 : 995 569 5 42 0
434 : 839 569 76 31 0
435 : 622 0 8 170 1
436 : 68 922 21 5 1
437 : 988 491 5 51 0
438 : 439 704 13 45 0
439 : 554 827 14 32 0
440 : 706 1089 25 24 1
441 : 911 827 78 61 1
442 : 883 1003 9 4 1
443 : 804 220 12 101 1
444 : 999 790 21 1 1
445 : 663 85 135 21 0
446 : 312 1089 6 4 1
447 : 503 922 28 40 0
448 : 0 614 134 90 0
449 : 452 704 49 17 1
450 : 124 1003 40 48 0
451 : 501 704 33 64 0
452 : 0 569 34 83 1
453 : 917 85 2 80 1
454 : 707 296 95 12 0
455 : 752 1089 26 26 0
456 : 729 922 26 37 0
457 : 883 790 33 11 1
458 : 356 1089 23 21 1
459 : 876 790 7 29 0
460 : 944 922 11 20 0
461 : 328 569 13 60 1
462 : 646 1089 2 1 1
463 : 70 790 40 14 0
464 : 462 1003 30 22 1
465 : 0 827 24 45 1
466 : 73 922 6 22 0
467 : 887 614 66 31 1
468 : 994 1003 9 6 1
469 : 867 827 44 61 0
470 : 942 154 1 59 0
471 : 888 457 24 81 1
472 : 512 1003 19 26 0
473 : 704 113 19 121 1
474 : 557 790 46 23 0
475 : 375 790 6 31 1
476 : 976 408 5 41 0
477 : 770 1003 12 18 0
478 : 788 350 15 85 1
479 : 848 790 5 28 0
480 : 472 1089 86 87 1
481 : 406 790 36 12 0
482 : 953 154 64 7 1
483 : 415 1089 5 4 1
484 : 50 922 34 18 1
485 : 219 827 30 10 1
486 : 428 0 194 13 0
487 : 986 113 38 6 1
488 : 993 1003 1 4 0
489 : 369 113 106 2 0
490 : 960 922 11 20 0
491 : 189 1003 4 12 0
492 : 485 922 22 10 1
493 : 137 491 70 128 1
494 : 92 457 14 76 1
495 : 952 704 4 31 0
496 : 345 1089 2 4 0
497 : 410 491 69 16 1
498 : 741 704 20 49 0
499 : 998 296 2 50 0
