300 345
0 : 235 277 2 3 0
1 : 20 254 18 12 0
2 : 42 216 14 5 0
3 : 220 254 11 6 1
4 : 247 254 12 16 0
5 : 103 50 6 44 1
6 : 213 216 2 10 0
7 : 196 142 2 23 1
8 : 181 7 52 6 0
9 : 125 102 12 39 1
10 : 196 155 7 26 1
11 : 123 277 10 13 0
12 : 109 184 19 3 1
13 : 122 7 59 12 0
14 : 217 184 2 14 0
15 : 259 254 8 4 1
16 : 36 306 39 39 0
17 : 267 184 14 24 0
18 : 242 277 20 19 1
19 : 25 306 4 4 0
20 : 27 277 18 14 1
21 : 225 184 12 23 0
22 : 0 184 30 12 0
23 : 267 277 1 2 0
24 : 0 216 2 11 1
25 : 45 155 5 26 1
26 : 275 216 9 16 0
27 : 117 64 65 32 0
28 : 0 277 23 19 0
29 : 143 184 5 19 0
30 : 266 254 10 14 0
31 : 218 119 6 30 1
32 : 276 64 31 1 1
33 : 241 184 16 5 1
34 : 170 155 26 6 0
35 : 201 254 8 3 1
36 : 206 216 7 15 0
37 : 75 306 2 2 0
38 : 54 142 1 24 1
39 : 135 24 9 50 1
40 : 227 254 7 2 1
41 : 0 254 20 14 0
42 : 112 184 22 6 1
43 : 261 277 3 4 0
44 : 212 277 2 4 0
45 : 199 254 7 2 1
46 : 0 119 22 48 1
47 : 68 24 67 26 0
48 : 268 277 22 23 0
49 : 85 119 39 14 0
50 : 139 142 7 29 1
51 : 186 64 13 45 1
52 : 168 155 22 2 1
53 : 73 216 14 5 0
54 : 281 184 19 29 0
55 : 80 254 8 2 1
56 : 248 119 46 23 0
57 : 156 184 22 9 1
58 : 221 216 7 14 0
59 : 231 64 1 33 0
60 : 132 184 25 9 1
61 : 11 216 13 4 0
62 : 82 254 23 29 1
63 : 137 155 11 31 1
64 : 260 184 14 3 1
65 : 234 277 1 2 0
66 : 80 184 7 25 0
67 : 244 142 28 7 0
68 : 214 277 20 22 0
69 : 253 184 15 4 1
70 : 219 142 4 25 1
71 : 171 254 9 4 1
72 : 250 216 23 16 1
73 : 157 254 14 19 0
74 : 158 119 10 34 1
75 : 0 306 9 9 0
76 : 210 277 2 4 0
77 : 0 0 103 7 0
78 : 292 277 4 3 1
79 : 48 119 11 37 1
80 : 154 254 8 3 1
81 : 78 142 4 26 1
82 : 223 184 14 2 1
83 : 284 216 8 15 0
84 : 232 64 13 44 1
85 : 147 50 40 2 0
86 : 223 102 12 38 1
87 : 261 102 39 13 0
88 : 219 184 4 16 0
89 : 227 50 2 37 1
90 : 264 277 4 3 1
91 : 79 277 6 9 0
92 : 87 216 13 4 0
93 : 85 277 12 15 0
94 : 71 155 22 2 1
95 : 139 254 7 13 0
96 : 104 142 13 35 1
97 : 224 155 29 48 1
98 : 215 216 9 1 1
99 : 164 102 30 3 0
100 : 73 155 11 31 1
101 : 222 155 21 2 1
102 : 9 306 4 4 0
103 : 153 184 14 1 1
104 : 216 216 1 9 0
105 : 133 277 9 12 0
106 : 187 50 2 40 1
107 : 229 254 22 18 1
108 : 56 216 8 17 1
109 : 165 184 13 1 1
110 : 111 254 22 28 1
111 : 89 102 8 36 1
112 : 263 254 3 7 0
113 : 166 277 18 15 1
114 : 228 216 14 21 0
115 : 0 155 24 45 1
116 : 203 277 4 2 1
117 : 183 216 22 14 1
118 : 103 0 95 1 0
119 : 0 24 26 68 1
120 : 237 184 15 4 1
121 : 205 277 5 7 0
122 : 137 216 46 38 0
123 : 181 277 4 1 1
124 : 237 277 4 5 0
125 : 198 0 58 2 0
126 : 146 254 14 8 1
127 : 0 102 17 47 1
128 : 94 306 15 15 0
129 : 211 184 6 18 0
130 : 197 216 9 17 0
131 : 141 184 16 2 1
132 : 41 277 9 6 1
133 : 29 306 7 7 0
134 : 263 184 14 4 1
135 : 96 184 5 22 0
136 : 97 277 12 15 0
137 : 292 216 11 5 1
138 : 211 254 9 14 0
139 : 104 155 33 13 0
140 : 23 277 8 4 1
141 : 168 142 28 7 0
142 : 233 7 17 59 1
143 : 182 64 4 37 0
144 : 116 216 9 1 0
145 : 142 277 6 9 0
146 : 166 184 20 8 1
147 : 30 142 24 1 0
148 : 0 50 14 54 1
149 : 54 50 49 10 0
150 : 38 254 14 8 0
151 : 24 216 9 18 1
152 : 148 277 4 7 0
153 : 266 216 9 16 0
154 : 174 184 25 37 1
155 : 47 277 32 29 0
156 : 276 254 8 4 1
157 : 154 184 2 15 0
158 : 0 7 61 5 0
159 : 87 184 4 22 0
160 : 242 216 8 15 0
161 : 52 254 19 25 1
162 : 101 184 4 21 0
163 : 148 184 5 19 0
164 : 175 254 19 24 1
165 : 152 277 14 17 0
166 : 280 254 7 3 1
167 : 194 102 29 3 0
168 : 249 184 15 4 1
169 : 182 277 10 12 0
170 : 74 64 43 9 0
171 : 257 184 14 3 1
172 : 290 277 2 3 0
173 : 105 184 20 4 1
174 : 185 24 22 62 1
175 : 77 306 17 17 0
176 : 192 119 26 2 0
177 : 111 277 15 12 1
178 : 72 64 2 36 0
179 : 30 184 32 50 1
180 : 91 184 5 22 0
181 : 100 216 16 8 0
182 : 118 184 14 30 0
183 : 109 277 5 2 1
184 : 241 277 1 2 0
185 : 204 254 8 3 1
186 : 0 142 30 7 0
187 : 207 254 4 9 0
188 : 77 254 9 3 1
189 : 246 184 14 3 1
190 : 47 102 42 14 0
191 : 124 119 34 9 0
192 : 217 216 4 11 0
193 : 0 64 38 72 1
194 : 226 254 6 1 1
195 : 200 277 3 5 0
196 : 192 277 10 8 1
197 : 13 306 12 12 0
198 : 125 216 4 12 1
199 : 61 7 13 61 1
