100 46
0 : 94 0 4 22 0
1 : 72 36 9 4 0
2 : 14 23 18 10 0
3 : 48 23 19 9 0
4 : 89 36 5 4 1
5 : 85 41 3 3 0
6 : 10 36 4 15 1
7 : 31 33 1 3 0
8 : 36 20 13 3 0
9 : 0 23 13 14 1
10 : 72 41 2 4 1
11 : 32 35 1 14 1
12 : 82 23 8 13 0
13 : 93 40 1 7 1
14 : 32 23 11 16 1
15 : 10 40 11 1 0
16 : 34 36 38 1 0
17 : 25 36 9 5 0
18 : 92 15 2 8 0
19 : 0 44 6 2 0
20 : 87 21 2 4 1
21 : 98 0 2 21 0
22 : 85 36 4 5 0
23 : 48 32 17 4 0
24 : 90 34 7 2 0
25 : 76 41 5 1 0
26 : 14 33 3 17 1
27 : 97 34 2 3 1
28 : 62 15 7 25 1
29 : 88 41 3 3 0
30 : 81 36 4 7 0
31 : 0 36 8 10 1
32 : 62 0 32 15 0
33 : 56 20 5 3 0
34 : 49 20 7 3 0
35 : 67 34 2 14 1
36 : 87 15 5 6 0
37 : 32 34 14 1 0
38 : 90 23 11 8 1
39 : 67 23 15 11 0
40 : 72 40 9 1 0
41 : 62 22 1 17 1
42 : 97 36 3 4 0
43 : 36 0 20 26 1
44 : 98 21 13 2 1
45 : 93 36 4 4 0
46 : 79 22 1 8 1
47 : 0 0 23 36 1
48 : 46 34 2 2 0
49 : 65 32 4 2 1
