1000 933
0 : 699 802 94 6 0
1 : 999 689 22 1 1
2 : 636 802 25 23 0
3 : 984 920 2 13 1
4 : 926 920 7 6 1
5 : 449 506 16 133 1
6 : 458 826 37 13 0
7 : 819 315 42 91 1
8 : 993 653 32 7 1
9 : 215 883 4 53 1
10 : 277 868 27 10 0
11 : 109 748 57 16 0
12 : 998 473 32 2 1
13 : 89 929 2 3 0
14 : 475 653 31 41 1
15 : 999 621 22 1 1
16 : 780 911 1 103 1
17 : 69 929 4 4 0
18 : 773 826 7 62 1
19 : 722 883 41 5 0
20 : 597 826 24 19 0
21 : 691 377 50 59 1
22 : 750 377 69 42 0
23 : 933 181 67 63 1
24 : 0 0 168 76 0
25 : 639 718 19 52 1
26 : 93 929 1 2 0
27 : 889 473 29 79 1
28 : 44 920 31 3 0
29 : 396 718 18 58 1
30 : 95 920 5 18 1
31 : 847 718 23 41 1
32 : 612 883 3 69 1
33 : 85 920 9 10 1
34 : 286 473 112 22 0
35 : 574 883 11 19 1
36 : 302 0 202 57 0
37 : 986 802 14 24 0
38 : 901 254 60 77 1
39 : 705 897 48 3 0
40 : 554 718 40 25 0
41 : 694 920 4 14 1
42 : 562 776 37 20 0
43 : 325 585 69 26 0
44 : 694 748 28 29 1
45 : 982 621 17 32 0
46 : 155 718 9 119 1
47 : 506 897 40 4 0
48 : 0 748 15 61 1
49 : 306 776 48 16 0
50 : 251 776 14 55 1
51 : 169 868 15 19 1
52 : 706 315 34 113 1
53 : 915 0 94 81 1
54 : 32 776 53 15 0
55 : 547 868 8 31 1
56 : 999 883 1 14 0
57 : 229 653 36 36 0
58 : 95 929 1 1 0
59 : 894 911 3 33 1
60 : 567 920 12 5 0
61 : 950 897 12 11 1
62 : 101 883 24 9 0
63 : 208 802 20 32 1
64 : 213 377 82 39 0
65 : 54 621 21 72 1
66 : 763 883 34 6 0
67 : 621 826 56 8 0
68 : 303 849 25 15 0
69 : 0 911 66 2 0
70 : 627 621 18 79 1
71 : 657 689 29 39 1
72 : 0 315 41 115 1
73 : 298 802 104 6 0
74 : 875 689 44 25 0
75 : 259 868 15 18 1
76 : 514 849 49 7 0
77 : 837 506 22 95 1
78 : 862 920 8 6 1
79 : 304 868 7 38 1
80 : 23 868 7 42 1
81 : 370 254 49 116 1
82 : 0 429 69 41 0
83 : 782 653 69 18 0
84 : 497 868 5 50 1
85 : 0 826 23 24 1
86 : 691 776 91 8 0
87 : 69 429 34 83 1
88 : 272 920 9 8 1
89 : 943 826 13 33 1
90 : 482 849 32 11 0
91 : 771 868 9 26 1
92 : 535 920 22 3 0
93 : 479 868 18 14 0
94 : 450 95 143 54 0
95 : 593 95 133 58 0
96 : 155 826 15 36 1
97 : 922 868 6 38 1
98 : 996 181 71 4 1
99 : 941 920 9 4 1
100 : 582 506 17 125 1
101 : 992 868 7 14 0
102 : 888 897 8 17 1
103 : 630 748 26 32 1
104 : 797 883 17 12 0
105 : 535 429 29 94 1
106 : 985 883 14 14 0
107 : 170 653 22 59 1
108 : 593 897 75 2 0
109 : 553 883 10 21 1
110 : 79 897 48 4 0
111 : 328 849 17 22 1
112 : 504 748 77 11 0
113 : 123 377 90 39 0
114 : 516 653 126 10 0
115 : 605 911 27 4 0
116 : 354 776 32 24 0
117 : 793 802 11 51 1
118 : 736 689 70 16 0
119 : 0 585 70 27 0
120 : 49 826 22 25 1
121 : 127 897 4 48 1
122 : 932 920 5 8 0
123 : 983 897 11 12 0
124 : 927 911 3 33 1
125 : 852 849 19 16 1
126 : 614 315 42 92 1
127 : 526 181 28 226 1
128 : 223 826 22 23 0
129 : 113 920 11 8 0
130 : 599 776 49 15 0
131 : 402 911 3 39 1
132 : 597 377 94 32 0
133 : 629 429 68 40 0
134 : 92 929 4 1 1
135 : 346 826 36 14 0
136 : 557 920 10 6 0
137 : 747 849 22 14 0
138 : 993 95 67 7 1
139 : 574 585 21 81 1
140 : 311 315 28 148 1
141 : 705 585 36 47 1
142 : 978 254 22 61 0
143 : 924 802 62 9 0
144 : 583 911 5 22 1
145 : 504 0 95 114 1
146 : 547 621 18 80 1
147 : 919 718 61 15 0
148 : 352 920 35 2 0
149 : 868 920 3 15 1
150 : 601 849 5 67 1
151 : 0 849 47 9 0
152 : 454 748 50 17 0
153 : 0 776 32 25 0
154 : 652 920 4 14 1
155 : 992 776 24 8 1
156 : 425 621 122 12 0
157 : 0 377 123 30 0
158 : 260 920 6 12 1
159 : 343 911 2 59 1
160 : 0 473 92 28 0
161 : 650 911 53 2 0
162 : 751 868 12 20 1
163 : 230 254 41 140 1
164 : 335 897 29 6 0
165 : 0 506 59 38 0
166 : 75 849 32 13 0
167 : 661 802 15 38 1
168 : 179 883 18 12 0
169 : 479 911 3 38 1
170 : 968 473 31 30 1
171 : 997 315 58 3 1
172 : 257 911 5 25 1
173 : 960 868 32 7 0
174 : 45 718 25 43 1
175 : 85 776 11 72 1
176 : 320 920 4 18 1
177 : 865 897 23 6 0
178 : 722 920 9 6 1
179 : 697 429 71 38 0
180 : 310 544 10 202 1
181 : 638 920 14 4 0
182 : 703 911 5 21 1
183 : 269 802 29 22 0
184 : 437 868 42 6 0
185 : 909 429 35 68 1
186 : 947 748 40 20 0
187 : 423 849 59 6 0
188 : 494 776 11 68 1
189 : 296 920 24 3 0
190 : 905 897 3 45 1
191 : 265 653 40 32 0
192 : 240 802 29 22 0
193 : 740 718 14 70 1
194 : 49 929 1 16 1
195 : 655 585 50 34 0
196 : 521 826 6 76 1
197 : 296 748 22 40 1
198 : 868 849 75 4 0
199 : 999 868 1 14 0
200 : 578 868 61 4 0
201 : 883 911 9 11 1
202 : 72 544 122 17 0
203 : 486 254 99 56 0
204 : 207 315 40 104 1
205 : 354 689 11 105 1
206 : 110 826 45 12 0
207 : 336 748 32 27 0
208 : 999 748 1 18 0
209 : 666 920 14 4 0
210 : 166 748 130 7 0
211 : 545 911 16 7 0
212 : 79 929 2 6 1
213 : 819 897 3 46 1
214 : 851 653 102 12 0
215 : 923 95 86 70 1
216 : 302 897 15 12 0
217 : 800 621 10 139 1
218 : 952 544 38 45 1
219 : 406 897 8 20 1
220 : 288 920 9 8 1
221 : 113 868 24 12 0
222 : 575 544 22 91 1
223 : 235 429 22 126 1
224 : 939 621 43 32 0
225 : 398 473 112 22 0
226 : 196 506 73 30 0
227 : 888 718 31 30 0
228 : 958 776 34 19 0
229 : 980 920 7 4 1
230 : 143 883 36 6 0
231 : 394 585 17 105 1
232 : 546 897 17 9 0
233 : 386 776 32 24 0
234 : 995 506 33 5 1
235 : 156 689 52 23 0
236 : 253 897 8 23 1
237 : 997 920 8 2 1
238 : 418 776 10 76 1
239 : 698 473 70 33 0
240 : 782 776 33 22 0
241 : 130 802 13 50 1
242 : 927 776 21 31 1
243 : 980 689 19 27 0
244 : 0 883 17 13 0
245 : 65 929 4 4 0
246 : 668 897 4 37 1
247 : 699 653 15 83 1
248 : 305 653 85 15 0
249 : 115 315 50 92 1
250 : 469 920 66 1 0
251 : 434 181 92 73 0
252 : 871 826 11 39 1
253 : 517 911 4 28 1
254 : 753 897 10 14 0
255 : 549 315 62 65 1
256 : 885 748 62 13 0
257 : 763 897 28 5 0
258 : 374 883 53 4 0
259 : 618 0 78 137 1
260 : 987 748 12 27 0
261 : 317 897 18 10 0
262 : 454 718 19 54 1
263 : 994 897 14 6 1
264 : 34 929 5 4 0
265 : 131 911 126 1 0
266 : 954 377 44 51 0
267 : 280 920 9 8 1
268 : 0 544 72 29 0
269 : 990 585 9 34 0
270 : 208 868 14 20 1
271 : 389 377 37 85 1
272 : 734 544 22 89 1
273 : 954 920 16 2 0
274 : 662 748 26 32 1
275 : 846 920 16 3 0
276 : 191 826 32 16 0
277 : 361 429 69 40 0
278 : 755 621 31 45 1
279 : 295 377 34 94 1
280 : 459 315 90 45 0
281 : 483 802 43 14 0
282 : 247 95 78 109 1
283 : 999 585 26 1 1
284 : 707 506 32 66 1
285 : 141 920 5 16 1
286 : 563 897 30 5 0
287 : 0 868 23 13 0
288 : 88 718 16 67 1
289 : 881 585 109 14 0
290 : 253 585 72 25 0
291 : 197 883 12 18 1
292 : 342 868 6 44 1
293 : 137 868 32 9 0
294 : 727 868 10 24 1
295 : 196 920 26 3 0
296 : 363 506 25 86 1
297 : 996 0 4 95 0
298 : 474 377 65 47 0
299 : 137 585 60 31 0
300 : 561 911 5 22 1
301 : 984 911 16 6 0
302 : 554 689 11 103 1
303 : 12 920 3 32 1
304 : 0 254 131 44 0
305 : 700 868 27 9 0
306 : 87 929 3 2 1
307 : 706 621 49 29 0
308 : 841 776 56 12 0
309 : 175 897 4 47 1
310 : 430 429 26 105 1
311 : 368 748 86 10 0
312 : 245 826 5 101 1
313 : 642 653 57 22 0
314 : 0 897 14 14 0
315 : 323 181 61 111 1
316 : 194 544 50 41 0
317 : 760 920 50 1 0
318 : 747 920 13 4 0
319 : 157 920 2 39 1
320 : 843 883 2 100 1
321 : 668 849 18 18 0
322 : 376 621 49 30 0
323 : 65 868 48 6 0
324 : 838 181 95 62 0
325 : 401 920 68 1 0
326 : 910 315 41 87 1
327 : 970 920 10 3 0
328 : 208 689 8 146 1
329 : 726 849 21 15 0
330 : 436 802 47 13 0
331 : 338 920 14 5 0
332 : 0 920 12 8 0
333 : 708 920 14 4 0
334 : 977 429 23 44 0
335 : 910 826 33 13 0
336 : 797 868 29 8 0
337 : 0 802 130 5 0
338 : 382 826 15 33 1
339 : 508 718 22 46 1
340 : 752 181 69 86 1
341 : 639 868 61 4 0
342 : 222 920 2 38 1
343 : 137 181 39 186 1
344 : 950 920 8 4 1
345 : 0 95 119 86 0
346 : 61 748 48 19 0
347 : 963 883 22 9 0
348 : 14 897 65 3 0
349 : 39 929 10 2 0
350 : 932 506 33 63 1
351 : 255 849 28 14 0
352 : 180 802 23 28 1
353 : 884 802 40 14 0
354 : 883 920 43 1 0
355 : 632 911 6 18 1
356 : 953 653 29 40 1
357 : 999 920 1 9 0
358 : 960 911 4 24 1
359 : 563 849 38 9 0
360 : 836 585 34 45 1
361 : 131 254 99 58 0
362 : 826 868 4 58 1
363 : 511 883 42 5 0
364 : 70 585 67 28 0
365 : 997 544 41 3 1
366 : 593 883 11 19 1
367 : 101 689 55 22 0
368 : 769 849 14 22 1
369 : 124 920 17 5 0
370 : 686 849 8 40 1
371 : 383 849 9 40 1
372 : 276 897 7 26 1
373 : 666 544 68 29 0
374 : 734 920 4 13 1
375 : 829 429 33 80 1
376 : 745 911 35 3 0
377 : 59 506 77 29 0
378 : 495 826 26 18 0
379 : 791 849 5 61 1
380 : 356 95 86 94 1
381 : 427 883 42 5 0
382 : 755 0 66 160 1
383 : 228 868 31 9 0
384 : 136 506 37 60 1
385 : 37 883 10 22 1
386 : 943 849 15 20 1
387 : 648 776 43 17 0
388 : 594 718 45 22 0
389 : 539 377 52 58 1
390 : 165 849 40 10 0
391 : 976 826 24 16 0
392 : 510 473 112 22 0
393 : 415 826 22 22 0
394 : 0 929 2 12 1
395 : 943 883 10 20 1
396 : 24 826 25 22 0
397 : 226 621 10 150 1
398 : 66 911 4 33 1
399 : 719 254 50 104 1
400 : 526 802 40 15 0
401 : 0 181 53 137 1
402 : 313 911 4 30 1
403 : 197 585 56 33 0
404 : 512 544 32 63 1
405 : 680 920 4 14 1
406 : 585 254 134 41 0
407 : 283 849 19 20 1
408 : 945 920 5 7 0
409 : 0 621 28 54 1
410 : 387 920 14 5 0
411 : 364 897 42 4 0
412 : 74 826 36 15 0
413 : 269 506 94 23 0
414 : 157 776 34 23 0
415 : 76 929 3 4 0
416 : 205 849 50 8 0
417 : 99 911 32 4 0
418 : 919 689 18 61 1
419 : 107 849 58 7 0
420 : 810 920 24 2 0
421 : 499 585 23 75 1
422 : 18 929 11 2 0
423 : 723 748 162 5 0
424 : 752 585 84 20 0
425 : 813 95 110 67 0
426 : 75 920 10 9 0
427 : 73 929 3 4 0
428 : 47 849 28 15 0
429 : 188 868 14 20 1
430 : 441 911 3 38 1
431 : 126 621 15 100 1
432 : 993 849 18 7 1
433 : 469 883 5 42 1
434 : 622 473 76 31 0
435 : 0 653 8 170 1
436 : 724 911 21 5 0
437 : 386 868 5 51 1
438 : 591 802 13 45 1
439 : 677 826 14 32 1
440 : 566 802 25 24 0
441 : 823 254 78 61 0
442 : 937 920 9 4 1
443 : 0 689 12 101 1
444 : 999 718 21 1 1
445 : 819 377 135 21 0
446 : 12 929 6 4 0
447 : 696 689 28 40 1
448 : 168 0 134 90 0
449 : 581 748 49 17 0
450 : 904 544 40 48 1
451 : 773 506 33 64 1
452 : 152 429 34 83 1
453 : 426 897 2 80 1
454 : 459 689 95 12 0
455 : 815 776 26 26 0
456 : 810 718 26 37 1
457 : 350 849 33 11 0
458 : 437 826 23 21 1
459 : 814 883 7 29 1
460 : 17 883 11 20 1
461 : 191 776 13 60 1
462 : 94 929 2 1 1
463 : 844 802 40 14 0
464 : 897 776 30 22 0
465 : 0 718 24 45 1
466 : 961 897 6 22 1
467 : 244 544 66 31 0
468 : 728 920 9 6 1
469 : 768 429 44 61 1
470 : 579 920 1 59 1
471 : 823 544 24 81 1
472 : 980 718 19 26 0
473 : 768 473 19 121 1
474 : 350 718 46 23 0
475 : 222 897 6 31 1
476 : 681 883 5 41 1
477 : 125 883 12 18 1
478 : 390 653 15 85 1
479 : 791 897 5 28 1
480 : 726 95 86 87 1
481 : 835 826 36 12 0
482 : 709 826 64 7 0
483 : 29 929 5 4 0
484 : 402 802 34 18 0
485 : 963 849 30 10 0
486 : 92 473 194 13 0
487 : 884 868 38 6 0
488 : 91 929 1 4 0
489 : 268 883 106 2 0
490 : 59 883 11 20 1
491 : 834 920 4 12 1
492 : 79 883 22 10 0
493 : 119 95 70 128 1
494 : 274 718 14 76 1
495 : 282 911 4 31 1
496 : 85 929 2 4 0
497 : 806 689 69 16 0
498 : 691 718 20 49 1
499 : 998 377 2 50 0
