1000 635
0 : 994 76 94 6 1
1 : 757 484 22 1 1
2 : 652 587 25 23 1
3 : 302 571 2 13 0
4 : 914 610 7 6 0
5 : 134 154 16 133 1
6 : 879 574 37 13 0
7 : 726 330 42 91 1
8 : 785 297 32 7 1
9 : 127 503 4 53 1
10 : 533 602 27 10 0
11 : 442 521 57 16 0
12 : 426 615 32 2 0
13 : 243 255 2 3 1
14 : 94 551 31 41 1
15 : 886 307 22 1 1
16 : 450 256 1 103 1
17 : 935 613 4 4 0
18 : 348 41 7 62 1
19 : 672 388 41 5 0
20 : 981 587 24 19 1
21 : 413 405 50 59 1
22 : 0 455 69 42 0
23 : 922 330 67 63 0
24 : 428 0 168 76 0
25 : 620 523 19 52 1
26 : 999 239 1 2 0
27 : 719 426 29 79 1
28 : 32 452 31 3 0
29 : 195 533 18 58 1
30 : 685 487 5 18 0
31 : 879 551 23 41 1
32 : 155 452 3 69 1
33 : 648 617 9 10 0
34 : 92 306 112 22 0
35 : 552 617 11 19 1
36 : 0 0 202 57 0
37 : 0 602 14 24 1
38 : 243 330 60 77 1
39 : 255 584 48 3 0
40 : 839 551 40 25 0
41 : 921 613 4 14 1
42 : 210 587 37 20 0
43 : 195 507 69 26 0
44 : 215 347 28 29 0
45 : 532 473 17 32 0
46 : 385 162 9 119 1
47 : 135 583 40 4 0
48 : 264 535 15 61 1
49 : 920 551 48 16 0
50 : 903 493 14 55 1
51 : 188 617 15 19 1
52 : 581 212 34 113 1
53 : 356 171 94 81 0
54 : 822 535 53 15 0
55 : 426 607 8 31 1
56 : 355 238 1 14 0
57 : 175 551 36 36 0
58 : 999 75 1 1 0
59 : 965 327 3 33 1
60 : 371 605 12 5 1
61 : 989 381 12 11 1
62 : 283 617 24 9 0
63 : 426 587 20 32 1
64 : 495 352 82 39 0
65 : 256 485 21 72 1
66 : 144 610 34 6 0
67 : 577 385 56 8 0
68 : 826 600 25 15 0
69 : 618 453 66 2 0
70 : 824 455 18 79 1
71 : 435 551 29 39 1
72 : 450 215 41 115 1
73 : 137 249 104 6 0
74 : 211 551 44 25 0
75 : 307 617 15 18 0
76 : 0 580 49 7 0
77 : 802 232 22 95 1
78 : 973 609 8 6 0
79 : 962 500 7 38 1
80 : 746 574 7 42 1
81 : 92 257 49 116 1
82 : 618 405 69 41 0
83 : 397 484 69 18 0
84 : 603 581 5 50 1
85 : 697 587 23 24 0
86 : 307 319 91 8 0
87 : 330 393 34 83 1
88 : 665 617 9 8 1
89 : 742 587 13 33 1
90 : 0 617 32 11 0
91 : 122 617 9 26 1
92 : 974 452 22 3 0
93 : 346 617 18 14 1
94 : 632 76 143 54 0
95 : 775 76 133 58 0
96 : 533 587 15 36 1
97 : 755 383 6 38 1
98 : 0 547 71 4 0
99 : 251 576 9 4 1
100 : 202 59 17 125 1
101 : 959 609 7 14 1
102 : 851 600 8 17 0
103 : 112 587 26 32 1
104 : 226 376 17 12 0
105 : 121 347 29 94 1
106 : 583 617 14 14 0
107 : 974 393 22 59 0
108 : 488 328 75 2 0
109 : 487 617 10 21 1
110 : 756 72 48 4 0
111 : 940 593 17 22 0
112 : 739 372 77 11 0
113 : 0 393 90 39 0
114 : 581 246 126 10 0
115 : 115 613 27 4 0
116 : 279 587 32 24 0
117 : 989 330 11 51 0
118 : 566 507 70 16 0
119 : 549 478 70 27 0
120 : 720 587 22 25 0
121 : 518 547 4 48 1
122 : 84 432 5 8 0
123 : 620 617 11 12 0
124 : 792 297 3 33 0
125 : 499 521 19 16 0
126 : 634 330 42 92 1
127 : 202 0 28 226 1
128 : 878 587 22 23 0
129 : 707 246 11 8 1
130 : 0 587 49 15 0
131 : 742 614 3 39 1
132 : 691 297 94 32 0
133 : 127 455 68 40 0
134 : 827 583 4 1 1
135 : 442 537 36 14 0
136 : 959 318 10 6 1
137 : 50 617 22 14 0
138 : 618 446 67 7 0
139 : 328 427 21 81 1
140 : 756 39 28 148 1
141 : 775 507 36 47 1
142 : 690 484 22 61 1
143 : 0 497 62 9 0
144 : 650 542 5 22 1
145 : 271 76 95 114 1
146 : 469 455 18 80 1
147 : 0 532 61 15 0
148 : 119 349 35 2 1
149 : 46 602 3 15 0
150 : 397 502 5 67 1
151 : 942 65 47 9 0
152 : 603 551 50 17 0
153 : 178 587 32 25 0
154 : 859 613 4 14 1
155 : 322 617 24 8 0
156 : 0 245 122 12 0
157 : 775 134 123 30 0
158 : 188 539 6 12 0
159 : 799 453 2 59 1
160 : 155 393 92 28 0
161 : 885 453 53 2 0
162 : 382 617 12 20 1
163 : 632 130 41 140 1
164 : 247 611 29 6 0
165 : 903 455 59 38 0
166 : 396 28 32 13 0
167 : 790 568 15 38 1
168 : 520 617 18 12 1
169 : 970 415 3 38 0
170 : 49 587 31 30 0
171 : 195 504 58 3 0
172 : 619 478 5 25 0
173 : 311 609 32 7 0
174 : 560 551 25 43 1
175 : 887 318 11 72 1
176 : 757 547 4 18 1
177 : 697 611 23 6 0
178 : 62 497 9 6 1
179 : 885 415 71 38 0
180 : 0 57 10 202 1
181 : 180 503 14 4 0
182 : 533 612 5 21 1
183 : 511 587 29 22 1
184 : 746 581 42 6 0
185 : 329 455 35 68 1
186 : 920 567 40 20 0
187 : 799 447 59 6 0
188 : 515 444 11 68 1
189 : 560 614 24 3 0
190 : 933 547 3 45 1
191 : 135 551 40 32 0
192 : 489 587 29 22 1
193 : 705 507 14 70 1
194 : 396 490 1 16 0
195 : 584 404 50 34 1
196 : 328 448 6 76 1
197 : 978 507 22 40 0
198 : 247 451 75 4 0
199 : 959 616 1 14 1
200 : 410 389 61 4 0
201 : 631 617 9 11 0
202 : 121 330 122 17 0
203 : 488 257 99 56 0
204 : 691 257 40 104 1
205 : 634 372 11 105 1
206 : 304 575 45 12 0
207 : 672 523 32 27 0
208 : 263 533 1 18 0
209 : 958 493 14 4 1
210 : 775 164 130 7 0
211 : 177 495 16 7 0
212 : 685 446 2 6 0
213 : 775 547 3 46 1
214 : 413 393 102 12 0
215 : 913 171 86 70 0
216 : 122 245 15 12 0
217 : 202 49 10 139 1
218 : 962 455 38 45 0
219 : 960 567 8 20 0
220 : 657 617 9 8 1
221 : 560 602 24 12 0
222 : 795 307 22 91 1
223 : 504 146 22 126 1
224 : 87 349 43 32 1
225 : 522 330 112 22 0
226 : 256 455 73 30 0
227 : 968 551 31 30 0
228 : 694 212 34 19 1
229 : 398 319 7 4 1
230 : 878 610 36 6 0
231 : 121 376 17 105 1
232 : 611 617 17 9 1
233 : 247 587 32 24 0
234 : 102 582 33 5 0
235 : 705 521 52 23 0
236 : 442 617 8 23 1
237 : 563 328 8 2 0
238 : 989 0 10 76 0
239 : 965 257 70 33 1
240 : 311 587 33 22 0
241 : 603 568 13 50 1
242 : 458 587 21 31 1
243 : 775 587 19 27 0
244 : 571 313 17 13 1
245 : 307 611 4 4 0
246 : 790 583 4 37 1
247 : 488 313 15 83 1
248 : 913 241 85 15 0
249 : 795 257 50 92 1
250 : 999 0 66 1 1
251 : 0 257 92 73 0
252 : 560 576 11 39 1
253 : 460 326 4 28 1
254 : 61 532 10 14 0
255 : 90 393 62 65 1
256 : 758 486 62 13 0
257 : 227 617 28 5 0
258 : 49 582 53 4 0
259 : 134 76 78 137 1
260 : 344 605 12 27 1
261 : 253 533 18 10 1
262 : 566 523 19 54 1
263 : 554 573 14 6 1
264 : 873 613 5 4 0
265 : 581 256 126 1 0
266 : 331 507 44 51 1
267 : 673 617 9 8 1
268 : 397 455 72 29 0
269 : 210 607 9 34 1
270 : 168 617 14 20 1
271 : 410 352 37 85 1
272 : 885 393 22 89 1
273 : 231 453 16 2 0
274 : 80 587 26 32 1
275 : 584 313 16 3 1
276 : 231 421 32 16 1
277 : 515 404 69 40 0
278 : 49 551 31 45 1
279 : 817 356 34 94 1
280 : 320 330 90 45 0
281 : 701 573 43 14 0
282 : 137 171 78 109 1
283 : 941 39 26 1 1
284 : 624 455 32 66 1
285 : 226 388 5 16 1
286 : 661 612 30 5 0
287 : 72 617 23 13 0
288 : 329 490 16 67 1
289 : 246 238 109 14 0
290 : 0 507 72 25 0
291 : 508 617 12 18 0
292 : 933 541 6 44 1
293 : 170 67 32 9 0
294 : 793 383 10 24 1
295 : 63 452 26 3 0
296 : 799 393 25 86 1
297 : 347 252 4 95 1
298 : 942 0 65 47 1
299 : 382 507 60 31 0
300 : 720 612 5 22 1
301 : 325 535 16 6 1
302 : 515 393 11 103 1
303 : 0 452 3 32 1
304 : 450 171 131 44 0
305 : 95 617 27 9 0
306 : 684 453 3 2 0
307 : 0 551 49 29 0
308 : 132 539 56 12 0
309 : 775 543 4 47 1
310 : 817 330 26 105 1
311 : 341 49 86 10 0
312 : 246 252 5 101 1
313 : 876 507 57 22 0
314 : 597 617 14 14 0
315 : 802 171 61 111 1
316 : 472 405 50 41 1
317 : 603 586 50 1 0
318 : 820 486 13 4 1
319 : 478 549 2 39 1
320 : 327 74 2 100 1
321 : 32 617 18 18 0
322 : 687 405 49 30 1
323 : 395 580 48 6 0
324 : 307 257 95 62 0
325 : 999 171 68 1 1
326 : 0 349 41 87 1
327 : 781 614 10 3 0
328 : 202 41 8 146 1
329 : 584 602 21 15 0
330 : 255 571 47 13 0
331 : 770 600 14 5 1
332 : 640 617 12 8 1
333 : 822 601 14 4 1
334 : 746 551 23 44 1
335 : 826 587 33 13 0
336 : 876 418 29 8 1
337 : 0 166 130 5 0
338 : 888 473 15 33 0
339 : 514 551 22 46 1
340 : 402 257 69 86 1
341 : 996 393 61 4 1
342 : 904 65 2 38 1
343 : 756 0 39 186 1
344 : 442 252 8 4 0
345 : 385 76 119 86 0
346 : 653 551 48 19 0
347 : 465 617 22 9 0
348 : 0 390 65 3 0
349 : 744 573 10 2 1
350 : 469 473 33 63 1
351 : 742 600 28 14 0
352 : 605 587 23 28 0
353 : 514 573 40 14 0
354 : 933 550 43 1 0
355 : 981 611 6 18 1
356 : 395 551 29 40 1
357 : 999 66 1 9 0
358 : 471 389 4 24 1
359 : 634 383 38 9 0
360 : 933 507 34 45 1
361 : 208 257 99 58 0
362 : 402 326 4 58 1
363 : 672 383 42 5 0
364 : 264 507 67 28 0
365 : 772 130 41 3 1
366 : 828 568 11 19 0
367 : 876 529 55 22 0
368 : 24 602 14 22 1
369 : 696 570 17 5 1
370 : 474 579 8 40 1
371 : 211 576 9 40 1
372 : 858 447 7 26 1
373 : 690 455 68 29 0
374 : 916 574 4 13 0
375 : 719 393 33 80 1
376 : 80 613 35 3 0
377 : 799 418 77 29 0
378 : 757 521 26 18 1
379 : 195 499 5 61 1
380 : 908 76 86 94 0
381 : 566 542 42 5 0
382 : 596 0 66 160 1
383 : 458 608 31 9 0
384 : 72 507 37 60 1
385 : 360 617 10 22 1
386 : 148 617 15 20 1
387 : 653 570 43 17 0
388 : 701 551 45 22 0
389 : 69 455 52 58 1
390 : 839 576 40 10 0
391 : 897 232 24 16 1
392 : 410 330 112 22 0
393 : 959 587 22 22 0
394 : 376 605 2 12 0
395 : 532 617 10 20 1
396 : 675 587 25 22 1
397 : 596 66 10 150 1
398 : 628 612 4 33 1
399 : 587 257 50 104 1
400 : 565 215 40 15 1
401 : 0 171 53 137 1
402 : 566 547 4 30 1
403 : 577 352 56 33 0
404 : 132 507 32 63 1
405 : 267 154 4 14 0
406 : 581 171 134 41 0
407 : 921 593 19 20 0
408 : 84 440 5 7 0
409 : 822 507 28 54 1
410 : 405 375 14 5 1
411 : 713 388 42 4 0
412 : 569 587 36 15 0
413 : 587 307 94 23 0
414 : 144 587 34 23 0
415 : 939 67 3 4 0
416 : 127 495 50 8 0
417 : 178 612 32 4 0
418 : 624 487 18 61 1
419 : 72 544 58 7 0
420 : 957 593 24 2 1
421 : 549 455 23 75 1
422 : 788 574 11 2 1
423 : 756 67 162 5 0
424 : 0 432 84 20 0
425 : 246 171 110 67 0
426 : 746 66 10 9 0
427 : 905 164 3 4 0
428 : 794 601 28 15 0
429 : 207 617 14 20 1
430 : 755 389 3 38 1
431 : 327 59 15 100 1
432 : 410 41 18 7 0
433 : 608 542 5 42 1
434 : 155 421 76 31 0
435 : 0 67 8 170 1
436 : 918 67 21 5 0
437 : 705 544 5 51 1
438 : 349 574 13 45 1
439 : 794 587 14 32 1
440 : 628 587 25 24 1
441 : 887 257 78 61 0
442 : 599 576 9 4 1
443 : 618 393 12 101 1
444 : 328 485 21 1 1
445 : 0 224 135 21 0
446 : 322 451 6 4 0
447 : 474 551 28 40 1
448 : 0 76 134 90 0
449 : 790 551 49 17 0
450 : 518 507 40 48 1
451 : 824 473 33 64 1
452 : 247 393 34 83 1
453 : 495 391 2 80 1
454 : 208 315 95 12 0
455 : 378 587 26 26 0
456 : 904 39 26 37 1
457 : 911 356 33 11 1
458 : 900 587 23 21 1
459 : 443 580 7 29 1
460 : 402 617 11 20 1
461 : 382 538 13 60 1
462 : 976 550 2 1 0
463 : 956 415 40 14 1
464 : 404 587 30 22 1
465 : 304 551 24 45 1
466 : 751 484 6 22 0
467 : 758 455 66 31 0
468 : 404 448 9 6 0
469 : 195 455 44 61 1
470 : 690 506 1 59 1
471 : 247 427 24 81 1
472 : 859 587 19 26 0
473 : 0 330 19 121 1
474 : 349 551 46 23 0
475 : 968 581 6 31 1
476 : 714 383 5 41 1
477 : 571 617 12 18 0
478 : 320 375 15 85 1
479 : 255 617 5 28 1
480 : 715 171 86 87 1
481 : 478 537 36 12 0
482 : 758 499 64 7 0
483 : 130 166 5 4 1
484 : 344 587 34 18 0
485 : 898 134 30 10 1
486 : 202 28 194 13 0
487 : 921 587 38 6 0
488 : 996 454 1 4 1
489 : 137 255 106 2 0
490 : 422 617 11 20 1
491 : 303 315 4 12 0
492 : 681 307 22 10 1
493 : 504 76 70 128 1
494 : 442 507 14 76 1
495 : 276 611 4 31 1
496 : 142 613 2 4 0
497 : 636 507 69 16 0
498 : 255 551 20 49 1
499 : 513 405 2 50 0
