1000 696
0 : 0 0 94 6 0
1 : 94 0 22 1 0
2 : 116 0 25 23 0
3 : 141 0 2 13 0
4 : 143 0 7 6 1
5 : 149 0 16 133 1
6 : 282 0 37 13 0
7 : 319 0 42 91 1
8 : 410 0 32 7 1
9 : 417 0 4 53 1
10 : 470 0 27 10 1
11 : 480 0 57 16 0
12 : 537 0 32 2 1
13 : 539 0 2 3 0
14 : 541 0 31 41 0
15 : 572 0 22 1 1
16 : 573 0 1 103 1
17 : 676 0 4 4 0
18 : 680 0 7 62 1
19 : 742 0 41 5 1
20 : 747 0 24 19 1
21 : 766 0 50 59 1
22 : 825 0 69 42 0
23 : 894 0 67 63 0
24 : 0 63 168 76 0
25 : 319 42 19 52 1
26 : 572 22 1 2 0
27 : 0 6 29 79 1
28 : 410 32 31 3 1
29 : 417 4 18 58 0
30 : 742 41 5 18 0
31 : 0 35 23 41 1
32 : 825 42 3 69 1
33 : 470 27 9 10 0
34 : 149 16 112 22 0
35 : 766 50 11 19 1
36 : 168 63 202 57 0
37 : 79 6 14 24 0
38 : 573 1 60 77 1
39 : 676 4 48 3 1
40 : 116 23 40 25 1
41 : 413 32 4 14 0
42 : 282 13 37 20 0
43 : 370 63 69 26 1
44 : 41 35 28 29 1
45 : 825 45 17 32 1
46 : 149 38 9 119 1
47 : 785 50 40 4 0
48 : 94 1 15 61 0
49 : 149 47 48 16 0
50 : 680 7 14 55 0
51 : 197 47 15 19 1
52 : 396 63 34 113 1
53 : 509 63 94 81 0
54 : 216 47 53 15 0
55 : 541 41 8 31 1
56 : 680 62 1 14 1
57 : 961 0 36 36 0
58 : 572 24 1 1 0
59 : 997 0 3 33 0
60 : 0 58 12 5 0
61 : 269 47 12 11 0
62 : 70 35 24 9 0
63 : 371 42 20 32 1
64 : 603 63 82 39 0
65 : 685 63 21 72 0
66 : 143 7 34 6 1
67 : 694 7 56 8 1
68 : 650 1 25 15 0
69 : 573 61 66 2 0
70 : 706 63 18 79 0
71 : 435 4 29 39 0
72 : 724 63 41 115 1
73 : 839 63 104 6 0
74 : 650 16 44 25 1
75 : 857 45 15 18 0
76 : 109 1 49 7 1
77 : 0 144 22 95 1
78 : 143 41 8 6 1
79 : 747 24 7 38 0
80 : 603 102 7 42 0
81 : 95 144 49 116 1
82 : 610 102 69 41 0
83 : 168 120 69 18 0
84 : 0 139 5 50 1
85 : 237 120 23 24 0
86 : 839 69 91 8 0
87 : 724 104 34 83 1
88 : 930 69 9 8 0
89 : 435 43 13 33 1
90 : 807 104 32 11 0
91 : 470 37 9 26 0
92 : 261 16 22 3 1
93 : 541 49 18 14 0
94 : 211 144 143 54 0
95 : 354 144 133 58 0
96 : 282 33 15 36 1
97 : 464 4 6 38 0
98 : 50 139 71 4 0
99 : 413 46 9 4 1
100 : 487 144 17 125 1
101 : 268 38 7 14 1
102 : 785 54 8 17 1
103 : 807 115 26 32 1
104 : 370 132 17 12 0
105 : 839 77 29 94 1
106 : 282 48 14 14 0
107 : 260 120 22 59 1
108 : 724 138 75 2 0
109 : 933 77 10 21 0
110 : 724 140 48 4 0
111 : 872 45 17 22 1
112 : 943 63 77 11 1
113 : 396 97 90 39 0
114 : 612 144 126 10 0
115 : 772 140 27 4 0
116 : 319 120 32 24 0
117 : 702 7 11 51 0
118 : 954 63 70 16 1
119 : 970 63 70 27 1
120 : 486 97 22 25 0
121 : 168 138 4 48 1
122 : 79 30 5 8 1
123 : 954 133 11 12 1
124 : 997 63 3 33 0
125 : 351 120 19 16 0
126 : 738 144 42 92 1
127 : 0 202 28 226 1
128 : 486 122 22 23 1
129 : 396 136 11 8 0
130 : 738 186 49 15 0
131 : 961 36 3 39 1
132 : 0 166 94 32 0
133 : 487 161 68 40 0
134 : 417 62 4 1 0
135 : 787 186 36 14 0
136 : 143 49 10 6 1
137 : 264 16 22 14 1
138 : 407 136 67 7 0
139 : 839 106 21 81 1
140 : 830 144 28 148 1
141 : 480 16 36 47 0
142 : 830 172 22 61 1
143 : 95 193 62 9 0
144 : 12 58 5 22 1
145 : 226 202 95 114 1
146 : 891 172 18 80 1
147 : 839 127 61 15 0
148 : 141 13 35 2 1
149 : 650 60 3 15 1
150 : 891 190 5 67 1
151 : 516 16 47 9 1
152 : 713 7 50 17 1
153 : 555 161 32 25 0
154 : 559 49 4 14 0
155 : 70 44 24 8 0
156 : 612 154 122 12 0
157 : 612 166 123 30 0
158 : 679 102 6 12 0
159 : 260 142 2 59 1
160 : 340 202 92 28 1
161 : 539 3 53 2 1
162 : 754 24 12 20 0
163 : 368 202 41 140 1
164 : 971 172 29 6 0
165 : 508 202 59 38 1
166 : 555 186 32 13 0
167 : 961 39 15 38 1
168 : 525 16 18 12 1
169 : 211 198 3 38 1
170 : 546 202 31 30 1
171 : 0 198 58 3 0
172 : 121 139 5 25 1
173 : 435 56 32 7 0
174 : 576 202 25 43 0
175 : 601 202 11 72 0
176 : 216 138 4 18 1
177 : 802 54 23 6 0
178 : 387 132 9 6 0
179 : 612 202 71 38 1
180 : 650 202 10 202 1
181 : 278 16 14 4 1
182 : 403 42 5 21 0
183 : 587 161 29 22 1
184 : 612 196 42 6 0
185 : 852 202 35 68 0
186 : 887 202 40 20 1
187 : 654 196 59 6 0
188 : 907 202 11 68 0
189 : 807 141 24 3 0
190 : 249 198 3 45 1
191 : 918 202 40 32 1
192 : 950 202 29 22 1
193 : 972 202 14 70 0
194 : 479 27 1 16 0
195 : 0 297 50 34 0
196 : 891 195 6 76 1
197 : 950 231 22 40 0
198 : 986 202 75 4 1
199 : 282 62 1 14 1
200 : 830 194 61 4 0
201 : 685 135 9 11 1
202 : 368 243 122 17 0
203 : 0 230 99 56 0
204 : 99 230 40 104 1
205 : 99 270 11 105 1
206 : 730 7 45 12 1
207 : 852 270 32 27 0
208 : 93 6 1 18 0
209 : 563 49 14 4 1
210 : 368 260 130 7 0
211 : 823 186 16 7 1
212 : 537 32 2 6 0
213 : 294 198 3 46 1
214 : 99 281 102 12 0
215 : 650 212 86 70 0
216 : 754 44 15 12 1
217 : 368 267 10 139 1
218 : 736 212 38 45 0
219 : 368 277 8 20 0
220 : 933 98 9 8 0
221 : 971 178 24 12 0
222 : 50 297 22 91 1
223 : 141 297 22 126 1
224 : 918 242 43 32 1
225 : 267 297 112 22 0
226 : 774 212 73 30 0
227 : 546 233 31 30 1
228 : 887 242 34 19 1
229 : 109 50 7 4 0
230 : 508 261 36 6 0
231 : 376 277 17 105 1
232 : 157 193 17 9 0
233 : 612 273 32 24 0
234 : 958 190 33 5 0
235 : 576 245 52 23 1
236 : 296 48 8 23 1
237 : 319 61 8 2 0
238 : 990 202 10 76 0
239 : 774 242 70 33 0
240 : 546 264 33 22 1
241 : 650 282 13 50 1
242 : 774 275 21 31 1
243 : 481 277 19 27 1
244 : 972 272 17 13 1
245 : 742 59 4 4 0
246 : 58 198 4 37 1
247 : 379 297 15 83 1
248 : 462 297 85 15 0
249 : 547 297 50 92 1
250 : 197 62 66 1 0
251 : 639 297 92 73 0
252 : 0 286 11 39 1
253 : 978 144 4 28 0
254 : 990 278 10 14 0
255 : 731 297 62 65 0
256 : 793 297 62 13 1
257 : 847 212 28 5 1
258 : 830 198 53 4 0
259 : 806 297 78 137 1
260 : 525 34 12 27 0
261 : 490 243 18 10 0
262 : 943 297 19 54 0
263 : 713 57 14 6 0
264 : 939 69 5 4 1
265 : 211 201 126 1 0
266 : 0 375 44 51 1
267 : 351 136 9 8 0
268 : 962 297 72 29 1
269 : 966 133 9 34 1
270 : 920 106 14 20 0
271 : 50 319 37 85 1
272 : 547 347 22 89 1
273 : 766 61 16 2 0
274 : 508 267 26 32 1
275 : 997 96 16 3 1
276 : 900 127 32 16 0
277 : 135 319 69 40 0
278 : 0 331 31 45 1
279 : 204 319 34 94 1
280 : 379 312 90 45 0
281 : 135 359 43 14 0
282 : 51 375 78 109 1
283 : 679 4 26 1 1
284 : 469 312 32 66 1
285 : 146 139 5 16 1
286 : 679 114 30 5 1
287 : 203 230 23 13 0
288 : 379 357 16 67 1
289 : 160 375 109 14 0
290 : 469 344 72 25 0
291 : 587 190 12 18 1
292 : 469 369 6 44 1
293 : 961 54 32 9 0
294 : 70 52 10 24 1
295 : 735 166 26 3 1
296 : 269 375 25 86 1
297 : 99 293 4 95 1
298 : 298 319 65 47 0
299 : 355 375 60 31 1
300 : 204 270 5 22 1
301 : 713 196 16 6 0
302 : 386 375 11 103 1
303 : 555 199 3 32 1
304 : 489 375 131 44 0
305 : 907 270 27 9 1
306 : 782 61 3 2 0
307 : 620 375 49 29 1
308 : 363 319 56 12 1
309 : 805 275 4 47 1
310 : 649 375 26 105 1
311 : 204 353 86 10 0
312 : 513 369 5 101 1
313 : 754 375 57 22 1
314 : 700 282 14 14 0
315 : 776 375 61 111 1
316 : 887 375 50 41 1
317 : 675 1 50 1 1
318 : 269 58 13 4 0
319 : 168 142 2 39 1
320 : 376 294 2 100 1
321 : 982 144 18 18 0
322 : 928 375 49 30 1
323 : 0 362 48 6 0
324 : 0 453 95 62 0
325 : 487 201 68 1 0
326 : 649 401 41 87 1
327 : 676 52 10 3 1
328 : 95 453 8 146 1
329 : 887 276 21 15 1
330 : 731 362 47 13 0
331 : 567 49 14 5 1
332 : 474 136 12 8 0
333 : 986 277 14 4 1
334 : 0 419 23 44 1
335 : 776 436 33 13 0
336 : 844 242 29 8 1
337 : 489 419 130 5 0
338 : 809 436 15 33 1
339 : 269 400 22 46 0
340 : 241 453 69 86 1
341 : 639 370 61 4 0
342 : 839 142 2 38 1
343 : 327 453 39 186 1
344 : 413 55 8 4 1
345 : 513 453 119 86 0
346 : 50 356 48 19 0
347 : 950 271 22 9 0
348 : 298 366 65 3 0
349 : 639 61 10 2 0
350 : 160 389 33 63 0
351 : 928 424 28 14 0
352 : 887 425 23 28 0
353 : 736 257 40 14 1
354 : 610 143 43 1 0
355 : 644 273 6 18 0
356 : 489 424 29 40 1
357 : 675 51 1 9 0
358 : 943 351 4 24 0
359 : 991 297 38 9 1
360 : 958 375 34 45 0
361 : 386 386 99 58 0
362 : 485 386 4 58 0
363 : 958 420 42 5 0
364 : 529 424 67 28 0
365 : 736 401 41 3 1
366 : 601 274 11 19 0
367 : 291 400 55 22 0
368 : 714 282 14 22 1
369 : 932 127 17 5 1
370 : 750 257 8 40 0
371 : 991 335 9 40 0
372 : 967 195 7 26 1
373 : 193 389 68 29 0
374 : 508 293 4 13 1
375 : 632 453 33 80 0
376 : 375 319 35 3 1
377 : 665 453 77 29 1
378 : 805 279 26 18 0
379 : 298 369 5 61 1
380 : 694 453 86 94 1
381 : 958 425 42 5 0
382 : 788 453 66 160 1
383 : 174 193 31 9 0
384 : 948 453 37 60 0
385 : 754 432 10 22 1
386 : 928 438 15 20 1
387 : 842 436 43 17 0
388 : 596 424 45 22 0
389 : 0 539 52 58 1
390 : 758 257 40 10 1
391 : 178 359 24 16 0
392 : 327 492 112 22 0
393 : 439 492 22 22 0
394 : 525 61 2 12 1
395 : 788 519 10 20 0
396 : 461 492 25 22 0
397 : 798 519 10 150 1
398 : 776 449 4 33 1
399 : 95 461 50 104 1
400 : 739 401 40 15 1
401 : 58 539 53 137 1
402 : 540 267 4 30 0
403 : 193 418 56 33 0
404 : 195 539 32 63 1
405 : 972 289 4 14 1
406 : 258 539 134 41 0
407 : 98 356 19 20 1
408 : 87 30 5 7 1
409 : 95 511 28 54 1
410 : 45 331 14 5 1
411 : 958 430 42 4 0
412 : 985 453 36 15 1
413 : 0 515 94 23 0
414 : 327 514 34 23 0
415 : 234 138 3 4 0
416 : 199 461 50 8 1
417 : 194 293 32 4 0
418 : 291 422 18 61 1
419 : 39 286 58 7 0
420 : 787 200 24 2 0
421 : 361 514 23 75 1
422 : 706 142 11 2 0
423 : 392 539 162 5 0
424 : 149 511 84 20 0
425 : 554 539 110 67 0
426 : 696 135 10 9 0
427 : 939 74 3 4 1
428 : 910 425 28 15 1
429 : 947 351 14 20 0
430 : 39 293 3 38 1
431 : 664 539 15 100 1
432 : 490 253 18 7 0
433 : 958 434 5 42 1
434 : 764 539 76 31 0
435 : 0 606 8 170 1
436 : 902 276 21 5 1
437 : 0 442 5 51 1
438 : 291 440 13 45 1
439 : 958 439 14 32 1
440 : 436 514 25 24 0
441 : 392 544 78 61 0
442 : 943 140 9 4 0
443 : 58 592 12 101 1
444 : 825 62 21 1 0
445 : 840 539 135 21 0
446 : 143 59 6 4 0
447 : 207 461 28 40 0
448 : 170 606 134 90 0
449 : 241 522 49 17 0
450 : 664 554 40 48 0
451 : 764 570 33 64 1
452 : 470 544 34 83 1
453 : 327 537 2 80 1
454 : 258 580 95 12 0
455 : 948 513 26 26 0
456 : 470 578 26 37 1
457 : 649 442 33 11 0
458 : 203 243 23 21 0
459 : 0 368 7 29 1
460 : 974 513 11 20 0
461 : 704 554 13 60 1
462 : 649 61 2 1 1
463 : 258 592 40 14 0
464 : 461 514 30 22 0
465 : 840 560 24 45 0
466 : 204 275 6 22 1
467 : 864 560 66 31 0
468 : 387 138 9 6 0
469 : 930 560 44 61 1
470 : 50 143 1 59 1
471 : 304 606 24 81 0
472 : 486 492 19 26 1
473 : 328 606 19 121 1
474 : 507 578 46 23 0
475 : 355 435 6 31 1
476 : 507 601 5 41 1
477 : 201 281 12 18 1
478 : 449 606 15 85 0
479 : 700 370 5 28 1
480 : 464 606 86 87 0
481 : 828 570 36 12 1
482 : 149 531 64 7 0
483 : 359 369 5 4 1
484 : 249 418 34 18 1
485 : 798 529 30 10 0
486 : 550 606 194 13 0
487 : 768 257 38 6 1
488 : 746 59 1 4 0
489 : 828 529 106 2 0
490 : 682 442 11 20 1
491 : 734 154 4 12 0
492 : 950 280 22 10 0
493 : 744 606 70 128 1
494 : 298 592 14 76 1
495 : 664 602 4 31 1
496 : 952 140 2 4 0
497 : 872 606 69 16 1
498 : 704 567 20 49 1
499 : 650 295 2 50 1
