100 74
0 : 0 0 4 22 1
1 : 22 0 9 4 0
2 : 31 0 18 10 0
3 : 49 0 19 9 0
4 : 68 0 5 4 1
5 : 72 0 3 3 0
6 : 75 0 4 15 1
7 : 90 0 1 3 0
8 : 0 10 13 3 0
9 : 13 10 13 14 1
10 : 27 10 2 4 0
11 : 29 10 1 14 1
12 : 43 10 8 13 0
13 : 51 10 1 7 0
14 : 52 10 11 16 1
15 : 68 10 11 1 1
16 : 0 23 38 1 0
17 : 38 23 9 5 0
18 : 47 23 2 8 1
19 : 55 23 6 2 0
20 : 61 23 2 4 0
21 : 63 23 2 21 1
22 : 84 23 4 5 0
23 : 0 28 17 4 0
24 : 17 28 7 2 0
25 : 24 28 5 1 0
26 : 29 28 3 17 1
27 : 46 28 2 3 0
28 : 48 28 7 25 1
29 : 73 28 3 3 0
30 : 76 28 4 7 0
31 : 80 28 8 10 1
32 : 0 36 32 15 0
33 : 32 36 5 3 1
34 : 35 36 7 3 1
35 : 38 36 2 14 0
36 : 40 36 5 6 0
37 : 45 36 14 1 1
38 : 46 36 11 8 1
39 : 54 36 15 11 0
40 : 69 36 9 1 1
41 : 70 36 1 17 1
42 : 87 36 3 4 0
43 : 0 51 20 26 1
44 : 26 51 13 2 1
45 : 28 51 4 4 0
46 : 32 51 1 8 0
47 : 33 51 23 36 1
48 : 69 51 2 2 0
49 : 71 51 4 2 1
