300 252
0 : 286 248 2 3 0
1 : 287 113 18 12 1
2 : 173 234 14 5 0
3 : 293 203 11 6 1
4 : 251 188 12 16 1
5 : 37 188 6 44 1
6 : 186 248 2 10 1
7 : 91 242 2 23 1
8 : 0 171 52 6 0
9 : 25 132 12 39 1
10 : 267 188 7 26 1
11 : 280 203 10 13 1
12 : 248 234 19 3 0
13 : 218 99 59 12 0
14 : 62 248 2 14 1
15 : 0 248 8 4 0
16 : 251 0 39 39 0
17 : 267 152 14 24 1
18 : 132 152 20 19 0
19 : 201 248 4 4 0
20 : 81 188 18 14 0
21 : 263 171 12 23 1
22 : 175 152 30 12 0
23 : 298 248 1 2 0
24 : 161 248 2 11 1
25 : 295 38 5 26 0
26 : 211 203 9 16 1
27 : 72 0 65 32 0
28 : 233 132 23 19 0
29 : 0 225 5 19 1
30 : 227 203 10 14 1
31 : 30 203 6 30 1
32 : 16 248 31 1 0
33 : 10 234 16 5 0
34 : 120 203 26 6 0
35 : 97 248 8 3 0
36 : 293 188 7 15 0
37 : 290 248 2 2 0
38 : 137 248 1 24 1
39 : 161 132 9 50 1
40 : 229 248 7 2 0
41 : 243 171 20 14 0
42 : 258 203 22 6 0
43 : 253 248 3 4 0
44 : 280 248 2 4 0
45 : 222 248 7 2 0
46 : 46 70 22 48 1
47 : 0 38 67 26 0
48 : 277 99 22 23 1
49 : 160 113 39 14 0
50 : 144 188 7 29 1
51 : 42 113 13 45 1
52 : 136 242 22 2 0
53 : 159 234 14 5 0
54 : 131 113 19 29 1
55 : 205 248 8 2 0
56 : 0 70 46 23 0
57 : 173 188 22 9 0
58 : 283 215 7 14 1
59 : 257 242 1 33 1
60 : 291 70 25 9 1
61 : 40 242 13 4 0
62 : 272 38 23 29 0
63 : 205 152 11 31 1
64 : 204 242 14 3 0
65 : 296 248 1 2 0
66 : 75 203 7 25 1
67 : 195 188 28 7 0
68 : 211 132 20 22 1
69 : 233 234 15 4 0
70 : 258 215 4 25 1
71 : 232 242 9 4 0
72 : 152 152 23 16 0
73 : 18 188 14 19 1
74 : 290 0 10 34 0
75 : 248 225 9 9 0
76 : 278 248 2 4 0
77 : 115 99 103 7 0
78 : 249 248 4 3 0
79 : 30 152 11 37 1
80 : 297 225 8 3 1
81 : 232 215 4 26 1
82 : 76 248 14 2 0
83 : 30 215 8 15 1
84 : 87 113 13 44 1
85 : 257 225 40 2 0
86 : 64 132 12 38 1
87 : 199 113 39 13 0
88 : 187 234 4 16 1
89 : 86 234 2 37 1
90 : 256 248 4 3 0
91 : 9 242 6 9 1
92 : 27 242 13 4 0
93 : 0 203 12 15 1
94 : 114 242 22 2 0
95 : 133 225 7 13 1
96 : 126 132 13 35 1
97 : 117 38 29 48 1
98 : 260 248 9 1 0
99 : 146 225 30 3 0
100 : 236 152 11 31 1
101 : 183 242 21 2 0
102 : 213 248 4 4 0
103 : 299 113 14 1 1
104 : 299 203 1 9 0
105 : 202 215 9 12 1
106 : 46 234 2 40 1
107 : 67 152 22 18 0
108 : 241 203 8 17 1
109 : 236 248 13 1 0
110 : 269 70 22 28 0
111 : 207 171 8 36 1
112 : 172 248 3 7 1
113 : 0 188 18 15 0
114 : 169 171 14 21 1
115 : 227 38 24 45 1
116 : 282 248 4 2 0
117 : 52 171 22 14 0
118 : 19 225 95 1 0
119 : 137 0 26 68 1
120 : 218 234 15 4 0
121 : 250 242 5 7 1
122 : 205 0 46 38 0
123 : 292 248 4 1 0
124 : 196 248 4 5 1
125 : 72 215 58 2 0
126 : 130 215 14 8 0
127 : 222 70 17 47 1
128 : 99 188 15 15 0
129 : 214 215 6 18 1
130 : 291 152 9 17 0
131 : 298 132 16 2 1
132 : 0 242 9 6 0
133 : 292 234 7 7 0
134 : 267 234 14 4 0
135 : 158 215 5 22 1
136 : 60 203 12 15 1
137 : 281 234 11 5 0
138 : 16 215 9 14 1
139 : 256 132 33 13 0
140 : 8 248 8 4 0
141 : 223 188 28 7 0
142 : 94 70 17 59 1
143 : 146 203 4 37 1
144 : 269 248 9 1 0
145 : 18 242 6 9 1
146 : 100 203 20 8 0
147 : 105 248 24 1 0
148 : 61 99 14 54 1
149 : 238 113 49 10 0
150 : 144 215 14 8 0
151 : 289 132 9 18 0
152 : 90 248 4 7 1
153 : 195 203 9 16 1
154 : 185 70 25 37 1
155 : 153 70 32 29 0
156 : 290 242 8 4 0
157 : 47 248 2 15 1
158 : 108 171 61 5 0
159 : 176 225 4 22 1
160 : 57 215 8 15 1
161 : 0 132 19 25 1
162 : 227 225 4 21 1
163 : 114 225 5 19 1
164 : 102 132 19 24 1
165 : 286 171 14 17 0
166 : 179 248 7 3 0
167 : 198 225 29 3 0
168 : 203 234 15 4 0
169 : 45 215 10 12 1
170 : 89 152 43 9 0
171 : 169 242 14 3 0
172 : 288 248 2 3 0
173 : 26 234 20 4 0
174 : 165 38 22 62 1
175 : 190 171 17 17 0
176 : 53 242 26 2 0
177 : 15 203 15 12 0
178 : 123 234 2 36 1
179 : 67 38 32 50 1
180 : 180 215 5 22 1
181 : 0 215 16 8 0
182 : 0 152 14 30 1
183 : 298 242 5 2 1
184 : 297 248 1 2 0
185 : 129 248 8 3 0
186 : 114 188 30 7 0
187 : 241 242 4 9 1
188 : 297 215 9 3 1
189 : 218 242 14 3 0
190 : 0 113 42 14 0
191 : 74 171 34 9 0
192 : 158 242 4 11 1
193 : 0 0 38 72 1
194 : 299 234 6 1 1
195 : 217 248 3 5 1
196 : 0 234 10 8 0
197 : 183 203 12 12 0
198 : 79 242 4 12 1
199 : 0 99 13 61 1
