300 189
0 : 166 36 2 3 1
1 : 269 153 18 12 0
2 : 291 170 14 5 1
3 : 84 62 11 6 0
4 : 287 153 12 16 0
5 : 95 64 6 44 1
6 : 199 183 2 10 1
7 : 274 67 2 23 1
8 : 175 32 52 6 0
9 : 174 109 12 39 1
10 : 146 144 7 26 1
11 : 199 170 10 13 0
12 : 297 74 19 3 1
13 : 159 70 59 12 0
14 : 146 151 2 14 1
15 : 66 179 8 4 0
16 : 0 70 39 39 0
17 : 0 153 14 24 1
18 : 252 133 20 19 1
19 : 229 164 4 4 0
20 : 164 153 18 14 0
21 : 67 153 12 23 1
22 : 200 133 30 12 0
23 : 217 82 1 2 0
24 : 84 68 2 11 1
25 : 154 83 5 26 0
26 : 91 170 9 16 1
27 : 175 0 65 32 0
28 : 177 133 23 19 0
29 : 180 170 5 19 1
30 : 170 170 10 14 0
31 : 70 147 6 30 1
32 : 174 132 31 1 0
33 : 269 165 16 5 0
34 : 182 153 26 6 0
35 : 14 167 8 3 0
36 : 242 170 7 15 0
37 : 208 168 2 2 0
38 : 162 69 1 24 1
39 : 162 60 9 50 1
40 : 228 145 7 2 1
41 : 107 153 20 14 0
42 : 139 64 22 6 0
43 : 209 130 3 4 1
44 : 293 107 2 4 1
45 : 96 101 7 2 1
46 : 218 70 22 48 1
47 : 95 38 67 26 0
48 : 270 109 22 23 0
49 : 266 70 39 14 1
50 : 39 101 7 29 1
51 : 159 94 13 45 1
52 : 230 151 22 2 0
53 : 93 87 14 5 1
54 : 241 109 19 29 1
55 : 40 68 8 2 0
56 : 48 39 46 23 0
57 : 247 153 22 9 0
58 : 249 170 7 14 0
59 : 68 108 1 33 1
60 : 0 144 25 9 0
61 : 227 32 13 4 0
62 : 274 38 23 29 0
63 : 174 121 11 31 1
64 : 107 167 14 3 0
65 : 270 132 1 2 1
66 : 208 153 7 25 1
67 : 68 101 28 7 0
68 : 124 133 20 22 1
69 : 283 170 15 4 1
70 : 208 160 4 25 1
71 : 209 121 9 4 1
72 : 271 133 23 16 0
73 : 145 153 14 19 1
74 : 89 123 10 34 1
75 : 208 84 9 9 0
76 : 91 183 2 4 1
77 : 72 0 103 7 0
78 : 121 167 4 3 0
79 : 0 133 11 37 1
80 : 297 101 8 3 1
81 : 182 159 4 26 1
82 : 152 131 14 2 0
83 : 218 170 8 15 0
84 : 45 109 13 44 1
85 : 0 68 40 2 0
86 : 286 0 12 38 0
87 : 280 70 39 13 1
88 : 263 170 4 16 1
89 : 298 0 2 37 0
90 : 158 182 4 3 0
91 : 15 179 6 9 1
92 : 0 185 13 4 0
93 : 45 170 12 15 0
94 : 213 131 22 2 0
95 : 256 170 7 13 0
96 : 131 118 13 35 1
97 : 0 39 29 48 1
98 : 208 93 9 1 0
99 : 172 7 30 3 1
100 : 146 133 11 31 1
101 : 131 131 21 2 0
102 : 91 179 4 4 0
103 : 94 39 14 1 1
104 : 209 184 1 9 1
105 : 25 144 9 12 1
106 : 159 107 2 40 1
107 : 230 133 22 18 0
108 : 74 170 8 17 1
109 : 265 92 13 1 1
110 : 213 109 22 28 1
111 : 48 62 8 36 1
112 : 67 146 3 7 0
113 : 127 153 18 15 0
114 : 46 153 14 21 1
115 : 0 109 24 45 1
116 : 127 168 4 2 0
117 : 24 153 22 14 0
118 : 0 38 95 1 0
119 : 72 7 26 68 1
120 : 287 170 15 4 1
121 : 133 33 5 7 1
122 : 240 0 46 38 0
123 : 293 149 4 1 1
124 : 202 163 4 5 1
125 : 159 82 58 2 0
126 : 234 170 14 8 1
127 : 218 92 17 47 1
128 : 0 170 15 15 0
129 : 294 133 6 18 0
130 : 57 170 9 17 1
131 : 45 131 16 2 0
132 : 24 179 9 6 0
133 : 74 178 7 7 0
134 : 296 170 14 4 1
135 : 67 165 5 22 1
136 : 33 170 12 15 0
137 : 79 122 11 5 1
138 : 209 170 9 14 0
139 : 37 133 33 13 0
140 : 292 129 8 4 0
141 : 200 145 28 7 0
142 : 39 70 17 59 1
143 : 293 70 4 37 0
144 : 291 184 9 1 0
145 : 57 179 6 9 1
146 : 292 109 20 8 1
147 : 100 152 24 1 0
148 : 39 87 14 54 1
149 : 159 84 49 10 0
150 : 226 170 14 8 1
151 : 15 170 9 18 1
152 : 172 144 4 7 0
153 : 107 170 9 16 1
154 : 98 83 25 37 1
155 : 140 7 32 29 0
156 : 84 122 8 4 1
157 : 216 94 2 15 0
158 : 72 33 61 5 0
159 : 271 149 4 22 1
160 : 166 118 8 15 0
161 : 135 83 19 25 0
162 : 208 164 4 21 1
163 : 123 170 5 19 1
164 : 100 133 19 24 1
165 : 233 153 14 17 0
166 : 159 167 7 3 0
167 : 241 128 29 3 0
168 : 279 170 15 4 1
169 : 212 60 10 12 1
170 : 131 109 43 9 0
171 : 0 167 14 3 0
172 : 125 167 2 3 0
173 : 182 163 20 4 0
174 : 162 38 22 62 1
175 : 90 153 17 17 0
176 : 140 36 26 2 0
177 : 204 94 15 12 1
178 : 297 38 2 36 0
179 : 224 38 32 50 1
180 : 247 162 5 22 1
181 : 142 170 16 8 0
182 : 70 133 14 30 1
183 : 199 107 5 2 0
184 : 298 37 1 2 1
185 : 297 93 8 3 1
186 : 37 146 30 7 0
187 : 123 175 4 9 0
188 : 247 167 9 3 0
189 : 145 167 14 3 0
190 : 89 109 42 14 0
191 : 45 122 34 9 0
192 : 263 174 4 11 0
193 : 0 0 38 72 1
194 : 161 64 6 1 1
195 : 84 130 3 5 1
196 : 123 123 10 8 1
197 : 158 170 12 12 0
198 : 205 121 4 12 0
199 : 98 70 13 61 1
