200 194
0 : 104 187 4 6 0
1 : 155 187 2 4 0
2 : 0 0 110 45 0
3 : 136 179 1 15 1
4 : 153 187 2 4 0
5 : 139 187 6 3 1
6 : 24 161 1 27 1
7 : 93 161 4 23 1
8 : 73 170 9 14 1
9 : 64 187 1 11 1
10 : 121 179 15 2 0
11 : 68 113 18 24 1
12 : 131 187 8 1 0
13 : 44 91 15 40 1
14 : 184 170 7 14 1
15 : 0 187 11 4 0
16 : 160 187 1 2 0
17 : 117 113 37 2 0
18 : 51 161 20 8 0
19 : 172 170 12 9 0
20 : 74 146 15 15 0
21 : 132 131 14 20 1
22 : 22 146 4 27 1
23 : 56 179 1 18 1
24 : 110 131 22 14 0
25 : 89 146 23 7 0
26 : 144 187 5 3 1
27 : 71 161 5 22 1
28 : 49 146 6 25 1
29 : 71 45 14 58 1
30 : 158 161 17 9 0
31 : 157 187 3 2 1
32 : 152 170 1 20 1
33 : 87 187 8 3 0
34 : 140 161 18 8 0
35 : 120 170 20 2 0
36 : 0 170 6 19 1
37 : 129 45 67 3 0
38 : 74 179 10 8 0
39 : 112 179 8 9 1
40 : 174 131 21 11 0
41 : 127 187 4 5 0
42 : 0 179 4 16 1
43 : 154 113 17 22 1
44 : 113 91 20 30 1
45 : 42 179 14 5 0
46 : 152 131 12 22 1
47 : 19 170 20 5 0
48 : 186 179 4 11 1
49 : 80 187 7 4 0
50 : 63 59 33 32 0
51 : 160 146 19 9 0
52 : 0 113 27 16 0
53 : 55 170 18 5 0
54 : 39 170 8 16 1
55 : 119 187 8 1 0
56 : 150 187 4 3 1
57 : 0 45 3 71 1
58 : 27 113 41 1 0
59 : 16 179 15 5 0
60 : 55 131 33 4 0
61 : 103 170 5 17 1
62 : 39 187 4 9 1
63 : 116 161 3 24 1
64 : 31 179 11 8 0
65 : 75 187 6 5 1
66 : 110 0 50 27 0
67 : 92 113 25 16 0
68 : 84 91 22 29 1
69 : 0 161 4 24 1
70 : 139 146 8 21 1
71 : 142 187 6 2 1
72 : 151 179 9 7 0
73 : 160 179 14 2 0
74 : 98 179 14 3 0
75 : 88 131 15 22 1
76 : 111 187 1 8 1
77 : 87 170 7 16 1
78 : 48 187 3 10 1
79 : 175 161 21 5 0
80 : 95 187 1 9 1
81 : 143 91 4 45 1
82 : 11 187 14 1 0
83 : 96 59 41 18 0
84 : 137 59 27 30 0
85 : 25 187 7 7 0
86 : 58 187 6 6 0
87 : 0 131 7 32 1
88 : 147 187 4 3 1
89 : 0 91 44 12 0
90 : 159 187 1 2 0
91 : 174 179 12 3 0
92 : 0 146 22 10 0
93 : 112 146 27 2 0
94 : 0 59 5 63 1
95 : 32 131 23 15 0
96 : 32 187 7 7 0
97 : 84 179 14 4 0
98 : 140 170 9 12 1
99 : 108 187 3 6 0
