200 171
0 : 18 164 4 6 0
1 : 45 164 2 4 0
2 : 0 0 110 45 0
3 : 199 118 1 15 0
4 : 43 164 2 4 0
5 : 25 164 6 3 1
6 : 199 59 1 27 0
7 : 195 91 4 23 0
8 : 188 45 9 14 0
9 : 151 149 1 11 0
10 : 197 118 15 2 1
11 : 163 91 18 24 0
12 : 186 149 8 1 1
13 : 91 59 15 40 1
14 : 193 135 7 14 0
15 : 147 149 11 4 1
16 : 50 164 1 2 0
17 : 198 0 37 2 1
18 : 41 135 20 8 0
19 : 114 149 12 9 1
20 : 82 149 15 15 0
21 : 21 135 14 20 1
22 : 137 91 4 27 0
23 : 175 135 1 18 1
24 : 67 118 22 14 0
25 : 188 91 23 7 1
26 : 34 164 5 3 1
27 : 133 118 5 22 1
28 : 157 91 6 25 0
29 : 130 45 14 58 1
30 : 0 149 17 9 0
31 : 47 164 3 2 1
32 : 199 91 1 20 0
33 : 183 149 8 3 1
34 : 139 135 18 8 0
35 : 81 135 20 2 0
36 : 120 135 6 19 1
37 : 0 45 67 3 0
38 : 152 149 10 8 1
39 : 163 149 8 9 0
40 : 155 118 21 11 0
41 : 30 164 4 5 0
42 : 66 149 4 16 1
43 : 23 118 17 22 1
44 : 62 91 20 30 1
45 : 102 149 14 5 1
46 : 89 118 12 22 1
47 : 61 135 20 5 0
48 : 143 149 4 11 0
49 : 196 149 7 4 1
50 : 131 59 33 32 0
51 : 101 135 19 9 0
52 : 121 91 27 16 1
53 : 157 135 18 5 0
54 : 34 149 8 16 1
55 : 188 149 8 1 1
56 : 40 164 4 3 1
57 : 110 0 3 71 1
58 : 197 0 41 1 1
59 : 97 149 15 5 1
60 : 164 59 33 4 0
61 : 17 149 5 17 1
62 : 178 149 4 9 0
63 : 185 91 3 24 0
64 : 135 149 11 8 1
65 : 13 164 6 5 1
66 : 0 59 50 27 0
67 : 141 91 25 16 1
68 : 92 91 22 29 1
69 : 181 91 4 24 0
70 : 176 118 8 21 1
71 : 28 164 6 2 1
72 : 171 149 9 7 1
73 : 111 149 14 2 1
74 : 197 45 14 3 1
75 : 45 118 15 22 1
76 : 187 149 1 8 0
77 : 50 149 7 16 1
78 : 160 149 3 10 0
79 : 0 135 21 5 0
80 : 182 149 1 9 0
81 : 181 0 4 45 0
82 : 113 149 14 1 1
83 : 50 59 41 18 0
84 : 32 91 27 30 1
85 : 189 149 7 7 0
86 : 7 164 6 6 0
87 : 0 91 7 32 1
88 : 37 164 4 3 1
89 : 185 0 44 12 1
90 : 49 164 1 2 0
91 : 132 149 12 3 1
92 : 111 118 22 10 0
93 : 197 59 27 2 1
94 : 67 45 5 63 1
95 : 0 118 23 15 0
96 : 0 164 7 7 0
97 : 107 149 14 4 1
98 : 123 149 9 12 0
99 : 22 164 3 6 0
