100 58
0 : 94 0 4 22 0
1 : 38 47 9 4 0
2 : 14 23 18 10 0
3 : 73 23 19 9 0
4 : 0 52 5 4 0
5 : 83 52 3 3 0
6 : 48 36 4 15 1
7 : 99 52 1 3 0
8 : 85 36 13 3 0
9 : 0 23 13 14 1
10 : 0 56 2 4 1
11 : 60 52 1 14 1
12 : 92 23 8 13 0
13 : 4 56 1 7 1
14 : 32 23 11 16 1
15 : 98 36 11 1 1
16 : 0 47 38 1 0
17 : 80 36 9 5 1
18 : 26 52 2 8 1
19 : 77 52 6 2 0
20 : 98 47 2 4 0
21 : 98 0 2 21 0
22 : 94 47 4 5 0
23 : 31 36 17 4 0
24 : 39 52 7 2 0
25 : 14 56 5 1 0
26 : 63 36 3 17 1
27 : 11 56 2 3 1
28 : 48 23 7 25 1
29 : 86 52 3 3 0
30 : 53 47 4 7 1
31 : 23 36 8 10 0
32 : 62 0 32 15 0
33 : 34 52 5 3 0
34 : 87 47 7 3 0
35 : 60 47 2 14 1
36 : 47 47 5 6 1
37 : 46 52 14 1 0
38 : 15 36 11 8 1
39 : 0 36 15 11 0
40 : 99 36 9 1 1
41 : 5 52 1 17 1
42 : 74 52 3 4 0
43 : 36 0 20 26 1
44 : 74 47 13 2 0
45 : 22 52 4 4 0
46 : 89 52 1 8 1
47 : 0 0 23 36 1
48 : 19 56 2 2 0
49 : 97 52 4 2 1
