1000 1120
0 : 479 771 94 6 0
1 : 999 1066 22 1 1
2 : 270 1043 25 23 0
3 : 835 1106 2 13 0
4 : 869 1106 7 6 1
5 : 472 411 16 133 1
6 : 797 1017 37 13 0
7 : 770 528 42 91 1
8 : 722 1066 32 7 0
9 : 439 989 4 53 1
10 : 846 1066 27 10 0
11 : 848 891 57 16 0
12 : 478 1088 32 2 0
13 : 930 1106 2 3 0
14 : 959 891 31 41 1
15 : 998 1066 22 1 1
16 : 744 727 1 103 1
17 : 918 1106 4 4 0
18 : 325 923 7 62 1
19 : 508 1043 41 5 0
20 : 146 1066 24 19 0
21 : 866 675 50 59 1
22 : 566 675 69 42 0
23 : 0 573 67 63 0
24 : 428 0 168 76 0
25 : 229 923 19 52 1
26 : 936 1106 1 2 0
27 : 0 727 29 79 1
28 : 510 1088 31 3 0
29 : 384 891 18 58 1
30 : 995 1088 5 18 0
31 : 526 959 23 41 1
32 : 997 338 3 69 0
33 : 699 1106 9 10 0
34 : 220 528 112 22 0
35 : 99 1106 11 19 1
36 : 0 0 202 57 0
37 : 787 1066 14 24 1
38 : 772 467 60 77 1
39 : 479 1017 48 3 0
40 : 486 959 40 25 0
41 : 783 1106 4 14 0
42 : 979 850 37 20 1
43 : 687 806 69 26 0
44 : 633 989 28 29 1
45 : 834 1017 17 32 1
46 : 338 573 9 119 1
47 : 907 1043 40 4 0
48 : 442 891 15 61 1
49 : 567 959 48 16 0
50 : 983 411 14 55 0
51 : 459 1088 15 19 1
52 : 870 411 34 113 1
53 : 428 257 94 81 0
54 : 814 923 53 15 0
55 : 664 1066 8 31 1
56 : 834 1106 1 14 0
57 : 67 923 36 36 0
58 : 938 1106 1 1 0
59 : 18 1088 3 33 1
60 : 811 1106 12 5 1
61 : 539 1106 12 11 1
62 : 671 1088 24 9 0
63 : 310 1017 20 32 1
64 : 190 636 82 39 0
65 : 874 806 21 72 1
66 : 531 1066 34 6 0
67 : 664 959 56 8 0
68 : 506 1066 25 15 0
69 : 702 923 66 2 0
70 : 134 806 18 79 1
71 : 567 923 29 39 1
72 : 754 338 41 115 1
73 : 635 675 104 6 0
74 : 281 923 44 25 0
75 : 695 1088 15 18 0
76 : 694 989 49 7 0
77 : 624 636 22 95 1
78 : 852 1106 8 6 1
79 : 723 1043 7 38 1
80 : 0 1043 7 42 1
81 : 254 338 49 116 1
82 : 739 675 69 41 0
83 : 214 850 69 18 0
84 : 880 989 5 50 1
85 : 459 1043 23 24 1
86 : 658 771 91 8 0
87 : 541 636 34 83 1
88 : 799 1106 9 8 1
89 : 987 771 13 33 0
90 : 86 1066 32 11 0
91 : 252 1088 9 26 1
92 : 471 1106 22 3 0
93 : 788 1088 18 14 1
94 : 128 171 143 54 0
95 : 271 171 133 58 0
96 : 983 923 15 36 0
97 : 836 1043 6 38 1
98 : 993 338 71 4 1
99 : 861 1106 9 4 1
100 : 196 467 17 125 1
101 : 644 1106 7 14 0
102 : 454 1106 8 17 1
103 : 407 989 26 32 1
104 : 136 1106 17 12 0
105 : 851 573 29 94 1
106 : 218 1106 14 14 0
107 : 978 573 22 59 0
108 : 997 257 75 2 1
109 : 929 1088 10 21 1
110 : 373 1017 48 4 0
111 : 647 1066 17 22 0
112 : 984 257 77 11 1
113 : 67 573 90 39 0
114 : 849 467 126 10 0
115 : 950 1088 27 4 0
116 : 775 989 32 24 0
117 : 865 959 11 51 1
118 : 283 850 70 16 0
119 : 468 806 70 27 0
120 : 483 1043 22 25 1
121 : 262 1017 4 48 1
122 : 877 1106 5 8 0
123 : 566 1106 11 12 0
124 : 73 1088 3 33 1
125 : 328 1088 19 16 0
126 : 678 528 42 92 1
127 : 202 0 28 226 1
128 : 793 1043 22 23 0
129 : 713 1106 11 8 1
130 : 615 959 49 15 0
131 : 268 1066 3 39 1
132 : 648 573 94 32 0
133 : 185 727 68 40 0
134 : 935 1106 4 1 1
135 : 722 1017 36 14 0
136 : 828 1106 10 6 1
137 : 130 1088 22 14 0
138 : 721 891 67 7 0
139 : 241 771 21 81 1
140 : 280 257 28 148 1
141 : 802 850 36 47 1
142 : 975 467 22 61 0
143 : 103 923 62 9 0
144 : 312 1106 5 22 1
145 : 473 76 95 114 1
146 : 832 771 18 80 1
147 : 503 891 61 15 0
148 : 998 923 35 2 1
149 : 738 1106 3 15 1
150 : 0 923 5 67 1
151 : 989 636 47 9 1
152 : 910 923 50 17 0
153 : 662 989 32 25 0
154 : 757 1106 4 14 0
155 : 764 1088 24 8 0
156 : 332 528 122 12 0
157 : 349 411 123 30 0
158 : 761 1106 6 12 0
159 : 0 989 2 59 1
160 : 272 636 92 28 0
161 : 997 411 53 2 1
162 : 824 1088 12 20 1
163 : 650 171 41 140 1
164 : 347 1088 29 6 0
165 : 213 806 59 38 0
166 : 761 1043 32 13 0
167 : 114 1017 15 38 1
168 : 61 1106 18 12 0
169 : 376 1066 3 38 1
170 : 947 959 31 30 0
171 : 997 467 58 3 1
172 : 0 1106 5 25 1
173 : 596 1066 32 7 0
174 : 867 923 25 43 1
175 : 663 850 11 72 1
176 : 593 1106 4 18 1
177 : 153 1106 23 6 0
178 : 844 1106 9 6 1
179 : 955 338 71 38 1
180 : 271 76 10 202 1
181 : 730 1106 14 4 1
182 : 409 1106 5 21 1
183 : 450 1017 29 22 0
184 : 151 1043 42 6 0
185 : 73 771 35 68 1
186 : 161 989 40 20 0
187 : 366 959 59 6 0
188 : 118 891 11 68 1
189 : 288 1106 24 3 0
190 : 193 1043 3 45 1
191 : 946 806 40 32 1
192 : 421 1017 29 22 0
193 : 548 850 14 70 1
194 : 999 1017 1 16 0
195 : 498 850 50 34 0
196 : 849 850 6 76 1
197 : 978 806 22 40 0
198 : 996 0 75 4 1
199 : 837 1106 1 14 0
200 : 425 959 61 4 0
201 : 657 1106 9 11 0
202 : 520 467 122 17 0
203 : 0 411 99 56 0
204 : 0 467 40 104 1
205 : 719 636 11 105 1
206 : 492 989 45 12 0
207 : 248 989 32 27 0
208 : 999 1043 1 18 0
209 : 726 1106 14 4 1
210 : 642 467 130 7 0
211 : 550 1106 16 7 0
212 : 912 1106 2 6 0
213 : 866 1017 3 46 1
214 : 0 675 102 12 0
215 : 869 338 86 70 0
216 : 356 1106 15 12 0
217 : 605 411 10 139 1
218 : 618 850 38 45 1
219 : 232 1106 8 20 1
220 : 787 1106 9 8 1
221 : 106 1088 24 12 0
222 : 386 675 22 91 1
223 : 744 411 22 126 1
224 : 616 891 43 32 0
225 : 566 528 112 22 0
226 : 0 771 73 30 0
227 : 916 959 31 30 0
228 : 80 1017 34 19 0
229 : 893 1106 7 4 1
230 : 232 1066 36 6 0
231 : 0 636 17 105 1
232 : 392 1106 17 9 0
233 : 743 989 32 24 0
234 : 754 1066 33 5 0
235 : 564 891 52 23 0
236 : 884 1088 8 23 1
237 : 897 1106 8 2 1
238 : 353 850 10 76 1
239 : 925 675 70 33 0
240 : 807 989 33 22 0
241 : 720 959 13 50 1
242 : 342 1017 21 31 1
243 : 978 989 19 27 0
244 : 44 1106 17 13 0
245 : 914 1106 4 4 0
246 : 307 1066 4 37 1
247 : 749 771 15 83 1
248 : 394 771 85 15 0
249 : 104 467 50 92 1
250 : 999 171 66 1 1
251 : 162 338 92 73 0
252 : 758 1017 11 39 1
253 : 736 1088 4 28 1
254 : 511 1106 10 14 0
255 : 457 573 62 65 1
256 : 659 891 62 13 0
257 : 615 1088 28 5 0
258 : 580 989 53 4 0
259 : 134 76 78 137 1
260 : 695 1066 12 27 1
261 : 176 1106 18 10 0
262 : 905 891 19 54 1
263 : 651 1106 14 6 1
264 : 908 1106 5 4 1
265 : 522 573 126 1 0
266 : 823 806 44 51 1
267 : 816 1106 9 8 1
268 : 322 771 72 29 0
269 : 170 1066 9 34 1
270 : 439 1088 14 20 1
271 : 105 636 37 85 1
272 : 477 675 22 89 1
273 : 767 1106 16 2 0
274 : 280 989 26 32 1
275 : 683 1106 16 3 0
276 : 238 1043 32 16 0
277 : 942 0 69 40 1
278 : 339 891 31 45 1
279 : 244 573 34 94 1
280 : 0 528 90 45 0
281 : 537 989 43 14 0
282 : 541 171 78 109 1
283 : 998 1017 26 1 1
284 : 931 727 32 66 1
285 : 628 1106 5 16 1
286 : 278 1088 30 5 0
287 : 152 1088 23 13 0
288 : 735 850 16 67 1
289 : 742 573 109 14 0
290 : 272 806 72 25 0
291 : 977 1088 12 18 1
292 : 638 1017 6 44 1
293 : 344 1066 32 9 0
294 : 591 1088 10 24 1
295 : 997 989 26 3 1
296 : 971 171 25 86 0
297 : 995 76 4 95 0
298 : 924 636 65 47 0
299 : 0 850 60 31 0
300 : 334 1106 5 22 1
301 : 577 1106 16 6 0
302 : 102 675 11 103 1
303 : 407 1088 3 32 1
304 : 522 257 131 44 0
305 : 225 1088 27 9 0
306 : 932 1106 3 2 1
307 : 235 891 49 29 0
308 : 606 923 56 12 0
309 : 563 1017 4 47 1
310 : 861 528 26 105 1
311 : 538 806 86 10 0
312 : 501 727 5 101 1
313 : 0 891 57 22 0
314 : 274 1106 14 14 0
315 : 787 257 61 111 1
316 : 60 850 50 41 0
317 : 999 411 50 1 1
318 : 795 1106 13 4 1
319 : 998 727 2 39 0
320 : 141 771 2 100 1
321 : 0 1088 18 18 0
322 : 186 891 49 30 0
323 : 930 989 48 6 0
324 : 900 76 95 62 0
325 : 999 257 68 1 1
326 : 157 573 41 87 1
327 : 858 1106 10 3 1
328 : 99 411 8 146 1
329 : 175 1088 21 15 0
330 : 201 989 47 13 0
331 : 708 1106 14 5 1
332 : 666 1106 12 8 1
333 : 753 1106 14 4 1
334 : 93 959 23 44 1
335 : 581 1043 33 13 0
336 : 906 1066 29 8 0
337 : 90 528 130 5 0
338 : 118 1043 15 33 1
339 : 768 923 22 46 1
340 : 898 257 69 86 1
341 : 305 959 61 4 0
342 : 998 636 2 38 0
343 : 756 0 39 186 1
344 : 882 1106 8 4 1
345 : 781 76 119 86 0
346 : 0 959 48 19 0
347 : 907 1088 22 9 0
348 : 996 171 65 3 1
349 : 891 1106 10 2 1
350 : 945 573 33 63 0
351 : 204 1066 28 14 0
352 : 610 1017 23 28 1
353 : 0 1017 40 14 0
354 : 997 727 43 1 1
355 : 521 1106 6 18 1
356 : 527 923 29 40 1
357 : 903 1106 1 9 0
358 : 194 1106 4 24 1
359 : 379 1043 38 9 0
360 : 966 528 34 45 0
361 : 520 338 99 58 0
362 : 807 959 4 58 1
363 : 417 1043 42 5 0
364 : 756 806 67 28 0
365 : 947 1043 41 3 0
366 : 25 1106 11 19 1
367 : 284 891 55 22 0
368 : 51 1088 14 22 1
369 : 611 1106 17 5 0
370 : 78 1043 8 40 1
371 : 936 1017 9 40 1
372 : 710 1088 7 26 1
373 : 0 806 68 29 0
374 : 807 1106 4 13 0
375 : 306 675 33 80 1
376 : 811 1066 35 3 0
377 : 424 727 77 29 0
378 : 60 1066 26 18 0
379 : 186 959 5 61 1
380 : 790 171 86 94 1
381 : 295 1043 42 5 0
382 : 596 0 66 160 1
383 : 565 1066 31 9 0
384 : 408 806 37 60 1
385 : 802 1088 10 22 1
386 : 308 1088 15 20 1
387 : 118 989 43 17 0
388 : 48 959 45 22 0
389 : 808 675 52 58 1
390 : 682 1017 40 10 0
391 : 452 1066 24 16 0
392 : 454 528 112 22 0
393 : 38 1066 22 22 0
394 : 850 1106 2 12 0
395 : 79 1106 10 20 1
396 : 976 1017 25 22 1
397 : 370 338 10 150 1
398 : 873 1066 4 33 1
399 : 245 411 50 104 1
400 : 840 989 40 15 0
401 : 404 171 53 137 1
402 : 541 1088 4 30 1
403 : 110 850 56 33 0
404 : 624 806 32 63 1
405 : 734 1106 4 14 0
406 : 653 257 134 41 0
407 : 628 1066 19 20 0
408 : 886 1106 5 7 0
409 : 925 850 28 54 1
410 : 721 1106 14 5 1
411 : 655 1043 42 4 0
412 : 527 1017 36 15 0
413 : 364 636 94 23 0
414 : 960 923 34 23 1
415 : 922 1106 3 4 0
416 : 357 989 50 8 0
417 : 966 1066 32 4 0
418 : 57 891 18 61 1
419 : 247 959 58 7 0
420 : 430 1106 24 2 0
421 : 912 771 23 75 1
422 : 875 1106 11 2 1
423 : 0 338 162 5 0
424 : 847 727 84 20 0
425 : 170 257 110 67 0
426 : 674 1106 10 9 1
427 : 925 1106 3 4 0
428 : 118 1066 28 15 0
429 : 571 1088 14 20 1
430 : 414 1066 3 38 1
431 : 824 636 15 100 1
432 : 493 1106 18 7 0
433 : 337 1043 5 42 1
434 : 348 727 76 31 0
435 : 0 257 8 170 1
436 : 371 1106 21 5 0
437 : 995 675 5 51 0
438 : 312 989 13 45 1
439 : 549 1043 14 32 1
440 : 912 1017 25 24 1
441 : 442 467 78 61 0
442 : 865 1106 9 4 1
443 : 205 675 12 101 1
444 : 998 1043 21 1 1
445 : 619 338 135 21 0
446 : 899 1106 6 4 1
447 : 662 923 28 40 1
448 : 0 76 134 90 0
449 : 137 959 49 17 0
450 : 166 850 40 48 1
451 : 344 806 33 64 1
452 : 458 636 34 83 1
453 : 995 257 2 80 0
454 : 253 727 95 12 0
455 : 186 1017 26 26 0
456 : 770 959 26 37 1
457 : 874 1043 33 11 0
458 : 815 1043 23 21 1
459 : 196 1088 7 29 1
460 : 844 1088 11 20 1
461 : 788 891 13 60 1
462 : 937 1106 2 1 1
463 : 40 1017 40 14 0
464 : 978 959 30 22 1
465 : 436 923 24 45 1
466 : 252 1106 6 22 1
467 : 68 806 66 31 0
468 : 838 1106 9 6 1
469 : 683 727 44 61 1
470 : 59 989 1 59 1
471 : 602 727 24 81 1
472 : 697 1043 19 26 1
473 : 321 467 19 121 1
474 : 481 923 46 23 0
475 : 935 1066 6 31 1
476 : 614 1043 5 41 1
477 : 118 1106 12 18 1
478 : 573 771 15 85 1
479 : 643 1088 5 28 1
480 : 884 171 86 87 1
481 : 42 1043 36 12 0
482 : 165 923 64 7 0
483 : 904 1106 5 4 1
484 : 152 1017 34 18 0
485 : 476 1066 30 10 0
486 : 587 76 194 13 0
487 : 0 1066 38 6 0
488 : 934 1106 1 4 0
489 : 79 727 106 2 0
490 : 864 1088 11 20 1
491 : 824 1106 4 12 0
492 : 988 1043 22 10 1
493 : 0 171 70 128 1
494 : 982 0 14 76 0
495 : 376 1088 4 31 1
496 : 928 1106 2 4 0
497 : 429 850 69 16 0
498 : 387 923 20 49 1
499 : 212 1017 2 50 1
