100 50
0 : 0 7 4 22 1
1 : 90 26 9 4 0
2 : 0 30 18 10 0
3 : 90 7 19 9 1
4 : 77 30 5 4 1
5 : 51 25 3 3 0
6 : 84 2 4 15 1
7 : 14 5 1 3 1
8 : 17 3 13 3 0
9 : 64 30 13 14 0
10 : 55 4 2 4 1
11 : 38 6 1 14 1
12 : 24 22 8 13 1
13 : 52 6 1 7 1
14 : 0 11 11 16 0
15 : 0 6 11 1 0
16 : 0 0 38 1 0
17 : 37 22 9 5 0
18 : 22 22 2 8 0
19 : 30 4 6 2 0
20 : 7 27 2 4 1
21 : 38 0 2 21 1
22 : 60 30 4 5 0
23 : 0 1 17 4 0
24 : 30 2 7 2 0
25 : 11 6 5 1 0
26 : 38 3 3 17 1
27 : 42 27 2 3 0
28 : 59 0 7 25 1
29 : 51 22 3 3 0
30 : 11 26 4 7 1
31 : 52 30 8 10 0
32 : 22 7 32 15 0
33 : 37 27 5 3 0
34 : 0 27 7 3 0
35 : 84 0 2 14 1
36 : 46 22 5 6 0
37 : 0 5 14 1 0
38 : 44 30 11 8 1
39 : 11 11 15 11 1
40 : 84 6 9 1 0
41 : 38 2 1 17 1
42 : 18 26 3 4 0
43 : 18 30 20 26 1
44 : 17 1 13 2 0
45 : 81 30 4 4 0
46 : 30 1 1 8 1
47 : 54 7 23 36 1
48 : 98 0 2 2 0
49 : 55 2 4 2 0
