1000 1269
0 : 0 0 94 6 0
1 : 94 0 22 1 0
2 : 116 0 25 23 0
3 : 141 0 2 13 0
4 : 143 0 7 6 1
5 : 149 0 16 133 1
6 : 282 0 37 13 0
7 : 319 0 42 91 1
8 : 410 0 32 7 1
9 : 417 0 4 53 1
10 : 470 0 27 10 1
11 : 480 0 57 16 0
12 : 537 0 32 2 1
13 : 539 0 2 3 0
14 : 541 0 31 41 0
15 : 572 0 22 1 1
16 : 573 0 1 103 1
17 : 676 0 4 4 0
18 : 680 0 7 62 1
19 : 742 0 41 5 1
20 : 747 0 24 19 1
21 : 766 0 50 59 1
22 : 825 0 69 42 0
23 : 894 0 67 63 0
24 : 0 63 168 76 0
25 : 961 0 19 52 0
26 : 980 0 1 2 0
27 : 168 63 29 79 1
28 : 981 0 31 3 1
29 : 247 63 18 58 0
30 : 984 0 5 18 0
31 : 265 63 23 41 0
32 : 288 63 3 69 0
33 : 989 0 9 10 0
34 : 291 63 112 22 0
35 : 403 63 11 19 0
36 : 414 63 202 57 0
37 : 616 63 14 24 0
38 : 630 63 60 77 1
39 : 707 63 48 3 1
40 : 710 63 40 25 1
41 : 735 63 4 14 0
42 : 739 63 37 20 1
43 : 759 63 69 26 1
44 : 785 63 28 29 0
45 : 813 63 17 32 0
46 : 830 63 9 119 1
47 : 949 63 40 4 1
48 : 953 63 15 61 0
49 : 968 63 48 16 1
50 : 984 63 14 55 0
51 : 0 139 15 19 1
52 : 19 139 34 113 1
53 : 132 139 94 81 0
54 : 226 139 53 15 1
55 : 241 139 8 31 0
56 : 998 0 1 14 0
57 : 249 139 36 36 0
58 : 999 0 1 1 0
59 : 285 139 3 33 0
60 : 288 139 12 5 1
61 : 293 139 12 11 1
62 : 304 139 24 9 1
63 : 313 139 20 32 0
64 : 333 139 82 39 0
65 : 415 139 21 72 0
66 : 436 139 34 6 1
67 : 442 139 56 8 1
68 : 450 139 25 15 1
69 : 998 63 66 2 1
70 : 465 139 18 79 0
71 : 483 139 29 39 0
72 : 512 139 41 115 1
73 : 627 139 104 6 0
74 : 731 139 44 25 1
75 : 756 139 15 18 0
76 : 771 139 49 7 1
77 : 778 139 22 95 1
78 : 873 139 8 6 1
79 : 879 139 7 38 0
80 : 886 139 7 42 0
81 : 0 220 49 116 1
82 : 116 220 69 41 0
83 : 893 139 69 18 1
84 : 911 139 5 50 0
85 : 185 220 23 24 0
86 : 208 220 91 8 0
87 : 299 220 34 83 1
88 : 382 220 9 8 1
89 : 390 220 13 33 0
90 : 403 220 32 11 1
91 : 414 220 9 26 0
92 : 423 220 22 3 1
93 : 426 220 18 14 1
94 : 440 220 143 54 0
95 : 583 220 133 58 0
96 : 716 220 15 36 0
97 : 731 220 6 38 0
98 : 916 139 71 4 1
99 : 737 220 9 4 1
100 : 741 220 17 125 1
101 : 866 220 7 14 0
102 : 873 220 8 17 0
103 : 881 220 26 32 0
104 : 907 220 17 12 1
105 : 0 278 29 94 1
106 : 94 278 14 14 0
107 : 108 278 22 59 1
108 : 920 139 75 2 1
109 : 167 278 10 21 0
110 : 919 220 48 4 1
111 : 177 278 17 22 0
112 : 922 139 77 11 1
113 : 194 278 90 39 0
114 : 284 278 126 10 0
115 : 410 278 27 4 1
116 : 414 278 32 24 1
117 : 923 220 11 51 0
118 : 933 139 70 16 1
119 : 949 139 70 27 1
120 : 438 278 22 25 0
121 : 934 220 4 48 0
122 : 460 278 5 8 0
123 : 465 278 11 12 0
124 : 476 278 3 33 0
125 : 479 278 19 16 1
126 : 495 278 42 92 1
127 : 587 278 28 226 1
128 : 813 278 22 23 0
129 : 835 278 11 8 1
130 : 938 220 49 15 1
131 : 843 278 3 39 0
132 : 846 278 94 32 0
133 : 0 320 68 40 0
134 : 68 320 4 1 1
135 : 69 320 36 14 1
136 : 83 320 10 6 1
137 : 89 320 22 14 1
138 : 976 139 67 7 1
139 : 103 320 21 81 1
140 : 184 320 28 148 1
141 : 332 320 36 47 1
142 : 379 320 22 61 1
143 : 983 139 62 9 1
144 : 440 320 5 22 0
145 : 445 320 95 114 1
146 : 559 320 18 80 0
147 : 577 320 61 15 1
148 : 940 278 35 2 1
149 : 942 278 3 15 0
150 : 992 139 5 67 0
151 : 953 220 47 9 1
152 : 962 220 50 17 1
153 : 945 278 32 25 1
154 : 970 278 4 14 0
155 : 974 278 24 8 1
156 : 592 320 122 12 0
157 : 714 320 123 30 0
158 : 982 278 6 12 0
159 : 997 139 2 59 0
160 : 837 320 92 28 1
161 : 979 220 53 2 1
162 : 988 278 12 20 0
163 : 0 415 41 140 1
164 : 140 415 29 6 1
165 : 146 415 59 38 0
166 : 205 415 32 13 1
167 : 218 415 15 38 0
168 : 233 415 18 12 1
169 : 245 415 3 38 0
170 : 248 415 31 30 1
171 : 981 220 58 3 1
172 : 278 415 5 25 0
173 : 283 415 32 7 1
174 : 290 415 25 43 1
175 : 865 320 11 72 0
176 : 333 415 4 18 0
177 : 337 415 23 6 1
178 : 343 415 9 6 1
179 : 349 415 71 38 0
180 : 420 415 10 202 1
181 : 622 415 14 4 1
182 : 626 415 5 21 0
183 : 631 415 29 22 1
184 : 984 220 42 6 1
185 : 653 415 35 68 1
186 : 721 415 40 20 1
187 : 741 415 59 6 0
188 : 876 320 11 68 0
189 : 800 415 24 3 1
190 : 990 220 3 45 0
191 : 803 415 40 32 1
192 : 835 415 29 22 1
193 : 887 320 14 70 0
194 : 857 415 1 16 0
195 : 858 415 50 34 0
196 : 901 320 6 76 0
197 : 908 415 22 40 0
198 : 907 320 75 4 1
199 : 930 415 1 14 0
200 : 911 320 61 4 1
201 : 931 415 9 11 0
202 : 0 456 122 17 0
203 : 122 456 99 56 0
204 : 221 456 40 104 1
205 : 325 456 11 105 1
206 : 430 456 45 12 1
207 : 940 415 32 27 1
208 : 967 415 1 18 0
209 : 968 415 14 4 1
210 : 442 456 130 7 0
211 : 972 415 16 7 1
212 : 979 415 2 6 0
213 : 572 456 3 46 0
214 : 575 456 102 12 0
215 : 677 456 86 70 0
216 : 981 415 15 12 1
217 : 763 456 10 139 1
218 : 902 456 38 45 0
219 : 940 456 8 20 0
220 : 948 456 9 8 1
221 : 956 456 24 12 1
222 : 915 320 22 91 0
223 : 0 526 22 126 1
224 : 126 526 43 32 0
225 : 169 526 112 22 0
226 : 281 526 73 30 0
227 : 354 526 31 30 1
228 : 384 526 34 19 0
229 : 418 526 7 4 1
230 : 993 415 36 6 1
231 : 422 526 17 105 1
232 : 527 526 17 9 1
233 : 536 526 32 24 1
234 : 993 220 33 5 1
235 : 560 526 52 23 0
236 : 612 526 8 23 0
237 : 620 526 8 2 1
238 : 937 320 10 76 0
239 : 622 526 70 33 0
240 : 692 526 33 22 1
241 : 968 456 13 50 0
242 : 714 526 21 31 0
243 : 735 526 19 27 0
244 : 754 526 17 13 1
245 : 767 526 4 4 0
246 : 771 526 4 37 1
247 : 947 320 15 83 0
248 : 962 320 85 15 1
249 : 808 526 50 92 1
250 : 981 456 66 1 1
251 : 900 526 92 73 0
252 : 982 456 11 39 0
253 : 993 456 4 28 0
254 : 977 320 10 14 0
255 : 0 599 62 65 1
256 : 65 599 62 13 1
257 : 78 599 28 5 1
258 : 83 599 53 4 1
259 : 87 599 78 137 1
260 : 224 599 12 27 0
261 : 236 599 18 10 1
262 : 246 599 19 54 0
263 : 992 526 14 6 1
264 : 265 599 5 4 1
265 : 269 599 126 1 0
266 : 395 599 44 51 0
267 : 439 599 9 8 1
268 : 447 599 72 29 1
269 : 476 599 9 34 0
270 : 485 599 14 20 0
271 : 499 599 37 85 1
272 : 584 599 22 89 1
273 : 998 220 16 2 1
274 : 673 599 26 32 0
275 : 997 456 16 3 1
276 : 699 599 32 16 1
277 : 715 599 69 40 1
278 : 755 599 31 45 0
279 : 786 599 34 94 1
280 : 880 599 90 45 0
281 : 970 599 43 14 1
282 : 0 677 78 109 1
283 : 999 415 26 1 1
284 : 109 677 32 66 0
285 : 984 599 5 16 0
286 : 989 599 30 5 1
287 : 141 677 23 13 1
288 : 154 677 16 67 0
289 : 170 677 109 14 0
290 : 279 677 72 25 1
291 : 304 677 12 18 0
292 : 994 599 6 44 0
293 : 316 677 32 9 1
294 : 325 677 10 24 0
295 : 335 677 26 3 1
296 : 338 677 25 86 1
297 : 987 320 4 95 0
298 : 424 677 65 47 1
299 : 471 677 60 31 1
300 : 502 677 5 22 0
301 : 507 677 16 6 1
302 : 513 677 11 103 1
303 : 616 677 3 32 0
304 : 619 677 131 44 0
305 : 750 677 27 9 1
306 : 998 526 3 2 1
307 : 759 677 49 29 1
308 : 788 677 56 12 1
309 : 800 677 4 47 0
310 : 804 677 26 105 1
311 : 909 677 86 10 0
312 : 0 755 5 101 1
313 : 101 755 57 22 0
314 : 158 755 14 14 0
315 : 172 755 61 111 1
316 : 283 755 50 41 1
317 : 324 755 50 1 1
318 : 325 755 13 4 1
319 : 329 755 2 39 0
320 : 331 755 2 100 1
321 : 431 755 18 18 0
322 : 449 755 49 30 1
323 : 479 755 48 6 1
324 : 485 755 95 62 0
325 : 995 677 68 1 1
326 : 580 755 41 87 1
327 : 667 755 10 3 1
328 : 670 755 8 146 1
329 : 816 755 21 15 1
330 : 831 755 47 13 1
331 : 844 755 14 5 1
332 : 849 755 12 8 1
333 : 857 755 14 4 1
334 : 861 755 23 44 0
335 : 884 755 33 13 1
336 : 897 755 29 8 1
337 : 0 817 130 5 0
338 : 130 817 15 33 1
339 : 163 817 22 46 1
340 : 905 755 69 86 1
341 : 991 755 61 4 1
342 : 209 817 2 38 1
343 : 247 817 39 186 1
344 : 433 817 8 4 1
345 : 437 817 119 86 0
346 : 556 817 48 19 1
347 : 575 817 22 9 1
348 : 995 755 65 3 1
349 : 998 755 10 2 1
350 : 584 817 33 63 0
351 : 617 817 28 14 1
352 : 631 817 23 28 0
353 : 654 817 40 14 1
354 : 996 677 43 1 1
355 : 668 817 6 18 0
356 : 674 817 29 40 0
357 : 997 677 1 9 0
358 : 703 817 4 24 0
359 : 707 817 38 9 1
360 : 716 817 34 45 0
361 : 750 817 99 58 0
362 : 849 817 4 58 0
363 : 853 817 42 5 1
364 : 858 817 67 28 1
365 : 886 817 41 3 1
366 : 889 817 11 19 0
367 : 900 817 55 22 1
368 : 922 817 14 22 0
369 : 936 817 17 5 1
370 : 941 817 8 40 0
371 : 949 817 9 40 0
372 : 958 817 7 26 0
373 : 965 817 68 29 1
374 : 994 817 4 13 0
375 : 0 903 33 80 1
376 : 80 903 35 3 0
377 : 115 903 77 29 0
378 : 192 903 26 18 1
379 : 210 903 5 61 1
380 : 271 903 86 94 1
381 : 365 903 42 5 1
382 : 370 903 66 160 1
383 : 530 903 31 9 1
384 : 539 903 37 60 0
385 : 576 903 10 22 0
386 : 586 903 15 20 0
387 : 601 903 43 17 1
388 : 618 903 45 22 1
389 : 640 903 52 58 0
390 : 692 903 40 10 1
391 : 702 903 24 16 1
392 : 718 903 112 22 0
393 : 830 903 22 22 0
394 : 998 677 2 12 0
395 : 852 903 10 20 0
396 : 862 903 25 22 1
397 : 0 989 10 150 1
398 : 150 989 4 33 1
399 : 183 989 50 104 1
400 : 287 989 40 15 1
401 : 302 989 53 137 1
402 : 439 989 4 30 0
403 : 443 989 56 33 0
404 : 499 989 32 63 1
405 : 562 989 4 14 0
406 : 566 989 134 41 0
407 : 700 989 19 20 0
408 : 719 989 5 7 0
409 : 724 989 28 54 1
410 : 778 989 14 5 1
411 : 783 989 42 4 1
412 : 787 989 36 15 1
413 : 802 989 94 23 0
414 : 896 989 34 23 1
415 : 919 989 3 4 0
416 : 922 989 50 8 1
417 : 930 989 32 4 1
418 : 884 903 18 61 0
419 : 902 903 58 7 1
420 : 934 989 24 2 1
421 : 909 903 23 75 0
422 : 936 989 11 2 1
423 : 0 1042 162 5 0
424 : 162 1042 84 20 0
425 : 246 1042 110 67 0
426 : 938 989 10 9 1
427 : 947 989 3 4 0
428 : 950 989 28 15 1
429 : 965 989 14 20 0
430 : 979 989 3 38 0
431 : 356 1042 15 100 1
432 : 982 989 18 7 1
433 : 989 989 5 42 0
434 : 932 903 76 31 1
435 : 456 1042 8 170 1
436 : 994 989 21 5 1
437 : 626 1042 5 51 0
438 : 631 1042 13 45 0
439 : 644 1042 14 32 0
440 : 658 1042 25 24 1
441 : 682 1042 78 61 0
442 : 760 1042 9 4 1
443 : 764 1042 12 101 1
444 : 999 989 21 1 1
445 : 865 1042 135 21 0
446 : 963 903 6 4 1
447 : 967 903 28 40 0
448 : 0 1109 134 90 0
449 : 134 1109 49 17 1
450 : 151 1109 40 48 0
451 : 191 1109 33 64 0
452 : 224 1109 34 83 0
453 : 998 817 2 80 0
454 : 258 1109 95 12 0
455 : 353 1109 26 26 0
456 : 379 1109 26 37 0
457 : 405 1109 33 11 1
458 : 416 1109 23 21 1
459 : 437 1109 7 29 0
460 : 444 1109 11 20 0
461 : 455 1109 13 60 0
462 : 999 139 2 1 1
463 : 468 1109 40 14 1
464 : 482 1109 30 22 1
465 : 504 1109 24 45 0
466 : 528 1109 6 22 0
467 : 534 1109 66 31 1
468 : 565 1109 9 6 1
469 : 571 1109 44 61 0
470 : 995 903 1 59 0
471 : 615 1109 24 81 0
472 : 639 1109 19 26 0
473 : 658 1109 19 121 1
474 : 779 1109 46 23 1
475 : 802 1109 6 31 0
476 : 808 1109 5 41 0
477 : 813 1109 12 18 0
478 : 825 1109 15 85 0
479 : 840 1109 5 28 0
480 : 845 1109 86 87 0
481 : 931 1109 36 12 1
482 : 943 1109 64 7 1
483 : 996 903 5 4 1
484 : 950 1109 34 18 1
485 : 968 1109 30 10 1
486 : 0 1199 194 13 0
487 : 194 1199 38 6 0
488 : 232 1199 1 4 0
489 : 233 1199 106 2 0
490 : 339 1199 11 20 1
491 : 359 1199 4 12 0
492 : 363 1199 22 10 0
493 : 385 1199 70 128 1
494 : 978 1109 14 76 0
495 : 513 1199 4 31 0
496 : 517 1199 2 4 0
497 : 519 1199 69 16 1
498 : 535 1199 20 49 0
499 : 555 1199 2 50 0
