200 133
0 : 115 123 4 6 1
1 : 86 130 2 4 1
2 : 0 0 110 45 0
3 : 0 132 1 15 1
4 : 82 130 2 4 1
5 : 141 127 6 3 0
6 : 134 130 1 27 1
7 : 24 123 4 23 1
8 : 187 88 9 14 0
9 : 29 132 1 11 1
10 : 47 130 15 2 0
11 : 130 45 18 24 0
12 : 49 132 8 1 0
13 : 25 72 15 40 1
14 : 0 111 7 14 1
15 : 88 123 11 4 0
16 : 73 132 1 2 1
17 : 160 127 37 2 0
18 : 45 102 20 8 0
19 : 0 102 12 9 0
20 : 110 72 15 15 0
21 : 22 88 14 20 1
22 : 168 118 4 27 1
23 : 181 130 1 18 1
24 : 0 88 22 14 0
25 : 160 102 23 7 0
26 : 147 127 5 3 0
27 : 150 111 5 22 1
28 : 37 111 6 25 1
29 : 125 72 14 58 1
30 : 170 88 17 9 0
31 : 90 130 3 2 0
32 : 161 130 1 20 1
33 : 127 127 8 3 0
34 : 65 102 18 8 0
35 : 27 130 20 2 0
36 : 62 111 6 19 1
37 : 0 127 67 3 0
38 : 110 102 10 8 0
39 : 120 102 8 9 0
40 : 108 88 21 11 0
41 : 121 123 4 5 1
42 : 47 123 4 16 1
43 : 148 45 17 22 0
44 : 59 45 20 30 1
45 : 70 118 14 5 0
46 : 86 88 12 22 1
47 : 0 118 20 5 0
48 : 77 123 4 11 1
49 : 108 123 7 4 0
50 : 110 0 33 32 1
51 : 151 88 19 9 0
52 : 165 45 27 16 0
53 : 20 118 18 5 0
54 : 83 102 8 16 1
55 : 57 132 8 1 0
56 : 152 127 4 3 0
57 : 126 123 3 71 1
58 : 93 130 41 1 0
59 : 55 118 15 5 0
60 : 135 118 33 4 0
61 : 38 118 5 17 1
62 : 99 123 4 9 1
63 : 67 127 3 24 1
64 : 99 102 11 8 0
65 : 84 118 6 5 0
66 : 142 0 50 27 0
67 : 0 72 25 16 0
68 : 30 45 22 29 1
69 : 0 123 4 24 1
70 : 24 102 8 21 1
71 : 76 130 6 2 0
72 : 14 111 9 7 0
73 : 62 130 14 2 0
74 : 91 127 14 3 0
75 : 88 72 15 22 1
76 : 65 132 1 8 1
77 : 183 102 7 16 1
78 : 117 127 3 10 1
79 : 172 111 21 5 0
80 : 40 132 1 9 1
81 : 90 118 4 45 1
82 : 15 132 14 1 0
83 : 89 45 41 18 0
84 : 0 45 27 30 1
85 : 30 111 7 7 0
86 : 81 111 6 6 0
87 : 128 102 7 32 1
88 : 156 127 4 3 0
89 : 42 88 44 12 0
90 : 75 132 1 2 1
91 : 105 127 12 3 0
92 : 129 88 22 10 0
93 : 0 130 27 2 0
94 : 87 111 5 63 1
95 : 65 72 23 15 0
96 : 23 111 7 7 0
97 : 63 123 14 4 0
98 : 12 102 9 12 1
99 : 135 127 3 6 1
