200 113
0 : 185 97 4 6 0
1 : 115 88 2 4 1
2 : 0 0 110 45 0
3 : 199 45 1 15 0
4 : 185 103 2 4 1
5 : 177 105 6 3 1
6 : 199 0 1 27 0
7 : 164 93 4 23 1
8 : 38 63 9 14 1
9 : 191 33 1 11 0
10 : 0 102 15 2 0
11 : 71 72 18 24 1
12 : 191 104 8 1 0
13 : 147 45 15 40 1
14 : 120 98 7 14 1
15 : 137 105 11 4 0
16 : 36 71 1 2 1
17 : 142 87 37 2 0
18 : 191 66 20 8 1
19 : 16 95 12 9 0
20 : 105 90 15 15 0
21 : 85 90 14 20 1
22 : 28 95 4 27 1
23 : 0 104 1 18 1
24 : 63 90 22 14 0
25 : 117 65 23 7 0
26 : 180 105 5 3 1
27 : 88 67 5 22 1
28 : 0 84 6 25 1
29 : 0 45 14 58 1
30 : 151 27 17 9 1
31 : 56 63 3 2 1
32 : 147 71 1 20 1
33 : 14 69 8 3 0
34 : 191 86 18 8 1
35 : 95 88 20 2 0
36 : 25 84 6 19 1
37 : 0 105 67 3 0
38 : 175 97 10 8 0
39 : 82 105 8 9 1
40 : 147 60 21 11 0
41 : 173 105 4 5 0
42 : 91 105 4 16 1
43 : 120 72 17 22 1
44 : 117 45 20 30 1
45 : 49 99 14 5 0
46 : 160 33 12 22 1
47 : 120 93 20 5 0
48 : 148 105 4 11 1
49 : 55 95 7 4 0
50 : 160 0 33 32 1
51 : 168 60 19 9 0
52 : 44 72 27 16 0
53 : 140 97 18 5 0
54 : 22 63 8 16 1
55 : 179 87 8 1 0
56 : 55 59 4 3 1
57 : 120 90 3 71 1
58 : 120 89 41 1 0
59 : 67 105 15 5 0
60 : 22 59 33 4 0
61 : 158 97 5 17 1
62 : 52 63 4 9 0
63 : 140 102 3 24 1
64 : 192 32 11 8 1
65 : 110 67 6 5 0
66 : 110 0 50 27 0
67 : 95 72 25 16 0
68 : 88 45 22 29 1
69 : 140 93 4 24 1
70 : 191 45 8 21 0
71 : 192 43 6 2 0
72 : 107 105 9 7 0
73 : 159 105 14 2 0
74 : 0 69 14 3 0
75 : 165 72 15 22 1
76 : 179 88 1 8 1
77 : 0 95 7 16 1
78 : 164 102 3 10 1
79 : 28 99 21 5 0
80 : 151 44 1 9 1
81 : 187 45 4 45 0
82 : 22 71 14 1 0
83 : 110 27 41 18 0
84 : 58 45 27 30 1
85 : 140 65 7 7 0
86 : 134 98 6 6 0
87 : 192 0 7 32 0
88 : 187 93 4 3 0
89 : 0 72 44 12 0
90 : 15 102 1 2 0
91 : 168 69 12 3 0
92 : 0 59 22 10 0
93 : 44 88 27 2 0
94 : 0 90 5 63 1
95 : 142 72 23 15 0
96 : 130 105 7 7 0
97 : 116 105 14 4 0
98 : 182 33 9 12 0
99 : 180 69 3 6 1
