100 72
0 : 57 23 4 22 1
1 : 46 61 9 4 0
2 : 19 38 18 10 0
3 : 0 38 19 9 0
4 : 79 61 5 4 1
5 : 3 69 3 3 0
6 : 31 48 4 15 1
7 : 8 69 1 3 0
8 : 96 48 13 3 1
9 : 46 48 13 14 1
10 : 96 61 2 4 0
11 : 0 61 1 14 1
12 : 88 48 8 13 0
13 : 67 61 1 7 0
14 : 0 48 11 16 1
15 : 99 48 11 1 1
16 : 0 0 38 1 0
17 : 37 61 9 5 0
18 : 55 61 2 8 0
19 : 73 61 6 2 1
20 : 94 61 2 4 0
21 : 79 23 2 21 1
22 : 75 61 4 5 0
23 : 37 38 17 4 0
24 : 65 61 7 2 1
25 : 86 61 5 1 1
26 : 54 38 3 17 1
27 : 6 69 2 3 0
28 : 32 23 7 25 1
29 : 0 69 3 3 0
30 : 58 61 4 7 0
31 : 27 61 8 10 1
32 : 0 23 32 15 0
33 : 83 61 5 3 1
34 : 62 61 7 3 1
35 : 60 48 2 14 1
36 : 68 61 5 6 0
37 : 74 48 14 1 0
38 : 88 38 11 8 0
39 : 16 48 15 11 0
40 : 99 38 9 1 1
41 : 71 38 1 17 1
42 : 91 61 3 4 0
43 : 74 0 20 26 1
44 : 14 61 13 2 0
45 : 87 61 4 4 0
46 : 57 61 1 8 0
47 : 38 0 23 36 1
48 : 9 69 2 2 0
49 : 98 61 4 2 1
