300 188
0 : 45 181 2 3 0
1 : 282 155 18 12 0
2 : 47 178 14 5 0
3 : 225 161 11 6 1
4 : 0 172 12 16 1
5 : 48 62 6 44 1
6 : 162 36 2 10 1
7 : 266 107 2 23 1
8 : 95 64 52 6 0
9 : 166 109 12 39 1
10 : 165 155 7 26 1
11 : 145 172 10 13 1
12 : 146 169 19 3 0
13 : 159 70 59 12 0
14 : 128 170 2 14 1
15 : 288 147 8 4 1
16 : 0 70 39 39 0
17 : 271 133 14 24 1
18 : 229 133 20 19 1
19 : 124 164 4 4 0
20 : 191 155 18 14 0
21 : 43 155 12 23 1
22 : 181 133 30 12 0
23 : 180 152 1 2 0
24 : 145 182 2 11 1
25 : 233 128 5 26 1
26 : 209 161 9 16 1
27 : 175 0 65 32 0
28 : 158 133 23 19 0
29 : 126 172 5 19 1
30 : 112 172 10 14 1
31 : 181 145 6 30 1
32 : 166 132 31 1 0
33 : 282 167 16 5 0
34 : 209 155 26 6 0
35 : 137 181 8 3 0
36 : 230 172 7 15 1
37 : 231 131 2 2 0
38 : 299 70 1 24 0
39 : 162 60 9 50 1
40 : 233 32 7 2 0
41 : 83 155 20 14 0
42 : 248 149 22 6 0
43 : 205 169 3 4 1
44 : 238 34 2 4 0
45 : 197 131 7 2 0
46 : 218 70 22 48 1
47 : 95 38 67 26 0
48 : 35 133 22 23 1
49 : 45 109 39 14 0
50 : 69 101 7 29 1
51 : 98 93 13 45 1
52 : 140 36 22 2 0
53 : 93 87 14 5 1
54 : 233 109 19 29 1
55 : 280 164 8 2 1
56 : 48 39 46 23 0
57 : 260 155 22 9 0
58 : 245 172 7 14 1
59 : 162 69 1 33 1
60 : 103 155 25 9 0
61 : 295 120 13 4 1
62 : 274 38 23 29 0
63 : 166 121 11 31 1
64 : 31 181 14 3 0
65 : 216 94 1 2 1
66 : 235 155 7 25 1
67 : 127 144 28 7 0
68 : 107 133 20 22 0
69 : 0 184 15 4 0
70 : 181 151 4 25 1
71 : 149 151 9 4 0
72 : 248 133 23 16 0
73 : 146 155 14 19 1
74 : 45 123 10 34 1
75 : 182 162 9 9 0
76 : 286 176 2 4 0
77 : 72 0 103 7 0
78 : 285 180 4 3 1
79 : 262 109 11 37 1
80 : 292 147 8 3 1
81 : 212 34 4 26 1
82 : 21 153 14 2 0
83 : 187 172 8 15 1
84 : 159 82 13 44 1
85 : 98 106 40 2 0
86 : 286 0 12 38 0
87 : 127 109 39 13 0
88 : 272 172 4 16 1
89 : 298 0 2 37 0
90 : 92 62 4 3 1
91 : 253 162 6 9 0
92 : 272 180 13 4 0
93 : 16 172 12 15 1
94 : 158 152 22 2 0
95 : 259 172 7 13 1
96 : 0 133 13 35 1
97 : 0 39 29 48 1
98 : 165 122 9 1 1
99 : 172 7 30 3 1
100 : 127 133 11 31 1
101 : 0 153 21 2 0
102 : 123 168 4 4 0
103 : 47 183 14 1 0
104 : 259 162 1 9 0
105 : 147 83 9 12 1
106 : 0 68 2 40 1
107 : 211 133 22 18 1
108 : 271 147 8 17 1
109 : 203 94 13 1 0
110 : 205 109 22 28 1
111 : 291 70 8 36 0
112 : 155 144 3 7 0
113 : 128 155 18 15 0
114 : 22 155 14 21 1
115 : 0 109 24 45 1
116 : 142 170 4 2 0
117 : 0 155 22 14 0
118 : 0 38 95 1 0
119 : 72 7 26 68 1
120 : 84 180 15 4 0
121 : 133 33 5 7 1
122 : 240 0 46 38 0
123 : 99 180 4 1 1
124 : 206 151 4 5 1
125 : 175 32 58 2 0
126 : 216 172 14 8 0
127 : 218 92 17 47 1
128 : 143 93 15 15 0
129 : 47 172 6 18 1
130 : 165 162 9 17 1
131 : 209 170 16 2 0
132 : 288 172 9 6 0
133 : 28 146 7 7 0
134 : 272 176 14 4 0
135 : 295 133 5 22 0
136 : 114 118 12 15 0
137 : 126 177 11 5 0
138 : 158 172 9 14 1
139 : 262 120 33 13 0
140 : 79 123 8 4 1
141 : 0 146 28 7 0
142 : 39 70 17 59 1
143 : 175 34 4 37 1
144 : 83 123 9 1 1
145 : 288 178 6 9 1
146 : 260 164 20 8 0
147 : 84 132 24 1 0
148 : 39 87 14 54 1
149 : 98 83 49 10 0
150 : 202 172 14 8 0
151 : 235 162 9 18 1
152 : 77 177 4 7 1
153 : 31 172 9 16 1
154 : 266 70 25 37 0
155 : 140 7 32 29 0
156 : 137 177 8 4 0
157 : 147 68 2 15 1
158 : 72 33 61 5 0
159 : 127 151 4 22 1
160 : 172 172 8 15 1
161 : 58 133 19 25 1
162 : 103 164 4 21 1
163 : 65 172 5 19 1
164 : 83 133 19 24 1
165 : 201 95 14 17 1
166 : 65 181 7 3 0
167 : 297 38 29 3 1
168 : 147 64 15 4 0
169 : 212 60 10 12 1
170 : 84 109 43 9 0
171 : 158 181 14 3 0
172 : 163 131 2 3 1
173 : 103 168 20 4 0
174 : 162 38 22 62 1
175 : 66 155 17 17 0
176 : 205 131 26 2 0
177 : 203 82 15 12 0
178 : 127 131 2 36 1
179 : 224 38 32 50 1
180 : 43 167 5 22 1
181 : 84 172 16 8 0
182 : 84 118 14 30 1
183 : 138 106 5 2 0
184 : 298 37 1 2 1
185 : 291 106 8 3 0
186 : 39 101 30 7 0
187 : 161 122 4 9 0
188 : 297 172 9 3 1
189 : 191 169 14 3 0
190 : 159 95 42 14 0
191 : 127 122 34 9 0
192 : 231 161 4 11 0
193 : 0 0 38 72 1
194 : 270 149 6 1 1
195 : 259 128 3 5 0
196 : 197 121 10 8 1
197 : 100 172 12 12 0
198 : 65 177 4 12 1
199 : 98 70 13 61 1
