100 52
0 : 49 36 4 22 1
1 : 15 44 9 4 0
2 : 45 23 18 10 0
3 : 63 23 19 9 0
4 : 36 44 5 4 0
5 : 90 44 3 3 0
6 : 0 44 4 15 1
7 : 29 51 1 3 1
8 : 62 44 13 3 0
9 : 0 23 13 14 1
10 : 77 48 2 4 1
11 : 69 50 1 14 1
12 : 82 23 8 13 0
13 : 17 51 1 7 1
14 : 14 23 11 16 1
15 : 83 50 11 1 0
16 : 0 50 38 1 0
17 : 35 36 9 5 0
18 : 48 48 2 8 1
19 : 63 48 6 2 0
20 : 73 48 2 4 1
21 : 0 48 2 21 1
22 : 31 44 4 5 1
23 : 71 36 17 4 0
24 : 56 48 7 2 0
25 : 24 51 5 1 0
26 : 45 44 3 17 1
27 : 81 48 2 3 1
28 : 10 36 7 25 1
29 : 93 44 3 3 0
30 : 24 44 4 7 1
31 : 0 36 8 10 1
32 : 62 0 32 15 0
33 : 82 44 5 3 0
34 : 75 44 7 3 0
35 : 21 48 2 14 1
36 : 44 36 5 6 0
37 : 55 50 14 1 0
38 : 90 23 11 8 1
39 : 30 23 15 11 0
40 : 0 51 9 1 0
41 : 38 50 1 17 1
42 : 87 44 3 4 0
43 : 36 0 20 26 1
44 : 35 48 13 2 0
45 : 41 44 4 4 0
46 : 9 51 1 8 1
47 : 0 0 23 36 1
48 : 84 48 2 2 0
49 : 69 48 4 2 0
