1000 630
0 : 272 165 94 6 0
1 : 957 73 22 1 1
2 : 945 458 25 23 1
3 : 864 78 2 13 0
4 : 76 620 7 6 0
5 : 0 546 16 133 1
6 : 408 577 37 13 0
7 : 899 232 42 91 1
8 : 514 612 32 7 0
9 : 644 228 4 53 1
10 : 490 602 27 10 0
11 : 339 546 57 16 0
12 : 152 282 32 2 0
13 : 997 600 2 3 1
14 : 105 399 31 41 1
15 : 999 483 22 1 1
16 : 208 282 1 103 1
17 : 489 626 4 4 0
18 : 233 612 7 62 1
19 : 411 620 41 5 0
20 : 187 527 24 19 0
21 : 333 232 50 59 1
22 : 958 92 69 42 1
23 : 738 95 67 63 1
24 : 0 95 168 76 0
25 : 0 527 19 52 1
26 : 864 91 1 2 1
27 : 545 399 29 79 1
28 : 997 399 31 3 1
29 : 520 527 18 58 1
30 : 660 620 5 18 1
31 : 842 458 23 41 1
32 : 588 362 3 69 1
33 : 631 602 9 10 0
34 : 238 483 112 22 0
35 : 789 590 11 19 1
36 : 498 171 202 57 0
37 : 820 562 14 24 1
38 : 189 171 60 77 1
39 : 942 229 48 3 0
40 : 245 458 40 25 0
41 : 404 626 4 14 1
42 : 741 505 37 20 0
43 : 834 430 69 26 0
44 : 969 399 28 29 0
45 : 920 527 17 32 1
46 : 248 86 9 119 1
47 : 137 626 40 4 0
48 : 909 546 15 61 1
49 : 396 546 48 16 0
50 : 546 562 14 55 1
51 : 330 562 15 19 1
52 : 739 326 34 113 1
53 : 539 0 94 81 1
54 : 0 562 53 15 0
55 : 992 365 8 31 0
56 : 985 526 1 14 1
57 : 635 326 36 36 0
58 : 391 282 1 1 0
59 : 410 229 3 33 1
60 : 739 620 12 5 0
61 : 976 274 12 11 0
62 : 991 458 24 9 1
63 : 778 505 20 32 1
64 : 186 326 82 39 0
65 : 442 505 21 72 1
66 : 879 612 34 6 0
67 : 453 87 56 8 0
68 : 285 562 25 15 0
69 : 841 624 66 2 0
70 : 311 527 18 79 1
71 : 930 399 29 39 1
72 : 274 285 41 115 1
73 : 168 165 104 6 0
74 : 158 458 44 25 0
75 : 349 562 15 18 1
76 : 353 612 49 7 0
77 : 462 483 22 95 1
78 : 68 620 8 6 0
79 : 444 612 7 38 1
80 : 402 612 7 42 1
81 : 392 232 49 116 1
82 : 476 285 69 41 0
83 : 390 527 69 18 0
84 : 235 620 5 50 1
85 : 968 458 23 24 0
86 : 0 612 91 8 0
87 : 0 365 34 83 1
88 : 160 612 9 8 0
89 : 478 577 13 33 1
90 : 717 590 32 11 0
91 : 825 276 9 26 1
92 : 475 229 22 3 0
93 : 877 157 18 14 0
94 : 799 171 143 54 0
95 : 266 171 133 58 0
96 : 216 562 15 36 1
97 : 767 612 6 38 1
98 : 573 228 71 4 0
99 : 470 626 9 4 0
100 : 620 78 17 125 1
101 : 591 612 7 14 1
102 : 114 612 8 17 1
103 : 935 430 26 32 1
104 : 265 590 17 12 0
105 : 451 399 29 94 1
106 : 850 78 14 14 0
107 : 707 483 22 59 1
108 : 766 624 75 2 0
109 : 541 602 10 21 1
110 : 0 626 48 4 0
111 : 952 527 17 22 1
112 : 899 274 77 11 0
113 : 884 285 90 39 0
114 : 202 602 126 10 0
115 : 335 626 27 4 0
116 : 443 458 32 24 0
117 : 896 160 11 51 1
118 : 133 546 70 16 0
119 : 627 430 70 27 0
120 : 131 505 22 25 1
121 : 938 620 4 48 1
122 : 751 620 5 8 1
123 : 827 590 11 12 0
124 : 377 229 3 33 1
125 : 476 546 19 16 0
126 : 958 0 42 92 0
127 : 0 430 28 226 1
128 : 181 505 22 23 1
129 : 131 612 11 8 0
130 : 53 562 49 15 0
131 : 942 524 3 39 1
132 : 544 365 94 32 0
133 : 768 285 68 40 0
134 : 990 231 4 1 0
135 : 724 562 36 14 0
136 : 40 620 10 6 0
137 : 866 562 22 14 0
138 : 382 164 67 7 0
139 : 361 505 21 81 1
140 : 226 430 28 148 1
141 : 588 326 36 47 1
142 : 646 483 22 61 1
143 : 738 162 62 9 0
144 : 596 620 5 22 1
145 : 0 0 95 114 1
146 : 231 527 18 80 1
147 : 848 546 61 15 0
148 : 855 283 35 2 0
149 : 137 282 3 15 1
150 : 700 227 5 67 1
151 : 468 162 47 9 0
152 : 778 527 50 17 0
153 : 285 458 32 25 0
154 : 986 620 4 14 1
155 : 956 602 24 8 0
156 : 583 577 122 12 0
157 : 146 399 123 30 0
158 : 929 225 6 12 1
159 : 938 600 2 59 1
160 : 374 430 92 28 0
161 : 907 624 53 2 0
162 : 191 590 12 20 1
163 : 0 285 41 140 1
164 : 944 612 29 6 0
165 : 339 326 59 38 0
166 : 511 577 32 13 0
167 : 142 562 15 38 1
168 : 211 590 18 12 0
169 : 304 229 3 38 1
170 : 391 399 31 30 1
171 : 915 396 58 3 0
172 : 549 620 5 25 1
173 : 482 612 32 7 0
174 : 202 458 25 43 1
175 : 505 590 11 72 1
176 : 487 281 4 18 1
177 : 973 612 23 6 0
178 : 59 620 9 6 0
179 : 268 326 71 38 0
180 : 0 602 10 202 1
181 : 390 626 14 4 0
182 : 639 620 5 21 1
183 : 102 505 29 22 0
184 : 725 612 42 6 0
185 : 671 326 35 68 1
186 : 701 505 40 20 0
187 : 994 171 59 6 1
188 : 577 590 11 68 1
189 : 973 396 24 3 0
190 : 856 524 3 45 1
191 : 810 365 40 32 0
192 : 73 505 29 22 0
193 : 476 562 14 70 1
194 : 614 611 1 16 1
195 : 946 326 50 34 0
196 : 605 612 6 76 1
197 : 0 505 22 40 1
198 : 498 228 75 4 0
199 : 895 157 1 14 0
200 : 766 620 61 4 0
201 : 947 160 9 11 0
202 : 656 527 122 17 0
203 : 700 171 99 56 0
204 : 595 285 40 104 1
205 : 297 590 11 105 1
206 : 95 590 45 12 0
207 : 697 430 32 27 0
208 : 367 94 1 18 1
209 : 418 626 14 4 0
210 : 799 225 130 7 0
211 : 575 612 16 7 0
212 : 994 230 2 6 1
213 : 810 524 3 46 1
214 : 705 577 102 12 0
215 : 296 95 86 70 0
216 : 282 590 15 12 0
217 : 838 590 10 139 1
218 : 398 326 38 45 1
219 : 980 602 8 20 1
220 : 151 612 9 8 0
221 : 167 590 24 12 0
222 : 866 73 22 91 1
223 : 0 483 22 126 1
224 : 767 365 43 32 0
225 : 126 483 112 22 0
226 : 269 399 73 30 0
227 : 421 399 31 30 1
228 : 100 527 34 19 0
229 : 732 361 7 4 0
230 : 843 612 36 6 0
231 : 745 78 17 105 1
232 : 614 602 17 9 0
233 : 475 458 32 24 0
234 : 962 360 33 5 0
235 : 700 458 52 23 0
236 : 91 612 8 23 1
237 : 992 574 8 2 0
238 : 414 602 10 76 1
239 : 291 365 70 33 0
240 : 40 505 33 22 0
241 : 942 562 13 50 1
242 : 514 505 21 31 1
243 : 134 527 19 27 1
244 : 566 577 17 13 0
245 : 485 626 4 4 0
246 : 177 626 4 37 1
247 : 765 546 15 83 1
248 : 680 546 85 15 0
249 : 241 232 50 92 1
250 : 539 94 66 1 0
251 : 866 0 92 73 0
252 : 645 590 11 39 1
253 : 307 626 4 28 1
254 : 600 602 10 14 1
255 : 896 95 62 65 0
256 : 194 577 62 13 0
257 : 521 620 28 5 0
258 : 885 620 53 4 0
259 : 620 0 78 137 1
260 : 140 590 12 27 1
261 : 582 602 18 10 0
262 : 931 505 19 54 1
263 : 556 279 14 6 0
264 : 995 360 5 4 0
265 : 268 364 126 1 0
266 : 855 232 44 51 0
267 : 142 612 9 8 0
268 : 701 399 72 29 0
269 : 701 276 9 34 1
270 : 888 562 14 20 1
271 : 443 326 37 85 1
272 : 557 483 22 89 1
273 : 998 527 16 2 1
274 : 903 430 26 32 1
275 : 850 92 16 3 0
276 : 444 546 32 16 0
277 : 699 285 69 40 0
278 : 60 399 31 45 1
279 : 852 326 34 94 1
280 : 573 232 90 45 0
281 : 601 562 43 14 0
282 : 757 0 78 109 1
283 : 968 482 26 1 0
284 : 638 365 32 66 1
285 : 695 620 5 16 1
286 : 767 227 30 5 0
287 : 543 577 23 13 0
288 : 272 546 16 67 1
289 : 367 562 109 14 0
290 : 86 458 72 25 0
291 : 247 590 12 18 1
292 : 681 612 6 44 1
293 : 735 276 32 9 0
294 : 517 602 10 24 1
295 : 974 543 26 3 0
296 : 0 458 25 86 1
297 : 392 281 4 95 1
298 : 508 232 65 47 0
299 : 0 399 60 31 0
300 : 574 620 5 22 1
301 : 366 165 16 6 0
302 : 402 590 11 103 1
303 : 443 229 3 32 1
304 : 663 232 131 44 0
305 : 798 276 27 9 0
306 : 990 229 3 2 0
307 : 841 399 49 29 0
308 : 908 577 56 12 0
309 : 48 626 4 47 1
310 : 729 430 26 105 1
311 : 328 602 86 10 0
312 : 83 620 5 101 1
313 : 766 483 57 22 0
314 : 928 562 14 14 0
315 : 0 171 61 111 1
316 : 545 285 50 41 0
317 : 152 284 50 1 0
318 : 432 626 13 4 0
319 : 549 363 2 39 1
320 : 838 600 2 100 1
321 : 638 527 18 18 0
322 : 342 399 49 30 0
323 : 508 279 48 6 0
324 : 801 95 95 62 0
325 : 189 231 68 1 0
326 : 389 285 41 87 1
327 : 657 362 10 3 0
328 : 810 602 8 146 1
329 : 985 505 21 15 1
330 : 316 577 47 13 0
331 : 725 620 14 5 0
332 : 992 562 12 8 1
333 : 376 626 14 4 0
334 : 798 458 23 44 1
335 : 445 577 33 13 0
336 : 509 87 29 8 0
337 : 114 90 130 5 0
338 : 252 562 15 33 1
339 : 878 483 22 46 1
340 : 382 95 69 86 1
341 : 671 361 61 4 0
342 : 960 624 2 38 1
343 : 0 326 39 186 1
344 : 996 612 8 4 1
345 : 248 0 119 86 0
346 : 52 527 48 19 0
347 : 555 162 22 9 0
348 : 850 396 65 3 0
349 : 998 161 10 2 1
350 : 425 365 33 63 1
351 : 792 562 28 14 0
352 : 917 458 23 28 1
353 : 684 562 40 14 0
354 : 394 364 43 1 0
355 : 22 620 6 18 1
356 : 890 399 29 40 1
357 : 800 162 1 9 0
358 : 974 322 4 24 1
359 : 663 276 38 9 0
360 : 166 365 34 45 1
361 : 399 171 99 58 0
362 : 827 620 4 58 1
363 : 285 620 42 5 0
364 : 466 430 67 28 0
365 : 901 524 41 3 0
366 : 808 590 11 19 1
367 : 823 483 55 22 0
368 : 844 562 14 22 1
369 : 678 620 17 5 0
370 : 623 277 8 40 1
371 : 515 162 9 40 1
372 : 993 430 7 26 0
373 : 773 399 68 29 0
374 : 445 626 4 13 1
375 : 211 365 33 80 1
376 : 342 229 35 3 0
377 : 624 399 77 29 0
378 : 612 527 26 18 0
379 : 901 360 5 61 1
380 : 367 0 86 94 0
381 : 369 620 42 5 0
382 : 578 95 66 160 1
383 : 767 276 31 9 0
384 : 528 326 37 60 1
385 : 977 590 10 22 1
386 : 310 562 15 20 1
387 : 877 527 43 17 0
388 : 924 483 45 22 0
389 : 942 171 52 58 0
390 : 958 161 40 10 0
391 : 974 527 24 16 0
392 : 350 483 112 22 0
393 : 204 505 22 22 0
394 : 998 546 2 12 0
395 : 562 602 10 20 1
396 : 156 505 25 22 0
397 : 578 161 10 150 1
398 : 996 326 4 33 0
399 : 137 232 50 104 1
400 : 102 562 40 15 0
401 : 0 232 53 137 1
402 : 277 626 4 30 1
403 : 488 365 56 33 0
404 : 704 365 32 63 1
405 : 362 626 4 14 1
406 : 140 285 134 41 0
407 : 211 527 19 20 1
408 : 759 620 5 7 1
409 : 533 430 28 54 1
410 : 711 620 14 5 0
411 : 95 626 42 4 0
412 : 180 562 36 15 0
413 : 531 458 94 23 0
414 : 883 458 34 23 0
415 : 505 281 3 4 0
416 : 573 277 50 8 0
417 : 214 626 32 4 0
418 : 459 527 18 61 1
419 : 295 612 58 7 0
420 : 184 282 24 2 0
421 : 625 458 23 75 1
422 : 988 274 11 2 1
423 : 739 360 162 5 0
424 : 568 505 84 20 0
425 : 468 95 110 67 0
426 : 728 161 10 9 0
427 : 697 228 3 4 0
428 : 970 546 28 15 0
429 : 908 562 14 20 1
430 : 266 229 3 38 1
431 : 495 546 15 100 1
432 : 449 164 18 7 0
433 : 327 620 5 42 1
434 : 850 365 76 31 0
435 : 640 602 8 170 1
436 : 618 620 21 5 0
437 : 184 620 5 51 1
438 : 363 577 13 45 1
439 : 760 562 14 32 1
440 : 507 458 25 24 1
441 : 111 171 78 61 0
442 : 851 276 9 4 1
443 : 807 577 12 101 1
444 : 370 282 21 1 0
445 : 226 505 135 21 0
446 : 479 626 6 4 0
447 : 587 430 28 40 1
448 : 114 0 134 90 0
449 : 828 527 49 17 0
450 : 836 285 40 48 1
451 : 361 365 33 64 1
452 : 83 365 34 83 1
453 : 884 324 2 80 1
454 : 0 590 95 12 0
455 : 967 430 26 26 0
456 : 974 285 26 37 0
457 : 684 590 33 11 0
458 : 545 505 23 21 0
459 : 546 612 7 29 1
460 : 769 590 11 20 1
461 : 256 577 13 60 1
462 : 993 229 2 1 1
463 : 644 562 40 14 0
464 : 969 483 30 22 0
465 : 398 458 24 45 1
466 : 0 620 6 22 1
467 : 926 365 66 31 0
468 : 50 620 9 6 0
469 : 794 232 44 61 1
470 : 311 282 1 59 1
471 : 317 458 24 81 1
472 : 161 527 19 26 1
473 : 810 505 19 121 1
474 : 752 458 46 23 0
475 : 913 612 6 31 1
476 : 452 620 5 41 1
477 : 229 590 12 18 1
478 : 595 546 15 85 1
479 : 493 620 5 28 1
480 : 453 0 86 87 0
481 : 964 577 36 12 0
482 : 169 612 64 7 0
483 : 244 90 5 4 1
484 : 578 527 34 18 0
485 : 990 232 30 10 1
486 : 0 577 194 13 0
487 : 805 612 38 6 0
488 : 996 359 1 4 1
489 : 443 363 106 2 0
490 : 749 590 11 20 1
491 : 458 626 4 12 1
492 : 990 262 22 10 1
493 : 168 95 70 128 1
494 : 801 157 14 76 1
495 : 246 626 4 31 1
496 : 998 322 2 4 0
497 : 203 546 69 16 0
498 : 652 505 20 49 1
499 : 942 575 2 50 1
