100 68
0 : 0 0 4 22 1
1 : 22 0 9 4 0
2 : 31 0 18 10 0
3 : 49 0 19 9 0
4 : 68 0 5 4 1
5 : 72 0 3 3 0
6 : 75 0 4 15 1
7 : 90 0 1 3 0
8 : 0 10 13 3 0
9 : 13 10 13 14 1
10 : 91 0 2 4 0
11 : 27 10 1 14 1
12 : 41 10 8 13 0
13 : 93 0 1 7 0
14 : 49 10 11 16 1
15 : 65 10 11 1 1
16 : 0 23 38 1 0
17 : 94 0 9 5 1
18 : 66 10 2 8 0
19 : 68 10 6 2 1
20 : 70 10 2 4 0
21 : 72 10 2 21 1
22 : 93 10 4 5 0
23 : 38 23 17 4 0
24 : 97 10 7 2 1
25 : 99 0 5 1 1
26 : 55 23 3 17 1
27 : 72 23 2 3 0
28 : 74 23 7 25 1
29 : 0 30 3 3 0
30 : 3 30 4 7 1
31 : 10 30 8 10 1
32 : 20 30 32 15 0
33 : 52 30 5 3 1
34 : 55 30 7 3 1
35 : 58 30 2 14 0
36 : 60 30 5 6 0
37 : 65 30 14 1 1
38 : 66 30 11 8 1
39 : 74 30 15 11 1
40 : 99 10 9 1 1
41 : 0 45 1 17 1
42 : 85 30 3 4 0
43 : 17 45 20 26 1
44 : 88 30 13 2 1
45 : 90 30 4 4 0
46 : 94 30 1 8 0
47 : 43 45 23 36 1
48 : 95 30 2 2 0
49 : 97 30 4 2 1
