300 331
0 : 218 322 2 3 0
1 : 55 293 18 12 0
2 : 70 310 14 5 0
3 : 0 322 11 6 0
4 : 157 293 12 16 0
5 : 89 157 6 44 1
6 : 54 322 2 10 1
7 : 188 252 2 23 1
8 : 54 87 52 6 0
9 : 117 171 12 39 0
10 : 56 233 7 26 1
11 : 196 310 10 13 1
12 : 0 293 19 3 0
13 : 181 70 59 12 0
14 : 168 310 2 14 1
15 : 143 322 8 4 1
16 : 0 171 39 39 0
17 : 24 252 14 24 1
18 : 195 274 20 19 0
19 : 194 322 4 4 0
20 : 37 293 18 14 0
21 : 165 252 12 23 1
22 : 30 210 30 12 0
23 : 224 322 1 2 0
24 : 33 322 2 11 1
25 : 108 233 5 26 1
26 : 178 293 9 16 0
27 : 135 38 65 32 0
28 : 119 252 23 19 0
29 : 294 274 5 19 0
30 : 0 310 10 14 1
31 : 90 210 6 30 1
32 : 290 171 31 1 1
33 : 195 293 16 5 1
34 : 82 233 26 6 0
35 : 150 322 8 3 1
36 : 273 293 7 15 0
37 : 222 322 2 2 0
38 : 72 252 1 24 1
39 : 156 87 9 50 1
40 : 182 322 7 2 1
41 : 215 274 20 14 0
42 : 0 274 22 6 0
43 : 202 322 3 4 0
44 : 215 322 2 4 0
45 : 180 322 7 2 1
46 : 48 119 22 48 1
47 : 68 38 67 26 0
48 : 96 252 22 23 1
49 : 39 171 39 14 0
50 : 208 210 7 29 1
51 : 0 157 13 45 1
52 : 88 274 22 2 0
53 : 84 310 14 5 0
54 : 179 210 19 29 1
55 : 156 322 8 2 1
56 : 189 119 46 23 0
57 : 275 252 22 9 0
58 : 56 310 7 14 1
59 : 238 171 1 33 0
60 : 211 233 25 9 0
61 : 222 310 13 4 0
62 : 150 210 23 29 1
63 : 268 171 11 31 0
64 : 140 310 14 3 0
65 : 226 322 1 2 0
66 : 236 233 7 25 1
67 : 0 233 28 7 0
68 : 211 252 20 22 0
69 : 284 293 15 4 1
70 : 261 233 4 25 1
71 : 98 322 9 4 0
72 : 142 252 23 16 0
73 : 275 274 14 19 0
74 : 206 171 10 34 0
75 : 64 322 9 9 0
76 : 213 322 2 4 0
77 : 0 0 103 7 0
78 : 208 322 4 3 1
79 : 166 171 11 37 0
80 : 153 322 8 3 1
81 : 134 233 4 26 1
82 : 154 310 14 2 0
83 : 265 293 8 15 0
84 : 45 157 13 44 1
85 : 258 157 40 2 0
86 : 129 171 12 38 0
87 : 78 171 39 13 0
88 : 200 293 4 16 0
89 : 181 171 2 37 0
90 : 205 322 4 3 1
91 : 79 322 6 9 0
92 : 235 310 13 4 0
93 : 245 293 12 15 0
94 : 110 274 22 2 0
95 : 209 310 7 13 1
96 : 193 171 13 35 0
97 : 0 119 29 48 1
98 : 125 322 9 1 0
99 : 120 210 30 3 0
100 : 279 171 11 31 0
101 : 174 274 21 2 0
102 : 198 322 4 4 0
103 : 182 310 14 1 0
104 : 134 322 1 9 0
105 : 283 310 9 12 0
106 : 218 157 2 40 1
107 : 231 252 22 18 0
108 : 149 293 8 17 0
109 : 248 310 13 1 0
110 : 266 210 22 28 1
111 : 183 171 8 36 0
112 : 174 322 3 7 0
113 : 19 293 18 15 0
114 : 132 274 14 21 1
115 : 235 119 24 45 1
116 : 211 322 4 2 1
117 : 253 252 22 14 0
118 : 103 0 95 1 0
119 : 0 38 26 68 1
120 : 280 293 15 4 1
121 : 165 322 5 7 0
122 : 143 119 46 38 0
123 : 217 322 4 1 1
124 : 185 322 4 5 0
125 : 240 70 58 2 0
126 : 42 310 14 8 0
127 : 96 119 17 47 1
128 : 206 293 15 15 0
129 : 91 293 6 18 1
130 : 140 293 9 17 0
131 : 204 293 16 2 1
132 : 85 322 9 6 0
133 : 158 322 7 7 0
134 : 98 310 14 4 0
135 : 44 274 5 22 1
136 : 233 293 12 15 0
137 : 11 322 11 5 0
138 : 14 310 9 14 1
139 : 225 171 33 13 1
140 : 135 322 8 4 1
141 : 28 233 28 7 0
142 : 122 70 17 59 1
143 : 177 171 4 37 0
144 : 116 322 9 1 0
145 : 73 322 6 9 0
146 : 235 274 20 8 0
147 : 48 252 24 1 0
148 : 0 87 14 54 1
149 : 206 87 49 10 0
150 : 28 310 14 8 0
151 : 73 293 9 18 1
152 : 170 322 4 7 0
153 : 169 293 9 16 0
154 : 141 171 25 37 0
155 : 239 171 32 29 1
156 : 139 322 8 4 1
157 : 292 293 2 15 0
158 : 61 70 61 5 0
159 : 66 274 4 22 1
160 : 257 293 8 15 0
161 : 186 233 19 25 1
162 : 153 274 4 21 1
163 : 289 274 5 19 0
164 : 0 252 19 24 1
165 : 126 293 14 17 0
166 : 177 322 7 3 1
167 : 237 210 29 3 0
168 : 288 293 15 4 1
169 : 273 310 10 12 0
170 : 133 157 43 9 0
171 : 112 310 14 3 0
172 : 220 322 2 3 0
173 : 255 274 20 4 0
174 : 200 38 22 62 1
175 : 109 293 17 17 0
176 : 160 233 26 2 0
177 : 221 293 15 12 1
178 : 191 171 2 36 0
179 : 106 87 32 50 1
180 : 22 274 5 22 1
181 : 187 293 16 8 1
182 : 0 210 14 30 1
183 : 192 322 5 2 1
184 : 225 322 1 2 0
185 : 147 322 8 3 1
186 : 60 210 30 7 0
187 : 94 322 4 9 0
188 : 107 322 9 3 0
189 : 126 310 14 3 0
190 : 176 157 42 14 0
191 : 216 171 34 9 1
192 : 22 322 4 11 1
193 : 198 0 38 72 1
194 : 184 322 6 1 1
195 : 189 322 3 5 0
196 : 44 322 10 8 0
197 : 261 310 12 12 0
198 : 292 310 4 12 0
199 : 0 70 13 61 1
