100 50
0 : 0 7 4 22 1
1 : 11 24 9 4 0
2 : 0 30 18 10 0
3 : 90 7 19 9 1
4 : 80 30 5 4 1
5 : 51 22 3 3 0
6 : 84 2 4 15 1
7 : 98 26 1 3 0
8 : 17 3 13 3 0
9 : 67 30 13 14 0
10 : 55 2 2 4 0
11 : 0 5 1 14 1
12 : 11 11 8 13 0
13 : 90 29 1 7 1
14 : 0 11 11 16 0
15 : 84 6 11 1 0
16 : 0 0 38 1 0
17 : 22 22 9 5 0
18 : 90 27 2 8 1
19 : 22 27 6 2 0
20 : 57 2 2 4 0
21 : 38 0 2 21 1
22 : 63 30 4 5 0
23 : 0 1 17 4 0
24 : 30 1 7 2 0
25 : 95 6 5 1 0
26 : 38 3 3 17 1
27 : 14 5 2 3 1
28 : 59 0 7 25 1
29 : 28 27 3 3 0
30 : 31 22 4 7 0
31 : 55 30 8 10 0
32 : 22 7 32 15 0
33 : 46 22 5 3 0
34 : 30 3 7 3 0
35 : 84 0 2 14 1
36 : 46 25 5 6 1
37 : 0 6 14 1 0
38 : 35 22 11 8 0
39 : 44 30 15 11 1
40 : 17 6 9 1 0
41 : 38 2 1 17 1
42 : 0 27 3 4 1
43 : 18 30 20 26 1
44 : 17 1 13 2 0
45 : 84 30 4 4 0
46 : 90 26 1 8 1
47 : 54 7 23 36 1
48 : 98 0 2 2 0
49 : 20 24 4 2 1
