200 133
0 : 0 0 4 6 1
1 : 6 0 2 4 0
2 : 8 0 110 45 0
3 : 118 0 1 15 0
4 : 119 0 2 4 0
5 : 121 0 6 3 1
6 : 124 0 1 27 0
7 : 125 0 4 23 0
8 : 129 0 9 14 0
9 : 138 0 1 11 0
10 : 139 0 15 2 1
11 : 141 0 18 24 0
12 : 159 0 8 1 1
13 : 160 0 15 40 0
14 : 175 0 7 14 0
15 : 182 0 11 4 1
16 : 186 0 1 2 0
17 : 187 0 37 2 1
18 : 189 0 20 8 1
19 : 0 45 12 9 0
20 : 141 24 15 15 0
21 : 12 45 14 20 1
22 : 182 11 4 27 0
23 : 124 27 1 18 0
24 : 32 45 22 14 0
25 : 189 20 23 7 1
26 : 182 38 5 3 1
27 : 175 14 5 22 0
28 : 129 14 6 25 0
29 : 54 45 14 58 1
30 : 112 45 17 9 0
31 : 182 43 3 2 0
32 : 196 20 1 20 0
33 : 156 24 8 3 1
34 : 0 4 18 8 1
35 : 180 14 20 2 1
36 : 0 22 6 19 0
37 : 129 45 67 3 0
38 : 0 59 10 8 0
39 : 129 48 8 9 0
40 : 137 48 21 11 0
41 : 0 41 4 5 1
42 : 112 54 4 16 1
43 : 10 59 17 22 1
44 : 32 59 20 30 1
45 : 160 40 14 5 0
46 : 62 59 12 22 1
47 : 158 48 20 5 0
48 : 196 45 4 11 0
49 : 0 54 7 4 0
50 : 84 59 33 32 0
51 : 117 59 19 9 1
52 : 126 59 27 16 1
53 : 178 48 18 5 0
54 : 142 59 8 16 0
55 : 187 37 8 1 1
56 : 196 56 4 3 0
57 : 0 91 3 71 1
58 : 186 2 41 1 1
59 : 126 86 15 5 0
60 : 158 53 33 4 0
61 : 141 39 5 17 1
62 : 175 36 4 9 0
63 : 135 14 3 24 0
64 : 117 78 11 8 1
65 : 129 39 6 5 0
66 : 150 59 50 27 0
67 : 71 91 25 16 0
68 : 96 91 22 29 1
69 : 0 67 4 24 0
70 : 10 76 8 21 1
71 : 189 43 6 2 0
72 : 142 75 9 7 1
73 : 6 22 14 2 1
74 : 125 23 14 3 1
75 : 62 71 15 22 1
76 : 188 37 1 8 0
77 : 10 84 7 16 1
78 : 62 86 3 10 1
79 : 4 67 21 5 1
80 : 149 75 1 9 0
81 : 150 86 4 45 1
82 : 128 23 14 1 1
83 : 125 91 41 18 0
84 : 166 91 27 30 1
85 : 142 84 7 7 0
86 : 26 84 6 6 0
87 : 0 118 7 32 1
88 : 4 88 4 3 0
89 : 0 94 44 12 0
90 : 186 43 1 2 0
91 : 72 86 12 3 0
92 : 71 107 22 10 0
93 : 139 15 27 2 1
94 : 0 106 5 63 1
95 : 32 118 23 15 0
96 : 44 94 7 7 0
97 : 196 91 14 4 1
98 : 51 94 9 12 0
99 : 156 32 3 6 0
