200 190
0 : 35 158 4 6 0
1 : 33 158 2 4 0
2 : 71 0 110 45 0
3 : 93 89 1 15 0
4 : 39 158 2 4 0
5 : 159 136 6 3 1
6 : 0 71 1 27 1
7 : 64 89 4 23 0
8 : 103 136 9 14 0
9 : 48 116 1 11 0
10 : 105 89 15 2 1
11 : 65 136 18 24 1
12 : 56 136 8 1 1
13 : 86 71 15 40 1
14 : 33 136 7 14 0
15 : 29 136 11 4 1
16 : 67 158 1 2 0
17 : 86 59 37 2 0
18 : 137 89 20 8 1
19 : 142 136 12 9 1
20 : 125 158 15 15 0
21 : 89 136 14 20 0
22 : 167 71 4 27 1
23 : 70 89 1 18 0
24 : 151 116 22 14 0
25 : 81 89 23 7 1
26 : 41 158 5 3 1
27 : 71 89 5 22 0
28 : 57 89 6 25 0
29 : 130 45 14 58 1
30 : 174 116 17 9 1
31 : 68 158 3 2 1
32 : 63 89 1 20 0
33 : 112 136 8 3 1
34 : 0 116 18 8 0
35 : 68 89 20 2 1
36 : 94 89 6 19 0
37 : 0 45 67 3 0
38 : 44 158 10 8 1
39 : 59 158 8 9 0
40 : 179 89 21 11 1
41 : 71 158 4 5 0
42 : 116 89 4 16 0
43 : 119 136 17 22 0
44 : 18 116 20 30 1
45 : 112 116 14 5 1
46 : 49 116 12 22 1
47 : 88 89 20 5 1
48 : 61 136 4 11 0
49 : 138 136 7 4 1
50 : 78 158 33 32 0
51 : 71 116 19 9 1
52 : 148 89 27 16 0
53 : 100 89 18 5 1
54 : 143 116 8 16 0
55 : 60 136 8 1 1
56 : 111 158 4 3 1
57 : 0 0 3 71 1
58 : 45 59 41 1 0
59 : 190 89 15 5 1
60 : 167 59 33 4 0
61 : 132 89 5 17 0
62 : 115 136 4 9 0
63 : 50 89 3 24 0
64 : 151 136 11 8 1
65 : 114 158 6 5 1
66 : 0 89 50 27 0
67 : 80 116 25 16 0
68 : 0 136 22 29 1
69 : 53 89 4 24 0
70 : 107 89 8 21 0
71 : 136 136 6 2 1
72 : 52 158 9 7 1
73 : 120 89 14 2 1
74 : 145 89 14 3 1
75 : 40 136 15 22 0
76 : 55 136 1 8 0
77 : 105 116 7 16 0
78 : 57 136 3 10 0
79 : 76 89 21 5 1
80 : 173 116 1 9 0
81 : 0 59 4 45 1
82 : 115 89 14 1 1
83 : 126 71 41 18 0
84 : 0 158 27 30 1
85 : 147 158 7 7 0
86 : 119 158 6 6 0
87 : 27 71 7 32 1
88 : 75 158 4 3 1
89 : 123 59 44 12 0
90 : 70 158 1 2 0
91 : 117 116 12 3 1
92 : 122 89 22 10 1
93 : 59 71 27 2 0
94 : 67 45 5 63 1
95 : 120 116 23 15 0
96 : 140 158 7 7 0
97 : 175 89 14 4 1
98 : 162 136 9 12 0
99 : 30 158 3 6 0
