300 185
0 : 119 181 2 3 0
1 : 91 137 18 12 0
2 : 124 175 14 5 0
3 : 294 124 11 6 1
4 : 283 56 12 16 1
5 : 173 168 6 44 1
6 : 266 179 2 10 1
7 : 272 37 2 23 1
8 : 121 168 52 6 0
9 : 255 124 12 39 1
10 : 28 168 7 26 1
11 : 63 149 10 13 1
12 : 297 149 19 3 1
13 : 196 124 59 12 0
14 : 238 179 2 14 1
15 : 81 181 8 4 0
16 : 0 0 39 39 0
17 : 111 110 14 24 1
18 : 24 91 20 19 0
19 : 109 181 4 4 0
20 : 196 110 18 14 0
21 : 68 137 12 23 1
22 : 38 137 30 12 0
23 : 299 89 1 2 0
24 : 287 147 2 11 1
25 : 215 63 5 26 1
26 : 16 159 9 16 1
27 : 157 0 65 32 0
28 : 280 68 23 19 1
29 : 241 63 5 19 1
30 : 49 149 10 14 1
31 : 217 168 6 30 1
32 : 179 67 31 1 0
33 : 108 175 16 5 0
34 : 247 168 26 6 0
35 : 145 65 8 3 0
36 : 79 168 7 15 1
37 : 295 37 2 2 0
38 : 231 123 1 24 1
39 : 88 149 9 50 1
40 : 284 179 7 2 0
41 : 157 110 20 14 0
42 : 273 168 22 6 0
43 : 167 65 3 4 1
44 : 115 181 2 4 0
45 : 290 166 7 2 0
46 : 108 68 22 48 1
47 : 148 39 67 26 0
48 : 184 68 22 23 0
49 : 42 110 39 14 0
50 : 240 159 7 29 1
51 : 0 124 13 45 1
52 : 268 166 22 2 0
53 : 286 105 14 5 0
54 : 226 68 19 29 1
55 : 276 179 8 2 0
56 : 0 68 46 23 0
57 : 240 149 22 9 0
58 : 94 168 7 14 1
59 : 299 56 1 33 0
60 : 215 149 25 9 0
61 : 14 181 13 4 0
62 : 260 39 23 29 0
63 : 234 137 11 31 1
64 : 172 107 14 3 0
65 : 194 107 1 2 0
66 : 54 168 7 25 1
67 : 0 168 28 7 0
68 : 206 68 20 22 0
69 : 263 175 15 4 0
70 : 175 175 4 25 1
71 : 63 181 9 4 0
72 : 172 91 23 16 0
73 : 177 110 14 19 1
74 : 265 137 10 34 1
75 : 58 159 9 9 0
76 : 117 181 2 4 0
77 : 157 32 103 7 0
78 : 171 65 4 3 0
79 : 166 137 11 37 1
80 : 186 107 8 3 0
81 : 149 175 4 26 1
82 : 252 179 14 2 0
83 : 171 159 8 15 1
84 : 45 124 13 44 1
85 : 66 108 40 2 0
86 : 0 137 12 38 1
87 : 89 124 39 13 0
88 : 263 87 4 16 1
89 : 149 179 2 37 1
90 : 175 65 4 3 0
91 : 27 175 6 9 1
92 : 27 181 13 4 0
93 : 139 137 12 15 1
94 : 265 147 22 2 0
95 : 108 168 7 13 1
96 : 128 124 13 35 1
97 : 0 39 29 48 1
98 : 299 135 9 1 1
99 : 297 0 30 3 1
100 : 203 137 11 31 1
101 : 186 179 21 2 0
102 : 105 181 4 4 0
103 : 195 109 14 1 0
104 : 215 90 1 9 1
105 : 46 159 9 12 1
106 : 106 108 2 40 1
107 : 44 91 22 18 0
108 : 123 159 8 17 1
109 : 279 123 13 1 0
110 : 156 68 22 28 1
111 : 67 159 8 36 1
112 : 160 65 3 7 1
113 : 195 91 18 15 1
114 : 279 91 14 21 1
115 : 215 39 24 45 1
116 : 113 181 4 2 1
117 : 135 110 22 14 0
118 : 196 136 95 1 0
119 : 80 39 26 68 1
120 : 278 175 15 4 0
121 : 267 32 5 7 0
122 : 111 0 46 38 0
123 : 279 87 4 1 1
124 : 293 175 4 5 0
125 : 210 166 58 2 0
126 : 186 159 14 8 0
127 : 125 91 17 47 1
128 : 210 91 15 15 0
129 : 0 175 6 18 1
130 : 280 149 9 17 1
131 : 207 179 16 2 0
132 : 18 175 9 6 0
133 : 260 32 7 7 0
134 : 0 181 14 4 0
135 : 45 175 5 22 1
136 : 109 137 12 15 1
137 : 138 175 11 5 0
138 : 32 159 9 14 1
139 : 163 124 33 13 0
140 : 89 181 8 4 0
141 : 269 159 28 7 0
142 : 66 91 17 59 1
143 : 226 87 4 37 1
144 : 206 90 9 1 0
145 : 36 175 6 9 1
146 : 103 159 20 8 0
147 : 255 123 24 1 0
148 : 225 91 14 54 1
149 : 0 149 49 10 0
150 : 292 110 14 8 1
151 : 262 149 9 18 1
152 : 295 168 4 7 0
153 : 0 159 9 16 1
154 : 272 0 25 37 0
155 : 48 39 32 29 0
156 : 97 181 8 4 0
157 : 223 179 2 15 1
158 : 225 105 61 5 0
159 : 200 175 4 22 1
160 : 156 159 8 15 1
161 : 255 68 19 25 1
162 : 222 175 4 21 1
163 : 89 175 5 19 1
164 : 0 91 19 24 1
165 : 214 110 14 17 1
166 : 153 65 7 3 0
167 : 80 65 29 3 0
168 : 210 106 15 4 0
169 : 76 149 10 12 1
170 : 138 149 43 9 0
171 : 109 65 14 3 0
172 : 121 181 2 3 0
173 : 243 175 20 4 0
174 : 46 68 22 62 1
175 : 283 39 17 17 0
176 : 146 108 26 2 0
177 : 124 137 15 12 0
178 : 179 65 2 36 1
179 : 222 0 32 50 1
180 : 67 175 5 22 1
181 : 140 159 16 8 0
182 : 81 110 14 30 1
183 : 294 135 5 2 0
184 : 224 90 1 2 1
185 : 137 65 8 3 0
186 : 210 159 30 7 0
187 : 72 181 4 9 1
188 : 297 30 9 3 1
189 : 123 65 14 3 0
190 : 0 110 42 14 0
191 : 181 149 34 9 0
192 : 52 181 4 11 1
193 : 39 0 38 72 1
194 : 299 168 6 1 1
195 : 297 175 3 5 0
196 : 200 159 10 8 0
197 : 154 137 12 12 0
198 : 40 181 4 12 1
199 : 231 110 13 61 1
