300 190
0 : 243 182 2 3 0
1 : 37 169 18 12 0
2 : 68 102 14 5 0
3 : 287 136 11 6 1
4 : 86 169 12 16 0
5 : 109 99 6 44 1
6 : 290 165 2 10 1
7 : 36 94 2 23 1
8 : 133 51 52 6 0
9 : 0 82 12 39 1
10 : 154 140 7 26 1
11 : 228 169 10 13 0
12 : 84 34 19 3 0
13 : 0 70 59 12 0
14 : 38 106 2 14 1
15 : 228 182 8 4 0
16 : 45 108 39 39 0
17 : 77 147 14 24 1
18 : 271 147 20 19 1
19 : 165 163 4 4 0
20 : 19 169 18 14 0
21 : 170 147 12 23 1
22 : 219 108 30 12 1
23 : 297 107 1 2 1
24 : 141 145 2 11 1
25 : 294 108 5 26 0
26 : 107 169 9 16 0
27 : 68 38 65 32 0
28 : 124 147 23 19 0
29 : 235 161 5 19 1
30 : 182 169 10 14 0
31 : 0 64 6 30 1
32 : 299 0 31 1 1
33 : 22 102 16 5 0
34 : 205 138 26 6 0
35 : 249 166 8 3 0
36 : 175 169 7 15 0
37 : 297 36 2 2 0
38 : 0 145 1 24 1
39 : 133 57 9 50 1
40 : 287 167 7 2 0
41 : 25 132 20 14 0
42 : 36 96 22 6 0
43 : 283 182 3 4 0
44 : 192 66 2 4 0
45 : 59 68 7 2 0
46 : 157 70 22 48 1
47 : 103 1 67 26 0
48 : 101 147 22 23 1
49 : 62 7 39 14 0
50 : 280 108 7 29 0
51 : 251 93 13 45 1
52 : 133 66 22 2 0
53 : 82 102 14 5 0
54 : 261 108 19 29 0
55 : 138 166 8 2 0
56 : 251 70 46 23 0
57 : 263 137 22 9 0
58 : 217 169 7 14 0
59 : 299 70 1 33 0
60 : 0 132 25 9 0
61 : 201 92 13 4 1
62 : 238 108 23 29 0
63 : 183 108 11 31 0
64 : 28 166 14 3 0
65 : 26 168 1 2 1
66 : 238 137 7 25 1
67 : 287 108 28 7 1
68 : 193 147 20 22 0
69 : 38 102 15 4 0
70 : 0 141 4 25 1
71 : 295 169 9 4 1
72 : 147 147 23 16 0
73 : 0 169 14 19 1
74 : 122 108 10 34 0
75 : 276 169 9 9 0
76 : 196 23 2 4 0
77 : 0 0 103 7 0
78 : 287 181 4 3 0
79 : 282 0 11 37 0
80 : 98 161 8 3 1
81 : 170 23 4 26 1
82 : 26 154 14 2 1
83 : 18 154 8 15 0
84 : 157 92 13 44 1
85 : 152 36 40 2 0
86 : 270 0 12 38 0
87 : 62 21 39 13 0
88 : 176 66 4 16 1
89 : 297 70 2 37 0
90 : 287 178 4 3 0
91 : 187 159 6 9 0
92 : 109 143 13 4 0
93 : 163 169 12 15 0
94 : 133 68 22 2 0
95 : 238 169 7 13 0
96 : 109 108 13 35 0
97 : 109 70 29 48 1
98 : 286 137 9 1 1
99 : 30 64 30 3 0
100 : 194 108 11 31 0
101 : 0 36 21 2 0
102 : 283 178 4 4 0
103 : 257 168 14 1 0
104 : 59 67 1 9 1
105 : 267 169 9 12 0
106 : 251 106 2 40 1
107 : 213 147 22 18 0
108 : 77 161 8 17 1
109 : 296 93 13 1 1
110 : 170 1 22 28 1
111 : 0 94 8 36 1
112 : 180 140 3 7 0
113 : 0 154 18 15 0
114 : 257 147 14 21 0
115 : 0 108 24 45 1
116 : 58 34 4 2 0
117 : 235 147 22 14 0
118 : 103 0 95 1 0
119 : 0 38 26 68 1
120 : 213 165 15 4 0
121 : 231 138 5 7 1
122 : 205 70 46 38 0
123 : 153 141 4 1 1
124 : 153 99 4 5 0
125 : 0 34 58 2 0
126 : 209 169 14 8 1
127 : 253 38 17 47 1
128 : 124 169 15 15 0
129 : 147 163 6 18 1
130 : 170 159 9 17 1
131 : 271 167 16 2 0
132 : 285 169 9 6 1
133 : 276 178 7 7 0
134 : 224 169 14 4 1
135 : 0 102 5 22 1
136 : 151 169 12 15 0
137 : 294 134 11 5 1
138 : 192 169 9 14 0
139 : 141 108 33 13 1
140 : 94 161 8 4 1
141 : 0 147 28 7 0
142 : 194 38 17 59 1
143 : 293 0 4 37 0
144 : 285 137 9 1 1
145 : 185 51 6 9 1
146 : 39 82 20 8 0
147 : 84 145 24 1 0
148 : 194 55 14 54 1
149 : 103 27 49 10 0
150 : 201 169 14 8 1
151 : 290 147 9 18 0
152 : 228 165 4 7 1
153 : 98 169 9 16 0
154 : 84 108 25 37 0
155 : 154 108 32 29 1
156 : 0 186 8 4 0
157 : 298 55 2 15 0
158 : 0 29 61 5 0
159 : 62 34 4 22 1
160 : 290 55 8 15 0
161 : 28 147 19 25 1
162 : 155 66 4 21 1
163 : 122 142 5 19 1
164 : 53 147 19 24 1
165 : 72 169 14 17 0
166 : 236 182 7 3 0
167 : 30 67 29 3 0
168 : 53 102 15 4 0
169 : 257 169 10 12 0
170 : 152 27 43 9 0
171 : 235 166 14 3 0
172 : 107 102 2 3 0
173 : 39 90 20 4 0
174 : 0 7 22 62 1
175 : 55 169 17 17 0
176 : 101 7 26 2 1
177 : 139 169 15 12 1
178 : 297 0 2 36 0
179 : 59 70 32 50 1
180 : 183 139 5 22 1
181 : 116 169 16 8 1
182 : 205 108 14 30 0
183 : 294 145 5 2 0
184 : 101 33 1 2 1
185 : 60 64 8 3 0
186 : 231 108 30 7 1
187 : 291 169 4 9 0
188 : 195 27 9 3 1
189 : 124 166 14 3 0
190 : 248 55 42 14 0
191 : 132 108 34 9 1
192 : 96 102 4 11 1
193 : 198 0 38 72 1
194 : 58 96 6 1 1
195 : 254 161 3 5 0
196 : 183 57 10 8 0
197 : 245 169 12 12 0
198 : 141 141 4 12 1
199 : 133 38 13 61 1
