1000 1110
0 : 338 766 94 6 0
1 : 999 998 22 1 1
2 : 483 1024 25 23 0
3 : 998 1088 2 13 0
4 : 347 1102 7 6 1
5 : 472 408 16 133 1
6 : 75 1024 37 13 0
7 : 770 525 42 91 1
8 : 0 1070 32 7 0
9 : 532 968 4 53 1
10 : 89 1070 27 10 0
11 : 0 910 57 16 0
12 : 732 1070 32 2 0
13 : 433 1102 2 3 0
14 : 111 910 31 41 1
15 : 999 942 22 1 1
16 : 649 722 1 103 1
17 : 421 1102 4 4 0
18 : 481 910 7 62 1
19 : 736 1024 41 5 0
20 : 331 1048 24 19 0
21 : 825 672 50 59 1
22 : 924 633 69 42 0
23 : 0 570 67 63 0
24 : 428 0 168 76 0
25 : 385 910 19 52 1
26 : 439 1102 1 2 0
27 : 0 722 29 79 1
28 : 764 1070 31 3 0
29 : 469 879 18 58 1
30 : 810 1088 5 18 1
31 : 718 942 23 41 1
32 : 997 249 3 69 0
33 : 988 1088 9 10 0
34 : 220 525 112 22 0
35 : 344 1088 11 19 1
36 : 0 0 202 57 0
37 : 65 1070 14 24 1
38 : 772 464 60 77 1
39 : 749 998 48 3 0
40 : 678 942 40 25 0
41 : 152 1102 4 14 1
42 : 820 968 37 20 0
43 : 685 795 69 26 0
44 : 760 968 28 29 0
45 : 112 1024 17 32 1
46 : 338 570 9 119 1
47 : 164 1048 40 4 0
48 : 527 879 15 61 1
49 : 759 942 48 16 0
50 : 983 408 14 55 0
51 : 713 1070 15 19 1
52 : 870 408 34 113 1
53 : 258 249 94 81 0
54 : 46 942 53 15 0
55 : 926 1048 8 31 1
56 : 997 1088 1 14 0
57 : 961 879 36 36 0
58 : 441 1102 1 1 0
59 : 294 1070 3 33 1
60 : 226 1102 12 5 0
61 : 828 1088 12 11 1
62 : 925 1070 24 9 0
63 : 544 998 20 32 1
64 : 190 633 82 39 0
65 : 872 795 21 72 1
66 : 755 1048 34 6 0
67 : 856 942 56 8 0
68 : 730 1048 25 15 0
69 : 923 910 66 2 0
70 : 200 795 18 79 1
71 : 723 910 29 39 1
72 : 687 335 41 115 1
73 : 652 672 104 6 0
74 : 437 910 44 25 0
75 : 949 1070 15 18 0
76 : 904 968 49 7 0
77 : 624 633 22 95 1
78 : 313 1102 8 6 1
79 : 0 1048 7 38 1
80 : 993 633 7 42 0
81 : 92 335 49 116 1
82 : 756 672 69 41 0
83 : 261 839 69 18 0
84 : 994 672 5 50 0
85 : 655 1024 23 24 0
86 : 612 766 91 8 0
87 : 541 633 34 83 1
88 : 204 1102 9 8 0
89 : 703 1024 13 33 1
90 : 989 910 32 11 1
91 : 506 1070 9 26 1
92 : 742 1088 22 3 0
93 : 986 1070 18 14 1
94 : 128 171 143 54 0
95 : 271 171 133 58 0
96 : 713 998 15 36 1
97 : 93 1048 6 38 1
98 : 701 879 71 4 0
99 : 329 1102 9 4 0
100 : 196 464 17 125 1
101 : 933 1088 7 14 0
102 : 725 1088 8 17 1
103 : 500 968 26 32 1
104 : 407 1088 17 12 0
105 : 851 570 29 94 1
106 : 489 1088 14 14 0
107 : 0 879 22 59 1
108 : 998 171 75 2 1
109 : 179 1088 10 21 1
110 : 607 998 48 4 0
111 : 909 1048 17 22 0
112 : 184 839 77 11 0
113 : 67 570 90 39 0
114 : 849 464 126 10 0
115 : 200 1088 27 4 0
116 : 0 998 32 24 0
117 : 98 968 11 51 1
118 : 330 839 70 16 0
119 : 403 795 70 27 0
120 : 678 1024 22 25 1
121 : 496 998 4 48 1
122 : 364 1102 5 8 0
123 : 855 1088 11 12 0
124 : 327 1070 3 33 1
125 : 582 1070 19 16 0
126 : 678 525 42 92 1
127 : 202 0 28 226 1
128 : 978 1024 22 23 0
129 : 14 1102 11 8 0
130 : 807 942 49 15 0
131 : 453 1048 3 39 1
132 : 648 570 94 32 0
133 : 185 722 68 40 0
134 : 438 1102 4 1 1
135 : 0 1024 36 14 0
136 : 259 1102 10 6 0
137 : 384 1070 22 14 0
138 : 834 879 67 7 0
139 : 100 766 21 81 1
140 : 110 249 28 148 1
141 : 773 839 36 47 1
142 : 975 464 22 61 0
143 : 259 910 62 9 0
144 : 583 1088 5 22 1
145 : 473 76 95 114 1
146 : 786 766 18 80 1
147 : 588 879 61 15 0
148 : 116 1070 35 2 0
149 : 81 1102 3 15 1
150 : 192 910 5 67 1
151 : 857 968 47 9 0
152 : 142 942 50 17 0
153 : 788 968 32 25 0
154 : 110 1102 4 14 1
155 : 28 1088 24 8 0
156 : 332 525 122 12 0
157 : 349 408 123 30 0
158 : 124 1102 6 12 1
159 : 997 570 2 59 0
160 : 272 633 92 28 0
161 : 997 408 53 2 1
162 : 74 1088 12 20 1
163 : 650 171 41 140 1
164 : 601 1070 29 6 0
165 : 941 766 59 38 0
166 : 38 1048 32 13 0
167 : 318 998 15 38 1
168 : 306 1088 18 12 0
169 : 561 1048 3 38 1
170 : 180 968 31 30 0
171 : 997 464 58 3 1
172 : 227 1088 5 25 1
173 : 858 1048 32 7 0
174 : 99 942 25 43 1
175 : 634 839 11 72 1
176 : 882 1088 4 18 1
177 : 424 1088 23 6 0
178 : 292 1102 9 6 0
179 : 960 171 71 38 1
180 : 271 76 10 202 1
181 : 53 1102 14 4 0
182 : 680 1088 5 21 1
183 : 684 998 29 22 0
184 : 364 1024 42 6 0
185 : 895 722 35 68 1
186 : 254 968 40 20 0
187 : 558 942 59 6 0
188 : 177 879 11 68 1
189 : 559 1088 24 3 0
190 : 406 1024 3 45 1
191 : 152 910 40 32 0
192 : 655 998 29 22 0
193 : 519 839 14 70 1
194 : 175 1102 1 16 1
195 : 469 839 50 34 0
196 : 820 839 6 76 1
197 : 0 968 22 40 1
198 : 245 879 75 4 0
199 : 269 1102 1 14 1
200 : 617 942 61 4 0
201 : 946 1088 9 11 0
202 : 520 464 122 17 0
203 : 0 408 99 56 0
204 : 0 464 40 104 1
205 : 719 633 11 105 1
206 : 585 968 45 12 0
207 : 341 968 32 27 0
208 : 999 1048 1 18 0
209 : 39 1102 14 4 0
210 : 642 464 130 7 0
211 : 839 1088 16 7 0
212 : 415 1102 2 6 0
213 : 144 1024 3 46 1
214 : 0 672 102 12 0
215 : 802 335 86 70 0
216 : 627 1088 15 12 0
217 : 605 408 10 139 1
218 : 589 839 38 45 1
219 : 503 1088 8 20 1
220 : 166 1102 9 8 0
221 : 360 1070 24 12 0
222 : 386 672 22 91 1
223 : 744 408 22 126 1
224 : 963 722 43 32 1
225 : 566 525 112 22 0
226 : 822 722 73 30 0
227 : 149 968 31 30 0
228 : 284 998 34 19 0
229 : 388 1102 7 4 1
230 : 417 1048 36 6 0
231 : 0 633 17 105 1
232 : 663 1088 17 9 0
233 : 953 968 32 24 0
234 : 32 1070 33 5 0
235 : 649 879 52 23 0
236 : 134 1088 8 23 1
237 : 392 1102 8 2 1
238 : 989 0 10 76 0
239 : 752 722 70 33 0
240 : 83 998 33 22 0
241 : 912 942 13 50 1
242 : 576 998 21 31 1
243 : 777 1024 19 27 1
244 : 289 1088 17 13 0
245 : 417 1102 4 4 0
246 : 492 1048 4 37 1
247 : 703 766 15 83 1
248 : 253 766 85 15 0
249 : 104 464 50 92 1
250 : 999 335 66 1 1
251 : 0 335 92 73 0
252 : 36 1024 11 39 1
253 : 0 1088 4 28 1
254 : 782 1088 10 14 0
255 : 457 570 62 65 1
256 : 772 879 62 13 0
257 : 869 1070 28 5 0
258 : 707 968 53 4 0
259 : 134 76 78 137 1
260 : 957 1048 12 27 1
261 : 447 1088 18 10 0
262 : 57 910 19 54 1
263 : 940 1088 14 6 1
264 : 411 1102 5 4 1
265 : 522 570 126 1 0
266 : 821 795 44 51 1
267 : 238 1102 9 8 0
268 : 181 766 72 29 0
269 : 355 1048 9 34 1
270 : 693 1070 14 20 1
271 : 105 633 37 85 1
272 : 563 672 22 89 1
273 : 136 1102 16 2 0
274 : 373 968 26 32 1
275 : 972 1088 16 3 0
276 : 451 1024 32 16 0
277 : 884 672 69 40 0
278 : 424 879 31 45 1
279 : 244 570 34 94 1
280 : 0 525 90 45 0
281 : 630 968 43 14 0
282 : 541 171 78 109 1
283 : 999 839 26 1 1
284 : 0 795 32 66 1
285 : 917 1088 5 16 1
286 : 532 1070 30 5 0
287 : 406 1070 23 13 0
288 : 706 839 16 67 1
289 : 742 570 109 14 0
290 : 974 335 72 25 1
291 : 271 1088 12 18 1
292 : 908 998 6 44 1
293 : 529 1048 32 9 0
294 : 845 1070 10 24 1
295 : 381 1088 26 3 0
296 : 477 672 25 86 1
297 : 517 766 4 95 1
298 : 942 0 65 47 1
299 : 0 839 60 31 0
300 : 605 1088 5 22 1
301 : 866 1088 16 6 0
302 : 102 672 11 103 1
303 : 661 1070 3 32 1
304 : 352 249 131 44 0
305 : 479 1070 27 9 0
306 : 435 1102 3 2 1
307 : 320 879 49 29 0
308 : 762 910 56 12 0
309 : 833 998 4 47 1
310 : 861 525 26 105 1
311 : 536 795 86 10 0
312 : 406 722 5 101 1
313 : 59 879 57 22 0
314 : 545 1088 14 14 0
315 : 704 249 61 111 1
316 : 953 672 50 41 1
317 : 999 408 50 1 1
318 : 191 1102 13 4 0
319 : 599 1048 2 39 1
320 : 0 766 2 100 1
321 : 276 1070 18 18 0
322 : 950 839 49 30 0
323 : 156 998 48 6 0
324 : 457 335 95 62 0
325 : 999 0 68 1 1
326 : 157 570 41 87 1
327 : 319 1102 10 3 0
328 : 99 408 8 146 1
329 : 429 1070 21 15 0
330 : 294 968 47 13 0
331 : 0 1102 14 5 0
332 : 955 1088 12 8 1
333 : 96 1102 14 4 0
334 : 285 942 23 44 1
335 : 836 1024 33 13 0
336 : 184 1070 29 8 0
337 : 90 525 130 5 0
338 : 331 1024 15 33 1
339 : 0 942 22 46 1
340 : 888 335 69 86 1
341 : 497 942 61 4 0
342 : 820 1048 2 38 1
343 : 756 0 39 186 1
344 : 369 1102 8 4 1
345 : 781 76 119 86 0
346 : 192 942 48 19 0
347 : 157 1088 22 9 0
348 : 858 910 65 3 0
349 : 378 1102 10 2 0
350 : 473 795 33 63 1
351 : 389 1048 28 14 0
352 : 880 998 23 28 1
353 : 204 998 40 14 0
354 : 999 672 43 1 1
355 : 792 1088 6 18 1
356 : 683 910 29 40 1
357 : 398 1102 1 9 1
358 : 465 1088 4 24 1
359 : 550 1024 38 9 0
360 : 966 525 34 45 0
361 : 358 335 99 58 0
362 : 40 968 4 58 1
363 : 588 1024 42 5 0
364 : 754 795 67 28 0
365 : 204 1048 41 3 0
366 : 252 1088 11 19 1
367 : 369 879 55 22 0
368 : 984 1048 14 22 0
369 : 900 1088 17 5 0
370 : 291 1024 8 40 1
371 : 215 1024 9 40 1
372 : 992 998 7 26 0
373 : 66 795 68 29 0
374 : 213 1102 4 13 1
375 : 306 672 33 80 1
376 : 997 879 35 3 1
377 : 329 722 77 29 0
378 : 305 1048 26 18 0
379 : 378 942 5 61 1
380 : 900 76 86 94 0
381 : 995 722 42 5 1
382 : 596 0 66 160 1
383 : 789 1048 31 9 0
384 : 343 795 37 60 1
385 : 52 1088 10 22 1
386 : 562 1070 15 20 1
387 : 211 968 43 17 0
388 : 240 942 45 22 0
389 : 945 570 52 58 0
390 : 952 998 40 10 0
391 : 676 1048 24 16 0
392 : 454 525 112 22 0
393 : 283 1048 22 22 0
394 : 301 1102 2 12 1
395 : 324 1088 10 20 1
396 : 630 1024 25 22 0
397 : 208 335 10 150 1
398 : 151 1070 4 33 1
399 : 245 408 50 104 1
400 : 116 998 40 15 0
401 : 404 171 53 137 1
402 : 795 1070 4 30 1
403 : 944 795 56 33 0
404 : 622 795 32 63 1
405 : 67 1102 4 14 1
406 : 483 249 134 41 0
407 : 890 1048 19 20 0
408 : 373 1102 5 7 0
409 : 896 839 28 54 1
410 : 25 1102 14 5 0
411 : 910 1024 42 4 0
412 : 797 998 36 15 0
413 : 364 633 94 23 0
414 : 673 968 34 23 0
415 : 425 1102 3 4 0
416 : 450 968 50 8 0
417 : 244 1070 32 4 0
418 : 116 879 18 61 1
419 : 439 942 58 7 0
420 : 701 1088 24 2 0
421 : 866 766 23 75 1
422 : 353 1102 11 2 0
423 : 815 249 162 5 0
424 : 977 249 84 20 1
425 : 0 249 110 67 0
426 : 963 1088 10 9 1
427 : 428 1102 3 4 0
428 : 985 968 28 15 1
429 : 825 1070 14 20 1
430 : 638 1048 3 38 1
431 : 824 633 15 100 1
432 : 764 1088 18 7 0
433 : 508 1024 5 42 1
434 : 253 722 76 31 0
435 : 790 171 8 170 1
436 : 642 1088 21 5 0
437 : 32 998 5 51 1
438 : 405 968 13 45 1
439 : 804 1024 14 32 1
440 : 190 1024 25 24 0
441 : 442 464 78 61 0
442 : 338 1102 9 4 0
443 : 205 672 12 101 1
444 : 998 1048 21 1 1
445 : 552 335 135 21 0
446 : 394 1102 6 4 1
447 : 818 910 28 40 1
448 : 0 76 134 90 0
449 : 329 942 49 17 0
450 : 136 839 40 48 1
451 : 279 795 33 64 1
452 : 458 633 34 83 1
453 : 998 76 2 80 0
454 : 986 76 95 12 1
455 : 390 998 26 26 0
456 : 962 942 26 37 1
457 : 131 1048 33 11 0
458 : 70 1048 23 21 0
459 : 450 1070 7 29 1
460 : 94 1088 11 20 1
461 : 901 879 13 60 1
462 : 440 1102 2 1 1
463 : 244 998 40 14 0
464 : 466 998 30 22 0
465 : 592 910 24 45 1
466 : 523 1088 6 22 1
467 : 134 795 66 31 0
468 : 283 1102 9 6 0
469 : 588 722 44 61 1
470 : 999 570 1 59 0
471 : 507 722 24 81 1
472 : 952 1024 19 26 1
473 : 321 464 19 121 1
474 : 637 910 46 23 0
475 : 213 1070 6 31 1
476 : 869 1024 5 41 1
477 : 363 1088 12 18 1
478 : 432 766 15 85 1
479 : 897 1070 5 28 1
480 : 617 249 86 87 1
481 : 255 1024 36 12 0
482 : 321 910 64 7 0
483 : 407 1102 5 4 1
484 : 356 998 34 18 0
485 : 700 1048 30 10 0
486 : 587 76 194 13 0
487 : 245 1048 38 6 0
488 : 437 1102 1 4 0
489 : 79 722 106 2 0
490 : 114 1088 11 20 1
491 : 247 1102 4 12 1
492 : 964 1070 22 10 0
493 : 0 171 70 128 1
494 : 60 839 14 76 1
495 : 630 1070 4 31 1
496 : 431 1102 2 4 0
497 : 400 839 69 16 0
498 : 543 910 20 49 1
499 : 416 998 2 50 1
