200 203
0 : 0 0 4 6 1
1 : 6 0 2 4 0
2 : 8 0 110 45 0
3 : 118 0 1 15 0
4 : 119 0 2 4 0
5 : 121 0 6 3 1
6 : 124 0 1 27 0
7 : 125 0 4 23 0
8 : 129 0 9 14 0
9 : 138 0 1 11 0
10 : 139 0 15 2 1
11 : 141 0 18 24 0
12 : 159 0 8 1 1
13 : 160 0 15 40 0
14 : 175 0 7 14 0
15 : 182 0 11 4 1
16 : 186 0 1 2 0
17 : 187 0 37 2 1
18 : 189 0 20 8 1
19 : 0 45 12 9 0
20 : 12 45 15 15 0
21 : 27 45 14 20 1
22 : 47 45 4 27 1
23 : 74 45 1 18 1
24 : 92 45 22 14 0
25 : 114 45 23 7 0
26 : 137 45 5 3 1
27 : 140 45 5 22 1
28 : 162 45 6 25 1
29 : 0 60 14 58 1
30 : 58 60 17 9 0
31 : 75 60 3 2 1
32 : 77 60 1 20 1
33 : 97 60 8 3 1
34 : 100 60 18 8 0
35 : 118 60 20 2 0
36 : 138 60 6 19 1
37 : 0 74 67 3 0
38 : 67 74 10 8 0
39 : 77 74 8 9 1
40 : 86 74 21 11 0
41 : 107 74 4 5 0
42 : 111 74 4 16 1
43 : 127 74 17 22 1
44 : 149 74 20 30 1
45 : 179 74 14 5 1
46 : 0 94 12 22 1
47 : 22 94 20 5 0
48 : 42 94 4 11 0
49 : 46 94 7 4 1
50 : 50 94 33 32 0
51 : 83 94 19 9 1
52 : 92 94 27 16 1
53 : 108 94 18 5 1
54 : 113 94 8 16 0
55 : 121 94 8 1 1
56 : 122 94 4 3 1
57 : 125 94 3 71 1
58 : 0 126 41 1 0
59 : 41 126 15 5 0
60 : 56 126 33 4 0
61 : 89 126 5 17 1
62 : 106 126 4 9 1
63 : 115 126 3 24 1
64 : 139 126 11 8 0
65 : 150 126 6 5 1
66 : 0 134 50 27 0
67 : 50 134 25 16 1
68 : 66 134 22 29 1
69 : 95 134 4 24 0
70 : 99 134 8 21 0
71 : 107 134 6 2 1
72 : 109 134 9 7 1
73 : 116 134 14 2 1
74 : 118 134 14 3 1
75 : 121 134 15 22 0
76 : 136 134 1 8 0
77 : 137 134 7 16 0
78 : 144 134 3 10 0
79 : 147 134 21 5 1
80 : 152 134 1 9 0
81 : 153 134 4 45 1
82 : 198 134 14 1 1
83 : 0 161 41 18 0
84 : 41 161 27 30 1
85 : 71 161 7 7 0
86 : 78 161 6 6 0
87 : 84 161 7 32 1
88 : 116 161 4 3 1
89 : 119 161 44 12 0
90 : 163 161 1 2 0
91 : 164 161 12 3 1
92 : 167 161 22 10 1
93 : 177 161 27 2 1
94 : 0 188 5 63 1
95 : 63 188 23 15 0
96 : 86 188 7 7 0
97 : 93 188 14 4 1
98 : 97 188 9 12 0
99 : 106 188 3 6 0
