1000 1386
0 : 0 0 94 6 0
1 : 94 0 22 1 0
2 : 116 0 25 23 0
3 : 141 0 2 13 0
4 : 143 0 7 6 1
5 : 149 0 16 133 1
6 : 282 0 37 13 0
7 : 319 0 42 91 1
8 : 410 0 32 7 1
9 : 417 0 4 53 1
10 : 470 0 27 10 1
11 : 480 0 57 16 0
12 : 537 0 32 2 1
13 : 539 0 2 3 0
14 : 541 0 31 41 0
15 : 572 0 22 1 1
16 : 573 0 1 103 1
17 : 676 0 4 4 0
18 : 680 0 7 62 1
19 : 742 0 41 5 1
20 : 747 0 24 19 1
21 : 766 0 50 59 1
22 : 825 0 69 42 0
23 : 894 0 67 63 0
24 : 0 63 168 76 0
25 : 168 63 19 52 0
26 : 187 63 1 2 0
27 : 188 63 29 79 1
28 : 267 63 31 3 1
29 : 270 63 18 58 0
30 : 288 63 5 18 0
31 : 293 63 23 41 0
32 : 316 63 3 69 0
33 : 319 63 9 10 0
34 : 328 63 112 22 0
35 : 440 63 11 19 0
36 : 451 63 202 57 0
37 : 653 63 14 24 0
38 : 667 63 60 77 1
39 : 744 63 48 3 1
40 : 747 63 40 25 1
41 : 772 63 4 14 0
42 : 776 63 37 20 1
43 : 796 63 69 26 1
44 : 822 63 28 29 0
45 : 850 63 17 32 0
46 : 867 63 9 119 1
47 : 986 63 40 4 1
48 : 0 139 15 61 1
49 : 61 139 48 16 0
50 : 109 139 14 55 1
51 : 164 139 15 19 1
52 : 183 139 34 113 1
53 : 296 139 94 81 0
54 : 390 139 53 15 1
55 : 405 139 8 31 0
56 : 413 139 1 14 0
57 : 414 139 36 36 0
58 : 450 139 1 1 0
59 : 451 139 3 33 0
60 : 454 139 12 5 1
61 : 459 139 12 11 1
62 : 470 139 24 9 1
63 : 479 139 20 32 0
64 : 499 139 82 39 0
65 : 581 139 21 72 0
66 : 602 139 34 6 1
67 : 608 139 56 8 1
68 : 616 139 25 15 1
69 : 631 139 66 2 1
70 : 633 139 18 79 0
71 : 651 139 29 39 0
72 : 680 139 41 115 1
73 : 795 139 104 6 0
74 : 899 139 44 25 1
75 : 924 139 15 18 0
76 : 939 139 49 7 1
77 : 0 220 22 95 1
78 : 95 220 8 6 1
79 : 101 220 7 38 1
80 : 139 220 7 42 1
81 : 181 220 49 116 1
82 : 297 220 69 41 0
83 : 366 220 69 18 0
84 : 435 220 5 50 1
85 : 485 220 23 24 0
86 : 508 220 91 8 0
87 : 599 220 34 83 1
88 : 682 220 9 8 1
89 : 690 220 13 33 0
90 : 703 220 32 11 1
91 : 714 220 9 26 0
92 : 723 220 22 3 1
93 : 726 220 18 14 1
94 : 740 220 143 54 0
95 : 0 274 133 58 0
96 : 133 274 15 36 0
97 : 148 274 6 38 0
98 : 154 274 71 4 0
99 : 225 274 9 4 1
100 : 229 274 17 125 1
101 : 354 274 7 14 0
102 : 361 274 8 17 0
103 : 369 274 26 32 0
104 : 395 274 17 12 1
105 : 407 274 29 94 1
106 : 501 274 14 14 0
107 : 515 274 22 59 1
108 : 574 274 75 2 0
109 : 649 274 10 21 0
110 : 659 274 48 4 1
111 : 663 274 17 22 0
112 : 680 274 77 11 0
113 : 757 274 90 39 0
114 : 847 274 126 10 0
115 : 973 274 27 4 1
116 : 0 332 32 24 0
117 : 32 332 11 51 1
118 : 83 332 70 16 0
119 : 153 332 70 27 0
120 : 223 332 22 25 0
121 : 245 332 4 48 1
122 : 293 332 5 8 0
123 : 298 332 11 12 0
124 : 309 332 3 33 1
125 : 342 332 19 16 1
126 : 358 332 42 92 1
127 : 450 332 28 226 1
128 : 676 332 22 23 0
129 : 698 332 11 8 1
130 : 706 332 49 15 0
131 : 755 332 3 39 0
132 : 758 332 94 32 0
133 : 852 332 68 40 0
134 : 920 332 4 1 1
135 : 921 332 36 14 1
136 : 935 332 10 6 1
137 : 941 332 22 14 1
138 : 0 374 67 7 0
139 : 67 374 21 81 1
140 : 148 374 28 148 1
141 : 296 374 36 47 1
142 : 343 374 22 61 1
143 : 404 374 62 9 0
144 : 466 374 5 22 0
145 : 471 374 95 114 1
146 : 585 374 18 80 0
147 : 603 374 61 15 1
148 : 618 374 35 2 1
149 : 620 374 3 15 0
150 : 623 374 5 67 0
151 : 628 374 47 9 1
152 : 637 374 50 17 1
153 : 654 374 32 25 1
154 : 679 374 4 14 0
155 : 683 374 24 8 1
156 : 691 374 122 12 0
157 : 813 374 123 30 0
158 : 936 374 6 12 0
159 : 942 374 2 59 0
160 : 944 374 92 28 1
161 : 972 374 53 2 1
162 : 974 374 12 20 0
163 : 0 469 41 140 1
164 : 140 469 29 6 1
165 : 146 469 59 38 0
166 : 205 469 32 13 1
167 : 218 469 15 38 0
168 : 233 469 18 12 1
169 : 245 469 3 38 0
170 : 248 469 31 30 1
171 : 278 469 58 3 0
172 : 336 469 5 25 0
173 : 341 469 32 7 1
174 : 348 469 25 43 1
175 : 391 469 11 72 1
176 : 463 469 4 18 0
177 : 467 469 23 6 1
178 : 473 469 9 6 1
179 : 479 469 71 38 0
180 : 550 469 10 202 1
181 : 752 469 14 4 1
182 : 756 469 5 21 0
183 : 761 469 29 22 1
184 : 783 469 42 6 0
185 : 825 469 35 68 1
186 : 893 469 40 20 1
187 : 913 469 59 6 0
188 : 0 510 11 68 1
189 : 68 510 24 3 0
190 : 92 510 3 45 1
191 : 137 510 40 32 0
192 : 177 510 29 22 1
193 : 199 510 14 70 1
194 : 269 510 1 16 0
195 : 270 510 50 34 0
196 : 320 510 6 76 1
197 : 396 510 22 40 1
198 : 436 510 75 4 0
199 : 511 510 1 14 0
200 : 512 510 61 4 0
201 : 573 510 9 11 0
202 : 582 510 122 17 0
203 : 704 510 99 56 0
204 : 803 510 40 104 1
205 : 0 566 11 105 1
206 : 105 566 45 12 0
207 : 150 566 32 27 0
208 : 182 566 1 18 0
209 : 183 566 14 4 1
210 : 187 566 130 7 0
211 : 317 566 16 7 1
212 : 324 566 2 6 0
213 : 326 566 3 46 1
214 : 372 566 102 12 0
215 : 474 566 86 70 0
216 : 560 566 15 12 1
217 : 572 566 10 139 1
218 : 711 566 38 45 0
219 : 749 566 8 20 0
220 : 757 566 9 8 1
221 : 765 566 24 12 1
222 : 777 566 22 91 1
223 : 868 566 22 126 1
224 : 0 636 43 32 0
225 : 43 636 112 22 0
226 : 155 636 73 30 0
227 : 228 636 31 30 1
228 : 258 636 34 19 0
229 : 292 636 7 4 1
230 : 296 636 36 6 0
231 : 332 636 17 105 1
232 : 437 636 17 9 1
233 : 446 636 32 24 0
234 : 478 636 33 5 0
235 : 511 636 52 23 0
236 : 563 636 8 23 0
237 : 571 636 8 2 1
238 : 573 636 10 76 1
239 : 649 636 70 33 0
240 : 719 636 33 22 0
241 : 752 636 13 50 1
242 : 802 636 21 31 0
243 : 823 636 19 27 0
244 : 842 636 17 13 1
245 : 855 636 4 4 0
246 : 859 636 4 37 1
247 : 896 636 15 83 1
248 : 0 669 85 15 0
249 : 85 669 50 92 1
250 : 177 669 66 1 0
251 : 243 669 92 73 0
252 : 335 669 11 39 0
253 : 346 669 4 28 0
254 : 350 669 10 14 0
255 : 360 669 62 65 0
256 : 422 669 62 13 1
257 : 435 669 28 5 1
258 : 440 669 53 4 1
259 : 444 669 78 137 1
260 : 581 669 12 27 0
261 : 593 669 18 10 1
262 : 603 669 19 54 0
263 : 622 669 14 6 1
264 : 628 669 5 4 1
265 : 632 669 126 1 0
266 : 758 669 44 51 0
267 : 802 669 9 8 1
268 : 810 669 72 29 1
269 : 839 669 9 34 0
270 : 848 669 14 20 0
271 : 862 669 37 85 1
272 : 0 747 22 89 1
273 : 89 747 16 2 1
274 : 91 747 26 32 1
275 : 123 747 16 3 1
276 : 126 747 32 16 0
277 : 158 747 69 40 0
278 : 227 747 31 45 1
279 : 272 747 34 94 1
280 : 366 747 90 45 0
281 : 456 747 43 14 1
282 : 470 747 78 109 1
283 : 579 747 26 1 1
284 : 580 747 32 66 0
285 : 612 747 5 16 0
286 : 617 747 30 5 1
287 : 622 747 23 13 1
288 : 635 747 16 67 0
289 : 651 747 109 14 0
290 : 760 747 72 25 1
291 : 785 747 12 18 0
292 : 797 747 6 44 0
293 : 803 747 32 9 1
294 : 812 747 10 24 0
295 : 822 747 26 3 1
296 : 825 747 25 86 1
297 : 0 825 4 95 1
298 : 95 825 65 47 0
299 : 160 825 60 31 0
300 : 220 825 5 22 0
301 : 225 825 16 6 1
302 : 231 825 11 103 1
303 : 334 825 3 32 0
304 : 337 825 131 44 0
305 : 468 825 27 9 1
306 : 477 825 3 2 1
307 : 479 825 49 29 0
308 : 528 825 56 12 0
309 : 584 825 4 47 0
310 : 588 825 26 105 1
311 : 693 825 86 10 0
312 : 779 825 5 101 1
313 : 880 825 57 22 0
314 : 937 825 14 14 0
315 : 0 872 61 111 1
316 : 111 872 50 41 1
317 : 152 872 50 1 1
318 : 153 872 13 4 1
319 : 157 872 2 39 0
320 : 159 872 2 100 1
321 : 259 872 18 18 0
322 : 277 872 49 30 1
323 : 307 872 48 6 1
324 : 313 872 95 62 0
325 : 408 872 68 1 0
326 : 476 872 41 87 1
327 : 563 872 10 3 1
328 : 566 872 8 146 1
329 : 712 872 21 15 1
330 : 727 872 47 13 1
331 : 740 872 14 5 1
332 : 745 872 12 8 1
333 : 753 872 14 4 1
334 : 757 872 23 44 0
335 : 780 872 33 13 1
336 : 793 872 29 8 1
337 : 801 872 130 5 0
338 : 931 872 15 33 0
339 : 946 872 22 46 0
340 : 0 934 69 86 1
341 : 86 934 61 4 1
342 : 90 934 2 38 0
343 : 92 934 39 186 1
344 : 278 934 8 4 1
345 : 282 934 119 86 0
346 : 401 934 48 19 1
347 : 420 934 22 9 1
348 : 429 934 65 3 1
349 : 432 934 10 2 1
350 : 434 934 33 63 0
351 : 467 934 28 14 1
352 : 481 934 23 28 0
353 : 504 934 40 14 1
354 : 518 934 43 1 1
355 : 519 934 6 18 0
356 : 525 934 29 40 0
357 : 554 934 1 9 0
358 : 555 934 4 24 0
359 : 559 934 38 9 1
360 : 568 934 34 45 0
361 : 602 934 99 58 0
362 : 701 934 4 58 0
363 : 705 934 42 5 1
364 : 710 934 67 28 1
365 : 738 934 41 3 1
366 : 741 934 11 19 0
367 : 752 934 55 22 1
368 : 774 934 14 22 0
369 : 788 934 17 5 1
370 : 793 934 8 40 0
371 : 801 934 9 40 0
372 : 810 934 7 26 0
373 : 817 934 68 29 1
374 : 846 934 4 13 0
375 : 850 934 33 80 0
376 : 883 934 35 3 1
377 : 886 934 77 29 1
378 : 915 934 26 18 1
379 : 933 934 5 61 0
380 : 0 1020 86 94 1
381 : 94 1020 42 5 1
382 : 99 1020 66 160 1
383 : 259 1020 31 9 1
384 : 268 1020 37 60 0
385 : 305 1020 10 22 0
386 : 315 1020 15 20 0
387 : 330 1020 43 17 1
388 : 347 1020 45 22 1
389 : 369 1020 52 58 0
390 : 421 1020 40 10 1
391 : 431 1020 24 16 1
392 : 447 1020 112 22 0
393 : 559 1020 22 22 0
394 : 581 1020 2 12 0
395 : 583 1020 10 20 0
396 : 593 1020 25 22 1
397 : 615 1020 10 150 1
398 : 765 1020 4 33 0
399 : 769 1020 50 104 1
400 : 873 1020 40 15 1
401 : 0 1106 53 137 1
402 : 137 1106 4 30 0
403 : 141 1106 56 33 0
404 : 197 1106 32 63 1
405 : 260 1106 4 14 0
406 : 264 1106 134 41 0
407 : 398 1106 19 20 0
408 : 417 1106 5 7 0
409 : 422 1106 28 54 1
410 : 476 1106 14 5 1
411 : 481 1106 42 4 1
412 : 485 1106 36 15 1
413 : 500 1106 94 23 0
414 : 594 1106 34 23 1
415 : 617 1106 3 4 0
416 : 620 1106 50 8 1
417 : 628 1106 32 4 1
418 : 632 1106 18 61 1
419 : 693 1106 58 7 0
420 : 751 1106 24 2 1
421 : 753 1106 23 75 1
422 : 828 1106 11 2 1
423 : 830 1106 162 5 0
424 : 0 1159 84 20 0
425 : 84 1159 110 67 0
426 : 194 1159 10 9 1
427 : 203 1159 3 4 0
428 : 206 1159 28 15 1
429 : 221 1159 14 20 0
430 : 235 1159 3 38 0
431 : 238 1159 15 100 1
432 : 338 1159 18 7 1
433 : 345 1159 5 42 0
434 : 350 1159 76 31 0
435 : 426 1159 8 170 1
436 : 596 1159 21 5 1
437 : 601 1159 5 51 0
438 : 606 1159 13 45 0
439 : 619 1159 14 32 0
440 : 633 1159 25 24 1
441 : 657 1159 78 61 0
442 : 735 1159 9 4 1
443 : 739 1159 12 101 1
444 : 840 1159 21 1 1
445 : 841 1159 135 21 0
446 : 976 1159 6 4 1
447 : 0 1226 28 40 1
448 : 40 1226 134 90 0
449 : 174 1226 49 17 1
450 : 191 1226 40 48 0
451 : 231 1226 33 64 0
452 : 264 1226 34 83 0
453 : 298 1226 2 80 0
454 : 300 1226 95 12 0
455 : 395 1226 26 26 0
456 : 421 1226 26 37 0
457 : 447 1226 33 11 1
458 : 458 1226 23 21 1
459 : 479 1226 7 29 0
460 : 486 1226 11 20 0
461 : 497 1226 13 60 0
462 : 510 1226 2 1 1
463 : 511 1226 40 14 1
464 : 525 1226 30 22 1
465 : 547 1226 24 45 0
466 : 571 1226 6 22 0
467 : 577 1226 66 31 1
468 : 608 1226 9 6 1
469 : 614 1226 44 61 0
470 : 658 1226 1 59 0
471 : 659 1226 24 81 0
472 : 683 1226 19 26 0
473 : 702 1226 19 121 1
474 : 823 1226 46 23 1
475 : 846 1226 6 31 0
476 : 852 1226 5 41 0
477 : 857 1226 12 18 0
478 : 869 1226 15 85 0
479 : 884 1226 5 28 0
480 : 889 1226 86 87 0
481 : 975 1226 36 12 1
482 : 987 1226 64 7 1
483 : 994 1226 5 4 1
484 : 0 1316 34 18 0
485 : 34 1316 30 10 0
486 : 64 1316 194 13 0
487 : 258 1316 38 6 0
488 : 296 1316 1 4 0
489 : 297 1316 106 2 0
490 : 403 1316 11 20 1
491 : 423 1316 4 12 0
492 : 427 1316 22 10 0
493 : 449 1316 70 128 1
494 : 577 1316 14 76 1
495 : 653 1316 4 31 0
496 : 657 1316 2 4 0
497 : 659 1316 69 16 1
498 : 675 1316 20 49 0
499 : 695 1316 2 50 0
