1000 648
0 : 121 311 94 6 0
1 : 660 362 22 1 1
2 : 643 594 25 23 1
3 : 447 548 2 13 1
4 : 471 588 7 6 0
5 : 790 110 16 133 1
6 : 51 581 37 13 0
7 : 753 320 42 91 1
8 : 814 543 32 7 0
9 : 991 265 4 53 0
10 : 281 566 27 10 1
11 : 758 470 57 16 0
12 : 598 223 32 2 0
13 : 927 389 2 3 1
14 : 839 550 31 41 0
15 : 244 569 22 1 1
16 : 0 223 1 103 1
17 : 931 396 4 4 0
18 : 122 113 7 62 1
19 : 648 67 41 5 1
20 : 733 594 24 19 1
21 : 634 487 50 59 0
22 : 758 401 69 42 1
23 : 68 487 67 63 0
24 : 186 57 168 76 0
25 : 939 487 19 52 0
26 : 448 485 1 2 0
27 : 353 401 29 79 0
28 : 384 563 31 3 1
29 : 796 487 18 58 0
30 : 995 612 5 18 0
31 : 870 550 23 41 0
32 : 997 225 3 69 0
33 : 566 620 9 10 0
34 : 269 193 112 22 0
35 : 887 209 11 19 1
36 : 226 0 202 57 0
37 : 768 594 14 24 0
38 : 382 401 60 77 0
39 : 201 547 48 3 0
40 : 0 594 40 25 0
41 : 381 538 4 14 1
42 : 197 569 37 20 0
43 : 881 401 69 26 1
44 : 465 594 28 29 0
45 : 250 518 17 32 0
46 : 533 205 9 119 1
47 : 523 590 40 4 0
48 : 122 120 15 61 1
49 : 245 550 48 16 0
50 : 815 470 14 55 1
51 : 968 594 15 19 0
52 : 0 156 34 113 1
53 : 197 320 94 81 0
54 : 870 470 53 15 0
55 : 376 563 8 31 0
56 : 554 56 1 14 1
57 : 40 594 36 36 0
58 : 629 53 1 1 0
59 : 132 156 3 33 0
60 : 826 220 12 5 0
61 : 619 619 12 11 0
62 : 630 214 24 9 0
63 : 299 594 20 32 0
64 : 281 401 82 39 1
65 : 609 401 21 72 0
66 : 480 123 34 6 0
67 : 170 28 56 8 0
68 : 184 519 25 15 1
69 : 382 485 66 2 0
70 : 0 300 18 79 1
71 : 658 562 29 39 1
72 : 402 179 41 115 1
73 : 269 215 104 6 0
74 : 703 550 44 25 1
75 : 952 613 15 18 1
76 : 777 165 49 7 1
77 : 354 286 22 95 1
78 : 584 620 8 6 0
79 : 293 586 7 38 1
80 : 916 539 7 42 1
81 : 661 165 49 116 1
82 : 800 401 69 41 1
83 : 907 401 69 18 1
84 : 111 244 5 50 0
85 : 710 594 23 24 0
86 : 789 309 91 8 0
87 : 844 342 34 83 1
88 : 652 205 9 8 0
89 : 121 594 13 33 0
90 : 566 214 32 11 0
91 : 889 183 9 26 0
92 : 566 370 22 3 1
93 : 983 594 18 14 1
94 : 824 0 143 54 0
95 : 269 135 133 58 0
96 : 340 563 15 36 1
97 : 568 588 6 38 1
98 : 102 397 71 4 0
99 : 518 584 9 4 1
100 : 0 96 17 125 1
101 : 187 382 7 14 0
102 : 676 303 8 17 0
103 : 174 594 26 32 0
104 : 846 616 17 12 0
105 : 291 320 29 94 1
106 : 863 616 14 14 0
107 : 722 487 22 59 0
108 : 0 318 75 2 0
109 : 654 214 10 21 1
110 : 469 220 48 4 0
111 : 381 193 17 22 0
112 : 988 57 77 11 1
113 : 753 362 90 39 0
114 : 354 123 126 10 0
115 : 62 483 27 4 0
116 : 275 594 32 24 1
117 : 989 0 11 51 0
118 : 728 401 70 16 1
119 : 701 401 70 27 1
120 : 688 594 22 25 0
121 : 116 244 4 48 0
122 : 35 619 5 8 0
123 : 88 581 11 12 0
124 : 247 484 3 33 1
125 : 952 594 19 16 1
126 : 569 320 42 92 1
127 : 0 0 28 226 1
128 : 112 190 22 23 1
129 : 774 214 11 8 1
130 : 332 534 49 15 0
131 : 658 591 3 39 1
132 : 893 265 94 32 0
133 : 925 401 68 40 1
134 : 574 316 4 1 1
135 : 340 578 36 14 0
136 : 747 389 10 6 1
137 : 864 594 22 14 1
138 : 382 478 67 7 0
139 : 959 320 21 81 0
140 : 630 13 28 148 1
141 : 293 550 36 47 1
142 : 526 487 22 61 0
143 : 844 391 62 9 0
144 : 655 362 5 22 0
145 : 240 225 95 114 1
146 : 980 320 18 80 0
147 : 125 96 61 15 0
148 : 340 592 35 2 0
149 : 183 120 3 15 0
150 : 402 220 5 67 1
151 : 869 541 47 9 0
152 : 397 520 50 17 0
153 : 226 594 32 25 1
154 : 182 590 4 14 1
155 : 720 49 24 8 0
156 : 784 135 122 12 0
157 : 661 135 123 30 0
158 : 465 623 6 12 1
159 : 125 111 2 59 1
160 : 661 320 92 28 0
161 : 995 265 53 2 1
162 : 940 594 12 20 0
163 : 428 10 41 140 1
164 : 373 215 29 6 0
165 : 684 487 59 38 1
166 : 349 594 32 13 1
167 : 630 472 15 38 1
168 : 983 612 18 12 1
169 : 364 221 3 38 1
170 : 362 594 31 30 1
171 : 668 484 58 3 0
172 : 906 396 5 25 1
173 : 688 49 32 7 0
174 : 783 550 25 43 0
175 : 465 307 11 72 1
176 : 931 373 4 18 0
177 : 215 311 23 6 0
178 : 623 473 9 6 1
179 : 630 401 71 38 1
180 : 428 0 10 202 1
181 : 923 110 14 4 1
182 : 847 542 5 21 1
183 : 515 594 29 22 1
184 : 958 537 42 6 0
185 : 965 401 35 68 0
186 : 79 300 40 20 0
187 : 0 51 59 6 0
188 : 555 473 11 68 1
189 : 105 222 24 3 0
190 : 530 179 3 45 0
191 : 893 550 40 32 1
192 : 493 594 29 22 1
193 : 744 401 14 70 0
194 : 999 469 1 16 0
195 : 0 516 50 34 0
196 : 385 393 6 76 1
197 : 613 572 22 40 1
198 : 906 221 75 4 0
199 : 877 616 1 14 0
200 : 0 130 61 4 0
201 : 90 570 9 11 0
202 : 0 113 122 17 0
203 : 0 244 99 56 0
204 : 893 225 40 104 1
205 : 0 212 11 105 1
206 : 658 550 45 12 0
207 : 147 594 32 27 1
208 : 794 629 1 18 1
209 : 981 221 14 4 0
210 : 790 126 130 7 0
211 : 992 469 16 7 1
212 : 351 481 2 6 0
213 : 815 484 3 46 1
214 : 0 320 102 12 0
215 : 177 401 86 70 1
216 : 812 617 15 12 0
217 : 514 57 10 139 1
218 : 433 550 38 45 1
219 : 735 214 8 20 1
220 : 575 620 9 8 0
221 : 782 594 24 12 1
222 : 844 320 22 91 1
223 : 514 108 22 126 1
224 : 751 550 43 32 1
225 : 0 190 112 22 0
226 : 525 401 73 30 1
227 : 392 594 31 30 1
228 : 113 156 34 19 1
229 : 398 207 7 4 1
230 : 103 51 36 6 0
231 : 684 225 17 105 1
232 : 18 619 17 9 0
233 : 251 594 32 24 1
234 : 197 589 33 5 0
235 : 916 487 52 23 1
236 : 502 476 8 23 1
237 : 376 399 8 2 0
238 : 150 41 10 76 1
239 : 668 401 70 33 1
240 : 99 594 33 22 1
241 : 397 537 13 50 1
242 : 422 594 21 31 0
243 : 537 594 19 27 0
244 : 970 613 17 13 1
245 : 510 129 4 4 0
246 : 537 316 4 37 1
247 : 844 376 15 83 1
248 : 102 382 85 15 0
249 : 477 320 50 92 1
250 : 0 224 66 1 0
251 : 385 320 92 73 0
252 : 51 570 11 39 1
253 : 541 397 4 28 1
254 : 565 292 10 14 0
255 : 267 487 62 65 1
256 : 0 474 62 13 0
257 : 906 391 28 5 0
258 : 987 265 53 4 1
259 : 653 57 78 137 1
260 : 137 567 12 27 0
261 : 0 619 18 10 0
262 : 897 487 19 54 0
263 : 893 169 14 6 1
264 : 230 589 5 4 1
265 : 428 56 126 1 0
266 : 0 550 44 51 1
267 : 331 586 9 8 0
268 : 555 401 72 29 1
269 : 883 275 9 34 0
270 : 926 594 14 20 0
271 : 291 349 37 85 1
272 : 477 370 22 89 1
273 : 756 471 16 2 1
274 : 200 594 26 32 0
275 : 735 222 16 3 0
276 : 319 594 32 16 1
277 : 841 401 69 40 1
278 : 523 550 31 45 1
279 : 789 275 34 94 1
280 : 0 401 90 45 0
281 : 825 550 43 14 1
282 : 575 225 78 109 1
283 : 905 183 26 1 1
284 : 135 487 32 66 1
285 : 184 544 5 16 1
286 : 480 129 30 5 0
287 : 815 594 23 13 1
288 : 925 469 16 67 1
289 : 784 169 109 14 0
290 : 584 401 72 25 1
291 : 828 616 12 18 1
292 : 59 51 6 44 1
293 : 598 214 32 9 0
294 : 234 569 10 24 0
295 : 997 294 26 3 1
296 : 569 362 25 86 1
297 : 269 221 4 95 1
298 : 332 487 65 47 0
299 : 603 487 60 31 1
300 : 653 572 5 22 0
301 : 461 393 16 6 0
302 : 784 209 11 103 1
303 : 839 591 3 32 1
304 : 402 135 131 44 0
305 : 62 474 27 9 0
306 : 726 484 3 2 1
307 : 201 518 49 29 0
308 : 99 244 56 12 1
309 : 927 342 4 47 0
310 : 784 183 26 105 1
311 : 661 389 86 10 0
312 : 575 315 5 101 1
313 : 967 0 57 22 1
314 : 645 387 14 14 0
315 : 354 225 61 111 1
316 : 958 487 50 41 1
317 : 999 487 50 1 1
318 : 880 309 13 4 0
319 : 526 548 2 39 1
320 : 824 54 2 100 1
321 : 0 630 18 18 0
322 : 135 519 49 30 0
323 : 776 41 48 6 0
324 : 102 320 95 62 0
325 : 999 57 68 1 1
326 : 661 348 41 87 1
327 : 620 484 10 3 0
328 : 630 41 8 146 1
329 : 768 300 21 15 0
330 : 340 550 47 13 0
331 : 608 574 14 5 1
332 : 381 542 12 8 0
333 : 381 534 14 4 0
334 : 728 550 23 44 0
335 : 134 594 33 13 1
336 : 525 478 29 8 0
337 : 428 51 130 5 0
338 : 449 286 15 33 0
339 : 387 550 22 46 1
340 : 0 332 69 86 1
341 : 61 130 61 4 0
342 : 958 548 2 38 1
343 : 0 57 39 186 1
344 : 116 292 8 4 1
345 : 121 225 119 86 0
346 : 197 550 48 19 0
347 : 449 478 22 9 0
348 : 555 484 65 3 0
349 : 987 318 10 2 0
350 : 461 487 33 63 0
351 : 447 520 28 14 1
352 : 67 446 23 28 0
353 : 568 574 40 14 0
354 : 629 10 43 1 1
355 : 443 624 6 18 1
356 : 925 550 29 40 0
357 : 652 213 1 9 1
358 : 173 397 4 24 1
359 : 537 307 38 9 0
360 : 478 550 34 45 1
361 : 684 242 99 58 0
362 : 783 242 4 58 0
363 : 778 36 42 5 0
364 : 0 446 67 28 0
365 : 568 54 41 3 0
366 : 755 214 11 19 1
367 : 847 487 55 22 1
368 : 850 594 14 22 0
369 : 795 545 17 5 0
370 : 387 586 8 40 1
371 : 523 581 9 40 1
372 : 898 183 7 26 0
373 : 0 487 68 29 0
374 : 563 581 4 13 0
375 : 320 401 33 80 0
376 : 281 483 35 3 0
377 : 442 401 77 29 1
378 : 601 594 26 18 1
379 : 162 36 5 61 1
380 : 906 135 86 94 1
381 : 784 220 42 5 0
382 : 354 57 66 160 1
383 : 471 477 31 9 0
384 : 566 487 37 60 0
385 : 640 108 10 22 0
386 : 897 594 15 20 0
387 : 808 550 43 17 1
388 : 613 550 45 22 0
389 : 744 487 52 58 0
390 : 478 584 40 10 0
391 : 752 594 24 16 1
392 : 784 147 112 22 0
393 : 828 594 22 22 0
394 : 659 387 2 12 0
395 : 715 214 10 20 1
396 : 666 594 25 22 1
397 : 0 41 10 150 1
398 : 149 590 4 33 1
399 : 789 225 50 104 1
400 : 982 550 40 15 1
401 : 790 57 53 137 1
402 : 525 474 4 30 1
403 : 814 487 56 33 1
404 : 494 487 32 63 0
405 : 398 193 4 14 0
406 : 514 67 134 41 0
407 : 878 594 19 20 0
408 : 606 588 5 7 1
409 : 869 487 28 54 0
410 : 899 169 14 5 1
411 : 916 546 42 4 0
412 : 245 566 36 15 0
413 : 893 297 94 23 0
414 : 76 594 34 23 1
415 : 751 222 3 4 1
416 : 376 349 50 8 1
417 : 697 562 32 4 1
418 : 548 487 18 61 0
419 : 630 49 58 7 0
420 : 630 223 24 2 0
421 : 502 401 23 75 0
422 : 782 214 11 2 1
423 : 0 36 162 5 0
424 : 684 300 84 20 0
425 : 465 225 110 67 0
426 : 556 620 10 9 0
427 : 316 483 3 4 1
428 : 728 471 28 15 0
429 : 912 594 14 20 0
430 : 997 550 3 38 0
431 : 465 292 15 100 1
432 : 537 621 18 7 0
433 : 958 543 5 42 1
434 : 471 401 76 31 1
435 : 0 28 8 170 1
436 : 768 315 21 5 0
437 : 744 545 5 51 1
438 : 517 179 13 45 0
439 : 335 594 14 32 0
440 : 619 594 25 24 1
441 : 927 57 78 61 1
442 : 558 51 9 4 0
443 : 575 303 12 101 1
444 : 654 224 21 1 0
445 : 0 135 135 21 0
446 : 461 624 6 4 1
447 : 954 550 28 40 0
448 : 135 135 134 90 0
449 : 100 550 49 17 0
450 : 149 550 40 48 1
451 : 397 487 33 64 1
452 : 247 401 34 83 0
453 : 998 320 2 80 0
454 : 354 308 95 12 0
455 : 556 594 26 26 0
456 : 100 567 26 37 1
457 : 533 214 33 11 0
458 : 794 594 23 21 1
459 : 353 480 7 29 1
460 : 675 214 11 20 1
461 : 668 471 13 60 1
462 : 103 223 2 1 0
463 : 387 572 40 14 0
464 : 443 594 30 22 1
465 : 568 550 24 45 1
466 : 427 572 6 22 0
467 : 201 487 66 31 0
468 : 989 51 9 6 0
469 : 568 10 44 61 1
470 : 844 400 1 59 1
471 : 935 320 24 81 0
472 : 582 594 19 26 0
473 : 0 225 19 121 1
474 : 778 13 46 23 0
475 : 320 481 6 31 1
476 : 748 348 5 41 0
477 : 794 617 12 18 1
478 : 291 386 15 85 1
479 : 541 392 5 28 1
480 : 90 401 86 87 1
481 : 245 581 36 12 0
482 : 477 392 64 7 0
483 : 820 36 5 4 1
484 : 50 516 34 18 1
485 : 105 212 30 10 0
486 : 630 0 194 13 0
487 : 433 588 38 6 0
488 : 196 590 1 4 0
489 : 790 133 106 2 0
490 : 695 214 11 20 1
491 : 880 313 4 12 1
492 : 896 147 22 10 1
493 : 533 135 70 128 1
494 : 569 387 14 76 1
495 : 931 342 4 31 0
496 : 75 318 2 4 1
497 : 86 332 69 16 1
498 : 51 550 20 49 1
499 : 787 242 2 50 0
