300 195
0 : 97 192 2 3 1
1 : 107 137 18 12 0
2 : 90 181 14 5 0
3 : 294 124 11 6 1
4 : 125 137 12 16 1
5 : 52 175 6 44 1
6 : 55 192 2 10 1
7 : 197 190 2 23 1
8 : 0 175 52 6 0
9 : 0 137 12 39 1
10 : 159 168 7 26 1
11 : 83 149 10 13 1
12 : 161 186 19 3 0
13 : 212 124 59 12 0
14 : 16 192 2 14 1
15 : 292 181 8 4 0
16 : 0 0 39 39 0
17 : 111 110 14 24 1
18 : 24 91 20 19 0
19 : 128 186 4 4 0
20 : 217 110 18 14 0
21 : 271 124 12 23 1
22 : 77 137 30 12 0
23 : 297 192 1 2 1
24 : 44 192 2 11 1
25 : 241 175 5 26 1
26 : 33 159 9 16 1
27 : 157 0 65 32 0
28 : 280 68 23 19 1
29 : 22 181 5 19 1
30 : 289 39 10 14 0
31 : 259 168 6 30 1
32 : 233 192 31 1 0
33 : 60 181 16 5 0
34 : 96 175 26 6 0
35 : 224 186 8 3 0
36 : 210 168 7 15 1
37 : 103 192 2 2 0
38 : 299 39 1 24 0
39 : 108 149 9 50 1
40 : 73 192 7 2 0
41 : 178 110 20 14 0
42 : 122 175 22 6 0
43 : 251 186 3 4 0
44 : 89 192 2 4 1
45 : 298 168 7 2 1
46 : 108 68 22 48 1
47 : 148 39 67 26 0
48 : 184 68 22 23 0
49 : 42 110 39 14 0
50 : 271 159 7 29 1
51 : 252 110 13 45 1
52 : 220 190 22 2 0
53 : 76 181 14 5 0
54 : 226 68 19 29 1
55 : 65 192 8 2 0
56 : 0 68 46 23 0
57 : 260 149 22 9 0
58 : 225 168 7 14 1
59 : 200 192 1 33 1
60 : 235 149 25 9 0
61 : 29 186 13 4 0
62 : 260 39 23 29 1
63 : 266 137 11 31 1
64 : 297 110 14 3 1
65 : 41 194 1 2 1
66 : 185 168 7 25 1
67 : 131 168 28 7 0
68 : 206 68 20 22 0
69 : 277 181 15 4 0
70 : 174 181 4 25 1
71 : 78 186 9 4 0
72 : 189 91 23 16 0
73 : 198 110 14 19 1
74 : 49 149 10 34 1
75 : 75 159 9 9 0
76 : 93 192 2 4 1
77 : 0 168 103 7 0
78 : 254 186 4 3 1
79 : 198 137 11 37 1
80 : 208 186 8 3 0
81 : 148 181 4 26 1
82 : 30 192 14 2 0
83 : 188 159 8 15 1
84 : 61 124 13 44 1
85 : 260 186 40 2 0
86 : 39 137 12 38 1
87 : 105 124 39 13 0
88 : 296 91 4 16 0
89 : 98 190 2 37 1
90 : 257 186 4 3 1
91 : 162 175 6 9 1
92 : 42 186 13 4 0
93 : 171 137 12 15 1
94 : 242 190 22 2 0
95 : 239 168 7 13 1
96 : 144 124 13 35 1
97 : 0 39 29 48 1
98 : 288 192 9 1 0
99 : 297 0 30 3 1
100 : 235 137 11 31 1
101 : 264 190 21 2 0
102 : 124 186 4 4 0
103 : 299 68 14 1 1
104 : 22 194 1 9 1
105 : 63 159 9 12 1
106 : 58 190 2 40 1
107 : 44 91 22 18 0
108 : 140 159 8 17 1
109 : 0 194 13 1 0
110 : 156 68 22 28 1
111 : 84 159 8 36 1
112 : 239 186 3 7 1
113 : 212 91 18 15 1
114 : 157 110 14 21 1
115 : 215 39 24 45 1
116 : 85 192 4 2 0
117 : 135 110 22 14 0
118 : 105 192 95 1 0
119 : 80 39 26 68 1
120 : 0 186 15 4 0
121 : 104 181 5 7 1
122 : 111 0 46 38 0
123 : 37 194 4 1 0
124 : 119 186 4 5 1
125 : 0 190 58 2 0
126 : 217 159 14 8 0
127 : 125 91 17 47 1
128 : 227 91 15 15 0
129 : 144 175 6 18 1
130 : 0 159 9 17 1
131 : 0 192 16 2 0
132 : 289 168 9 6 0
133 : 252 168 7 7 0
134 : 15 186 14 4 0
135 : 267 175 5 22 1
136 : 141 137 12 15 1
137 : 289 175 11 5 0
138 : 49 159 9 14 1
139 : 179 124 33 13 0
140 : 96 186 8 4 0
141 : 103 168 28 7 0
142 : 66 91 17 59 1
143 : 111 181 4 37 1
144 : 13 194 9 1 0
145 : 171 175 6 9 1
146 : 120 159 20 8 0
147 : 264 192 24 1 0
148 : 242 91 14 54 1
149 : 0 149 49 10 0
150 : 203 159 14 8 0
151 : 282 149 9 18 1
152 : 112 186 4 7 1
153 : 17 159 9 16 1
154 : 272 0 25 37 0
155 : 48 39 32 29 0
156 : 104 186 8 4 0
157 : 285 190 2 15 1
158 : 180 175 61 5 0
159 : 199 181 4 22 1
160 : 173 159 8 15 1
161 : 255 68 19 25 1
162 : 221 181 4 21 1
163 : 41 181 5 19 1
164 : 0 91 19 24 1
165 : 235 110 14 17 1
166 : 232 186 7 3 0
167 : 132 186 29 3 0
168 : 262 181 15 4 0
169 : 96 149 10 12 1
170 : 158 149 43 9 0
171 : 180 186 14 3 0
172 : 100 192 2 3 1
173 : 242 181 20 4 0
174 : 46 68 22 62 1
175 : 172 91 17 17 0
176 : 171 190 26 2 0
177 : 156 137 15 12 0
178 : 135 190 2 36 1
179 : 222 0 32 50 1
180 : 0 181 5 22 1
181 : 157 159 16 8 0
182 : 81 110 14 30 1
183 : 80 192 5 2 0
184 : 299 192 1 2 0
185 : 216 186 8 3 0
186 : 241 159 30 7 0
187 : 87 186 4 9 1
188 : 297 137 9 3 1
189 : 194 186 14 3 0
190 : 0 110 42 14 0
191 : 201 149 34 9 0
192 : 67 186 4 11 1
193 : 39 0 38 72 1
194 : 31 194 6 1 0
195 : 246 186 3 5 1
196 : 231 159 10 8 0
197 : 186 137 12 12 0
198 : 55 186 4 12 1
199 : 0 124 13 61 1
