300 221
0 : 148 22 2 3 1
1 : 90 144 18 12 1
2 : 256 112 14 5 1
3 : 197 135 11 6 0
4 : 226 144 12 16 0
5 : 256 0 6 44 1
6 : 232 99 2 10 0
7 : 276 16 2 23 1
8 : 103 1 52 6 0
9 : 226 50 12 39 1
10 : 206 105 7 26 1
11 : 166 163 10 13 0
12 : 277 84 19 3 0
13 : 122 7 59 12 0
14 : 224 64 2 14 0
15 : 147 134 8 4 1
16 : 74 182 39 39 0
17 : 214 112 14 24 0
18 : 281 144 20 19 1
19 : 175 176 4 4 0
20 : 267 144 18 14 1
21 : 197 112 12 23 0
22 : 270 88 30 12 0
23 : 47 22 1 2 0
24 : 36 22 2 11 1
25 : 194 82 5 26 1
26 : 291 128 9 16 0
27 : 72 50 65 32 0
28 : 248 144 23 19 1
29 : 72 82 5 19 1
30 : 238 144 10 14 0
31 : 226 62 6 30 1
32 : 256 6 31 1 0
33 : 209 112 16 5 1
34 : 206 99 26 6 0
35 : 292 107 8 3 0
36 : 261 129 7 15 0
37 : 249 43 2 2 0
38 : 227 48 1 24 1
39 : 240 7 9 50 1
40 : 219 80 7 2 0
41 : 76 144 20 14 1
42 : 133 103 22 6 0
43 : 177 19 3 4 0
44 : 195 1 2 4 0
45 : 219 78 7 2 0
46 : 39 88 22 48 1
47 : 68 24 67 26 0
48 : 52 182 22 23 0
49 : 184 64 39 14 0
50 : 137 78 7 29 1
51 : 251 24 13 45 1
52 : 276 20 22 2 0
53 : 269 112 14 5 1
54 : 228 112 19 29 0
55 : 296 80 8 2 1
56 : 87 88 46 23 0
57 : 143 112 22 9 1
58 : 214 136 7 14 1
59 : 198 6 1 33 1
60 : 0 101 25 9 0
61 : 296 24 13 4 1
62 : 121 144 23 29 0
63 : 0 112 11 31 1
64 : 25 104 14 3 0
65 : 299 16 1 2 0
66 : 270 100 7 25 1
67 : 133 88 28 7 0
68 : 32 182 20 22 0
69 : 91 20 15 4 0
70 : 194 78 4 25 1
71 : 128 82 9 4 0
72 : 60 144 23 16 1
73 : 166 144 14 19 0
74 : 286 50 10 34 0
75 : 102 169 9 9 0
76 : 147 142 2 4 1
77 : 0 0 103 7 0
78 : 220 82 4 3 0
79 : 137 67 11 37 1
80 : 153 99 8 3 0
81 : 151 19 4 26 1
82 : 296 66 14 2 1
83 : 282 129 8 15 0
84 : 251 37 13 44 1
85 : 155 1 40 2 0
86 : 265 50 12 38 0
87 : 0 88 39 13 0
88 : 296 50 4 16 0
89 : 155 5 2 37 1
90 : 156 140 4 3 0
91 : 259 101 6 9 0
92 : 261 75 13 4 1
93 : 46 165 12 15 0
94 : 276 18 22 2 0
95 : 256 62 7 13 0
96 : 226 75 13 35 1
97 : 31 112 29 48 1
98 : 291 23 9 1 0
99 : 197 47 30 3 0
100 : 206 88 11 31 1
101 : 235 2 21 2 0
102 : 155 103 4 4 0
103 : 223 64 14 1 1
104 : 299 37 1 9 0
105 : 49 12 9 12 0
106 : 155 3 2 40 1
107 : 208 144 22 18 1
108 : 261 112 8 17 0
109 : 287 6 13 1 0
110 : 144 144 22 28 0
111 : 240 16 8 36 1
112 : 154 95 3 7 1
113 : 208 166 18 15 0
114 : 46 144 14 21 0
115 : 161 88 24 45 1
116 : 298 18 4 2 1
117 : 0 123 22 14 0
118 : 103 0 95 1 0
119 : 0 24 26 68 1
120 : 61 20 15 4 0
121 : 265 101 5 7 0
122 : 0 144 46 38 0
123 : 295 49 4 1 0
124 : 265 108 4 5 1
125 : 198 0 58 2 0
126 : 22 123 14 8 1
127 : 137 50 17 47 1
128 : 113 182 15 15 0
129 : 110 82 6 18 1
130 : 282 112 9 17 0
131 : 235 4 16 2 0
132 : 174 67 9 6 0
133 : 111 169 7 7 0
134 : 25 107 14 4 0
135 : 237 106 5 22 1
136 : 76 164 12 15 0
137 : 240 38 11 5 0
138 : 199 144 9 14 0
139 : 237 88 33 13 0
140 : 290 11 8 4 0
141 : 166 78 28 7 0
142 : 181 7 17 59 1
143 : 198 2 4 37 1
144 : 291 22 9 1 0
145 : 166 176 6 9 1
146 : 152 112 20 8 1
147 : 227 47 24 1 0
148 : 197 24 14 54 1
149 : 0 12 49 10 0
150 : 247 130 14 8 1
151 : 247 112 9 18 0
152 : 174 73 4 7 1
153 : 291 112 9 16 0
154 : 160 112 25 37 1
155 : 0 182 32 29 0
156 : 290 7 8 4 0
157 : 276 22 2 15 1
158 : 0 7 61 5 0
159 : 270 107 4 22 1
160 : 274 128 8 15 0
161 : 102 144 19 25 0
162 : 133 95 4 21 1
163 : 91 82 5 19 1
164 : 180 144 19 24 0
165 : 180 168 14 17 1
166 : 295 100 7 3 1
167 : 122 19 29 3 0
168 : 76 20 15 4 0
169 : 90 162 10 12 0
170 : 197 38 43 9 0
171 : 106 20 14 3 0
172 : 232 109 2 3 0
173 : 133 99 20 4 0
174 : 135 24 22 62 1
175 : 281 164 17 17 0
176 : 122 22 26 2 0
177 : 60 167 15 12 0
178 : 0 22 2 36 1
179 : 79 112 32 50 1
180 : 237 101 5 22 1
181 : 274 112 16 8 1
182 : 129 112 14 30 0
183 : 251 4 5 2 0
184 : 120 20 1 2 0
185 : 156 132 8 3 1
186 : 226 68 30 7 0
187 : 143 134 4 9 0
188 : 240 43 9 3 0
189 : 25 101 14 3 0
190 : 184 50 42 14 0
191 : 277 50 34 9 1
192 : 152 132 4 11 0
193 : 0 50 38 72 1
194 : 208 135 6 1 1
195 : 181 73 3 5 0
196 : 90 174 10 8 0
197 : 248 167 12 12 0
198 : 295 37 4 12 0
199 : 61 7 13 61 1
