1000 658
0 : 271 634 94 6 0
1 : 999 484 22 1 1
2 : 939 458 25 23 1
3 : 667 655 2 13 1
4 : 943 634 7 6 1
5 : 279 547 16 133 1
6 : 831 579 37 13 0
7 : 898 232 42 91 1
8 : 32 634 32 7 0
9 : 996 232 4 53 0
10 : 232 616 27 10 0
11 : 618 547 57 16 0
12 : 595 655 32 2 0
13 : 719 655 2 3 1
14 : 171 399 31 41 1
15 : 999 506 22 1 1
16 : 851 655 1 103 1
17 : 151 651 4 4 0
18 : 897 616 7 62 1
19 : 748 641 41 5 0
20 : 241 528 24 19 0
21 : 942 171 50 59 0
22 : 958 95 69 42 1
23 : 738 95 67 63 1
24 : 0 95 168 76 0
25 : 54 528 19 52 1
26 : 954 655 1 2 1
27 : 611 399 29 79 1
28 : 736 651 31 3 0
29 : 574 528 18 58 1
30 : 995 528 5 18 0
31 : 836 458 23 41 1
32 : 155 651 3 69 1
33 : 888 616 9 10 0
34 : 238 484 112 22 0
35 : 263 605 11 19 1
36 : 498 171 202 57 0
37 : 219 579 14 24 1
38 : 189 171 60 77 1
39 : 347 651 48 3 0
40 : 271 458 40 25 0
41 : 42 651 4 14 1
42 : 792 506 37 20 0
43 : 863 430 69 26 0
44 : 627 430 28 29 1
45 : 247 547 17 32 1
46 : 386 616 9 119 1
47 : 740 646 40 4 0
48 : 229 564 15 61 1
49 : 675 547 48 16 0
50 : 942 564 14 55 1
51 : 976 528 15 19 1
52 : 829 326 34 113 1
53 : 539 0 94 81 1
54 : 290 564 53 15 0
55 : 553 626 8 31 1
56 : 341 657 1 14 1
57 : 725 326 36 36 0
58 : 364 657 1 1 0
59 : 671 651 3 33 1
60 : 61 646 12 5 0
61 : 982 593 12 11 0
62 : 816 616 24 9 0
63 : 829 506 20 32 1
64 : 276 326 82 39 0
65 : 533 506 21 72 1
66 : 746 634 34 6 0
67 : 407 626 56 8 0
68 : 603 564 25 15 0
69 : 255 655 66 2 0
70 : 365 528 18 79 1
71 : 942 326 29 39 0
72 : 274 285 41 115 1
73 : 167 634 104 6 0
74 : 184 458 44 25 0
75 : 669 564 15 18 1
76 : 989 232 49 7 1
77 : 462 484 22 95 1
78 : 935 634 8 6 0
79 : 959 616 7 38 1
80 : 952 605 7 42 1
81 : 299 232 49 116 1
82 : 476 285 69 41 0
83 : 444 528 69 18 0
84 : 572 641 5 50 1
85 : 962 458 23 24 0
86 : 316 626 91 8 0
87 : 0 365 34 83 1
88 : 727 626 9 8 0
89 : 901 579 13 33 1
90 : 191 605 32 11 0
91 : 985 458 9 26 0
92 : 817 651 22 3 0
93 : 327 579 18 14 0
94 : 799 171 143 54 0
95 : 266 171 133 58 0
96 : 506 564 15 36 1
97 : 634 634 6 38 1
98 : 251 646 71 4 0
99 : 117 651 9 4 0
100 : 710 528 17 125 1
101 : 153 634 7 14 1
102 : 680 626 8 17 1
103 : 964 430 26 32 1
104 : 977 547 17 12 0
105 : 517 399 29 94 1
106 : 345 579 14 14 0
107 : 798 484 22 59 1
108 : 180 655 75 2 0
109 : 327 616 10 21 1
110 : 603 646 48 4 0
111 : 982 506 17 22 0
112 : 905 593 77 11 0
113 : 186 326 90 39 0
114 : 804 605 126 10 0
115 : 912 646 27 4 0
116 : 976 365 32 24 1
117 : 68 605 11 51 1
118 : 412 547 70 16 0
119 : 656 430 70 27 0
120 : 222 506 22 25 1
121 : 555 646 4 48 1
122 : 73 646 5 8 1
123 : 301 605 11 12 1
124 : 638 651 3 33 1
125 : 957 528 19 16 0
126 : 806 232 42 92 1
127 : 0 430 28 226 1
128 : 272 506 22 23 1
129 : 941 605 11 8 0
130 : 343 564 49 15 0
131 : 997 326 3 39 0
132 : 594 365 94 32 0
133 : 768 285 68 40 0
134 : 975 651 4 1 0
135 : 123 579 36 14 0
136 : 994 605 10 6 1
137 : 265 579 22 14 0
138 : 866 626 67 7 0
139 : 452 506 21 81 1
140 : 226 430 28 148 1
141 : 678 326 36 47 1
142 : 737 484 22 61 1
143 : 505 616 62 9 0
144 : 949 634 5 22 1
145 : 0 0 95 114 1
146 : 285 528 18 80 1
147 : 168 564 61 15 0
148 : 560 655 35 2 0
149 : 997 564 3 15 0
150 : 393 641 5 67 1
151 : 567 616 47 9 0
152 : 105 547 50 17 0
153 : 311 458 32 25 0
154 : 981 646 4 14 1
155 : 613 626 24 8 0
156 : 0 593 122 12 0
157 : 212 399 123 30 0
158 : 994 593 6 12 0
159 : 321 655 2 59 1
160 : 374 430 92 28 0
161 : 380 655 53 2 0
162 : 608 593 12 20 1
163 : 0 285 41 140 1
164 : 811 634 29 6 0
165 : 429 326 59 38 0
166 : 934 579 32 13 0
167 : 432 564 15 38 1
168 : 628 593 18 12 0
169 : 565 651 3 38 1
170 : 457 399 31 30 1
171 : 289 651 58 3 0
172 : 949 641 5 25 1
173 : 0 634 32 7 0
174 : 228 458 25 43 1
175 : 989 0 11 72 0
176 : 963 646 4 18 1
177 : 840 634 23 6 0
178 : 926 634 9 6 0
179 : 358 326 71 38 0
180 : 313 605 10 202 1
181 : 28 651 14 4 0
182 : 994 458 5 21 0
183 : 193 506 29 22 0
184 : 592 634 42 6 0
185 : 761 326 35 68 1
186 : 978 285 40 20 1
187 : 441 634 59 6 0
188 : 0 605 11 68 1
189 : 793 651 24 3 0
190 : 441 651 3 45 1
191 : 860 365 40 32 0
192 : 164 506 29 22 0
193 : 872 564 14 70 1
194 : 325 657 1 16 1
195 : 166 365 50 34 0
196 : 365 634 6 76 1
197 : 91 506 22 40 1
198 : 176 646 75 4 0
199 : 999 579 1 14 0
200 : 383 646 61 4 0
201 : 930 605 9 11 1
202 : 835 528 122 17 0
203 : 700 171 99 56 0
204 : 595 285 40 104 1
205 : 697 593 11 105 1
206 : 476 593 45 12 0
207 : 726 430 32 27 0
208 : 307 657 1 18 1
209 : 56 651 14 4 0
210 : 736 626 130 7 0
211 : 137 634 16 7 0
212 : 713 655 2 6 1
213 : 395 651 3 46 1
214 : 122 593 102 12 0
215 : 296 95 86 70 0
216 : 682 593 15 12 0
217 : 665 605 10 139 1
218 : 488 326 38 45 1
219 : 660 626 8 20 1
220 : 718 626 9 8 0
221 : 584 593 24 12 0
222 : 557 484 22 91 1
223 : 0 484 22 126 1
224 : 817 365 43 32 0
225 : 126 484 112 22 0
226 : 335 399 73 30 0
227 : 487 399 31 30 1
228 : 154 528 34 19 0
229 : 134 651 7 4 0
230 : 710 634 36 6 0
231 : 0 547 17 105 1
232 : 862 616 17 9 0
233 : 469 458 32 24 0
234 : 830 641 33 5 0
235 : 694 458 52 23 0
236 : 637 626 8 23 1
237 : 997 626 8 2 1
238 : 86 616 10 76 1
239 : 341 365 70 33 0
240 : 131 506 33 22 0
241 : 689 579 13 50 1
242 : 605 506 21 31 1
243 : 188 528 19 27 1
244 : 964 547 17 13 1
245 : 147 651 4 4 0
246 : 780 646 4 37 1
247 : 85 564 15 83 1
248 : 0 564 85 15 0
249 : 939 0 50 92 0
250 : 68 657 66 1 0
251 : 866 0 92 73 1
252 : 119 605 11 39 1
253 : 996 430 4 28 0
254 : 989 579 10 14 0
255 : 896 95 62 65 0
256 : 567 579 62 13 0
257 : 921 641 28 5 0
258 : 502 646 53 4 0
259 : 620 0 78 137 1
260 : 557 593 12 27 1
261 : 368 616 18 10 0
262 : 0 528 19 54 1
263 : 903 634 14 6 0
264 : 995 646 5 4 0
265 : 725 655 126 1 0
266 : 762 232 44 51 0
267 : 709 626 9 8 0
268 : 767 399 72 29 0
269 : 692 616 9 34 1
270 : 287 579 14 20 1
271 : 533 326 37 85 1
272 : 648 484 22 89 1
273 : 651 655 16 2 0
274 : 932 430 26 32 1
275 : 839 651 16 3 0
276 : 723 547 32 16 0
277 : 699 285 69 40 0
278 : 126 399 31 45 1
279 : 884 285 34 94 1
280 : 480 232 90 45 0
281 : 0 579 43 14 0
282 : 757 0 78 109 1
283 : 999 458 26 1 1
284 : 688 365 32 66 1
285 : 17 646 5 16 1
286 : 863 641 30 5 0
287 : 966 579 23 13 0
288 : 551 547 16 67 1
289 : 687 564 109 14 0
290 : 112 458 72 25 0
291 : 664 593 12 18 1
292 : 548 634 6 44 1
293 : 726 616 32 9 0
294 : 259 616 10 24 1
295 : 767 651 26 3 0
296 : 26 458 25 86 1
297 : 81 646 4 95 1
298 : 415 232 65 47 0
299 : 66 399 60 31 0
300 : 974 641 5 22 1
301 : 994 547 16 6 1
302 : 802 593 11 103 1
303 : 704 651 3 32 1
304 : 570 232 131 44 0
305 : 789 616 27 9 0
306 : 722 655 3 2 0
307 : 907 399 49 29 0
308 : 420 593 56 12 0
309 : 651 646 4 47 1
310 : 758 430 26 105 1
311 : 0 616 86 10 0
312 : 292 641 5 101 1
313 : 857 484 57 22 0
314 : 359 579 14 14 0
315 : 0 171 61 111 1
316 : 545 285 50 41 0
317 : 193 657 50 1 0
318 : 70 651 13 4 0
319 : 483 655 2 39 1
320 : 0 655 2 100 1
321 : 692 528 18 18 0
322 : 408 399 49 30 0
323 : 500 634 48 6 0
324 : 801 95 95 62 0
325 : 0 657 68 1 0
326 : 389 285 41 87 1
327 : 997 616 10 3 1
328 : 170 626 8 146 1
329 : 628 564 21 15 0
330 : 739 579 47 13 0
331 : 47 646 14 5 0
332 : 697 626 12 8 0
333 : 14 651 14 4 0
334 : 792 458 23 44 1
335 : 868 579 33 13 0
336 : 584 626 29 8 0
337 : 162 641 130 5 0
338 : 542 564 15 33 1
339 : 0 506 22 46 1
340 : 382 95 69 86 1
341 : 322 646 61 4 0
342 : 522 655 2 38 1
343 : 0 326 39 186 1
344 : 126 651 8 4 0
345 : 248 0 119 86 0
346 : 106 528 48 19 0
347 : 840 616 22 9 0
348 : 224 651 65 3 0
349 : 703 655 10 2 0
350 : 475 365 33 63 1
351 : 191 579 28 14 0
352 : 911 458 23 28 1
353 : 83 579 40 14 0
354 : 243 657 43 1 0
355 : 885 634 6 18 1
356 : 956 399 29 40 1
357 : 355 657 1 9 1
358 : 939 646 4 24 1
359 : 654 616 38 9 0
360 : 216 365 34 45 1
361 : 399 171 99 58 0
362 : 444 646 4 58 1
363 : 622 641 42 5 0
364 : 466 430 67 28 0
365 : 486 651 41 3 0
366 : 282 605 11 19 1
367 : 914 484 55 22 0
368 : 243 579 14 22 1
369 : 0 646 17 5 0
370 : 513 626 8 40 1
371 : 614 616 9 40 1
372 : 93 634 7 26 1
373 : 839 399 68 29 0
374 : 83 651 4 13 1
375 : 261 365 33 80 1
376 : 603 651 35 3 0
377 : 690 399 77 29 0
378 : 666 528 26 18 0
379 : 460 641 5 61 1
380 : 367 0 86 94 0
381 : 706 641 42 5 0
382 : 578 95 66 160 1
383 : 758 616 31 9 0
384 : 618 326 37 60 1
385 : 283 616 10 22 1
386 : 649 564 15 20 1
387 : 204 547 43 17 0
388 : 46 506 45 22 0
389 : 137 232 52 58 1
390 : 162 616 40 10 0
391 : 755 547 24 16 0
392 : 350 484 112 22 0
393 : 295 506 22 22 0
394 : 680 655 2 12 1
395 : 348 616 10 20 1
396 : 247 506 25 22 0
397 : 515 605 10 150 1
398 : 817 646 4 33 1
399 : 195 232 50 104 1
400 : 392 564 40 15 0
401 : 0 232 53 137 1
402 : 882 646 4 30 1
403 : 538 365 56 33 0
404 : 754 365 32 63 1
405 : 0 651 4 14 1
406 : 140 285 134 41 0
407 : 265 528 19 20 1
408 : 992 634 5 7 1
409 : 533 430 28 54 1
410 : 33 646 14 5 0
411 : 698 646 42 4 0
412 : 470 564 36 15 0
413 : 525 458 94 23 0
414 : 877 458 34 23 0
415 : 858 651 3 4 0
416 : 463 626 50 8 0
417 : 850 646 32 4 0
418 : 513 528 18 61 1
419 : 992 171 58 7 1
420 : 627 655 24 2 0
421 : 619 458 23 75 1
422 : 692 655 11 2 0
423 : 0 641 162 5 0
424 : 659 506 84 20 0
425 : 468 95 110 67 0
426 : 879 616 10 9 1
427 : 855 651 3 4 0
428 : 575 564 28 15 0
429 : 307 579 14 20 1
430 : 527 651 3 38 1
431 : 779 547 15 100 1
432 : 119 634 18 7 0
433 : 664 641 5 42 1
434 : 900 365 76 31 0
435 : 0 626 8 170 1
436 : 971 634 21 5 0
437 : 521 641 5 51 1
438 : 786 579 13 45 1
439 : 159 579 14 32 1
440 : 501 458 25 24 1
441 : 111 171 78 61 0
442 : 108 651 9 4 0
443 : 224 593 12 101 1
444 : 286 657 21 1 0
445 : 317 506 135 21 0
446 : 141 651 6 4 0
447 : 587 430 28 40 1
448 : 114 0 134 90 0
449 : 155 547 49 17 0
450 : 836 285 40 48 1
451 : 411 365 33 64 1
452 : 83 365 34 83 1
453 : 100 655 2 80 1
454 : 325 593 95 12 0
455 : 0 458 26 26 0
456 : 971 326 26 37 0
457 : 158 605 33 11 0
458 : 636 506 23 21 0
459 : 64 634 7 29 1
460 : 243 605 11 20 1
461 : 629 579 13 60 1
462 : 956 655 2 1 0
463 : 43 579 40 14 0
464 : 969 484 30 22 0
465 : 424 458 24 45 1
466 : 863 634 6 22 1
467 : 0 399 66 31 0
468 : 917 634 9 6 0
469 : 701 232 44 61 1
470 : 134 657 1 59 1
471 : 343 458 24 81 1
472 : 215 528 19 26 1
473 : 861 506 19 121 1
474 : 746 458 46 23 0
475 : 780 634 6 31 1
476 : 789 641 5 41 1
477 : 646 593 12 18 1
478 : 879 547 15 85 1
479 : 893 641 5 28 1
480 : 453 0 86 87 0
481 : 521 593 36 12 0
482 : 933 626 64 7 0
483 : 996 641 5 4 1
484 : 632 528 34 18 0
485 : 202 616 30 10 0
486 : 373 579 194 13 0
487 : 672 634 38 6 0
488 : 971 651 1 4 1
489 : 861 651 106 2 0
490 : 223 605 11 20 1
491 : 96 651 4 12 1
492 : 305 616 22 10 0
493 : 168 95 70 128 1
494 : 796 564 14 76 1
495 : 996 399 4 31 0
496 : 967 651 2 4 1
497 : 482 547 69 16 0
498 : 743 506 20 49 1
499 : 433 655 2 50 1
