300 293
0 : 128 289 2 3 0
1 : 75 224 18 12 0
2 : 243 268 14 5 0
3 : 257 268 11 6 0
4 : 230 224 12 16 1
5 : 249 207 6 44 1
6 : 0 289 2 10 1
7 : 172 277 2 23 1
8 : 193 188 52 6 0
9 : 175 146 12 39 1
10 : 246 224 7 26 1
11 : 26 251 10 13 1
12 : 30 277 19 3 0
13 : 0 123 59 12 0
14 : 158 284 2 14 1
15 : 96 284 8 4 0
16 : 117 38 39 39 0
17 : 169 188 14 24 1
18 : 0 188 20 19 0
19 : 15 289 4 4 0
20 : 0 224 18 14 0
21 : 189 207 12 23 1
22 : 43 188 30 12 0
23 : 146 289 1 2 0
24 : 274 284 2 11 1
25 : 0 251 5 26 1
26 : 216 239 9 16 1
27 : 72 0 65 32 0
28 : 107 168 23 19 0
29 : 65 261 5 19 1
30 : 232 239 10 14 1
31 : 0 239 6 30 1
32 : 112 284 31 1 0
33 : 80 268 16 5 0
34 : 108 239 26 6 0
35 : 210 284 8 3 0
36 : 271 251 7 15 1
37 : 138 289 2 2 0
38 : 250 284 1 24 1
39 : 35 168 9 50 1
40 : 43 289 7 2 0
41 : 169 207 20 14 0
42 : 263 239 22 6 0
43 : 81 289 3 4 0
44 : 122 289 2 4 0
45 : 36 289 7 2 0
46 : 91 77 22 48 1
47 : 0 38 67 26 0
48 : 78 146 22 23 1
49 : 0 146 39 14 0
50 : 123 224 7 29 1
51 : 158 123 13 45 1
52 : 217 277 22 2 0
53 : 229 268 14 5 0
54 : 247 123 19 29 1
55 : 19 289 8 2 0
56 : 45 77 46 23 0
57 : 152 224 22 9 0
58 : 51 261 7 14 1
59 : 39 284 1 33 1
60 : 35 224 25 9 0
61 : 114 277 13 4 0
62 : 59 123 23 29 1
63 : 73 188 11 31 1
64 : 285 277 14 3 0
65 : 144 289 1 2 0
66 : 45 239 7 25 1
67 : 174 224 28 7 0
68 : 85 168 20 22 1
69 : 15 277 15 4 0
70 : 26 261 4 25 1
71 : 14 284 9 4 0
72 : 20 188 23 16 0
73 : 230 207 14 19 1
74 : 135 188 10 34 1
75 : 21 268 9 9 0
76 : 120 289 2 4 0
77 : 162 106 103 7 0
78 : 77 289 4 3 0
79 : 193 168 11 37 1
80 : 202 284 8 3 0
81 : 0 261 4 26 1
82 : 172 284 14 2 0
83 : 69 251 8 15 1
84 : 203 123 13 44 1
85 : 30 268 40 2 0
86 : 214 146 12 38 1
87 : 39 146 39 13 0
88 : 268 268 4 16 1
89 : 156 268 2 37 1
90 : 84 289 4 3 0
91 : 83 277 6 9 1
92 : 101 277 13 4 0
93 : 272 224 12 15 0
94 : 195 277 22 2 0
95 : 198 261 7 13 1
96 : 0 168 13 35 1
97 : 156 38 29 48 1
98 : 102 289 9 1 0
99 : 211 261 30 3 0
100 : 104 188 11 31 1
101 : 264 277 21 2 0
102 : 27 289 4 4 0
103 : 50 289 14 1 0
104 : 93 289 1 9 1
105 : 241 251 9 12 1
106 : 116 268 2 40 1
107 : 230 168 22 18 0
108 : 246 239 8 17 1
109 : 64 289 13 1 0
110 : 88 123 22 28 1
111 : 133 207 8 36 1
112 : 285 284 3 7 1
113 : 212 207 18 15 0
114 : 95 207 14 21 1
115 : 0 77 24 45 1
116 : 124 289 4 2 0
117 : 245 188 22 14 0
118 : 84 261 95 1 0
119 : 137 0 26 68 1
120 : 0 277 15 4 0
121 : 32 284 5 7 1
122 : 205 0 46 38 0
123 : 140 289 4 1 0
124 : 10 289 4 5 1
125 : 111 251 58 2 0
126 : 169 251 14 8 0
127 : 0 106 17 47 1
128 : 60 224 15 15 0
129 : 253 251 6 18 1
130 : 134 239 9 17 1
131 : 80 284 16 2 0
132 : 74 277 9 6 0
133 : 153 277 7 7 0
134 : 49 277 14 4 0
135 : 197 251 5 22 1
136 : 30 239 12 15 1
137 : 63 277 11 5 0
138 : 55 251 9 14 1
139 : 130 168 33 13 0
140 : 104 284 8 4 0
141 : 202 224 28 7 0
142 : 139 77 17 59 1
143 : 151 239 4 37 1
144 : 111 289 9 1 0
145 : 92 277 6 9 1
146 : 88 239 20 8 0
147 : 218 284 24 1 0
148 : 108 106 14 54 1
149 : 101 146 49 10 0
150 : 183 251 14 8 0
151 : 70 239 9 18 1
152 : 186 284 4 7 1
153 : 200 239 9 16 1
154 : 230 77 25 37 1
155 : 198 77 32 29 0
156 : 72 284 8 4 0
157 : 143 284 2 15 1
158 : 34 207 61 5 0
159 : 241 261 4 22 1
160 : 96 251 8 15 1
161 : 150 146 19 25 1
162 : 0 268 4 21 1
163 : 179 261 5 19 1
164 : 252 146 19 24 1
165 : 18 224 14 17 1
166 : 292 284 7 3 0
167 : 263 261 29 3 0
168 : 284 268 15 4 0
169 : 84 251 10 12 1
170 : 252 168 43 9 0
171 : 250 277 14 3 0
172 : 136 289 2 3 0
173 : 96 268 20 4 0
174 : 204 38 22 62 1
175 : 116 207 17 17 0
176 : 127 277 26 2 0
177 : 284 224 15 12 0
178 : 193 268 2 36 1
179 : 67 38 32 50 1
180 : 219 251 5 22 1
181 : 39 251 16 8 0
182 : 163 168 14 30 1
183 : 88 289 5 2 0
184 : 145 289 1 2 0
185 : 242 284 8 3 0
186 : 93 224 30 7 0
187 : 23 284 4 9 1
188 : 193 284 9 3 0
189 : 0 284 14 3 0
190 : 116 123 42 14 0
191 : 0 207 34 9 0
192 : 239 277 4 11 1
193 : 0 0 38 72 1
194 : 130 289 6 1 0
195 : 31 289 3 5 1
196 : 70 268 10 8 0
197 : 188 239 12 12 0
198 : 160 277 4 12 1
199 : 47 106 13 61 1
