100 51
0 : 40 36 4 22 1
1 : 0 44 9 4 0
2 : 45 23 18 10 0
3 : 63 23 19 9 0
4 : 14 44 5 4 0
5 : 68 44 3 3 0
6 : 79 36 4 15 1
7 : 99 44 1 3 0
8 : 40 44 13 3 0
9 : 0 23 13 14 1
10 : 31 48 2 4 1
11 : 0 50 1 14 1
12 : 82 23 8 13 0
13 : 34 50 1 7 1
14 : 14 23 11 16 1
15 : 14 50 11 1 0
16 : 40 48 38 1 0
17 : 94 0 9 5 1
18 : 98 36 2 8 0
19 : 21 48 6 2 0
20 : 27 48 2 4 1
21 : 74 44 2 21 1
22 : 9 44 4 5 1
23 : 62 36 17 4 0
24 : 14 48 7 2 0
25 : 41 50 5 1 0
26 : 23 44 3 17 1
27 : 35 48 2 3 1
28 : 10 36 7 25 1
29 : 71 44 3 3 0
30 : 94 36 4 7 0
31 : 0 36 8 10 1
32 : 62 0 32 15 0
33 : 60 44 5 3 0
34 : 53 44 7 3 0
35 : 0 48 2 14 1
36 : 35 36 5 6 0
37 : 78 48 14 1 0
38 : 90 23 11 8 1
39 : 30 23 15 11 0
40 : 25 50 9 1 0
41 : 99 0 1 17 0
42 : 65 44 3 4 0
43 : 36 0 20 26 1
44 : 98 23 13 2 1
45 : 19 44 4 4 0
46 : 92 48 1 8 1
47 : 0 0 23 36 1
48 : 38 48 2 2 0
49 : 95 44 4 2 0
