1000 1006
0 : 401 873 94 6 0
1 : 657 1000 22 1 0
2 : 338 873 25 23 0
3 : 604 1000 2 13 1
4 : 497 1000 7 6 0
5 : 846 532 16 133 1
6 : 241 897 37 13 0
7 : 205 386 42 91 1
8 : 134 953 32 7 0
9 : 413 953 4 53 1
10 : 398 938 27 10 0
11 : 710 789 57 16 0
12 : 88 1000 32 2 0
13 : 828 1000 2 3 0
14 : 0 729 31 41 1
15 : 635 1000 22 1 0
16 : 175 991 1 103 1
17 : 775 1000 4 4 0
18 : 623 897 7 62 1
19 : 920 953 41 5 0
20 : 447 897 24 19 0
21 : 94 438 50 59 1
22 : 153 438 69 42 0
23 : 466 323 67 63 0
24 : 0 0 168 76 0
25 : 229 789 19 52 1
26 : 832 1000 1 2 0
27 : 267 532 29 79 1
28 : 503 991 31 3 0
29 : 917 760 18 58 1
30 : 554 991 5 18 1
31 : 437 789 23 41 1
32 : 810 953 3 69 1
33 : 544 991 9 10 1
34 : 566 488 112 22 0
35 : 772 953 11 19 1
36 : 302 0 202 57 0
37 : 555 919 14 24 1
38 : 297 323 60 77 1
39 : 37 980 48 3 0
40 : 144 789 40 25 0
41 : 257 1000 4 14 1
42 : 208 847 37 20 0
43 : 702 617 69 26 0
44 : 326 819 28 29 1
45 : 761 873 17 32 1
46 : 676 760 9 119 1
47 : 823 966 40 4 0
48 : 601 789 15 61 1
49 : 925 819 48 16 0
50 : 870 819 14 55 1
51 : 219 938 15 19 1
52 : 92 386 34 113 1
53 : 726 95 94 81 0
54 : 651 819 53 15 0
55 : 668 938 8 31 1
56 : 793 1000 1 14 1
57 : 725 693 36 36 0
58 : 834 1000 1 1 0
59 : 339 991 3 33 1
60 : 130 1000 12 5 0
61 : 286 980 12 11 0
62 : 299 953 24 9 0
63 : 846 847 20 32 1
64 : 596 386 82 39 0
65 : 470 657 21 72 1
66 : 961 953 34 6 0
67 : 471 897 56 8 0
68 : 257 919 25 15 0
69 : 332 980 66 2 0
70 : 80 693 18 79 1
71 : 198 760 29 39 1
72 : 182 323 41 115 1
73 : 0 873 104 6 0
74 : 416 760 44 25 0
75 : 380 938 15 18 1
76 : 468 919 49 7 0
77 : 255 576 22 95 1
78 : 431 1000 8 6 0
79 : 425 938 7 38 1
80 : 73 938 7 42 1
81 : 551 254 49 116 1
82 : 357 438 69 41 0
83 : 307 729 69 18 0
84 : 618 938 5 50 1
85 : 688 873 23 24 0
86 : 337 847 91 8 0
87 : 426 438 34 83 1
88 : 745 991 9 8 0
89 : 793 897 13 33 1
90 : 436 919 32 11 0
91 : 892 938 9 26 1
92 : 66 1000 22 3 0
93 : 600 938 18 14 0
94 : 450 95 143 54 0
95 : 593 95 133 58 0
96 : 874 873 15 36 1
97 : 96 953 6 38 1
98 : 238 938 71 4 0
99 : 521 1000 9 4 0
100 : 0 576 17 125 1
101 : 405 991 7 14 1
102 : 224 980 8 17 1
103 : 262 819 26 32 1
104 : 0 966 17 12 0
105 : 892 438 29 94 1
106 : 188 966 14 14 0
107 : 666 693 22 59 1
108 : 910 966 75 2 0
109 : 751 953 10 21 1
110 : 281 966 48 4 0
111 : 282 919 17 22 1
112 : 136 819 77 11 0
113 : 506 386 90 39 0
114 : 41 729 126 10 0
115 : 0 991 27 4 0
116 : 0 847 32 24 0
117 : 495 873 11 51 1
118 : 277 760 70 16 0
119 : 377 617 70 27 0
120 : 736 873 22 25 1
121 : 329 966 4 48 1
122 : 504 1000 5 8 1
123 : 320 980 11 12 1
124 : 372 991 3 33 1
125 : 891 919 19 16 0
126 : 0 386 42 92 1
127 : 636 181 28 226 1
128 : 969 873 22 23 0
129 : 572 991 11 8 0
130 : 245 847 49 15 0
131 : 793 980 3 39 1
132 : 0 438 94 32 0
133 : 0 488 68 40 0
134 : 831 1000 4 1 1
135 : 101 897 36 14 0
136 : 120 1000 10 6 0
137 : 752 919 22 14 0
138 : 278 897 67 7 0
139 : 0 657 21 81 1
140 : 637 323 28 148 1
141 : 131 657 36 47 1
142 : 605 693 22 61 1
143 : 626 873 62 9 0
144 : 974 980 5 22 1
145 : 504 0 95 114 1
146 : 0 693 18 80 1
147 : 540 789 61 15 0
148 : 828 991 35 2 0
149 : 439 1000 3 15 1
150 : 579 919 5 67 1
151 : 826 897 47 9 0
152 : 86 819 50 17 0
153 : 619 819 32 25 0
154 : 215 1000 4 14 1
155 : 377 966 24 8 0
156 : 841 657 122 12 0
157 : 296 386 123 30 0
158 : 733 991 6 12 1
159 : 734 980 2 59 1
160 : 280 488 92 28 0
161 : 45 991 53 2 0
162 : 872 938 12 20 1
163 : 411 254 41 140 1
164 : 619 966 29 6 0
165 : 397 532 59 38 0
166 : 901 897 32 13 0
167 : 363 873 15 38 1
168 : 377 953 18 12 0
169 : 870 980 3 38 1
170 : 478 789 31 30 0
171 : 561 966 58 3 0
172 : 607 980 5 25 1
173 : 166 953 32 7 0
174 : 566 760 25 43 1
175 : 704 819 11 72 1
176 : 796 991 4 18 1
177 : 201 980 23 6 0
178 : 285 1000 9 6 0
179 : 68 488 71 38 0
180 : 723 576 10 202 1
181 : 201 1000 14 4 0
182 : 98 991 5 21 1
183 : 907 847 29 22 0
184 : 558 938 42 6 0
185 : 902 488 35 68 1
186 : 579 819 40 20 0
187 : 377 919 59 6 0
188 : 140 847 11 68 1
189 : 772 991 24 3 0
190 : 241 980 3 45 1
191 : 761 693 40 32 0
192 : 878 847 29 22 0
193 : 330 789 14 70 1
194 : 747 1000 1 16 1
195 : 81 657 50 34 0
196 : 371 897 6 76 1
197 : 897 789 22 40 1
198 : 910 919 75 4 0
199 : 779 1000 1 14 1
200 : 699 938 61 4 0
201 : 328 991 9 11 1
202 : 485 576 122 17 0
203 : 667 254 99 56 0
204 : 533 323 40 104 1
205 : 872 729 11 105 1
206 : 829 873 45 12 0
207 : 937 789 32 27 0
208 : 729 1000 1 18 1
209 : 229 1000 14 4 0
210 : 767 789 130 7 0
211 : 936 980 16 7 0
212 : 813 1000 2 6 0
213 : 155 980 3 46 1
214 : 376 729 102 12 0
215 : 862 181 86 70 0
216 : 528 966 15 12 0
217 : 253 693 10 139 1
218 : 951 617 38 45 1
219 : 723 966 8 20 1
220 : 763 991 9 8 0
221 : 163 938 24 12 0
222 : 0 617 22 91 1
223 : 592 438 22 126 1
224 : 392 693 43 32 0
225 : 678 488 112 22 0
226 : 593 532 73 30 0
227 : 509 789 31 30 0
228 : 784 847 34 19 0
229 : 571 1000 7 4 0
230 : 341 953 36 6 0
231 : 771 617 17 105 1
232 : 863 966 17 9 0
233 : 32 847 32 24 0
234 : 690 966 33 5 0
235 : 634 729 52 23 0
236 : 479 966 8 23 1
237 : 763 1000 8 2 0
238 : 64 847 10 76 1
239 : 76 532 70 33 0
240 : 428 847 33 22 0
241 : 734 847 13 50 1
242 : 573 847 21 31 1
243 : 910 873 19 27 1
244 : 198 953 17 13 0
245 : 771 1000 4 4 0
246 : 0 980 4 37 1
247 : 224 729 15 83 1
248 : 801 693 85 15 0
249 : 374 323 50 92 1
250 : 0 1000 66 1 0
251 : 544 181 92 73 0
252 : 721 897 11 39 1
253 : 908 980 4 28 1
254 : 85 980 10 14 1
255 : 875 323 62 65 1
256 : 517 819 62 13 0
257 : 99 980 28 5 0
258 : 572 953 53 4 0
259 : 618 0 78 137 1
260 : 646 919 12 27 1
261 : 543 966 18 10 0
262 : 0 789 19 54 1
263 : 600 991 14 6 0
264 : 715 1000 5 4 1
265 : 463 980 126 1 0
266 : 346 532 44 51 1
267 : 754 991 9 8 0
268 : 350 576 72 29 0
269 : 796 919 9 34 1
270 : 329 938 14 20 1
271 : 772 386 37 85 1
272 : 159 617 22 89 1
273 : 545 1000 16 2 0
274 : 294 819 26 32 1
275 : 415 1000 16 3 0
276 : 937 873 32 16 0
277 : 718 438 69 40 0
278 : 208 693 31 45 1
279 : 678 386 34 94 1
280 : 785 323 90 45 0
281 : 185 873 43 14 0
282 : 247 95 78 109 1
283 : 578 1000 26 1 0
284 : 125 576 32 66 1
285 : 614 991 5 16 1
286 : 880 966 30 5 0
287 : 50 938 23 13 0
288 : 609 760 16 67 1
289 : 307 657 109 14 0
290 : 630 617 72 25 0
291 : 395 953 12 18 1
292 : 463 938 6 44 1
293 : 187 938 32 9 0
294 : 848 938 10 24 1
295 : 669 991 26 3 0
296 : 760 532 25 86 1
297 : 142 919 4 95 1
298 : 857 386 65 47 0
299 : 514 617 60 31 0
300 : 952 980 5 22 1
301 : 443 991 16 6 0
302 : 95 760 11 103 1
303 : 471 991 3 32 1
304 : 181 254 131 44 0
305 : 821 938 27 9 0
306 : 826 1000 3 2 1
307 : 159 693 49 29 0
308 : 487 847 56 12 0
309 : 401 966 4 47 1
310 : 787 438 26 105 1
311 : 0 819 86 10 0
312 : 0 897 5 101 1
313 : 167 729 57 22 0
314 : 202 966 14 14 0
315 : 433 181 61 111 1
316 : 607 576 50 41 0
317 : 329 1000 50 1 0
318 : 316 1000 13 4 0
319 : 630 991 2 39 1
320 : 46 966 2 100 1
321 : 673 919 18 18 0
322 : 792 657 49 30 0
323 : 115 938 48 6 0
324 : 86 254 95 62 0
325 : 877 991 68 1 0
326 : 419 386 41 87 1
327 : 561 1000 10 3 0
328 : 686 729 8 146 1
329 : 731 919 21 15 0
330 : 138 873 47 13 0
331 : 814 991 14 5 0
332 : 459 991 12 8 0
333 : 271 1000 14 4 0
334 : 100 789 23 44 1
335 : 760 897 33 13 0
336 : 918 938 29 8 0
337 : 604 847 130 5 0
338 : 137 897 15 33 1
339 : 54 789 22 46 1
340 : 0 254 69 86 1
341 : 760 938 61 4 0
342 : 695 991 2 38 1
343 : 247 181 39 186 1
344 : 537 1000 8 4 0
345 : 0 95 119 86 0
346 : 662 789 48 19 0
347 : 166 966 22 9 0
348 : 216 966 65 3 0
349 : 719 1000 10 2 0
350 : 422 576 33 63 1
351 : 90 919 28 14 0
352 : 818 847 23 28 1
353 : 586 873 40 14 0
354 : 454 1000 43 1 0
355 : 27 991 6 18 1
356 : 832 729 29 40 1
357 : 815 1000 1 9 1
358 : 419 991 4 24 1
359 : 517 919 38 9 0
360 : 262 657 34 45 1
361 : 312 254 99 58 0
362 : 0 953 4 58 1
363 : 709 953 42 5 0
364 : 447 617 67 28 0
365 : 663 980 41 3 0
366 : 791 953 11 19 1
367 : 579 729 55 22 0
368 : 774 919 14 22 1
369 : 583 991 17 5 0
370 : 691 919 8 40 1
371 : 337 919 9 40 1
372 : 502 966 7 26 1
373 : 91 617 68 29 0
374 : 303 1000 4 13 1
375 : 200 488 33 80 1
376 : 140 991 35 3 0
377 : 456 532 77 29 0
378 : 345 897 26 18 0
379 : 830 919 5 61 1
380 : 356 95 86 94 1
381 : 625 953 42 5 0
382 : 755 0 66 160 1
383 : 349 938 31 9 0
384 : 533 532 37 60 1
385 : 235 953 10 22 1
386 : 0 938 15 20 1
387 : 294 847 43 17 0
388 : 184 789 45 22 0
389 : 922 386 52 58 1
390 : 0 919 40 10 0
391 : 118 919 24 16 0
392 : 790 488 112 22 0
393 : 196 897 22 22 0
394 : 617 1000 2 12 1
395 : 146 966 10 20 1
396 : 711 873 25 22 0
397 : 642 657 10 150 1
398 : 398 980 4 33 1
399 : 0 323 50 104 1
400 : 228 873 40 15 0
401 : 110 181 53 137 1
402 : 704 980 4 30 1
403 : 574 617 56 33 0
404 : 925 576 32 63 1
405 : 243 1000 4 14 1
406 : 766 254 134 41 0
407 : 237 919 19 20 1
408 : 530 1000 5 7 1
409 : 416 657 28 54 1
410 : 863 991 14 5 0
411 : 648 966 42 4 0
412 : 793 873 36 15 0
413 : 666 532 94 23 0
414 : 776 819 34 23 0
415 : 810 1000 3 4 0
416 : 40 919 50 8 0
417 : 431 980 32 4 0
418 : 460 760 18 61 1
419 : 933 897 58 7 0
420 : 379 1000 24 2 0
421 : 876 617 23 75 1
422 : 679 1000 11 2 0
423 : 355 819 162 5 0
424 : 178 657 84 20 0
425 : 0 181 110 67 0
426 : 534 991 10 9 0
427 : 807 1000 3 4 0
428 : 873 897 28 15 0
429 : 309 938 14 20 1
430 : 832 980 3 38 1
431 : 542 657 15 100 1
432 : 589 980 18 7 0
433 : 667 953 5 42 1
434 : 0 532 76 31 0
435 : 435 693 8 170 1
436 : 119 991 21 5 0
437 : 507 938 5 51 1
438 : 293 873 13 45 1
439 : 527 897 14 32 1
440 : 268 873 25 24 0
441 : 104 323 78 61 0
442 : 512 1000 9 4 0
443 : 478 729 12 101 1
444 : 690 1000 21 1 0
445 : 222 438 135 21 0
446 : 629 1000 6 4 0
447 : 237 760 28 40 1
448 : 168 0 134 90 0
449 : 213 819 49 17 0
450 : 329 617 40 48 1
451 : 191 576 33 64 1
452 : 509 438 34 83 1
453 : 743 966 2 80 1
454 : 0 760 95 12 0
455 : 461 847 26 26 0
456 : 400 789 26 37 1
457 : 304 919 33 11 0
458 : 218 897 23 21 0
459 : 17 966 7 29 1
460 : 215 953 11 20 1
461 : 810 819 13 60 1
462 : 833 1000 2 1 1
463 : 546 873 40 14 0
464 : 543 847 30 22 0
465 : 521 760 24 45 1
466 : 298 980 6 22 1
467 : 657 576 66 31 0
468 : 294 1000 9 6 0
469 : 139 488 44 61 1
470 : 142 1000 1 59 1
471 : 248 617 24 81 1
472 : 170 897 19 26 1
473 : 146 532 19 121 1
474 : 871 760 46 23 0
475 : 448 966 6 31 1
476 : 879 953 5 41 1
477 : 323 953 12 18 1
478 : 886 693 15 85 1
479 : 127 980 5 28 1
480 : 820 95 86 87 1
481 : 685 897 36 12 0
482 : 559 897 64 7 0
483 : 711 1000 5 4 1
484 : 104 873 34 18 0
485 : 20 938 30 10 0
486 : 372 488 194 13 0
487 : 58 953 38 6 0
488 : 830 1000 1 4 0
489 : 466 953 106 2 0
490 : 257 953 11 20 1
491 : 403 1000 4 12 1
492 : 277 953 22 10 0
493 : 119 95 70 128 1
494 : 795 760 14 76 1
495 : 632 980 4 31 1
496 : 824 1000 2 4 0
497 : 347 760 69 16 0
498 : 281 789 20 49 1
499 : 278 991 2 50 1
