1000 740
0 : 559 132 94 6 0
1 : 531 25 22 1 0
2 : 895 619 25 23 0
3 : 263 126 2 13 0
4 : 97 363 7 6 0
5 : 226 10 16 133 1
6 : 136 443 37 13 0
7 : 215 297 42 91 1
8 : 526 126 32 7 0
9 : 610 156 4 53 1
10 : 374 331 27 10 1
11 : 978 297 57 16 1
12 : 930 142 32 2 0
13 : 287 557 2 3 1
14 : 569 568 31 41 0
15 : 885 79 22 1 0
16 : 428 25 1 103 1
17 : 805 352 4 4 0
18 : 850 154 7 62 1
19 : 59 358 41 5 0
20 : 650 618 24 19 0
21 : 600 568 50 59 0
22 : 293 473 69 42 1
23 : 58 654 67 63 0
24 : 682 85 168 76 0
25 : 920 387 19 52 0
26 : 999 79 1 2 0
27 : 292 262 29 79 1
28 : 440 381 31 3 0
29 : 648 368 18 58 1
30 : 894 40 5 18 1
31 : 869 473 23 41 0
32 : 359 10 3 69 1
33 : 464 518 9 10 0
34 : 671 48 112 22 0
35 : 880 243 11 19 1
36 : 186 28 202 57 0
37 : 779 442 14 24 0
38 : 939 473 60 77 0
39 : 912 157 48 3 0
40 : 532 522 40 25 1
41 : 995 453 4 14 0
42 : 293 542 37 20 0
43 : 648 342 69 26 0
44 : 540 607 28 29 0
45 : 616 365 17 32 1
46 : 671 28 9 119 1
47 : 752 19 40 4 0
48 : 546 297 15 61 0
49 : 939 387 48 16 1
50 : 561 365 14 55 1
51 : 674 618 15 19 0
52 : 0 102 34 113 1
53 : 315 568 94 81 0
54 : 306 360 53 15 0
55 : 343 465 8 31 1
56 : 185 67 1 14 0
57 : 277 654 36 36 0
58 : 791 18 1 1 0
59 : 438 366 3 33 1
60 : 988 58 12 5 0
61 : 882 613 12 11 0
62 : 447 269 24 9 0
63 : 335 529 20 32 0
64 : 0 387 82 39 0
65 : 94 259 21 72 1
66 : 58 287 34 6 0
67 : 818 285 56 8 0
68 : 717 342 25 15 1
69 : 0 79 66 2 0
70 : 976 85 18 79 0
71 : 540 568 29 39 0
72 : 656 161 41 115 1
73 : 790 40 104 6 0
74 : 561 473 44 25 1
75 : 487 615 15 18 0
76 : 389 363 49 7 0
77 : 0 136 22 95 1
78 : 992 21 8 6 0
79 : 939 435 7 38 0
80 : 161 377 7 42 1
81 : 771 161 49 116 1
82 : 212 473 69 41 1
83 : 292 244 69 18 0
84 : 985 164 5 50 0
85 : 443 608 23 24 0
86 : 850 122 91 8 0
87 : 306 297 34 83 1
88 : 330 460 9 8 0
89 : 230 126 13 33 1
90 : 744 458 32 11 0
91 : 265 274 9 26 1
92 : 783 48 22 3 1
93 : 472 635 18 14 1
94 : 112 161 143 54 0
95 : 523 161 133 58 0
96 : 0 457 15 36 1
97 : 954 21 6 38 1
98 : 912 79 71 4 0
99 : 960 382 9 4 0
100 : 0 85 17 125 1
101 : 899 51 7 14 0
102 : 773 70 8 17 1
103 : 164 618 26 32 0
104 : 409 635 17 12 0
105 : 0 219 29 94 1
106 : 939 626 14 14 0
107 : 0 347 22 59 1
108 : 0 158 75 2 0
109 : 532 240 10 21 1
110 : 990 164 48 4 1
111 : 409 613 17 22 0
112 : 0 67 77 11 0
113 : 0 248 90 39 0
114 : 428 13 126 10 0
115 : 48 81 27 4 0
116 : 844 516 32 24 1
117 : 389 376 11 51 1
118 : 378 253 70 16 0
119 : 561 338 70 27 0
120 : 508 611 22 25 0
121 : 0 81 4 48 1
122 : 994 13 5 8 0
123 : 525 56 11 12 0
124 : 772 425 3 33 0
125 : 487 633 19 16 0
126 : 899 219 42 92 1
127 : 0 0 28 226 1
128 : 569 630 22 23 0
129 : 942 5 11 8 0
130 : 215 369 49 15 0
131 : 752 23 3 39 1
132 : 198 219 94 32 0
133 : 253 473 68 40 1
134 : 895 284 4 1 0
135 : 640 455 36 14 0
136 : 605 379 10 6 0
137 : 450 540 22 14 0
138 : 610 149 67 7 0
139 : 472 219 21 81 1
140 : 388 28 28 148 1
141 : 472 568 36 47 0
142 : 738 356 22 61 1
143 : 378 285 62 9 0
144 : 475 445 5 22 0
145 : 708 473 95 114 1
146 : 77 67 18 80 1
147 : 94 280 61 15 0
148 : 437 370 35 2 0
149 : 995 64 3 15 0
150 : 554 14 5 67 1
151 : 724 206 47 9 0
152 : 0 369 50 17 0
153 : 172 542 32 25 0
154 : 779 466 4 14 1
155 : 448 253 24 8 0
156 : 790 28 122 12 0
157 : 559 85 123 30 0
158 : 203 377 6 12 1
159 : 359 17 2 59 1
160 : 0 183 92 28 0
161 : 378 294 53 2 0
162 : 450 554 12 20 1
163 : 125 85 41 140 1
164 : 371 262 29 6 1
165 : 474 473 59 38 1
166 : 230 139 32 13 0
167 : 136 456 15 38 1
168 : 664 115 18 12 0
169 : 59 366 3 38 1
170 : 965 568 31 30 0
171 : 325 205 58 3 0
172 : 874 288 5 25 1
173 : 440 285 32 7 0
174 : 844 473 25 43 0
175 : 610 138 11 72 1
176 : 663 156 4 18 1
177 : 522 453 23 6 0
178 : 374 465 9 6 0
179 : 708 387 71 38 0
180 : 226 0 10 202 1
181 : 895 71 14 4 0
182 : 941 122 5 21 1
183 : 204 542 29 22 0
184 : 59 352 42 6 0
185 : 640 387 35 68 1
186 : 512 473 40 20 1
187 : 325 212 59 6 0
188 : 656 202 11 68 1
189 : 874 285 24 3 0
190 : 472 294 3 45 1
191 : 731 568 40 32 1
192 : 586 546 29 22 0
193 : 255 205 14 70 1
194 : 998 436 1 16 0
195 : 164 568 50 34 1
196 : 912 58 6 76 1
197 : 822 473 22 40 0
198 : 962 85 75 4 1
199 : 636 449 1 14 0
200 : 359 13 61 4 0
201 : 115 149 9 11 0
202 : 536 49 122 17 0
203 : 82 387 99 56 0
204 : 94 219 40 104 1
205 : 790 65 11 105 1
206 : 50 369 45 12 0
207 : 691 616 32 27 0
208 : 534 23 1 18 1
209 : 330 542 14 4 1
210 : 622 19 130 7 0
211 : 945 130 16 7 0
212 : 384 212 2 6 0
213 : 0 294 3 46 1
214 : 671 70 102 12 0
215 : 198 568 86 70 0
216 : 69 457 15 12 1
217 : 622 8 10 139 1
218 : 857 568 38 45 0
219 : 283 251 8 20 0
220 : 301 641 9 8 0
221 : 92 183 24 12 1
222 : 519 138 22 91 1
223 : 388 56 22 126 1
224 : 508 568 43 32 1
225 : 850 85 112 22 0
226 : 215 339 73 30 0
227 : 731 608 31 30 0
228 : 678 522 34 19 1
229 : 615 23 7 4 0
230 : 946 435 36 6 1
231 : 559 115 17 105 1
232 : 658 49 17 9 1
233 : 561 517 32 24 1
234 : 440 376 33 5 0
235 : 291 437 52 23 0
236 : 448 261 8 23 1
237 : 431 294 8 2 0
238 : 966 85 10 76 0
239 : 474 322 70 33 0
240 : 368 518 33 22 1
241 : 474 355 13 50 1
242 : 60 426 21 31 0
243 : 427 517 19 27 0
244 : 284 641 17 13 0
245 : 985 214 4 4 0
246 : 437 372 4 37 1
247 : 912 64 15 83 1
248 : 912 28 85 15 0
249 : 291 387 50 92 1
250 : 0 78 66 1 0
251 : 586 473 92 73 0
252 : 291 460 11 39 1
253 : 895 256 4 28 0
254 : 963 203 10 14 0
255 : 125 654 62 65 1
256 : 818 243 62 13 0
257 : 653 132 28 5 0
258 : 976 164 53 4 1
259 : 553 219 78 137 1
260 : 631 338 12 27 0
261 : 657 66 18 10 1
262 : 161 358 19 54 1
263 : 950 107 14 6 1
264 : 100 347 5 4 1
265 : 622 18 126 1 0
266 : 895 568 44 51 0
267 : 464 528 9 8 0
268 : 389 334 72 29 0
269 : 113 102 9 34 0
270 : 822 543 14 20 0
271 : 389 297 37 85 1
272 : 887 161 22 89 1
273 : 983 79 16 2 0
274 : 939 568 26 32 0
275 : 287 541 16 3 1
276 : 166 259 32 16 0
277 : 172 473 69 40 1
278 : 284 568 31 45 0
279 : 378 219 34 94 1
280 : 648 297 90 45 0
281 : 593 449 43 14 0
282 : 63 473 78 109 1
283 : 528 26 26 1 0
284 : 513 387 32 66 0
285 : 938 15 5 16 1
286 : 761 12 30 5 0
287 : 95 136 23 13 0
288 : 198 274 16 67 1
289 : 790 51 109 14 0
290 : 474 297 72 25 0
291 : 361 244 12 18 0
292 : 561 379 6 44 1
293 : 814 353 32 9 1
294 : 960 358 10 24 0
295 : 885 76 26 3 0
296 : 292 219 25 86 1
297 : 790 76 4 95 1
298 : 892 473 65 47 1
299 : 0 426 60 31 0
300 : 265 283 5 22 1
301 : 895 65 16 6 0
302 : 671 37 11 103 1
303 : 922 23 3 32 1
304 : 255 161 131 44 0
305 : 546 358 27 9 1
306 : 960 157 3 2 1
307 : 532 473 49 29 1
308 : 814 297 56 12 1
309 : 724 202 4 47 1
310 : 125 126 26 105 1
311 : 850 144 86 10 0
312 : 790 46 5 101 1
313 : 104 358 57 22 0
314 : 920 637 14 14 0
315 : 104 297 61 111 1
316 : 650 568 50 41 1
317 : 912 154 50 1 0
318 : 118 136 13 4 1
319 : 90 248 2 39 0
320 : 428 26 2 100 1
321 : 920 619 18 18 0
322 : 678 473 49 30 1
323 : 389 370 48 6 0
324 : 545 387 95 62 0
325 : 554 13 68 1 0
326 : 561 297 41 87 1
327 : 543 368 10 3 1
328 : 792 15 8 146 1
329 : 844 548 21 15 0
330 : 474 368 47 13 0
331 : 774 42 14 5 0
332 : 95 369 12 8 1
333 : 994 339 14 4 1
334 : 427 473 23 44 0
335 : 978 354 33 13 1
336 : 461 334 29 8 1
337 : 792 23 130 5 0
338 : 36 457 15 33 1
339 : 383 445 22 46 1
340 : 0 568 69 86 1
341 : 554 23 61 4 0
342 : 92 248 2 38 0
343 : 0 28 39 186 1
344 : 420 13 8 4 0
345 : 801 387 119 86 0
346 : 545 449 48 19 0
347 : 799 356 22 9 1
348 : 554 19 65 3 0
349 : 418 17 10 2 0
350 : 640 422 33 63 1
351 : 157 67 28 14 0
352 : 284 613 23 28 0
353 : 343 437 40 14 0
354 : 748 18 43 1 0
355 : 524 361 6 18 1
356 : 443 568 29 40 0
357 : 613 22 1 9 1
358 : 805 328 4 24 0
359 : 264 378 38 9 0
360 : 409 568 34 45 0
361 : 383 387 99 58 0
362 : 325 208 4 58 1
363 : 155 280 42 5 0
364 : 738 328 67 28 0
365 : 995 219 41 3 1
366 : 678 556 11 19 1
367 : 779 387 55 22 1
368 : 450 518 14 22 0
369 : 174 456 17 5 1
370 : 954 13 8 40 1
371 : 264 369 9 40 1
372 : 936 144 7 26 1
373 : 306 331 68 29 0
374 : 173 443 4 13 0
375 : 472 253 33 80 1
376 : 438 363 35 3 0
377 : 818 256 77 29 0
378 : 869 514 26 18 1
379 : 656 213 5 61 1
380 : 763 568 86 94 1
381 : 155 285 42 5 0
382 : 265 85 66 160 1
383 : 676 455 31 9 0
384 : 390 473 37 60 0
385 : 521 368 10 22 1
386 : 472 615 15 20 0
387 : 955 436 43 17 0
388 : 368 473 45 22 1
389 : 0 654 52 58 1
390 : 482 453 40 10 0
391 : 561 549 24 16 0
392 : 0 161 112 22 0
393 : 625 627 22 22 0
394 : 46 294 2 12 1
395 : 368 551 10 20 1
396 : 857 613 25 22 0
397 : 792 5 10 150 1
398 : 775 425 4 33 0
399 : 0 297 50 104 1
400 : 955 453 40 15 0
401 : 386 161 53 137 1
402 : 761 8 4 30 1
403 : 335 473 56 33 1
404 : 0 473 32 63 1
405 : 971 183 4 14 0
406 : 425 85 134 41 0
407 : 443 632 19 20 0
408 : 677 149 5 7 0
409 : 82 443 28 54 1
410 : 774 37 14 5 0
411 : 991 219 42 4 1
412 : 708 458 36 15 0
413 : 425 138 94 23 0
414 : 390 533 34 23 0
415 : 909 71 3 4 0
416 : 472 286 50 8 0
417 : 703 422 32 4 1
418 : 960 297 18 61 0
419 : 0 287 58 7 0
420 : 997 28 24 2 1
421 : 198 251 23 75 1
422 : 514 76 11 2 0
423 : 792 0 162 5 0
424 : 887 183 84 20 0
425 : 181 387 110 67 0
426 : 525 68 10 9 0
427 : 517 294 3 4 1
428 : 288 339 28 15 1
429 : 233 542 14 20 0
430 : 59 363 3 38 1
431 : 850 107 15 100 1
432 : 335 561 18 7 0
433 : 994 297 5 42 0
434 : 738 297 76 31 0
435 : 622 0 8 170 1
436 : 809 328 21 5 1
437 : 980 164 5 51 0
438 : 954 0 13 45 1
439 : 706 368 14 32 1
440 : 600 627 25 24 0
441 : 86 568 78 61 0
442 : 302 378 9 4 1
443 : 425 126 12 101 1
444 : 891 46 21 1 0
445 : 536 28 135 21 0
446 : 423 19 6 4 1
447 : 892 538 28 40 1
448 : 826 297 134 90 0
449 : 955 387 49 17 1
450 : 691 568 40 48 0
451 : 708 425 33 64 1
452 : 899 261 34 83 1
453 : 850 142 2 80 1
454 : 850 130 95 12 0
455 : 939 600 26 26 0
456 : 474 532 26 37 1
457 : 920 439 33 11 1
458 : 569 609 23 21 0
459 : 676 464 7 29 1
460 : 95 149 11 20 1
461 : 472 240 13 60 1
462 : 552 23 2 1 0
463 : 343 451 40 14 0
464 : 822 513 30 22 1
465 : 450 473 24 45 0
466 : 524 355 6 22 1
467 : 482 387 66 31 1
468 : 512 381 9 6 0
469 : 0 505 44 61 0
470 : 554 22 1 59 1
471 : 818 219 24 81 1
472 : 869 540 19 26 0
473 : 536 66 19 121 1
474 : 429 445 46 23 0
475 : 522 286 6 31 1
476 : 59 347 5 41 1
477 : 427 544 12 18 0
478 : 912 43 15 85 1
479 : 522 292 5 28 1
480 : 190 654 86 87 1
481 : 982 261 36 12 1
482 : 359 19 64 7 0
483 : 980 215 5 4 0
484 : 253 541 34 18 0
485 : 359 360 30 10 0
486 : 428 0 194 13 0
487 : 474 381 38 6 0
488 : 703 454 1 4 1
489 : 428 23 106 2 0
490 : 514 56 11 20 0
491 : 92 207 4 12 1
492 : 273 251 22 10 1
493 : 690 219 70 128 1
494 : 887 203 14 76 1
495 : 58 293 4 31 1
496 : 976 217 2 4 1
497 : 378 269 69 16 0
498 : 972 387 20 49 0
499 : 912 155 2 50 1
