300 218
0 : 0 0 2 3 1
1 : 3 0 18 12 0
2 : 21 0 14 5 0
3 : 35 0 11 6 1
4 : 41 0 12 16 1
5 : 57 0 6 44 1
6 : 101 0 2 10 0
7 : 103 0 2 23 1
8 : 126 0 52 6 0
9 : 178 0 12 39 1
10 : 217 0 7 26 1
11 : 243 0 10 13 1
12 : 256 0 19 3 0
13 : 0 12 59 12 0
14 : 21 5 2 14 1
15 : 21 7 8 4 0
16 : 59 12 39 39 0
17 : 98 12 14 24 0
18 : 112 12 20 19 1
19 : 29 7 4 4 0
20 : 131 12 18 14 1
21 : 275 0 12 23 1
22 : 145 12 30 12 1
23 : 101 10 1 2 0
24 : 298 0 2 11 0
25 : 217 7 5 26 1
26 : 256 3 9 16 1
27 : 157 12 65 32 0
28 : 222 12 23 19 1
29 : 103 2 5 19 1
30 : 241 12 10 14 0
31 : 57 6 6 30 1
32 : 126 6 31 1 0
33 : 103 7 16 5 0
34 : 251 12 26 6 1
35 : 272 3 8 3 1
36 : 257 12 7 15 0
37 : 33 7 2 2 0
38 : 119 7 1 24 1
39 : 0 51 9 50 1
40 : 243 10 7 2 0
41 : 131 30 20 14 1
42 : 257 27 22 6 1
43 : 122 2 3 4 0
44 : 250 10 2 4 1
45 : 0 2 7 2 1
46 : 0 24 22 48 1
47 : 50 51 67 26 0
48 : 264 12 22 23 0
49 : 117 51 39 14 0
50 : 157 44 7 29 1
51 : 156 51 13 45 1
52 : 119 8 22 2 0
53 : 87 6 14 5 0
54 : 201 51 19 29 1
55 : 119 10 8 2 0
56 : 230 51 46 23 0
57 : 241 26 22 9 1
58 : 98 36 7 14 0
59 : 143 7 1 33 1
60 : 48 24 25 9 1
61 : 251 38 13 4 1
62 : 0 77 23 29 1
63 : 117 65 11 31 1
64 : 105 36 14 3 1
65 : 102 10 1 2 0
66 : 201 70 7 25 1
67 : 186 44 28 7 0
68 : 276 51 20 22 0
69 : 108 36 15 4 1
70 : 296 51 4 25 0
71 : 276 73 9 4 0
72 : 264 35 23 16 0
73 : 222 35 14 19 1
74 : 156 64 10 34 1
75 : 145 42 9 9 0
76 : 257 49 2 4 1
77 : 29 77 103 7 0
78 : 154 42 4 3 1
79 : 0 60 11 37 1
80 : 241 48 8 3 0
81 : 141 8 4 26 1
82 : 127 10 14 2 0
83 : 287 35 8 15 0
84 : 132 77 13 44 1
85 : 230 74 40 2 0
86 : 176 77 12 38 1
87 : 214 77 39 13 0
88 : 295 35 4 16 0
89 : 0 46 2 37 1
90 : 154 46 4 3 1
91 : 148 65 6 9 0
92 : 190 64 13 4 1
93 : 286 12 12 15 0
94 : 57 24 22 2 1
95 : 194 64 7 13 0
96 : 253 77 13 35 1
97 : 0 100 29 48 1
98 : 2 2 9 1 1
99 : 156 74 30 3 0
100 : 176 89 11 31 1
101 : 0 48 21 2 0
102 : 226 70 4 4 0
103 : 131 50 14 1 0
104 : 98 50 1 9 1
105 : 37 60 9 12 1
106 : 0 71 2 40 1
107 : 48 100 22 18 1
108 : 288 77 8 17 0
109 : 87 11 13 1 0
110 : 66 100 22 28 0
111 : 132 90 8 36 1
112 : 285 73 3 7 1
113 : 112 32 18 15 0
114 : 29 84 14 21 1
115 : 88 100 24 45 1
116 : 57 46 4 2 1
117 : 50 84 22 14 0
118 : 133 100 95 1 0
119 : 228 100 26 68 1
120 : 112 47 15 4 0
121 : 288 94 5 7 1
122 : 0 129 46 38 0
123 : 125 2 4 1 1
124 : 167 8 4 5 1
125 : 228 126 58 2 0
126 : 286 27 14 8 0
127 : 133 101 17 47 1
128 : 72 84 15 15 0
129 : 48 122 6 18 1
130 : 133 118 9 17 1
131 : 298 11 16 2 1
132 : 207 89 9 6 1
133 : 214 44 7 7 0
134 : 0 73 14 4 0
135 : 88 124 5 22 1
136 : 87 84 12 15 0
137 : 110 124 11 5 0
138 : 150 118 9 14 1
139 : 99 84 33 13 0
140 : 121 124 8 4 0
141 : 214 90 28 7 0
142 : 46 129 17 59 1
143 : 296 76 4 37 0
144 : 49 60 9 1 1
145 : 164 118 6 9 0
146 : 242 90 20 8 0
147 : 263 27 24 1 1
148 : 105 129 14 54 1
149 : 159 129 49 10 0
150 : 262 90 14 8 0
151 : 180 101 9 18 0
152 : 168 90 4 7 0
153 : 189 101 9 16 0
154 : 208 129 25 37 0
155 : 233 129 32 29 1
156 : 172 90 8 4 1
157 : 222 49 2 15 1
158 : 0 167 61 5 0
159 : 14 73 4 22 1
160 : 198 101 8 15 0
161 : 206 101 19 25 0
162 : 233 161 4 21 1
163 : 46 146 5 19 0
164 : 51 146 19 24 1
165 : 75 146 14 17 0
166 : 254 161 7 3 0
167 : 99 97 29 3 0
168 : 296 113 15 4 1
169 : 276 90 10 12 1
170 : 105 143 43 9 0
171 : 36 73 14 3 0
172 : 33 9 2 3 0
173 : 89 146 20 4 1
174 : 61 167 22 62 1
175 : 159 139 17 17 0
176 : 233 165 26 2 0
177 : 93 146 15 12 1
178 : 133 127 2 36 1
179 : 123 167 32 50 1
180 : 105 152 5 22 1
181 : 159 156 16 8 0
182 : 176 139 14 30 1
183 : 270 74 5 2 0
184 : 176 7 1 2 1
185 : 159 164 8 3 0
186 : 176 153 30 7 0
187 : 75 163 4 9 1
188 : 167 164 9 3 0
189 : 206 126 14 3 0
190 : 173 167 42 14 0
191 : 105 157 34 9 0
192 : 93 161 4 11 1
193 : 215 167 38 72 1
194 : 35 11 6 1 0
195 : 220 126 3 5 1
196 : 180 119 10 8 1
197 : 262 129 12 12 0
198 : 198 116 4 12 0
199 : 0 205 13 61 1
