100 69
0 : 0 7 4 22 1
1 : 13 45 9 4 0
2 : 49 22 18 10 1
3 : 40 22 19 9 1
4 : 91 45 5 4 1
5 : 18 56 3 3 0
6 : 92 7 4 15 0
7 : 61 45 1 3 0
8 : 84 0 13 3 0
9 : 0 56 13 14 1
10 : 62 45 2 4 0
11 : 88 7 1 14 0
12 : 0 45 8 13 1
13 : 97 0 1 7 0
14 : 88 22 11 16 0
15 : 98 7 11 1 1
16 : 0 0 38 1 0
17 : 40 45 9 5 1
18 : 60 22 2 8 0
19 : 45 45 6 2 1
20 : 64 45 2 4 0
21 : 38 0 2 21 1
22 : 82 45 4 5 0
23 : 36 22 17 4 1
24 : 98 0 7 2 1
25 : 99 22 5 1 1
26 : 71 7 3 17 1
27 : 86 45 2 3 0
28 : 59 0 7 25 1
29 : 95 45 3 3 0
30 : 47 45 4 7 0
31 : 69 45 8 10 0
32 : 22 7 32 15 0
33 : 66 45 5 3 1
34 : 37 45 7 3 1
35 : 90 7 2 14 0
36 : 77 45 5 6 0
37 : 89 7 14 1 1
38 : 51 45 11 8 1
39 : 22 45 15 11 0
40 : 99 7 9 1 1
41 : 54 7 1 17 1
42 : 88 45 3 4 0
43 : 62 22 20 26 1
44 : 96 7 13 2 1
45 : 14 56 4 4 0
46 : 59 22 1 8 0
47 : 0 22 23 36 1
48 : 98 45 2 2 0
49 : 59 45 4 2 1
