200 126
0 : 192 107 4 6 1
1 : 169 122 2 4 1
2 : 0 0 110 45 0
3 : 106 125 1 15 1
4 : 165 122 2 4 1
5 : 42 122 6 3 0
6 : 41 125 1 27 1
7 : 158 113 4 23 1
8 : 145 87 9 14 1
9 : 135 125 1 11 1
10 : 136 122 15 2 0
11 : 130 45 18 24 0
12 : 155 125 8 1 0
13 : 0 72 15 40 1
14 : 135 99 7 14 1
15 : 25 118 11 4 0
16 : 179 125 1 2 1
17 : 52 122 37 2 0
18 : 192 0 20 8 1
19 : 159 87 12 9 1
20 : 85 72 15 15 0
21 : 180 72 14 20 1
22 : 107 113 4 27 1
23 : 88 125 1 18 1
24 : 158 72 22 14 0
25 : 96 99 23 7 0
26 : 197 113 5 3 1
27 : 88 107 5 22 1
28 : 172 99 6 25 1
29 : 100 72 14 58 1
30 : 128 87 17 9 0
31 : 173 122 3 2 1
32 : 68 125 1 20 1
33 : 197 99 8 3 1
34 : 0 99 18 8 0
35 : 116 122 20 2 0
36 : 0 107 6 19 1
37 : 128 118 67 3 0
38 : 45 99 10 8 0
39 : 55 99 8 9 1
40 : 66 87 21 11 0
41 : 52 118 4 5 1
42 : 181 113 4 16 1
43 : 148 45 17 22 0
44 : 59 45 20 30 1
45 : 15 113 14 5 0
46 : 44 87 12 22 1
47 : 131 107 20 5 0
48 : 14 118 4 11 1
49 : 45 118 7 4 0
50 : 110 0 33 32 1
51 : 109 87 19 9 0
52 : 165 45 27 16 1
53 : 151 107 18 5 0
54 : 18 99 8 16 1
55 : 163 125 8 1 0
56 : 195 118 4 3 0
57 : 57 118 3 71 1
58 : 0 125 41 1 0
59 : 0 113 15 5 0
60 : 74 113 33 4 0
61 : 169 107 5 17 1
62 : 36 118 4 9 1
63 : 197 45 3 24 0
64 : 34 99 11 8 0
65 : 186 107 6 5 0
66 : 142 0 50 27 0
67 : 181 45 25 16 1
68 : 30 45 22 29 1
69 : 134 113 4 24 1
70 : 177 87 8 21 1
71 : 198 107 6 2 1
72 : 149 99 9 7 0
73 : 151 122 14 2 0
74 : 0 122 14 3 0
75 : 63 72 15 22 1
76 : 171 125 1 8 1
77 : 119 99 7 16 1
78 : 26 122 3 10 1
79 : 110 107 21 5 0
80 : 146 125 1 9 1
81 : 29 113 4 45 1
82 : 121 125 14 1 0
83 : 89 45 41 18 0
84 : 0 45 27 30 1
85 : 165 99 7 7 0
86 : 19 107 6 6 0
87 : 64 99 7 32 1
88 : 48 122 4 3 0
89 : 0 87 44 12 0
90 : 181 125 1 2 1
91 : 14 122 12 3 0
92 : 87 87 22 10 0
93 : 89 122 27 2 0
94 : 25 107 5 63 1
95 : 40 72 23 15 0
96 : 158 99 7 7 0
97 : 0 118 14 4 0
98 : 168 87 9 12 0
99 : 36 122 3 6 1
