1000 660
0 : 403 634 94 6 0
1 : 999 484 22 1 1
2 : 921 459 25 23 1
3 : 905 656 2 13 1
4 : 118 641 7 6 0
5 : 258 547 16 133 1
6 : 809 579 37 13 0
7 : 0 285 42 91 1
8 : 219 634 32 7 0
9 : 673 647 4 53 1
10 : 232 616 27 10 0
11 : 597 547 57 16 0
12 : 833 656 32 2 0
13 : 959 656 2 3 0
14 : 105 400 31 41 1
15 : 515 659 22 1 0
16 : 126 659 1 103 1
17 : 386 652 4 4 0
18 : 909 626 7 62 1
19 : 873 641 41 5 0
20 : 241 528 24 19 0
21 : 916 171 50 59 0
22 : 958 95 69 42 1
23 : 738 95 67 63 1
24 : 0 95 168 76 0
25 : 54 528 19 52 1
26 : 998 656 1 2 0
27 : 515 400 29 79 1
28 : 32 656 31 3 0
29 : 574 528 18 58 1
30 : 167 647 5 18 1
31 : 818 459 23 41 1
32 : 390 652 3 69 1
33 : 921 616 9 10 0
34 : 238 484 112 22 0
35 : 315 605 11 19 1
36 : 420 171 202 57 0
37 : 219 579 14 24 1
38 : 111 171 60 77 1
39 : 582 652 48 3 0
40 : 245 459 40 25 0
41 : 279 652 4 14 1
42 : 799 506 37 20 0
43 : 777 431 69 26 0
44 : 573 431 28 29 1
45 : 204 547 17 32 1
46 : 382 616 9 119 1
47 : 922 647 40 4 0
48 : 229 564 15 61 1
49 : 654 547 48 16 0
50 : 923 564 14 55 1
51 : 631 564 15 19 1
52 : 758 327 34 113 1
53 : 539 0 94 81 1
54 : 290 564 53 15 0
55 : 992 366 8 31 0
56 : 592 659 1 14 1
57 : 654 327 36 36 0
58 : 606 659 1 1 0
59 : 945 652 3 33 1
60 : 232 647 12 5 0
61 : 984 593 12 11 0
62 : 838 616 24 9 0
63 : 836 506 20 32 1
64 : 276 327 82 39 0
65 : 500 506 21 72 1
66 : 878 634 34 6 0
67 : 930 616 56 8 0
68 : 565 564 25 15 0
69 : 493 656 66 2 0
70 : 365 528 18 79 1
71 : 900 400 29 39 1
72 : 365 285 41 115 1
73 : 299 634 104 6 0
74 : 158 459 44 25 0
75 : 650 564 15 18 1
76 : 58 634 49 7 0
77 : 462 484 22 95 1
78 : 110 641 8 6 0
79 : 149 634 7 38 1
80 : 107 634 7 42 1
81 : 333 232 49 116 1
82 : 567 285 69 41 0
83 : 444 528 69 18 0
84 : 697 641 5 50 1
85 : 944 459 23 24 0
86 : 316 626 91 8 0
87 : 0 366 34 83 1
88 : 639 626 9 8 0
89 : 879 579 13 33 1
90 : 263 605 32 11 0
91 : 812 616 9 26 1
92 : 978 652 22 3 0
93 : 305 579 18 14 0
94 : 721 171 143 54 0
95 : 188 171 133 58 0
96 : 468 564 15 36 1
97 : 766 634 6 38 1
98 : 422 647 71 4 0
99 : 342 652 9 4 0
100 : 710 528 17 125 1
101 : 285 634 7 14 1
102 : 593 626 8 17 1
103 : 915 431 26 32 1
104 : 682 593 17 12 0
105 : 421 400 29 94 1
106 : 323 579 14 14 0
107 : 798 484 22 59 1
108 : 418 656 75 2 0
109 : 327 616 10 21 1
110 : 827 647 48 4 0
111 : 236 547 17 22 1
112 : 907 593 77 11 0
113 : 186 327 90 39 0
114 : 856 605 126 10 0
115 : 154 652 27 4 0
116 : 443 459 32 24 0
117 : 140 605 11 51 1
118 : 391 547 70 16 0
119 : 602 431 70 27 0
120 : 189 506 22 25 1
121 : 779 647 4 48 1
122 : 244 647 5 8 1
123 : 353 605 11 12 1
124 : 912 652 3 33 1
125 : 758 547 19 16 0
126 : 840 232 42 92 1
127 : 0 431 28 226 1
128 : 239 506 22 23 1
129 : 610 626 11 8 0
130 : 343 564 49 15 0
131 : 762 652 3 39 1
132 : 544 366 94 32 0
133 : 809 285 68 40 0
134 : 999 647 4 1 1
135 : 123 579 36 14 0
136 : 82 641 10 6 0
137 : 243 579 22 14 0
138 : 778 626 67 7 0
139 : 419 506 21 81 1
140 : 226 431 28 148 1
141 : 607 327 36 47 1
142 : 737 484 22 61 1
143 : 501 616 62 9 0
144 : 103 647 5 22 1
145 : 0 0 95 114 1
146 : 285 528 18 80 1
147 : 168 564 61 15 0
148 : 798 656 35 2 0
149 : 103 656 3 15 1
150 : 518 641 5 67 1
151 : 563 616 47 9 0
152 : 105 547 50 17 0
153 : 285 459 32 25 0
154 : 223 652 4 14 1
155 : 526 626 24 8 0
156 : 0 593 122 12 0
157 : 146 400 123 30 0
158 : 70 641 6 12 1
159 : 559 656 2 59 1
160 : 374 431 92 28 0
161 : 618 656 53 2 0
162 : 608 593 12 20 1
163 : 91 285 41 140 1
164 : 943 634 29 6 0
165 : 358 327 59 38 0
166 : 912 579 32 13 0
167 : 962 547 15 38 1
168 : 628 593 18 12 0
169 : 839 652 3 38 1
170 : 965 327 31 30 1
171 : 524 652 58 3 0
172 : 56 647 5 25 1
173 : 187 634 32 7 0
174 : 202 459 25 43 1
175 : 0 605 11 72 1
176 : 205 652 4 18 1
177 : 972 634 23 6 0
178 : 101 641 9 6 0
179 : 925 285 71 38 0
180 : 365 605 10 202 1
181 : 265 652 14 4 0
182 : 146 647 5 21 1
183 : 160 506 29 22 0
184 : 724 634 42 6 0
185 : 690 327 35 68 1
186 : 759 506 40 20 0
187 : 573 634 59 6 0
188 : 72 605 11 68 1
189 : 63 656 24 3 0
190 : 676 652 3 45 1
191 : 810 366 40 32 0
192 : 131 506 29 22 0
193 : 853 564 14 70 1
194 : 576 659 1 16 1
195 : 966 171 50 34 1
196 : 497 634 6 76 1
197 : 91 506 22 40 1
198 : 347 647 75 4 0
199 : 999 579 1 14 0
200 : 554 647 61 4 0
201 : 901 616 9 11 1
202 : 835 528 122 17 0
203 : 622 171 99 56 0
204 : 636 285 40 104 1
205 : 699 593 11 105 1
206 : 476 593 45 12 0
207 : 973 232 32 27 1
208 : 558 659 1 18 1
209 : 293 652 14 4 0
210 : 648 626 130 7 0
211 : 269 634 16 7 0
212 : 949 656 2 6 1
213 : 630 652 3 46 1
214 : 122 593 102 12 0
215 : 296 95 86 70 0
216 : 984 579 15 12 0
217 : 717 605 10 139 1
218 : 417 327 38 45 1
219 : 573 626 8 20 1
220 : 630 626 9 8 0
221 : 584 593 24 12 0
222 : 557 484 22 91 1
223 : 0 484 22 126 1
224 : 767 366 43 32 0
225 : 126 484 112 22 0
226 : 269 400 73 30 0
227 : 391 400 31 30 1
228 : 154 528 34 19 0
229 : 359 652 7 4 0
230 : 842 634 36 6 0
231 : 0 547 17 105 1
232 : 884 616 17 9 0
233 : 475 459 32 24 0
234 : 995 327 33 5 1
235 : 676 459 52 23 0
236 : 550 626 8 23 1
237 : 941 656 8 2 0
238 : 86 616 10 76 1
239 : 291 366 70 33 0
240 : 967 459 33 22 0
241 : 667 579 13 50 1
242 : 572 506 21 31 1
243 : 188 528 19 27 1
244 : 967 579 17 13 0
245 : 382 652 4 4 0
246 : 962 647 4 37 1
247 : 85 564 15 83 1
248 : 0 564 85 15 0
249 : 241 232 50 92 1
250 : 297 659 66 1 0
251 : 866 0 92 73 1
252 : 191 605 11 39 1
253 : 126 652 4 28 1
254 : 368 616 10 14 1
255 : 896 95 62 65 0
256 : 545 579 62 13 0
257 : 28 647 28 5 0
258 : 726 647 53 4 0
259 : 620 0 78 137 1
260 : 557 593 12 27 1
261 : 982 605 18 10 0
262 : 0 528 19 54 1
263 : 56 641 14 6 0
264 : 377 652 5 4 0
265 : 0 659 126 1 0
266 : 796 232 44 51 0
267 : 621 626 9 8 0
268 : 671 400 72 29 0
269 : 688 616 9 34 1
270 : 265 579 14 20 1
271 : 462 327 37 85 1
272 : 648 484 22 89 1
273 : 889 656 16 2 0
274 : 883 431 26 32 1
275 : 87 656 16 3 0
276 : 702 547 32 16 0
277 : 740 285 69 40 0
278 : 60 400 31 45 1
279 : 871 327 34 94 1
280 : 514 232 90 45 0
281 : 0 579 43 14 0
282 : 757 0 78 109 1
283 : 963 656 26 1 0
284 : 638 366 32 66 1
285 : 202 647 5 16 1
286 : 955 641 30 5 0
287 : 944 579 23 13 0
288 : 530 547 16 67 1
289 : 668 564 109 14 0
290 : 86 459 72 25 0
291 : 664 593 12 18 1
292 : 680 634 6 44 1
293 : 722 616 32 9 0
294 : 259 616 10 24 1
295 : 997 431 26 3 1
296 : 0 459 25 86 1
297 : 252 647 4 95 1
298 : 449 232 65 47 0
299 : 0 400 60 31 0
300 : 81 647 5 22 1
301 : 40 641 16 6 0
302 : 804 593 11 103 1
303 : 0 656 3 32 1
304 : 604 232 131 44 0
305 : 785 616 27 9 0
306 : 961 656 3 2 1
307 : 811 400 49 29 0
308 : 420 593 56 12 0
309 : 875 647 4 47 1
310 : 672 431 26 105 1
311 : 0 616 86 10 0
312 : 417 641 5 101 1
313 : 857 484 57 22 0
314 : 337 579 14 14 0
315 : 0 171 61 111 1
316 : 932 232 50 41 1
317 : 422 659 50 1 0
318 : 307 652 13 4 0
319 : 721 656 2 39 1
320 : 238 656 2 100 1
321 : 692 528 18 18 0
322 : 342 400 49 30 0
323 : 632 634 48 6 0
324 : 801 95 95 62 0
325 : 229 659 68 1 0
326 : 480 285 41 87 1
327 : 118 656 10 3 0
328 : 170 626 8 146 1
329 : 590 564 21 15 0
330 : 717 579 47 13 0
331 : 218 647 14 5 0
332 : 986 616 12 8 0
333 : 251 652 14 4 0
334 : 774 459 23 44 1
335 : 846 579 33 13 0
336 : 497 626 29 8 0
337 : 287 641 130 5 0
338 : 504 564 15 33 1
339 : 0 506 22 46 1
340 : 382 95 69 86 1
341 : 493 647 61 4 0
342 : 760 656 2 38 1
343 : 0 327 39 186 1
344 : 351 652 8 4 0
345 : 248 0 119 86 0
346 : 106 528 48 19 0
347 : 862 616 22 9 0
348 : 459 652 65 3 0
349 : 998 616 10 2 1
350 : 425 366 33 63 1
351 : 191 579 28 14 0
352 : 893 459 23 28 1
353 : 83 579 40 14 0
354 : 472 659 43 1 0
355 : 22 641 6 18 1
356 : 860 400 29 40 1
357 : 989 656 1 9 1
358 : 181 652 4 24 1
359 : 650 616 38 9 0
360 : 166 366 34 45 1
361 : 321 171 99 58 0
362 : 615 647 4 58 1
363 : 747 641 42 5 0
364 : 466 431 67 28 0
365 : 721 652 41 3 0
366 : 334 605 11 19 1
367 : 914 484 55 22 0
368 : 978 564 14 22 1
369 : 185 647 17 5 0
370 : 457 626 8 40 1
371 : 610 616 9 40 1
372 : 971 626 7 26 1
373 : 743 400 68 29 0
374 : 320 652 4 13 1
375 : 211 366 33 80 1
376 : 877 652 35 3 0
377 : 594 400 77 29 0
378 : 666 528 26 18 0
379 : 585 641 5 61 1
380 : 367 0 86 94 0
381 : 831 641 42 5 0
382 : 578 95 66 160 1
383 : 754 616 31 9 0
384 : 547 327 37 60 1
385 : 283 616 10 22 1
386 : 611 564 15 20 1
387 : 957 528 43 17 0
388 : 46 506 45 22 0
389 : 864 171 52 58 0
390 : 162 616 40 10 0
391 : 734 547 24 16 0
392 : 350 484 112 22 0
393 : 262 506 22 22 0
394 : 918 656 2 12 1
395 : 348 616 10 20 1
396 : 214 506 25 22 0
397 : 567 605 10 150 1
398 : 0 652 4 33 1
399 : 137 232 50 104 1
400 : 392 564 40 15 0
401 : 0 232 53 137 1
402 : 96 652 4 30 1
403 : 488 366 56 33 0
404 : 704 366 32 63 1
405 : 237 652 4 14 1
406 : 231 285 134 41 0
407 : 265 528 19 20 1
408 : 995 634 5 7 0
409 : 939 400 28 54 1
410 : 985 641 14 5 0
411 : 996 285 42 4 1
412 : 432 564 36 15 0
413 : 507 459 94 23 0
414 : 859 459 34 23 0
415 : 128 656 3 4 1
416 : 407 626 50 8 0
417 : 33 652 32 4 0
418 : 513 528 18 61 1
419 : 0 634 58 7 0
420 : 865 656 24 2 0
421 : 601 459 23 75 1
422 : 930 656 11 2 0
423 : 125 641 162 5 0
424 : 626 506 84 20 0
425 : 468 95 110 67 0
426 : 912 616 10 9 1
427 : 997 626 3 4 0
428 : 537 564 28 15 0
429 : 285 579 14 20 1
430 : 801 652 3 38 1
431 : 777 547 15 100 1
432 : 251 634 18 7 0
433 : 789 641 5 42 1
434 : 850 366 76 31 0
435 : 0 626 8 170 1
436 : 125 647 21 5 0
437 : 646 641 5 51 1
438 : 764 579 13 45 1
439 : 159 579 14 32 1
440 : 973 431 25 24 1
441 : 939 0 78 61 1
442 : 333 652 9 4 0
443 : 224 593 12 101 1
444 : 537 659 21 1 0
445 : 284 506 135 21 0
446 : 366 652 6 4 0
447 : 533 431 28 40 1
448 : 114 0 134 90 0
449 : 155 547 49 17 0
450 : 877 285 40 48 1
451 : 361 366 33 64 1
452 : 83 366 34 83 1
453 : 338 656 2 80 1
454 : 325 593 95 12 0
455 : 947 431 26 26 0
456 : 846 431 26 37 1
457 : 230 605 33 11 0
458 : 603 506 23 21 0
459 : 993 400 7 29 0
460 : 295 605 11 20 1
461 : 607 579 13 60 1
462 : 999 656 2 1 1
463 : 43 579 40 14 0
464 : 969 484 30 22 0
465 : 398 459 24 45 1
466 : 0 641 6 22 1
467 : 926 366 66 31 0
468 : 92 641 9 6 0
469 : 735 232 44 61 1
470 : 363 659 1 59 1
471 : 317 459 24 81 1
472 : 215 528 19 26 1
473 : 868 506 19 121 1
474 : 728 459 46 23 0
475 : 912 634 6 31 1
476 : 914 641 5 41 1
477 : 646 593 12 18 1
478 : 877 547 15 85 1
479 : 0 647 5 28 1
480 : 453 0 86 87 0
481 : 521 593 36 12 0
482 : 845 626 64 7 0
483 : 372 652 5 4 0
484 : 632 528 34 18 0
485 : 202 616 30 10 0
486 : 351 579 194 13 0
487 : 804 634 38 6 0
488 : 999 641 1 4 0
489 : 132 656 106 2 0
490 : 989 506 11 20 0
491 : 996 593 4 12 0
492 : 305 616 22 10 0
493 : 168 95 70 128 1
494 : 777 564 14 76 1
495 : 65 652 4 31 1
496 : 955 656 2 4 1
497 : 461 547 69 16 0
498 : 710 506 20 49 1
499 : 671 656 2 50 1
