200 192
0 : 0 0 4 6 1
1 : 6 0 2 4 0
2 : 8 0 110 45 0
3 : 118 0 1 15 0
4 : 119 0 2 4 0
5 : 121 0 6 3 1
6 : 124 0 1 27 0
7 : 125 0 4 23 0
8 : 129 0 9 14 0
9 : 138 0 1 11 0
10 : 139 0 15 2 1
11 : 141 0 18 24 0
12 : 159 0 8 1 1
13 : 160 0 15 40 0
14 : 175 0 7 14 0
15 : 182 0 11 4 1
16 : 186 0 1 2 0
17 : 187 0 37 2 1
18 : 189 0 20 8 1
19 : 0 45 12 9 0
20 : 12 45 15 15 0
21 : 27 45 14 20 1
22 : 47 45 4 27 1
23 : 197 0 1 18 0
24 : 74 45 22 14 0
25 : 96 45 23 7 0
26 : 119 45 5 3 1
27 : 122 45 5 22 1
28 : 144 45 6 25 1
29 : 0 60 14 58 1
30 : 169 45 17 9 0
31 : 198 0 3 2 1
32 : 58 60 1 20 1
33 : 186 45 8 3 1
34 : 78 60 18 8 0
35 : 96 60 20 2 0
36 : 116 60 6 19 1
37 : 0 74 67 3 0
38 : 189 45 10 8 1
39 : 135 60 8 9 0
40 : 143 60 21 11 0
41 : 164 60 4 5 0
42 : 168 60 4 16 1
43 : 67 74 17 22 1
44 : 89 74 20 30 1
45 : 184 60 14 5 0
46 : 119 74 12 22 1
47 : 141 74 20 5 0
48 : 161 74 4 11 0
49 : 165 74 7 4 1
50 : 0 94 33 32 0
51 : 169 74 19 9 1
52 : 33 94 27 16 1
53 : 178 74 18 5 1
54 : 183 74 8 16 0
55 : 197 45 8 1 1
56 : 191 74 4 3 1
57 : 49 94 3 71 1
58 : 120 94 41 1 0
59 : 194 74 15 5 1
60 : 161 94 33 4 0
61 : 194 94 5 17 0
62 : 0 126 4 9 1
63 : 9 126 3 24 1
64 : 33 126 11 8 0
65 : 44 126 6 5 1
66 : 49 126 50 27 0
67 : 99 126 25 16 1
68 : 115 126 22 29 1
69 : 144 126 4 24 0
70 : 148 126 8 21 0
71 : 198 45 6 2 1
72 : 156 126 9 7 1
73 : 198 60 14 2 1
74 : 163 126 14 3 1
75 : 166 126 15 22 0
76 : 199 74 1 8 0
77 : 181 126 7 16 0
78 : 188 126 3 10 0
79 : 191 126 21 5 1
80 : 199 94 1 9 0
81 : 0 153 4 45 1
82 : 196 126 14 1 1
83 : 45 153 41 18 0
84 : 86 153 27 30 1
85 : 116 153 7 7 0
86 : 123 153 6 6 0
87 : 129 153 7 32 1
88 : 197 126 4 3 1
89 : 0 180 44 12 0
90 : 161 153 1 2 0
91 : 162 153 12 3 1
92 : 165 153 22 10 1
93 : 175 153 27 2 1
94 : 44 180 5 63 1
95 : 177 153 23 15 1
96 : 192 153 7 7 0
97 : 107 180 14 4 0
98 : 121 180 9 12 0
99 : 130 180 3 6 0
