100 61
0 : 74 0 4 22 0
1 : 95 43 9 4 1
2 : 80 0 18 10 1
3 : 83 23 19 9 1
4 : 44 56 5 4 1
5 : 68 56 3 3 0
6 : 31 43 4 15 1
7 : 73 56 1 3 0
8 : 68 43 13 3 1
9 : 46 43 13 14 1
10 : 61 56 2 4 0
11 : 93 0 1 14 0
12 : 60 43 8 13 0
13 : 21 56 1 7 1
14 : 0 43 11 16 1
15 : 81 43 11 1 1
16 : 0 0 38 1 0
17 : 90 43 9 5 1
18 : 94 0 2 8 0
19 : 34 56 6 2 0
20 : 59 56 2 4 0
21 : 78 0 2 21 0
22 : 40 56 4 5 0
23 : 92 23 17 4 1
24 : 14 56 7 2 0
25 : 51 56 5 1 1
26 : 96 23 3 17 0
27 : 71 56 2 3 0
28 : 58 23 7 25 1
29 : 65 56 3 3 0
30 : 0 56 4 7 1
31 : 82 43 8 10 0
32 : 0 23 32 15 0
33 : 48 56 5 3 1
34 : 7 56 7 3 0
35 : 90 0 2 14 0
36 : 28 56 5 6 1
37 : 92 0 14 1 1
38 : 73 43 11 8 1
39 : 16 43 15 11 0
40 : 99 43 9 1 1
41 : 99 23 1 17 0
42 : 56 56 3 4 0
43 : 32 23 20 26 1
44 : 71 43 13 2 1
45 : 52 56 4 4 0
46 : 96 0 1 8 0
47 : 38 0 23 36 1
48 : 74 56 2 2 0
49 : 63 56 4 2 1
