300 194
0 : 110 170 2 3 1
1 : 17 172 18 12 0
2 : 263 172 14 5 1
3 : 197 121 11 6 1
4 : 50 172 12 16 1
5 : 48 62 6 44 1
6 : 162 36 2 10 1
7 : 274 67 2 23 1
8 : 39 103 52 6 0
9 : 166 109 12 39 1
10 : 205 155 7 26 1
11 : 147 172 10 13 0
12 : 186 169 19 3 0
13 : 159 70 59 12 0
14 : 229 153 2 14 1
15 : 132 33 8 4 0
16 : 0 70 39 39 0
17 : 271 133 14 24 1
18 : 229 133 20 19 1
19 : 153 151 4 4 0
20 : 231 155 18 14 0
21 : 73 155 12 23 1
22 : 181 133 30 12 0
23 : 298 37 1 2 1
24 : 297 59 2 11 0
25 : 233 128 5 26 1
26 : 0 162 9 16 1
27 : 175 0 65 32 0
28 : 158 133 23 19 0
29 : 128 172 5 19 1
30 : 16 162 10 14 1
31 : 0 146 6 30 1
32 : 166 132 31 1 0
33 : 205 172 16 5 0
34 : 249 155 26 6 0
35 : 86 184 8 3 0
36 : 198 172 7 15 0
37 : 138 107 2 2 0
38 : 266 108 1 24 1
39 : 162 60 9 50 1
40 : 228 185 7 2 0
41 : 141 155 20 14 0
42 : 248 149 22 6 0
43 : 183 168 3 4 0
44 : 272 185 2 4 1
45 : 280 185 7 2 0
46 : 218 70 22 48 1
47 : 95 38 67 26 0
48 : 35 133 22 23 1
49 : 45 109 39 14 0
50 : 181 145 7 29 1
51 : 159 82 13 45 1
52 : 205 131 22 2 0
53 : 93 87 14 5 1
54 : 233 109 19 29 1
55 : 78 185 8 2 0
56 : 48 39 46 23 0
57 : 275 162 22 9 0
58 : 221 172 7 14 0
59 : 0 152 1 33 1
60 : 161 155 25 9 0
61 : 295 120 13 4 1
62 : 274 38 23 29 0
63 : 166 121 11 31 1
64 : 141 169 14 3 0
65 : 33 152 1 2 1
66 : 275 155 7 25 1
67 : 96 155 28 7 0
68 : 107 133 20 22 0
69 : 255 172 15 4 1
70 : 161 164 4 25 1
71 : 79 123 9 4 1
72 : 248 133 23 16 0
73 : 186 155 14 19 1
74 : 45 123 10 34 1
75 : 266 161 9 9 0
76 : 294 181 2 4 1
77 : 72 0 103 7 0
78 : 245 169 4 3 0
79 : 262 109 11 37 1
80 : 86 181 8 3 0
81 : 127 151 4 26 1
82 : 96 170 14 2 0
83 : 174 172 8 15 0
84 : 159 95 13 44 1
85 : 98 107 40 2 0
86 : 286 0 12 38 0
87 : 127 109 39 13 0
88 : 235 172 4 16 1
89 : 298 0 2 37 0
90 : 276 184 4 3 0
91 : 280 172 6 9 0
92 : 272 172 13 4 1
93 : 66 172 12 15 0
94 : 140 36 22 2 0
95 : 228 172 7 13 0
96 : 0 133 13 35 1
97 : 0 39 29 48 1
98 : 157 186 9 1 0
99 : 172 7 30 3 1
100 : 127 133 11 31 1
101 : 297 38 21 2 1
102 : 30 146 4 4 0
103 : 158 93 14 1 1
104 : 263 186 1 9 1
105 : 147 83 9 12 1
106 : 95 64 2 40 1
107 : 211 133 22 18 1
108 : 96 162 8 17 1
109 : 216 82 13 1 1
110 : 205 109 22 28 1
111 : 291 70 8 36 0
112 : 155 144 3 7 0
113 : 140 93 18 15 0
114 : 52 155 14 21 1
115 : 0 109 24 45 1
116 : 30 150 4 2 0
117 : 30 155 22 14 0
118 : 0 38 95 1 0
119 : 72 7 26 68 1
120 : 259 172 15 4 1
121 : 91 103 5 7 1
122 : 240 0 46 38 0
123 : 79 132 4 1 0
124 : 236 32 4 5 0
125 : 39 101 58 2 0
126 : 190 172 14 8 1
127 : 218 92 17 47 1
128 : 35 172 15 15 0
129 : 94 172 6 18 1
130 : 249 161 9 17 1
131 : 249 170 16 2 0
132 : 286 172 9 6 1
133 : 0 187 7 7 0
134 : 268 172 14 4 1
135 : 295 133 5 22 0
136 : 203 95 12 15 1
137 : 113 162 11 5 0
138 : 157 172 9 14 0
139 : 262 120 33 13 0
140 : 291 147 8 4 1
141 : 127 144 28 7 0
142 : 39 70 17 59 1
143 : 95 66 4 37 1
144 : 165 122 9 1 1
145 : 292 172 6 9 0
146 : 271 147 20 8 0
147 : 266 107 24 1 0
148 : 39 87 14 54 1
149 : 98 83 49 10 0
150 : 182 172 14 8 1
151 : 205 162 9 18 1
152 : 280 181 4 7 1
153 : 78 172 9 16 1
154 : 266 70 25 37 0
155 : 140 7 32 29 0
156 : 78 181 8 4 0
157 : 203 107 2 15 1
158 : 175 32 61 5 0
159 : 161 168 4 22 1
160 : 166 172 8 15 0
161 : 58 133 19 25 1
162 : 72 33 4 21 1
163 : 113 33 5 19 1
164 : 83 133 19 24 1
165 : 0 172 14 17 1
166 : 287 181 7 3 0
167 : 132 66 29 3 0
168 : 251 172 15 4 1
169 : 212 60 10 12 1
170 : 84 109 43 9 0
171 : 231 169 14 3 0
172 : 163 131 2 3 1
173 : 93 33 20 4 0
174 : 162 38 22 62 1
175 : 124 155 17 17 0
176 : 135 64 26 2 0
177 : 114 118 15 12 1
178 : 127 131 2 36 1
179 : 224 38 32 50 1
180 : 73 167 5 22 1
181 : 112 172 16 8 0
182 : 84 118 14 30 1
183 : 243 153 5 2 0
184 : 97 101 1 2 0
185 : 291 106 8 3 0
186 : 0 155 30 7 0
187 : 161 122 4 9 0
188 : 297 162 9 3 1
189 : 30 169 14 3 0
190 : 98 93 42 14 0
191 : 127 122 34 9 0
192 : 113 167 4 11 1
193 : 0 0 38 72 1
194 : 270 149 6 1 1
195 : 259 128 3 5 0
196 : 223 162 10 8 1
197 : 204 82 12 12 0
198 : 276 172 4 12 0
199 : 98 70 13 61 1
