1000 1418
0 : 564 656 94 6 0
1 : 859 1374 22 1 1
2 : 466 1374 25 23 1
3 : 442 1400 2 13 0
4 : 601 1400 7 6 1
5 : 536 211 16 133 1
6 : 37 1338 37 13 0
7 : 92 742 42 91 1
8 : 727 1338 32 7 1
9 : 0 1193 4 53 1
10 : 222 1374 27 10 0
11 : 406 1141 57 16 0
12 : 748 1338 32 2 1
13 : 650 1400 2 3 0
14 : 734 1277 31 41 1
15 : 858 1374 22 1 1
16 : 730 544 1 103 1
17 : 634 1400 4 4 0
18 : 985 1029 7 62 0
19 : 816 1277 41 5 0
20 : 576 1374 24 19 1
21 : 668 1091 50 59 1
22 : 0 966 69 42 0
23 : 823 966 67 63 0
24 : 356 57 168 76 0
25 : 158 1193 19 52 1
26 : 653 1400 1 2 0
27 : 80 867 29 79 1
28 : 858 1338 31 3 1
29 : 117 1141 18 58 1
30 : 251 1400 5 18 0
31 : 775 1277 23 41 1
32 : 414 966 3 69 1
33 : 519 1400 9 10 0
34 : 113 466 112 22 0
35 : 78 1400 11 19 1
36 : 226 0 202 57 0
37 : 611 1374 14 24 0
38 : 316 867 60 77 1
39 : 386 1237 48 3 0
40 : 80 1309 40 25 0
41 : 428 1400 4 14 0
42 : 0 1338 37 20 0
43 : 207 966 69 26 0
44 : 902 1338 28 29 0
45 : 647 1338 17 32 0
46 : 484 371 9 119 1
47 : 440 1309 40 4 0
48 : 183 1091 15 61 1
49 : 194 1237 48 16 0
50 : 686 1141 14 55 1
51 : 59 1400 15 19 1
52 : 0 466 34 113 1
53 : 94 656 94 81 0
54 : 849 1141 53 15 0
55 : 840 1338 8 31 0
56 : 432 1400 1 14 0
57 : 111 1338 36 36 0
58 : 654 1400 1 1 0
59 : 472 1338 3 33 0
60 : 480 1400 12 5 1
61 : 455 1400 12 11 1
62 : 647 1374 24 9 1
63 : 627 1338 20 32 0
64 : 588 828 82 39 0
65 : 367 928 21 72 1
66 : 380 1338 34 6 1
67 : 575 1141 56 8 0
68 : 533 1374 25 15 1
69 : 333 1029 66 2 0
70 : 159 867 18 79 1
71 : 480 1309 29 39 1
72 : 719 371 41 115 1
73 : 523 544 104 6 0
74 : 135 1277 44 25 0
75 : 134 1400 15 18 0
76 : 49 1237 49 7 0
77 : 695 594 22 95 1
78 : 584 1400 8 6 1
79 : 712 1309 7 38 1
80 : 482 1277 7 42 1
81 : 603 371 49 116 1
82 : 69 966 69 41 0
83 : 276 966 69 18 0
84 : 613 1193 5 50 1
85 : 553 1374 23 24 0
86 : 274 742 91 8 0
87 : 339 828 34 83 1
88 : 547 1400 9 8 1
89 : 423 1338 13 33 0
90 : 707 1338 32 11 1
91 : 374 1374 9 26 0
92 : 855 1374 22 3 1
93 : 149 1400 18 14 0
94 : 294 133 143 54 0
95 : 403 211 133 58 0
96 : 183 1338 15 36 0
97 : 788 1309 6 38 1
98 : 582 928 71 4 0
99 : 579 1400 9 4 1
100 : 636 301 17 125 1
101 : 385 1400 7 14 0
102 : 295 1400 8 17 0
103 : 502 1338 26 32 0
104 : 274 1400 17 12 1
105 : 376 656 29 94 1
106 : 347 1400 14 14 0
107 : 786 1091 22 59 1
108 : 75 928 75 2 0
109 : 875 1374 10 21 0
110 : 290 1237 48 4 0
111 : 765 1374 17 22 0
112 : 470 867 77 11 0
113 : 455 742 90 39 0
114 : 384 301 126 10 0
115 : 276 1374 27 4 0
116 : 603 1338 32 24 1
117 : 261 1193 11 51 1
118 : 793 928 70 16 0
119 : 723 928 70 27 0
120 : 511 1374 22 25 0
121 : 338 1237 4 48 1
122 : 590 1400 5 8 0
123 : 444 1400 11 12 0
124 : 469 1338 3 33 0
125 : 40 1400 19 16 0
126 : 842 656 42 92 1
127 : 0 0 28 226 1
128 : 673 1374 22 23 0
129 : 500 1400 11 8 1
130 : 0 1237 49 15 0
131 : 558 1309 3 39 1
132 : 282 656 94 32 0
133 : 483 966 68 40 0
134 : 646 1400 4 1 1
135 : 198 1338 36 14 0
136 : 528 1400 10 6 1
137 : 796 1374 22 14 1
138 : 67 1029 67 7 0
139 : 751 828 21 81 1
140 : 0 133 28 148 1
141 : 434 1237 36 47 1
142 : 61 1091 22 61 1
143 : 976 1029 62 9 1
144 : 850 1374 5 22 0
145 : 834 371 95 114 1
146 : 912 828 18 80 1
147 : 244 1091 61 15 0
148 : 309 1338 35 2 1
149 : 344 1400 3 15 0
150 : 134 1029 5 67 1
151 : 528 1237 47 9 0
152 : 463 1193 50 17 0
153 : 554 1338 32 25 1
154 : 408 1400 4 14 0
155 : 656 1374 24 8 1
156 : 122 371 122 12 0
157 : 761 301 123 30 0
158 : 474 1400 6 12 0
159 : 904 1091 2 59 1
160 : 0 742 92 28 0
161 : 53 1193 53 2 0
162 : 958 1374 12 20 0
163 : 437 133 41 140 1
164 : 989 1338 29 6 1
165 : 727 1091 59 38 0
166 : 694 1338 32 13 1
167 : 636 1309 15 38 1
168 : 167 1400 18 12 0
169 : 864 1309 3 38 1
170 : 750 1338 31 30 1
171 : 291 1141 58 3 0
172 : 548 1374 5 25 0
173 : 734 1338 32 7 1
174 : 310 1277 25 43 1
175 : 439 928 11 72 1
176 : 256 1400 4 18 0
177 : 737 1374 23 6 1
178 : 569 1400 9 6 1
179 : 511 928 71 38 0
180 : 428 0 10 202 1
181 : 412 1400 14 4 1
182 : 890 1374 5 21 0
183 : 952 1338 29 22 1
184 : 524 1277 42 6 0
185 : 551 966 35 68 1
186 : 160 1309 40 20 0
187 : 845 1091 59 6 0
188 : 687 966 11 68 1
189 : 668 1374 24 3 1
190 : 90 1277 3 45 1
191 : 939 1277 40 32 0
192 : 930 1338 29 22 1
193 : 863 928 14 70 1
194 : 331 1400 1 16 0
195 : 413 1193 50 34 0
196 : 775 867 6 76 1
197 : 120 1309 22 40 1
198 : 0 928 75 4 0
199 : 433 1400 1 14 0
200 : 366 1091 61 4 0
201 : 491 1400 9 11 0
202 : 0 371 122 17 0
203 : 501 594 99 56 0
204 : 419 544 40 104 1
205 : 210 544 11 105 1
206 : 45 1277 45 12 0
207 : 475 1338 32 27 1
208 : 260 1400 1 18 0
209 : 416 1400 14 4 1
210 : 800 211 130 7 0
211 : 308 1400 16 7 1
212 : 620 1400 2 6 0
213 : 714 1237 3 46 1
214 : 833 544 102 12 0
215 : 808 742 86 70 0
216 : 332 1400 15 12 1
217 : 577 133 10 139 1
218 : 760 1237 38 45 1
219 : 20 1400 8 20 1
220 : 555 1400 9 8 1
221 : 625 1374 24 12 1
222 : 183 742 22 91 1
223 : 258 301 22 126 1
224 : 267 1277 43 32 0
225 : 225 466 112 22 0
226 : 150 928 73 30 0
227 : 780 1338 31 30 1
228 : 334 1338 34 19 1
229 : 612 1400 7 4 1
230 : 270 1338 36 6 0
231 : 105 544 17 105 1
232 : 286 1400 17 9 1
233 : 579 1338 32 24 1
234 : 460 1338 33 5 1
235 : 106 1193 52 23 0
236 : 729 1374 8 23 0
237 : 599 1400 8 2 1
238 : 699 867 10 76 1
239 : 653 928 70 33 0
240 : 386 1338 33 22 1
241 : 513 1193 13 50 1
242 : 810 1338 21 31 0
243 : 168 1374 19 27 1
244 : 261 1400 17 13 1
245 : 630 1400 4 4 0
246 : 74 1338 4 37 1
247 : 505 828 15 83 1
248 : 170 828 85 15 0
249 : 750 656 50 92 1
250 : 399 1029 66 1 0
251 : 658 656 92 73 0
252 : 519 1309 11 39 1
253 : 140 1374 4 28 1
254 : 375 1400 10 14 0
255 : 465 1029 62 65 1
256 : 914 1029 62 13 0
257 : 112 1374 28 5 0
258 : 902 1141 53 4 0
259 : 716 133 78 137 1
260 : 195 1374 12 27 1
261 : 209 1400 18 10 0
262 : 795 1141 19 54 1
263 : 392 1400 14 6 1
264 : 626 1400 5 4 1
265 : 510 301 126 1 0
266 : 210 1193 44 51 1
267 : 539 1400 9 8 1
268 : 223 928 72 29 0
269 : 371 1338 9 34 0
270 : 944 1374 14 20 0
271 : 0 828 37 85 1
272 : 545 742 22 89 1
273 : 329 1400 16 2 1
274 : 528 1338 26 32 0
275 : 326 1400 16 3 1
276 : 664 1338 32 16 1
277 : 138 966 69 40 0
278 : 850 1237 31 45 1
279 : 188 656 34 94 1
280 : 365 742 90 45 0
281 : 396 1277 43 14 0
282 : 670 466 78 109 1
283 : 416 1374 26 1 0
284 : 201 1029 32 66 1
285 : 321 1400 5 16 0
286 : 893 1338 30 5 1
287 : 716 1374 23 13 1
288 : 0 1029 16 67 1
289 : 779 466 109 14 0
290 : 295 928 72 25 0
291 : 197 1400 12 18 0
292 : 223 1277 6 44 1
293 : 718 1338 32 9 1
294 : 637 1374 10 24 0
295 : 390 1374 26 3 0
296 : 963 742 25 86 0
297 : 885 594 4 95 1
298 : 530 1029 65 47 0
299 : 548 1091 60 31 0
300 : 845 1374 5 22 0
301 : 315 1400 16 6 1
302 : 627 544 11 103 1
303 : 745 1338 3 32 0
304 : 669 211 131 44 0
305 : 249 1374 27 9 0
306 : 648 1400 3 2 1
307 : 812 1193 49 29 0
308 : 519 1141 56 12 0
309 : 575 1237 4 47 1
310 : 0 544 26 105 1
311 : 988 742 86 10 1
312 : 101 594 5 101 1
313 : 349 1141 57 22 0
314 : 361 1400 14 14 0
315 : 449 466 61 111 1
316 : 363 1193 50 41 0
317 : 713 1193 50 1 0
318 : 438 1400 13 4 1
319 : 597 1309 2 39 1
320 : 302 594 2 100 1
321 : 116 1400 18 18 0
322 : 763 1193 49 30 0
323 : 242 1237 48 6 0
324 : 600 594 95 62 0
325 : 755 966 68 1 0
326 : 721 742 41 87 1
327 : 534 1400 10 3 1
328 : 148 133 8 146 1
329 : 860 1374 21 15 1
330 : 481 1237 47 13 0
331 : 398 1400 14 5 1
332 : 466 1400 12 8 1
333 : 424 1400 14 4 1
334 : 179 1277 23 44 1
335 : 436 1338 33 13 1
336 : 974 1338 29 8 1
337 : 0 301 130 5 0
338 : 408 1338 15 33 0
339 : 668 1237 22 46 1
340 : 894 742 69 86 0
341 : 427 1091 61 4 0
342 : 902 1309 2 38 1
343 : 0 57 39 186 1
344 : 595 1400 8 4 1
345 : 365 371 119 86 0
346 : 146 1237 48 19 0
347 : 830 1374 22 9 1
348 : 595 1029 65 3 0
349 : 537 1400 10 2 1
350 : 788 1029 33 63 1
351 : 56 1374 28 14 0
352 : 0 1374 23 28 1
353 : 240 1309 40 14 0
354 : 439 1277 43 1 0
355 : 245 1400 6 18 0
356 : 0 1309 29 40 1
357 : 583 1400 1 9 0
358 : 664 1374 4 24 0
359 : 674 1309 38 9 0
360 : 805 1237 34 45 1
361 : 402 594 99 58 0
362 : 233 1141 4 58 1
363 : 566 1277 42 5 0
364 : 890 966 67 28 0
365 : 898 1277 41 3 0
366 : 97 1400 11 19 1
367 : 631 1141 55 22 0
368 : 782 1374 14 22 0
369 : 303 1400 17 5 1
370 : 400 1309 8 40 1
371 : 360 1309 9 40 1
372 : 383 1374 7 26 0
373 : 619 966 68 29 0
374 : 434 1400 4 13 0
375 : 832 828 33 80 1
376 : 306 1338 35 3 1
377 : 393 867 77 29 0
378 : 348 1374 26 18 0
379 : 305 1091 5 61 1
380 : 0 656 86 94 1
381 : 650 1277 42 5 0
382 : 686 57 66 160 1
383 : 831 1338 31 9 1
384 : 488 1091 37 60 1
385 : 820 1374 10 22 0
386 : 915 1374 15 20 0
387 : 353 1277 43 17 0
388 : 940 1237 45 22 0
389 : 59 1141 52 58 1
390 : 320 1309 40 10 0
391 : 595 1374 24 16 1
392 : 337 466 112 22 0
393 : 743 1374 22 22 0
394 : 489 1400 2 12 0
395 : 0 1400 10 20 1
396 : 489 1374 25 22 1
397 : 846 57 10 150 1
398 : 465 1338 4 33 0
399 : 315 544 50 104 1
400 : 200 1309 40 15 0
401 : 853 133 53 137 1
402 : 898 1338 4 30 0
403 : 463 1141 56 33 0
404 : 851 1029 32 63 1
405 : 420 1400 4 14 0
406 : 269 211 134 41 0
407 : 896 1374 19 20 0
408 : 607 1400 5 7 0
409 : 741 1141 28 54 1
410 : 403 1400 14 5 1
411 : 692 1277 42 4 0
412 : 147 1338 36 15 0
413 : 470 656 94 23 0
414 : 311 1338 34 23 1
415 : 641 1400 3 4 0
416 : 563 1193 50 8 0
417 : 741 1338 32 4 1
418 : 122 1091 18 61 1
419 : 175 1141 58 7 0
420 : 671 1374 24 2 1
421 : 851 867 23 75 1
422 : 508 1400 11 2 1
423 : 524 57 162 5 0
424 : 255 828 84 20 0
425 : 560 466 110 67 0
426 : 510 1400 10 9 1
427 : 638 1400 3 4 0
428 : 28 1374 28 15 0
429 : 930 1374 14 20 0
430 : 826 1309 3 38 1
431 : 202 594 15 100 1
432 : 227 1400 18 7 0
433 : 608 1277 5 42 1
434 : 547 867 76 31 0
435 : 186 57 8 170 1
436 : 885 1374 21 5 1
437 : 312 1193 5 51 1
438 : 0 1277 13 45 1
439 : 680 1338 14 32 0
440 : 442 1374 25 24 1
441 : 238 867 78 61 0
442 : 575 1400 9 4 1
443 : 0 594 12 101 1
444 : 895 1374 21 1 1
445 : 0 211 135 21 0
446 : 616 1400 6 4 1
447 : 40 1309 28 40 1
448 : 135 211 134 90 0
449 : 910 1193 49 17 0
450 : 98 1237 40 48 1
451 : 660 1029 33 64 1
452 : 422 828 34 83 1
453 : 0 867 2 80 1
454 : 790 594 95 12 0
455 : 303 1374 26 26 0
456 : 940 1309 26 37 1
457 : 449 1338 33 11 1
458 : 695 1374 23 21 1
459 : 982 1338 7 29 0
460 : 970 1374 11 20 0
461 : 608 1091 13 60 1
462 : 652 1400 2 1 1
463 : 280 1309 40 14 0
464 : 861 1338 30 22 1
465 : 895 1237 24 45 1
466 : 839 1374 6 22 0
467 : 267 1029 66 31 0
468 : 563 1400 9 6 1
469 : 0 1091 44 61 1
470 : 0 1141 1 59 1
471 : 670 828 24 81 1
472 : 329 1374 19 26 0
473 : 244 371 19 121 1
474 : 622 1237 46 23 0
475 : 848 1338 6 31 0
476 : 857 1277 5 41 1
477 : 185 1400 12 18 0
478 : 85 828 15 85 1
479 : 84 1374 5 28 1
480 : 634 742 86 87 1
481 : 234 1338 36 12 0
482 : 724 1029 64 7 0
483 : 622 1400 5 4 1
484 : 353 1338 34 18 1
485 : 883 1338 30 10 1
486 : 630 0 194 13 0
487 : 750 1309 38 6 0
488 : 647 1400 1 4 0
489 : 888 466 106 2 0
490 : 981 1374 11 20 0
491 : 485 1400 4 12 0
492 : 810 1374 22 10 1
493 : 130 301 70 128 1
494 : 623 867 14 76 1
495 : 854 1338 4 31 0
496 : 644 1400 2 4 0
497 : 345 966 69 16 0
498 : 861 1193 20 49 1
499 : 663 1193 2 50 1
