300 249
0 : 292 244 2 3 0
1 : 287 113 18 12 1
2 : 163 233 14 5 0
3 : 177 233 11 6 0
4 : 251 188 12 16 1
5 : 37 188 6 44 1
6 : 195 244 2 10 1
7 : 64 239 2 23 1
8 : 0 171 52 6 0
9 : 25 132 12 39 1
10 : 267 188 7 26 1
11 : 277 203 10 13 1
12 : 297 132 19 3 1
13 : 218 99 59 12 0
14 : 54 244 2 14 1
15 : 287 239 8 4 0
16 : 251 0 39 39 0
17 : 267 152 14 24 1
18 : 132 152 20 19 0
19 : 205 244 4 4 0
20 : 81 188 18 14 0
21 : 263 171 12 23 1
22 : 175 152 30 12 0
23 : 2 248 1 2 1
24 : 170 244 2 11 1
25 : 295 38 5 26 0
26 : 208 203 9 16 1
27 : 72 0 65 32 0
28 : 233 132 23 19 0
29 : 0 224 5 19 1
30 : 224 203 10 14 1
31 : 30 203 6 30 1
32 : 8 244 31 1 0
33 : 0 233 16 5 0
34 : 100 203 26 6 0
35 : 106 244 8 3 0
36 : 293 188 7 15 0
37 : 296 244 2 2 0
38 : 146 244 1 24 1
39 : 161 132 9 50 1
40 : 225 244 7 2 0
41 : 243 171 20 14 0
42 : 255 203 22 6 0
43 : 248 244 3 4 0
44 : 288 244 2 4 0
45 : 218 244 7 2 0
46 : 46 70 22 48 1
47 : 0 38 67 26 0
48 : 277 99 22 23 1
49 : 160 113 39 14 0
50 : 144 188 7 29 1
51 : 42 113 13 45 1
52 : 109 239 22 2 0
53 : 149 233 14 5 0
54 : 131 113 19 29 1
55 : 298 215 8 2 1
56 : 0 70 46 23 0
57 : 173 188 22 9 0
58 : 271 215 7 14 1
59 : 230 239 1 33 1
60 : 291 70 25 9 1
61 : 13 239 13 4 0
62 : 272 38 23 29 0
63 : 205 152 11 31 1
64 : 177 239 14 3 0
65 : 299 244 1 2 0
66 : 75 203 7 25 1
67 : 195 188 28 7 0
68 : 211 132 20 22 1
69 : 234 233 15 4 0
70 : 246 215 4 25 1
71 : 205 239 9 4 0
72 : 152 152 23 16 0
73 : 18 188 14 19 1
74 : 290 0 10 34 0
75 : 235 224 9 9 0
76 : 286 244 2 4 0
77 : 115 99 103 7 0
78 : 245 244 4 3 1
79 : 30 152 11 37 1
80 : 98 244 8 3 0
81 : 220 215 4 26 1
82 : 68 244 14 2 0
83 : 30 215 8 15 1
84 : 87 113 13 44 1
85 : 244 224 40 2 0
86 : 64 132 12 38 1
87 : 199 113 39 13 0
88 : 188 233 4 16 1
89 : 76 233 2 37 1
90 : 251 244 4 3 1
91 : 274 233 6 9 1
92 : 0 239 13 4 0
93 : 0 203 12 15 1
94 : 87 239 22 2 0
95 : 285 215 7 13 1
96 : 126 132 13 35 1
97 : 117 38 29 48 1
98 : 268 244 9 1 0
99 : 133 224 30 3 0
100 : 236 152 11 31 1
101 : 156 239 21 2 0
102 : 209 244 4 4 0
103 : 299 113 14 1 1
104 : 259 244 1 9 1
105 : 190 215 9 12 1
106 : 36 233 2 40 1
107 : 67 152 22 18 0
108 : 238 203 8 17 1
109 : 232 244 13 1 0
110 : 269 70 22 28 0
111 : 207 171 8 36 1
112 : 181 244 3 7 1
113 : 0 188 18 15 0
114 : 169 171 14 21 1
115 : 227 38 24 45 1
116 : 290 244 4 2 1
117 : 52 171 22 14 0
118 : 19 224 95 1 0
119 : 137 0 26 68 1
120 : 219 233 15 4 0
121 : 223 239 5 7 1
122 : 205 0 46 38 0
123 : 298 244 4 1 1
124 : 295 239 4 5 1
125 : 60 215 58 2 0
126 : 118 215 14 8 0
127 : 222 70 17 47 1
128 : 99 188 15 15 0
129 : 202 215 6 18 1
130 : 126 203 9 17 1
131 : 271 239 16 2 0
132 : 294 224 9 6 1
133 : 292 233 7 7 0
134 : 249 233 14 4 0
135 : 146 215 5 22 1
136 : 60 203 12 15 1
137 : 263 233 11 5 0
138 : 16 215 9 14 1
139 : 256 132 33 13 0
140 : 0 244 8 4 0
141 : 223 188 28 7 0
142 : 94 70 17 59 1
143 : 143 203 4 37 1
144 : 277 244 9 1 0
145 : 283 233 6 9 1
146 : 289 132 20 8 1
147 : 114 244 24 1 0
148 : 61 99 14 54 1
149 : 238 113 49 10 0
150 : 132 215 14 8 0
151 : 291 152 9 18 0
152 : 82 244 4 7 1
153 : 192 203 9 16 1
154 : 185 70 25 37 1
155 : 153 70 32 29 0
156 : 263 239 8 4 0
157 : 39 244 2 15 1
158 : 108 171 61 5 0
159 : 163 224 4 22 1
160 : 45 215 8 15 1
161 : 0 132 19 25 1
162 : 214 224 4 21 1
163 : 114 224 5 19 1
164 : 102 132 19 24 1
165 : 286 171 14 17 0
166 : 188 244 7 3 0
167 : 185 224 29 3 0
168 : 204 233 15 4 0
169 : 290 203 10 12 0
170 : 89 152 43 9 0
171 : 142 239 14 3 0
172 : 294 244 2 3 0
173 : 16 233 20 4 0
174 : 165 38 22 62 1
175 : 190 171 17 17 0
176 : 26 239 26 2 0
177 : 15 203 15 12 0
178 : 113 233 2 36 1
179 : 67 38 32 50 1
180 : 168 215 5 22 1
181 : 0 215 16 8 0
182 : 0 152 14 30 1
183 : 254 244 5 2 0
184 : 0 248 1 2 1
185 : 138 244 8 3 0
186 : 114 188 30 7 0
187 : 214 239 4 9 1
188 : 89 244 9 3 0
189 : 191 239 14 3 0
190 : 0 113 42 14 0
191 : 74 171 34 9 0
192 : 131 239 4 11 1
193 : 0 0 38 72 1
194 : 299 233 6 1 1
195 : 213 244 3 5 1
196 : 284 224 10 8 0
197 : 180 203 12 12 0
198 : 52 239 4 12 1
199 : 0 99 13 61 1
