200 171
0 : 22 164 4 6 0
1 : 49 164 2 4 0
2 : 0 0 110 45 0
3 : 104 149 1 15 0
4 : 47 164 2 4 0
5 : 29 164 6 3 1
6 : 143 91 1 27 0
7 : 23 118 4 23 1
8 : 188 45 9 14 0
9 : 155 149 1 11 0
10 : 102 149 15 2 1
11 : 166 91 18 24 0
12 : 190 149 8 1 1
13 : 91 59 15 40 1
14 : 105 149 7 14 0
15 : 151 149 11 4 1
16 : 54 164 1 2 0
17 : 198 0 37 2 1
18 : 62 135 20 8 0
19 : 118 149 12 9 1
20 : 82 149 15 15 0
21 : 42 135 14 20 1
22 : 137 91 4 27 0
23 : 176 135 1 18 1
24 : 90 118 22 14 0
25 : 191 91 23 7 1
26 : 38 164 5 3 1
27 : 156 118 5 22 1
28 : 160 91 6 25 0
29 : 130 45 14 58 1
30 : 0 149 17 9 0
31 : 51 164 3 2 1
32 : 197 59 1 20 0
33 : 187 149 8 3 1
34 : 140 135 18 8 0
35 : 198 91 20 2 1
36 : 121 135 6 19 1
37 : 0 45 67 3 0
38 : 156 149 10 8 1
39 : 167 149 8 9 0
40 : 178 118 21 11 0
41 : 34 164 4 5 0
42 : 66 149 4 16 1
43 : 46 118 17 22 1
44 : 62 91 20 30 1
45 : 194 135 14 5 1
46 : 112 118 12 22 1
47 : 82 135 20 5 0
48 : 147 149 4 11 0
49 : 7 164 7 4 1
50 : 131 59 33 32 0
51 : 102 135 19 9 0
52 : 121 91 27 16 1
53 : 158 135 18 5 0
54 : 34 149 8 16 1
55 : 192 149 8 1 1
56 : 44 164 4 3 1
57 : 110 0 3 71 1
58 : 197 0 41 1 1
59 : 97 149 15 5 1
60 : 164 59 33 4 0
61 : 17 149 5 17 1
62 : 182 149 4 9 0
63 : 188 91 3 24 0
64 : 139 149 11 8 1
65 : 17 164 6 5 1
66 : 0 59 50 27 0
67 : 144 91 25 16 1
68 : 92 91 22 29 1
69 : 184 91 4 24 0
70 : 0 135 8 21 1
71 : 32 164 6 2 1
72 : 175 149 9 7 1
73 : 116 149 14 2 1
74 : 197 45 14 3 1
75 : 68 118 15 22 1
76 : 191 149 1 8 0
77 : 50 149 7 16 1
78 : 164 149 3 10 0
79 : 21 135 21 5 0
80 : 186 149 1 9 0
81 : 181 0 4 45 0
82 : 199 135 14 1 1
83 : 50 59 41 18 0
84 : 32 91 27 30 1
85 : 193 149 7 7 0
86 : 11 164 6 6 0
87 : 0 91 7 32 1
88 : 41 164 4 3 1
89 : 185 0 44 12 1
90 : 53 164 1 2 0
91 : 136 149 12 3 1
92 : 134 118 22 10 0
93 : 141 91 27 2 1
94 : 67 45 5 63 1
95 : 0 118 23 15 0
96 : 0 164 7 7 0
97 : 112 149 14 4 1
98 : 127 149 9 12 0
99 : 26 164 3 6 0
