300 342
0 : 0 0 2 3 1
1 : 3 0 18 12 0
2 : 21 0 14 5 0
3 : 35 0 11 6 1
4 : 41 0 12 16 1
5 : 57 0 6 44 1
6 : 101 0 2 10 0
7 : 103 0 2 23 1
8 : 126 0 52 6 0
9 : 178 0 12 39 1
10 : 217 0 7 26 1
11 : 243 0 10 13 1
12 : 256 0 19 3 0
13 : 0 12 59 12 0
14 : 275 0 2 14 1
15 : 289 0 8 4 1
16 : 59 12 39 39 0
17 : 98 12 14 24 0
18 : 112 12 20 19 1
19 : 293 0 4 4 0
20 : 131 12 18 14 1
21 : 145 12 12 23 0
22 : 157 12 30 12 1
23 : 297 0 1 2 0
24 : 298 0 2 11 0
25 : 169 12 5 26 0
26 : 174 12 9 16 0
27 : 183 12 65 32 0
28 : 248 12 23 19 1
29 : 267 12 5 19 0
30 : 272 12 10 14 0
31 : 282 12 6 30 0
32 : 288 12 31 1 1
33 : 289 12 16 5 1
34 : 294 12 26 6 1
35 : 0 51 8 3 0
36 : 8 51 7 15 1
37 : 23 51 2 2 0
38 : 25 51 1 24 1
39 : 49 51 9 50 1
40 : 99 51 7 2 1
41 : 101 51 20 14 0
42 : 121 51 22 6 0
43 : 143 51 3 4 0
44 : 146 51 2 4 0
45 : 148 51 7 2 1
46 : 150 51 22 48 1
47 : 198 51 67 26 0
48 : 265 51 22 23 0
49 : 0 77 39 14 0
50 : 39 77 7 29 1
51 : 68 77 13 45 1
52 : 287 51 22 2 1
53 : 113 77 14 5 1
54 : 118 77 19 29 1
55 : 147 77 8 2 1
56 : 149 77 46 23 0
57 : 195 77 22 9 1
58 : 204 77 7 14 0
59 : 211 77 1 33 1
60 : 289 51 25 9 1
61 : 244 77 13 4 1
62 : 248 77 23 29 1
63 : 0 100 11 31 1
64 : 31 100 14 3 0
65 : 45 100 1 2 0
66 : 46 100 7 25 1
67 : 71 100 28 7 0
68 : 99 100 20 22 1
69 : 121 100 15 4 1
70 : 125 100 4 25 1
71 : 150 100 9 4 1
72 : 277 77 23 16 0
73 : 154 100 14 19 0
74 : 168 100 10 34 1
75 : 202 100 9 9 0
76 : 211 100 2 4 0
77 : 0 120 103 7 0
78 : 103 120 4 3 1
79 : 106 120 11 37 1
80 : 143 120 8 3 1
81 : 146 120 4 26 1
82 : 213 100 14 2 1
83 : 172 120 8 15 1
84 : 187 120 13 44 1
85 : 231 120 40 2 0
86 : 215 100 12 38 1
87 : 253 100 39 13 0
88 : 292 100 4 16 0
89 : 0 133 2 37 1
90 : 37 133 4 3 0
91 : 41 133 6 9 1
92 : 271 120 13 4 0
93 : 50 133 12 15 1
94 : 298 51 22 2 1
95 : 284 120 7 13 1
96 : 65 133 13 35 1
97 : 100 133 29 48 1
98 : 297 120 9 1 1
99 : 148 133 30 3 0
100 : 178 133 11 31 1
101 : 209 133 21 2 1
102 : 296 100 4 4 0
103 : 211 133 14 1 1
104 : 298 120 1 9 0
105 : 212 133 9 12 0
106 : 221 133 2 40 1
107 : 261 133 22 18 1
108 : 279 133 8 17 0
109 : 299 120 13 1 1
110 : 0 162 22 28 1
111 : 28 162 8 36 1
112 : 64 162 3 7 0
113 : 67 162 18 15 1
114 : 82 162 14 21 0
115 : 96 162 24 45 1
116 : 141 162 4 2 1
117 : 143 162 22 14 1
118 : 157 162 95 1 0
119 : 0 186 26 68 1
120 : 252 162 15 4 1
121 : 256 162 5 7 0
122 : 68 186 46 38 0
123 : 261 162 4 1 1
124 : 262 162 4 5 0
125 : 114 186 58 2 0
126 : 266 162 14 8 1
127 : 172 186 17 47 1
128 : 274 162 15 15 0
129 : 289 162 6 18 0
130 : 287 133 9 17 0
131 : 295 162 16 2 1
132 : 219 186 9 6 1
133 : 225 186 7 7 0
134 : 296 133 14 4 1
135 : 232 186 5 22 0
136 : 237 186 12 15 0
137 : 249 186 11 5 1
138 : 254 186 9 14 0
139 : 263 186 33 13 1
140 : 276 186 8 4 1
141 : 280 186 28 7 1
142 : 0 224 17 59 1
143 : 287 186 4 37 0
144 : 59 224 9 1 1
145 : 60 224 6 9 0
146 : 66 224 20 8 0
147 : 297 162 24 1 1
148 : 86 224 14 54 1
149 : 140 224 49 10 0
150 : 189 224 14 8 1
151 : 197 224 9 18 1
152 : 215 224 4 7 0
153 : 219 224 9 16 0
154 : 228 224 25 37 1
155 : 265 224 32 29 0
156 : 291 186 8 4 1
157 : 298 162 2 15 0
158 : 0 253 61 5 0
159 : 61 253 4 22 1
160 : 83 253 8 15 1
161 : 98 253 19 25 1
162 : 123 253 4 21 1
163 : 144 253 5 19 0
164 : 149 253 19 24 1
165 : 173 253 14 17 0
166 : 187 253 7 3 1
167 : 297 224 29 3 1
168 : 190 253 15 4 1
169 : 194 253 10 12 0
170 : 204 253 43 9 0
171 : 247 253 14 3 1
172 : 250 253 2 3 0
173 : 252 253 20 4 0
174 : 0 272 22 62 1
175 : 272 253 17 17 0
176 : 295 186 26 2 1
177 : 62 272 15 12 1
178 : 297 186 2 36 0
179 : 74 272 32 50 1
180 : 124 272 5 22 0
181 : 289 253 16 8 1
182 : 129 272 14 30 0
183 : 297 253 5 2 1
184 : 299 253 1 2 0
185 : 143 272 8 3 1
186 : 146 272 30 7 1
187 : 153 272 4 9 0
188 : 157 272 9 3 1
189 : 160 272 14 3 1
190 : 163 272 42 14 0
191 : 205 272 34 9 0
192 : 239 272 4 11 0
193 : 0 304 38 72 1
194 : 243 272 6 1 1
195 : 244 272 3 5 0
196 : 247 272 10 8 1
197 : 255 272 12 12 0
198 : 267 272 4 12 0
199 : 72 304 13 61 1
