100 44
0 : 25 36 4 22 1
1 : 90 23 9 4 0
2 : 45 23 18 10 0
3 : 63 23 19 9 0
4 : 94 15 5 4 0
5 : 53 20 3 3 0
6 : 47 36 4 15 1
7 : 89 33 1 3 0
8 : 45 33 13 3 0
9 : 0 23 13 14 1
10 : 96 29 2 4 1
11 : 39 40 1 14 1
12 : 62 15 8 13 1
13 : 25 42 1 7 1
14 : 14 23 11 16 1
15 : 89 36 11 1 0
16 : 0 43 38 1 0
17 : 94 0 9 5 1
18 : 35 34 2 8 1
19 : 90 29 6 2 0
20 : 98 19 2 4 0
21 : 14 34 2 21 1
22 : 90 15 4 5 0
23 : 63 32 17 4 0
24 : 90 27 7 2 0
25 : 33 41 5 1 0
26 : 36 20 3 17 1
27 : 97 27 2 3 1
28 : 0 36 7 25 1
29 : 56 20 3 3 0
30 : 86 15 4 7 0
31 : 82 23 8 10 0
32 : 62 0 32 15 0
33 : 58 33 5 3 0
34 : 82 33 7 3 0
35 : 62 36 2 14 1
36 : 94 9 5 6 0
37 : 25 40 14 1 0
38 : 75 15 11 8 0
39 : 30 23 15 11 0
40 : 53 40 9 1 0
41 : 99 0 1 17 0
42 : 90 20 3 4 1
43 : 36 0 20 26 1
44 : 76 36 13 2 0
45 : 94 19 4 4 0
46 : 25 41 1 8 1
47 : 0 0 23 36 1
48 : 43 34 2 2 0
49 : 80 32 4 2 1
