1000 696
0 : 0 0 94 6 0
1 : 94 0 22 1 0
2 : 116 0 25 23 0
3 : 141 0 2 13 0
4 : 143 0 7 6 1
5 : 149 0 16 133 1
6 : 282 0 37 13 0
7 : 319 0 42 91 1
8 : 410 0 32 7 1
9 : 417 0 4 53 1
10 : 470 0 27 10 1
11 : 480 0 57 16 0
12 : 537 0 32 2 1
13 : 539 0 2 3 0
14 : 541 0 31 41 0
15 : 572 0 22 1 1
16 : 573 0 1 103 1
17 : 676 0 4 4 0
18 : 680 0 7 62 1
19 : 742 0 41 5 1
20 : 747 0 24 19 1
21 : 766 0 50 59 1
22 : 825 0 69 42 0
23 : 894 0 67 63 0
24 : 0 63 168 76 0
25 : 94 1 19 52 0
26 : 742 41 1 2 0
27 : 0 6 29 79 1
28 : 410 32 31 3 1
29 : 825 42 18 58 1
30 : 742 43 5 18 0
31 : 282 13 23 41 0
32 : 319 42 3 69 1
33 : 883 42 9 10 0
34 : 149 16 112 22 0
35 : 79 6 11 19 0
36 : 168 63 202 57 0
37 : 541 41 14 24 1
38 : 573 1 60 77 1
39 : 113 1 48 3 1
40 : 116 23 40 25 1
41 : 565 41 4 14 0
42 : 650 1 37 20 1
43 : 0 35 69 26 0
44 : 480 16 28 29 0
45 : 747 24 17 32 0
46 : 149 38 9 119 1
47 : 305 13 40 4 1
48 : 961 0 15 61 0
49 : 976 0 48 16 1
50 : 319 45 14 55 1
51 : 261 16 15 19 0
52 : 370 63 34 113 1
53 : 483 63 94 81 0
54 : 680 7 53 15 0
55 : 541 55 8 31 1
56 : 961 61 1 14 1
57 : 417 4 36 36 0
58 : 975 61 1 1 0
59 : 670 1 3 33 0
60 : 268 38 12 5 0
61 : 976 48 12 11 0
62 : 480 45 24 9 0
63 : 508 16 20 32 0
64 : 577 63 82 39 0
65 : 659 63 21 72 0
66 : 470 27 34 6 1
67 : 766 50 56 8 0
68 : 508 48 25 15 0
69 : 0 61 66 2 0
70 : 680 63 18 79 0
71 : 680 22 29 39 0
72 : 698 63 41 115 1
73 : 149 47 104 6 0
74 : 813 63 44 25 1
75 : 69 35 15 18 0
76 : 309 13 49 7 1
77 : 838 63 22 95 1
78 : 883 52 8 6 0
79 : 417 40 7 38 1
80 : 417 47 7 42 1
81 : 0 144 49 116 1
82 : 577 102 69 41 0
83 : 838 85 69 18 0
84 : 417 54 5 50 1
85 : 650 38 23 24 0
86 : 698 104 91 8 0
87 : 838 103 34 83 1
88 : 79 25 9 8 0
89 : 453 4 13 33 0
90 : 921 103 32 11 1
91 : 480 54 9 26 1
92 : 388 42 22 3 0
93 : 907 85 18 14 0
94 : 116 144 143 54 0
95 : 259 144 133 58 0
96 : 374 45 15 36 1
97 : 646 102 6 38 0
98 : 838 137 71 4 0
99 : 504 45 9 4 1
100 : 168 120 17 125 1
101 : 455 40 7 14 1
102 : 925 85 8 17 0
103 : 709 22 26 32 0
104 : 813 107 17 12 0
105 : 370 97 29 94 1
106 : 813 119 14 14 0
107 : 293 120 22 59 1
108 : 573 61 75 2 0
109 : 94 53 10 21 1
110 : 417 59 48 4 0
111 : 352 120 17 22 0
112 : 370 126 77 11 0
113 : 392 144 90 39 0
114 : 149 53 126 10 0
115 : 253 47 27 4 0
116 : 933 63 32 24 0
117 : 933 87 11 51 0
118 : 698 112 70 16 0
119 : 482 144 70 27 0
120 : 965 63 22 25 1
121 : 319 59 4 48 1
122 : 88 25 5 8 0
123 : 813 133 11 12 1
124 : 476 27 3 33 0
125 : 464 97 19 16 0
126 : 552 144 42 92 1
127 : 644 144 28 226 1
128 : 944 87 22 23 0
129 : 830 107 11 8 1
130 : 966 87 49 15 1
131 : 652 102 3 39 0
132 : 870 144 94 32 0
133 : 0 202 68 40 0
134 : 743 41 4 1 0
135 : 768 112 36 14 0
136 : 459 47 10 6 0
137 : 944 110 22 14 0
138 : 392 183 67 7 0
139 : 870 176 21 81 1
140 : 644 172 28 148 1
141 : 964 144 36 47 0
142 : 482 171 22 61 1
143 : 482 193 62 9 0
144 : 276 16 5 22 0
145 : 68 202 95 114 1
146 : 182 202 18 80 0
147 : 792 172 61 15 0
148 : 374 60 35 2 0
149 : 261 35 3 15 1
150 : 792 187 5 67 1
151 : 981 87 47 9 1
152 : 200 202 50 17 1
153 : 217 202 32 25 1
154 : 268 43 4 14 1
155 : 789 104 24 8 0
156 : 242 202 122 12 0
157 : 364 202 123 30 0
158 : 733 7 6 12 0
159 : 539 3 2 59 0
160 : 487 202 92 28 1
161 : 143 7 53 2 1
162 : 951 176 12 20 0
163 : 515 202 41 140 1
164 : 528 16 29 6 1
165 : 655 202 59 38 1
166 : 552 186 32 13 0
167 : 584 186 15 38 1
168 : 464 113 18 12 0
169 : 655 102 3 38 0
170 : 693 202 31 30 1
171 : 825 60 58 3 0
172 : 84 35 5 25 0
173 : 735 22 32 7 1
174 : 723 202 25 43 0
175 : 392 190 11 72 1
176 : 907 99 4 18 1
177 : 459 183 23 6 0
178 : 275 53 9 6 1
179 : 748 202 71 38 1
180 : 786 202 10 202 1
181 : 533 48 14 4 1
182 : 282 54 5 21 1
183 : 0 297 29 22 0
184 : 200 252 42 6 1
185 : 0 242 35 68 1
186 : 723 245 40 20 1
187 : 992 0 59 6 1
188 : 0 277 11 68 1
189 : 909 137 24 3 0
190 : 316 13 3 45 0
191 : 242 214 40 32 0
192 : 748 273 29 22 0
193 : 698 128 14 70 1
194 : 90 6 1 16 0
195 : 242 246 50 34 1
196 : 792 192 6 76 1
197 : 217 234 22 40 0
198 : 792 198 75 4 0
199 : 961 62 1 14 1
200 : 0 288 61 4 0
201 : 69 53 9 11 1
202 : 515 243 122 17 0
203 : 364 232 99 56 0
204 : 786 212 40 104 1
205 : 515 260 11 105 1
206 : 768 128 45 12 0
207 : 655 261 32 27 0
208 : 464 125 1 18 1
209 : 966 136 14 4 0
210 : 515 271 130 7 0
211 : 804 112 16 7 1
212 : 470 61 2 6 1
213 : 276 246 3 46 0
214 : 515 278 102 12 0
215 : 29 297 86 70 0
216 : 853 172 15 12 0
217 : 786 252 10 139 1
218 : 282 214 38 45 0
219 : 659 135 8 20 1
220 : 544 193 9 8 1
221 : 723 285 24 12 0
222 : 890 212 22 91 1
223 : 786 262 22 126 1
224 : 912 262 43 32 0
225 : 115 297 112 22 0
226 : 320 214 73 30 1
227 : 955 262 31 30 0
228 : 282 259 34 19 0
229 : 367 59 7 4 0
230 : 655 288 36 6 0
231 : 227 297 17 105 1
232 : 464 190 17 9 0
233 : 693 233 32 24 1
234 : 955 292 33 5 0
235 : 463 232 52 23 1
236 : 777 273 8 23 0
237 : 822 50 8 2 1
238 : 990 63 10 76 0
239 : 332 297 70 33 1
240 : 365 297 33 22 1
241 : 350 214 13 50 0
242 : 693 265 21 31 0
243 : 282 278 19 27 1
244 : 182 282 17 13 0
245 : 465 59 4 4 0
246 : 743 245 4 37 0
247 : 890 234 15 83 1
248 : 387 297 85 15 0
249 : 472 297 50 92 1
250 : 577 143 66 1 0
251 : 564 297 92 73 0
252 : 206 252 11 39 0
253 : 89 35 4 28 0
254 : 309 278 10 14 0
255 : 656 297 62 65 0
256 : 786 284 62 13 0
257 : 717 233 28 5 1
258 : 145 7 53 4 1
259 : 718 297 78 137 1
260 : 350 264 12 27 0
261 : 622 186 18 10 0
262 : 855 297 19 54 0
263 : 350 291 14 6 0
264 : 717 261 5 4 0
265 : 515 290 126 1 0
266 : 874 297 44 51 0
267 : 981 134 9 8 0
268 : 918 297 72 29 1
269 : 447 126 9 34 1
270 : 944 124 14 20 0
271 : 0 375 37 85 1
272 : 472 347 22 89 1
273 : 811 112 16 2 1
274 : 874 348 26 32 1
275 : 853 184 16 3 0
276 : 365 330 32 16 1
277 : 947 297 69 40 1
278 : 387 312 31 45 0
279 : 115 319 34 94 1
280 : 227 314 90 45 0
281 : 317 314 43 14 1
282 : 85 375 78 109 1
283 : 362 264 26 1 1
284 : 194 375 32 66 0
285 : 747 56 5 16 1
286 : 381 330 30 5 1
287 : 463 284 23 13 0
288 : 227 359 16 67 1
289 : 115 353 109 14 0
290 : 226 375 72 25 1
291 : 365 362 12 18 1
292 : 656 362 6 44 1
293 : 714 265 32 9 1
294 : 827 119 10 24 0
295 : 487 294 26 3 0
296 : 251 375 25 86 1
297 : 364 288 4 95 1
298 : 337 375 65 47 1
299 : 418 312 60 31 1
300 : 622 196 5 22 1
301 : 700 362 16 6 0
302 : 384 375 11 103 1
303 : 534 16 3 32 0
304 : 487 375 131 44 0
305 : 320 287 27 9 0
306 : 66 61 3 2 0
307 : 0 319 49 29 1
308 : 848 284 56 12 0
309 : 676 4 4 47 0
310 : 618 375 26 105 1
311 : 988 202 86 10 1
312 : 370 137 5 101 1
313 : 449 312 57 22 1
314 : 973 234 14 14 0
315 : 723 375 61 111 1
316 : 834 375 50 41 1
317 : 141 13 50 1 1
318 : 383 362 13 4 1
319 : 239 234 2 39 0
320 : 449 369 2 100 1
321 : 855 351 18 18 0
322 : 875 375 49 30 1
323 : 656 368 48 6 0
324 : 905 375 95 62 0
325 : 392 201 68 1 0
326 : 0 453 41 87 1
327 : 347 287 10 3 1
328 : 29 367 8 146 1
329 : 217 274 21 15 0
330 : 337 440 47 13 0
331 : 704 368 14 5 0
332 : 904 284 12 8 1
333 : 966 140 14 4 0
334 : 0 412 23 44 1
335 : 209 319 33 13 1
336 : 709 54 29 8 0
337 : 515 291 130 5 0
338 : 294 359 15 33 1
339 : 251 400 22 46 0
340 : 87 453 69 86 1
341 : 925 252 61 4 0
342 : 655 294 2 38 1
343 : 173 453 39 186 1
344 : 738 54 8 4 1
345 : 359 453 119 86 0
346 : 273 400 48 19 0
347 : 543 171 22 9 1
348 : 0 292 65 3 0
349 : 892 42 10 2 1
350 : 273 419 33 63 1
351 : 387 357 28 14 0
352 : 875 424 23 28 0
353 : 0 435 40 14 0
354 : 912 294 43 1 0
355 : 855 369 6 18 1
356 : 44 412 29 40 0
357 : 481 190 1 9 0
358 : 226 447 4 24 1
359 : 947 366 38 9 0
360 : 384 386 34 45 0
361 : 478 453 99 58 0
362 : 766 58 4 58 1
363 : 175 367 42 5 0
364 : 618 401 67 28 0
365 : 0 449 41 3 0
366 : 321 400 11 19 0
367 : 418 386 55 22 0
368 : 473 386 14 22 0
369 : 332 400 17 5 1
370 : 73 412 8 40 0
371 : 834 425 9 40 1
372 : 0 368 7 26 1
373 : 418 408 68 29 0
374 : 40 435 4 13 0
375 : 487 419 33 80 1
376 : 466 4 35 3 1
377 : 577 453 77 29 1
378 : 384 431 26 18 0
379 : 925 256 5 61 1
380 : 606 453 86 94 1
381 : 418 437 42 5 0
382 : 700 453 66 160 1
383 : 194 441 31 9 0
384 : 860 453 37 60 0
385 : 906 348 10 22 0
386 : 834 434 15 20 1
387 : 567 419 43 17 0
388 : 618 429 45 22 0
389 : 897 453 52 58 0
390 : 567 436 40 10 0
391 : 685 401 24 16 0
392 : 0 539 112 22 0
393 : 860 513 22 22 0
394 : 868 172 2 12 0
395 : 882 513 10 20 0
396 : 897 511 25 22 0
397 : 700 519 10 150 1
398 : 222 319 4 33 0
399 : 112 539 50 104 1
400 : 663 429 40 15 0
401 : 216 539 53 137 1
402 : 413 32 4 30 0
403 : 949 453 56 33 1
404 : 0 494 32 63 1
405 : 238 274 4 14 0
406 : 173 492 134 41 0
407 : 854 434 19 20 1
408 : 990 139 5 7 1
409 : 478 511 28 54 1
410 : 327 359 14 5 1
411 : 768 140 42 4 0
412 : 532 511 36 15 0
413 : 353 539 94 23 0
414 : 307 492 34 23 0
415 : 113 49 3 4 0
416 : 663 444 50 8 0
417 : 332 367 32 4 0
418 : 982 453 18 61 0
419 : 418 442 58 7 0
420 : 742 61 24 2 0
421 : 447 539 23 75 1
422 : 921 135 11 2 0
423 : 0 139 162 5 0
424 : 522 539 84 20 0
425 : 606 539 110 67 0
426 : 988 288 10 9 0
427 : 670 34 3 4 0
428 : 63 494 28 15 1
429 : 703 429 14 20 1
430 : 81 412 3 38 0
431 : 723 436 15 100 1
432 : 958 124 18 7 1
433 : 532 526 5 42 1
434 : 716 539 76 31 0
435 : 792 539 8 170 1
436 : 981 212 21 5 1
437 : 567 446 5 51 1
438 : 307 515 13 45 1
439 : 949 509 14 32 1
440 : 922 511 25 24 0
441 : 0 606 78 61 0
442 : 305 53 9 4 1
443 : 112 589 12 101 1
444 : 963 176 21 1 1
445 : 353 562 135 21 0
446 : 646 140 6 4 0
447 : 962 539 28 40 0
448 : 78 606 134 90 0
449 : 716 570 49 17 0
450 : 522 559 40 48 1
451 : 0 561 33 64 1
452 : 792 547 34 83 1
453 : 680 142 2 80 1
454 : 905 437 95 12 0
455 : 962 579 26 26 0
456 : 570 559 26 37 0
457 : 620 260 33 11 0
458 : 488 562 23 21 0
459 : 898 424 7 29 0
460 : 511 562 11 20 0
461 : 716 587 13 60 1
462 : 409 60 2 1 1
463 : 64 561 40 14 0
464 : 64 575 30 22 0
465 : 792 581 24 45 1
466 : 251 446 6 22 1
467 : 875 547 66 31 0
468 : 645 271 9 6 0
469 : 212 606 44 61 0
470 : 766 62 1 59 1
471 : 875 578 24 81 1
472 : 941 547 19 26 0
473 : 353 583 19 121 1
474 : 474 583 46 23 0
475 : 78 494 6 31 0
476 : 532 531 5 41 1
477 : 637 243 12 18 1
478 : 87 522 15 85 1
479 : 918 369 5 28 1
480 : 256 606 86 87 0
481 : 617 278 36 12 0
482 : 0 594 64 7 0
483 : 573 531 5 4 1
484 : 837 581 34 18 0
485 : 964 191 30 10 0
486 : 342 606 194 13 0
487 : 837 599 38 6 0
488 : 743 42 1 4 1
489 : 723 451 106 2 0
490 : 341 492 11 20 0
491 : 676 51 4 12 0
492 : 570 596 22 10 0
493 : 536 606 70 128 1
494 : 216 592 14 76 1
495 : 387 371 4 31 1
496 : 280 47 2 4 0
497 : 664 606 69 16 1
498 : 680 606 20 49 0
499 : 279 246 2 50 0
