200 131
0 : 151 88 4 6 1
1 : 87 67 2 4 0
2 : 71 0 110 45 0
3 : 56 30 1 15 1
4 : 157 88 2 4 0
5 : 142 68 6 3 0
6 : 33 22 1 27 1
7 : 25 37 4 23 1
8 : 21 83 9 14 1
9 : 188 44 1 11 1
10 : 56 31 15 2 0
11 : 44 92 18 24 1
12 : 187 37 8 1 1
13 : 67 45 15 40 1
14 : 58 8 7 14 0
15 : 190 72 11 4 1
16 : 69 22 1 2 1
17 : 186 0 37 2 1
18 : 8 58 20 8 0
19 : 85 92 12 9 1
20 : 174 92 15 15 0
21 : 0 77 14 20 1
22 : 32 26 4 27 1
23 : 25 43 1 18 1
24 : 159 72 22 14 0
25 : 67 60 23 7 0
26 : 121 69 5 3 0
27 : 48 37 5 22 1
28 : 0 37 6 25 1
29 : 0 8 14 58 1
30 : 181 72 17 9 1
31 : 45 41 3 2 0
32 : 0 43 1 20 1
33 : 0 69 8 3 0
34 : 30 64 18 8 0
35 : 25 41 20 2 0
36 : 107 63 6 19 1
37 : 0 45 67 3 0
38 : 190 83 10 8 0
39 : 133 92 8 9 0
40 : 21 72 21 11 0
41 : 144 63 4 5 0
42 : 126 68 4 16 1
43 : 68 92 17 22 0
44 : 42 72 20 30 1
45 : 62 48 14 5 1
46 : 72 72 12 22 1
47 : 67 67 20 5 0
48 : 194 72 4 11 0
49 : 63 3 7 4 0
50 : 141 92 33 32 0
51 : 94 72 19 9 1
52 : 30 48 27 16 0
53 : 126 63 18 5 0
54 : 151 72 8 16 0
55 : 28 58 8 1 1
56 : 181 89 4 3 0
57 : 0 0 3 71 1
58 : 185 0 41 1 1
59 : 57 48 15 5 1
60 : 0 22 33 4 0
61 : 90 60 5 17 1
62 : 35 83 4 9 0
63 : 32 30 3 24 1
64 : 72 84 11 8 0
65 : 8 66 6 5 0
66 : 148 45 50 27 0
67 : 103 72 25 16 0
68 : 0 92 22 29 1
69 : 0 33 4 24 1
70 : 0 48 8 21 0
71 : 104 65 6 2 1
72 : 83 84 9 7 0
73 : 107 70 14 2 0
74 : 90 65 14 3 0
75 : 29 92 15 22 0
76 : 186 37 1 8 0
77 : 48 64 7 16 1
78 : 65 8 3 10 0
79 : 0 72 21 5 0
80 : 60 22 1 9 1
81 : 181 0 4 45 0
82 : 107 69 14 1 0
83 : 107 45 41 18 0
84 : 103 92 27 30 1
85 : 0 124 7 7 0
86 : 14 66 6 6 0
87 : 0 26 7 32 1
88 : 65 18 4 3 1
89 : 188 0 44 12 1
90 : 104 71 1 2 1
91 : 59 26 12 3 0
92 : 8 48 22 10 0
93 : 33 23 27 2 0
94 : 0 3 5 63 1
95 : 128 72 23 15 0
96 : 189 92 7 7 0
97 : 90 68 14 4 0
98 : 94 92 9 12 0
99 : 64 64 3 6 0
