300 195
0 : 70 193 2 3 1
1 : 189 137 18 12 0
2 : 112 182 14 5 0
3 : 192 176 11 6 0
4 : 207 137 12 16 1
5 : 52 176 6 44 1
6 : 28 193 2 10 1
7 : 237 191 2 23 1
8 : 0 176 52 6 0
9 : 59 137 12 39 1
10 : 218 169 7 26 1
11 : 114 149 10 13 1
12 : 190 187 19 3 0
13 : 0 137 59 12 0
14 : 0 193 2 14 1
15 : 92 187 8 4 0
16 : 0 0 39 39 0
17 : 111 110 14 24 1
18 : 24 91 20 19 0
19 : 127 187 4 4 0
20 : 217 110 18 14 0
21 : 166 137 12 23 1
22 : 136 137 30 12 0
23 : 297 193 1 2 0
24 : 297 149 2 11 0
25 : 264 176 5 26 1
26 : 33 160 9 16 1
27 : 157 0 65 32 0
28 : 280 68 23 19 1
29 : 44 182 5 19 1
30 : 283 110 10 14 1
31 : 96 176 6 30 1
32 : 204 193 31 1 0
33 : 82 182 16 5 0
34 : 126 176 26 6 0
35 : 253 187 8 3 0
36 : 269 169 7 15 1
37 : 298 191 2 2 0
38 : 235 193 1 24 1
39 : 127 149 9 50 1
40 : 46 193 7 2 0
41 : 178 110 20 14 0
42 : 152 176 22 6 0
43 : 275 187 3 4 0
44 : 62 193 2 4 1
45 : 298 169 7 2 1
46 : 108 68 22 48 1
47 : 148 39 67 26 0
48 : 184 68 22 23 0
49 : 42 110 39 14 0
50 : 133 169 7 29 1
51 : 61 124 13 45 1
52 : 260 191 22 2 0
53 : 98 182 14 5 0
54 : 226 68 19 29 1
55 : 38 193 8 2 0
56 : 0 68 46 23 0
57 : 289 39 22 9 1
58 : 284 169 7 14 1
59 : 171 193 1 33 1
60 : 254 149 25 9 0
61 : 294 124 13 4 1
62 : 260 39 23 29 1
63 : 0 149 11 31 1
64 : 297 110 14 3 1
65 : 299 193 1 2 0
66 : 244 169 7 25 1
67 : 190 169 28 7 0
68 : 206 68 20 22 0
69 : 15 187 15 4 0
70 : 207 182 4 25 1
71 : 288 160 9 4 0
72 : 189 91 23 16 0
73 : 198 110 14 19 1
74 : 80 149 10 34 1
75 : 75 160 9 9 0
76 : 66 193 2 4 1
77 : 0 169 103 7 0
78 : 278 187 4 3 1
79 : 257 124 11 37 1
80 : 237 187 8 3 0
81 : 181 182 4 26 1
82 : 14 193 14 2 0
83 : 188 160 8 15 1
84 : 106 124 13 44 1
85 : 58 191 40 2 0
86 : 98 137 12 38 1
87 : 150 124 39 13 0
88 : 296 91 4 16 0
89 : 138 191 2 37 1
90 : 281 187 4 3 1
91 : 270 160 6 9 1
92 : 59 187 13 4 0
93 : 253 137 12 15 1
94 : 298 39 22 2 1
95 : 241 160 7 13 1
96 : 189 124 13 35 1
97 : 0 39 29 48 1
98 : 299 149 9 1 1
99 : 131 187 30 3 0
100 : 252 110 11 31 1
101 : 297 0 21 2 1
102 : 123 187 4 4 0
103 : 283 193 14 1 0
104 : 297 137 1 9 0
105 : 63 160 9 12 1
106 : 98 191 2 40 1
107 : 44 91 22 18 0
108 : 140 160 8 17 1
109 : 298 124 13 1 1
110 : 156 68 22 28 1
111 : 84 160 8 36 1
112 : 268 187 3 7 1
113 : 212 91 18 15 1
114 : 157 110 14 21 1
115 : 215 39 24 45 1
116 : 58 193 4 2 0
117 : 135 110 22 14 0
118 : 76 193 95 1 0
119 : 80 39 26 68 1
120 : 30 187 15 4 0
121 : 137 182 5 7 1
122 : 111 0 46 38 0
123 : 299 187 4 1 1
124 : 295 182 4 5 1
125 : 0 191 58 2 0
126 : 217 160 14 8 0
127 : 125 91 17 47 1
128 : 227 91 15 15 0
129 : 174 176 6 18 1
130 : 0 160 9 17 1
131 : 282 191 16 2 0
132 : 261 160 9 6 0
133 : 254 160 7 7 0
134 : 45 187 14 4 0
135 : 0 182 5 22 1
136 : 223 137 12 15 1
137 : 126 182 11 5 0
138 : 49 160 9 14 1
139 : 224 124 33 13 0
140 : 100 187 8 4 0
141 : 162 169 28 7 0
142 : 66 91 17 59 1
143 : 144 182 4 37 1
144 : 296 137 9 1 1
145 : 279 160 6 9 1
146 : 120 160 20 8 0
147 : 259 193 24 1 0
148 : 242 91 14 54 1
149 : 31 149 49 10 0
150 : 203 160 14 8 0
151 : 279 149 9 18 1
152 : 116 187 4 7 1
153 : 17 160 9 16 1
154 : 272 0 25 37 0
155 : 48 39 32 29 0
156 : 108 187 8 4 0
157 : 284 187 2 15 1
158 : 203 176 61 5 0
159 : 232 182 4 22 1
160 : 173 160 8 15 1
161 : 255 68 19 25 1
162 : 254 182 4 21 1
163 : 63 182 5 19 1
164 : 0 91 19 24 1
165 : 235 110 14 17 1
166 : 261 187 7 3 0
167 : 161 187 29 3 0
168 : 0 187 15 4 0
169 : 280 137 10 12 1
170 : 177 149 43 9 0
171 : 209 187 14 3 0
172 : 73 193 2 3 1
173 : 275 182 20 4 0
174 : 46 68 22 62 1
175 : 172 91 17 17 0
176 : 211 191 26 2 0
177 : 238 137 15 12 0
178 : 175 191 2 36 1
179 : 222 0 32 50 1
180 : 22 182 5 22 1
181 : 157 160 16 8 0
182 : 81 110 14 30 1
183 : 53 193 5 2 0
184 : 298 193 1 2 0
185 : 245 187 8 3 0
186 : 103 169 30 7 0
187 : 83 187 4 9 1
188 : 297 160 9 3 1
189 : 223 187 14 3 0
190 : 0 110 42 14 0
191 : 220 149 34 9 0
192 : 72 187 4 11 1
193 : 39 0 38 72 1
194 : 293 176 6 1 1
195 : 290 176 3 5 0
196 : 231 160 10 8 0
197 : 268 137 12 12 0
198 : 292 137 4 12 0
199 : 0 124 13 61 1
