200 112
0 : 196 99 4 6 0
1 : 186 103 2 4 1
2 : 0 0 110 45 0
3 : 184 98 1 15 1
4 : 198 105 2 4 0
5 : 164 96 6 3 0
6 : 60 86 1 27 1
7 : 157 99 4 23 1
8 : 182 72 9 14 0
9 : 141 33 1 11 0
10 : 140 70 15 2 0
11 : 89 45 18 24 0
12 : 78 98 8 1 0
13 : 156 45 15 40 1
14 : 150 87 7 14 1
15 : 25 105 11 4 0
16 : 155 70 1 2 0
17 : 88 103 37 2 0
18 : 192 21 20 8 1
19 : 132 33 12 9 1
20 : 45 72 15 15 0
21 : 140 72 14 20 1
22 : 196 45 4 27 0
23 : 66 104 1 18 1
24 : 118 72 22 14 0
25 : 59 65 23 7 0
26 : 55 67 5 3 1
27 : 160 82 5 22 1
28 : 0 99 6 25 1
29 : 60 72 14 58 1
30 : 183 27 17 9 1
31 : 193 69 3 2 0
32 : 156 71 1 20 1
33 : 94 96 8 3 0
34 : 44 87 18 8 0
35 : 152 103 20 2 0
36 : 178 87 6 19 1
37 : 107 105 67 3 0
38 : 86 87 10 8 1
39 : 94 87 8 9 0
40 : 156 60 21 11 0
41 : 51 67 4 5 0
42 : 180 99 4 16 1
43 : 107 45 17 22 0
44 : 59 45 20 30 1
45 : 140 94 14 5 0
46 : 110 33 12 22 1
47 : 102 94 20 5 0
48 : 14 105 4 11 1
49 : 192 41 7 4 0
50 : 110 0 33 32 1
51 : 177 60 19 9 0
52 : 124 45 27 16 1
53 : 122 94 18 5 0
54 : 62 87 8 16 1
55 : 182 86 8 1 0
56 : 103 69 4 3 0
57 : 36 105 3 71 1
58 : 25 104 41 1 0
59 : 184 93 15 5 0
60 : 44 95 33 4 0
61 : 107 67 5 17 1
62 : 154 94 4 9 1
63 : 174 105 3 24 1
64 : 78 87 11 8 1
65 : 171 94 6 5 0
66 : 142 0 50 27 0
67 : 140 45 25 16 1
68 : 30 45 22 29 1
69 : 133 99 4 24 1
70 : 192 0 8 21 0
71 : 86 97 6 2 0
72 : 164 87 9 7 1
73 : 172 103 14 2 0
74 : 89 69 14 3 0
75 : 23 72 15 22 1
76 : 154 98 1 8 1
77 : 134 87 7 16 1
78 : 0 109 3 10 1
79 : 30 67 21 5 0
80 : 183 44 1 9 1
81 : 88 99 4 45 1
82 : 87 86 14 1 0
83 : 142 27 41 18 0
84 : 0 45 27 30 1
85 : 171 87 7 7 0
86 : 178 93 6 6 0
87 : 102 87 7 32 1
88 : 189 69 4 3 0
89 : 0 87 44 12 0
90 : 162 98 1 2 1
91 : 177 69 12 3 0
92 : 160 72 22 10 0
93 : 125 103 27 2 0
94 : 25 99 5 63 1
95 : 0 72 23 15 0
96 : 82 65 7 7 0
97 : 0 105 14 4 0
98 : 191 72 9 12 0
99 : 197 87 3 6 0
