1000 1176
0 : 188 670 94 6 0
1 : 327 1150 22 1 1
2 : 830 1120 25 23 1
3 : 828 1150 2 13 0
4 : 987 1150 7 6 1
5 : 401 201 16 133 1
6 : 862 1057 37 13 0
7 : 650 670 42 91 1
8 : 64 1120 32 7 0
9 : 722 934 4 53 1
10 : 703 1120 27 10 1
11 : 173 934 57 16 0
12 : 192 1120 32 2 0
13 : 49 1172 2 3 0
14 : 946 1019 31 41 1
15 : 326 1150 22 1 1
16 : 520 534 1 103 1
17 : 33 1172 4 4 0
18 : 614 871 7 62 0
19 : 981 978 41 5 1
20 : 940 1120 24 19 1
21 : 829 871 50 59 0
22 : 281 829 69 42 0
23 : 0 871 67 63 0
24 : 824 0 168 76 0
25 : 827 934 19 52 1
26 : 52 1172 1 2 0
27 : 710 743 29 79 0
28 : 441 1120 31 3 0
29 : 0 934 18 58 1
30 : 637 1150 5 18 0
31 : 0 1057 23 41 1
32 : 997 670 3 69 0
33 : 905 1150 9 10 0
34 : 817 361 112 22 0
35 : 509 1150 11 19 0
36 : 226 0 202 57 0
37 : 975 1120 14 24 0
38 : 818 743 60 77 0
39 : 933 978 48 3 0
40 : 161 1057 40 25 0
41 : 814 1150 4 14 0
42 : 825 1057 37 20 0
43 : 488 829 69 26 0
44 : 513 1120 28 29 0
45 : 869 1093 17 32 1
46 : 240 361 9 119 1
47 : 994 978 40 4 1
48 : 705 871 15 61 0
49 : 741 978 48 16 0
50 : 453 934 14 55 1
51 : 494 1150 15 19 0
52 : 704 361 34 113 1
53 : 682 584 94 81 0
54 : 616 934 53 15 0
55 : 348 1120 8 31 1
56 : 818 1150 1 14 0
57 : 936 1057 36 36 0
58 : 53 1172 1 1 0
59 : 612 1093 3 33 1
60 : 866 1150 12 5 1
61 : 841 1150 12 11 1
62 : 48 1150 24 9 0
63 : 837 1093 20 32 1
64 : 573 743 82 39 1
65 : 927 534 21 72 1
66 : 314 1093 34 6 0
67 : 342 934 56 8 0
68 : 897 1120 25 15 1
69 : 976 57 66 2 1
70 : 739 743 18 79 0
71 : 481 1057 29 39 1
72 : 475 361 41 115 1
73 : 313 534 104 6 0
74 : 686 1019 44 25 0
75 : 549 1150 15 18 0
76 : 596 978 49 7 0
77 : 398 584 22 95 1
78 : 970 1150 8 6 1
79 : 636 1057 7 38 1
80 : 967 829 7 42 0
81 : 359 361 49 116 1
82 : 350 829 69 41 0
83 : 557 829 69 18 0
84 : 301 978 5 50 1
85 : 917 1120 23 24 0
86 : 832 670 91 8 0
87 : 490 743 34 83 0
88 : 933 1150 9 8 1
89 : 414 1093 13 33 1
90 : 0 1120 32 11 0
91 : 789 1120 9 26 0
92 : 323 1150 22 3 1
93 : 564 1150 18 14 1
94 : 146 123 143 54 0
95 : 268 201 133 58 0
96 : 0 1093 15 36 1
97 : 712 1057 6 38 1
98 : 993 670 71 4 1
99 : 965 1150 9 4 1
100 : 506 291 17 125 1
101 : 771 1150 7 14 0
102 : 681 1150 8 17 0
103 : 677 1093 26 32 1
104 : 660 1150 17 12 1
105 : 0 670 29 94 1
106 : 733 1150 14 14 0
107 : 917 871 22 59 0
108 : 998 0 75 2 1
109 : 343 1150 10 21 0
110 : 837 978 48 4 0
111 : 233 1150 17 22 0
112 : 977 123 77 11 1
113 : 0 743 90 39 0
114 : 254 291 126 10 0
115 : 722 1120 27 4 1
116 : 805 1093 32 24 0
117 : 930 934 11 51 1
118 : 211 829 70 16 0
119 : 141 829 70 27 0
120 : 875 1120 22 25 0
121 : 885 978 4 48 1
122 : 976 1150 5 8 0
123 : 830 1150 11 12 0
124 : 579 1093 3 33 1
125 : 478 1150 19 16 1
126 : 466 670 42 92 1
127 : 0 0 28 226 1
128 : 96 1150 22 23 1
129 : 886 1150 11 8 1
130 : 547 978 49 15 0
131 : 559 1057 3 39 1
132 : 870 584 94 32 0
133 : 695 829 68 40 0
134 : 45 1172 4 1 1
135 : 36 1093 36 14 0
136 : 914 1150 10 6 1
137 : 264 1150 22 14 1
138 : 992 201 67 7 1
139 : 636 743 21 81 0
140 : 828 57 28 148 1
141 : 0 1019 36 47 1
142 : 665 871 22 61 0
143 : 605 871 62 9 1
144 : 318 1150 5 22 0
145 : 590 361 95 114 1
146 : 690 743 18 80 0
147 : 720 871 61 15 1
148 : 143 1093 35 2 0
149 : 730 1150 3 15 0
150 : 995 361 5 67 0
151 : 94 1019 47 9 0
152 : 151 978 50 17 0
153 : 741 1093 32 25 0
154 : 794 1150 4 14 0
155 : 72 1150 24 8 0
156 : 876 291 122 12 0
157 : 631 291 123 30 0
158 : 860 1150 6 12 0
159 : 945 871 2 59 0
160 : 558 670 92 28 0
161 : 998 123 53 2 1
162 : 426 1150 12 20 0
163 : 289 123 41 140 1
164 : 600 1120 29 6 1
165 : 879 871 59 38 1
166 : 965 1093 32 13 0
167 : 598 1057 15 38 1
168 : 578 1150 18 12 1
169 : 750 1057 3 38 1
170 : 224 1120 31 30 0
171 : 58 934 58 3 0
172 : 912 1120 5 25 0
173 : 96 1120 32 7 0
174 : 817 1019 25 43 1
175 : 982 670 11 72 0
176 : 642 1150 4 18 0
177 : 188 1150 23 6 0
178 : 955 1150 9 6 1
179 : 0 829 71 38 0
180 : 428 0 10 202 1
181 : 798 1150 14 4 1
182 : 358 1150 5 21 0
183 : 563 1120 29 22 1
184 : 974 829 42 6 1
185 : 763 829 35 68 1
186 : 241 1057 40 20 0
187 : 939 871 59 6 1
188 : 899 829 11 68 1
189 : 993 1120 24 3 1
190 : 641 1019 3 45 1
191 : 41 1057 40 32 0
192 : 541 1120 29 22 1
193 : 986 743 14 70 0
194 : 717 1150 1 16 0
195 : 101 978 50 34 0
196 : 992 0 6 76 0
197 : 201 1057 22 40 1
198 : 993 456 75 4 1
199 : 819 1150 1 14 0
200 : 740 871 61 4 1
201 : 877 1150 9 11 0
202 : 754 291 122 17 0
203 : 299 584 99 56 0
204 : 209 534 40 104 1
205 : 0 534 11 105 1
206 : 596 1019 45 12 0
207 : 645 1093 32 27 0
208 : 646 1150 1 18 0
209 : 802 1150 14 4 1
210 : 665 201 130 7 0
211 : 694 1150 16 7 1
212 : 13 1172 2 6 1
213 : 280 1019 3 46 1
214 : 623 534 102 12 0
215 : 264 743 86 70 1
216 : 718 1150 15 12 1
217 : 429 123 10 139 1
218 : 326 1019 38 45 1
219 : 470 1150 8 20 0
220 : 941 1150 9 8 1
221 : 0 1150 24 12 0
222 : 741 670 22 91 1
223 : 128 291 22 126 1
224 : 774 1019 43 32 0
225 : 0 456 112 22 0
226 : 923 670 73 30 1
227 : 255 1120 31 30 0
228 : 212 1093 34 19 0
229 : 0 1172 7 4 0
230 : 72 1093 36 6 0
231 : 874 456 17 105 1
232 : 672 1150 17 9 1
233 : 773 1093 32 24 0
234 : 513 1093 33 5 0
235 : 775 934 52 23 0
236 : 165 1150 8 23 1
237 : 985 1150 8 2 1
238 : 988 123 10 76 0
239 : 71 829 70 33 0
240 : 348 1093 33 22 0
241 : 201 978 13 50 1
242 : 286 1120 21 31 1
243 : 672 1120 19 27 0
244 : 647 1150 17 13 1
245 : 29 1172 4 4 0
246 : 899 1057 4 37 1
247 : 558 743 15 83 0
248 : 455 743 85 15 1
249 : 374 670 50 92 1
250 : 978 57 66 1 1
251 : 282 670 92 73 0
252 : 520 1057 11 39 1
253 : 668 1120 4 28 0
254 : 761 1150 10 14 0
255 : 333 871 62 65 1
256 : 592 871 62 13 1
257 : 663 1120 28 5 1
258 : 669 934 53 4 0
259 : 568 123 78 137 1
260 : 691 1120 12 27 0
261 : 614 1150 18 10 1
262 : 562 934 19 54 1
263 : 778 1150 14 6 1
264 : 24 1172 5 4 0
265 : 380 291 126 1 0
266 : 879 934 44 51 1
267 : 925 1150 9 8 1
268 : 953 670 72 29 1
269 : 280 1093 9 34 1
270 : 412 1150 14 20 0
271 : 403 743 37 85 0
272 : 970 201 22 89 0
273 : 715 1150 16 2 1
274 : 709 1093 26 32 1
275 : 712 1150 16 3 1
276 : 901 1093 32 16 0
277 : 419 829 69 40 0
278 : 416 1019 31 45 1
279 : 776 584 34 94 1
280 : 925 201 90 45 1
281 : 903 1019 43 14 0
282 : 445 456 78 109 1
283 : 805 1120 26 1 1
284 : 201 871 32 66 1
285 : 707 1150 5 16 0
286 : 504 1120 30 5 1
287 : 142 1150 23 13 0
288 : 134 871 16 67 1
289 : 554 456 109 14 0
290 : 961 743 72 25 1
291 : 602 1150 12 18 0
292 : 981 934 6 44 0
293 : 32 1120 32 9 0
294 : 24 1150 10 24 1
295 : 997 1093 26 3 1
296 : 964 584 25 86 0
297 : 991 361 4 95 0
298 : 398 871 65 47 0
299 : 785 871 60 31 1
300 : 313 1150 5 22 0
301 : 701 1150 16 6 1
302 : 417 534 11 103 1
303 : 160 1120 3 32 1
304 : 534 201 131 44 0
305 : 713 1120 27 9 1
306 : 47 1172 3 2 1
307 : 400 978 49 29 0
308 : 286 934 56 12 0
309 : 141 1019 4 47 1
310 : 769 456 26 105 1
311 : 989 584 86 10 1
312 : 826 534 5 101 1
313 : 116 934 57 22 0
314 : 747 1150 14 14 0
315 : 224 456 61 111 1
316 : 51 978 50 41 0
317 : 999 534 50 1 1
318 : 824 1150 13 4 1
319 : 998 978 2 39 0
320 : 100 584 2 100 1
321 : 531 1150 18 18 0
322 : 351 978 49 30 0
323 : 789 978 48 6 0
324 : 929 361 95 62 1
325 : 998 291 68 1 1
326 : 177 743 41 87 1
327 : 920 1150 10 3 1
328 : 0 123 8 146 1
329 : 328 1150 21 15 1
330 : 47 1019 47 13 0
331 : 784 1150 14 5 1
332 : 852 1150 12 8 1
333 : 810 1150 14 4 1
334 : 730 1019 23 44 1
335 : 447 1093 33 13 0
336 : 585 1120 29 8 1
337 : 795 201 130 5 0
338 : 381 1093 15 33 1
339 : 234 1019 22 46 1
340 : 334 743 69 86 0
341 : 744 871 61 4 1
342 : 998 934 2 38 0
343 : 0 57 39 186 1
344 : 981 1150 8 4 1
345 : 121 361 119 86 0
346 : 693 978 48 19 0
347 : 298 1150 22 9 1
348 : 979 57 65 3 1
349 : 923 1150 10 2 1
350 : 527 871 33 63 0
351 : 644 1120 28 14 1
352 : 606 1120 23 28 0
353 : 321 1057 40 14 0
354 : 987 934 43 1 1
355 : 631 1150 6 18 0
356 : 81 1057 29 40 1
357 : 969 1150 1 9 0
358 : 989 1120 4 24 0
359 : 987 1019 38 9 1
360 : 371 1019 34 45 1
361 : 200 584 99 58 0
362 : 996 57 4 58 0
363 : 980 829 42 5 1
364 : 67 871 67 28 0
365 : 991 978 41 3 1
366 : 520 1150 11 19 0
367 : 398 934 55 22 0
368 : 250 1150 14 22 0
369 : 689 1150 17 5 1
370 : 441 1057 8 40 1
371 : 401 1057 9 40 1
372 : 798 1120 7 26 0
373 : 831 829 68 29 0
374 : 820 1150 4 13 0
375 : 657 743 33 80 0
376 : 108 1093 35 3 0
377 : 878 743 77 29 1
378 : 771 1120 26 18 1
379 : 735 871 5 61 0
380 : 588 584 86 94 1
381 : 990 829 42 5 1
382 : 518 57 66 160 1
383 : 317 1120 31 9 0
384 : 748 871 37 60 0
385 : 288 1150 10 22 0
386 : 383 1150 15 20 0
387 : 860 1019 43 17 0
388 : 506 1019 45 22 0
389 : 948 871 52 58 0
390 : 988 934 40 10 1
391 : 959 1120 24 16 1
392 : 112 456 112 22 0
393 : 211 1150 22 22 0
394 : 875 1150 2 12 0
395 : 460 1150 10 20 0
396 : 853 1120 25 22 1
397 : 678 57 10 150 1
398 : 546 1093 4 33 1
399 : 105 534 50 104 1
400 : 281 1057 40 15 0
401 : 705 123 53 137 1
402 : 509 1120 4 30 0
403 : 230 934 56 33 0
404 : 560 871 32 63 0
405 : 806 1150 4 14 0
406 : 134 201 134 41 0
407 : 364 1150 19 20 0
408 : 993 1150 5 7 0
409 : 508 934 28 54 1
410 : 789 1150 14 5 1
411 : 995 829 42 4 1
412 : 972 1057 36 15 1
413 : 94 670 94 23 0
414 : 178 1093 34 23 0
415 : 40 1172 3 4 0
416 : 251 978 50 8 0
417 : 128 1120 32 4 0
418 : 687 871 18 61 0
419 : 989 57 58 7 1
420 : 996 1120 24 2 1
421 : 938 743 23 75 0
422 : 894 1150 11 2 1
423 : 356 57 162 5 0
424 : 470 743 84 20 1
425 : 335 456 110 67 0
426 : 896 1150 10 9 1
427 : 37 1172 3 4 0
428 : 629 1120 28 15 1
429 : 398 1150 14 20 0
430 : 996 1019 3 38 0
431 : 0 584 15 100 1
432 : 624 1150 18 7 1
433 : 985 829 5 42 0
434 : 907 743 76 31 1
435 : 186 57 8 170 1
436 : 353 1150 21 5 1
437 : 0 978 5 51 1
438 : 551 1019 13 45 1
439 : 933 1093 14 32 1
440 : 806 1120 25 24 1
441 : 757 743 78 61 1
442 : 961 1150 9 4 1
443 : 725 534 12 101 1
444 : 363 1150 21 1 1
445 : 842 123 135 21 0
446 : 7 1172 6 4 0
447 : 121 1057 28 40 1
448 : 0 201 134 90 0
449 : 498 978 49 17 0
450 : 645 978 40 48 1
451 : 463 871 33 64 1
452 : 524 743 34 83 0
453 : 708 743 2 80 0
454 : 493 584 95 12 0
455 : 726 1120 26 26 0
456 : 788 1057 26 37 1
457 : 480 1093 33 11 0
458 : 119 1150 23 21 0
459 : 593 1120 7 29 0
460 : 438 1150 11 20 0
461 : 816 871 13 60 0
462 : 51 1172 2 1 1
463 : 361 1057 40 14 0
464 : 472 1120 30 22 1
465 : 461 1019 24 45 1
466 : 307 1150 6 22 0
467 : 267 871 66 31 0
468 : 949 1150 9 6 1
469 : 621 871 44 61 0
470 : 947 871 1 59 0
471 : 612 743 24 81 0
472 : 752 1120 19 26 0
473 : 0 361 19 121 1
474 : 188 1019 46 23 0
475 : 379 1120 6 31 1
476 : 986 978 5 41 0
477 : 590 1150 12 18 0
478 : 440 743 15 85 0
479 : 658 1120 5 28 0
480 : 90 743 86 87 1
481 : 987 1057 36 12 1
482 : 982 57 64 7 1
483 : 19 1172 5 4 0
484 : 246 1093 34 18 0
485 : 494 1120 30 10 1
486 : 630 0 194 13 0
487 : 674 1057 38 6 0
488 : 46 1172 1 4 0
489 : 663 456 106 2 0
490 : 449 1150 11 20 0
491 : 871 1150 4 12 0
492 : 278 1150 22 10 1
493 : 0 291 70 128 1
494 : 979 456 14 76 0
495 : 410 1120 4 31 1
496 : 43 1172 2 4 0
497 : 626 829 69 16 0
498 : 449 978 20 49 1
499 : 997 456 2 50 0
