100 66
0 : 0 0 4 22 1
1 : 22 0 9 4 0
2 : 31 0 18 10 0
3 : 49 0 19 9 0
4 : 68 0 5 4 1
5 : 72 0 3 3 0
6 : 75 0 4 15 1
7 : 90 0 1 3 0
8 : 0 10 13 3 0
9 : 13 10 13 14 1
10 : 68 5 2 4 0
11 : 49 9 1 14 1
12 : 27 10 8 13 0
13 : 90 3 1 7 0
14 : 35 10 11 16 1
15 : 75 4 11 1 0
16 : 51 10 38 1 0
17 : 91 0 9 5 0
18 : 91 5 2 8 1
19 : 72 3 6 2 1
20 : 70 5 2 4 0
21 : 0 4 2 21 1
22 : 75 5 4 5 0
23 : 0 6 17 4 0
24 : 21 4 7 2 0
25 : 63 9 5 1 0
26 : 0 23 3 17 1
27 : 28 4 2 3 1
28 : 51 11 7 25 1
29 : 91 7 3 3 0
30 : 17 6 4 7 1
31 : 0 13 8 10 0
32 : 17 23 32 15 0
33 : 94 7 5 3 0
34 : 24 6 7 3 0
35 : 35 21 2 14 1
36 : 79 5 5 6 1
37 : 51 18 14 1 0
38 : 89 10 11 8 0
39 : 49 23 15 11 1
40 : 65 18 9 1 0
41 : 51 19 1 17 1
42 : 51 20 3 4 1
43 : 60 23 20 26 1
44 : 76 11 13 2 0
45 : 8 13 4 4 0
46 : 74 18 1 8 1
47 : 0 43 23 36 1
48 : 49 21 2 2 0
49 : 85 5 4 2 0
