200 140
0 : 0 0 4 6 1
1 : 6 0 2 4 0
2 : 8 0 110 45 0
3 : 118 0 1 15 0
4 : 119 0 2 4 0
5 : 121 0 6 3 1
6 : 124 0 1 27 0
7 : 125 0 4 23 0
8 : 129 0 9 14 0
9 : 138 0 1 11 0
10 : 139 0 15 2 1
11 : 141 0 18 24 0
12 : 159 0 8 1 1
13 : 160 0 15 40 0
14 : 175 0 7 14 0
15 : 182 0 11 4 1
16 : 186 0 1 2 0
17 : 187 0 37 2 1
18 : 189 0 20 8 1
19 : 0 45 12 9 0
20 : 141 24 15 15 0
21 : 12 45 14 20 1
22 : 175 14 4 27 0
23 : 124 27 1 18 0
24 : 32 45 22 14 0
25 : 189 20 23 7 1
26 : 160 40 5 3 0
27 : 129 14 5 22 0
28 : 0 4 6 25 0
29 : 54 45 14 58 1
30 : 112 45 17 9 0
31 : 175 41 3 2 0
32 : 125 23 1 20 0
33 : 165 40 8 3 0
34 : 129 45 18 8 0
35 : 126 23 20 2 1
36 : 147 45 6 19 1
37 : 0 59 67 3 0
38 : 0 29 10 8 1
39 : 147 51 8 9 1
40 : 166 45 21 11 0
41 : 129 36 4 5 0
42 : 112 54 4 16 1
43 : 67 59 17 22 1
44 : 89 59 20 30 1
45 : 141 39 14 5 0
46 : 119 59 12 22 1
47 : 141 59 20 5 0
48 : 0 54 4 11 1
49 : 0 39 7 4 0
50 : 161 59 33 32 0
51 : 0 91 19 9 0
52 : 141 64 27 16 1
53 : 129 53 18 5 0
54 : 67 76 8 16 1
55 : 187 37 8 1 1
56 : 129 41 4 3 0
57 : 19 91 3 71 1
58 : 119 4 41 1 1
59 : 67 84 15 5 0
60 : 182 11 33 4 1
61 : 89 79 5 17 1
62 : 156 51 4 9 1
63 : 157 64 3 24 0
64 : 187 45 11 8 0
65 : 83 76 6 5 0
66 : 0 62 50 27 0
67 : 50 62 25 16 1
68 : 90 91 22 29 1
69 : 134 14 4 24 0
70 : 119 71 8 21 1
71 : 189 43 6 2 0
72 : 119 79 9 7 0
73 : 156 24 14 2 1
74 : 50 87 14 3 0
75 : 119 91 15 22 0
76 : 133 36 1 8 0
77 : 82 84 7 16 1
78 : 156 55 3 10 1
79 : 98 84 21 5 0
80 : 156 58 1 9 1
81 : 134 91 4 45 1
82 : 141 44 14 1 0
83 : 0 113 41 18 0
84 : 41 113 27 30 1
85 : 128 79 7 7 0
86 : 135 79 6 6 0
87 : 134 95 7 32 1
88 : 83 81 4 3 0
89 : 19 94 44 12 0
90 : 178 41 1 2 0
91 : 106 79 12 3 0
92 : 63 94 22 10 0
93 : 139 15 27 2 1
94 : 71 113 5 63 1
95 : 134 113 23 15 1
96 : 166 95 7 7 0
97 : 119 86 14 4 0
98 : 0 100 9 12 0
99 : 155 39 3 6 0
