200 116
0 : 61 48 4 6 1
1 : 174 106 2 4 1
2 : 0 0 110 45 0
3 : 33 58 1 15 1
4 : 148 106 2 4 1
5 : 194 42 6 3 0
6 : 197 59 1 27 0
7 : 150 55 4 23 1
8 : 158 86 9 14 0
9 : 62 64 1 11 0
10 : 198 59 15 2 1
11 : 30 64 18 24 1
12 : 199 34 8 1 1
13 : 137 59 15 40 1
14 : 0 108 7 14 1
15 : 71 101 11 4 0
16 : 152 106 1 2 0
17 : 160 32 37 2 0
18 : 124 86 20 8 1
19 : 188 86 12 9 1
20 : 109 86 15 15 0
21 : 115 72 14 20 1
22 : 193 59 4 27 0
23 : 159 27 1 18 0
24 : 93 72 22 14 0
25 : 150 48 23 7 0
26 : 174 103 5 3 0
27 : 132 86 5 22 0
28 : 33 52 6 25 1
29 : 71 45 14 58 1
30 : 159 74 17 9 0
31 : 197 32 3 2 0
32 : 160 44 1 20 1
33 : 24 56 8 3 0
34 : 151 27 18 8 1
35 : 173 57 20 2 0
36 : 142 86 6 19 0
37 : 129 45 67 3 0
38 : 14 108 10 8 0
39 : 158 100 8 9 1
40 : 129 48 21 11 0
41 : 153 104 4 5 1
42 : 45 48 4 16 1
43 : 54 86 17 22 0
44 : 0 64 20 30 1
45 : 29 102 14 5 0
46 : 137 74 12 22 1
47 : 148 86 20 5 1
48 : 43 102 4 11 1
49 : 67 52 7 4 1
50 : 160 0 33 32 0
51 : 173 48 19 9 0
52 : 177 59 27 16 1
53 : 153 86 18 5 1
54 : 182 34 8 16 1
55 : 198 34 8 1 1
56 : 71 105 4 3 0
57 : 0 45 3 71 1
58 : 93 71 41 1 0
59 : 109 101 15 5 0
60 : 0 52 33 4 0
61 : 174 86 5 17 0
62 : 192 48 4 9 0
63 : 0 56 3 24 1
64 : 179 98 11 8 0
65 : 89 101 6 5 1
66 : 110 0 50 27 0
67 : 29 86 25 16 0
68 : 0 86 22 29 1
69 : 30 82 4 24 1
70 : 54 64 8 21 0
71 : 109 106 6 2 0
72 : 58 52 9 7 0
73 : 135 72 14 2 1
74 : 159 83 14 3 0
75 : 94 86 15 22 0
76 : 54 85 1 8 1
77 : 167 86 7 16 0
78 : 197 86 3 10 0
79 : 137 86 21 5 1
80 : 176 74 1 9 0
81 : 0 48 4 45 1
82 : 29 107 14 1 0
83 : 110 27 41 18 0
84 : 63 59 27 30 1
85 : 190 98 7 7 0
86 : 167 102 6 6 0
87 : 193 0 7 32 0
88 : 173 83 4 3 0
89 : 93 59 44 12 0
90 : 180 44 1 2 1
91 : 182 42 12 3 0
92 : 160 34 22 10 0
93 : 0 84 27 2 0
94 : 0 59 5 63 1
95 : 71 86 23 15 0
96 : 82 101 7 7 0
97 : 196 45 14 4 1
98 : 179 86 9 12 0
99 : 142 105 3 6 1
