300 329
0 : 119 290 2 3 0
1 : 231 223 18 12 1
2 : 294 198 14 5 1
3 : 107 261 11 6 1
4 : 134 261 12 16 0
5 : 256 0 6 44 1
6 : 134 223 2 10 0
7 : 296 88 2 23 0
8 : 181 7 52 6 0
9 : 0 120 12 39 1
10 : 95 166 7 26 1
11 : 0 290 10 13 1
12 : 0 198 19 3 0
13 : 122 7 59 12 0
14 : 296 7 2 14 0
15 : 146 261 8 4 1
16 : 216 290 39 39 0
17 : 265 198 14 24 0
18 : 126 290 20 19 1
19 : 205 290 4 4 0
20 : 197 261 18 14 1
21 : 223 198 12 23 0
22 : 190 166 30 12 0
23 : 151 290 1 2 0
24 : 279 198 2 11 0
25 : 245 142 5 26 1
26 : 195 223 9 16 0
27 : 0 88 65 32 0
28 : 170 261 23 19 0
29 : 96 198 5 19 1
30 : 153 261 10 14 0
31 : 279 88 6 30 0
32 : 293 50 31 1 1
33 : 239 198 16 5 1
34 : 273 142 26 6 0
35 : 88 261 8 3 1
36 : 127 223 7 15 0
37 : 255 290 2 2 0
38 : 299 24 1 24 0
39 : 135 24 9 50 1
40 : 114 261 7 2 1
41 : 217 223 20 14 1
42 : 19 198 22 6 0
43 : 145 290 3 4 0
44 : 94 290 2 4 0
45 : 298 223 7 2 1
46 : 116 120 22 48 1
47 : 68 24 67 26 0
48 : 152 290 22 23 1
49 : 201 120 39 14 0
50 : 115 142 7 29 1
51 : 65 88 13 45 1
52 : 271 142 22 2 1
53 : 37 223 14 5 1
54 : 0 223 19 29 1
55 : 273 223 8 2 1
56 : 34 142 46 23 0
57 : 134 198 22 9 0
58 : 141 223 7 14 0
59 : 292 50 1 33 0
60 : 71 198 25 9 0
61 : 281 198 13 4 1
62 : 275 223 23 29 0
63 : 64 166 11 31 1
64 : 258 198 14 3 1
65 : 118 290 1 2 0
66 : 270 166 7 25 0
67 : 172 142 28 7 0
68 : 96 290 20 22 1
69 : 251 198 15 4 1
70 : 274 120 4 25 1
71 : 60 261 9 4 1
72 : 170 223 23 16 1
73 : 46 261 14 19 0
74 : 0 142 10 34 1
75 : 180 290 9 9 0
76 : 92 290 2 4 0
77 : 0 0 103 7 0
78 : 177 290 4 3 1
79 : 164 120 11 37 1
80 : 43 261 8 3 1
81 : 292 88 4 26 0
82 : 298 7 14 2 1
83 : 204 223 8 15 0
84 : 110 88 13 44 1
85 : 54 50 40 2 0
86 : 39 120 12 38 1
87 : 77 120 39 13 0
88 : 219 198 4 16 0
89 : 134 50 2 37 1
90 : 148 290 4 3 1
91 : 249 261 6 9 0
92 : 42 223 13 4 1
93 : 255 261 12 15 0
94 : 298 88 22 2 1
95 : 28 261 7 13 0
96 : 80 142 13 35 1
97 : 142 166 29 48 1
98 : 299 198 9 1 1
99 : 294 50 30 3 1
100 : 0 166 11 31 1
101 : 121 166 21 2 0
102 : 189 290 4 4 0
103 : 299 120 14 1 1
104 : 136 223 1 9 0
105 : 13 290 9 12 1
106 : 94 50 2 40 1
107 : 116 261 22 18 1
108 : 29 223 8 17 0
109 : 299 142 13 1 1
110 : 0 261 22 28 1
111 : 243 88 8 36 1
112 : 150 261 3 7 0
113 : 46 290 18 15 0
114 : 148 223 14 21 0
115 : 200 142 24 45 1
116 : 85 290 4 2 1
117 : 104 223 22 14 1
118 : 103 0 95 1 0
119 : 0 24 26 68 1
120 : 235 198 15 4 1
121 : 87 290 5 7 0
122 : 58 223 46 38 0
123 : 299 261 4 1 1
124 : 121 290 4 5 0
125 : 198 0 58 2 0
126 : 35 261 14 8 1
127 : 154 88 17 47 1
128 : 274 290 15 15 0
129 : 213 198 6 18 0
130 : 118 223 9 17 0
131 : 292 7 16 2 1
132 : 211 261 9 6 1
133 : 209 290 7 7 0
134 : 261 198 14 4 1
135 : 286 166 5 22 0
136 : 267 261 12 15 0
137 : 212 223 11 5 1
138 : 98 261 9 14 0
139 : 31 166 33 13 0
140 : 193 261 8 4 1
141 : 144 142 28 7 0
142 : 233 7 17 59 1
143 : 288 50 4 37 0
144 : 299 166 9 1 1
145 : 293 261 6 9 0
146 : 156 198 20 8 0
147 : 298 24 24 1 1
148 : 0 50 14 54 1
149 : 247 24 49 10 0
150 : 243 223 14 8 1
151 : 285 198 9 18 0
152 : 25 290 4 7 0
153 : 186 223 9 16 0
154 : 176 198 25 37 1
155 : 217 261 32 29 0
156 : 163 261 8 4 1
157 : 294 7 2 15 0
158 : 0 7 61 5 0
159 : 277 166 4 22 0
160 : 162 223 8 15 0
161 : 251 223 19 25 0
162 : 291 166 4 21 0
163 : 115 198 5 19 1
164 : 64 261 19 24 1
165 : 29 290 14 17 1
166 : 167 261 7 3 1
167 : 297 50 29 3 1
168 : 247 198 15 4 1
169 : 64 290 10 12 0
170 : 245 50 43 9 0
171 : 255 198 14 3 1
172 : 175 290 2 3 0
173 : 295 166 20 4 1
174 : 185 24 22 62 1
175 : 257 290 17 17 0
176 : 296 24 26 2 1
177 : 281 261 15 12 1
178 : 243 50 2 36 0
179 : 220 166 32 50 1
180 : 281 166 5 22 0
181 : 46 223 16 8 1
182 : 41 198 14 30 1
183 : 279 261 5 2 1
184 : 125 290 1 2 0
185 : 91 261 8 3 1
186 : 285 88 30 7 1
187 : 94 261 4 9 0
188 : 270 223 9 3 1
189 : 244 198 14 3 1
190 : 201 88 42 14 0
191 : 240 120 34 9 0
192 : 137 223 4 11 0
193 : 171 50 38 72 1
194 : 113 261 6 1 1
195 : 82 290 3 5 0
196 : 74 290 10 8 1
197 : 193 290 12 12 0
198 : 54 223 4 12 0
199 : 61 7 13 61 1
