200 173
0 : 111 164 4 6 0
1 : 138 164 2 4 0
2 : 0 0 110 45 0
3 : 163 149 1 15 0
4 : 136 164 2 4 0
5 : 118 164 6 3 1
6 : 199 59 1 27 0
7 : 46 118 4 23 1
8 : 188 45 9 14 0
9 : 199 149 1 11 0
10 : 148 149 15 2 0
11 : 174 91 18 24 0
12 : 79 164 8 1 1
13 : 91 59 15 40 1
14 : 164 149 7 14 0
15 : 23 164 11 4 0
16 : 143 164 1 2 0
17 : 198 0 37 2 1
18 : 84 135 20 8 0
19 : 183 149 12 9 1
20 : 118 149 15 15 0
21 : 64 135 14 20 1
22 : 148 91 4 27 0
23 : 18 149 1 18 1
24 : 113 118 22 14 0
25 : 23 118 23 7 0
26 : 127 164 5 3 1
27 : 0 135 5 22 1
28 : 168 91 6 25 0
29 : 130 45 14 58 1
30 : 36 149 17 9 0
31 : 140 164 3 2 1
32 : 199 91 1 20 0
33 : 76 164 8 3 1
34 : 182 135 18 8 0
35 : 124 135 20 2 0
36 : 163 135 6 19 1
37 : 0 45 67 3 0
38 : 34 164 10 8 0
39 : 54 164 8 9 0
40 : 179 118 21 11 0
41 : 123 164 4 5 0
42 : 102 149 4 16 1
43 : 69 118 17 22 1
44 : 62 91 20 30 1
45 : 171 149 14 5 1
46 : 135 118 12 22 1
47 : 104 135 20 5 0
48 : 195 149 4 11 0
49 : 96 164 7 4 1
50 : 131 59 33 32 0
51 : 144 135 19 9 0
52 : 121 91 27 16 0
53 : 0 149 18 5 0
54 : 70 149 8 16 1
55 : 81 164 8 1 1
56 : 133 164 4 3 1
57 : 110 0 3 71 1
58 : 197 0 41 1 1
59 : 133 149 15 5 0
60 : 164 59 33 4 0
61 : 53 149 5 17 1
62 : 71 164 4 9 0
63 : 196 91 3 24 0
64 : 12 164 11 8 0
65 : 106 164 6 5 1
66 : 0 59 50 27 0
67 : 152 91 25 16 1
68 : 92 91 22 29 1
69 : 192 91 4 24 0
70 : 22 135 8 21 1
71 : 121 164 6 2 1
72 : 62 164 9 7 0
73 : 180 149 14 2 1
74 : 197 45 14 3 1
75 : 91 118 15 22 1
76 : 80 164 1 8 0
77 : 86 149 7 16 1
78 : 44 164 3 10 1
79 : 43 135 21 5 0
80 : 75 164 1 9 0
81 : 181 0 4 45 0
82 : 182 149 14 1 1
83 : 50 59 41 18 0
84 : 32 91 27 30 1
85 : 82 164 7 7 0
86 : 100 164 6 6 0
87 : 0 91 7 32 1
88 : 130 164 4 3 1
89 : 185 0 44 12 1
90 : 142 164 1 2 0
91 : 192 149 12 3 1
92 : 157 118 22 10 0
93 : 197 59 27 2 1
94 : 67 45 5 63 1
95 : 0 118 23 15 0
96 : 89 164 7 7 0
97 : 176 149 14 4 1
98 : 0 164 9 12 1
99 : 115 164 3 6 0
