1000 633
0 : 94 457 94 6 0
1 : 725 153 22 1 1
2 : 170 601 25 23 1
3 : 390 558 2 13 0
4 : 118 594 7 6 0
5 : 618 78 16 133 1
6 : 439 588 37 13 0
7 : 443 315 42 91 1
8 : 993 145 32 7 1
9 : 584 250 4 53 1
10 : 907 494 27 10 0
11 : 149 554 57 16 0
12 : 998 419 32 2 1
13 : 970 374 2 3 0
14 : 949 504 31 41 1
15 : 710 354 22 1 1
16 : 508 418 1 103 1
17 : 441 310 4 4 0
18 : 209 496 7 62 1
19 : 933 248 41 5 0
20 : 561 601 24 19 1
21 : 922 315 50 59 0
22 : 0 377 69 42 0
23 : 933 181 67 63 0
24 : 0 0 168 76 0
25 : 924 542 19 52 1
26 : 611 418 1 2 1
27 : 606 419 29 79 1
28 : 324 178 31 3 0
29 : 637 542 18 58 1
30 : 738 615 5 18 1
31 : 86 571 23 41 1
32 : 530 460 3 69 1
33 : 425 242 9 10 0
34 : 194 419 112 22 0
35 : 531 485 11 19 0
36 : 302 0 202 57 0
37 : 180 432 14 24 0
38 : 876 254 60 77 1
39 : 922 374 48 3 0
40 : 839 542 40 25 0
41 : 801 623 4 14 1
42 : 0 601 37 20 0
43 : 72 504 69 26 0
44 : 602 571 28 29 0
45 : 340 601 17 32 1
46 : 0 86 9 119 1
47 : 839 567 40 4 0
48 : 141 527 15 61 1
49 : 864 571 48 16 0
50 : 832 405 14 55 1
51 : 894 601 15 19 0
52 : 137 220 34 113 1
53 : 915 0 94 81 1
54 : 606 448 53 15 0
55 : 992 377 8 31 0
56 : 923 405 1 14 0
57 : 788 504 36 36 0
58 : 339 626 1 1 0
59 : 320 220 3 33 0
60 : 529 357 12 5 1
61 : 77 365 12 11 0
62 : 179 492 24 9 0
63 : 573 149 20 32 0
64 : 666 209 82 39 0
65 : 69 398 21 72 1
66 : 630 595 34 6 0
67 : 936 496 56 8 0
68 : 659 448 25 15 0
69 : 613 417 66 2 0
70 : 452 504 18 79 1
71 : 244 542 29 39 1
72 : 761 254 41 115 1
73 : 593 175 104 6 0
74 : 392 542 44 25 0
75 : 937 601 15 18 0
76 : 403 534 49 7 0
77 : 92 355 22 95 1
78 : 991 412 8 6 0
79 : 949 535 7 38 1
80 : 750 594 7 42 1
81 : 230 254 49 116 1
82 : 204 377 69 41 0
83 : 452 522 69 18 0
84 : 993 95 5 50 0
85 : 273 601 23 24 0
86 : 0 455 91 8 0
87 : 273 377 34 83 1
88 : 522 441 9 8 1
89 : 645 601 13 33 1
90 : 105 530 32 11 0
91 : 322 494 9 26 1
92 : 182 416 22 3 0
93 : 952 601 18 14 1
94 : 450 95 143 54 0
95 : 593 95 133 58 0
96 : 372 601 15 36 1
97 : 237 595 6 38 1
98 : 681 415 71 4 0
99 : 827 250 9 4 0
100 : 0 298 17 125 1
101 : 894 620 7 14 1
102 : 784 576 8 17 0
103 : 538 571 26 32 1
104 : 513 451 17 12 0
105 : 828 347 29 94 1
106 : 202 527 14 14 0
107 : 729 504 22 59 1
108 : 879 569 75 2 0
109 : 492 451 10 21 1
110 : 261 538 48 4 0
111 : 801 601 17 22 0
112 : 0 365 77 11 0
113 : 621 315 90 39 0
114 : 396 441 126 10 0
115 : 637 250 27 4 0
116 : 912 571 32 24 0
117 : 637 560 11 51 1
118 : 610 487 70 16 0
119 : 739 463 70 27 0
120 : 318 601 22 25 0
121 : 776 373 4 48 1
122 : 348 173 5 8 1
123 : 680 487 11 12 0
124 : 196 312 3 33 1
125 : 228 165 19 16 0
126 : 351 315 42 92 1
127 : 526 181 28 226 1
128 : 344 578 22 23 0
129 : 521 369 11 8 0
130 : 976 542 49 15 1
131 : 247 178 3 39 1
132 : 828 315 94 32 0
133 : 613 377 68 40 0
134 : 268 503 4 1 0
135 : 887 405 36 14 0
136 : 742 248 10 6 0
137 : 851 601 22 14 1
138 : 924 412 67 7 0
139 : 534 356 21 81 1
140 : 755 66 28 148 1
141 : 311 504 36 47 1
142 : 668 504 22 61 1
143 : 388 495 62 9 0
144 : 340 622 5 22 1
145 : 504 0 95 114 1
146 : 451 485 18 80 1
147 : 711 362 61 15 0
148 : 788 540 35 2 0
149 : 122 248 3 15 1
150 : 346 310 5 67 1
151 : 531 533 47 9 0
152 : 439 571 50 17 0
153 : 832 571 32 25 0
154 : 772 362 4 14 0
155 : 972 369 24 8 0
156 : 351 357 122 12 0
157 : 450 149 123 30 0
158 : 754 620 6 12 1
159 : 439 417 2 59 1
160 : 832 377 92 28 0
161 : 0 569 53 2 0
162 : 566 295 12 20 0
163 : 526 209 41 140 1
164 : 697 175 29 6 0
165 : 736 419 59 38 0
166 : 706 601 32 13 0
167 : 206 554 15 38 1
168 : 456 451 18 12 0
169 : 0 251 3 38 1
170 : 127 571 31 30 0
171 : 692 598 58 3 0
172 : 781 414 5 25 1
173 : 86 594 32 7 0
174 : 481 542 25 43 1
175 : 0 493 11 72 1
176 : 872 295 4 18 0
177 : 974 248 23 6 0
178 : 203 492 9 6 1
179 : 681 377 71 38 0
180 : 194 441 10 202 1
181 : 986 244 14 4 0
182 : 615 356 5 21 0
183 : 721 576 29 22 0
184 : 625 536 42 6 0
185 : 924 377 35 68 1
186 : 792 571 40 20 0
187 : 736 457 59 6 0
188 : 932 451 11 68 1
189 : 73 251 24 3 0
190 : 358 538 3 45 1
191 : 824 504 40 32 0
192 : 692 576 29 22 0
193 : 739 490 14 70 1
194 : 578 295 1 16 0
195 : 261 504 50 34 0
196 : 666 248 6 76 1
197 : 367 571 22 40 1
198 : 752 250 75 4 0
199 : 871 448 1 14 0
200 : 538 597 61 4 0
201 : 924 243 9 11 0
202 : 0 234 122 17 0
203 : 346 254 99 56 0
204 : 92 315 40 104 1
205 : 333 451 11 105 1
206 : 542 492 45 12 0
207 : 407 571 32 27 0
208 : 370 503 1 18 1
209 : 751 78 14 4 1
210 : 237 571 130 7 0
211 : 678 616 16 7 0
212 : 862 536 2 6 0
213 : 997 254 3 46 0
214 : 323 242 102 12 0
215 : 923 95 86 70 1
216 : 331 303 15 12 0
217 : 194 451 10 139 1
218 : 216 504 38 45 1
219 : 419 411 8 20 1
220 : 694 616 9 8 0
221 : 45 529 24 12 0
222 : 451 463 22 91 1
223 : 593 153 22 126 1
224 : 625 504 43 32 0
225 : 306 419 112 22 0
226 : 0 463 73 30 0
227 : 158 571 31 30 0
228 : 630 576 34 19 0
229 : 993 177 7 4 0
230 : 591 565 36 6 0
231 : 813 162 17 105 1
232 : 370 494 17 9 0
233 : 944 571 32 24 0
234 : 0 621 33 5 0
235 : 57 542 52 23 0
236 : 535 619 8 23 1
237 : 974 561 8 2 1
238 : 530 450 10 76 1
239 : 250 220 70 33 0
240 : 280 578 33 22 0
241 : 323 558 13 50 1
242 : 313 578 21 31 1
243 : 845 295 19 27 1
244 : 373 558 17 13 0
245 : 824 373 4 4 0
246 : 49 597 4 37 1
247 : 668 526 15 83 1
248 : 196 360 85 15 0
249 : 0 315 50 92 1
250 : 204 418 66 1 0
251 : 434 181 92 73 0
252 : 189 590 11 39 1
253 : 851 623 4 28 1
254 : 976 591 10 14 1
255 : 286 315 62 65 1
256 : 809 491 62 13 0
257 : 413 310 28 5 0
258 : 933 244 53 4 0
259 : 618 0 78 137 1
260 : 903 66 12 27 0
261 : 150 76 18 10 0
262 : 695 542 19 54 1
263 : 879 621 14 6 0
264 : 33 621 5 4 1
265 : 194 461 126 1 0
266 : 685 419 44 51 1
267 : 159 86 9 8 0
268 : 137 463 72 29 0
269 : 0 591 9 34 1
270 : 923 601 14 20 0
271 : 396 57 37 85 1
272 : 621 354 22 89 1
273 : 766 625 16 2 0
274 : 570 571 26 32 1
275 : 514 624 16 3 0
276 : 408 601 32 16 0
277 : 439 377 69 40 0
278 : 580 504 31 45 1
279 : 302 57 34 94 1
280 : 196 315 90 45 0
281 : 63 601 43 14 0
282 : 247 95 78 109 1
283 : 322 503 26 1 0
284 : 932 419 32 66 1
285 : 738 620 5 16 1
286 : 832 596 30 5 0
287 : 512 588 23 13 0
288 : 524 542 16 67 1
289 : 119 165 109 14 0
290 : 0 504 72 25 0
291 : 474 451 12 18 1
292 : 795 565 6 44 1
293 : 991 542 32 9 1
294 : 725 561 10 24 1
295 : 179 501 26 3 0
296 : 94 432 25 86 1
297 : 996 0 4 95 0
298 : 711 315 65 47 0
299 : 876 463 60 31 0
300 : 806 414 5 22 1
301 : 125 298 16 6 1
302 : 579 304 11 103 1
303 : 407 598 3 32 1
304 : 0 254 131 44 0
305 : 991 574 27 9 1
306 : 225 179 3 2 0
307 : 531 504 49 29 0
308 : 473 357 56 12 0
309 : 781 410 4 47 1
310 : 508 377 26 105 1
311 : 838 243 86 10 0
312 : 247 173 5 101 1
313 : 0 542 57 22 0
314 : 122 234 14 14 0
315 : 323 181 61 111 1
316 : 272 463 50 41 0
317 : 149 570 50 1 0
318 : 871 491 13 4 1
319 : 580 540 2 39 1
320 : 813 179 2 100 1
321 : 818 601 18 18 0
322 : 403 504 49 30 0
323 : 57 565 48 6 0
324 : 838 181 95 62 0
325 : 932 462 68 1 0
326 : 534 315 41 87 1
327 : 607 492 10 3 1
328 : 273 411 8 146 1
329 : 836 601 21 15 1
330 : 864 587 47 13 0
331 : 608 403 14 5 1
332 : 992 492 12 8 1
333 : 836 622 14 4 0
334 : 795 542 23 44 1
335 : 612 601 33 13 0
336 : 992 463 29 8 1
337 : 168 90 130 5 0
338 : 440 601 15 33 1
339 : 749 542 22 46 1
340 : 752 181 69 86 1
341 : 302 91 61 4 0
342 : 206 569 2 38 1
343 : 137 181 39 186 1
344 : 992 408 8 4 0
345 : 0 95 119 86 0
346 : 189 571 48 19 0
347 : 187 355 22 9 1
348 : 131 312 65 3 0
349 : 934 494 10 2 1
350 : 209 463 33 63 1
351 : 738 601 28 14 0
352 : 664 576 23 28 1
353 : 233 601 40 14 0
354 : 296 626 43 1 0
355 : 782 621 6 18 1
356 : 109 542 29 40 1
357 : 450 495 1 9 0
358 : 408 622 4 24 1
359 : 990 504 38 9 1
360 : 358 504 34 45 1
361 : 131 254 99 58 0
362 : 526 250 4 58 1
363 : 879 564 42 5 0
364 : 809 463 67 28 0
365 : 141 416 41 3 0
366 : 966 601 11 19 0
367 : 864 519 55 22 0
368 : 865 601 14 22 0
369 : 918 162 17 5 1
370 : 367 593 8 40 1
371 : 119 86 9 40 1
372 : 937 619 7 26 1
373 : 542 463 68 29 0
374 : 423 567 4 13 1
375 : 752 377 33 80 1
376 : 38 251 35 3 0
377 : 795 419 77 29 0
378 : 535 601 26 18 0
379 : 912 595 5 61 1
380 : 356 95 86 94 1
381 : 436 566 42 5 0
382 : 755 0 66 160 1
383 : 876 494 31 9 0
384 : 872 419 37 60 1
385 : 348 494 10 22 1
386 : 879 601 15 20 0
387 : 237 578 43 17 0
388 : 879 542 45 22 0
389 : 776 315 52 58 0
390 : 792 591 40 10 0
391 : 766 601 24 16 1
392 : 418 419 112 22 0
393 : 492 601 22 22 0
394 : 903 93 2 12 1
395 : 521 522 10 20 0
396 : 296 601 25 22 1
397 : 0 76 10 150 1
398 : 363 91 4 33 1
399 : 579 254 50 104 1
400 : 106 601 40 15 0
401 : 0 181 53 137 1
402 : 340 618 4 30 1
403 : 936 463 56 33 0
404 : 388 463 32 63 1
405 : 678 623 4 14 1
406 : 445 254 134 41 0
407 : 782 601 19 20 0
408 : 432 622 5 7 1
409 : 972 315 28 54 0
410 : 281 360 14 5 1
411 : 481 567 42 4 0
412 : 751 526 36 15 0
413 : 0 432 94 23 0
414 : 481 57 34 23 1
415 : 205 501 3 4 1
416 : 924 561 50 8 0
417 : 748 209 32 4 1
418 : 141 398 18 61 1
419 : 872 456 58 7 0
420 : 664 599 24 2 0
421 : 141 504 23 75 1
422 : 738 625 11 2 0
423 : 630 571 162 5 0
424 : 761 295 84 20 0
425 : 813 95 110 67 0
426 : 228 590 10 9 1
427 : 599 597 3 4 0
428 : 678 601 28 15 0
429 : 909 601 14 20 0
430 : 286 178 3 38 1
431 : 508 403 15 100 1
432 : 818 619 18 7 0
433 : 580 535 5 42 1
434 : 530 419 76 31 0
435 : 351 369 8 170 1
436 : 408 617 21 5 0
437 : 0 564 5 51 1
438 : 0 529 13 45 1
439 : 580 601 14 32 1
440 : 146 601 25 24 1
441 : 683 254 78 61 0
442 : 828 410 9 4 1
443 : 230 303 12 101 1
444 : 620 356 21 1 1
445 : 69 377 135 21 0
446 : 105 565 6 4 1
447 : 283 542 28 40 1
448 : 168 0 134 90 0
449 : 489 571 49 17 0
450 : 691 463 40 48 1
451 : 73 463 33 64 1
452 : 356 377 34 83 1
453 : 196 375 2 80 1
454 : 149 542 95 12 0
455 : 37 601 26 26 0
456 : 49 571 26 37 1
457 : 72 530 33 11 0
458 : 514 601 23 21 1
459 : 752 410 7 29 1
460 : 587 492 11 20 1
461 : 524 558 13 60 1
462 : 823 540 2 1 1
463 : 193 601 40 14 0
464 : 919 519 30 22 0
465 : 436 542 24 45 1
466 : 719 153 6 22 0
467 : 322 463 66 31 0
468 : 627 565 9 6 0
469 : 953 254 44 61 0
470 : 209 503 1 59 1
471 : 610 463 24 81 1
472 : 473 601 19 26 0
473 : 445 295 19 121 1
474 : 591 542 46 23 0
475 : 0 627 6 31 1
476 : 749 564 5 41 1
477 : 438 451 12 18 1
478 : 864 504 15 85 1
479 : 909 621 5 28 1
480 : 726 95 86 87 1
481 : 476 588 36 12 0
482 : 73 496 64 7 0
483 : 298 90 5 4 1
484 : 750 576 34 18 0
485 : 695 561 30 10 0
486 : 0 419 194 13 0
487 : 824 536 38 6 0
488 : 523 567 1 4 0
489 : 119 179 106 2 0
490 : 137 492 11 20 1
491 : 137 530 4 12 0
492 : 157 492 22 10 0
493 : 119 95 70 128 1
494 : 795 448 14 76 1
495 : 392 567 4 31 1
496 : 309 538 2 4 0
497 : 323 542 69 16 0
498 : 0 571 20 49 1
499 : 998 95 2 50 0
