200 165
0 : 192 155 4 6 0
1 : 157 161 2 4 0
2 : 0 0 110 45 0
3 : 63 161 1 15 1
4 : 147 161 2 4 0
5 : 39 161 6 3 0
6 : 165 155 1 27 1
7 : 118 138 4 23 1
8 : 109 129 9 14 1
9 : 111 161 1 11 1
10 : 113 155 15 2 0
11 : 111 72 18 24 1
12 : 131 161 8 1 0
13 : 0 72 15 40 1
14 : 80 138 7 14 1
15 : 179 147 11 4 0
16 : 162 161 1 2 0
17 : 15 147 37 2 0
18 : 175 120 20 8 0
19 : 0 138 12 9 0
20 : 0 105 15 15 0
21 : 130 90 14 20 1
22 : 12 138 4 27 1
23 : 45 161 1 18 1
24 : 108 90 22 14 0
25 : 152 120 23 7 0
26 : 78 161 5 3 0
27 : 158 129 5 22 1
28 : 17 129 6 25 1
29 : 0 45 14 58 1
30 : 0 129 17 9 0
31 : 159 161 3 2 1
32 : 13 161 1 20 1
33 : 0 161 8 3 0
34 : 42 129 18 8 0
35 : 66 155 20 2 0
36 : 123 129 6 19 1
37 : 0 120 67 3 0
38 : 187 138 10 8 0
39 : 52 147 8 9 1
40 : 172 90 21 11 0
41 : 8 161 4 5 1
42 : 99 147 4 16 1
43 : 160 72 17 22 1
44 : 158 45 20 30 1
45 : 85 147 14 5 0
46 : 150 90 12 22 1
47 : 60 138 20 5 0
48 : 0 155 4 11 1
49 : 158 155 7 4 0
50 : 160 0 33 32 1
51 : 112 120 19 9 0
52 : 84 72 27 16 0
53 : 141 138 18 5 0
54 : 93 129 8 16 1
55 : 139 161 8 1 0
56 : 103 161 4 3 0
57 : 69 105 3 71 1
58 : 25 155 41 1 0
59 : 0 147 15 5 0
60 : 60 129 33 4 0
61 : 170 138 5 17 1
62 : 86 155 4 9 1
63 : 61 147 3 24 1
64 : 159 138 11 8 0
65 : 128 155 6 5 0
66 : 110 0 50 27 0
67 : 135 72 25 16 0
68 : 129 45 22 29 1
69 : 94 138 4 24 1
70 : 131 120 8 21 1
71 : 97 161 6 2 0
72 : 115 147 9 7 0
73 : 144 155 14 2 0
74 : 11 155 14 3 0
75 : 23 90 15 22 1
76 : 149 161 1 8 1
77 : 142 129 7 16 1
78 : 134 155 3 10 1
79 : 39 138 21 5 0
80 : 122 161 1 9 1
81 : 67 120 4 45 1
82 : 83 161 14 1 0
83 : 88 45 41 18 0
84 : 58 45 27 30 1
85 : 165 147 7 7 0
86 : 95 155 6 6 0
87 : 15 105 7 32 1
88 : 107 161 4 3 0
89 : 40 72 44 12 0
90 : 161 161 1 2 0
91 : 101 155 12 3 0
92 : 47 105 22 10 0
93 : 138 147 27 2 0
94 : 45 90 5 63 1
95 : 0 90 23 15 0
96 : 172 147 7 7 0
97 : 124 147 14 4 0
98 : 180 129 9 12 1
99 : 33 161 3 6 1
