1000 934
0 : 512 808 94 6 0
1 : 999 695 22 1 1
2 : 976 782 25 23 1
3 : 904 922 2 13 1
4 : 856 922 7 6 1
5 : 500 508 16 133 1
6 : 264 832 37 13 0
7 : 896 315 42 91 1
8 : 993 473 32 7 1
9 : 0 888 4 53 1
10 : 179 873 27 10 0
11 : 109 754 57 16 0
12 : 998 663 32 2 1
13 : 43 931 2 3 0
14 : 952 552 31 41 1
15 : 999 808 22 1 1
16 : 708 913 1 103 1
17 : 996 922 4 4 0
18 : 570 832 7 62 1
19 : 507 888 41 5 0
20 : 394 832 24 19 0
21 : 778 377 50 59 1
22 : 933 181 69 42 1
23 : 901 254 67 63 0
24 : 0 0 168 76 0
25 : 638 724 19 52 1
26 : 53 931 1 2 0
27 : 909 429 29 79 1
28 : 32 922 31 3 0
29 : 351 724 18 58 1
30 : 73 922 5 18 1
31 : 846 724 23 41 1
32 : 397 888 3 69 1
33 : 63 922 9 10 1
34 : 286 473 112 22 0
35 : 359 888 11 19 1
36 : 302 0 202 57 0
37 : 342 854 14 24 1
38 : 115 315 60 77 1
39 : 586 902 48 3 0
40 : 553 724 40 25 0
41 : 648 922 4 14 1
42 : 963 593 37 20 1
43 : 253 593 69 26 0
44 : 694 754 28 29 1
45 : 982 631 17 32 0
46 : 110 724 9 119 1
47 : 387 902 40 4 0
48 : 0 754 15 61 1
49 : 274 782 48 16 0
50 : 219 782 14 55 1
51 : 0 873 15 19 1
52 : 783 315 34 113 1
53 : 915 0 94 81 1
54 : 0 782 53 15 0
55 : 360 873 8 31 1
56 : 0 931 1 14 1
57 : 957 473 36 36 0
58 : 55 931 1 1 0
59 : 872 913 3 33 1
60 : 521 922 12 5 0
61 : 821 902 12 11 0
62 : 882 873 24 9 0
63 : 84 808 20 32 1
64 : 300 377 82 39 0
65 : 54 631 21 72 1
66 : 548 888 34 6 0
67 : 418 832 56 8 0
68 : 44 854 25 15 0
69 : 867 902 66 2 0
70 : 627 631 18 79 1
71 : 645 695 29 39 1
72 : 0 315 41 115 1
73 : 174 808 104 6 0
74 : 863 695 44 25 0
75 : 161 873 15 18 1
76 : 255 854 49 7 0
77 : 888 508 22 95 1
78 : 792 922 8 6 1
79 : 993 552 7 38 0
80 : 842 854 7 42 1
81 : 370 254 49 116 1
82 : 0 429 69 41 0
83 : 766 663 69 18 0
84 : 310 873 5 50 1
85 : 799 808 23 24 0
86 : 579 782 91 8 0
87 : 69 429 34 83 1
88 : 226 922 9 8 1
89 : 704 832 13 33 1
90 : 223 854 32 11 0
91 : 560 873 9 26 1
92 : 489 922 22 3 0
93 : 292 873 18 14 0
94 : 450 95 143 54 0
95 : 593 95 133 58 0
96 : 953 808 15 36 1
97 : 711 873 6 38 1
98 : 19 873 71 4 0
99 : 871 922 9 4 1
100 : 633 508 17 125 1
101 : 993 873 7 14 0
102 : 759 902 8 17 1
103 : 630 754 26 32 1
104 : 582 888 17 12 0
105 : 535 429 29 94 1
106 : 770 888 14 14 0
107 : 231 663 22 59 1
108 : 474 902 75 2 0
109 : 338 888 10 21 1
110 : 863 888 48 4 0
111 : 69 854 17 22 1
112 : 504 754 77 11 0
113 : 210 377 90 39 0
114 : 500 663 126 10 0
115 : 533 913 27 4 0
116 : 322 782 32 24 0
117 : 606 808 11 51 1
118 : 724 695 70 16 0
119 : 0 593 70 27 0
120 : 847 808 22 25 1
121 : 911 888 4 48 1
122 : 862 922 5 8 0
123 : 855 902 11 12 1
124 : 905 913 3 33 1
125 : 678 854 19 16 1
126 : 691 315 42 92 1
127 : 526 181 28 226 1
128 : 0 832 22 23 1
129 : 91 922 11 8 0
130 : 530 782 49 15 0
131 : 330 913 3 39 1
132 : 684 377 94 32 0
133 : 629 429 68 40 0
134 : 49 931 4 1 0
135 : 124 832 36 14 0
136 : 511 922 10 6 0
137 : 539 854 22 14 0
138 : 301 832 67 7 0
139 : 547 593 21 81 1
140 : 388 315 28 148 1
141 : 678 593 36 47 1
142 : 170 663 22 61 1
143 : 737 808 62 9 0
144 : 511 913 5 22 1
145 : 504 0 95 114 1
146 : 547 631 18 80 1
147 : 918 724 61 15 0
148 : 306 922 35 2 0
149 : 798 922 3 15 1
150 : 366 854 5 67 1
151 : 737 832 47 9 0
152 : 454 754 50 17 0
153 : 925 754 32 25 0
154 : 606 922 4 14 1
155 : 959 888 24 8 0
156 : 425 631 122 12 0
157 : 0 377 123 30 0
158 : 214 922 6 12 1
159 : 271 913 2 59 1
160 : 0 473 92 28 0
161 : 578 913 53 2 0
162 : 540 873 12 20 1
163 : 230 254 41 140 1
164 : 203 902 29 6 0
165 : 51 508 59 38 0
166 : 784 832 32 13 0
167 : 983 593 15 38 0
168 : 942 873 18 12 0
169 : 407 913 3 38 1
170 : 968 695 31 30 0
171 : 145 902 58 3 0
172 : 144 913 5 25 1
173 : 749 873 32 7 0
174 : 0 724 25 43 1
175 : 53 782 11 72 1
176 : 274 922 4 18 1
177 : 736 902 23 6 0
178 : 676 922 9 6 1
179 : 697 429 71 38 0
180 : 373 552 10 202 1
181 : 592 922 14 4 0
182 : 631 913 5 21 1
183 : 145 808 29 22 0
184 : 250 873 42 6 0
185 : 622 473 35 68 1
186 : 885 754 40 20 0
187 : 164 854 59 6 0
188 : 462 782 11 68 1
189 : 250 922 24 3 0
190 : 776 902 3 45 1
191 : 290 663 40 32 0
192 : 116 808 29 22 0
193 : 739 724 14 70 1
194 : 999 631 1 16 0
195 : 628 593 50 34 0
196 : 993 95 6 76 0
197 : 296 754 22 40 1
198 : 694 854 75 4 0
199 : 999 95 1 14 0
200 : 391 873 61 4 0
201 : 861 913 9 11 1
202 : 135 552 122 17 0
203 : 486 254 99 56 0
204 : 284 315 40 104 1
205 : 342 695 11 105 1
206 : 908 808 45 12 0
207 : 336 754 32 27 0
208 : 972 922 1 18 1
209 : 620 922 14 4 0
210 : 166 754 130 7 0
211 : 473 913 16 7 0
212 : 22 931 2 6 1
213 : 690 902 3 46 1
214 : 835 663 102 12 0
215 : 923 95 86 70 1
216 : 978 873 15 12 0
217 : 800 631 10 139 1
218 : 502 593 38 45 1
219 : 992 832 8 20 0
220 : 242 922 9 8 1
221 : 932 854 24 12 0
222 : 575 552 22 91 1
223 : 235 429 22 126 1
224 : 939 631 43 32 0
225 : 398 473 112 22 0
226 : 247 508 73 30 0
227 : 887 724 31 30 0
228 : 50 808 34 19 0
229 : 900 922 7 4 1
230 : 906 873 36 6 0
231 : 322 593 17 105 1
232 : 427 902 17 9 0
233 : 354 782 32 24 0
234 : 274 902 33 5 0
235 : 972 377 52 23 1
236 : 78 902 8 23 1
237 : 990 922 8 2 1
238 : 386 782 10 76 1
239 : 766 473 70 33 0
240 : 670 782 33 22 0
241 : 0 808 13 50 1
242 : 815 782 21 31 1
243 : 979 724 19 27 0
244 : 781 873 17 13 0
245 : 992 922 4 4 0
246 : 549 902 4 37 1
247 : 683 663 15 83 1
248 : 330 663 85 15 0
249 : 192 315 50 92 1
250 : 423 922 66 1 0
251 : 434 181 92 73 0
252 : 632 832 11 39 1
253 : 445 913 4 28 1
254 : 983 888 10 14 1
255 : 626 315 62 65 1
256 : 987 315 62 13 1
257 : 634 902 28 5 0
258 : 159 888 53 4 0
259 : 618 0 78 137 1
260 : 433 854 12 27 1
261 : 127 902 18 10 0
262 : 409 724 19 54 1
263 : 119 922 14 6 0
264 : 958 922 5 4 1
265 : 0 913 126 1 0
266 : 0 508 44 51 1
267 : 234 922 9 8 1
268 : 0 552 72 29 0
269 : 583 854 9 34 1
270 : 110 873 14 20 1
271 : 476 377 37 85 1
272 : 734 552 22 89 1
273 : 884 922 16 2 0
274 : 662 754 26 32 1
275 : 776 922 16 3 0
276 : 982 663 32 16 1
277 : 361 429 69 40 0
278 : 755 631 31 45 1
279 : 382 377 34 94 1
280 : 536 315 90 45 0
281 : 359 808 43 14 0
282 : 247 95 78 109 1
283 : 999 782 26 1 1
284 : 758 508 32 66 1
285 : 133 922 5 16 1
286 : 444 902 30 5 0
287 : 819 854 23 13 0
288 : 43 724 16 67 1
289 : 854 593 109 14 0
290 : 975 181 72 25 1
291 : 960 873 12 18 1
292 : 206 873 6 44 1
293 : 956 854 32 9 0
294 : 989 808 10 24 0
295 : 188 922 26 3 0
296 : 414 508 25 86 1
297 : 996 0 4 95 0
298 : 561 377 65 47 0
299 : 137 593 60 31 0
300 : 489 913 5 22 1
301 : 962 913 16 6 0
302 : 542 695 11 103 1
303 : 0 922 3 32 1
304 : 0 254 131 44 0
305 : 513 873 27 9 0
306 : 41 931 3 2 1
307 : 706 631 49 29 0
308 : 729 782 56 12 0
309 : 0 902 4 47 1
310 : 430 429 26 105 1
311 : 368 754 86 10 0
312 : 23 832 5 101 1
313 : 626 663 57 22 0
314 : 784 888 14 14 0
315 : 323 181 61 111 1
316 : 257 552 50 41 0
317 : 714 922 50 1 0
318 : 701 922 13 4 0
319 : 149 922 2 39 1
320 : 628 888 2 100 1
321 : 460 854 18 18 0
322 : 376 631 49 30 0
323 : 884 854 48 6 0
324 : 838 181 95 62 0
325 : 355 922 68 1 0
326 : 123 377 41 87 1
327 : 997 888 10 3 1
328 : 156 695 8 146 1
329 : 518 854 21 15 0
330 : 312 808 47 13 0
331 : 292 922 14 5 0
332 : 978 913 12 8 0
333 : 662 922 14 4 0
334 : 509 724 23 44 1
335 : 671 832 33 13 0
336 : 586 873 29 8 0
337 : 846 782 130 5 0
338 : 160 832 15 33 1
339 : 463 724 22 46 1
340 : 752 181 69 86 1
341 : 452 873 61 4 0
342 : 998 593 2 38 0
343 : 137 181 39 186 1
344 : 880 922 8 4 1
345 : 0 95 119 86 0
346 : 61 754 48 19 0
347 : 748 888 22 9 0
348 : 798 888 65 3 0
349 : 962 922 10 2 0
350 : 72 552 33 63 1
351 : 964 832 28 14 0
352 : 957 754 23 28 1
353 : 697 808 40 14 0
354 : 813 922 43 1 0
355 : 560 913 6 18 1
356 : 302 695 29 40 1
357 : 28 931 1 9 1
358 : 938 913 4 24 1
359 : 304 854 38 9 0
360 : 809 593 34 45 1
361 : 131 254 99 58 0
362 : 615 873 4 58 1
363 : 296 888 42 5 0
364 : 70 593 67 28 0
365 : 200 913 41 3 0
366 : 378 888 11 19 1
367 : 101 695 55 22 0
368 : 561 854 14 22 1
369 : 102 922 17 5 0
370 : 478 854 8 40 1
371 : 124 854 9 40 1
372 : 101 902 7 26 1
373 : 666 552 68 29 0
374 : 688 922 4 13 1
375 : 829 429 33 80 1
376 : 673 913 35 3 0
377 : 110 508 77 29 0
378 : 368 832 26 18 0
379 : 617 854 5 61 1
380 : 356 95 86 94 1
381 : 212 888 42 5 0
382 : 755 0 66 160 1
383 : 130 873 31 9 0
384 : 187 508 37 60 1
385 : 818 873 10 22 1
386 : 769 854 15 20 1
387 : 983 508 43 17 1
388 : 593 724 45 22 0
389 : 626 377 52 58 1
390 : 874 832 40 10 0
391 : 0 854 24 16 0
392 : 510 473 112 22 0
393 : 219 832 22 22 0
394 : 917 922 2 12 1
395 : 728 888 10 20 1
396 : 822 808 25 22 0
397 : 226 631 10 150 1
398 : 933 902 4 33 1
399 : 719 254 50 104 1
400 : 402 808 40 15 0
401 : 0 181 53 137 1
402 : 241 913 4 30 1
403 : 197 593 56 33 0
404 : 968 254 32 63 0
405 : 634 922 4 14 1
406 : 585 254 134 41 0
407 : 24 854 19 20 1
408 : 875 922 5 7 0
409 : 0 631 28 54 1
410 : 341 922 14 5 0
411 : 232 902 42 4 0
412 : 872 808 36 15 0
413 : 320 508 94 23 0
414 : 125 782 34 23 0
415 : 18 931 3 4 1
416 : 914 832 50 8 0
417 : 966 902 32 4 0
418 : 907 695 18 61 1
419 : 816 832 58 7 0
420 : 998 724 24 2 1
421 : 427 593 23 75 1
422 : 998 902 11 2 1
423 : 723 754 162 5 0
424 : 725 593 84 20 0
425 : 813 95 110 67 0
426 : 990 913 10 9 0
427 : 14 931 3 4 1
428 : 985 754 28 15 1
429 : 90 873 14 20 1
430 : 369 913 3 38 1
431 : 126 631 15 100 1
432 : 126 913 18 7 0
433 : 254 888 5 42 1
434 : 690 473 76 31 0
435 : 0 663 8 170 1
436 : 652 913 21 5 0
437 : 995 377 5 51 0
438 : 467 808 13 45 1
439 : 474 832 14 32 1
440 : 442 808 25 24 0
441 : 823 254 78 61 0
442 : 867 922 9 4 1
443 : 0 695 12 101 1
444 : 933 922 21 1 0
445 : 837 377 135 21 0
446 : 929 922 6 4 1
447 : 684 695 28 40 1
448 : 168 0 134 90 0
449 : 581 754 49 17 0
450 : 904 552 40 48 1
451 : 824 508 33 64 1
452 : 152 429 34 83 1
453 : 307 902 2 80 1
454 : 447 695 95 12 0
455 : 703 782 26 26 0
456 : 809 724 26 37 1
457 : 91 854 33 11 0
458 : 241 832 23 21 0
459 : 599 888 7 29 1
460 : 798 873 11 20 1
461 : 159 782 13 60 1
462 : 54 931 2 1 1
463 : 657 808 40 14 0
464 : 785 782 30 22 0
465 : 937 663 24 45 1
466 : 833 902 6 22 1
467 : 307 552 66 31 0
468 : 682 922 9 6 1
469 : 768 429 44 61 1
470 : 533 922 1 59 1
471 : 823 552 24 81 1
472 : 193 832 19 26 1
473 : 836 473 19 121 1
474 : 305 724 46 23 0
475 : 47 902 6 31 1
476 : 466 888 5 41 1
477 : 988 854 12 18 0
478 : 415 663 15 85 1
479 : 662 902 5 28 1
480 : 726 95 86 87 1
481 : 988 429 36 12 1
482 : 506 832 64 7 0
483 : 954 922 5 4 1
484 : 278 808 34 18 0
485 : 789 854 30 10 0
486 : 92 473 194 13 0
487 : 673 873 38 6 0
488 : 45 931 1 4 1
489 : 53 888 106 2 0
490 : 840 873 11 20 1
491 : 764 922 4 12 1
492 : 860 873 22 10 0
493 : 119 95 70 128 1
494 : 229 724 14 76 1
495 : 169 913 4 31 1
496 : 37 931 2 4 1
497 : 794 695 69 16 0
498 : 690 724 20 49 1
499 : 811 913 2 50 1
