1000 1212
0 : 188 680 94 6 0
1 : 999 944 22 1 1
2 : 0 1178 25 23 0
3 : 180 1201 2 13 1
4 : 399 1201 7 6 1
5 : 401 211 16 133 1
6 : 417 1112 37 13 0
7 : 650 680 42 91 1
8 : 192 1148 32 7 0
9 : 107 996 4 53 1
10 : 852 1148 27 10 1
11 : 585 944 57 16 0
12 : 998 1080 32 2 1
13 : 448 1201 2 3 0
14 : 261 1080 31 41 1
15 : 999 839 22 1 1
16 : 520 544 1 103 1
17 : 432 1201 4 4 0
18 : 812 881 7 62 0
19 : 990 996 41 5 1
20 : 124 1178 24 19 0
21 : 60 944 50 59 1
22 : 281 839 69 42 0
23 : 0 881 67 63 0
24 : 186 57 168 76 0
25 : 160 996 19 52 1
26 : 451 1201 1 2 0
27 : 724 753 29 79 0
28 : 537 1148 31 3 0
29 : 354 944 18 58 1
30 : 862 1178 5 18 0
31 : 302 1080 23 41 1
32 : 995 371 3 69 0
33 : 317 1201 9 10 0
34 : 817 371 112 22 0
35 : 734 1178 11 19 0
36 : 226 0 202 57 0
37 : 172 1178 14 24 1
38 : 923 680 60 77 1
39 : 288 1040 48 3 0
40 : 504 1080 40 25 0
41 : 112 1201 4 14 1
42 : 380 1112 37 20 0
43 : 488 839 69 26 0
44 : 662 1148 28 29 0
45 : 981 1080 17 32 0
46 : 240 371 9 119 1
47 : 824 1080 40 4 0
48 : 903 881 15 61 0
49 : 96 1040 48 16 0
50 : 865 944 14 55 1
51 : 719 1178 15 19 0
52 : 704 371 34 113 1
53 : 682 594 94 81 0
54 : 54 996 53 15 0
55 : 444 1148 8 31 1
56 : 126 1201 1 14 1
57 : 491 1112 36 36 0
58 : 452 1201 1 1 0
59 : 852 1112 3 33 0
60 : 241 1201 12 5 0
61 : 205 1201 12 11 0
62 : 244 1178 24 9 0
63 : 32 1148 20 32 1
64 : 589 753 82 39 1
65 : 979 466 21 72 0
66 : 760 1112 34 6 1
67 : 754 944 56 8 0
68 : 981 1148 25 15 1
69 : 998 211 66 2 1
70 : 753 753 18 79 0
71 : 864 1080 29 39 1
72 : 475 371 41 115 1
73 : 313 544 104 6 0
74 : 959 996 44 25 1
75 : 774 1178 15 18 0
76 : 910 996 49 7 0
77 : 398 594 22 95 1
78 : 382 1201 8 6 1
79 : 115 1112 7 38 1
80 : 967 839 7 42 0
81 : 359 371 49 116 1
82 : 350 839 69 41 0
83 : 557 839 69 18 0
84 : 615 996 5 50 1
85 : 100 1178 23 24 1
86 : 832 680 91 8 0
87 : 506 753 34 83 0
88 : 345 1201 9 8 1
89 : 803 1112 13 33 0
90 : 128 1148 32 11 0
91 : 938 1148 9 26 0
92 : 551 1178 22 3 1
93 : 789 1178 18 14 1
94 : 146 133 143 54 0
95 : 268 211 133 58 0
96 : 563 1112 15 36 0
97 : 191 1112 6 38 1
98 : 994 211 71 4 1
99 : 377 1201 9 4 1
100 : 506 301 17 125 1
101 : 0 1201 7 14 1
102 : 905 1178 8 17 0
103 : 882 1112 26 32 0
104 : 884 1178 17 12 1
105 : 0 680 29 94 1
106 : 957 1178 14 14 0
107 : 178 944 22 59 1
108 : 998 57 75 2 1
109 : 569 1178 10 21 0
110 : 192 1040 48 4 0
111 : 461 1178 17 22 0
112 : 977 133 77 11 1
113 : 0 753 90 39 0
114 : 254 301 126 10 0
115 : 871 1148 27 4 1
116 : 0 1148 32 24 0
117 : 263 996 11 51 1
118 : 980 753 70 16 1
119 : 141 839 70 27 0
120 : 50 1178 22 25 1
121 : 240 1040 4 48 1
122 : 388 1201 5 8 0
123 : 193 1201 11 12 1
124 : 849 1112 3 33 0
125 : 703 1178 19 16 1
126 : 466 680 42 92 1
127 : 0 0 28 226 1
128 : 340 1178 22 23 0
129 : 286 1201 11 8 0
130 : 861 996 49 15 0
131 : 942 1080 3 39 1
132 : 870 594 94 32 0
133 : 695 839 68 40 0
134 : 444 1201 4 1 1
135 : 578 1112 36 14 0
136 : 326 1201 10 6 1
137 : 492 1178 22 14 1
138 : 201 881 67 7 0
139 : 652 753 21 81 0
140 : 826 57 28 148 1
141 : 336 1040 36 47 1
142 : 863 881 22 61 0
143 : 803 881 62 9 1
144 : 546 1178 5 22 0
145 : 590 371 95 114 1
146 : 706 753 18 80 0
147 : 918 881 61 15 1
148 : 689 1112 35 2 1
149 : 954 1178 3 15 0
150 : 268 881 5 67 1
151 : 430 1040 47 9 0
152 : 465 996 50 17 0
153 : 934 1112 32 25 1
154 : 42 1201 4 14 1
155 : 268 1178 24 8 0
156 : 876 301 122 12 0
157 : 631 301 123 30 0
158 : 229 1201 6 12 1
159 : 998 301 2 59 0
160 : 558 680 92 28 0
161 : 998 0 53 2 1
162 : 651 1178 12 20 0
163 : 289 133 41 140 1
164 : 749 1148 29 6 1
165 : 119 944 59 38 0
166 : 96 1148 32 13 0
167 : 39 1112 15 38 1
168 : 803 1178 18 12 1
169 : 267 1112 3 38 1
170 : 320 1148 31 30 0
171 : 470 944 58 3 0
172 : 75 1178 5 25 1
173 : 224 1148 32 7 0
174 : 132 1080 25 43 1
175 : 969 753 11 72 0
176 : 867 1178 4 18 0
177 : 416 1178 23 6 0
178 : 367 1201 9 6 1
179 : 0 839 71 38 0
180 : 428 0 10 202 1
181 : 56 1201 14 4 0
182 : 584 1178 5 21 0
183 : 712 1148 29 22 1
184 : 974 839 42 6 1
185 : 763 839 35 68 1
186 : 544 1080 40 20 0
187 : 237 944 59 6 0
188 : 899 839 11 68 1
189 : 292 1178 24 3 0
190 : 0 1080 3 45 1
191 : 384 1080 40 32 0
192 : 690 1148 29 22 1
193 : 211 839 14 70 1
194 : 941 1178 1 16 0
195 : 415 996 50 34 0
196 : 988 133 6 76 0
197 : 977 1040 22 40 0
198 : 994 133 75 4 1
199 : 140 1201 1 14 1
200 : 938 881 61 4 1
201 : 277 1201 9 11 0
202 : 754 301 122 17 0
203 : 299 594 99 56 0
204 : 209 544 40 104 1
205 : 0 544 11 105 1
206 : 932 1040 45 12 0
207 : 855 1112 32 27 1
208 : 999 1112 1 18 0
209 : 70 1201 14 4 0
210 : 665 211 130 7 0
211 : 918 1178 16 7 1
212 : 418 1201 2 6 0
213 : 616 1040 3 46 1
214 : 623 544 102 12 0
215 : 264 753 86 70 0
216 : 942 1178 15 12 1
217 : 429 133 10 139 1
218 : 662 1040 38 45 1
219 : 695 1178 8 20 0
220 : 353 1201 9 8 1
221 : 196 1178 24 12 0
222 : 741 680 22 91 1
223 : 128 301 22 126 1
224 : 89 1080 43 32 0
225 : 0 466 112 22 0
226 : 927 544 73 30 0
227 : 351 1148 31 30 0
228 : 714 1112 34 19 1
229 : 410 1201 7 4 1
230 : 650 1112 36 6 0
231 : 874 466 17 105 1
232 : 896 1178 17 9 1
233 : 959 1112 32 24 1
234 : 840 1112 33 5 1
235 : 974 944 52 23 1
236 : 408 1178 8 23 0
237 : 397 1201 8 2 1
238 : 988 57 10 76 0
239 : 71 839 70 33 0
240 : 766 1112 33 22 1
241 : 515 996 13 50 1
242 : 382 1148 21 31 1
243 : 821 1148 19 27 0
244 : 871 1178 17 13 1
245 : 428 1201 4 4 0
246 : 454 1112 4 37 1
247 : 574 753 15 83 0
248 : 471 753 85 15 1
249 : 374 680 50 92 1
250 : 999 133 66 1 1
251 : 282 680 92 73 0
252 : 903 1080 11 39 1
253 : 817 1148 4 28 0
254 : 985 1178 10 14 0
255 : 467 881 62 65 1
256 : 790 881 62 13 1
257 : 812 1148 28 5 1
258 : 994 0 53 4 1
259 : 568 133 78 137 1
260 : 840 1148 12 27 0
261 : 839 1178 18 10 1
262 : 0 996 19 54 1
263 : 14 1201 14 6 0
264 : 424 1201 5 4 1
265 : 380 301 126 1 0
266 : 212 996 44 51 1
267 : 337 1201 9 8 1
268 : 915 753 72 29 1
269 : 751 1112 9 34 0
270 : 637 1178 14 20 0
271 : 419 753 37 85 0
272 : 970 211 22 89 0
273 : 939 1178 16 2 1
274 : 908 1112 26 32 0
275 : 936 1178 16 3 1
276 : 983 1112 32 16 1
277 : 419 839 69 40 0
278 : 752 1040 31 45 1
279 : 776 594 34 94 1
280 : 925 211 90 45 1
281 : 218 1080 43 14 0
282 : 445 466 78 109 1
283 : 999 753 26 1 1
284 : 335 881 32 66 1
285 : 931 1178 5 16 0
286 : 628 1148 30 5 0
287 : 385 1178 23 13 0
288 : 134 881 16 67 1
289 : 554 466 109 14 0
290 : 944 753 72 25 1
291 : 827 1178 12 18 0
292 : 984 996 6 44 0
293 : 160 1148 32 9 0
294 : 220 1178 10 24 1
295 : 954 1148 26 3 1
296 : 964 594 25 86 0
297 : 991 371 4 95 0
298 : 532 881 65 47 0
299 : 0 944 60 31 0
300 : 541 1178 5 22 0
301 : 925 1178 16 6 1
302 : 417 544 11 103 1
303 : 288 1148 3 32 1
304 : 534 211 131 44 0
305 : 862 1148 27 9 1
306 : 446 1201 3 2 1
307 : 714 996 49 29 0
308 : 698 944 56 12 0
309 : 477 1040 4 47 1
310 : 769 466 26 105 1
311 : 989 594 86 10 1
312 : 826 544 5 101 1
313 : 528 944 57 22 0
314 : 971 1178 14 14 0
315 : 224 466 61 111 1
316 : 365 996 50 41 0
317 : 999 371 50 1 1
318 : 167 1201 13 4 0
319 : 0 1112 2 39 1
320 : 100 594 2 100 1
321 : 756 1178 18 18 0
322 : 665 996 49 30 0
323 : 144 1040 48 6 0
324 : 929 371 95 62 1
325 : 998 133 68 1 1
326 : 177 753 41 87 1
327 : 332 1201 10 3 1
328 : 0 133 8 146 1
329 : 554 1178 21 15 1
330 : 383 1040 47 13 0
331 : 995 1178 14 5 1
332 : 217 1201 12 8 0
333 : 98 1201 14 4 0
334 : 45 1080 23 44 1
335 : 816 1112 33 13 1
336 : 734 1148 29 8 1
337 : 795 211 130 5 0
338 : 788 1112 15 33 0
339 : 570 1040 22 46 1
340 : 350 753 69 86 0
341 : 942 881 61 4 1
342 : 305 1112 2 38 1
343 : 0 57 39 186 1
344 : 393 1201 8 4 1
345 : 121 371 119 86 0
346 : 48 1040 48 19 0
347 : 526 1178 22 9 1
348 : 996 753 65 3 1
349 : 335 1201 10 2 1
350 : 725 881 33 63 0
351 : 793 1148 28 14 1
352 : 755 1148 23 28 0
353 : 624 1080 40 14 0
354 : 999 594 43 1 1
355 : 856 1178 6 18 0
356 : 424 1080 29 40 1
357 : 381 1201 1 9 0
358 : 996 1148 4 24 0
359 : 77 1112 38 9 0
360 : 707 1040 34 45 1
361 : 200 594 99 58 0
362 : 996 881 4 58 0
363 : 980 839 42 5 1
364 : 67 881 67 28 0
365 : 343 1080 41 3 0
366 : 745 1178 11 19 0
367 : 810 944 55 22 0
368 : 478 1178 14 22 0
369 : 913 1178 17 5 1
370 : 784 1080 8 40 1
371 : 744 1080 9 40 1
372 : 947 1148 7 26 0
373 : 831 839 68 29 0
374 : 154 1201 4 13 1
375 : 673 753 33 80 0
376 : 686 1112 35 3 1
377 : 832 753 77 29 1
378 : 920 1148 26 18 1
379 : 933 881 5 61 0
380 : 588 594 86 94 1
381 : 990 839 42 5 1
382 : 516 57 66 160 1
383 : 413 1148 31 9 0
384 : 946 881 37 60 0
385 : 516 1178 10 22 0
386 : 608 1178 15 20 0
387 : 175 1080 43 17 0
388 : 842 1040 45 22 0
389 : 296 944 52 58 1
390 : 704 1080 40 10 0
391 : 148 1178 24 16 0
392 : 112 466 112 22 0
393 : 439 1178 22 22 0
394 : 265 1201 2 12 1
395 : 685 1178 10 20 0
396 : 25 1178 25 22 0
397 : 676 57 10 150 1
398 : 845 1112 4 33 0
399 : 105 544 50 104 1
400 : 584 1080 40 15 0
401 : 705 133 53 137 1
402 : 658 1148 4 30 0
403 : 642 944 56 33 0
404 : 758 881 32 63 0
405 : 84 1201 4 14 1
406 : 134 211 134 41 0
407 : 589 1178 19 20 0
408 : 405 1201 5 7 0
409 : 920 944 28 54 1
410 : 28 1201 14 5 0
411 : 995 839 42 4 1
412 : 527 1112 36 15 0
413 : 94 680 94 23 0
414 : 691 1112 34 23 1
415 : 439 1201 3 4 0
416 : 565 996 50 8 0
417 : 256 1148 32 4 0
418 : 885 881 18 61 0
419 : 412 944 58 7 0
420 : 316 1178 24 2 0
421 : 892 753 23 75 0
422 : 297 1201 11 2 0
423 : 354 57 162 5 0
424 : 486 753 84 20 1
425 : 335 466 110 67 0
426 : 308 1201 10 9 1
427 : 436 1201 3 4 0
428 : 778 1148 28 15 1
429 : 623 1178 14 20 0
430 : 229 1112 3 38 1
431 : 0 594 15 100 1
432 : 849 1178 18 7 1
433 : 985 839 5 42 0
434 : 861 753 76 31 1
435 : 824 0 8 170 1
436 : 579 1178 21 5 1
437 : 314 996 5 51 1
438 : 887 1040 13 45 1
439 : 64 1148 14 32 1
440 : 957 1148 25 24 1
441 : 771 753 78 61 1
442 : 373 1201 9 4 1
443 : 725 544 12 101 1
444 : 999 1040 21 1 1
445 : 842 133 135 21 0
446 : 414 1201 6 4 1
447 : 464 1080 28 40 1
448 : 0 211 134 90 0
449 : 812 996 49 17 0
450 : 0 1040 40 48 1
451 : 597 881 33 64 1
452 : 540 753 34 83 0
453 : 992 211 2 80 0
454 : 493 594 95 12 0
455 : 875 1148 26 26 0
456 : 343 1112 26 37 1
457 : 829 1112 33 11 1
458 : 362 1178 23 21 0
459 : 742 1148 7 29 0
460 : 663 1178 11 20 0
461 : 983 881 13 60 0
462 : 450 1201 2 1 1
463 : 664 1080 40 14 0
464 : 568 1148 30 22 0
465 : 797 1040 24 45 1
466 : 535 1178 6 22 0
467 : 401 881 66 31 0
468 : 361 1201 9 6 1
469 : 819 881 44 61 0
470 : 998 371 1 59 0
471 : 628 753 24 81 0
472 : 901 1148 19 26 0
473 : 0 371 19 121 1
474 : 524 1040 46 23 0
475 : 475 1148 6 31 1
476 : 995 996 5 41 0
477 : 815 1178 12 18 0
478 : 456 753 15 85 0
479 : 807 1148 5 28 0
480 : 90 753 86 87 1
481 : 614 1112 36 12 0
482 : 661 881 64 7 0
483 : 420 1201 5 4 1
484 : 733 1112 34 18 1
485 : 598 1148 30 10 0
486 : 630 0 194 13 0
487 : 153 1112 38 6 0
488 : 445 1201 1 4 0
489 : 663 466 106 2 0
490 : 674 1178 11 20 0
491 : 253 1201 4 12 1
492 : 506 1178 22 10 1
493 : 0 301 70 128 1
494 : 974 57 14 76 0
495 : 506 1148 4 31 1
496 : 442 1201 2 4 0
497 : 626 839 69 16 0
498 : 763 996 20 49 1
499 : 997 944 2 50 0
