200 140
0 : 0 0 4 6 1
1 : 6 0 2 4 0
2 : 8 0 110 45 0
3 : 118 0 1 15 0
4 : 119 0 2 4 0
5 : 121 0 6 3 1
6 : 124 0 1 27 0
7 : 125 0 4 23 0
8 : 129 0 9 14 0
9 : 138 0 1 11 0
10 : 139 0 15 2 1
11 : 141 0 18 24 0
12 : 159 0 8 1 1
13 : 160 0 15 40 0
14 : 175 0 7 14 0
15 : 182 0 11 4 1
16 : 186 0 1 2 0
17 : 187 0 37 2 1
18 : 189 0 20 8 1
19 : 0 45 12 9 0
20 : 141 24 15 15 0
21 : 12 45 14 20 1
22 : 182 11 4 27 0
23 : 124 27 1 18 0
24 : 32 45 22 14 0
25 : 175 14 23 7 1
26 : 121 6 5 3 1
27 : 0 4 5 22 0
28 : 189 20 6 25 0
29 : 54 45 14 58 1
30 : 129 14 17 9 1
31 : 119 4 3 2 1
32 : 118 15 1 20 0
33 : 197 0 8 3 1
34 : 0 26 18 8 1
35 : 139 15 20 2 1
36 : 112 45 6 19 1
37 : 131 45 67 3 0
38 : 129 31 10 8 1
39 : 0 59 8 9 1
40 : 131 48 21 11 0
41 : 125 23 4 5 0
42 : 125 28 4 16 0
43 : 9 59 17 22 1
44 : 31 59 20 30 1
45 : 160 40 14 5 0
46 : 61 59 12 22 1
47 : 152 48 20 5 0
48 : 172 48 4 11 0
49 : 182 38 7 4 1
50 : 83 59 33 32 0
51 : 176 48 19 9 0
52 : 116 59 27 16 1
53 : 141 39 18 5 0
54 : 112 51 8 16 1
55 : 0 44 8 1 0
56 : 156 24 4 3 1
57 : 0 91 3 71 1
58 : 186 2 41 1 1
59 : 116 86 15 5 0
60 : 132 59 33 4 0
61 : 152 53 5 17 1
62 : 129 41 4 9 1
63 : 121 11 3 24 0
64 : 0 67 11 8 1
65 : 0 54 6 5 0
66 : 132 63 50 27 0
67 : 182 63 25 16 1
68 : 71 91 22 29 1
69 : 165 59 4 24 1
70 : 9 76 8 21 1
71 : 187 37 6 2 1
72 : 0 78 9 7 0
73 : 198 45 14 2 1
74 : 5 4 14 3 1
75 : 61 71 15 22 1
76 : 30 76 1 8 0
77 : 9 84 7 16 1
78 : 121 35 3 10 0
79 : 61 86 21 5 0
80 : 138 11 1 9 0
81 : 100 91 4 45 1
82 : 159 8 14 1 1
83 : 145 91 41 18 0
84 : 0 113 27 30 1
85 : 175 37 7 7 0
86 : 0 85 6 6 0
87 : 100 95 7 32 1
88 : 197 8 4 3 1
89 : 0 94 44 12 0
90 : 118 35 1 2 0
91 : 182 88 12 3 0
92 : 186 91 22 10 1
93 : 119 7 27 2 1
94 : 30 113 5 63 1
95 : 44 94 23 15 0
96 : 132 95 7 7 0
97 : 145 109 14 4 0
98 : 31 79 9 12 0
99 : 6 85 3 6 0
