300 218
0 : 69 110 2 3 1
1 : 120 137 18 12 0
2 : 165 83 14 5 0
3 : 294 37 11 6 1
4 : 278 134 12 16 0
5 : 256 0 6 44 1
6 : 224 110 2 10 1
7 : 198 5 2 23 1
8 : 103 1 52 6 0
9 : 234 50 12 39 1
10 : 273 88 7 26 1
11 : 81 169 10 13 1
12 : 280 21 19 3 0
13 : 122 7 59 12 0
14 : 219 74 2 14 0
15 : 292 112 8 4 0
16 : 80 179 39 39 0
17 : 169 112 14 24 0
18 : 37 179 20 19 0
19 : 34 164 4 4 0
20 : 242 150 18 14 1
21 : 157 112 12 23 0
22 : 178 99 30 12 0
23 : 184 87 1 2 1
24 : 50 12 2 11 1
25 : 228 2 5 26 1
26 : 183 141 9 16 1
27 : 72 50 65 32 0
28 : 219 150 23 19 0
29 : 227 43 5 19 1
30 : 138 137 10 14 1
31 : 155 1 6 30 1
32 : 0 23 31 1 0
33 : 120 82 16 5 0
34 : 72 82 26 6 0
35 : 218 64 8 3 0
36 : 157 135 7 15 0
37 : 149 22 2 2 0
38 : 98 20 1 24 1
39 : 0 12 9 50 1
40 : 227 48 7 2 0
41 : 61 150 20 14 0
42 : 0 105 22 6 0
43 : 36 101 3 4 0
44 : 294 107 2 4 0
45 : 221 5 7 2 0
46 : 39 88 22 48 1
47 : 68 24 67 26 0
48 : 57 179 22 23 1
49 : 234 62 39 14 0
50 : 137 67 7 29 1
51 : 246 24 13 45 1
52 : 234 85 22 2 0
53 : 219 112 14 5 1
54 : 183 112 19 29 0
55 : 226 86 8 2 0
56 : 87 88 46 23 0
57 : 242 99 22 9 0
58 : 98 142 7 14 1
59 : 256 6 1 33 1
60 : 209 101 25 9 0
61 : 290 37 13 4 1
62 : 106 150 23 29 1
63 : 242 88 11 31 1
64 : 221 74 14 3 1
65 : 264 23 1 2 1
66 : 273 95 7 25 1
67 : 137 81 28 7 0
68 : 15 179 20 22 1
69 : 22 105 15 4 0
70 : 172 46 4 25 1
71 : 268 76 9 4 1
72 : 38 150 23 16 0
73 : 163 150 14 19 0
74 : 184 64 10 34 1
75 : 34 141 9 9 0
76 : 145 22 2 4 1
77 : 0 0 103 7 0
78 : 296 107 4 3 1
79 : 285 50 11 37 0
80 : 112 147 8 3 0
81 : 296 50 4 26 0
82 : 55 110 14 2 0
83 : 211 129 8 15 0
84 : 246 37 13 44 1
85 : 0 21 40 2 0
86 : 273 50 12 38 0
87 : 0 88 39 13 0
88 : 20 101 4 16 1
89 : 61 20 2 37 1
90 : 238 109 4 3 0
91 : 16 141 6 9 0
92 : 185 1 13 4 0
93 : 288 150 12 15 0
94 : 123 22 22 2 0
95 : 292 24 7 13 0
96 : 184 74 13 35 1
97 : 0 112 29 48 1
98 : 289 6 9 1 0
99 : 198 2 30 3 0
100 : 178 88 11 31 1
101 : 40 21 21 2 0
102 : 222 67 4 4 0
103 : 294 7 14 1 1
104 : 31 23 1 9 1
105 : 22 141 9 12 1
106 : 240 21 2 40 1
107 : 201 150 22 18 1
108 : 211 112 8 17 0
109 : 291 24 13 1 1
110 : 135 150 22 28 1
111 : 226 50 8 36 0
112 : 22 109 3 7 1
113 : 61 164 18 15 0
114 : 17 150 14 21 1
115 : 133 88 24 45 1
116 : 37 105 4 2 1
117 : 278 112 22 14 1
118 : 103 0 95 1 0
119 : 0 24 26 68 1
120 : 242 108 15 4 0
121 : 179 79 5 7 0
122 : 232 112 46 38 0
123 : 272 108 4 1 1
124 : 224 146 4 5 1
125 : 198 0 58 2 0
126 : 224 128 14 8 1
127 : 137 50 17 47 1
128 : 119 179 15 15 0
129 : 166 67 6 18 1
130 : 0 150 9 17 1
131 : 39 110 16 2 0
132 : 48 144 9 6 0
133 : 135 172 7 7 0
134 : 165 79 14 4 0
135 : 273 102 5 22 1
136 : 0 179 12 15 1
137 : 50 14 11 5 0
138 : 202 130 9 14 0
139 : 209 88 33 13 0
140 : 224 142 8 4 0
141 : 137 74 28 7 0
142 : 181 7 17 59 1
143 : 135 46 4 37 1
144 : 240 34 9 1 1
145 : 202 144 6 9 1
146 : 112 112 20 8 1
147 : 240 23 24 1 0
148 : 240 7 14 54 1
149 : 197 24 49 10 0
150 : 169 136 14 8 0
151 : 202 112 9 18 0
152 : 218 67 4 7 0
153 : 0 141 9 16 1
154 : 120 112 25 37 1
155 : 256 150 32 29 0
156 : 238 101 8 4 1
157 : 209 110 2 15 1
158 : 0 7 61 5 0
159 : 151 19 4 22 1
160 : 112 132 8 15 0
161 : 81 150 19 25 1
162 : 273 107 4 21 1
163 : 165 74 5 19 1
164 : 177 150 19 24 1
165 : 17 164 14 17 1
166 : 29 109 7 3 0
167 : 122 19 29 3 0
168 : 257 108 15 4 0
169 : 94 169 10 12 1
170 : 197 34 43 9 0
171 : 295 7 14 3 1
172 : 270 85 2 3 0
173 : 0 101 20 4 0
174 : 135 24 22 62 1
175 : 0 159 17 17 0
176 : 97 22 26 2 0
177 : 38 166 15 12 0
178 : 61 22 2 36 1
179 : 48 112 32 50 1
180 : 98 82 5 22 1
181 : 224 112 16 8 1
182 : 98 112 14 30 0
183 : 254 2 5 2 1
184 : 98 21 1 2 1
185 : 173 19 8 3 0
186 : 197 43 30 7 0
187 : 264 99 4 9 0
188 : 199 141 9 3 1
189 : 256 85 14 3 0
190 : 184 50 42 14 0
191 : 234 76 34 9 0
192 : 234 101 4 11 0
193 : 0 50 38 72 1
194 : 285 87 6 1 0
195 : 295 102 3 5 0
196 : 292 116 10 8 1
197 : 288 165 12 12 0
198 : 296 76 4 12 0
199 : 61 7 13 61 1
