1000 1305
0 : 248 296 94 6 0
1 : 643 919 22 1 1
2 : 62 1219 25 23 0
3 : 491 1052 2 13 0
4 : 346 1219 7 6 1
5 : 404 85 16 133 1
6 : 0 919 37 13 0
7 : 691 575 42 91 1
8 : 959 833 32 7 1
9 : 783 575 4 53 0
10 : 404 957 27 10 1
11 : 928 681 57 16 1
12 : 494 833 32 2 1
13 : 431 1219 2 3 0
14 : 577 1052 31 41 0
15 : 644 919 22 1 1
16 : 601 113 1 103 1
17 : 524 1219 4 4 0
18 : 787 497 7 62 0
19 : 537 771 41 5 1
20 : 634 1133 24 19 1
21 : 707 1052 50 59 0
22 : 819 833 69 42 1
23 : 731 1133 67 63 1
24 : 103 220 168 76 0
25 : 207 833 19 52 0
26 : 393 1219 1 2 0
27 : 409 575 29 79 1
28 : 731 833 31 3 1
29 : 99 771 18 58 0
30 : 24 1052 5 18 1
31 : 334 957 23 41 0
32 : 764 408 3 69 1
33 : 383 1219 9 10 0
34 : 366 220 112 22 0
35 : 137 1133 11 19 0
36 : 186 28 202 57 0
37 : 563 1052 14 24 0
38 : 524 957 60 77 0
39 : 892 636 48 3 0
40 : 864 957 40 25 1
41 : 508 1052 4 14 0
42 : 489 957 37 20 1
43 : 681 681 69 26 1
44 : 398 1219 28 29 0
45 : 908 957 17 32 0
46 : 798 85 9 119 1
47 : 522 771 40 4 1
48 : 603 636 15 61 1
49 : 226 833 48 16 1
50 : 914 681 14 55 0
51 : 808 1133 15 19 0
52 : 0 350 34 113 1
53 : 42 1052 94 81 0
54 : 343 771 53 15 1
55 : 281 919 8 31 1
56 : 139 1052 1 14 0
57 : 574 1219 36 36 0
58 : 610 1219 1 1 0
59 : 485 833 3 33 0
60 : 328 1133 12 5 1
61 : 433 1219 12 11 1
62 : 925 957 24 9 1
63 : 171 1052 20 32 0
64 : 433 681 82 39 1
65 : 210 575 21 72 1
66 : 705 833 34 6 1
67 : 274 636 56 8 0
68 : 493 1052 25 15 1
69 : 244 457 66 2 0
70 : 72 497 18 79 1
71 : 512 1052 29 39 0
72 : 517 350 41 115 1
73 : 100 154 104 6 0
74 : 871 919 44 25 0
75 : 883 1133 15 18 0
76 : 900 681 49 7 1
77 : 632 350 22 95 1
78 : 56 1219 8 6 1
79 : 360 833 7 38 0
80 : 658 771 7 42 0
81 : 420 408 49 116 1
82 : 734 833 69 41 1
83 : 340 575 69 18 0
84 : 76 681 5 50 1
85 : 163 1219 23 24 1
86 : 710 296 91 8 0
87 : 874 575 34 83 1
88 : 143 1219 9 8 1
89 : 746 919 13 33 0
90 : 645 919 32 11 1
91 : 509 957 9 26 0
92 : 868 919 22 3 1
93 : 717 1133 18 14 1
94 : 0 296 143 54 0
95 : 384 350 133 58 0
96 : 659 919 15 36 0
97 : 283 833 6 38 0
98 : 536 408 71 4 0
99 : 692 1133 9 4 1
100 : 122 113 17 125 1
101 : 321 1133 7 14 0
102 : 687 1052 8 17 0
103 : 564 1133 26 32 0
104 : 680 1133 17 12 1
105 : 0 457 29 94 1
106 : 528 1219 14 14 0
107 : 461 771 22 59 1
108 : 727 350 75 2 0
109 : 301 1052 10 21 0
110 : 126 681 48 4 0
111 : 617 1133 17 22 0
112 : 833 408 77 11 0
113 : 0 575 90 39 0
114 : 537 85 126 10 0
115 : 368 919 27 4 1
116 : 0 1133 32 24 0
117 : 117 771 11 51 0
118 : 905 497 70 16 1
119 : 737 681 70 27 1
120 : 0 1219 22 25 1
121 : 174 681 4 48 1
122 : 25 1219 5 8 0
123 : 335 1219 11 12 0
124 : 506 833 3 33 0
125 : 30 1219 19 16 1
126 : 488 575 42 92 1
127 : 0 0 28 226 1
128 : 121 1219 22 23 0
129 : 853 1133 11 8 1
130 : 744 771 49 15 1
131 : 542 771 3 39 0
132 : 729 457 94 32 0
133 : 775 833 68 40 1
134 : 46 1219 4 1 1
135 : 488 919 36 14 1
136 : 711 1133 10 6 1
137 : 877 1052 22 14 1
138 : 245 497 67 7 0
139 : 312 497 21 81 1
140 : 256 85 28 148 1
141 : 363 1052 36 47 0
142 : 263 771 22 61 1
143 : 943 497 62 9 1
144 : 483 957 5 22 0
145 : 135 957 95 114 1
146 : 649 457 18 80 1
147 : 542 636 61 15 0
148 : 759 771 35 2 1
149 : 191 1052 3 15 0
150 : 582 457 5 67 1
151 : 328 771 47 9 1
152 : 178 833 50 17 1
153 : 214 1133 32 25 1
154 : 612 1052 4 14 0
155 : 778 957 24 8 1
156 : 0 113 122 12 0
157 : 813 154 123 30 0
158 : 468 1133 6 12 0
159 : 748 497 2 59 0
160 : 414 457 92 28 0
161 : 157 575 53 2 0
162 : 971 1052 12 20 0
163 : 825 113 41 140 1
164 : 477 919 29 6 1
165 : 674 919 59 38 0
166 : 92 957 32 13 1
167 : 215 919 15 38 1
168 : 456 1133 18 12 1
169 : 655 771 3 38 0
170 : 305 1219 31 30 1
171 : 794 497 58 3 1
172 : 848 919 5 25 0
173 : 975 833 32 7 1
174 : 309 957 25 43 0
175 : 0 497 11 72 1
176 : 992 957 4 18 0
177 : 518 957 23 6 1
178 : 976 1133 9 6 1
179 : 924 771 71 38 0
180 : 226 0 10 202 1
181 : 608 1052 14 4 1
182 : 694 957 5 21 0
183 : 299 1133 29 22 1
184 : 531 771 42 6 1
185 : 856 771 35 68 1
186 : 759 919 40 20 0
187 : 921 497 59 6 1
188 : 750 497 11 68 0
189 : 656 919 24 3 1
190 : 897 681 3 45 0
191 : 914 1052 40 32 1
192 : 377 1133 29 22 1
193 : 773 497 14 70 0
194 : 934 957 1 16 0
195 : 715 957 50 34 1
196 : 170 408 6 76 1
197 : 249 957 22 40 0
198 : 802 350 75 4 0
199 : 140 1052 1 14 0
200 : 744 497 61 4 1
201 : 89 1219 9 11 0
202 : 247 113 122 17 0
203 : 472 681 99 56 0
204 : 310 457 40 104 1
205 : 414 154 11 105 1
206 : 195 833 45 12 1
207 : 653 1133 32 27 1
208 : 488 957 1 18 0
209 : 654 1052 14 4 1
210 : 126 85 130 7 0
211 : 695 1052 16 7 1
212 : 794 1133 2 6 0
213 : 412 681 3 46 0
214 : 702 220 102 12 0
215 : 786 957 86 70 1
216 : 964 1133 15 12 1
217 : 684 28 10 139 1
218 : 261 1133 38 45 0
219 : 209 1052 8 20 0
220 : 151 1219 9 8 1
221 : 255 1052 24 12 1
222 : 246 408 22 91 1
223 : 475 113 22 126 1
224 : 411 1052 43 32 1
225 : 478 220 112 22 0
226 : 707 681 73 30 1
227 : 187 1219 31 30 0
228 : 889 957 34 19 1
229 : 960 1133 7 4 1
230 : 488 833 36 6 1
231 : 143 296 17 105 1
232 : 34 1133 17 9 1
233 : 946 1052 32 24 1
234 : 726 833 33 5 1
235 : 606 833 52 23 1
236 : 856 957 8 23 0
237 : 428 1133 8 2 1
238 : 910 408 10 76 1
239 : 376 771 70 33 0
240 : 469 1052 33 22 1
241 : 446 771 13 50 0
242 : 620 1052 21 31 0
243 : 895 1052 19 27 0
244 : 823 1133 17 13 1
245 : 611 1219 4 4 0
246 : 174 833 4 37 0
247 : 337 408 15 83 1
248 : 0 408 85 15 0
249 : 797 681 50 92 1
250 : 94 457 66 1 0
251 : 0 957 92 73 0
252 : 715 833 11 39 0
253 : 37 919 4 28 1
254 : 836 1133 10 14 0
255 : 898 1133 62 65 0
256 : 0 636 62 13 0
257 : 253 919 28 5 0
258 : 787 575 53 4 1
259 : 393 497 78 137 1
260 : 935 957 12 27 0
261 : 182 1133 18 10 1
262 : 633 771 19 54 0
263 : 820 1052 14 6 1
264 : 394 1219 5 4 1
265 : 0 85 126 1 0
266 : 333 1133 44 51 0
267 : 444 1219 9 8 1
268 : 764 681 72 29 1
269 : 966 833 9 34 0
270 : 474 1133 14 20 0
271 : 139 636 37 85 1
272 : 607 408 22 89 1
273 : 996 957 16 2 1
274 : 430 1133 26 32 0
275 : 136 1052 16 3 1
276 : 699 957 32 16 1
277 : 665 833 69 40 1
278 : 961 957 31 45 0
279 : 151 497 34 94 1
280 : 802 636 90 45 0
281 : 651 833 43 14 1
282 : 376 833 78 109 1
283 : 953 833 26 1 1
284 : 678 771 32 66 1
285 : 399 1052 5 16 0
286 : 954 833 30 5 1
287 : 641 1052 23 13 1
288 : 90 575 16 67 1
289 : 305 154 109 14 0
290 : 470 636 72 25 0
291 : 488 1133 12 18 0
292 : 337 771 6 44 0
293 : 111 919 32 9 0
294 : 0 1052 10 24 1
295 : 143 919 26 3 0
296 : 888 457 25 86 1
297 : 271 220 4 95 1
298 : 357 957 65 47 1
299 : 542 833 60 31 1
300 : 689 957 5 22 0
301 : 543 1052 16 6 1
302 : 0 220 11 103 1
303 : 629 833 3 32 0
304 : 342 296 131 44 0
305 : 285 957 27 9 1
306 : 426 1219 3 2 1
307 : 799 919 49 29 0
308 : 222 681 56 12 0
309 : 793 681 4 47 0
310 : 113 350 26 105 1
311 : 298 350 86 10 0
312 : 204 154 5 101 1
313 : 545 771 57 22 1
314 : 560 1219 14 14 0
315 : 580 575 61 111 1
316 : 761 1052 50 41 1
317 : 782 575 50 1 1
318 : 757 1052 13 4 1
319 : 459 771 2 39 0
320 : 0 154 2 100 1
321 : 542 1219 18 18 0
322 : 105 957 49 30 1
323 : 907 681 48 6 1
324 : 761 771 95 62 0
325 : 696 408 68 1 0
326 : 664 636 41 87 1
327 : 239 1133 10 3 1
328 : 538 28 8 146 1
329 : 399 1133 21 15 1
330 : 665 771 47 13 1
331 : 702 1052 14 5 1
332 : 800 1133 12 8 1
333 : 559 1052 14 4 1
334 : 546 919 23 44 1
335 : 733 919 33 13 1
336 : 590 919 29 8 1
337 : 823 28 130 5 0
338 : 294 957 15 33 0
339 : 65 919 22 46 1
340 : 414 957 69 86 0
341 : 659 497 61 4 1
342 : 520 771 2 38 0
343 : 0 28 39 186 1
344 : 796 1133 8 4 1
345 : 55 833 119 86 0
346 : 632 833 48 19 1
347 : 141 1052 22 9 1
348 : 823 457 65 3 0
349 : 32 1133 10 2 1
350 : 509 833 33 63 0
351 : 947 957 28 14 1
352 : 590 1133 23 28 0
353 : 861 833 40 14 1
354 : 913 681 43 1 1
355 : 165 1052 6 18 0
356 : 334 1052 29 40 0
357 : 970 1052 1 9 0
358 : 853 919 4 24 0
359 : 573 833 38 9 1
360 : 267 1052 34 45 0
361 : 0 771 99 58 0
362 : 901 497 4 58 0
363 : 361 771 42 5 1
364 : 196 771 67 28 0
365 : 358 771 41 3 1
366 : 866 1052 11 19 0
367 : 0 833 55 22 0
368 : 806 1052 14 22 0
369 : 194 1052 17 5 1
370 : 272 833 8 40 0
371 : 367 833 9 40 0
372 : 915 919 7 26 0
373 : 128 771 68 29 0
374 : 802 1052 4 13 0
375 : 390 636 33 80 1
376 : 280 833 35 3 1
377 : 62 636 77 29 0
378 : 164 1133 26 18 1
379 : 768 497 5 61 0
380 : 43 1133 86 94 1
381 : 366 771 42 5 1
382 : 519 154 66 160 1
383 : 504 919 31 9 1
384 : 417 919 37 60 1
385 : 245 1052 10 22 0
386 : 696 1133 15 20 0
387 : 893 833 43 17 1
388 : 372 919 45 22 0
389 : 512 1133 52 58 0
390 : 496 833 40 10 1
391 : 148 1133 24 16 1
392 : 590 220 112 22 0
393 : 476 1219 22 22 0
394 : 541 1052 2 12 0
395 : 549 1052 10 20 0
396 : 861 1133 25 22 1
397 : 388 28 10 150 1
398 : 582 833 4 33 0
399 : 797 497 50 104 1
400 : 938 833 40 15 1
401 : 573 296 53 137 1
402 : 875 833 4 30 0
403 : 312 919 56 33 0
404 : 295 833 32 63 0
405 : 616 1052 4 14 0
406 : 679 154 134 41 0
407 : 364 1219 19 20 0
408 : 47 1219 5 7 0
409 : 910 833 28 54 0
410 : 669 1052 14 5 1
411 : 324 771 42 4 1
412 : 531 919 36 15 1
413 : 877 350 94 23 0
414 : 311 1052 34 23 1
415 : 361 1219 3 4 0
416 : 889 681 50 8 1
417 : 711 833 32 4 1
418 : 415 681 18 61 0
419 : 282 575 58 7 0
420 : 502 919 24 2 1
421 : 952 497 23 75 0
422 : 685 1052 11 2 1
423 : 792 0 162 5 0
424 : 160 457 84 20 0
425 : 571 681 110 67 0
426 : 352 1219 10 9 1
427 : 428 1219 3 4 0
428 : 150 1052 28 15 1
429 : 414 1133 14 20 0
430 : 652 771 3 38 0
431 : 473 296 15 100 1
432 : 404 1052 18 7 1
433 : 371 771 5 42 0
434 : 0 681 76 31 0
435 : 622 0 8 170 1
436 : 767 957 21 5 1
437 : 751 636 5 51 1
438 : 242 833 13 45 0
439 : 271 957 14 32 0
440 : 452 1219 25 24 1
441 : 628 957 78 61 1
442 : 613 1133 9 4 1
443 : 804 220 12 101 1
444 : 867 919 21 1 1
445 : 663 85 135 21 0
446 : 52 1219 6 4 1
447 : 217 1052 28 40 0
448 : 278 681 134 90 0
449 : 255 833 49 17 1
450 : 826 1052 40 48 0
451 : 327 833 33 64 0
452 : 791 575 34 83 1
453 : 218 350 2 80 1
454 : 801 296 95 12 0
455 : 498 1219 26 26 0
456 : 443 1052 26 37 0
457 : 520 919 33 11 1
458 : 98 1219 23 21 0
459 : 513 919 7 29 0
460 : 658 1052 11 20 0
461 : 330 636 13 60 1
462 : 392 1219 2 1 1
463 : 879 833 40 14 1
464 : 192 1133 30 22 1
465 : 598 919 24 45 1
466 : 772 957 6 22 0
467 : 567 771 66 31 0
468 : 847 1133 9 6 1
469 : 584 957 44 61 0
470 : 658 497 1 59 0
471 : 663 497 24 81 1
472 : 242 1133 19 26 0
473 : 704 113 19 121 1
474 : 169 919 46 23 0
475 : 982 833 6 31 0
476 : 526 771 5 41 0
477 : 500 1133 12 18 0
478 : 85 408 15 85 1
479 : 483 919 5 28 0
480 : 218 1219 86 87 1
481 : 988 833 36 12 1
482 : 761 497 64 7 1
483 : 159 1219 5 4 1
484 : 749 957 34 18 1
485 : 857 919 30 10 1
486 : 428 0 194 13 0
487 : 289 833 38 6 1
488 : 846 1133 1 4 0
489 : 369 113 106 2 0
490 : 674 1052 11 20 0
491 : 891 1052 4 12 0
492 : 199 1052 22 10 1
493 : 530 497 70 128 1
494 : 506 457 14 76 1
495 : 815 833 4 31 0
496 : 87 1219 2 4 0
497 : 927 497 69 16 1
498 : 586 833 20 49 0
499 : 224 636 2 50 1
