100 47
0 : 94 0 4 22 0
1 : 50 34 9 4 1
2 : 38 23 18 10 0
3 : 56 23 19 9 0
4 : 54 34 5 4 1
5 : 83 34 3 3 0
6 : 13 28 4 15 1
7 : 94 22 1 3 1
8 : 37 34 13 3 0
9 : 0 34 13 14 1
10 : 81 34 2 4 0
11 : 13 32 1 14 1
12 : 0 24 8 13 1
13 : 13 33 1 7 1
14 : 75 23 11 16 1
15 : 99 23 11 1 1
16 : 0 23 38 1 0
17 : 28 28 9 5 0
18 : 66 15 2 8 0
19 : 71 34 6 2 1
20 : 79 34 2 4 0
21 : 98 0 2 21 0
22 : 60 34 4 5 0
23 : 13 24 17 4 0
24 : 58 34 7 2 1
25 : 61 21 5 1 0
26 : 68 20 3 17 1
27 : 92 20 2 3 0
28 : 36 15 7 25 1
29 : 76 34 3 3 0
30 : 30 24 4 7 1
31 : 29 34 8 10 0
32 : 36 0 32 15 0
33 : 68 34 5 3 1
34 : 85 20 7 3 0
35 : 56 32 2 14 1
36 : 61 15 5 6 0
37 : 38 33 14 1 0
38 : 91 23 11 8 1
39 : 14 34 15 11 0
40 : 37 24 9 1 1
41 : 36 22 1 17 1
42 : 73 34 3 4 0
43 : 68 0 20 26 1
44 : 0 32 13 2 0
45 : 64 34 4 4 0
46 : 53 22 1 8 1
47 : 0 0 23 36 1
48 : 98 21 2 2 0
49 : 70 32 4 2 0
