300 205
0 : 162 202 2 3 1
1 : 189 138 18 12 0
2 : 277 185 14 5 0
3 : 40 185 11 6 0
4 : 207 138 12 16 1
5 : 180 178 6 44 1
6 : 113 202 2 10 1
7 : 237 200 2 23 1
8 : 128 178 52 6 0
9 : 59 138 12 39 1
10 : 28 178 7 26 1
11 : 196 150 10 13 1
12 : 121 196 19 3 0
13 : 0 138 59 12 0
14 : 74 202 2 14 1
15 : 18 196 8 4 0
16 : 0 0 39 39 0
17 : 165 110 14 24 1
18 : 72 91 20 19 0
19 : 58 196 4 4 0
20 : 271 110 18 14 0
21 : 166 138 12 23 1
22 : 136 138 30 12 0
23 : 143 204 1 2 1
24 : 102 202 2 11 1
25 : 139 185 5 26 1
26 : 175 161 9 16 1
27 : 157 0 65 32 0
28 : 49 91 23 19 0
29 : 209 185 5 19 1
30 : 182 150 10 14 1
31 : 224 178 6 30 1
32 : 0 204 31 1 0
33 : 247 185 16 5 0
34 : 254 178 26 6 0
35 : 207 196 8 3 0
36 : 79 178 7 15 1
37 : 168 202 2 2 0
38 : 31 204 1 24 1
39 : 221 150 9 50 1
40 : 138 202 7 2 0
41 : 232 110 20 14 0
42 : 0 185 22 6 0
43 : 234 196 3 4 0
44 : 154 202 2 4 1
45 : 131 202 7 2 0
46 : 137 68 22 48 1
47 : 148 39 67 26 0
48 : 213 68 22 23 0
49 : 96 110 39 14 0
50 : 217 170 7 29 1
51 : 78 124 13 45 1
52 : 260 200 22 2 0
53 : 263 185 14 5 0
54 : 255 68 19 29 1
55 : 123 202 8 2 0
56 : 0 68 46 23 0
57 : 102 161 22 9 0
58 : 94 178 7 14 1
59 : 265 202 1 33 1
60 : 77 161 25 9 0
61 : 244 191 13 4 0
62 : 46 68 23 29 1
63 : 68 150 11 31 1
64 : 140 196 14 3 0
65 : 147 204 1 2 1
66 : 54 178 7 25 1
67 : 0 178 28 7 0
68 : 235 68 20 22 0
69 : 200 191 15 4 0
70 : 81 191 4 25 1
71 : 0 196 9 4 0
72 : 237 91 23 16 0
73 : 252 110 14 19 1
74 : 148 150 10 34 1
75 : 217 161 9 9 0
76 : 158 202 2 4 1
77 : 84 170 103 7 0
78 : 237 196 4 3 0
79 : 0 150 11 37 1
80 : 191 196 8 3 0
81 : 55 191 4 26 1
82 : 88 202 14 2 0
83 : 31 170 8 15 1
84 : 123 124 13 44 1
85 : 58 200 40 2 0
86 : 98 138 12 38 1
87 : 167 124 39 13 0
88 : 169 191 4 16 1
89 : 138 200 2 37 1
90 : 241 196 4 3 0
91 : 60 185 6 9 1
92 : 257 191 13 4 0
93 : 253 138 12 15 1
94 : 0 202 22 2 0
95 : 108 178 7 13 1
96 : 206 124 13 35 1
97 : 0 39 29 48 1
98 : 106 204 9 1 0
99 : 62 196 30 3 0
100 : 37 150 11 31 1
101 : 22 202 21 2 0
102 : 54 196 4 4 0
103 : 79 204 14 1 0
104 : 124 204 1 9 1
105 : 205 161 9 12 1
106 : 98 200 2 40 1
107 : 92 91 22 18 0
108 : 282 161 8 17 1
109 : 93 204 13 1 0
110 : 185 68 22 28 1
111 : 226 161 8 36 1
112 : 222 196 3 7 1
113 : 260 91 18 15 1
114 : 211 110 14 21 1
115 : 252 39 24 45 1
116 : 150 202 4 2 0
117 : 189 110 22 14 0
118 : 170 202 95 1 0
119 : 80 39 26 68 1
120 : 215 191 15 4 0
121 : 11 191 5 7 1
122 : 111 0 46 38 0
123 : 139 204 4 1 0
124 : 49 196 4 5 1
125 : 0 200 58 2 0
126 : 60 170 14 8 0
127 : 173 91 17 47 1
128 : 275 91 15 15 0
129 : 22 185 6 18 1
130 : 142 161 9 17 1
131 : 43 202 16 2 0
132 : 51 185 9 6 0
133 : 121 178 7 7 0
134 : 230 191 14 4 0
135 : 165 185 5 22 1
136 : 223 138 12 15 1
137 : 0 191 11 5 0
138 : 191 161 9 14 1
139 : 241 124 33 13 0
140 : 26 196 8 4 0
141 : 246 170 28 7 0
142 : 114 91 17 59 1
143 : 18 191 4 37 1
144 : 115 204 9 1 0
145 : 69 185 6 9 1
146 : 262 161 20 8 0
147 : 55 204 24 1 0
148 : 0 110 14 54 1
149 : 99 150 49 10 0
150 : 46 170 14 8 0
151 : 124 161 9 18 1
152 : 42 196 4 7 1
153 : 159 161 9 16 1
154 : 215 39 25 37 1
155 : 48 39 32 29 0
156 : 34 196 8 4 0
157 : 59 202 2 15 1
158 : 78 185 61 5 0
159 : 106 191 4 22 1
160 : 16 170 8 15 1
161 : 0 91 19 25 1
162 : 128 191 4 21 1
163 : 228 185 5 19 1
164 : 25 91 19 24 1
165 : 0 124 14 17 1
166 : 215 196 7 3 0
167 : 92 196 29 3 0
168 : 185 191 15 4 0
169 : 209 150 10 12 1
170 : 0 161 43 9 0
171 : 154 196 14 3 0
172 : 165 202 2 3 1
173 : 149 191 20 4 0
174 : 75 68 22 62 1
175 : 220 91 17 17 0
176 : 211 200 26 2 0
177 : 238 138 15 12 0
178 : 175 200 2 36 1
179 : 222 0 32 50 1
180 : 187 185 5 22 1
181 : 0 170 16 8 0
182 : 135 110 14 30 1
183 : 145 202 5 2 0
184 : 145 204 1 2 1
185 : 199 196 8 3 0
186 : 187 170 30 7 0
187 : 9 196 4 9 1
188 : 182 196 9 3 0
189 : 168 196 14 3 0
190 : 54 110 42 14 0
191 : 43 161 34 9 0
192 : 282 191 4 11 1
193 : 39 0 38 72 1
194 : 133 204 6 1 0
195 : 229 196 3 5 1
196 : 74 170 10 8 0
197 : 268 138 12 12 0
198 : 270 191 4 12 1
199 : 17 124 13 61 1
