1000 644
0 : 121 311 94 6 0
1 : 597 224 22 1 0
2 : 753 594 25 23 1
3 : 811 47 2 13 1
4 : 573 588 7 6 0
5 : 790 110 16 133 1
6 : 442 563 37 13 0
7 : 753 320 42 91 1
8 : 863 543 32 7 0
9 : 0 481 4 53 1
10 : 906 391 27 10 0
11 : 834 470 57 16 0
12 : 565 223 32 2 0
13 : 525 548 2 3 1
14 : 915 550 31 41 0
15 : 541 486 22 1 0
16 : 0 223 1 103 1
17 : 901 220 4 4 0
18 : 844 391 7 62 1
19 : 648 67 41 5 1
20 : 981 462 24 19 1
21 : 683 487 50 59 0
22 : 774 401 69 42 1
23 : 68 487 67 63 0
24 : 186 57 168 76 0
25 : 0 522 19 52 1
26 : 464 485 1 2 0
27 : 369 401 29 79 0
28 : 118 244 31 3 1
29 : 845 487 18 58 0
30 : 844 545 5 18 1
31 : 946 550 23 41 0
32 : 997 225 3 69 0
33 : 865 618 9 10 0
34 : 269 193 112 22 0
35 : 887 209 11 19 1
36 : 226 0 202 57 0
37 : 859 594 14 24 0
38 : 398 401 60 77 0
39 : 399 547 48 3 0
40 : 299 569 40 25 0
41 : 398 193 4 14 0
42 : 0 573 37 20 0
43 : 897 401 69 26 1
44 : 574 594 28 29 0
45 : 411 594 17 32 0
46 : 533 205 9 119 1
47 : 625 590 40 4 0
48 : 125 96 15 61 1
49 : 347 550 48 16 0
50 : 918 487 14 55 0
51 : 52 522 15 19 0
52 : 0 156 34 113 1
53 : 197 320 94 81 0
54 : 979 487 53 15 1
55 : 251 519 8 31 0
56 : 554 56 1 14 1
57 : 40 594 36 36 0
58 : 629 53 1 1 0
59 : 132 156 3 33 0
60 : 479 563 12 5 1
61 : 905 617 12 11 0
62 : 621 214 24 9 0
63 : 391 594 20 32 0
64 : 297 401 82 39 1
65 : 625 401 21 72 0
66 : 896 542 34 6 0
67 : 170 28 56 8 0
68 : 889 183 25 15 1
69 : 398 485 66 2 0
70 : 0 300 18 79 1
71 : 202 565 29 39 1
72 : 402 179 41 115 1
73 : 269 215 104 6 0
74 : 760 550 44 25 0
75 : 109 608 15 18 0
76 : 777 165 49 7 1
77 : 354 286 22 95 1
78 : 563 481 8 6 0
79 : 489 583 7 38 1
80 : 111 244 7 42 0
81 : 661 165 49 116 1
82 : 816 401 69 41 1
83 : 923 401 69 18 1
84 : 994 487 5 50 0
85 : 820 594 23 24 0
86 : 789 309 91 8 0
87 : 844 342 34 83 1
88 : 874 618 9 8 0
89 : 185 515 13 33 0
90 : 533 214 32 11 0
91 : 42 541 9 26 1
92 : 566 370 22 3 1
93 : 127 606 18 14 0
94 : 824 0 143 54 0
95 : 269 135 133 58 0
96 : 76 594 15 36 0
97 : 670 588 6 38 1
98 : 102 397 71 4 0
99 : 990 540 9 4 1
100 : 0 96 17 125 1
101 : 111 286 7 14 0
102 : 676 303 8 17 0
103 : 266 594 26 32 0
104 : 838 618 17 12 0
105 : 291 320 29 94 1
106 : 449 534 14 14 0
107 : 771 487 22 59 0
108 : 0 318 75 2 0
109 : 313 538 10 21 1
110 : 469 220 48 4 0
111 : 381 193 17 22 0
112 : 988 57 77 11 1
113 : 753 362 90 39 0
114 : 354 123 126 10 0
115 : 241 565 27 4 1
116 : 367 594 32 24 1
117 : 989 0 11 51 0
118 : 744 401 70 16 1
119 : 717 401 70 27 1
120 : 798 594 22 25 0
121 : 927 342 4 48 0
122 : 558 51 5 8 1
123 : 893 169 11 12 0
124 : 263 484 3 33 1
125 : 244 471 19 16 0
126 : 569 320 42 92 1
127 : 0 0 28 226 1
128 : 112 190 22 23 1
129 : 979 540 11 8 0
130 : 202 550 49 15 0
131 : 941 484 3 39 1
132 : 893 265 94 32 0
133 : 941 401 68 40 1
134 : 927 390 4 1 0
135 : 91 594 36 14 0
136 : 747 389 10 6 1
137 : 955 594 22 14 1
138 : 398 478 67 7 0
139 : 959 320 21 81 0
140 : 630 13 28 148 1
141 : 395 550 36 47 1
142 : 593 487 22 61 0
143 : 122 126 62 9 0
144 : 541 481 5 22 1
145 : 240 225 95 114 1
146 : 980 320 18 80 0
147 : 684 471 61 15 0
148 : 776 47 35 2 0
149 : 124 608 3 15 0
150 : 402 220 5 67 1
151 : 932 541 47 9 0
152 : 891 470 50 17 0
153 : 318 594 32 25 1
154 : 800 575 4 14 0
155 : 339 569 24 8 1
156 : 784 135 122 12 0
157 : 661 135 123 30 0
158 : 994 537 6 12 0
159 : 125 111 2 59 1
160 : 661 320 92 28 0
161 : 0 485 53 2 0
162 : 939 616 12 20 1
163 : 428 10 41 140 1
164 : 373 215 29 6 0
165 : 733 487 59 38 1
166 : 458 594 32 13 1
167 : 646 472 15 38 1
168 : 145 606 18 12 0
169 : 364 221 3 38 1
170 : 471 594 31 30 1
171 : 844 398 58 3 0
172 : 215 311 5 25 1
173 : 688 49 32 7 0
174 : 859 550 25 43 0
175 : 465 307 11 72 1
176 : 981 221 4 18 1
177 : 655 362 23 6 1
178 : 987 309 9 6 1
179 : 646 401 71 38 1
180 : 428 0 10 202 1
181 : 571 292 14 4 1
182 : 768 305 5 21 1
183 : 602 594 29 22 1
184 : 0 541 42 6 0
185 : 0 487 35 68 1
186 : 79 300 40 20 0
187 : 0 475 59 6 0
188 : 571 473 11 68 1
189 : 118 275 24 3 1
190 : 530 179 3 45 0
191 : 0 594 40 32 0
192 : 68 446 29 22 1
193 : 760 401 14 70 0
194 : 67 522 1 16 0
195 : 135 515 50 34 0
196 : 385 393 6 76 1
197 : 715 572 22 40 1
198 : 906 221 75 4 0
199 : 773 471 1 14 0
200 : 0 130 61 4 0
201 : 187 382 9 11 0
202 : 0 113 122 17 0
203 : 0 244 99 56 0
204 : 893 225 40 104 1
205 : 0 212 11 105 1
206 : 268 538 45 12 0
207 : 239 594 32 27 1
208 : 981 486 1 18 1
209 : 923 110 14 4 1
210 : 790 126 130 7 0
211 : 988 614 16 7 1
212 : 930 542 2 6 0
213 : 568 54 3 46 1
214 : 0 320 102 12 0
215 : 177 401 86 70 0
216 : 645 387 15 12 0
217 : 514 57 10 139 1
218 : 535 550 38 45 1
219 : 624 622 8 20 1
220 : 666 620 9 8 0
221 : 873 594 24 12 1
222 : 844 320 22 91 1
223 : 514 108 22 126 1
224 : 827 550 43 32 1
225 : 0 190 112 22 0
226 : 541 401 73 30 1
227 : 501 594 31 30 1
228 : 113 156 34 19 1
229 : 329 483 7 4 0
230 : 53 481 36 6 0
231 : 684 225 17 105 1
232 : 478 576 17 9 1
233 : 343 594 32 24 1
234 : 868 220 33 5 0
235 : 0 550 52 23 0
236 : 518 476 8 23 1
237 : 376 399 8 2 0
238 : 150 41 10 76 1
239 : 684 401 70 33 1
240 : 204 594 33 22 1
241 : 399 534 13 50 1
242 : 531 594 21 31 0
243 : 647 594 19 27 0
244 : 20 630 17 13 0
245 : 293 590 4 4 0
246 : 537 316 4 37 1
247 : 844 376 15 83 1
248 : 102 382 85 15 0
249 : 477 320 50 92 1
250 : 0 224 66 1 0
251 : 385 320 92 73 0
252 : 489 572 11 39 1
253 : 251 590 4 28 1
254 : 959 616 10 14 0
255 : 334 487 62 65 1
256 : 122 113 62 13 0
257 : 387 566 28 5 1
258 : 783 242 53 4 1
259 : 653 57 78 137 1
260 : 190 567 12 27 0
261 : 127 620 18 10 0
262 : 960 487 19 54 0
263 : 565 292 14 6 1
264 : 820 36 5 4 1
265 : 428 56 126 1 0
266 : 52 550 44 51 1
267 : 652 205 9 8 0
268 : 571 401 72 29 1
269 : 883 275 9 34 0
270 : 919 616 14 20 1
271 : 291 349 37 85 1
272 : 477 370 22 89 1
273 : 487 576 16 2 1
274 : 292 594 26 32 0
275 : 614 54 16 3 0
276 : 428 594 32 16 1
277 : 857 401 69 40 1
278 : 625 550 31 45 1
279 : 789 275 34 94 1
280 : 0 401 90 45 0
281 : 901 550 43 14 1
282 : 575 225 78 109 1
283 : 487 486 26 1 0
284 : 202 487 32 66 1
285 : 788 589 5 16 1
286 : 336 481 30 5 0
287 : 906 594 23 13 1
288 : 177 471 16 67 1
289 : 784 169 109 14 0
290 : 600 401 72 25 1
291 : 820 618 12 18 1
292 : 987 265 6 44 0
293 : 565 214 32 9 0
294 : 597 214 10 24 1
295 : 997 294 26 3 1
296 : 569 362 25 86 1
297 : 269 221 4 95 1
298 : 399 487 65 47 0
299 : 652 487 60 31 1
300 : 755 572 5 22 0
301 : 461 393 16 6 0
302 : 784 209 11 103 1
303 : 915 591 3 32 1
304 : 402 135 131 44 0
305 : 541 392 27 9 0
306 : 447 547 3 2 1
307 : 202 519 49 29 0
308 : 99 244 56 12 1
309 : 931 342 4 47 0
310 : 784 183 26 105 1
311 : 661 389 86 10 0
312 : 575 315 5 101 1
313 : 967 0 57 22 1
314 : 37 630 14 14 0
315 : 354 225 61 111 1
316 : 103 550 50 41 0
317 : 135 549 50 1 0
318 : 665 581 13 4 1
319 : 998 550 2 39 0
320 : 824 54 2 100 1
321 : 91 608 18 18 0
322 : 464 520 49 30 0
323 : 776 41 48 6 0
324 : 102 320 95 62 0
325 : 999 57 68 1 1
326 : 661 348 41 87 1
327 : 636 484 10 3 0
328 : 630 41 8 146 1
329 : 37 573 21 15 1
330 : 442 550 47 13 0
331 : 710 574 14 5 1
332 : 880 309 12 8 0
333 : 279 590 14 4 0
334 : 804 550 23 44 0
335 : 226 594 33 13 1
336 : 259 519 29 8 1
337 : 428 51 130 5 0
338 : 449 286 15 33 0
339 : 489 550 22 46 1
340 : 0 332 69 86 1
341 : 61 130 61 4 0
342 : 924 54 2 38 1
343 : 0 57 39 186 1
344 : 398 207 8 4 1
345 : 121 225 119 86 0
346 : 299 550 48 19 0
347 : 465 478 22 9 0
348 : 571 484 65 3 0
349 : 933 391 10 2 1
350 : 528 487 33 63 0
351 : 745 471 28 14 0
352 : 624 594 23 28 0
353 : 760 575 40 14 0
354 : 629 10 43 1 1
355 : 552 624 6 18 1
356 : 969 550 29 40 0
357 : 568 392 1 9 0
358 : 173 397 4 24 1
359 : 537 307 38 9 0
360 : 580 550 34 45 1
361 : 684 242 99 58 0
362 : 774 483 4 58 1
363 : 778 36 42 5 0
364 : 135 487 67 28 0
365 : 0 547 41 3 0
366 : 969 614 11 19 1
367 : 896 487 55 22 1
368 : 941 594 14 22 0
369 : 969 625 17 5 0
370 : 395 586 8 40 1
371 : 625 581 9 40 1
372 : 541 474 7 26 1
373 : 0 446 68 29 0
374 : 993 307 4 13 0
375 : 336 401 33 80 0
376 : 442 591 35 3 0
377 : 458 401 77 29 1
378 : 711 594 26 18 1
379 : 162 36 5 61 1
380 : 906 135 86 94 1
381 : 826 220 42 5 0
382 : 354 57 66 160 1
383 : 487 477 31 9 0
384 : 615 487 37 60 0
385 : 640 108 10 22 0
386 : 317 518 15 20 0
387 : 884 550 43 17 1
388 : 715 550 45 22 0
389 : 793 487 52 58 0
390 : 580 584 40 10 0
391 : 843 594 24 16 1
392 : 784 147 112 22 0
393 : 919 594 22 22 0
394 : 513 548 2 12 1
395 : 768 310 10 20 1
396 : 776 594 25 22 1
397 : 0 41 10 150 1
398 : 198 515 4 33 0
399 : 789 225 50 104 1
400 : 941 469 40 15 0
401 : 790 57 53 137 1
402 : 489 590 4 30 1
403 : 863 487 56 33 1
404 : 561 487 32 63 0
405 : 519 590 4 14 1
406 : 514 67 134 41 0
407 : 969 594 19 20 0
408 : 708 588 5 7 1
409 : 932 487 28 54 0
410 : 995 614 14 5 1
411 : 993 265 42 4 1
412 : 442 576 36 15 0
413 : 893 297 94 23 0
414 : 163 594 34 23 1
415 : 223 36 3 4 0
416 : 376 349 50 8 1
417 : 297 483 32 4 0
418 : 981 401 18 61 0
419 : 630 49 58 7 0
420 : 184 111 24 2 1
421 : 518 401 23 75 0
422 : 893 181 11 2 0
423 : 0 36 162 5 0
424 : 684 300 84 20 0
425 : 465 225 110 67 0
426 : 855 618 10 9 0
427 : 902 398 3 4 1
428 : 513 520 28 15 1
429 : 0 630 14 20 1
430 : 103 591 3 38 1
431 : 465 292 15 100 1
432 : 647 621 18 7 0
433 : 784 220 5 42 1
434 : 487 401 76 31 1
435 : 0 28 8 170 1
436 : 768 300 21 5 0
437 : 793 545 5 51 1
438 : 517 179 13 45 0
439 : 444 594 14 32 0
440 : 729 594 25 24 1
441 : 927 57 78 61 1
442 : 187 393 9 4 0
443 : 575 303 12 101 1
444 : 215 316 21 1 0
445 : 0 135 135 21 0
446 : 570 624 6 4 1
447 : 347 566 28 40 1
448 : 135 135 134 90 0
449 : 153 550 49 17 0
450 : 251 550 40 48 1
451 : 464 487 33 64 1
452 : 263 401 34 83 0
453 : 998 320 2 80 0
454 : 354 308 95 12 0
455 : 666 594 26 26 0
456 : 153 567 26 37 1
457 : 480 123 33 11 0
458 : 885 594 23 21 1
459 : 369 480 7 29 1
460 : 988 594 11 20 0
461 : 774 470 13 60 1
462 : 103 223 2 1 0
463 : 670 574 40 14 0
464 : 552 594 30 22 1
465 : 670 550 24 45 1
466 : 245 565 6 22 0
467 : 268 487 66 31 0
468 : 989 51 9 6 0
469 : 568 10 44 61 1
470 : 999 401 1 59 0
471 : 935 320 24 81 0
472 : 692 594 19 26 0
473 : 0 225 19 121 1
474 : 778 13 46 23 0
475 : 59 475 6 31 1
476 : 748 348 5 41 0
477 : 145 618 12 18 1
478 : 291 386 15 85 1
479 : 760 589 5 28 1
480 : 90 401 86 87 1
481 : 127 594 36 12 0
482 : 477 392 64 7 0
483 : 783 295 5 4 1
484 : 186 594 34 18 1
485 : 105 212 30 10 0
486 : 630 0 194 13 0
487 : 535 588 38 6 0
488 : 574 316 1 4 0
489 : 790 133 106 2 0
490 : 885 617 11 20 1
491 : 484 563 4 12 0
492 : 896 147 22 10 1
493 : 533 135 70 128 1
494 : 569 387 14 76 1
495 : 969 590 4 31 1
496 : 75 318 2 4 1
497 : 86 332 69 16 1
498 : 268 518 20 49 1
499 : 787 242 2 50 0
