1000 682
0 : 536 79 94 6 0
1 : 514 56 22 1 0
2 : 391 545 25 23 0
3 : 906 183 2 13 0
4 : 700 562 7 6 0
5 : 792 5 16 133 1
6 : 687 436 37 13 1
7 : 190 297 42 91 1
8 : 870 258 32 7 1
9 : 300 214 4 53 1
10 : 226 128 27 10 0
11 : 0 326 57 16 0
12 : 464 187 32 2 1
13 : 945 25 2 3 0
14 : 151 515 31 41 0
15 : 783 59 22 1 1
16 : 792 21 1 103 1
17 : 914 293 4 4 0
18 : 365 18 7 62 1
19 : 148 368 41 5 0
20 : 100 136 24 19 0
21 : 436 511 50 59 1
22 : 117 473 69 42 0
23 : 646 568 67 63 1
24 : 559 85 168 76 0
25 : 652 387 19 52 0
26 : 951 22 1 2 0
27 : 0 297 29 79 1
28 : 752 13 31 3 0
29 : 0 342 18 58 1
30 : 914 288 5 18 1
31 : 891 473 23 41 0
32 : 356 151 3 69 1
33 : 253 128 9 10 0
34 : 671 59 112 22 0
35 : 514 67 11 19 1
36 : 186 28 202 57 0
37 : 712 450 14 24 1
38 : 86 568 60 77 1
39 : 365 25 48 3 0
40 : 866 516 40 25 1
41 : 928 157 4 14 1
42 : 495 513 37 20 1
43 : 79 358 69 26 0
44 : 0 654 28 29 1
45 : 228 453 17 32 1
46 : 671 28 9 119 1
47 : 752 9 40 4 0
48 : 960 232 15 61 0
49 : 671 387 48 16 1
50 : 178 205 14 55 1
51 : 29 548 15 19 0
52 : 0 102 34 113 1
53 : 327 568 94 81 0
54 : 0 360 53 15 0
55 : 539 289 8 31 1
56 : 776 37 1 14 1
57 : 771 591 36 36 0
58 : 953 24 1 1 0
59 : 79 384 3 33 1
60 : 932 292 12 5 0
61 : 367 557 12 11 0
62 : 357 363 24 9 1
63 : 962 439 20 32 0
64 : 753 297 82 39 1
65 : 893 219 21 72 0
66 : 525 126 34 6 0
67 : 372 10 56 8 0
68 : 438 338 25 15 1
69 : 912 83 66 2 0
70 : 870 125 18 79 1
71 : 84 514 29 39 0
72 : 608 161 41 115 1
73 : 388 78 104 6 0
74 : 564 473 44 25 0
75 : 515 551 15 18 1
76 : 993 232 49 7 1
77 : 0 136 22 95 1
78 : 992 523 8 6 0
79 : 208 259 7 38 0
80 : 492 78 7 42 1
81 : 0 219 49 116 1
82 : 48 473 69 41 0
83 : 914 219 69 18 1
84 : 723 213 5 50 1
85 : 814 568 23 24 0
86 : 265 151 91 8 0
87 : 787 258 34 83 1
88 : 447 465 9 8 0
89 : 878 450 13 33 1
90 : 732 272 32 11 0
91 : 53 360 9 26 1
92 : 65 158 22 3 0
93 : 590 540 18 14 0
94 : 727 107 143 54 0
95 : 475 161 133 58 0
96 : 942 436 15 36 0
97 : 202 259 6 38 0
98 : 0 81 71 4 0
99 : 942 157 9 4 0
100 : 0 85 17 125 1
101 : 86 205 7 14 0
102 : 663 49 8 17 0
103 : 593 568 26 32 0
104 : 169 556 17 12 0
105 : 723 184 29 94 1
106 : 96 454 14 14 0
107 : 190 339 22 59 1
108 : 951 85 75 2 1
109 : 355 462 10 21 1
110 : 116 293 48 4 0
111 : 547 502 17 22 0
112 : 109 67 77 11 0
113 : 787 219 90 39 0
114 : 622 16 126 10 0
115 : 864 353 27 4 0
116 : 515 502 32 24 0
117 : 281 334 11 51 0
118 : 963 85 70 16 1
119 : 543 358 70 27 0
120 : 325 539 22 25 0
121 : 608 213 4 48 1
122 : 885 292 5 8 1
123 : 376 462 11 12 1
124 : 630 82 3 33 1
125 : 270 545 19 16 1
126 : 220 253 42 92 1
127 : 0 0 28 226 1
128 : 792 568 22 23 0
129 : 247 379 11 8 0
130 : 366 369 49 15 0
131 : 520 141 3 39 1
132 : 370 187 94 32 0
133 : 355 422 68 40 0
134 : 817 218 4 1 0
135 : 635 437 36 14 1
136 : 53 369 10 6 0
137 : 844 546 22 14 0
138 : 356 154 67 7 0
139 : 0 198 21 81 1
140 : 388 28 28 148 1
141 : 48 514 36 47 0
142 : 292 363 22 61 1
143 : 908 209 62 9 0
144 : 995 138 5 22 0
145 : 730 473 95 114 1
146 : 870 107 18 80 1
147 : 945 232 61 15 1
148 : 230 138 35 2 0
149 : 413 25 3 15 1
150 : 233 214 5 67 1
151 : 579 288 47 9 0
152 : 635 387 50 17 1
153 : 515 526 32 25 0
154 : 700 436 4 14 0
155 : 423 465 24 8 0
156 : 790 28 122 12 0
157 : 536 49 123 30 0
158 : 36 375 6 12 0
159 : 892 22 2 59 1
160 : 908 181 92 28 0
161 : 817 216 53 2 0
162 : 415 375 12 20 1
163 : 125 85 41 140 1
164 : 613 358 29 6 1
165 : 436 473 59 38 0
166 : 209 441 32 13 1
167 : 671 435 15 38 0
168 : 954 16 18 12 0
169 : 199 259 3 38 0
170 : 954 568 31 30 1
171 : 887 25 58 3 0
172 : 95 136 5 25 0
173 : 249 339 32 7 0
174 : 866 473 25 43 0
175 : 817 205 11 72 1
176 : 996 329 4 18 0
177 : 360 334 23 6 1
178 : 552 132 9 6 1
179 : 423 387 71 38 0
180 : 226 0 10 202 1
181 : 221 383 14 4 0
182 : 81 198 5 21 0
183 : 632 546 29 22 0
184 : 958 352 42 6 0
185 : 355 387 35 68 1
186 : 495 473 40 20 1
187 : 201 155 59 6 0
188 : 608 202 11 68 1
189 : 352 449 24 3 1
190 : 660 294 3 45 1
191 : 0 492 40 32 0
192 : 325 510 29 22 1
193 : 870 143 14 70 1
194 : 911 57 1 16 0
195 : 961 473 50 34 1
196 : 125 155 6 76 1
197 : 844 473 22 40 0
198 : 671 81 75 4 0
199 : 940 143 1 14 0
200 : 807 81 61 4 0
201 : 712 464 9 11 1
202 : 790 40 122 17 0
203 : 792 297 99 56 0
204 : 116 219 40 104 1
205 : 671 37 11 105 1
206 : 891 375 45 12 0
207 : 619 568 32 27 1
208 : 950 107 1 18 0
209 : 986 373 14 4 0
210 : 622 9 130 7 0
211 : 993 281 16 7 1
212 : 423 154 2 6 0
213 : 954 0 3 46 1
214 : 0 161 102 12 0
215 : 241 568 86 70 0
216 : 105 553 15 12 1
217 : 226 18 10 139 1
218 : 287 510 38 45 0
219 : 992 161 8 20 0
220 : 902 463 9 8 0
221 : 635 276 24 12 0
222 : 817 161 22 91 1
223 : 388 56 22 126 1
224 : 564 498 43 32 0
225 : 727 85 112 22 0
226 : 543 328 73 30 0
227 : 837 568 31 30 1
228 : 652 439 34 19 1
229 : 905 77 7 4 0
230 : 753 379 36 6 0
231 : 125 138 17 105 1
232 : 925 12 17 9 0
233 : 0 524 32 24 0
234 : 838 292 33 5 0
235 : 962 387 52 23 1
236 : 704 450 8 23 0
237 : 949 125 8 2 1
238 : 953 85 10 76 0
239 : 453 342 70 33 0
240 : 844 513 33 22 1
241 : 983 297 13 50 0
242 : 911 447 21 31 1
243 : 43 454 19 27 1
244 : 173 460 17 13 0
245 : 277 346 4 4 0
246 : 945 293 4 37 1
247 : 912 68 15 83 1
248 : 912 38 85 15 0
249 : 891 297 50 92 1
250 : 887 24 66 1 0
251 : 608 473 92 73 0
252 : 77 268 11 39 1
253 : 164 445 4 28 0
254 : 776 38 10 14 1
255 : 709 568 62 65 0
256 : 932 219 62 13 0
257 : 215 259 28 5 1
258 : 995 85 53 4 1
259 : 314 219 78 137 1
260 : 113 102 12 27 0
261 : 590 530 18 10 0
262 : 209 387 19 54 0
263 : 222 441 14 6 1
264 : 788 16 5 4 1
265 : 622 8 126 1 0
266 : 186 506 44 51 0
267 : 117 560 9 8 0
268 : 792 353 72 29 0
269 : 626 288 9 34 1
270 : 0 548 14 20 0
271 : 281 297 37 85 1
272 : 817 183 22 89 1
273 : 774 48 16 2 0
274 : 515 568 26 32 0
275 : 963 155 16 3 0
276 : 86 173 32 16 1
277 : 423 425 69 40 0
278 : 961 523 31 45 0
279 : 220 219 34 94 1
280 : 453 297 90 45 0
281 : 985 387 43 14 1
282 : 769 387 78 109 1
283 : 456 84 26 1 0
284 : 228 387 32 66 0
285 : 979 154 5 16 1
286 : 834 382 30 5 0
287 : 503 442 23 13 1
288 : 877 219 16 67 0
289 : 0 67 109 14 0
290 : 660 269 72 25 0
291 : 866 556 12 18 1
292 : 773 213 6 44 1
293 : 466 187 32 9 1
294 : 878 463 10 24 1
295 : 997 38 26 3 1
296 : 0 173 25 86 1
297 : 792 24 4 95 1
298 : 914 473 65 47 1
299 : 911 387 60 31 1
300 : 57 326 5 22 1
301 : 877 286 16 6 0
302 : 671 48 11 103 1
303 : 732 269 3 32 1
304 : 102 161 131 44 0
305 : 525 132 27 9 0
306 : 619 23 3 2 0
307 : 515 473 49 29 0
308 : 579 276 56 12 0
309 : 676 202 4 47 1
310 : 370 161 26 105 1
311 : 912 28 86 10 0
312 : 790 76 5 101 1
313 : 190 361 57 22 0
314 : 590 554 14 14 0
315 : 79 297 61 111 1
316 : 242 495 50 41 1
317 : 908 218 50 1 0
318 : 173 78 13 4 0
319 : 226 126 2 39 1
320 : 792 22 2 100 1
321 : 646 635 18 18 0
322 : 700 473 49 30 1
323 : 451 289 48 6 0
324 : 260 387 95 62 0
325 : 388 84 68 1 0
326 : 366 297 41 87 1
327 : 764 294 10 3 0
328 : 226 10 8 146 1
329 : 84 553 21 15 0
330 : 676 206 47 13 0
331 : 871 292 14 5 0
332 : 798 465 12 8 0
333 : 656 213 14 4 0
334 : 347 473 23 44 1
335 : 736 451 33 13 0
336 : 769 465 29 8 0
337 : 428 23 130 5 0
338 : 230 140 15 33 1
339 : 260 449 22 46 1
340 : 0 568 69 86 1
341 : 746 81 61 4 0
342 : 71 81 2 38 1
343 : 0 28 39 186 1
344 : 982 293 8 4 0
345 : 516 387 119 86 0
346 : 0 473 48 19 0
347 : 936 375 22 9 0
348 : 0 158 65 3 0
349 : 998 28 10 2 1
350 : 878 387 33 63 0
351 : 958 373 28 14 0
352 : 242 545 23 28 1
353 : 148 373 40 14 0
354 : 748 8 43 1 0
355 : 58 342 6 18 0
356 : 914 538 29 40 1
357 : 558 144 1 9 0
358 : 353 363 4 24 0
359 : 520 144 38 9 0
360 : 117 515 34 45 0
361 : 110 387 99 58 0
362 : 870 157 4 58 1
363 : 148 358 42 5 0
364 : 891 347 67 28 0
365 : 630 79 41 3 0
366 : 889 205 11 19 1
367 : 494 387 55 22 1
368 : 618 546 14 22 0
369 : 353 214 17 5 0
370 : 499 289 8 40 1
371 : 578 13 9 40 1
372 : 533 153 7 26 1
373 : 292 334 68 29 0
374 : 994 219 4 13 0
375 : 579 243 33 80 1
376 : 164 293 35 3 0
377 : 0 268 77 29 0
378 : 77 279 26 18 0
379 : 558 23 5 61 1
380 : 421 568 86 94 1
381 : 792 382 42 5 0
382 : 265 85 66 160 1
383 : 494 442 31 9 1
384 : 287 473 37 60 1
385 : 608 546 10 22 0
386 : 14 548 15 20 0
387 : 0 454 43 17 0
388 : 242 473 45 22 0
389 : 541 568 52 58 0
390 : 748 16 40 10 0
391 : 32 524 24 16 1
392 : 839 85 112 22 0
393 : 814 592 22 22 0
394 : 978 83 2 12 1
395 : 495 550 10 20 1
396 : 661 546 25 22 0
397 : 428 13 10 150 1
398 : 523 342 4 33 0
399 : 660 219 50 104 1
400 : 958 358 40 15 0
401 : 233 161 53 137 1
402 : 659 49 4 30 0
403 : 186 473 56 33 0
404 : 704 387 32 63 0
405 : 891 77 4 14 1
406 : 425 85 134 41 0
407 : 416 545 19 20 0
408 : 215 287 5 7 0
409 : 110 445 28 54 1
410 : 995 68 14 5 1
411 : 868 81 42 4 0
412 : 173 445 36 15 0
413 : 723 161 94 23 0
414 : 891 514 34 23 1
415 : 997 64 3 4 0
416 : 483 153 50 8 0
417 : 996 297 32 4 1
418 : 975 232 18 61 0
419 : 425 153 58 7 0
420 : 728 26 24 2 0
421 : 764 219 23 75 0
422 : 345 159 11 2 0
423 : 792 0 162 5 0
424 : 908 161 84 20 0
425 : 0 387 110 67 0
426 : 774 50 10 9 0
427 : 990 293 3 4 0
428 : 249 346 28 15 0
429 : 891 548 14 20 0
430 : 870 216 3 38 1
431 : 425 126 15 100 1
432 : 64 342 18 7 1
433 : 958 347 5 42 1
434 : 543 297 76 31 0
435 : 622 0 8 170 1
436 : 893 291 21 5 0
437 : 787 292 5 51 1
438 : 954 3 13 45 1
439 : 732 283 14 32 1
440 : 163 629 25 24 0
441 : 163 568 78 61 0
442 : 618 13 9 4 1
443 : 125 126 12 101 1
444 : 891 76 21 1 0
445 : 536 28 135 21 0
446 : 670 213 6 4 0
447 : 700 522 28 40 0
448 : 619 297 134 90 0
449 : 687 387 49 17 1
450 : 391 497 40 48 0
451 : 736 387 33 64 0
452 : 116 259 34 83 1
453 : 265 159 2 80 1
454 : 425 141 95 12 0
455 : 86 628 26 26 0
456 : 564 530 26 37 0
457 : 527 342 33 11 1
458 : 771 568 23 21 1
459 : 925 5 7 29 1
460 : 347 557 11 20 1
461 : 932 232 13 60 0
462 : 951 160 2 1 0
463 : 985 430 40 14 1
464 : 864 357 30 22 1
465 : 391 473 24 45 1
466 : 784 59 6 22 0
467 : 366 338 66 31 0
468 : 570 289 9 6 0
469 : 347 496 44 61 0
470 : 895 21 1 59 1
471 : 579 219 24 81 1
472 : 70 454 19 26 1
473 : 790 57 19 121 1
474 : 306 449 46 23 0
475 : 432 338 6 31 0
476 : 148 363 5 41 1
477 : 151 556 12 18 1
478 : 912 53 15 85 1
479 : 168 445 5 28 0
480 : 867 568 86 87 1
481 : 0 375 36 12 0
482 : 109 78 64 7 0
483 : 260 155 5 4 0
484 : 247 361 34 18 0
485 : 970 209 30 10 0
486 : 428 0 194 13 0
487 : 415 369 38 6 0
488 : 427 18 1 4 0
489 : 622 26 106 2 0
490 : 57 331 11 20 1
491 : 235 383 4 12 1
492 : 514 57 22 10 0
493 : 451 219 70 128 1
494 : 102 205 14 76 1
495 : 190 383 4 31 1
496 : 910 81 2 4 0
497 : 979 85 69 16 1
498 : 942 387 20 49 0
499 : 220 295 2 50 1
