1000 649
0 : 902 219 94 6 0
1 : 152 629 22 1 0
2 : 94 290 25 23 0
3 : 498 590 2 13 1
4 : 924 126 7 6 0
5 : 794 110 16 133 1
6 : 601 578 37 13 0
7 : 568 320 42 91 1
8 : 993 492 32 7 1
9 : 476 397 4 53 1
10 : 665 595 27 10 1
11 : 596 492 57 16 1
12 : 266 176 32 2 1
13 : 822 32 2 3 0
14 : 774 555 31 41 1
15 : 637 224 22 1 0
16 : 532 222 1 103 1
17 : 683 587 4 4 0
18 : 204 217 7 62 1
19 : 785 548 41 5 0
20 : 843 595 24 19 1
21 : 394 492 50 59 0
22 : 675 406 69 42 1
23 : 0 492 67 63 0
24 : 186 57 168 76 0
25 : 766 492 19 52 0
26 : 80 401 1 2 0
27 : 296 406 29 79 0
28 : 467 590 31 3 0
29 : 556 492 18 58 0
30 : 548 577 5 18 0
31 : 815 555 23 41 1
32 : 453 247 3 69 0
33 : 177 583 9 10 0
34 : 268 193 112 22 0
35 : 931 617 11 19 1
36 : 226 0 202 57 0
37 : 862 595 14 24 0
38 : 343 406 60 77 0
39 : 565 348 48 3 1
40 : 953 555 40 25 0
41 : 387 219 4 14 1
42 : 97 574 37 20 0
43 : 798 406 69 26 1
44 : 560 595 28 29 0
45 : 397 595 17 32 0
46 : 0 225 9 119 1
47 : 731 589 40 4 0
48 : 125 96 15 61 1
49 : 145 555 48 16 0
50 : 667 492 14 55 0
51 : 62 631 15 19 1
52 : 134 176 34 113 1
53 : 198 320 94 81 0
54 : 728 492 53 15 1
55 : 268 215 8 31 1
56 : 855 578 1 14 0
57 : 116 595 36 36 0
58 : 659 224 1 1 0
59 : 601 591 3 33 1
60 : 454 590 12 5 0
61 : 181 571 12 11 0
62 : 990 467 24 9 1
63 : 377 595 20 32 0
64 : 659 342 82 39 0
65 : 540 406 21 72 0
66 : 923 359 34 6 1
67 : 111 234 56 8 1
68 : 805 595 25 15 1
69 : 486 490 66 2 0
70 : 325 406 18 79 0
71 : 40 595 29 39 1
72 : 401 179 41 115 1
73 : 678 303 104 6 0
74 : 557 555 44 25 0
75 : 99 631 15 18 0
76 : 776 165 49 7 1
77 : 902 197 22 95 1
78 : 880 619 8 6 0
79 : 640 309 7 38 1
80 : 950 309 7 42 1
81 : 660 165 49 116 1
82 : 717 406 69 41 1
83 : 824 406 69 18 1
84 : 476 401 5 50 1
85 : 820 595 23 24 0
86 : 233 308 91 8 0
87 : 840 359 34 83 1
88 : 693 621 9 8 0
89 : 874 542 13 33 1
90 : 145 583 32 11 0
91 : 728 595 9 26 0
92 : 66 489 22 3 0
93 : 969 617 18 14 0
94 : 514 57 143 54 0
95 : 268 135 133 58 0
96 : 240 578 15 36 1
97 : 645 587 6 38 1
98 : 449 247 71 4 1
99 : 558 51 9 4 0
100 : 0 96 17 125 1
101 : 632 623 7 14 1
102 : 667 622 8 17 1
103 : 252 595 26 32 0
104 : 246 525 17 12 1
105 : 233 279 29 94 1
106 : 644 392 14 14 0
107 : 482 492 22 59 0
108 : 998 57 75 2 1
109 : 134 574 10 21 0
110 : 934 541 48 4 0
111 : 380 193 17 22 0
112 : 840 393 77 11 0
113 : 840 320 90 39 0
114 : 354 123 126 10 0
115 : 962 488 27 4 0
116 : 353 595 32 24 1
117 : 849 309 11 51 1
118 : 659 406 70 16 1
119 : 632 406 70 27 1
120 : 783 595 22 25 0
121 : 934 545 4 48 1
122 : 987 626 5 8 1
123 : 917 393 11 12 1
124 : 473 362 3 33 0
125 : 43 631 19 16 0
126 : 384 320 42 92 1
127 : 0 0 28 226 1
128 : 888 595 22 23 0
129 : 982 541 11 8 0
130 : 132 539 49 15 0
131 : 529 397 3 39 1
132 : 233 247 94 32 0
133 : 858 406 68 40 1
134 : 989 488 4 1 1
135 : 286 577 36 14 0
136 : 506 579 10 6 1
137 : 967 595 22 14 1
138 : 486 478 67 7 0
139 : 0 380 21 81 1
140 : 824 0 28 148 1
141 : 193 555 36 47 1
142 : 66 428 22 61 0
143 : 122 126 62 9 0
144 : 79 626 5 22 1
145 : 119 225 95 114 1
146 : 278 406 18 80 0
147 : 675 475 61 15 0
148 : 240 593 35 2 0
149 : 728 580 3 15 0
150 : 486 485 5 67 1
151 : 681 546 47 9 0
152 : 904 492 50 17 1
153 : 304 595 32 25 1
154 : 927 110 4 14 0
155 : 800 13 24 8 0
156 : 0 38 122 12 0
157 : 660 135 123 30 0
158 : 101 621 6 12 1
159 : 125 111 2 59 1
160 : 476 320 92 28 0
161 : 890 251 53 2 1
162 : 888 618 12 20 1
163 : 428 10 41 140 1
164 : 457 313 29 6 0
165 : 444 492 59 38 1
166 : 444 595 32 13 1
167 : 561 477 15 38 1
168 : 114 631 18 12 0
169 : 557 590 3 38 1
170 : 457 595 31 30 1
171 : 568 54 58 3 0
172 : 378 370 5 25 0
173 : 993 524 32 7 1
174 : 688 555 25 43 1
175 : 568 309 11 72 1
176 : 553 577 4 18 0
177 : 637 218 23 6 0
178 : 711 621 9 6 0
179 : 561 406 71 38 1
180 : 428 0 10 202 1
181 : 459 399 14 4 0
182 : 40 624 5 21 1
183 : 610 595 29 22 1
184 : 743 544 42 6 0
185 : 898 406 35 68 0
186 : 731 569 40 20 0
187 : 796 475 59 6 0
188 : 781 309 11 68 1
189 : 771 569 24 3 1
190 : 529 179 3 45 0
191 : 856 555 40 32 0
192 : 588 595 29 22 1
193 : 134 210 14 70 1
194 : 516 224 1 16 1
195 : 870 492 50 34 1
196 : 992 57 6 76 0
197 : 0 595 22 40 1
198 : 384 399 75 4 0
199 : 632 630 1 14 1
200 : 995 406 61 4 1
201 : 557 286 9 11 0
202 : 0 113 122 17 0
203 : 0 234 99 56 0
204 : 0 320 40 104 1
205 : 660 214 11 105 1
206 : 829 542 45 12 0
207 : 225 595 32 27 1
208 : 765 224 1 18 1
209 : 728 545 14 4 0
210 : 794 126 130 7 0
211 : 666 476 16 7 1
212 : 992 133 2 6 1
213 : 296 489 3 46 1
214 : 122 38 102 12 0
215 : 930 320 86 70 1
216 : 552 301 15 12 0
217 : 0 28 10 139 1
218 : 332 555 38 45 1
219 : 860 619 8 20 1
220 : 702 621 9 8 0
221 : 876 595 24 12 1
222 : 659 320 22 91 1
223 : 514 111 22 126 1
224 : 645 555 43 32 0
225 : 233 225 112 22 0
226 : 419 247 73 30 1
227 : 487 595 31 30 1
228 : 247 176 34 19 1
229 : 854 481 7 4 1
230 : 645 547 36 6 0
231 : 532 205 17 105 1
232 : 669 292 17 9 1
233 : 329 595 32 24 1
234 : 612 548 33 5 0
235 : 743 492 52 23 1
236 : 463 481 8 23 1
237 : 992 50 8 2 0
238 : 292 395 10 76 1
239 : 599 406 70 33 1
240 : 175 595 33 22 1
241 : 921 492 13 50 0
242 : 517 595 21 31 0
243 : 646 595 19 27 0
244 : 244 542 17 13 0
245 : 782 303 4 4 0
246 : 469 362 4 37 0
247 : 476 382 15 83 1
248 : 568 377 85 15 0
249 : 292 320 50 92 1
250 : 0 491 66 1 0
251 : 327 247 92 73 0
252 : 467 579 11 39 1
253 : 404 483 4 28 1
254 : 322 577 10 14 0
255 : 67 492 62 65 1
256 : 122 113 62 13 0
257 : 504 550 28 5 0
258 : 343 487 53 4 0
259 : 657 57 78 137 1
260 : 907 542 12 27 1
261 : 765 214 18 10 0
262 : 709 492 19 54 0
263 : 408 589 14 6 0
264 : 995 626 5 4 0
265 : 514 133 126 1 0
266 : 785 492 44 51 0
267 : 684 621 9 8 0
268 : 486 406 72 29 1
269 : 986 275 9 34 0
270 : 20 617 14 20 1
271 : 384 362 37 85 1
272 : 0 406 22 89 1
273 : 673 476 16 2 1
274 : 278 595 26 32 0
275 : 65 403 16 3 0
276 : 414 595 32 16 1
277 : 758 406 69 40 1
278 : 422 555 31 45 1
279 : 892 275 34 94 1
280 : 750 320 90 45 0
281 : 731 555 43 14 0
282 : 678 225 78 109 1
283 : 103 380 26 1 1
284 : 0 428 32 66 1
285 : 368 401 5 16 1
286 : 653 362 30 5 1
287 : 637 205 23 13 0
288 : 599 476 16 67 1
289 : 886 36 109 14 0
290 : 515 406 72 25 1
291 : 144 631 12 18 0
292 : 780 26 6 44 1
293 : 422 586 32 9 0
294 : 740 381 10 24 0
295 : 100 380 26 3 1
296 : 292 370 25 86 1
297 : 996 225 4 95 0
298 : 132 492 65 47 0
299 : 363 492 60 31 1
300 : 79 621 5 22 1
301 : 368 395 16 6 0
302 : 678 309 11 103 1
303 : 993 556 3 32 0
304 : 401 135 131 44 0
305 : 675 595 27 9 1
306 : 998 132 3 2 1
307 : 964 492 49 29 1
308 : 99 234 56 12 1
309 : 296 485 4 47 1
310 : 787 225 26 105 1
311 : 139 28 86 10 0
312 : 568 304 5 101 1
313 : 574 492 57 22 1
314 : 181 539 14 14 0
315 : 457 225 61 111 1
316 : 829 492 50 41 1
317 : 900 319 50 1 0
318 : 454 586 13 4 0
319 : 815 592 2 39 1
320 : 532 223 2 100 1
321 : 81 631 18 18 0
322 : 934 492 49 30 1
323 : 559 348 48 6 1
324 : 902 135 95 62 0
325 : 134 224 68 1 0
326 : 750 365 41 87 1
327 : 113 621 10 3 1
328 : 824 28 8 146 1
329 : 22 631 21 15 0
330 : 197 542 47 13 0
331 : 995 36 14 5 1
332 : 553 478 12 8 1
333 : 387 215 14 4 0
334 : 601 555 23 44 1
335 : 212 595 33 13 1
336 : 329 215 29 8 0
337 : 428 51 130 5 0
338 : 197 595 15 33 0
339 : 286 555 22 46 1
340 : 176 406 69 86 0
341 : 343 483 61 4 0
342 : 731 593 2 38 1
343 : 0 57 39 186 1
344 : 996 587 8 4 1
345 : 783 135 119 86 0
346 : 97 555 48 19 0
347 : 991 595 22 9 1
348 : 0 403 65 3 0
349 : 928 618 10 2 1
350 : 261 492 33 63 0
351 : 632 595 28 14 1
352 : 972 0 23 28 0
353 : 688 580 40 14 0
354 : 919 491 43 1 0
355 : 975 549 6 18 1
356 : 896 555 29 40 0
357 : 559 396 1 9 1
358 : 970 32 4 24 1
359 : 741 342 38 9 1
360 : 377 555 34 45 1
361 : 787 251 99 58 0
362 : 886 251 4 58 0
363 : 526 401 42 5 0
364 : 962 406 67 28 1
365 : 837 365 41 3 1
366 : 950 617 11 19 1
367 : 645 492 55 22 1
368 : 953 595 14 22 0
369 : 276 578 17 5 1
370 : 856 587 8 40 1
371 : 774 586 9 40 1
372 : 486 313 7 26 1
373 : 933 406 68 29 1
374 : 638 578 4 13 0
375 : 245 406 33 80 0
376 : 512 592 35 3 0
377 : 403 406 77 29 1
378 : 710 595 26 18 1
379 : 990 406 5 61 0
380 : 104 320 86 94 1
381 : 785 543 42 5 0
382 : 354 57 66 160 1
383 : 432 482 31 9 0
384 : 326 492 37 60 0
385 : 0 631 10 22 1
386 : 34 575 15 20 0
387 : 919 474 43 17 0
388 : 512 555 45 22 0
389 : 504 492 52 58 0
390 : 557 580 40 10 0
391 : 640 111 24 16 1
392 : 345 225 112 22 0
393 : 931 595 22 22 0
394 : 224 38 2 12 0
395 : 840 619 10 20 1
396 : 761 595 25 22 1
397 : 630 26 10 150 1
398 : 396 487 4 33 1
399 : 892 225 50 104 1
400 : 953 580 40 15 0
401 : 794 57 53 137 1
402 : 970 28 4 30 1
403 : 612 492 56 33 1
404 : 294 492 32 63 0
405 : 728 549 4 14 1
406 : 134 135 134 41 0
407 : 84 360 19 20 0
408 : 720 621 5 7 0
409 : 681 492 28 54 0
410 : 281 578 14 5 1
411 : 780 32 42 4 0
412 : 512 577 36 15 0
413 : 0 290 94 23 0
414 : 152 595 34 23 1
415 : 626 54 3 4 1
416 : 900 309 50 8 0
417 : 792 21 32 4 0
418 : 858 474 18 61 1
419 : 796 481 58 7 0
420 : 184 111 24 2 1
421 : 463 406 23 75 0
422 : 566 286 11 2 1
423 : 630 21 162 5 0
424 : 0 360 84 20 0
425 : 568 225 110 67 0
426 : 987 617 10 9 0
427 : 453 316 3 4 0
428 : 962 473 28 15 0
429 : 0 617 14 20 1
430 : 640 316 3 38 1
431 : 457 286 15 100 1
432 : 61 624 18 7 0
433 : 743 550 5 42 1
434 : 432 406 76 31 1
435 : 630 13 8 170 1
436 : 646 622 21 5 0
437 : 245 486 5 51 1
438 : 516 179 13 45 0
439 : 430 595 14 32 0
440 : 737 595 25 24 1
441 : 931 57 78 61 1
442 : 711 627 9 4 0
443 : 568 292 12 101 1
444 : 144 574 21 1 1
445 : 630 36 135 21 0
446 : 996 219 6 4 1
447 : 925 555 28 40 0
448 : 0 135 134 90 0
449 : 197 525 49 17 0
450 : 49 555 40 48 1
451 : 197 492 33 64 1
452 : 476 348 34 83 1
453 : 0 401 2 80 1
454 : 457 301 95 12 0
455 : 684 595 26 26 0
456 : 79 595 26 37 1
457 : 480 123 33 11 0
458 : 910 595 23 21 1
459 : 358 215 7 29 1
460 : 908 618 11 20 1
461 : 736 475 13 60 1
462 : 635 222 2 1 0
463 : 815 578 40 14 0
464 : 538 595 30 22 1
465 : 467 555 24 45 1
466 : 538 625 6 22 1
467 : 0 460 66 31 0
468 : 186 583 9 6 1
469 : 568 10 44 61 1
470 : 88 428 1 59 0
471 : 659 381 24 81 1
472 : 81 380 19 26 0
473 : 765 36 19 121 1
474 : 240 555 46 23 0
475 : 377 589 6 31 1
476 : 934 549 5 41 1
477 : 132 631 12 18 0
478 : 568 362 15 85 1
479 : 995 0 5 28 0
480 : 89 406 86 87 1
481 : 145 571 36 12 0
482 : 204 210 64 7 0
483 : 994 32 5 4 0
484 : 0 575 34 18 0
485 : 299 215 30 10 0
486 : 630 0 194 13 0
487 : 574 549 38 6 0
488 : 567 51 1 4 0
489 : 886 50 106 2 0
490 : 820 619 11 20 1
491 : 101 627 4 12 1
492 : 981 595 22 10 1
493 : 532 135 70 128 1
494 : 568 392 14 76 1
495 : 996 556 4 31 0
496 : 449 318 2 4 1
497 : 842 406 69 16 1
498 : 0 555 20 49 1
499 : 900 317 2 50 1
