300 221
0 : 119 22 2 3 1
1 : 69 144 18 12 1
2 : 176 67 14 5 1
3 : 50 12 11 6 0
4 : 205 144 12 16 0
5 : 256 0 6 44 1
6 : 260 86 2 10 1
7 : 98 20 2 23 1
8 : 103 1 52 6 0
9 : 234 50 12 39 1
10 : 234 99 7 26 1
11 : 290 37 10 13 0
12 : 280 21 19 3 0
13 : 122 7 59 12 0
14 : 184 4 2 14 1
15 : 183 104 8 4 1
16 : 79 182 39 39 0
17 : 201 112 14 24 0
18 : 37 182 20 19 1
19 : 46 169 4 4 0
20 : 246 144 18 14 1
21 : 189 112 12 23 0
22 : 133 95 30 12 0
23 : 299 21 1 2 0
24 : 296 76 2 11 0
25 : 234 82 5 26 1
26 : 46 144 9 16 0
27 : 72 50 65 32 0
28 : 227 144 23 19 1
29 : 227 43 5 19 1
30 : 217 144 10 14 0
31 : 137 81 6 30 1
32 : 0 23 31 1 0
33 : 167 81 16 5 0
34 : 265 101 26 6 0
35 : 181 67 8 3 1
36 : 243 129 7 15 0
37 : 244 41 2 2 0
38 : 256 6 1 24 1
39 : 0 12 9 50 1
40 : 244 34 7 2 1
41 : 55 144 20 14 1
42 : 72 82 22 6 0
43 : 194 1 3 4 1
44 : 135 82 2 4 0
45 : 155 110 7 2 0
46 : 39 88 22 48 1
47 : 68 24 67 26 0
48 : 56 182 22 23 1
49 : 137 67 39 14 0
50 : 234 75 7 29 1
51 : 246 24 13 45 1
52 : 39 110 22 2 0
53 : 233 2 14 5 0
54 : 215 112 19 29 0
55 : 226 86 8 2 0
56 : 87 88 46 23 0
57 : 143 112 22 9 1
58 : 201 136 7 14 1
59 : 240 23 1 33 1
60 : 163 95 25 9 0
61 : 269 62 13 4 1
62 : 100 144 23 29 0
63 : 0 112 11 31 1
64 : 25 101 14 3 0
65 : 121 20 1 2 0
66 : 0 101 7 25 1
67 : 161 88 28 7 0
68 : 15 182 20 22 1
69 : 218 2 15 4 0
70 : 172 46 4 25 1
71 : 247 2 9 4 0
72 : 282 112 23 16 1
73 : 145 144 14 19 0
74 : 184 73 10 34 1
75 : 46 160 9 9 0
76 : 37 108 2 4 0
77 : 0 0 103 7 0
78 : 276 141 4 3 0
79 : 285 50 11 37 0
80 : 155 107 8 3 0
81 : 184 83 4 26 1
82 : 223 64 14 2 1
83 : 259 129 8 15 0
84 : 246 37 13 44 1
85 : 240 21 40 2 0
86 : 273 50 12 38 0
87 : 0 88 39 13 0
88 : 21 108 4 16 1
89 : 61 20 2 37 1
90 : 57 18 4 3 0
91 : 143 134 6 9 0
92 : 260 82 13 4 0
93 : 0 182 12 15 1
94 : 97 22 22 2 0
95 : 22 123 7 13 0
96 : 234 62 13 35 1
97 : 31 112 29 48 1
98 : 285 87 9 1 0
99 : 155 1 30 3 0
100 : 234 88 11 31 1
101 : 61 110 21 2 0
102 : 96 169 4 4 0
103 : 280 6 14 1 0
104 : 184 6 1 9 1
105 : 189 135 9 12 1
106 : 0 21 2 40 1
107 : 187 144 22 18 1
108 : 243 112 8 17 0
109 : 198 6 13 1 0
110 : 123 144 22 28 0
111 : 226 50 8 36 0
112 : 50 18 3 7 1
113 : 227 167 18 15 0
114 : 268 112 14 21 0
115 : 189 88 24 45 1
116 : 242 48 4 2 0
117 : 0 123 22 14 0
118 : 103 0 95 1 0
119 : 0 24 26 68 1
120 : 210 83 15 4 0
121 : 69 177 5 7 1
122 : 0 144 46 38 0
123 : 291 36 4 1 0
124 : 76 177 4 5 0
125 : 198 0 58 2 0
126 : 268 133 14 8 0
127 : 137 50 17 47 1
128 : 187 166 15 15 0
129 : 94 82 6 18 1
130 : 259 112 9 17 0
131 : 40 21 16 2 0
132 : 263 75 9 6 0
133 : 46 173 7 7 0
134 : 25 104 14 4 0
135 : 234 106 5 22 1
136 : 69 162 12 15 0
137 : 295 24 11 5 1
138 : 178 144 9 14 0
139 : 265 88 33 13 0
140 : 127 82 8 4 0
141 : 133 88 28 7 0
142 : 181 7 17 59 1
143 : 135 46 4 37 1
144 : 188 95 9 1 1
145 : 260 176 6 9 1
146 : 163 104 20 8 0
147 : 137 87 24 1 0
148 : 240 7 14 54 1
149 : 197 24 49 10 0
150 : 234 130 14 8 1
151 : 234 112 9 18 0
152 : 291 101 4 7 1
153 : 282 135 9 16 1
154 : 152 112 25 37 1
155 : 260 144 32 29 1
156 : 256 106 8 4 0
157 : 227 48 2 15 1
158 : 0 7 61 5 0
159 : 133 107 4 22 1
160 : 251 128 8 15 0
161 : 81 144 19 25 0
162 : 0 108 4 21 1
163 : 218 64 5 19 0
164 : 159 144 19 24 0
165 : 55 164 14 17 0
166 : 260 99 7 3 1
167 : 155 4 29 3 0
168 : 112 82 15 4 0
169 : 123 172 10 12 1
170 : 197 34 43 9 0
171 : 297 6 14 3 1
172 : 270 86 2 3 1
173 : 198 2 20 4 0
174 : 135 24 22 62 1
175 : 118 182 17 17 0
176 : 296 50 26 2 1
177 : 81 169 15 12 0
178 : 61 22 2 36 1
179 : 79 112 32 50 1
180 : 265 107 5 22 1
181 : 251 112 16 8 1
182 : 129 112 14 30 0
183 : 82 110 5 2 0
184 : 162 110 1 2 0
185 : 268 141 8 3 0
186 : 197 43 30 7 0
187 : 240 34 4 9 0
188 : 185 1 9 3 0
189 : 294 6 14 3 1
190 : 184 50 42 14 0
191 : 184 64 34 9 0
192 : 287 107 4 11 1
193 : 0 50 38 72 1
194 : 161 87 6 1 0
195 : 181 75 3 5 0
196 : 135 172 10 8 0
197 : 205 160 12 12 0
198 : 291 24 4 12 0
199 : 61 7 13 61 1
