100 61
0 : 94 0 4 22 0
1 : 0 54 9 4 0
2 : 63 23 18 10 0
3 : 81 23 19 9 0
4 : 43 54 5 4 0
5 : 9 58 3 3 0
6 : 0 46 4 15 1
7 : 14 58 1 3 0
8 : 95 33 13 3 1
9 : 16 33 13 14 1
10 : 5 58 2 4 1
11 : 70 46 1 14 1
12 : 45 33 8 13 0
13 : 77 54 1 7 1
14 : 0 33 11 16 1
15 : 9 54 11 1 0
16 : 0 23 38 1 0
17 : 84 46 9 5 0
18 : 98 46 2 8 0
19 : 84 54 6 2 0
20 : 98 54 2 4 0
21 : 98 0 2 21 0
22 : 63 54 4 5 1
23 : 53 33 17 4 0
24 : 48 54 7 2 0
25 : 0 58 5 1 0
26 : 70 33 3 17 1
27 : 12 58 2 3 0
28 : 38 23 7 25 1
29 : 95 54 3 3 0
30 : 20 54 4 7 1
31 : 15 46 8 10 1
32 : 36 0 32 15 0
33 : 72 54 5 3 0
34 : 27 54 7 3 0
35 : 42 46 2 14 1
36 : 93 46 5 6 0
37 : 56 46 14 1 0
38 : 87 33 11 8 1
39 : 30 33 15 11 0
40 : 34 54 9 1 0
41 : 25 46 1 17 1
42 : 90 54 3 4 0
43 : 68 0 20 26 1
44 : 98 33 13 2 1
45 : 68 54 4 4 0
46 : 55 54 1 8 1
47 : 0 0 23 36 1
48 : 15 58 2 2 0
49 : 93 54 4 2 1
