200 183
0 : 0 151 4 6 1
1 : 197 124 2 4 0
2 : 71 0 110 45 0
3 : 120 77 1 15 0
4 : 6 151 2 4 0
5 : 155 124 6 3 1
6 : 33 59 1 27 1
7 : 91 77 4 23 0
8 : 99 124 9 14 0
9 : 198 45 1 11 0
10 : 132 77 15 2 1
11 : 61 124 18 24 1
12 : 52 124 8 1 1
13 : 119 59 15 40 1
14 : 29 124 7 14 0
15 : 196 104 11 4 1
16 : 41 151 1 2 0
17 : 186 0 37 2 1
18 : 161 77 20 8 1
19 : 138 124 12 9 1
20 : 99 151 15 15 0
21 : 85 124 14 20 0
22 : 0 77 4 27 1
23 : 97 77 1 18 0
24 : 165 104 22 14 0
25 : 108 77 23 7 1
26 : 8 151 5 3 0
27 : 98 77 5 22 0
28 : 84 77 6 25 0
29 : 130 45 14 58 1
30 : 187 104 17 9 1
31 : 42 151 3 2 1
32 : 90 77 1 20 0
33 : 108 124 8 3 1
34 : 15 104 18 8 0
35 : 95 77 20 2 1
36 : 121 77 6 19 0
37 : 0 45 67 3 0
38 : 13 151 10 8 0
39 : 32 151 8 9 1
40 : 185 77 21 11 1
41 : 45 151 4 5 0
42 : 142 77 4 16 0
43 : 115 124 17 22 0
44 : 33 104 20 30 1
45 : 126 104 14 5 1
46 : 63 104 12 22 1
47 : 115 77 20 5 1
48 : 57 124 4 11 0
49 : 134 124 7 4 1
50 : 52 151 33 32 0
51 : 85 104 19 9 1
52 : 169 77 27 16 1
53 : 127 77 18 5 1
54 : 157 104 8 16 0
55 : 56 124 8 1 1
56 : 85 151 4 3 1
57 : 0 0 3 71 1
58 : 185 0 41 1 1
59 : 0 104 15 5 0
60 : 0 59 33 4 0
61 : 156 77 5 17 0
62 : 111 124 4 9 0
63 : 77 77 3 24 0
64 : 147 124 11 8 1
65 : 88 151 6 5 1
66 : 27 77 50 27 0
67 : 94 104 25 16 0
68 : 0 124 22 29 1
69 : 80 77 4 24 0
70 : 134 77 8 21 0
71 : 132 124 6 2 1
72 : 23 151 9 7 0
73 : 189 45 14 2 1
74 : 191 45 14 3 1
75 : 36 124 15 22 0
76 : 51 124 1 8 0
77 : 119 104 7 16 0
78 : 53 124 3 10 0
79 : 103 77 21 5 1
80 : 199 45 1 9 0
81 : 181 0 4 45 0
82 : 188 45 14 1 1
83 : 159 59 41 18 0
84 : 167 124 27 30 1
85 : 121 151 7 7 0
86 : 93 151 6 6 0
87 : 60 59 7 32 1
88 : 49 151 4 3 1
89 : 188 0 44 12 1
90 : 44 151 1 2 0
91 : 131 104 12 3 1
92 : 146 77 22 10 1
93 : 92 59 27 2 0
94 : 67 45 5 63 1
95 : 134 104 23 15 0
96 : 114 151 7 7 0
97 : 194 45 14 4 1
98 : 158 124 9 12 0
99 : 196 77 3 6 0
