1000 642
0 : 838 243 94 6 0
1 : 593 626 22 1 0
2 : 231 601 25 23 1
3 : 70 529 2 13 0
4 : 130 246 7 6 0
5 : 618 78 16 133 1
6 : 0 529 37 13 0
7 : 443 315 42 91 1
8 : 133 619 32 7 0
9 : 738 623 4 53 1
10 : 908 494 27 10 0
11 : 898 526 57 16 0
12 : 998 419 32 2 1
13 : 998 251 2 3 0
14 : 857 504 31 41 1
15 : 710 354 22 1 1
16 : 508 418 1 103 1
17 : 799 619 4 4 0
18 : 209 496 7 62 1
19 : 322 498 41 5 0
20 : 687 601 24 19 1
21 : 922 315 50 59 0
22 : 0 377 69 42 0
23 : 933 181 67 63 0
24 : 0 0 168 76 0
25 : 45 571 19 52 1
26 : 605 460 1 2 0
27 : 606 419 29 79 1
28 : 121 568 31 3 0
29 : 739 542 18 58 1
30 : 871 295 5 18 0
31 : 183 571 23 41 1
32 : 83 565 3 69 1
33 : 40 616 9 10 0
34 : 194 419 112 22 0
35 : 531 485 11 19 0
36 : 302 0 202 57 0
37 : 180 432 14 24 0
38 : 876 254 60 77 1
39 : 922 374 48 3 0
40 : 941 542 40 25 0
41 : 751 78 4 14 0
42 : 946 571 37 20 0
43 : 72 504 69 26 0
44 : 519 571 28 29 0
45 : 399 601 17 32 1
46 : 0 86 9 119 1
47 : 941 567 40 4 0
48 : 141 527 15 61 1
49 : 834 571 48 16 0
50 : 0 557 14 55 1
51 : 515 357 15 19 1
52 : 137 220 34 113 1
53 : 915 0 94 81 1
54 : 781 571 53 15 0
55 : 399 618 8 31 1
56 : 180 456 1 14 1
57 : 781 504 36 36 0
58 : 999 154 1 1 0
59 : 320 220 3 33 0
60 : 871 491 12 5 1
61 : 598 492 12 11 0
62 : 167 616 24 9 0
63 : 573 149 20 32 0
64 : 666 209 82 39 0
65 : 403 504 21 72 1
66 : 641 595 34 6 0
67 : 936 496 56 8 0
68 : 838 601 25 15 1
69 : 613 417 66 2 0
70 : 351 357 18 79 1
71 : 354 542 29 39 1
72 : 761 254 41 115 1
73 : 247 173 104 6 0
74 : 433 542 44 25 0
75 : 0 627 15 18 1
76 : 475 534 49 7 0
77 : 92 355 22 95 1
78 : 993 173 8 6 1
79 : 992 463 7 38 0
80 : 573 535 7 42 1
81 : 230 254 49 116 1
82 : 204 377 69 41 0
83 : 83 542 69 18 0
84 : 738 614 5 50 1
85 : 332 601 23 24 0
86 : 0 455 91 8 0
87 : 273 377 34 83 1
88 : 522 441 9 8 1
89 : 738 601 13 33 1
90 : 739 560 32 11 0
91 : 987 601 9 26 0
92 : 535 624 22 3 0
93 : 18 627 18 14 0
94 : 450 95 143 54 0
95 : 593 95 133 58 0
96 : 467 601 15 36 1
97 : 857 535 6 38 1
98 : 681 415 71 4 0
99 : 577 623 9 4 0
100 : 0 298 17 125 1
101 : 915 405 7 14 0
102 : 870 619 8 17 1
103 : 455 571 26 32 1
104 : 679 487 17 12 1
105 : 828 347 29 94 1
106 : 202 527 14 14 0
107 : 722 504 22 59 1
108 : 530 460 75 2 0
109 : 0 616 10 21 1
110 : 261 538 48 4 0
111 : 853 601 17 22 0
112 : 606 448 77 11 0
113 : 621 315 90 39 0
114 : 396 441 126 10 0
115 : 431 623 27 4 0
116 : 882 571 32 24 0
117 : 45 590 11 51 1
118 : 403 525 70 16 0
119 : 739 463 70 27 0
120 : 377 601 22 25 0
121 : 776 373 4 48 1
122 : 346 310 5 8 1
123 : 726 615 11 12 0
124 : 787 416 3 33 1
125 : 228 165 19 16 0
126 : 351 315 42 92 1
127 : 526 181 28 226 1
128 : 535 601 22 23 0
129 : 615 616 11 8 0
130 : 0 601 49 15 0
131 : 694 251 3 39 1
132 : 828 315 94 32 0
133 : 613 377 68 40 0
134 : 772 376 4 1 0
135 : 557 601 36 14 0
136 : 86 365 10 6 1
137 : 903 601 22 14 1
138 : 933 244 67 7 0
139 : 534 356 21 81 1
140 : 755 66 28 148 1
141 : 311 504 36 47 1
142 : 661 504 22 61 1
143 : 388 495 62 9 0
144 : 860 249 5 22 1
145 : 504 0 95 114 1
146 : 451 485 18 80 1
147 : 711 362 61 15 0
148 : 781 540 35 2 0
149 : 191 621 3 15 1
150 : 83 560 5 67 1
151 : 524 533 47 9 0
152 : 259 554 50 17 0
153 : 749 571 32 25 0
154 : 888 622 4 14 1
155 : 503 451 24 8 0
156 : 0 234 122 12 0
157 : 450 149 123 30 0
158 : 686 558 6 12 0
159 : 477 569 2 59 1
160 : 832 377 92 28 0
161 : 781 599 53 2 0
162 : 566 295 12 20 0
163 : 526 209 41 140 1
164 : 993 126 29 6 1
165 : 736 419 59 38 0
166 : 771 601 32 13 0
167 : 254 601 15 38 1
168 : 310 615 18 12 0
169 : 83 568 3 38 1
170 : 224 571 31 30 0
171 : 997 254 58 3 1
172 : 363 498 5 25 1
173 : 992 377 32 7 1
174 : 583 542 25 43 1
175 : 0 493 11 72 1
176 : 626 623 4 18 1
177 : 703 576 23 6 1
178 : 340 303 9 6 1
179 : 681 377 71 38 0
180 : 194 441 10 202 1
181 : 772 362 14 4 1
182 : 615 356 5 21 0
183 : 104 601 29 22 0
184 : 618 536 42 6 0
185 : 924 377 35 68 1
186 : 709 571 40 20 0
187 : 736 457 59 6 0
188 : 932 451 11 68 1
189 : 585 598 24 3 0
190 : 0 598 3 45 1
191 : 817 504 40 32 0
192 : 75 601 29 22 0
193 : 739 490 14 70 1
194 : 352 554 1 16 0
195 : 261 504 50 34 0
196 : 924 412 6 76 1
197 : 334 571 22 40 1
198 : 606 459 75 4 0
199 : 871 448 1 14 0
200 : 455 597 61 4 0
201 : 325 590 9 11 0
202 : 69 398 122 17 0
203 : 346 254 99 56 0
204 : 92 315 40 104 1
205 : 661 526 11 105 1
206 : 72 530 45 12 0
207 : 374 571 32 27 0
208 : 981 569 1 18 1
209 : 788 614 14 4 0
210 : 0 246 130 7 0
211 : 276 616 16 7 0
212 : 855 536 2 6 0
213 : 694 248 3 46 1
214 : 323 242 102 12 0
215 : 923 95 86 70 1
216 : 122 234 15 12 0
217 : 194 451 10 139 1
218 : 216 504 38 45 1
219 : 419 411 8 20 1
220 : 577 615 9 8 0
221 : 117 530 24 12 0
222 : 451 463 22 91 1
223 : 593 153 22 126 1
224 : 618 504 43 32 0
225 : 306 419 112 22 0
226 : 0 463 73 30 0
227 : 255 571 31 30 0
228 : 641 576 34 19 0
229 : 748 241 7 4 1
230 : 183 594 36 6 0
231 : 813 162 17 105 1
232 : 127 591 17 9 0
233 : 914 571 32 24 0
234 : 995 504 33 5 1
235 : 207 542 52 23 0
236 : 480 616 8 23 1
237 : 350 540 8 2 0
238 : 530 450 10 76 1
239 : 250 220 70 33 0
240 : 547 576 33 22 0
241 : 781 586 13 50 1
242 : 610 576 21 31 1
243 : 981 542 19 27 0
244 : 191 398 17 13 1
245 : 681 459 4 4 0
246 : 146 597 4 37 1
247 : 0 542 15 83 1
248 : 196 360 85 15 0
249 : 0 315 50 92 1
250 : 322 503 66 1 0
251 : 434 181 92 73 0
252 : 286 590 11 39 1
253 : 903 623 4 28 1
254 : 766 526 10 14 1
255 : 286 315 62 65 1
256 : 809 491 62 13 0
257 : 959 621 28 5 0
258 : 322 494 53 4 0
259 : 618 0 78 137 1
260 : 903 66 12 27 0
261 : 150 76 18 10 0
262 : 797 542 19 54 1
263 : 931 621 14 6 0
264 : 735 565 5 4 1
265 : 593 180 126 1 0
266 : 685 419 44 51 1
267 : 331 303 9 8 0
268 : 137 463 72 29 0
269 : 946 591 9 34 1
270 : 973 601 14 20 0
271 : 396 57 37 85 1
272 : 621 354 22 89 1
273 : 473 525 16 2 1
274 : 487 571 26 32 1
275 : 853 623 16 3 0
276 : 503 601 32 16 0
277 : 439 377 69 40 0
278 : 573 504 31 45 1
279 : 302 57 34 94 1
280 : 196 315 90 45 0
281 : 832 405 43 14 0
282 : 247 95 78 109 1
283 : 845 314 26 1 0
284 : 932 419 32 66 1
285 : 191 616 5 16 1
286 : 749 596 30 5 0
287 : 946 601 23 13 1
288 : 626 542 16 67 1
289 : 119 165 109 14 0
290 : 0 504 72 25 0
291 : 36 627 12 18 1
292 : 897 565 6 44 1
293 : 876 494 32 9 0
294 : 771 560 10 24 1
295 : 903 249 26 3 0
296 : 94 432 25 86 1
297 : 996 0 4 95 0
298 : 711 315 65 47 0
299 : 876 463 60 31 0
300 : 838 249 5 22 1
301 : 125 298 16 6 1
302 : 579 304 11 103 1
303 : 374 598 3 32 1
304 : 0 254 131 44 0
305 : 508 560 27 9 0
306 : 225 179 3 2 0
307 : 524 504 49 29 0
308 : 542 492 56 12 0
309 : 752 410 4 47 1
310 : 508 377 26 105 1
311 : 0 365 86 10 0
312 : 430 372 5 101 1
313 : 898 504 57 22 0
314 : 54 627 14 14 0
315 : 323 181 61 111 1
316 : 272 463 50 41 0
317 : 209 503 50 1 0
318 : 375 494 13 4 0
319 : 311 540 2 39 1
320 : 797 569 2 100 1
321 : 870 601 18 18 0
322 : 475 504 49 30 0
323 : 207 565 48 6 0
324 : 838 181 95 62 0
325 : 932 462 68 1 0
326 : 534 315 41 87 1
327 : 615 624 10 3 0
328 : 273 411 8 146 1
329 : 888 601 21 15 1
330 : 834 587 47 13 0
331 : 608 403 14 5 1
332 : 425 242 12 8 1
333 : 276 623 14 4 0
334 : 897 542 23 44 1
335 : 37 529 33 13 0
336 : 503 617 29 8 0
337 : 593 175 130 5 0
338 : 593 601 15 33 1
339 : 851 542 22 46 1
340 : 752 181 69 86 1
341 : 738 619 61 4 0
342 : 439 417 2 38 1
343 : 137 181 39 186 1
344 : 847 561 8 4 1
345 : 0 95 119 86 0
346 : 286 571 48 19 0
347 : 187 355 22 9 1
348 : 933 251 65 3 0
349 : 795 560 10 2 1
350 : 209 463 33 63 1
351 : 55 557 28 14 0
352 : 675 576 23 28 1
353 : 292 601 40 14 0
354 : 693 570 43 1 0
355 : 819 621 6 18 1
356 : 955 504 29 40 1
357 : 450 495 1 9 0
358 : 996 601 4 24 0
359 : 119 86 38 9 0
360 : 358 504 34 45 1
361 : 131 254 99 58 0
362 : 75 623 4 58 1
363 : 693 565 42 5 0
364 : 809 463 67 28 0
365 : 433 567 41 3 0
366 : 21 616 11 19 1
367 : 152 542 55 22 0
368 : 917 601 14 22 0
369 : 918 162 17 5 1
370 : 334 593 8 40 1
371 : 955 533 9 40 1
372 : 972 369 7 26 1
373 : 542 463 68 29 0
374 : 451 588 4 13 0
375 : 752 377 33 80 1
376 : 752 416 35 3 0
377 : 795 419 77 29 0
378 : 669 601 26 18 1
379 : 882 595 5 61 1
380 : 356 95 86 94 1
381 : 538 566 42 5 0
382 : 755 0 66 160 1
383 : 477 560 31 9 0
384 : 872 419 37 60 1
385 : 593 616 10 22 1
386 : 931 601 15 20 0
387 : 309 554 43 17 0
388 : 0 571 45 22 0
389 : 776 315 52 58 0
390 : 709 591 40 10 0
391 : 803 601 24 16 1
392 : 418 419 112 22 0
393 : 626 601 22 22 0
394 : 903 93 2 12 1
395 : 460 616 10 20 1
396 : 355 601 25 22 1
397 : 0 76 10 150 1
398 : 799 410 4 33 1
399 : 579 254 50 104 1
400 : 167 601 40 15 0
401 : 0 181 53 137 1
402 : 358 538 4 30 1
403 : 936 463 56 33 0
404 : 388 463 32 63 1
405 : 388 538 4 14 1
406 : 445 254 134 41 0
407 : 819 601 19 20 0
408 : 354 310 5 7 1
409 : 972 315 28 54 0
410 : 281 360 14 5 1
411 : 583 567 42 4 0
412 : 431 601 36 15 0
413 : 0 432 94 23 0
414 : 481 57 34 23 1
415 : 929 249 3 4 1
416 : 797 561 50 8 0
417 : 748 209 32 4 1
418 : 477 542 18 61 1
419 : 872 456 58 7 0
420 : 167 625 24 2 0
421 : 141 504 23 75 1
422 : 683 448 11 2 1
423 : 547 571 162 5 0
424 : 761 295 84 20 0
425 : 813 95 110 67 0
426 : 157 86 10 9 0
427 : 516 597 3 4 0
428 : 983 571 28 15 1
429 : 959 601 14 20 0
430 : 547 598 3 38 1
431 : 508 403 15 100 1
432 : 993 155 18 7 1
433 : 0 593 5 42 1
434 : 530 419 76 31 0
435 : 333 451 8 170 1
436 : 882 249 21 5 0
437 : 152 564 5 51 1
438 : 406 588 13 45 1
439 : 706 601 14 32 1
440 : 207 601 25 24 1
441 : 683 254 78 61 0
442 : 331 311 9 4 0
443 : 230 303 12 101 1
444 : 0 626 21 1 0
445 : 69 377 135 21 0
446 : 255 565 6 4 1
447 : 393 542 28 40 1
448 : 168 0 134 90 0
449 : 406 571 49 17 0
450 : 691 463 40 48 1
451 : 73 463 33 64 1
452 : 356 377 34 83 1
453 : 752 414 2 80 1
454 : 259 542 95 12 0
455 : 49 601 26 26 0
456 : 146 571 26 37 1
457 : 173 492 33 11 0
458 : 648 601 23 21 1
459 : 431 616 7 29 1
460 : 706 615 11 20 1
461 : 626 558 13 60 1
462 : 611 418 2 1 0
463 : 875 405 40 14 0
464 : 580 576 30 22 0
465 : 538 542 24 45 1
466 : 719 153 6 22 0
467 : 322 463 66 31 0
468 : 586 615 9 6 1
469 : 953 254 44 61 0
470 : 999 95 1 59 0
471 : 610 463 24 81 1
472 : 845 295 19 26 1
473 : 445 295 19 121 1
474 : 693 542 46 23 0
475 : 993 95 6 31 0
476 : 851 564 5 41 1
477 : 292 615 12 18 1
478 : 430 357 15 85 1
479 : 666 248 5 28 1
480 : 726 95 86 87 1
481 : 137 492 36 12 0
482 : 73 496 64 7 0
483 : 203 564 5 4 1
484 : 133 601 34 18 0
485 : 97 591 30 10 0
486 : 0 419 194 13 0
487 : 817 536 38 6 0
488 : 625 567 1 4 0
489 : 119 179 106 2 0
490 : 557 615 11 20 1
491 : 328 615 4 12 0
492 : 254 616 22 10 0
493 : 119 95 70 128 1
494 : 795 448 14 76 1
495 : 610 597 4 31 1
496 : 309 538 2 4 0
497 : 610 487 69 16 0
498 : 97 571 20 49 1
499 : 152 569 2 50 1
