300 329
0 : 113 290 2 3 0
1 : 207 223 18 12 1
2 : 284 198 14 5 1
3 : 98 261 11 6 1
4 : 129 261 12 16 0
5 : 256 0 6 44 1
6 : 297 198 2 10 0
7 : 298 24 2 23 0
8 : 181 7 52 6 0
9 : 0 120 12 39 1
10 : 121 166 7 26 1
11 : 288 261 10 13 0
12 : 282 166 19 3 1
13 : 122 7 59 12 0
14 : 296 7 2 14 0
15 : 141 261 8 4 1
16 : 210 290 39 39 0
17 : 226 198 14 24 0
18 : 120 290 20 19 1
19 : 199 290 4 4 0
20 : 192 261 18 14 1
21 : 184 198 12 23 0
22 : 195 166 30 12 0
23 : 145 290 1 2 0
24 : 269 198 2 11 0
25 : 245 142 5 26 1
26 : 171 223 9 16 0
27 : 0 88 65 32 0
28 : 165 261 23 19 0
29 : 55 198 5 19 1
30 : 148 261 10 14 0
31 : 286 88 6 30 0
32 : 154 88 31 1 1
33 : 200 198 16 5 1
34 : 95 166 26 6 0
35 : 79 261 8 3 1
36 : 106 223 7 15 0
37 : 298 261 2 2 0
38 : 293 24 1 24 0
39 : 135 24 9 50 1
40 : 105 261 7 2 1
41 : 193 223 20 14 1
42 : 285 166 22 6 1
43 : 139 290 3 4 0
44 : 88 290 2 4 0
45 : 77 261 7 2 1
46 : 116 120 22 48 1
47 : 68 24 67 26 0
48 : 146 290 22 23 1
49 : 201 120 39 14 0
50 : 115 142 7 29 1
51 : 65 88 13 45 1
52 : 273 142 22 2 1
53 : 291 166 14 5 1
54 : 240 198 19 29 1
55 : 249 223 8 2 1
56 : 34 142 46 23 0
57 : 94 198 22 9 0
58 : 117 223 7 14 0
59 : 298 50 1 33 0
60 : 30 198 25 9 0
61 : 271 198 13 4 1
62 : 251 223 23 29 0
63 : 64 166 11 31 1
64 : 219 198 14 3 1
65 : 112 290 1 2 0
66 : 275 166 7 25 0
67 : 172 142 28 7 0
68 : 90 290 20 22 1
69 : 212 198 15 4 1
70 : 274 120 4 25 1
71 : 49 261 9 4 1
72 : 146 223 23 16 1
73 : 30 261 14 19 1
74 : 0 142 10 34 1
75 : 174 290 9 9 0
76 : 86 290 2 4 0
77 : 0 0 103 7 0
78 : 171 290 4 3 1
79 : 164 120 11 37 1
80 : 27 261 8 3 1
81 : 294 24 4 26 0
82 : 298 7 14 2 1
83 : 180 223 8 15 0
84 : 110 88 13 44 1
85 : 103 50 40 2 0
86 : 39 120 12 38 1
87 : 77 120 39 13 0
88 : 180 198 4 16 0
89 : 183 50 2 37 1
90 : 142 290 4 3 1
91 : 244 261 6 9 0
92 : 296 166 13 4 1
93 : 250 261 12 15 0
94 : 271 142 22 2 1
95 : 0 261 7 13 1
96 : 80 142 13 35 1
97 : 147 166 29 48 1
98 : 299 120 9 1 1
99 : 280 88 30 3 1
100 : 0 166 11 31 1
101 : 275 142 21 2 1
102 : 183 290 4 4 0
103 : 93 198 14 1 1
104 : 299 142 1 9 0
105 : 0 290 9 12 1
106 : 143 50 2 40 1
107 : 107 261 22 18 0
108 : 289 198 8 17 0
109 : 116 198 13 1 1
110 : 274 223 22 28 0
111 : 244 88 8 36 1
112 : 145 261 3 7 0
113 : 39 290 18 15 0
114 : 124 223 14 21 0
115 : 200 142 24 45 1
116 : 79 290 4 2 1
117 : 83 223 22 14 1
118 : 103 0 95 1 0
119 : 0 24 26 68 1
120 : 196 198 15 4 1
121 : 81 290 5 7 0
122 : 37 223 46 38 0
123 : 57 290 4 1 1
124 : 115 290 4 5 0
125 : 198 0 58 2 0
126 : 13 261 14 8 0
127 : 155 88 17 47 1
128 : 266 290 15 15 0
129 : 174 198 6 18 0
130 : 97 223 9 17 0
131 : 292 7 16 2 1
132 : 206 261 9 6 1
133 : 203 290 7 7 0
134 : 222 198 14 4 1
135 : 286 142 5 22 0
136 : 262 261 12 15 0
137 : 188 223 11 5 1
138 : 89 261 9 14 0
139 : 31 166 33 13 0
140 : 188 261 8 4 1
141 : 144 142 28 7 0
142 : 233 7 17 59 1
143 : 294 50 4 37 0
144 : 16 223 9 1 0
145 : 12 290 6 9 0
146 : 117 198 20 8 0
147 : 292 24 24 1 1
148 : 0 50 14 54 1
149 : 54 50 49 10 0
150 : 219 223 14 8 1
151 : 275 198 9 18 0
152 : 18 290 4 7 0
153 : 162 223 9 16 0
154 : 137 198 25 37 1
155 : 212 261 32 29 0
156 : 158 261 8 4 1
157 : 294 7 2 15 0
158 : 0 7 61 5 0
159 : 277 142 4 22 0
160 : 138 223 8 15 0
161 : 227 223 19 25 0
162 : 291 142 4 21 0
163 : 74 198 5 19 1
164 : 53 261 19 24 1
165 : 22 290 14 17 1
166 : 162 261 7 3 1
167 : 283 88 29 3 1
168 : 208 198 15 4 1
169 : 58 290 10 12 0
170 : 247 24 43 9 0
171 : 216 198 14 3 1
172 : 169 290 2 3 0
173 : 295 142 20 4 1
174 : 185 24 22 62 1
175 : 249 290 17 17 0
176 : 290 24 26 2 1
177 : 276 261 15 12 1
178 : 292 50 2 36 0
179 : 225 166 32 50 1
180 : 281 142 5 22 0
181 : 0 223 16 8 0
182 : 0 198 14 30 1
183 : 274 261 5 2 1
184 : 119 290 1 2 0
185 : 82 261 8 3 1
186 : 292 88 30 7 1
187 : 85 261 4 9 0
188 : 246 223 9 3 1
189 : 205 198 14 3 1
190 : 202 88 42 14 0
191 : 240 120 34 9 0
192 : 113 223 4 11 0
193 : 220 50 38 72 1
194 : 104 261 6 1 1
195 : 76 290 3 5 0
196 : 68 290 10 8 1
197 : 187 290 12 12 0
198 : 25 223 4 12 1
199 : 61 7 13 61 1
