100 66
0 : 0 0 4 22 1
1 : 22 0 9 4 0
2 : 31 0 18 10 0
3 : 49 0 19 9 0
4 : 68 0 5 4 1
5 : 72 0 3 3 0
6 : 75 0 4 15 1
7 : 90 0 1 3 0
8 : 0 10 13 3 0
9 : 13 10 13 14 1
10 : 91 0 2 4 0
11 : 27 10 1 14 1
12 : 41 10 8 13 0
13 : 93 0 1 7 0
14 : 49 10 11 16 1
15 : 65 10 11 1 1
16 : 0 23 38 1 0
17 : 38 23 9 5 0
18 : 94 0 2 8 0
19 : 47 23 6 2 0
20 : 53 23 2 4 0
21 : 55 23 2 21 1
22 : 76 23 4 5 0
23 : 80 23 17 4 0
24 : 96 0 7 2 1
25 : 97 23 5 1 1
26 : 66 10 3 17 1
27 : 98 23 2 3 0
28 : 0 28 7 25 1
29 : 25 28 3 3 0
30 : 28 28 4 7 0
31 : 32 28 8 10 1
32 : 42 28 32 15 0
33 : 83 10 5 3 1
34 : 86 10 7 3 1
35 : 74 28 2 14 0
36 : 89 10 5 6 0
37 : 76 28 14 1 1
38 : 77 28 11 8 1
39 : 85 28 15 11 1
40 : 98 0 9 1 1
41 : 0 43 1 17 1
42 : 17 43 3 4 1
43 : 21 43 20 26 1
44 : 94 10 13 2 1
45 : 96 10 4 4 0
46 : 99 0 1 8 0
47 : 47 43 23 36 1
48 : 96 28 2 2 0
49 : 98 28 4 2 1
