100 44
0 : 94 0 4 22 0
1 : 90 28 9 4 0
2 : 45 23 18 10 0
3 : 63 23 19 9 0
4 : 44 36 5 4 1
5 : 91 20 3 3 0
6 : 25 36 4 15 1
7 : 62 33 1 3 0
8 : 36 20 13 3 0
9 : 0 23 13 14 1
10 : 86 21 2 4 1
11 : 25 41 1 14 1
12 : 62 15 8 13 1
13 : 52 22 1 7 1
14 : 14 23 11 16 1
15 : 25 42 11 1 0
16 : 58 36 38 1 0
17 : 90 23 9 5 0
18 : 52 20 2 8 1
19 : 54 36 6 2 1
20 : 41 34 2 4 1
21 : 98 0 2 21 0
22 : 40 36 4 5 0
23 : 63 32 17 4 0
24 : 52 36 7 2 1
25 : 36 42 5 1 0
26 : 45 33 3 17 1
27 : 56 36 2 3 0
28 : 0 36 7 25 1
29 : 49 20 3 3 0
30 : 90 32 4 7 1
31 : 82 23 8 10 0
32 : 62 0 32 15 0
33 : 91 15 5 3 1
34 : 82 33 7 3 0
35 : 14 34 2 14 1
36 : 86 15 5 6 0
37 : 25 40 14 1 0
38 : 75 15 11 8 0
39 : 30 23 15 11 0
40 : 99 23 9 1 1
41 : 0 43 1 17 1
42 : 97 32 3 4 0
43 : 36 0 20 26 1
44 : 28 34 13 2 0
45 : 48 36 4 4 0
46 : 39 41 1 8 1
47 : 0 0 23 36 1
48 : 98 21 2 2 0
49 : 80 32 4 2 1
