200 195
0 : 0 0 4 6 1
1 : 6 0 2 4 0
2 : 8 0 110 45 0
3 : 118 0 1 15 0
4 : 119 0 2 4 0
5 : 121 0 6 3 1
6 : 124 0 1 27 0
7 : 125 0 4 23 0
8 : 129 0 9 14 0
9 : 138 0 1 11 0
10 : 139 0 15 2 1
11 : 141 0 18 24 0
12 : 159 0 8 1 1
13 : 160 0 15 40 0
14 : 175 0 7 14 0
15 : 182 0 11 4 1
16 : 186 0 1 2 0
17 : 187 0 37 2 1
18 : 189 0 20 8 1
19 : 0 45 12 9 0
20 : 12 45 15 15 0
21 : 27 45 14 20 1
22 : 47 45 4 27 1
23 : 74 45 1 18 1
24 : 92 45 22 14 0
25 : 114 45 23 7 0
26 : 137 45 5 3 1
27 : 140 45 5 22 1
28 : 162 45 6 25 1
29 : 0 60 14 58 1
30 : 58 60 17 9 0
31 : 75 60 3 2 1
32 : 77 60 1 20 1
33 : 97 60 8 3 1
34 : 100 60 18 8 0
35 : 118 60 20 2 0
36 : 138 60 6 19 1
37 : 0 74 67 3 0
38 : 67 74 10 8 0
39 : 77 74 8 9 1
40 : 86 74 21 11 0
41 : 107 74 4 5 0
42 : 111 74 4 16 1
43 : 157 60 17 22 1
44 : 127 74 20 30 1
45 : 187 45 14 5 1
46 : 157 74 12 22 1
47 : 179 60 20 5 0
48 : 192 45 4 11 0
49 : 196 45 7 4 1
50 : 0 94 33 32 0
51 : 179 74 19 9 1
52 : 33 94 27 16 1
53 : 188 74 18 5 1
54 : 49 94 8 16 0
55 : 199 60 8 1 1
56 : 193 74 4 3 1
57 : 57 94 3 71 1
58 : 197 0 41 1 1
59 : 128 94 15 5 1
60 : 133 94 33 4 0
61 : 166 94 5 17 0
62 : 196 74 4 9 0
63 : 171 94 3 24 0
64 : 174 94 11 8 1
65 : 182 94 6 5 1
66 : 0 126 50 27 0
67 : 50 126 25 16 1
68 : 66 126 22 29 1
69 : 95 126 4 24 0
70 : 99 126 8 21 0
71 : 107 126 6 2 1
72 : 109 126 9 7 1
73 : 116 126 14 2 1
74 : 118 126 14 3 1
75 : 121 126 15 22 0
76 : 136 126 1 8 0
77 : 137 126 7 16 0
78 : 144 126 3 10 0
79 : 147 126 21 5 1
80 : 152 126 1 9 0
81 : 153 126 4 45 1
82 : 198 126 14 1 1
83 : 0 153 41 18 0
84 : 41 153 27 30 1
85 : 71 153 7 7 0
86 : 78 153 6 6 0
87 : 187 94 7 32 0
88 : 84 153 4 3 1
89 : 87 153 44 12 0
90 : 199 126 1 2 0
91 : 131 153 12 3 1
92 : 134 153 22 10 1
93 : 144 153 27 2 1
94 : 0 180 5 63 1
95 : 63 180 23 15 0
96 : 86 180 7 7 0
97 : 93 180 14 4 1
98 : 97 180 9 12 0
99 : 106 180 3 6 0
