100 50
0 : 94 0 4 22 0
1 : 81 36 9 4 0
2 : 45 23 18 10 0
3 : 63 23 19 9 0
4 : 0 44 5 4 0
5 : 54 44 3 3 0
6 : 66 36 4 15 1
7 : 24 49 1 3 1
8 : 26 44 13 3 0
9 : 0 23 13 14 1
10 : 91 44 2 4 0
11 : 69 48 1 14 1
12 : 82 23 8 13 0
13 : 17 49 1 7 1
14 : 14 23 11 16 1
15 : 83 48 11 1 0
16 : 0 48 38 1 0
17 : 35 36 9 5 0
18 : 98 36 2 8 0
19 : 81 44 6 2 0
20 : 89 44 2 4 0
21 : 98 0 2 21 0
22 : 94 36 4 5 0
23 : 49 36 17 4 0
24 : 74 44 7 2 0
25 : 94 48 5 1 0
26 : 9 44 3 17 1
27 : 93 44 2 3 0
28 : 10 36 7 25 1
29 : 57 44 3 3 0
30 : 90 36 4 7 0
31 : 0 36 8 10 1
32 : 62 0 32 15 0
33 : 46 44 5 3 0
34 : 39 44 7 3 0
35 : 60 44 2 14 1
36 : 44 36 5 6 0
37 : 55 48 14 1 0
38 : 90 23 11 8 1
39 : 30 23 15 11 0
40 : 0 49 9 1 0
41 : 38 48 1 17 1
42 : 51 44 3 4 0
43 : 36 0 20 26 1
44 : 98 23 13 2 1
45 : 5 44 4 4 0
46 : 9 49 1 8 1
47 : 0 0 23 36 1
48 : 95 44 2 2 0
49 : 87 44 4 2 1
