100 63
0 : 28 36 4 22 1
1 : 38 52 9 4 0
2 : 14 23 18 10 0
3 : 73 23 19 9 0
4 : 0 57 5 4 0
5 : 94 57 3 3 0
6 : 0 47 4 15 1
7 : 46 61 1 3 1
8 : 62 47 13 3 0
9 : 0 23 13 14 1
10 : 25 61 2 4 1
11 : 60 57 1 14 1
12 : 15 36 8 13 1
13 : 29 61 1 7 1
14 : 32 23 11 16 1
15 : 83 57 11 1 0
16 : 0 52 38 1 0
17 : 32 47 9 5 0
18 : 26 57 2 8 1
19 : 77 57 6 2 0
20 : 21 61 2 4 1
21 : 41 47 2 21 1
22 : 94 52 4 5 0
23 : 69 36 17 4 0
24 : 39 57 7 2 0
25 : 39 61 5 1 0
26 : 15 47 3 17 1
27 : 36 61 2 3 1
28 : 48 23 7 25 1
29 : 97 57 3 3 0
30 : 53 52 4 7 1
31 : 61 36 8 10 0
32 : 62 0 32 15 0
33 : 34 57 5 3 0
34 : 87 52 7 3 0
35 : 60 52 2 14 1
36 : 47 52 5 6 1
37 : 46 57 14 1 0
38 : 50 36 11 8 0
39 : 0 36 15 11 0
40 : 0 61 9 1 0
41 : 5 57 1 17 1
42 : 74 57 3 4 0
43 : 36 0 20 26 1
44 : 74 52 13 2 0
45 : 22 57 4 4 0
46 : 9 61 1 8 1
47 : 0 0 23 36 1
48 : 44 61 2 2 0
49 : 17 61 4 2 0
