1000 694
0 : 400 667 94 6 0
1 : 718 692 22 1 0
2 : 503 496 25 23 0
3 : 107 692 2 13 1
4 : 118 674 7 6 0
5 : 0 581 16 133 1
6 : 566 612 37 13 0
7 : 204 287 42 91 1
8 : 161 667 32 7 0
9 : 724 680 4 53 1
10 : 70 649 27 10 0
11 : 339 581 57 16 0
12 : 35 692 32 2 0
13 : 171 692 2 3 1
14 : 553 407 31 41 1
15 : 740 692 22 1 0
16 : 303 692 1 103 1
17 : 517 685 4 4 0
18 : 838 659 7 62 1
19 : 873 674 41 5 0
20 : 946 542 24 19 0
21 : 534 233 50 59 1
22 : 295 287 69 42 0
23 : 830 95 67 63 1
24 : 0 95 168 76 0
25 : 759 542 19 52 1
26 : 862 692 1 2 0
27 : 0 439 29 79 1
28 : 171 689 31 3 0
29 : 289 563 18 58 1
30 : 197 680 5 18 1
31 : 400 496 23 41 1
32 : 521 685 3 69 1
33 : 778 649 9 10 0
34 : 789 496 112 22 0
35 : 144 638 11 19 1
36 : 563 171 202 57 0
37 : 945 597 14 24 1
38 : 254 171 60 77 1
39 : 713 685 48 3 0
40 : 771 468 40 25 0
41 : 398 685 4 14 1
42 : 515 542 37 20 0
43 : 330 468 69 26 0
44 : 94 468 28 29 1
45 : 919 563 17 32 1
46 : 238 649 9 119 1
47 : 42 685 40 4 0
48 : 933 581 15 61 1
49 : 396 581 48 16 0
50 : 671 597 14 55 1
51 : 379 597 15 19 1
52 : 151 371 34 113 1
53 : 539 0 94 81 1
54 : 0 597 53 15 0
55 : 383 659 8 31 1
56 : 831 692 1 14 1
57 : 47 371 36 36 0
58 : 865 692 1 1 0
59 : 106 689 3 33 1
60 : 276 680 12 5 0
61 : 182 638 12 11 0
62 : 694 649 24 9 0
63 : 552 542 20 32 1
64 : 565 331 82 39 0
65 : 216 542 21 72 1
66 : 875 667 34 6 0
67 : 237 659 56 8 0
68 : 313 597 25 15 0
69 : 684 689 66 2 0
70 : 80 563 18 79 1
71 : 385 439 29 39 1
72 : 638 287 41 115 1
73 : 296 667 104 6 0
74 : 684 468 44 25 0
75 : 398 597 15 18 1
76 : 0 667 49 7 0
77 : 112 520 22 95 1
78 : 110 674 8 6 0
79 : 91 667 7 38 1
80 : 49 667 7 42 1
81 : 593 233 49 116 1
82 : 840 287 69 41 0
83 : 159 563 69 18 0
84 : 697 674 5 50 1
85 : 528 496 23 24 0
86 : 146 659 91 8 0
87 : 358 371 34 83 1
88 : 568 659 9 8 0
89 : 636 612 13 33 1
90 : 72 638 32 11 0
91 : 668 649 9 26 1
92 : 252 689 22 3 0
93 : 62 612 18 14 0
94 : 0 233 143 54 0
95 : 331 171 133 58 0
96 : 216 597 15 36 1
97 : 763 667 6 38 1
98 : 473 680 71 4 0
99 : 473 685 9 4 0
100 : 425 563 17 125 1
101 : 282 667 7 14 1
102 : 510 659 8 17 1
103 : 468 468 26 32 1
104 : 458 626 17 12 0
105 : 899 407 29 94 1
106 : 80 612 14 14 0
107 : 448 520 22 59 1
108 : 609 689 75 2 0
109 : 165 649 10 21 1
110 : 878 680 48 4 0
111 : 951 563 17 22 1
112 : 698 626 77 11 0
113 : 475 331 90 39 0
114 : 697 638 126 10 0
115 : 273 685 27 4 0
116 : 0 496 32 24 0
117 : 915 626 11 51 1
118 : 133 581 70 16 0
119 : 123 468 70 27 0
120 : 871 520 22 25 1
121 : 830 680 4 48 1
122 : 288 680 5 8 1
123 : 194 638 11 12 1
124 : 73 689 3 33 1
125 : 500 581 19 16 0
126 : 112 287 42 92 1
127 : 424 439 28 226 1
128 : 921 520 22 23 1
129 : 539 659 11 8 0
130 : 53 597 49 15 0
131 : 893 685 3 39 1
132 : 0 407 94 32 0
133 : 173 331 68 40 0
134 : 858 692 4 1 0
135 : 849 597 36 14 0
136 : 82 674 10 6 0
137 : 0 612 22 14 0
138 : 707 659 67 7 0
139 : 135 542 21 81 1
140 : 650 439 28 148 1
141 : 0 371 36 47 1
142 : 387 520 22 61 1
143 : 357 649 62 9 0
144 : 133 680 5 22 1
145 : 0 0 95 114 1
146 : 0 563 18 80 1
147 : 872 581 61 15 0
148 : 0 692 35 2 0
149 : 290 689 3 15 1
150 : 518 674 5 67 1
151 : 419 649 47 9 0
152 : 777 563 50 17 0
153 : 811 468 32 25 0
154 : 342 685 4 14 1
155 : 443 659 24 8 0
156 : 741 612 122 12 0
157 : 594 407 123 30 0
158 : 70 674 6 12 1
159 : 750 689 2 59 1
160 : 798 439 92 28 0
161 : 809 689 53 2 0
162 : 384 626 12 20 1
163 : 364 287 41 140 1
164 : 940 667 29 6 0
165 : 718 331 59 38 0
166 : 669 612 32 13 0
167 : 142 597 15 38 1
168 : 404 626 18 12 0
169 : 0 689 3 38 1
170 : 839 407 31 30 1
171 : 655 685 58 3 0
172 : 86 680 5 25 1
173 : 129 667 32 7 0
174 : 728 468 25 43 1
175 : 775 626 11 72 1
176 : 324 685 4 18 1
177 : 969 667 23 6 0
178 : 101 674 9 6 0
179 : 647 331 71 38 0
180 : 206 638 10 202 1
181 : 384 685 14 4 0
182 : 176 680 5 21 1
183 : 842 520 29 22 0
184 : 721 667 42 6 0
185 : 83 371 35 68 1
186 : 475 542 40 20 0
187 : 570 667 59 6 0
188 : 847 626 11 68 1
189 : 228 689 24 3 0
190 : 807 685 3 45 1
191 : 266 407 40 32 0
192 : 813 520 29 22 0
193 : 601 597 14 70 1
194 : 801 692 1 16 1
195 : 524 371 50 34 0
196 : 494 667 6 76 1
197 : 710 520 22 40 1
198 : 398 680 75 4 0
199 : 817 692 1 14 1
200 : 605 680 61 4 0
201 : 757 649 9 11 1
202 : 550 563 122 17 0
203 : 765 171 99 56 0
204 : 0 331 40 104 1
205 : 490 626 11 105 1
206 : 252 626 45 12 0
207 : 193 468 32 27 0
208 : 783 692 1 18 1
209 : 412 685 14 4 0
210 : 577 659 130 7 0
211 : 266 667 16 7 0
212 : 161 692 2 6 1
213 : 761 685 3 46 1
214 : 863 612 102 12 0
215 : 388 95 86 70 0
216 : 475 626 15 12 0
217 : 558 638 10 139 1
218 : 777 331 38 45 1
219 : 490 659 8 20 1
220 : 559 659 9 8 0
221 : 360 626 24 12 0
222 : 207 520 22 91 1
223 : 551 496 22 126 1
224 : 223 407 43 32 0
225 : 677 496 112 22 0
226 : 717 407 73 30 0
227 : 869 407 31 30 1
228 : 859 542 34 19 0
229 : 490 685 7 4 0
230 : 839 667 36 6 0
231 : 672 563 17 105 1
232 : 740 649 17 9 0
233 : 32 496 32 24 0
234 : 955 674 33 5 0
235 : 258 496 52 23 0
236 : 467 659 8 23 1
237 : 153 692 8 2 0
238 : 909 638 10 76 1
239 : 699 371 70 33 0
240 : 750 520 33 22 0
241 : 424 612 13 50 1
242 : 288 542 21 31 1
243 : 893 542 19 27 1
244 : 724 612 17 13 0
245 : 513 685 4 4 0
246 : 82 685 4 37 1
247 : 789 581 15 83 1
248 : 704 581 85 15 0
249 : 442 233 50 92 1
250 : 474 692 66 1 0
251 : 168 95 92 73 0
252 : 0 638 11 39 1
253 : 245 685 4 28 1
254 : 224 649 10 14 1
255 : 0 171 62 65 1
256 : 302 612 62 13 0
257 : 58 680 28 5 0
258 : 777 680 53 4 0
259 : 620 0 78 137 1
260 : 333 626 12 27 1
261 : 206 649 18 10 0
262 : 705 542 19 54 1
263 : 56 674 14 6 0
264 : 508 685 5 4 0
265 : 177 692 126 1 0
266 : 61 287 44 51 1
267 : 550 659 9 8 0
268 : 156 439 72 29 0
269 : 544 649 9 34 1
270 : 22 612 14 20 1
271 : 822 331 37 85 1
272 : 298 520 22 89 1
273 : 91 692 16 2 0
274 : 436 468 26 32 1
275 : 274 689 16 3 0
276 : 444 581 32 16 0
277 : 104 331 69 40 0
278 : 508 407 31 45 1
279 : 264 371 34 94 1
280 : 774 233 90 45 0
281 : 726 597 43 14 0
282 : 757 0 78 109 1
283 : 692 692 26 1 0
284 : 94 407 32 66 1
285 : 232 680 5 16 1
286 : 0 680 30 5 0
287 : 701 612 23 13 0
288 : 272 581 16 67 1
289 : 416 597 109 14 0
290 : 612 468 72 25 0
291 : 440 626 12 18 1
292 : 677 667 6 44 1
293 : 578 649 32 9 0
294 : 97 649 10 24 1
295 : 202 689 26 3 0
296 : 526 468 25 86 1
297 : 303 680 4 95 1
298 : 709 233 65 47 0
299 : 448 407 60 31 0
300 : 111 680 5 22 1
301 : 40 674 16 6 0
302 : 595 626 11 103 1
303 : 139 689 3 32 1
304 : 864 233 131 44 0
305 : 641 649 27 9 0
306 : 174 692 3 2 0
307 : 296 439 49 29 0
308 : 196 626 56 12 0
309 : 926 680 4 47 1
310 : 225 468 26 105 1
311 : 823 638 86 10 0
312 : 417 674 5 101 1
313 : 507 520 57 22 0
314 : 94 612 14 14 0
315 : 65 171 61 111 1
316 : 909 287 50 41 0
317 : 599 692 50 1 0
318 : 426 685 13 4 0
319 : 912 689 2 39 1
320 : 429 689 2 100 1
321 : 407 563 18 18 0
322 : 790 407 49 30 0
323 : 629 667 48 6 0
324 : 893 95 95 62 0
325 : 406 692 68 1 0
326 : 753 287 41 87 1
327 : 305 689 10 3 0
328 : 0 659 8 146 1
329 : 338 597 21 15 0
330 : 474 612 47 13 0
331 : 262 680 14 5 0
332 : 527 659 12 8 0
333 : 370 685 14 4 0
334 : 356 496 23 44 1
335 : 603 612 33 13 0
336 : 414 659 29 8 0
337 : 287 674 130 5 0
338 : 252 597 15 33 1
339 : 619 520 22 46 1
340 : 474 95 69 86 1
341 : 544 680 61 4 0
342 : 951 689 2 38 1
343 : 289 331 39 186 1
344 : 482 685 8 4 0
345 : 248 0 119 86 0
346 : 811 542 48 19 0
347 : 718 649 22 9 0
348 : 590 685 65 3 0
349 : 143 692 10 2 0
350 : 833 371 33 63 1
351 : 917 597 28 14 0
352 : 475 496 23 28 1
353 : 809 597 40 14 0
354 : 649 692 43 1 0
355 : 22 674 6 18 1
356 : 345 439 29 40 1
357 : 845 692 1 9 1
358 : 300 685 4 24 1
359 : 506 649 38 9 0
360 : 574 371 34 45 1
361 : 464 171 99 58 0
362 : 666 680 4 58 1
363 : 747 674 42 5 0
364 : 890 439 67 28 0
365 : 852 685 41 3 0
366 : 163 638 11 19 1
367 : 564 520 55 22 0
368 : 969 597 14 22 1
369 : 215 680 17 5 0
370 : 343 659 8 40 1
371 : 466 649 9 40 1
372 : 222 667 7 26 1
373 : 228 439 68 29 0
374 : 439 685 4 13 1
375 : 619 371 33 80 1
376 : 38 689 35 3 0
377 : 79 439 77 29 0
378 : 381 563 26 18 0
379 : 585 674 5 61 1
380 : 367 0 86 94 0
381 : 831 674 42 5 0
382 : 670 95 66 160 1
383 : 610 649 31 9 0
384 : 907 331 37 60 1
385 : 121 649 10 22 1
386 : 359 597 15 20 1
387 : 876 563 43 17 0
388 : 665 520 45 22 0
389 : 280 233 52 58 1
390 : 0 649 40 10 0
391 : 476 581 24 16 0
392 : 0 520 112 22 0
393 : 944 520 22 22 0
394 : 120 692 2 12 1
395 : 186 649 10 20 1
396 : 896 520 25 22 0
397 : 408 638 10 150 1
398 : 119 685 4 33 1
399 : 338 233 50 104 1
400 : 102 597 40 15 0
401 : 143 233 53 137 1
402 : 215 685 4 30 1
403 : 896 371 56 33 0
404 : 160 407 32 63 1
405 : 356 685 4 14 1
406 : 504 287 134 41 0
407 : 970 542 19 20 0
408 : 296 680 5 7 1
409 : 0 468 28 54 1
410 : 248 680 14 5 0
411 : 0 685 42 4 0
412 : 180 597 36 15 0
413 : 89 496 94 23 0
414 : 441 496 34 23 0
415 : 319 689 3 4 1
416 : 293 659 50 8 0
417 : 152 685 32 4 0
418 : 228 563 18 61 1
419 : 900 659 58 7 0
420 : 67 692 24 2 0
421 : 183 496 23 75 1
422 : 132 692 11 2 0
423 : 125 674 162 5 0
424 : 342 542 84 20 0
425 : 560 95 110 67 0
426 : 768 649 10 9 0
427 : 315 689 3 4 1
428 : 285 597 28 15 0
429 : 42 612 14 20 1
430 : 932 685 3 38 1
431 : 519 581 15 100 1
432 : 248 667 18 7 0
433 : 789 674 5 42 1
434 : 306 407 76 31 0
435 : 787 649 8 170 1
436 : 155 680 21 5 0
437 : 646 674 5 51 1
438 : 521 612 13 45 1
439 : 885 597 14 32 1
440 : 64 496 25 24 0
441 : 176 171 78 61 0
442 : 464 685 9 4 0
443 : 0 626 12 101 1
444 : 762 692 21 1 0
445 : 0 542 135 21 0
446 : 497 685 6 4 0
447 : 54 468 28 40 1
448 : 114 0 134 90 0
449 : 827 563 49 17 0
450 : 241 331 40 48 1
451 : 769 371 33 64 1
452 : 441 371 34 83 1
453 : 529 689 2 80 1
454 : 101 626 95 12 0
455 : 500 468 26 26 0
456 : 399 468 26 37 1
457 : 39 638 33 11 0
458 : 319 542 23 21 0
459 : 193 667 7 29 1
460 : 124 638 11 20 1
461 : 364 612 13 60 1
462 : 863 692 2 1 0
463 : 769 597 40 14 0
464 : 783 520 30 22 0
465 : 924 468 24 45 1
466 : 0 674 6 22 1
467 : 382 407 66 31 0
468 : 92 674 9 6 0
469 : 0 287 44 61 1
470 : 540 692 1 59 1
471 : 843 468 24 81 1
472 : 920 542 19 26 1
473 : 584 542 19 121 1
474 : 310 496 46 23 0
475 : 909 667 6 31 1
476 : 914 674 5 41 1
477 : 422 626 12 18 1
478 : 619 581 15 85 1
479 : 30 680 5 28 1
480 : 453 0 86 87 0
481 : 297 626 36 12 0
482 : 774 659 64 7 0
483 : 503 685 5 4 0
484 : 347 563 34 18 0
485 : 40 649 30 10 0
486 : 108 612 194 13 0
487 : 801 667 38 6 0
488 : 854 692 1 4 1
489 : 323 689 106 2 0
490 : 104 638 11 20 1
491 : 452 685 4 12 1
492 : 143 649 22 10 0
493 : 260 95 70 128 1
494 : 525 597 14 76 1
495 : 184 685 4 31 1
496 : 167 692 2 4 1
497 : 203 581 69 16 0
498 : 426 542 20 49 1
499 : 862 689 2 50 1
