100 47
0 : 94 0 4 22 0
1 : 57 34 9 4 1
2 : 38 23 18 10 0
3 : 56 23 19 9 0
4 : 61 34 5 4 1
5 : 79 34 3 3 0
6 : 29 34 4 15 1
7 : 94 22 1 3 1
8 : 13 31 13 3 0
9 : 0 34 13 14 1
10 : 78 21 2 4 1
11 : 68 20 1 14 1
12 : 0 24 8 13 1
13 : 37 24 1 7 0
14 : 75 23 11 16 1
15 : 99 23 11 1 1
16 : 0 23 38 1 0
17 : 52 34 9 5 1
18 : 66 15 2 8 0
19 : 68 21 6 2 0
20 : 74 21 2 4 1
21 : 98 0 2 21 0
22 : 65 34 4 5 0
23 : 13 24 17 4 0
24 : 26 31 7 2 0
25 : 61 21 5 1 0
26 : 13 28 3 17 1
27 : 82 21 2 3 1
28 : 36 15 7 25 1
29 : 76 34 3 3 0
30 : 30 24 4 7 0
31 : 44 34 8 10 0
32 : 36 0 32 15 0
33 : 33 31 5 3 0
34 : 34 24 7 3 1
35 : 56 32 2 14 1
36 : 61 15 5 6 0
37 : 36 22 14 1 0
38 : 91 23 11 8 1
39 : 14 34 15 11 0
40 : 50 22 9 1 0
41 : 38 33 1 17 1
42 : 73 34 3 4 0
43 : 68 0 20 26 1
44 : 0 32 13 2 0
45 : 69 34 4 4 0
46 : 82 20 1 8 1
47 : 0 0 23 36 1
48 : 98 21 2 2 0
49 : 70 32 4 2 0
