200 117
0 : 168 55 4 6 1
1 : 185 55 2 4 0
2 : 0 0 110 45 0
3 : 159 85 1 15 1
4 : 160 106 2 4 1
5 : 174 55 6 3 0
6 : 199 59 1 27 0
7 : 46 55 4 23 1
8 : 165 86 9 14 0
9 : 69 48 1 11 0
10 : 61 64 15 2 1
11 : 177 59 18 24 0
12 : 199 32 8 1 1
13 : 137 59 15 40 1
14 : 109 101 7 14 1
15 : 40 102 11 4 0
16 : 164 106 1 2 0
17 : 137 74 37 2 0
18 : 141 86 20 8 1
19 : 0 108 12 9 0
20 : 109 86 15 15 0
21 : 115 72 14 20 1
22 : 195 59 4 27 0
23 : 159 27 1 18 0
24 : 93 72 22 14 0
25 : 46 48 23 7 0
26 : 180 55 5 3 0
27 : 129 52 5 22 1
28 : 21 48 6 25 1
29 : 71 45 14 58 1
30 : 159 76 17 9 0
31 : 174 74 3 2 0
32 : 175 54 1 20 1
33 : 132 105 8 3 0
34 : 151 27 18 8 1
35 : 175 52 20 2 0
36 : 154 86 6 19 0
37 : 129 45 67 3 0
38 : 186 98 10 8 1
39 : 165 100 8 9 1
40 : 0 48 21 11 0
41 : 181 103 4 5 0
42 : 57 64 4 16 0
43 : 54 86 17 22 0
44 : 0 64 20 30 1
45 : 71 101 14 5 0
46 : 160 32 12 22 1
47 : 160 86 20 5 1
48 : 29 102 4 11 1
49 : 161 55 7 4 0
50 : 160 0 33 32 0
51 : 132 86 19 9 1
52 : 30 64 27 16 0
53 : 182 40 18 5 0
54 : 182 32 8 16 1
55 : 198 32 8 1 1
56 : 51 102 4 3 1
57 : 0 45 3 71 1
58 : 93 71 41 1 0
59 : 195 86 15 5 1
60 : 30 80 33 4 0
61 : 181 86 5 17 0
62 : 186 48 4 9 1
63 : 151 52 3 24 1
64 : 12 108 11 8 0
65 : 195 101 6 5 1
66 : 110 0 50 27 0
67 : 29 86 25 16 0
68 : 0 86 22 29 1
69 : 21 54 4 24 1
70 : 124 86 8 21 0
71 : 141 106 6 2 0
72 : 85 101 9 7 0
73 : 135 72 14 2 1
74 : 177 83 14 3 0
75 : 94 86 15 22 0
76 : 124 107 1 8 1
77 : 174 86 7 16 0
78 : 151 55 3 10 1
79 : 149 86 21 5 1
80 : 176 76 1 9 0
81 : 129 48 4 45 1
82 : 71 106 14 1 0
83 : 110 27 41 18 0
84 : 63 59 27 30 1
85 : 23 108 7 7 0
86 : 174 102 6 6 0
87 : 193 0 7 32 0
88 : 191 83 4 3 0
89 : 93 59 44 12 0
90 : 61 79 1 2 1
91 : 174 48 12 3 0
92 : 137 76 22 10 0
93 : 0 84 27 2 0
94 : 0 59 5 63 1
95 : 71 86 23 15 0
96 : 30 108 7 7 0
97 : 196 45 14 4 1
98 : 186 86 9 12 0
99 : 154 105 3 6 1
