200 208
0 : 90 200 4 6 0
1 : 117 200 2 4 0
2 : 0 0 110 45 0
3 : 196 176 1 15 0
4 : 115 200 2 4 0
5 : 97 200 6 3 1
6 : 147 118 1 27 0
7 : 46 145 4 23 1
8 : 0 191 9 14 1
9 : 167 191 1 11 1
10 : 194 176 15 2 1
11 : 170 118 18 24 0
12 : 44 200 8 1 0
13 : 41 86 15 40 1
14 : 14 191 7 14 1
15 : 156 191 11 4 0
16 : 122 200 1 2 0
17 : 81 86 37 2 0
18 : 105 162 20 8 0
19 : 98 191 12 9 0
20 : 174 176 15 15 0
21 : 85 162 14 20 1
22 : 116 118 4 27 0
23 : 74 176 1 18 1
24 : 113 145 22 14 0
25 : 23 145 23 7 0
26 : 106 200 5 3 1
27 : 0 162 5 22 1
28 : 164 118 6 25 0
29 : 130 45 14 58 1
30 : 92 176 17 9 0
31 : 119 200 3 2 1
32 : 165 162 1 20 1
33 : 36 200 8 3 0
34 : 38 176 18 8 0
35 : 145 162 20 2 0
36 : 19 176 6 19 1
37 : 0 45 67 3 0
38 : 178 191 10 8 0
39 : 0 200 8 9 1
40 : 22 162 21 11 0
41 : 102 200 4 5 0
42 : 158 176 4 16 1
43 : 69 145 17 22 1
44 : 30 118 20 30 1
45 : 28 191 14 5 0
46 : 135 145 12 22 1
47 : 125 162 20 5 0
48 : 145 191 4 11 1
49 : 75 200 7 4 1
50 : 118 86 33 32 0
51 : 0 176 19 9 0
52 : 89 118 27 16 0
53 : 56 176 18 5 0
54 : 126 176 8 16 1
55 : 53 200 8 1 0
56 : 112 200 4 3 1
57 : 110 0 3 71 1
58 : 0 86 41 1 0
59 : 189 176 15 5 1
60 : 151 86 33 4 0
61 : 109 176 5 17 1
62 : 18 200 4 9 1
63 : 192 118 3 24 0
64 : 134 191 11 8 0
65 : 85 200 6 5 1
66 : 0 59 50 27 0
67 : 148 118 25 16 1
68 : 60 118 22 29 1
69 : 188 118 4 24 0
70 : 43 162 8 21 1
71 : 100 200 6 2 1
72 : 9 200 9 7 0
73 : 70 191 14 2 0
74 : 56 191 14 3 0
75 : 91 145 15 22 1
76 : 52 200 1 8 0
77 : 142 176 7 16 1
78 : 188 191 3 10 1
79 : 64 162 21 5 0
80 : 27 200 1 9 1
81 : 50 59 4 45 1
82 : 84 191 14 1 0
83 : 139 59 41 18 0
84 : 0 118 27 30 1
85 : 61 200 7 7 0
86 : 79 200 6 6 0
87 : 184 86 7 32 0
88 : 109 200 4 3 1
89 : 95 59 44 12 0
90 : 121 200 1 2 0
91 : 122 191 12 3 0
92 : 157 145 22 10 0
93 : 120 118 27 2 0
94 : 67 45 5 63 1
95 : 0 145 23 15 0
96 : 68 200 7 7 0
97 : 42 191 14 4 0
98 : 110 191 9 12 1
99 : 94 200 3 6 0
