300 352
0 : 0 0 2 3 1
1 : 3 0 18 12 0
2 : 21 0 14 5 0
3 : 35 0 11 6 1
4 : 41 0 12 16 1
5 : 57 0 6 44 1
6 : 101 0 2 10 0
7 : 103 0 2 23 1
8 : 126 0 52 6 0
9 : 178 0 12 39 1
10 : 217 0 7 26 1
11 : 243 0 10 13 1
12 : 256 0 19 3 0
13 : 0 12 59 12 0
14 : 59 12 2 14 1
15 : 73 12 8 4 1
16 : 77 12 39 39 0
17 : 116 12 14 24 0
18 : 130 12 20 19 1
19 : 149 12 4 4 0
20 : 153 12 18 14 1
21 : 167 12 12 23 0
22 : 179 12 30 12 1
23 : 191 12 1 2 0
24 : 192 12 2 11 0
25 : 194 12 5 26 0
26 : 199 12 9 16 0
27 : 208 12 65 32 0
28 : 273 12 23 19 1
29 : 292 12 5 19 0
30 : 0 51 10 14 1
31 : 14 51 6 30 1
32 : 44 51 31 1 0
33 : 75 51 16 5 0
34 : 91 51 26 6 0
35 : 117 51 8 3 1
36 : 120 51 7 15 1
37 : 135 51 2 2 0
38 : 137 51 1 24 1
39 : 161 51 9 50 1
40 : 211 51 7 2 1
41 : 213 51 20 14 0
42 : 233 51 22 6 0
43 : 255 51 3 4 0
44 : 258 51 2 4 0
45 : 260 51 7 2 1
46 : 0 65 22 48 1
47 : 48 65 67 26 0
48 : 115 65 22 23 0
49 : 137 65 39 14 0
50 : 176 65 7 29 1
51 : 205 65 13 45 1
52 : 250 65 22 2 1
53 : 252 65 14 5 1
54 : 257 65 19 29 1
55 : 286 65 8 2 1
56 : 0 91 46 23 0
57 : 46 91 22 9 1
58 : 55 91 7 14 0
59 : 62 91 1 33 1
60 : 95 91 25 9 0
61 : 120 91 13 4 1
62 : 124 91 23 29 1
63 : 153 91 11 31 1
64 : 184 91 14 3 1
65 : 187 91 1 2 0
66 : 188 91 7 25 1
67 : 213 91 28 7 0
68 : 241 91 20 22 0
69 : 261 91 15 4 1
70 : 265 91 4 25 1
71 : 290 91 9 4 1
72 : 0 114 23 16 0
73 : 23 114 14 19 1
74 : 42 114 10 34 1
75 : 76 114 9 9 0
76 : 85 114 2 4 0
77 : 87 114 103 7 0
78 : 190 114 4 3 1
79 : 193 114 11 37 1
80 : 230 114 8 3 1
81 : 233 114 4 26 1
82 : 259 114 14 2 1
83 : 261 114 8 15 0
84 : 0 130 13 44 1
85 : 44 130 40 2 0
86 : 84 130 12 38 1
87 : 122 130 39 13 0
88 : 161 130 4 16 1
89 : 177 130 2 37 1
90 : 214 130 4 3 1
91 : 217 130 6 9 0
92 : 223 130 13 4 0
93 : 236 130 12 15 1
94 : 251 130 22 2 0
95 : 273 130 7 13 0
96 : 0 143 13 35 1
97 : 35 143 29 48 1
98 : 83 143 9 1 1
99 : 84 143 30 3 0
100 : 114 143 11 31 1
101 : 145 143 21 2 1
102 : 147 143 4 4 0
103 : 151 143 14 1 1
104 : 152 143 1 9 0
105 : 153 143 9 12 0
106 : 162 143 2 40 1
107 : 202 143 22 18 1
108 : 220 143 8 17 0
109 : 228 143 13 1 1
110 : 229 143 22 28 0
111 : 251 143 8 36 1
112 : 287 143 3 7 0
113 : 0 172 18 15 0
114 : 18 172 14 21 1
115 : 39 172 24 45 1
116 : 84 172 4 2 1
117 : 86 172 22 14 1
118 : 100 172 95 1 0
119 : 195 172 26 68 1
120 : 263 172 15 4 1
121 : 267 172 5 7 0
122 : 0 198 46 38 0
123 : 46 198 4 1 1
124 : 47 198 4 5 0
125 : 51 198 58 2 0
126 : 109 198 14 8 1
127 : 117 198 17 47 1
128 : 164 198 15 15 0
129 : 179 198 6 18 0
130 : 185 198 9 17 0
131 : 194 198 16 2 1
132 : 196 198 9 6 1
133 : 202 198 7 7 0
134 : 209 198 14 4 1
135 : 213 198 5 22 0
136 : 218 198 12 15 0
137 : 230 198 11 5 1
138 : 235 198 9 14 0
139 : 244 198 33 13 1
140 : 257 198 8 4 1
141 : 261 198 28 7 1
142 : 0 236 17 59 1
143 : 59 236 4 37 1
144 : 96 236 9 1 1
145 : 97 236 6 9 0
146 : 103 236 20 8 0
147 : 123 236 24 1 0
148 : 147 236 14 54 1
149 : 201 236 49 10 0
150 : 250 236 14 8 1
151 : 258 236 9 18 1
152 : 276 236 4 7 0
153 : 280 236 9 16 0
154 : 0 253 25 37 1
155 : 37 253 32 29 0
156 : 69 253 8 4 1
157 : 73 253 2 15 0
158 : 75 253 61 5 0
159 : 136 253 4 22 0
160 : 140 253 8 15 0
161 : 148 253 19 25 0
162 : 167 253 4 21 0
163 : 171 253 5 19 0
164 : 176 253 19 24 0
165 : 195 253 14 17 0
166 : 209 253 7 3 1
167 : 212 253 29 3 0
168 : 241 253 15 4 1
169 : 245 253 10 12 0
170 : 255 253 43 9 0
171 : 0 282 14 3 0
172 : 14 282 2 3 0
173 : 16 282 20 4 0
174 : 36 282 22 62 1
175 : 98 282 17 17 0
176 : 115 282 26 2 0
177 : 141 282 15 12 1
178 : 153 282 2 36 1
179 : 189 282 32 50 1
180 : 239 282 5 22 0
181 : 244 282 16 8 1
182 : 252 282 14 30 0
183 : 266 282 5 2 1
184 : 268 282 1 2 0
185 : 269 282 8 3 1
186 : 272 282 30 7 1
187 : 279 282 4 9 0
188 : 283 282 9 3 1
189 : 286 282 14 3 1
190 : 0 314 42 14 0
191 : 42 314 34 9 0
192 : 76 314 4 11 0
193 : 80 314 38 72 1
194 : 152 314 6 1 1
195 : 153 314 3 5 0
196 : 156 314 10 8 1
197 : 164 314 12 12 0
198 : 176 314 4 12 0
199 : 180 314 13 61 1
