1000 627
0 : 994 76 94 6 1
1 : 630 146 22 1 1
2 : 117 603 25 23 0
3 : 425 560 2 13 0
4 : 167 596 7 6 1
5 : 134 154 16 133 1
6 : 275 590 37 13 0
7 : 851 330 42 91 1
8 : 810 593 32 7 0
9 : 584 493 4 53 1
10 : 677 443 27 10 0
11 : 427 537 57 16 0
12 : 953 451 32 2 0
13 : 963 318 2 3 0
14 : 215 349 31 41 0
15 : 886 307 22 1 1
16 : 450 256 1 103 1
17 : 204 324 4 4 0
18 : 503 490 7 62 1
19 : 585 597 41 5 0
20 : 484 603 24 19 0
21 : 942 330 50 59 0
22 : 942 0 69 42 1
23 : 105 390 67 63 0
24 : 428 0 168 76 0
25 : 538 537 19 52 1
26 : 681 329 1 2 1
27 : 497 424 29 79 1
28 : 358 600 31 3 0
29 : 317 537 18 58 1
30 : 194 595 5 18 1
31 : 132 573 23 41 1
32 : 802 254 3 69 1
33 : 572 593 9 10 0
34 : 92 306 112 22 0
35 : 920 603 11 19 0
36 : 0 0 202 57 0
37 : 597 603 14 24 0
38 : 368 330 60 77 1
39 : 319 450 48 3 0
40 : 973 497 40 25 1
41 : 637 493 4 14 1
42 : 548 573 37 20 0
43 : 517 497 69 26 0
44 : 488 573 28 29 0
45 : 28 603 17 32 1
46 : 385 162 9 119 1
47 : 853 565 40 4 0
48 : 125 522 15 61 1
49 : 634 557 48 16 0
50 : 517 523 14 55 1
51 : 754 603 15 19 0
52 : 581 212 34 113 1
53 : 356 171 94 81 0
54 : 939 537 53 15 0
55 : 47 565 8 31 1
56 : 941 62 1 14 0
57 : 723 352 36 36 0
58 : 172 452 1 1 0
59 : 965 327 3 33 1
60 : 572 485 12 5 0
61 : 572 474 12 11 0
62 : 704 443 24 9 0
63 : 810 573 20 32 1
64 : 237 390 82 39 0
65 : 736 476 21 72 1
66 : 454 596 34 6 0
67 : 0 445 56 8 0
68 : 536 603 25 15 0
69 : 998 257 66 2 1
70 : 656 471 18 79 1
71 : 814 537 29 39 1
72 : 450 215 41 115 1
73 : 775 164 104 6 0
74 : 590 537 44 25 0
75 : 783 603 15 18 0
76 : 713 530 49 7 0
77 : 802 232 22 95 1
78 : 368 562 8 6 1
79 : 129 596 7 38 1
80 : 942 69 7 42 1
81 : 92 257 49 116 1
82 : 677 402 69 41 0
83 : 864 372 69 18 0
84 : 817 531 5 50 1
85 : 167 603 23 24 0
86 : 238 249 91 8 0
87 : 494 390 34 83 1
88 : 973 603 9 8 1
89 : 950 588 13 33 1
90 : 424 603 32 11 0
91 : 687 528 9 26 1
92 : 408 418 22 3 1
93 : 798 603 18 14 1
94 : 632 76 143 54 0
95 : 775 76 133 58 0
96 : 917 573 15 36 1
97 : 278 489 6 38 1
98 : 535 386 71 4 0
99 : 884 569 9 4 0
100 : 0 330 17 125 1
101 : 264 559 7 14 0
102 : 316 489 8 17 1
103 : 422 573 26 32 1
104 : 345 473 17 12 0
105 : 629 352 29 94 1
106 : 572 523 14 14 0
107 : 101 537 22 59 1
108 : 0 388 75 2 0
109 : 865 603 10 21 0
110 : 775 402 48 4 1
111 : 580 603 17 22 0
112 : 0 486 77 11 0
113 : 125 349 90 39 0
114 : 581 246 126 10 0
115 : 427 599 27 4 0
116 : 617 573 32 24 0
117 : 317 562 11 51 1
118 : 984 0 70 16 1
119 : 321 497 70 27 0
120 : 190 603 22 25 1
121 : 878 401 4 48 0
122 : 509 529 5 8 1
123 : 957 603 11 12 0
124 : 273 327 3 33 1
125 : 724 603 19 16 1
126 : 759 330 42 92 1
127 : 202 0 28 226 1
128 : 333 603 22 23 0
129 : 349 489 11 8 0
130 : 939 552 49 15 0
131 : 195 254 3 39 1
132 : 691 297 94 32 0
133 : 149 453 68 40 0
134 : 988 566 4 1 0
135 : 228 559 36 14 0
136 : 312 590 10 6 1
137 : 667 603 22 14 1
138 : 307 323 67 7 0
139 : 503 453 21 81 1
140 : 202 41 28 148 1
141 : 0 537 36 47 1
142 : 912 497 22 61 1
143 : 629 381 62 9 0
144 : 790 297 5 22 0
145 : 271 76 95 114 1
146 : 656 453 18 80 1
147 : 983 390 61 15 1
148 : 867 535 35 2 0
149 : 808 476 3 15 0
150 : 356 252 5 67 1
151 : 895 52 47 9 0
152 : 484 556 50 17 0
153 : 516 573 32 25 0
154 : 988 552 4 14 0
155 : 329 249 24 8 0
156 : 0 245 122 12 0
157 : 775 134 123 30 0
158 : 405 440 6 12 0
159 : 66 535 2 59 1
160 : 319 390 92 28 0
161 : 488 328 53 2 0
162 : 822 603 12 20 0
163 : 632 130 41 140 1
164 : 780 595 29 6 0
165 : 66 497 59 38 0
166 : 396 28 32 13 0
167 : 682 573 15 38 1
168 : 898 603 18 12 1
169 : 682 600 3 38 1
170 : 244 573 31 30 0
171 : 137 254 58 3 0
172 : 423 252 5 25 1
173 : 691 381 32 7 0
174 : 0 573 25 43 1
175 : 584 482 11 72 1
176 : 204 306 4 18 0
177 : 626 597 23 6 0
178 : 385 524 9 6 1
179 : 882 402 71 38 0
180 : 0 57 10 202 1
181 : 606 386 14 4 0
182 : 173 595 5 21 1
183 : 895 573 29 22 1
184 : 119 347 42 6 1
185 : 435 453 35 68 1
186 : 318 573 40 20 0
187 : 992 330 59 6 1
188 : 877 482 11 68 1
189 : 810 600 24 3 0
190 : 272 568 3 45 1
191 : 331 347 40 32 1
192 : 873 573 29 22 1
193 : 362 483 14 70 1
194 : 682 557 1 16 0
195 : 817 497 50 34 0
196 : 246 384 6 76 1
197 : 173 573 22 40 1
198 : 402 326 75 4 0
199 : 271 559 1 14 0
200 : 350 72 61 4 0
201 : 944 440 9 11 0
202 : 246 330 122 17 0
203 : 488 257 99 56 0
204 : 691 257 40 104 1
205 : 246 238 11 105 1
206 : 683 561 45 12 0
207 : 358 573 32 27 0
208 : 126 75 1 18 1
209 : 267 154 14 4 1
210 : 202 69 130 7 0
211 : 583 556 16 7 1
212 : 998 241 2 6 0
213 : 261 534 3 46 1
214 : 677 390 102 12 0
215 : 913 171 86 70 0
216 : 122 245 15 12 0
217 : 756 52 10 139 1
218 : 867 497 38 45 1
219 : 475 553 8 20 0
220 : 707 246 9 8 1
221 : 643 603 24 12 0
222 : 795 307 22 91 1
223 : 504 146 22 126 1
224 : 87 347 43 32 1
225 : 647 330 112 22 0
226 : 362 453 73 30 0
227 : 213 573 31 30 0
228 : 694 212 34 19 1
229 : 993 599 7 4 0
230 : 992 537 36 6 1
231 : 759 372 17 105 1
232 : 933 372 17 9 1
233 : 585 573 32 24 0
234 : 785 297 33 5 1
235 : 375 537 52 23 0
236 : 78 565 8 23 1
237 : 360 489 8 2 1
238 : 887 318 10 76 1
239 : 965 257 70 33 1
240 : 649 573 33 22 0
241 : 375 560 13 50 1
242 : 842 573 21 31 1
243 : 215 603 19 27 1
244 : 571 313 17 13 1
245 : 878 449 4 4 0
246 : 390 599 4 37 1
247 : 488 313 15 83 1
248 : 445 375 85 15 0
249 : 795 257 50 92 1
250 : 999 171 66 1 1
251 : 0 257 92 73 0
252 : 586 525 11 39 1
253 : 38 533 4 28 1
254 : 186 522 10 14 0
255 : 172 390 62 65 1
256 : 882 440 62 13 0
257 : 374 323 28 5 0
258 : 877 493 53 4 0
259 : 134 76 78 137 1
260 : 625 525 12 27 1
261 : 728 443 18 10 0
262 : 484 537 19 54 1
263 : 983 588 14 6 1
264 : 651 493 5 4 0
265 : 0 75 126 1 0
266 : 945 453 44 51 1
267 : 981 603 9 8 1
268 : 584 453 72 29 0
269 : 653 528 9 34 1
270 : 740 603 14 20 0
271 : 246 347 37 85 1
272 : 319 418 22 89 1
273 : 604 168 16 2 0
274 : 390 573 26 32 1
275 : 333 494 16 3 0
276 : 85 603 32 16 0
277 : 80 453 69 40 0
278 : 272 537 31 45 1
279 : 535 352 34 94 1
280 : 445 330 90 45 0
281 : 893 559 43 14 0
282 : 137 171 78 109 1
283 : 735 471 26 1 1
284 : 811 453 32 66 1
285 : 333 489 5 16 1
286 : 516 598 30 5 0
287 : 681 603 23 13 1
288 : 278 473 16 67 1
289 : 756 62 109 14 0
290 : 125 497 72 25 0
291 : 886 603 12 18 0
292 : 590 562 6 44 1
293 : 170 67 32 9 0
294 : 548 593 10 24 1
295 : 871 254 26 3 0
296 : 411 424 25 86 1
297 : 307 319 4 95 1
298 : 577 405 65 47 0
299 : 653 497 60 31 0
300 : 65 595 5 22 1
301 : 984 70 16 6 0
302 : 779 390 11 103 1
303 : 331 387 3 32 1
304 : 450 171 131 44 0
305 : 475 488 27 9 0
306 : 432 483 3 2 0
307 : 746 402 49 29 1
308 : 811 485 56 12 0
309 : 138 493 4 47 1
310 : 0 390 26 105 1
311 : 319 440 86 10 0
312 : 137 249 5 101 1
313 : 160 537 57 22 0
314 : 943 603 14 14 0
315 : 802 171 61 111 1
316 : 837 401 50 41 1
317 : 817 536 50 1 0
318 : 381 524 13 4 1
319 : 837 451 2 39 1
320 : 504 168 2 100 1
321 : 611 603 18 18 0
322 : 953 402 49 30 1
323 : 774 566 48 6 0
324 : 307 257 95 62 0
325 : 908 170 68 1 0
326 : 0 347 41 87 1
327 : 77 486 10 3 1
328 : 756 44 8 146 1
329 : 694 603 21 15 1
330 : 101 559 47 13 0
331 : 530 375 14 5 1
332 : 867 485 12 8 1
333 : 411 72 14 4 0
334 : 88 573 23 44 1
335 : 274 603 33 13 0
336 : 706 489 29 8 0
337 : 0 166 130 5 0
338 : 917 588 15 33 1
339 : 893 537 22 46 1
340 : 402 257 69 86 1
341 : 411 449 61 4 0
342 : 278 495 2 38 1
343 : 756 0 39 186 1
344 : 477 326 8 4 0
345 : 385 76 119 86 0
346 : 427 553 48 19 0
347 : 856 603 22 9 1
348 : 208 327 65 3 0
349 : 198 328 10 2 0
350 : 391 497 33 63 1
351 : 508 603 28 14 0
352 : 0 603 23 28 1
353 : 148 559 40 14 0
354 : 581 256 43 1 0
355 : 565 490 6 18 1
356 : 774 537 29 40 1
357 : 502 488 1 9 0
358 : 918 39 4 24 1
359 : 0 528 38 9 0
360 : 642 405 34 45 0
361 : 208 257 99 58 0
362 : 80 493 4 58 1
363 : 590 568 42 5 0
364 : 586 497 67 28 0
365 : 772 130 41 3 1
366 : 875 603 11 19 0
367 : 217 537 55 22 0
368 : 629 603 14 22 0
369 : 492 529 17 5 0
370 : 902 44 8 40 1
371 : 435 488 9 40 1
372 : 993 573 7 26 0
373 : 877 453 68 29 0
374 : 930 493 4 13 1
375 : 0 453 33 80 1
376 : 642 450 35 3 0
377 : 0 416 77 29 0
378 : 398 603 26 18 0
379 : 391 530 5 61 1
380 : 908 76 86 94 0
381 : 363 347 42 5 1
382 : 596 0 66 160 1
383 : 842 594 31 9 0
384 : 261 497 37 60 1
385 : 812 603 10 22 0
386 : 709 603 15 20 0
387 : 275 573 43 17 0
388 : 43 573 45 22 0
389 : 779 401 52 58 1
390 : 318 593 40 10 0
391 : 897 232 24 16 1
392 : 535 330 112 22 0
393 : 376 603 22 22 0
394 : 75 388 2 12 1
395 : 910 603 10 20 0
396 : 142 603 25 22 0
397 : 596 66 10 150 1
398 : 649 595 4 33 1
399 : 587 257 50 104 1
400 : 565 215 40 15 1
401 : 0 171 53 137 1
402 : 989 573 4 30 0
403 : 713 497 56 33 0
404 : 454 497 32 63 1
405 : 472 449 4 14 1
406 : 581 171 134 41 0
407 : 561 603 19 20 0
408 : 762 530 5 7 0
409 : 47 537 28 54 1
410 : 968 603 14 5 1
411 : 996 453 42 4 1
412 : 953 573 36 15 0
413 : 587 307 94 23 0
414 : 454 573 34 23 0
415 : 775 450 3 4 1
416 : 656 489 50 8 0
417 : 185 493 32 4 0
418 : 912 519 18 61 1
419 : 317 555 58 7 0
420 : 426 41 24 2 1
421 : 736 453 23 75 1
422 : 351 238 11 2 1
423 : 756 39 162 5 0
424 : 278 453 84 20 0
425 : 246 171 110 67 0
426 : 746 66 10 9 0
427 : 234 254 3 4 1
428 : 456 603 28 15 0
429 : 769 603 14 20 0
430 : 367 450 3 38 1
431 : 577 390 15 100 1
432 : 332 69 18 7 0
433 : 0 598 5 42 1
434 : 350 41 76 31 0
435 : 0 67 8 170 1
436 : 56 445 21 5 0
437 : 939 567 5 51 1
438 : 728 560 13 45 1
439 : 242 603 14 32 1
440 : 60 603 25 24 0
441 : 887 257 78 61 0
442 : 620 386 9 4 0
443 : 882 390 12 101 1
444 : 135 224 21 1 1
445 : 0 224 135 21 0
446 : 385 533 6 4 0
447 : 853 537 28 40 1
448 : 0 76 134 90 0
449 : 534 556 49 17 0
450 : 769 497 40 48 1
451 : 197 497 33 64 1
452 : 411 390 34 83 1
453 : 125 388 2 80 1
454 : 208 315 95 12 0
455 : 754 573 26 26 0
456 : 77 416 26 37 0
457 : 720 591 33 11 0
458 : 355 603 23 21 1
459 : 879 164 7 29 1
460 : 834 603 11 20 0
461 : 321 524 13 60 1
462 : 759 389 2 1 0
463 : 188 559 40 14 0
464 : 780 573 30 22 0
465 : 683 537 24 45 1
466 : 43 595 6 22 1
467 : 0 497 66 31 0
468 : 322 384 9 6 0
469 : 217 453 44 61 1
470 : 134 170 1 59 1
471 : 237 429 24 81 1
472 : 307 603 19 26 1
473 : 125 330 19 121 1
474 : 728 537 46 23 0
475 : 822 566 6 31 1
476 : 88 596 5 41 1
477 : 931 603 12 18 0
478 : 913 241 15 85 1
479 : 38 528 5 28 1
480 : 715 171 86 87 1
481 : 682 588 36 12 0
482 : 197 530 64 7 0
483 : 130 166 5 4 1
484 : 720 573 34 18 0
485 : 898 134 30 10 1
486 : 202 28 194 13 0
487 : 454 529 38 6 0
488 : 999 237 1 4 0
489 : 92 328 106 2 0
490 : 845 603 11 20 0
491 : 303 315 4 12 0
492 : 681 307 22 10 1
493 : 504 76 70 128 1
494 : 865 62 14 76 1
495 : 853 569 4 31 1
496 : 996 495 2 4 1
497 : 503 474 69 16 0
498 : 634 537 20 49 1
499 : 887 328 2 50 1
