1000 696
0 : 0 0 94 6 0
1 : 94 0 22 1 0
2 : 116 0 25 23 0
3 : 141 0 2 13 0
4 : 143 0 7 6 1
5 : 149 0 16 133 1
6 : 282 0 37 13 0
7 : 319 0 42 91 1
8 : 410 0 32 7 1
9 : 417 0 4 53 1
10 : 470 0 27 10 1
11 : 480 0 57 16 0
12 : 537 0 32 2 1
13 : 539 0 2 3 0
14 : 541 0 31 41 0
15 : 572 0 22 1 1
16 : 573 0 1 103 1
17 : 676 0 4 4 0
18 : 680 0 7 62 1
19 : 742 0 41 5 1
20 : 747 0 24 19 1
21 : 766 0 50 59 1
22 : 825 0 69 42 0
23 : 894 0 67 63 0
24 : 0 63 168 76 0
25 : 94 1 19 52 0
26 : 572 22 1 2 0
27 : 0 6 29 79 1
28 : 113 1 31 3 1
29 : 825 42 18 58 1
30 : 742 41 5 18 0
31 : 282 13 23 41 0
32 : 319 42 3 69 1
33 : 282 54 9 10 1
34 : 149 16 112 22 0
35 : 883 42 11 19 0
36 : 168 63 202 57 0
37 : 79 6 14 24 0
38 : 573 1 60 77 1
39 : 825 60 48 3 0
40 : 116 23 40 25 1
41 : 79 30 4 14 1
42 : 650 1 37 20 1
43 : 0 35 69 26 0
44 : 961 0 28 29 0
45 : 747 24 17 32 0
46 : 149 38 9 119 1
47 : 676 4 40 4 1
48 : 319 45 15 61 1
49 : 149 47 48 16 0
50 : 197 47 14 55 1
51 : 261 16 15 19 0
52 : 370 63 34 113 1
53 : 483 63 94 81 0
54 : 480 16 53 15 0
55 : 470 27 8 31 0
56 : 79 34 1 14 1
57 : 417 4 36 36 0
58 : 742 59 1 1 0
59 : 319 60 3 33 1
60 : 292 54 12 5 0
61 : 989 0 12 11 1
62 : 252 47 24 9 0
63 : 417 40 20 32 1
64 : 577 63 82 39 0
65 : 659 63 21 72 0
66 : 670 1 34 6 1
67 : 766 50 56 8 0
68 : 380 45 25 15 0
69 : 0 61 66 2 0
70 : 680 63 18 79 0
71 : 961 29 29 39 1
72 : 698 63 41 115 1
73 : 813 63 104 6 0
74 : 480 31 44 25 0
75 : 449 40 15 18 0
76 : 305 13 49 7 1
77 : 0 144 22 95 1
78 : 276 47 8 6 1
79 : 480 56 7 38 1
80 : 312 13 7 42 0
81 : 95 144 49 116 1
82 : 577 102 69 41 0
83 : 698 104 69 18 0
84 : 766 58 5 50 1
85 : 650 38 23 24 0
86 : 698 122 91 8 0
87 : 370 97 34 83 1
88 : 268 38 9 8 0
89 : 646 102 13 33 0
90 : 524 31 32 11 1
91 : 646 135 9 26 1
92 : 388 42 22 3 0
93 : 453 4 18 14 1
94 : 211 144 143 54 0
95 : 354 144 133 58 0
96 : 767 104 15 36 1
97 : 143 7 6 38 0
98 : 0 139 71 4 0
99 : 816 58 9 4 0
100 : 168 120 17 125 1
101 : 747 56 7 14 1
102 : 803 104 8 17 0
103 : 453 97 26 32 0
104 : 453 22 17 12 0
105 : 813 69 29 94 1
106 : 541 41 14 14 0
107 : 293 120 22 59 1
108 : 573 61 75 2 0
109 : 94 53 10 21 1
110 : 71 139 48 4 0
111 : 555 41 17 22 0
112 : 370 131 77 11 0
113 : 813 98 90 39 0
114 : 487 144 126 10 0
115 : 479 97 27 4 1
116 : 680 7 32 24 0
117 : 698 130 11 51 1
118 : 917 63 70 16 0
119 : 917 79 70 27 0
120 : 69 35 22 25 0
121 : 119 139 4 48 1
122 : 470 58 5 8 1
123 : 989 12 11 12 0
124 : 767 119 3 33 1
125 : 352 120 19 16 1
126 : 613 144 42 92 1
127 : 705 144 28 226 1
128 : 712 7 22 23 0
129 : 541 55 11 8 0
130 : 680 31 49 15 0
131 : 698 141 3 39 1
132 : 0 202 94 32 0
133 : 931 144 68 40 0
134 : 167 139 4 1 1
135 : 903 98 36 14 1
136 : 453 34 10 6 0
137 : 749 130 22 14 0
138 : 813 137 67 7 0
139 : 917 106 21 81 1
140 : 705 172 28 148 1
141 : 0 166 36 47 1
142 : 853 172 22 61 1
143 : 95 193 62 9 0
144 : 276 16 5 22 0
145 : 94 202 95 114 1
146 : 487 154 18 80 1
147 : 680 46 61 15 0
148 : 478 27 35 2 1
149 : 261 35 3 15 1
150 : 853 194 5 67 1
151 : 157 193 47 9 0
152 : 931 184 50 17 0
153 : 47 166 32 25 0
154 : 533 16 4 14 0
155 : 789 122 24 8 0
156 : 487 172 122 12 0
157 : 208 202 123 30 0
158 : 143 45 6 12 0
159 : 293 142 2 59 1
160 : 331 202 92 28 1
161 : 197 61 53 2 0
162 : 914 172 12 20 0
163 : 359 202 41 140 1
164 : 252 56 29 6 0
165 : 499 202 59 38 1
166 : 447 131 32 13 0
167 : 567 154 15 38 1
168 : 981 184 18 12 0
169 : 567 169 3 38 1
170 : 537 202 31 30 1
171 : 853 199 58 3 0
172 : 961 58 5 25 1
173 : 880 137 32 7 0
174 : 567 202 25 43 0
175 : 917 127 11 72 1
176 : 676 44 4 18 0
177 : 464 40 23 6 1
178 : 204 193 9 6 1
179 : 592 202 71 38 1
180 : 630 202 10 202 1
181 : 986 58 14 4 0
182 : 926 172 5 21 0
183 : 832 202 29 22 1
184 : 917 138 42 6 0
185 : 854 202 35 68 0
186 : 889 202 40 20 1
187 : 168 137 59 6 0
188 : 613 186 11 68 1
189 : 673 38 24 3 1
190 : 352 60 3 45 1
191 : 909 202 40 32 1
192 : 941 202 29 22 1
193 : 487 184 14 70 1
194 : 712 30 1 16 1
195 : 963 202 50 34 1
196 : 0 297 6 76 1
197 : 567 245 22 40 0
198 : 613 197 75 4 0
199 : 986 62 1 14 1
200 : 487 198 61 4 0
201 : 989 127 9 11 0
202 : 359 243 122 17 0
203 : 208 232 99 56 0
204 : 630 212 40 104 1
205 : 359 260 11 105 1
206 : 557 184 45 12 0
207 : 854 270 32 27 0
208 : 281 16 1 18 0
209 : 688 197 14 4 0
210 : 359 271 130 7 0
211 : 605 154 16 7 1
212 : 605 170 2 6 1
213 : 997 202 3 46 0
214 : 359 278 102 12 0
215 : 76 297 86 70 0
216 : 729 31 15 12 1
217 : 630 252 10 139 1
218 : 889 242 38 45 0
219 : 734 7 8 20 0
220 : 672 135 9 8 1
221 : 567 285 24 12 0
222 : 734 212 22 91 1
223 : 630 262 22 126 1
224 : 963 252 43 32 1
225 : 162 297 112 22 0
226 : 756 262 73 30 0
227 : 499 261 31 30 0
228 : 592 273 34 19 0
229 : 734 27 7 4 0
230 : 959 138 36 6 0
231 : 274 297 17 105 1
232 : 681 186 17 9 0
233 : 307 232 32 24 1
234 : 592 292 33 5 0
235 : 537 233 52 23 1
236 : 537 285 8 23 1
237 : 883 61 8 2 0
238 : 630 284 10 76 1
239 : 0 234 70 33 0
240 : 307 264 33 22 1
241 : 706 284 13 50 1
242 : 70 234 21 31 0
243 : 832 231 19 27 0
244 : 481 243 17 13 0
245 : 743 59 4 4 0
246 : 557 196 4 37 1
247 : 734 234 15 83 1
248 : 0 267 85 15 0
249 : 379 297 50 92 1
250 : 577 143 66 1 0
251 : 471 297 92 73 0
252 : 987 63 11 39 0
253 : 499 291 4 28 1
254 : 817 234 10 14 0
255 : 563 297 62 65 0
256 : 0 282 62 13 0
257 : 410 32 28 5 1
258 : 756 292 53 4 0
259 : 625 297 78 137 1
260 : 461 278 12 27 1
261 : 907 69 18 10 1
262 : 941 231 19 54 0
263 : 981 196 14 6 0
264 : 625 292 5 4 0
265 : 0 143 126 1 0
266 : 762 297 44 51 0
267 : 907 87 9 8 0
268 : 806 297 72 29 1
269 : 889 287 9 34 1
270 : 62 282 14 20 1
271 : 835 297 37 85 1
272 : 0 375 22 89 1
273 : 681 195 16 2 0
274 : 762 348 26 32 1
275 : 467 4 16 3 1
276 : 79 166 32 16 1
277 : 835 334 69 40 0
278 : 0 303 31 45 0
279 : 162 319 34 94 1
280 : 274 314 90 45 0
281 : 364 314 43 14 1
282 : 89 375 78 109 1
283 : 93 6 26 1 1
284 : 31 303 32 66 0
285 : 405 45 5 16 0
286 : 31 369 30 5 0
287 : 771 130 23 13 0
288 : 274 359 16 67 1
289 : 162 353 109 14 0
290 : 379 347 72 25 0
291 : 941 285 12 18 1
292 : 560 233 6 44 0
293 : 47 191 32 9 0
294 : 794 348 10 24 0
295 : 886 270 26 3 1
296 : 198 375 25 86 1
297 : 211 198 4 95 1
298 : 920 297 65 47 0
299 : 920 344 60 31 0
300 : 809 292 5 22 1
301 : 594 196 16 6 0
302 : 284 375 11 103 1
303 : 417 60 3 32 1
304 : 387 375 131 44 0
305 : 464 260 27 9 0
306 : 66 61 3 2 0
307 : 518 375 49 29 1
308 : 563 362 56 12 0
309 : 306 198 4 47 1
310 : 547 375 26 105 1
311 : 652 375 86 10 0
312 : 359 290 5 101 1
313 : 738 375 57 22 1
314 : 794 130 14 14 0
315 : 760 375 61 111 1
316 : 871 375 50 41 1
317 : 931 201 50 1 0
318 : 292 59 13 4 0
319 : 995 252 2 39 0
320 : 705 200 2 100 1
321 : 451 347 18 18 0
322 : 912 375 49 30 1
323 : 227 137 48 6 0
324 : 0 453 95 62 0
325 : 835 374 68 1 0
326 : 0 397 41 87 1
327 : 873 60 10 3 0
328 : 76 367 8 146 1
329 : 738 432 21 15 0
330 : 985 297 47 13 1
331 : 808 130 14 5 1
332 : 602 184 12 8 1
333 : 79 198 14 4 0
334 : 387 419 23 44 1
335 : 341 359 33 13 0
336 : 222 367 29 8 0
337 : 95 453 130 5 0
338 : 256 319 15 33 0
339 : 431 419 22 46 1
340 : 225 453 69 86 1
341 : 471 370 61 4 0
342 : 87 397 2 38 0
343 : 311 453 39 186 1
344 : 548 198 8 4 0
345 : 497 453 119 86 0
346 : 942 375 48 19 0
347 : 387 442 22 9 0
348 : 630 294 65 3 0
349 : 914 192 10 2 0
350 : 198 400 33 63 1
351 : 980 344 28 14 1
352 : 261 400 23 28 0
353 : 904 334 40 14 1
354 : 566 233 43 1 1
355 : 275 137 6 18 1
356 : 477 419 29 40 1
357 : 268 46 1 9 1
358 : 532 370 4 24 1
359 : 431 441 38 9 0
360 : 942 394 34 45 0
361 : 284 386 99 58 0
362 : 383 386 4 58 0
363 : 769 252 42 5 0
364 : 547 401 67 28 0
365 : 431 450 41 3 0
366 : 409 442 11 19 1
367 : 976 394 55 22 1
368 : 942 439 14 22 1
369 : 352 139 17 5 0
370 : 927 242 8 40 0
371 : 208 288 9 40 1
372 : 530 261 7 26 0
373 : 652 385 68 29 0
374 : 374 359 4 13 0
375 : 652 414 33 80 1
376 : 589 245 35 3 1
377 : 616 453 77 29 1
378 : 720 385 26 18 1
379 : 769 257 5 61 1
380 : 645 453 86 94 1
381 : 935 242 42 5 1
382 : 739 453 66 160 1
383 : 248 288 31 9 0
384 : 899 453 37 60 0
385 : 0 348 10 22 0
386 : 10 348 15 20 0
387 : 198 433 43 17 0
388 : 547 429 45 22 0
389 : 936 453 52 58 0
390 : 241 433 40 10 0
391 : 518 424 24 16 0
392 : 0 539 112 22 0
393 : 832 258 22 22 0
394 : 364 357 2 12 1
395 : 451 365 10 20 1
396 : 912 424 25 22 0
397 : 739 519 10 150 1
398 : 460 290 4 33 1
399 : 95 458 50 104 1
400 : 871 425 40 15 0
401 : 112 539 53 137 1
402 : 994 344 4 30 0
403 : 311 492 56 33 0
404 : 367 492 32 63 1
405 : 481 256 4 14 1
406 : 249 539 134 41 0
407 : 899 513 19 20 0
408 : 761 56 5 7 0
409 : 430 492 28 54 1
410 : 449 58 14 5 0
411 : 241 443 42 4 0
412 : 367 524 36 15 0
413 : 0 515 94 23 0
414 : 614 401 34 23 0
415 : 702 197 3 4 0
416 : 311 525 50 8 0
417 : 614 424 32 4 0
418 : 430 520 18 61 1
419 : 284 444 58 7 0
420 : 453 129 24 2 0
421 : 95 508 23 75 1
422 : 695 294 11 2 0
423 : 383 539 162 5 0
424 : 545 539 84 20 0
425 : 629 539 110 67 0
426 : 889 519 10 9 0
427 : 527 291 3 4 0
428 : 199 458 28 15 1
429 : 832 280 14 20 1
430 : 198 450 3 38 1
431 : 760 436 15 100 1
432 : 560 277 18 7 1
433 : 241 447 5 42 1
434 : 739 539 76 31 0
435 : 815 539 8 170 1
436 : 811 252 21 5 0
437 : 311 533 5 51 1
438 : 63 303 13 45 0
439 : 0 438 14 32 1
440 : 592 429 25 24 0
441 : 0 606 78 61 0
442 : 923 287 9 4 1
443 : 112 592 12 101 1
444 : 771 143 21 1 0
445 : 815 547 135 21 0
446 : 493 290 6 4 0
447 : 936 511 28 40 1
448 : 78 606 134 90 0
449 : 225 522 49 17 0
450 : 545 559 40 48 1
451 : 739 570 33 64 1
452 : 0 561 34 83 1
453 : 112 604 2 80 1
454 : 249 580 95 12 0
455 : 83 561 26 26 0
456 : 593 559 26 37 0
457 : 803 570 33 11 1
458 : 199 486 23 21 0
459 : 912 446 7 29 1
460 : 214 458 11 20 0
461 : 985 539 13 60 0
462 : 478 62 2 1 0
463 : 32 438 40 14 0
464 : 617 429 30 22 0
465 : 170 508 24 45 1
466 : 825 212 6 22 0
467 : 815 568 66 31 0
468 : 489 271 9 6 0
469 : 383 544 44 61 0
470 : 430 538 1 59 1
471 : 881 568 24 81 1
472 : 83 587 19 26 1
473 : 212 606 19 121 1
474 : 427 544 46 23 0
475 : 732 414 6 31 0
476 : 477 448 5 41 1
477 : 976 511 12 18 0
478 : 427 567 15 85 1
479 : 806 369 5 28 1
480 : 333 606 86 87 0
481 : 344 580 36 12 0
482 : 815 599 64 7 0
483 : 646 424 5 4 0
484 : 950 547 34 18 0
485 : 619 559 30 10 1
486 : 419 606 194 13 0
487 : 545 599 38 6 0
488 : 533 30 1 4 1
489 : 760 451 106 2 0
490 : 63 348 11 20 0
491 : 609 172 4 12 0
492 : 215 508 22 10 1
493 : 613 606 70 128 1
494 : 881 592 14 76 1
495 : 170 532 4 31 1
496 : 93 198 2 4 0
497 : 473 544 69 16 0
498 : 427 582 20 49 1
499 : 141 13 2 50 0
