200 129
0 : 41 121 4 6 1
1 : 184 125 2 4 1
2 : 0 0 110 45 0
3 : 106 128 1 15 1
4 : 180 125 2 4 1
5 : 42 125 6 3 0
6 : 41 128 1 27 1
7 : 150 116 4 23 1
8 : 170 88 9 14 0
9 : 135 128 1 11 1
10 : 145 125 15 2 0
11 : 130 45 18 24 0
12 : 146 128 8 1 0
13 : 25 72 15 40 1
14 : 135 102 7 14 1
15 : 14 121 11 4 0
16 : 170 128 1 2 1
17 : 61 125 37 2 0
18 : 192 45 20 8 1
19 : 179 88 12 9 1
20 : 110 72 15 15 0
21 : 22 88 14 20 1
22 : 99 116 4 27 1
23 : 88 128 1 18 1
24 : 0 88 22 14 0
25 : 96 102 23 7 0
26 : 48 125 5 3 0
27 : 88 110 5 22 1
28 : 172 102 6 25 1
29 : 125 72 14 58 1
30 : 183 72 17 9 0
31 : 188 125 3 2 0
32 : 68 128 1 20 1
33 : 197 102 8 3 1
34 : 0 102 18 8 0
35 : 125 125 20 2 0
36 : 0 110 6 19 1
37 : 123 121 67 3 0
38 : 45 102 10 8 0
39 : 55 102 8 9 1
40 : 108 88 21 11 0
41 : 47 121 4 5 1
42 : 173 116 4 16 1
43 : 148 45 17 22 0
44 : 59 45 20 30 1
45 : 186 110 14 5 0
46 : 86 88 12 22 1
47 : 131 110 20 5 0
48 : 189 116 4 11 1
49 : 34 121 7 4 0
50 : 110 0 33 32 1
51 : 151 88 19 9 0
52 : 165 45 27 16 0
53 : 151 110 18 5 0
54 : 18 102 8 16 1
55 : 154 128 8 1 0
56 : 53 125 4 3 0
57 : 52 121 3 71 1
58 : 0 128 41 1 0
59 : 0 116 15 5 0
60 : 66 116 33 4 0
61 : 169 110 5 17 1
62 : 25 121 4 9 1
63 : 0 125 3 24 1
64 : 34 102 11 8 0
65 : 15 116 6 5 0
66 : 142 0 50 27 0
67 : 0 72 25 16 0
68 : 30 45 22 29 1
69 : 126 116 4 24 1
70 : 192 0 8 21 0
71 : 174 125 6 2 0
72 : 149 102 9 7 0
73 : 160 125 14 2 0
74 : 197 88 14 3 1
75 : 88 72 15 22 1
76 : 162 128 1 8 1
77 : 119 102 7 16 1
78 : 190 121 3 10 1
79 : 110 110 21 5 0
80 : 191 125 1 9 1
81 : 21 116 4 45 1
82 : 121 128 14 1 0
83 : 89 45 41 18 0
84 : 0 45 27 30 1
85 : 165 102 7 7 0
86 : 19 110 6 6 0
87 : 64 102 7 32 1
88 : 57 125 4 3 0
89 : 42 88 44 12 0
90 : 172 128 1 2 1
91 : 24 125 12 3 0
92 : 129 88 22 10 0
93 : 98 125 27 2 0
94 : 25 110 5 63 1
95 : 65 72 23 15 0
96 : 158 102 7 7 0
97 : 0 121 14 4 0
98 : 188 88 9 12 0
99 : 36 125 3 6 1
