200 113
0 : 170 105 4 6 0
1 : 115 67 2 4 0
2 : 0 0 110 45 0
3 : 199 0 1 15 0
4 : 56 68 2 4 0
5 : 185 105 6 3 1
6 : 88 71 1 27 1
7 : 67 105 4 23 1
8 : 191 90 9 14 0
9 : 191 33 1 11 0
10 : 136 103 15 2 0
11 : 71 72 18 24 1
12 : 187 88 8 1 0
13 : 147 45 15 40 1
14 : 157 93 7 14 1
15 : 33 84 11 4 0
16 : 44 69 1 2 0
17 : 142 87 37 2 0
18 : 0 63 20 8 0
19 : 45 59 12 9 0
20 : 105 90 15 15 0
21 : 85 90 14 20 1
22 : 88 67 4 27 1
23 : 147 71 1 18 1
24 : 63 90 22 14 0
25 : 117 65 23 7 0
26 : 188 98 5 3 1
27 : 195 67 5 22 0
28 : 20 63 6 25 1
29 : 0 45 14 58 1
30 : 151 27 17 9 1
31 : 189 93 3 2 1
32 : 0 71 1 20 1
33 : 174 105 8 3 0
34 : 0 95 18 8 0
35 : 171 103 20 2 0
36 : 34 95 6 19 1
37 : 0 105 67 3 0
38 : 90 105 10 8 0
39 : 100 105 8 9 1
40 : 147 60 21 11 0
41 : 58 101 4 5 1
42 : 109 105 4 16 1
43 : 120 72 17 22 1
44 : 117 45 20 30 1
45 : 157 100 14 5 0
46 : 160 33 12 22 1
47 : 136 98 20 5 0
48 : 45 68 4 11 1
49 : 166 105 7 4 1
50 : 160 0 33 32 1
51 : 168 60 19 9 0
52 : 44 72 27 16 0
53 : 171 93 18 5 0
54 : 18 95 8 16 1
55 : 191 104 8 1 0
56 : 182 69 4 3 0
57 : 120 90 3 71 1
58 : 63 104 41 1 0
59 : 120 100 15 5 0
60 : 0 84 33 4 0
61 : 171 98 5 17 1
62 : 53 95 4 9 1
63 : 20 69 3 24 1
64 : 192 32 11 8 1
65 : 161 105 6 5 1
66 : 110 0 50 27 0
67 : 95 72 25 16 0
68 : 88 45 22 29 1
69 : 34 101 4 24 1
70 : 187 67 8 21 0
71 : 151 103 6 2 0
72 : 125 105 9 7 0
73 : 95 88 14 2 0
74 : 168 69 14 3 0
75 : 165 72 15 22 1
76 : 57 59 1 8 0
77 : 120 93 7 16 1
78 : 197 57 3 10 0
79 : 136 93 21 5 0
80 : 151 44 1 9 1
81 : 0 59 4 45 1
82 : 199 15 14 1 1
83 : 110 27 41 18 0
84 : 58 45 27 30 1
85 : 140 65 7 7 0
86 : 155 105 6 6 0
87 : 192 0 7 32 0
88 : 188 105 4 3 1
89 : 0 72 44 12 0
90 : 115 71 1 2 1
91 : 197 45 12 3 1
92 : 187 45 22 10 1
93 : 0 103 27 2 0
94 : 0 90 5 63 1
95 : 142 72 23 15 0
96 : 148 105 7 7 0
97 : 134 105 14 4 0
98 : 182 33 9 12 0
99 : 182 105 3 6 0
