1000 644
0 : 994 225 94 6 1
1 : 617 133 22 1 0
2 : 708 595 25 23 1
3 : 467 133 2 13 1
4 : 265 619 7 6 0
5 : 794 110 16 133 1
6 : 887 169 37 13 1
7 : 565 320 42 91 1
8 : 500 587 32 7 0
9 : 0 315 4 53 1
10 : 611 595 27 10 1
11 : 718 475 57 16 0
12 : 293 553 32 2 0
13 : 248 489 2 3 0
14 : 586 555 31 41 1
15 : 756 56 22 1 0
16 : 514 133 1 103 1
17 : 66 591 4 4 0
18 : 992 57 7 62 0
19 : 887 265 41 5 1
20 : 813 595 24 19 1
21 : 405 492 50 59 0
22 : 657 406 69 42 1
23 : 0 492 67 63 0
24 : 186 57 168 76 0
25 : 725 492 19 52 0
26 : 225 38 1 2 0
27 : 248 406 29 79 0
28 : 775 489 31 3 0
29 : 545 492 18 58 0
30 : 606 401 5 18 1
31 : 627 555 23 41 1
32 : 778 54 3 69 1
33 : 687 545 9 10 0
34 : 268 193 112 22 0
35 : 885 206 11 19 1
36 : 226 0 202 57 0
37 : 832 595 14 24 0
38 : 295 406 60 77 0
39 : 532 222 48 3 0
40 : 757 555 40 25 1
41 : 397 193 4 14 0
42 : 927 555 37 20 1
43 : 780 406 69 26 1
44 : 508 595 28 29 0
45 : 95 578 17 32 1
46 : 794 126 9 119 1
47 : 453 551 40 4 0
48 : 581 476 15 61 1
49 : 132 539 48 16 0
50 : 775 475 14 55 1
51 : 80 625 15 19 0
52 : 660 152 34 113 1
53 : 195 320 94 81 0
54 : 687 492 53 15 1
55 : 873 217 8 31 1
56 : 629 42 1 14 0
57 : 947 555 36 36 0
58 : 639 133 1 1 0
59 : 585 552 3 33 1
60 : 922 384 12 5 1
61 : 445 580 12 11 1
62 : 351 397 24 9 0
63 : 329 595 20 32 1
64 : 918 13 82 39 0
65 : 522 406 21 72 0
66 : 480 123 34 6 0
67 : 111 244 56 8 1
68 : 775 595 25 15 1
69 : 381 404 66 2 0
70 : 277 406 18 79 0
71 : 853 555 29 39 0
72 : 401 179 41 115 1
73 : 428 48 104 6 0
74 : 412 555 44 25 0
75 : 113 625 15 18 0
76 : 179 311 49 7 0
77 : 904 197 22 95 1
78 : 994 0 8 6 1
79 : 882 555 7 38 0
80 : 702 544 7 42 1
81 : 134 176 49 116 1
82 : 699 406 69 41 1
83 : 806 406 69 18 1
84 : 556 401 5 50 1
85 : 790 595 23 24 0
86 : 782 217 91 8 0
87 : 381 370 34 83 1
88 : 909 617 9 8 0
89 : 448 286 13 33 0
90 : 361 595 32 11 0
91 : 586 586 9 26 1
92 : 760 222 22 3 0
93 : 128 625 18 14 1
94 : 514 57 143 54 0
95 : 268 135 133 58 0
96 : 983 555 15 36 0
97 : 895 555 6 38 0
98 : 130 48 71 4 0
99 : 300 221 9 4 0
100 : 428 31 17 125 1
101 : 769 208 7 14 0
102 : 180 539 8 17 1
103 : 169 595 26 32 1
104 : 488 578 17 12 1
105 : 788 265 29 94 1
106 : 528 478 14 14 0
107 : 972 406 22 59 0
108 : 392 133 75 2 0
109 : 983 595 10 21 0
110 : 405 551 48 4 0
111 : 380 193 17 22 0
112 : 553 31 77 11 0
113 : 837 320 90 39 0
114 : 354 123 126 10 0
115 : 720 399 27 4 0
116 : 297 595 32 24 0
117 : 788 492 11 51 0
118 : 641 406 70 16 1
119 : 614 406 70 27 1
120 : 753 595 22 25 0
121 : 493 550 4 48 1
122 : 882 307 5 8 0
123 : 355 579 11 12 1
124 : 885 54 3 33 1
125 : 245 525 19 16 1
126 : 473 320 42 92 1
127 : 0 0 28 226 1
128 : 866 595 22 23 0
129 : 532 587 11 8 0
130 : 983 492 49 15 1
131 : 788 317 3 39 1
132 : 684 275 94 32 0
133 : 840 406 68 40 1
134 : 923 383 4 1 0
135 : 0 595 36 14 0
136 : 576 589 10 6 0
137 : 945 595 22 14 1
138 : 837 399 67 7 0
139 : 176 406 21 81 0
140 : 630 13 28 148 1
141 : 48 555 36 47 1
142 : 66 428 22 61 0
143 : 0 126 62 9 0
144 : 53 315 5 22 1
145 : 240 225 95 114 1
146 : 230 406 18 80 0
147 : 657 475 61 15 0
148 : 119 244 35 2 1
149 : 675 303 3 15 0
150 : 563 26 5 67 1
151 : 640 546 47 9 0
152 : 874 492 50 17 1
153 : 233 595 32 25 0
154 : 86 402 4 14 1
155 : 858 595 24 8 1
156 : 782 135 122 12 0
157 : 0 96 123 30 0
158 : 987 295 6 12 0
159 : 655 318 2 59 1
160 : 465 292 92 28 0
161 : 892 318 53 2 0
162 : 40 625 12 20 1
163 : 778 13 41 140 1
164 : 480 129 29 6 0
165 : 455 492 59 38 1
166 : 367 577 32 13 0
167 : 543 477 15 38 1
168 : 175 577 18 12 1
169 : 847 54 3 38 1
170 : 393 595 31 30 0
171 : 991 237 58 3 1
172 : 201 48 5 25 1
173 : 464 370 32 7 1
174 : 543 555 25 43 1
175 : 892 307 11 72 1
176 : 48 591 4 18 1
177 : 904 399 23 6 0
178 : 167 129 9 6 0
179 : 543 406 71 38 1
180 : 428 0 10 202 1
181 : 987 541 14 4 1
182 : 532 48 5 21 1
183 : 558 595 29 22 1
184 : 268 215 42 6 0
185 : 880 406 35 68 0
186 : 804 555 40 20 1
187 : 994 406 59 6 1
188 : 684 307 11 68 1
189 : 580 222 24 3 0
190 : 428 54 3 45 1
191 : 668 555 40 32 1
192 : 536 595 29 22 1
193 : 86 332 14 70 0
194 : 553 56 1 16 1
195 : 840 492 50 34 1
196 : 904 219 6 76 1
197 : 782 555 22 40 0
198 : 95 53 75 4 0
199 : 542 478 1 14 0
200 : 62 126 61 4 0
201 : 390 215 9 11 1
202 : 660 135 122 17 0
203 : 0 244 99 56 0
204 : 788 225 40 104 1
205 : 782 195 11 105 1
206 : 744 543 45 12 0
207 : 137 595 32 27 0
208 : 411 577 1 18 0
209 : 947 591 14 4 0
210 : 630 49 130 7 0
211 : 740 379 16 7 1
212 : 945 318 2 6 1
213 : 516 179 3 46 0
214 : 892 225 102 12 0
215 : 927 320 86 70 1
216 : 642 476 15 12 0
217 : 0 38 10 139 1
218 : 187 555 38 45 1
219 : 618 547 8 20 1
220 : 180 547 9 8 0
221 : 846 595 24 12 1
222 : 656 320 22 91 1
223 : 514 111 22 126 1
224 : 500 555 43 32 0
225 : 782 147 112 22 0
226 : 438 406 73 30 1
227 : 424 595 31 30 0
228 : 70 595 34 19 0
229 : 464 402 7 4 0
230 : 741 342 36 6 1
231 : 532 205 17 105 1
232 : 659 578 17 9 1
233 : 265 595 32 24 0
234 : 256 401 33 5 0
235 : 702 492 52 23 1
236 : 415 481 8 23 1
237 : 776 41 8 2 1
238 : 150 28 10 76 1
239 : 581 406 70 33 1
240 : 104 595 33 22 0
241 : 891 492 13 50 0
242 : 455 595 21 31 1
243 : 580 595 19 27 0
244 : 639 362 17 13 0
245 : 621 621 4 4 0
246 : 900 169 4 37 0
247 : 556 362 15 83 1
248 : 837 384 85 15 0
249 : 381 320 50 92 1
250 : 0 491 66 1 0
251 : 289 320 92 73 0
252 : 197 544 11 39 1
253 : 972 488 4 28 1
254 : 830 475 10 14 0
255 : 67 492 62 65 1
256 : 289 393 62 13 0
257 : 944 487 28 5 0
258 : 170 53 53 4 0
259 : 657 57 78 137 1
260 : 599 595 12 27 0
261 : 154 625 18 10 1
262 : 668 492 19 54 0
263 : 263 589 14 6 0
264 : 509 129 5 4 0
265 : 630 56 126 1 0
266 : 744 492 44 51 0
267 : 104 617 9 8 0
268 : 468 406 72 29 1
269 : 773 152 9 34 0
270 : 20 625 14 20 1
271 : 656 342 37 85 1
272 : 0 406 22 89 1
273 : 927 110 16 2 1
274 : 201 595 26 32 1
275 : 997 119 16 3 1
276 : 456 578 32 16 0
277 : 740 406 69 40 1
278 : 277 555 31 45 1
279 : 354 286 34 94 1
280 : 747 320 90 45 0
281 : 904 541 43 14 0
282 : 575 225 78 109 1
283 : 438 491 26 1 0
284 : 0 428 32 66 1
285 : 992 119 5 16 0
286 : 438 479 30 5 0
287 : 637 205 23 13 0
288 : 563 10 16 67 1
289 : 660 208 109 14 0
290 : 497 406 72 25 1
291 : 142 625 12 18 0
292 : 123 129 6 44 1
293 : 778 275 32 9 1
294 : 236 544 10 24 1
295 : 337 552 26 3 0
296 : 837 359 25 86 1
297 : 0 53 4 95 1
298 : 132 492 65 47 0
299 : 374 492 60 31 1
300 : 541 550 5 22 1
301 : 980 219 16 6 0
302 : 782 206 11 103 1
303 : 627 592 3 32 1
304 : 401 135 131 44 0
305 : 277 586 27 9 0
306 : 245 490 3 2 0
307 : 934 492 49 29 1
308 : 99 244 56 12 1
309 : 248 485 4 47 1
310 : 782 169 26 105 1
311 : 139 38 86 10 0
312 : 401 220 5 101 1
313 : 563 492 57 22 1
314 : 127 578 14 14 0
315 : 354 225 61 111 1
316 : 799 492 50 41 1
317 : 295 491 50 1 0
318 : 169 621 13 4 0
319 : 121 318 2 39 1
320 : 292 133 2 100 1
321 : 95 625 18 18 0
322 : 904 492 49 30 1
323 : 197 486 48 6 0
324 : 904 135 95 62 0
325 : 514 134 68 1 0
326 : 747 365 41 87 1
327 : 66 489 10 3 0
328 : 630 41 8 146 1
329 : 968 595 21 15 1
330 : 799 542 47 13 0
331 : 986 8 14 5 0
332 : 789 543 12 8 1
333 : 652 377 14 4 1
334 : 456 555 23 44 1
335 : 543 580 33 13 0
336 : 637 377 29 8 1
337 : 0 48 130 5 0
338 : 412 580 15 33 1
339 : 141 555 22 46 1
340 : 0 332 69 86 1
341 : 62 130 61 4 0
342 : 714 318 2 38 1
343 : 0 57 39 186 1
344 : 464 484 8 4 1
345 : 121 225 119 86 0
346 : 197 525 48 19 0
347 : 959 595 22 9 1
348 : 660 222 65 3 0
349 : 447 404 10 2 0
350 : 123 96 33 63 1
351 : 944 473 28 14 0
352 : 972 465 23 28 1
353 : 947 541 40 14 0
354 : 901 491 43 1 0
355 : 913 126 6 18 1
356 : 700 555 29 40 0
357 : 383 483 1 9 0
358 : 923 359 4 24 0
359 : 345 483 38 9 0
360 : 232 555 34 45 1
361 : 892 237 99 58 0
362 : 0 401 4 58 1
363 : 519 179 42 5 1
364 : 944 406 67 28 1
365 : 834 365 41 3 1
366 : 381 606 11 19 0
367 : 618 492 55 22 1
368 : 931 595 14 22 0
369 : 473 401 17 5 0
370 : 350 215 8 40 1
371 : 514 396 9 40 1
372 : 438 484 7 26 1
373 : 915 406 68 29 1
374 : 891 542 4 13 0
375 : 197 406 33 80 0
376 : 725 222 35 3 0
377 : 355 406 77 29 1
378 : 666 595 26 18 1
379 : 195 401 5 61 1
380 : 101 320 86 94 1
381 : 882 265 42 5 1
382 : 354 57 66 160 1
383 : 384 482 31 9 0
384 : 337 492 37 60 0
385 : 772 186 10 22 0
386 : 0 609 15 20 1
387 : 901 474 43 17 0
388 : 367 555 45 22 0
389 : 493 492 52 58 0
390 : 310 215 40 10 0
391 : 640 111 24 16 1
392 : 660 186 112 22 0
393 : 909 595 22 22 0
394 : 325 553 2 12 1
395 : 329 615 10 20 1
396 : 731 595 25 22 1
397 : 0 28 10 150 1
398 : 585 548 4 33 1
399 : 684 225 50 104 1
400 : 824 555 40 15 1
401 : 794 57 53 137 1
402 : 351 393 4 30 1
403 : 585 492 56 33 1
404 : 261 492 32 63 0
405 : 461 286 4 14 0
406 : 134 135 134 41 0
407 : 0 625 19 20 1
408 : 887 306 5 7 0
409 : 640 492 28 54 0
410 : 502 220 14 5 0
411 : 702 551 42 4 0
412 : 85 300 36 15 0
413 : 788 294 94 23 0
414 : 36 595 34 23 0
415 : 245 486 3 4 0
416 : 295 483 50 8 0
417 : 268 221 32 4 0
418 : 840 474 18 61 1
419 : 121 311 58 7 0
420 : 998 492 24 2 1
421 : 415 406 23 75 0
422 : 707 490 11 2 0
423 : 824 8 162 5 0
424 : 656 379 84 20 0
425 : 465 225 110 67 0
426 : 576 580 10 9 0
427 : 223 53 3 4 0
428 : 557 292 28 15 1
429 : 361 606 14 20 1
430 : 997 320 3 38 0
431 : 575 303 15 100 1
432 : 760 49 18 7 0
433 : 524 179 5 42 0
434 : 384 406 76 31 1
435 : 824 0 8 170 1
436 : 176 487 21 5 0
437 : 918 52 5 51 1
438 : 846 542 13 45 1
439 : 627 578 14 32 1
440 : 684 595 25 24 1
441 : 931 57 78 61 1
442 : 519 221 9 4 0
443 : 0 320 12 101 1
444 : 532 53 21 1 0
445 : 428 10 135 21 0
446 : 996 219 6 4 1
447 : 729 555 28 40 0
448 : 0 135 134 90 0
449 : 250 176 49 17 1
450 : 0 555 40 48 1
451 : 197 492 33 64 1
452 : 473 362 34 83 1
453 : 575 318 2 80 1
454 : 892 295 95 12 0
455 : 621 595 26 26 0
456 : 901 555 26 37 0
457 : 322 579 33 11 0
458 : 888 595 23 21 1
459 : 645 377 7 29 0
460 : 70 614 11 20 1
461 : 468 478 13 60 1
462 : 994 319 2 1 0
463 : 839 555 40 14 1
464 : 486 595 30 22 1
465 : 322 555 24 45 1
466 : 563 549 6 22 1
467 : 0 460 66 31 0
468 : 375 397 9 6 1
469 : 293 492 44 61 0
470 : 999 135 1 59 0
471 : 556 377 24 81 1
472 : 647 595 19 26 0
473 : 0 225 19 121 1
474 : 95 555 46 23 0
475 : 232 589 6 31 1
476 : 473 396 5 41 1
477 : 399 577 12 18 0
478 : 0 300 15 85 1
479 : 58 401 5 28 1
480 : 89 406 86 87 1
481 : 752 307 36 12 0
482 : 656 399 64 7 0
483 : 887 313 5 4 0
484 : 141 577 34 18 0
485 : 964 307 30 10 0
486 : 630 0 194 13 0
487 : 889 555 38 6 1
488 : 528 221 1 4 0
489 : 186 133 106 2 0
490 : 60 625 11 20 1
491 : 228 311 4 12 1
492 : 894 147 22 10 1
493 : 532 135 70 128 1
494 : 553 42 14 76 1
495 : 969 52 4 31 1
496 : 554 396 2 4 0
497 : 824 406 69 16 1
498 : 963 492 20 49 0
499 : 657 490 2 50 1
