1000 1200
0 : 188 680 94 6 0
1 : 204 1178 22 1 1
2 : 768 1148 25 23 1
3 : 705 1178 2 13 0
4 : 864 1178 7 6 1
5 : 401 211 16 133 1
6 : 417 1112 37 13 0
7 : 650 680 42 91 1
8 : 0 1148 32 7 0
9 : 161 996 4 53 1
10 : 639 1148 27 10 1
11 : 643 944 57 16 0
12 : 128 1148 32 2 0
13 : 913 1178 2 3 0
14 : 306 1080 31 41 1
15 : 999 1112 22 1 1
16 : 520 544 1 103 1
17 : 897 1178 4 4 0
18 : 812 881 7 62 0
19 : 993 839 41 5 1
20 : 878 1148 24 19 1
21 : 60 944 50 59 1
22 : 280 839 69 42 0
23 : 0 881 67 63 0
24 : 186 57 168 76 0
25 : 978 944 19 52 0
26 : 916 1178 1 2 0
27 : 708 753 29 79 0
28 : 377 1148 31 3 0
29 : 354 944 18 58 1
30 : 514 1178 5 18 0
31 : 347 1080 23 41 1
32 : 997 57 3 69 0
33 : 782 1178 9 10 0
34 : 817 371 112 22 0
35 : 386 1178 11 19 0
36 : 226 0 202 57 0
37 : 913 1148 14 24 0
38 : 923 680 60 77 1
39 : 337 1040 48 3 0
40 : 590 1080 40 25 0
41 : 691 1178 4 14 0
42 : 380 1112 37 20 0
43 : 487 839 69 26 0
44 : 449 1148 28 29 0
45 : 930 1112 17 32 0
46 : 240 371 9 119 1
47 : 996 1040 40 4 1
48 : 903 881 15 61 0
49 : 145 1040 48 16 0
50 : 923 944 14 55 1
51 : 371 1178 15 19 0
52 : 704 371 34 113 1
53 : 682 594 94 81 0
54 : 108 996 53 15 0
55 : 284 1148 8 31 1
56 : 695 1178 1 14 0
57 : 491 1112 36 36 0
58 : 917 1178 1 1 0
59 : 755 1112 3 33 0
60 : 743 1178 12 5 1
61 : 718 1178 12 11 1
62 : 949 1148 24 9 1
63 : 910 1112 20 32 0
64 : 573 753 82 39 1
65 : 930 753 21 72 0
66 : 663 1112 34 6 1
67 : 812 944 56 8 0
68 : 835 1148 25 15 1
69 : 998 301 66 2 1
70 : 737 753 18 79 0
71 : 910 1080 29 39 1
72 : 475 371 41 115 1
73 : 313 544 104 6 0
74 : 964 996 44 25 1
75 : 426 1178 15 18 0
76 : 0 1040 49 7 0
77 : 398 594 22 95 1
78 : 847 1178 8 6 1
79 : 115 1112 7 38 1
80 : 966 839 7 42 0
81 : 359 371 49 116 1
82 : 349 839 69 41 0
83 : 556 839 69 18 0
84 : 669 996 5 50 1
85 : 855 1148 23 24 0
86 : 832 680 91 8 0
87 : 490 753 34 83 0
88 : 810 1178 9 8 1
89 : 706 1112 13 33 0
90 : 988 1080 32 11 1
91 : 725 1148 9 26 0
92 : 997 1148 22 3 1
93 : 441 1178 18 14 1
94 : 146 133 143 54 0
95 : 268 211 133 58 0
96 : 542 1112 15 36 0
97 : 191 1112 6 38 1
98 : 995 133 71 4 1
99 : 842 1178 9 4 1
100 : 506 301 17 125 1
101 : 648 1178 7 14 0
102 : 558 1178 8 17 0
103 : 785 1112 26 32 0
104 : 537 1178 17 12 1
105 : 0 680 29 94 1
106 : 610 1178 14 14 0
107 : 178 944 22 59 1
108 : 998 211 75 2 1
109 : 220 1178 10 21 0
110 : 241 1040 48 4 0
111 : 114 1178 17 22 0
112 : 979 466 77 11 1
113 : 0 753 90 39 0
114 : 254 301 126 10 0
115 : 658 1148 27 4 1
116 : 886 1112 32 24 1
117 : 317 996 11 51 1
118 : 140 839 70 16 0
119 : 70 839 70 27 0
120 : 813 1148 22 25 0
121 : 289 1040 4 48 1
122 : 853 1178 5 8 0
123 : 707 1178 11 12 0
124 : 752 1112 3 33 0
125 : 355 1178 19 16 1
126 : 466 680 42 92 1
127 : 0 0 28 226 1
128 : 975 1148 22 23 0
129 : 763 1178 11 8 1
130 : 915 996 49 15 0
131 : 0 1112 3 39 1
132 : 870 594 94 32 0
133 : 694 839 68 40 0
134 : 909 1178 4 1 1
135 : 557 1112 36 14 1
136 : 791 1178 10 6 1
137 : 145 1178 22 14 1
138 : 201 881 67 7 0
139 : 636 753 21 81 0
140 : 826 57 28 148 1
141 : 385 1040 36 47 1
142 : 863 881 22 61 0
143 : 803 881 62 9 1
144 : 199 1178 5 22 0
145 : 590 371 95 114 1
146 : 690 753 18 80 0
147 : 918 881 61 15 1
148 : 592 1112 35 2 1
149 : 607 1178 3 15 0
150 : 268 881 5 67 1
151 : 479 1040 47 9 0
152 : 519 996 50 17 0
153 : 837 1112 32 25 1
154 : 671 1178 4 14 0
155 : 958 1148 24 8 1
156 : 876 301 122 12 0
157 : 631 301 123 30 0
158 : 737 1178 6 12 0
159 : 996 881 2 59 0
160 : 558 680 92 28 0
161 : 998 0 53 2 1
162 : 303 1178 12 20 0
163 : 289 133 41 140 1
164 : 536 1148 29 6 1
165 : 119 944 59 38 0
166 : 977 1112 32 13 1
167 : 39 1112 15 38 1
168 : 455 1178 18 12 1
169 : 267 1112 3 38 1
170 : 160 1148 31 30 0
171 : 528 944 58 3 0
172 : 850 1148 5 25 0
173 : 32 1148 32 7 0
174 : 177 1080 25 43 1
175 : 951 753 11 72 0
176 : 519 1178 4 18 0
177 : 69 1178 23 6 0
178 : 832 1178 9 6 1
179 : 962 753 71 38 1
180 : 428 0 10 202 1
181 : 675 1178 14 4 1
182 : 235 1178 5 21 0
183 : 499 1148 29 22 1
184 : 973 839 42 6 1
185 : 762 839 35 68 1
186 : 670 1080 40 20 0
187 : 237 944 59 6 0
188 : 898 839 11 68 1
189 : 970 1148 24 3 1
190 : 45 1080 3 45 1
191 : 470 1080 40 32 0
192 : 477 1148 29 22 1
193 : 210 839 14 70 1
194 : 594 1178 1 16 0
195 : 469 996 50 34 0
196 : 992 211 6 76 0
197 : 630 1080 22 40 1
198 : 991 133 75 4 1
199 : 696 1178 1 14 0
200 : 938 881 61 4 1
201 : 754 1178 9 11 0
202 : 754 301 122 17 0
203 : 299 594 99 56 0
204 : 209 544 40 104 1
205 : 0 544 11 105 1
206 : 0 1080 45 12 0
207 : 758 1112 32 27 1
208 : 523 1178 1 18 0
209 : 679 1178 14 4 1
210 : 665 211 130 7 0
211 : 571 1178 16 7 1
212 : 883 1178 2 6 0
213 : 665 1040 3 46 1
214 : 623 544 102 12 0
215 : 264 753 86 70 1
216 : 595 1178 15 12 1
217 : 429 133 10 139 1
218 : 711 1040 38 45 1
219 : 347 1178 8 20 0
220 : 818 1178 9 8 1
221 : 927 1148 24 12 1
222 : 741 680 22 91 1
223 : 128 301 22 126 1
224 : 134 1080 43 32 0
225 : 0 466 112 22 0
226 : 927 544 73 30 0
227 : 191 1148 31 30 0
228 : 617 1112 34 19 1
229 : 875 1178 7 4 1
230 : 583 1112 36 6 1
231 : 874 466 17 105 1
232 : 549 1178 17 9 1
233 : 862 1112 32 24 1
234 : 743 1112 33 5 1
235 : 214 996 52 23 0
236 : 46 1178 8 23 1
237 : 862 1178 8 2 1
238 : 990 466 10 76 0
239 : 0 839 70 33 0
240 : 669 1112 33 22 1
241 : 569 996 13 50 1
242 : 222 1148 21 31 1
243 : 608 1148 19 27 0
244 : 524 1178 17 13 1
245 : 893 1178 4 4 0
246 : 454 1112 4 37 1
247 : 558 753 15 83 0
248 : 455 753 85 15 1
249 : 374 680 50 92 1
250 : 999 594 66 1 1
251 : 282 680 92 73 0
252 : 949 1080 11 39 1
253 : 604 1148 4 28 0
254 : 638 1178 10 14 0
255 : 467 881 62 65 1
256 : 790 881 62 13 1
257 : 599 1148 28 5 1
258 : 994 0 53 4 1
259 : 568 133 78 137 1
260 : 627 1148 12 27 0
261 : 491 1178 18 10 1
262 : 54 996 19 54 1
263 : 655 1178 14 6 1
264 : 889 1178 5 4 1
265 : 380 301 126 1 0
266 : 266 996 44 51 1
267 : 802 1178 9 8 1
268 : 876 753 72 29 1
269 : 654 1112 9 34 0
270 : 289 1178 14 20 0
271 : 403 753 37 85 0
272 : 970 211 22 89 0
273 : 592 1178 16 2 1
274 : 811 1112 26 32 0
275 : 589 1178 16 3 1
276 : 947 1112 32 16 1
277 : 418 839 69 40 0
278 : 801 1040 31 45 1
279 : 776 594 34 94 1
280 : 925 211 90 45 1
281 : 263 1080 43 14 0
282 : 445 466 78 109 1
283 : 999 1080 26 1 1
284 : 335 881 32 66 1
285 : 584 1178 5 16 0
286 : 440 1148 30 5 1
287 : 23 1178 23 13 0
288 : 134 881 16 67 1
289 : 554 466 109 14 0
290 : 905 753 72 25 1
291 : 479 1178 12 18 0
292 : 989 996 6 44 0
293 : 990 1112 32 9 1
294 : 939 1148 10 24 0
295 : 741 1148 26 3 1
296 : 964 594 25 86 0
297 : 991 371 4 95 0
298 : 532 881 65 47 0
299 : 0 944 60 31 0
300 : 194 1178 5 22 0
301 : 578 1178 16 6 1
302 : 417 544 11 103 1
303 : 96 1148 3 32 1
304 : 534 211 131 44 0
305 : 649 1148 27 9 1
306 : 911 1178 3 2 1
307 : 768 996 49 29 0
308 : 756 944 56 12 0
309 : 526 1040 4 47 1
310 : 769 466 26 105 1
311 : 989 594 86 10 1
312 : 826 544 5 101 1
313 : 586 944 57 22 0
314 : 624 1178 14 14 0
315 : 224 466 61 111 1
316 : 419 996 50 41 0
317 : 999 881 50 1 1
318 : 701 1178 13 4 1
319 : 998 839 2 39 0
320 : 100 594 2 100 1
321 : 408 1178 18 18 0
322 : 719 996 49 30 0
323 : 193 1040 48 6 0
324 : 929 371 95 62 1
325 : 999 133 68 1 1
326 : 177 753 41 87 1
327 : 797 1178 10 3 1
328 : 0 133 8 146 1
329 : 205 1178 21 15 1
330 : 432 1040 47 13 0
331 : 661 1178 14 5 1
332 : 729 1178 12 8 1
333 : 687 1178 14 4 1
334 : 90 1080 23 44 1
335 : 719 1112 33 13 1
336 : 521 1148 29 8 1
337 : 795 211 130 5 0
338 : 691 1112 15 33 0
339 : 619 1040 22 46 1
340 : 334 753 69 86 0
341 : 942 881 61 4 1
342 : 305 1112 2 38 1
343 : 0 57 39 186 1
344 : 858 1178 8 4 1
345 : 121 371 119 86 0
346 : 97 1040 48 19 0
347 : 179 1178 22 9 1
348 : 997 371 65 3 1
349 : 800 1178 10 2 1
350 : 725 881 33 63 0
351 : 580 1148 28 14 1
352 : 542 1148 23 28 0
353 : 710 1080 40 14 0
354 : 999 944 43 1 1
355 : 508 1178 6 18 0
356 : 510 1080 29 40 1
357 : 846 1178 1 9 0
358 : 966 1148 4 24 0
359 : 77 1112 38 9 0
360 : 756 1040 34 45 1
361 : 200 594 99 58 0
362 : 470 944 4 58 1
363 : 995 996 42 5 1
364 : 67 881 67 28 0
365 : 429 1080 41 3 0
366 : 397 1178 11 19 0
367 : 868 944 55 22 0
368 : 131 1178 14 22 0
369 : 566 1178 17 5 1
370 : 870 1080 8 40 1
371 : 830 1080 9 40 1
372 : 734 1148 7 26 0
373 : 830 839 68 29 0
374 : 697 1178 4 13 0
375 : 657 753 33 80 0
376 : 589 1112 35 3 1
377 : 816 753 77 29 1
378 : 707 1148 26 18 1
379 : 933 881 5 61 0
380 : 588 594 86 94 1
381 : 984 839 42 5 1
382 : 516 57 66 160 1
383 : 253 1148 31 9 0
384 : 946 881 37 60 0
385 : 169 1178 10 22 0
386 : 260 1178 15 20 0
387 : 220 1080 43 17 0
388 : 891 1040 45 22 0
389 : 296 944 52 58 1
390 : 790 1080 40 10 0
391 : 897 1148 24 16 1
392 : 112 466 112 22 0
393 : 92 1178 22 22 0
394 : 752 1178 2 12 0
395 : 337 1178 10 20 0
396 : 791 1148 25 22 1
397 : 676 57 10 150 1
398 : 748 1112 4 33 0
399 : 105 544 50 104 1
400 : 981 1040 40 15 1
401 : 705 133 53 137 1
402 : 445 1148 4 30 0
403 : 700 944 56 33 0
404 : 758 881 32 63 0
405 : 683 1178 4 14 0
406 : 134 211 134 41 0
407 : 241 1178 19 20 0
408 : 870 1178 5 7 0
409 : 0 996 28 54 1
410 : 666 1178 14 5 1
411 : 989 839 42 4 1
412 : 527 1112 36 15 1
413 : 94 680 94 23 0
414 : 594 1112 34 23 1
415 : 904 1178 3 4 0
416 : 619 996 50 8 0
417 : 64 1148 32 4 0
418 : 885 881 18 61 0
419 : 412 944 58 7 0
420 : 973 1148 24 2 1
421 : 974 57 23 75 0
422 : 771 1178 11 2 1
423 : 354 57 162 5 0
424 : 470 753 84 20 1
425 : 335 466 110 67 0
426 : 773 1178 10 9 1
427 : 901 1178 3 4 0
428 : 565 1148 28 15 1
429 : 275 1178 14 20 0
430 : 229 1112 3 38 1
431 : 0 594 15 100 1
432 : 501 1178 18 7 1
433 : 979 839 5 42 0
434 : 845 753 76 31 1
435 : 824 0 8 170 1
436 : 230 1178 21 5 1
437 : 368 996 5 51 1
438 : 936 1040 13 45 1
439 : 963 1112 14 32 0
440 : 744 1148 25 24 1
441 : 755 753 78 61 1
442 : 838 1178 9 4 1
443 : 725 544 12 101 1
444 : 240 1178 21 1 1
445 : 842 133 135 21 0
446 : 879 1178 6 4 1
447 : 550 1080 28 40 1
448 : 0 211 134 90 0
449 : 866 996 49 17 0
450 : 49 1040 40 48 1
451 : 597 881 33 64 1
452 : 524 753 34 83 0
453 : 995 371 2 80 0
454 : 493 594 95 12 0
455 : 662 1148 26 26 0
456 : 343 1112 26 37 1
457 : 732 1112 33 11 1
458 : 0 1178 23 21 0
459 : 529 1148 7 29 0
460 : 315 1178 11 20 0
461 : 983 881 13 60 0
462 : 915 1178 2 1 1
463 : 750 1080 40 14 0
464 : 408 1148 30 22 1
465 : 846 1040 24 45 1
466 : 188 1178 6 22 0
467 : 401 881 66 31 0
468 : 826 1178 9 6 1
469 : 819 881 44 61 0
470 : 998 881 1 59 0
471 : 612 753 24 81 0
472 : 688 1148 19 26 0
473 : 0 371 19 121 1
474 : 573 1040 46 23 0
475 : 315 1148 6 31 1
476 : 388 1080 5 41 1
477 : 467 1178 12 18 0
478 : 440 753 15 85 0
479 : 594 1148 5 28 0
480 : 90 753 86 87 1
481 : 571 1112 36 12 1
482 : 661 881 64 7 0
483 : 885 1178 5 4 1
484 : 636 1112 34 18 1
485 : 430 1148 30 10 1
486 : 630 0 194 13 0
487 : 153 1112 38 6 0
488 : 910 1178 1 4 0
489 : 663 466 106 2 0
490 : 326 1178 11 20 0
491 : 748 1178 4 12 0
492 : 159 1178 22 10 1
493 : 0 301 70 128 1
494 : 977 133 14 76 0
495 : 346 1148 4 31 1
496 : 907 1178 2 4 0
497 : 625 839 69 16 0
498 : 817 996 20 49 1
499 : 997 944 2 50 0
