300 205
0 : 0 0 2 3 1
1 : 3 0 18 12 0
2 : 21 0 14 5 0
3 : 35 0 11 6 1
4 : 41 0 12 16 1
5 : 57 0 6 44 1
6 : 101 0 2 10 0
7 : 103 0 2 23 1
8 : 126 0 52 6 0
9 : 178 0 12 39 1
10 : 217 0 7 26 1
11 : 243 0 10 13 1
12 : 256 0 19 3 0
13 : 0 12 59 12 0
14 : 21 5 2 14 1
15 : 21 7 8 4 0
16 : 59 12 39 39 0
17 : 98 12 14 24 0
18 : 112 12 20 19 1
19 : 29 7 4 4 0
20 : 131 12 18 14 1
21 : 275 0 12 23 1
22 : 145 12 30 12 1
23 : 101 10 1 2 0
24 : 298 0 2 11 0
25 : 217 7 5 26 1
26 : 256 3 9 16 1
27 : 157 12 65 32 0
28 : 222 12 23 19 1
29 : 103 2 5 19 1
30 : 241 12 10 14 0
31 : 57 6 6 30 1
32 : 126 6 31 1 0
33 : 103 7 16 5 0
34 : 251 12 26 6 1
35 : 272 3 8 3 1
36 : 257 12 7 15 0
37 : 33 7 2 2 0
38 : 119 7 1 24 1
39 : 0 51 9 50 1
40 : 0 2 7 2 1
41 : 131 30 20 14 1
42 : 257 27 22 6 1
43 : 122 2 3 4 0
44 : 257 49 2 4 1
45 : 243 10 7 2 0
46 : 0 24 22 48 1
47 : 50 51 67 26 0
48 : 264 12 22 23 0
49 : 117 51 39 14 0
50 : 264 35 7 29 1
51 : 156 51 13 45 1
52 : 241 26 22 2 1
53 : 87 6 14 5 0
54 : 201 51 19 29 1
55 : 251 38 8 2 1
56 : 230 51 46 23 0
57 : 48 24 22 9 1
58 : 98 36 7 14 0
59 : 143 7 1 33 1
60 : 264 42 25 9 0
61 : 253 38 13 4 1
62 : 0 77 23 29 1
63 : 117 65 11 31 1
64 : 105 36 14 3 1
65 : 102 10 1 2 0
66 : 243 26 7 25 0
67 : 201 70 28 7 0
68 : 276 51 20 22 0
69 : 108 36 15 4 1
70 : 296 51 4 25 0
71 : 148 65 9 4 1
72 : 0 60 23 16 0
73 : 222 35 14 19 1
74 : 156 64 10 34 1
75 : 289 42 9 9 0
76 : 251 46 2 4 0
77 : 29 77 103 7 0
78 : 148 74 4 3 0
79 : 132 77 11 37 1
80 : 152 65 8 3 1
81 : 23 60 4 26 1
82 : 222 49 14 2 0
83 : 286 12 8 15 0
84 : 169 77 13 44 1
85 : 230 74 40 2 0
86 : 213 77 12 38 1
87 : 251 77 39 13 0
88 : 276 73 4 16 1
89 : 119 8 2 37 1
90 : 152 73 4 3 0
91 : 190 64 6 9 0
92 : 196 64 13 4 1
93 : 112 32 12 15 0
94 : 57 24 22 2 1
95 : 124 32 7 13 0
96 : 0 100 13 35 1
97 : 35 100 29 48 1
98 : 2 2 9 1 1
99 : 156 74 30 3 0
100 : 132 88 11 31 1
101 : 156 8 21 2 0
102 : 292 73 4 4 0
103 : 131 50 14 1 0
104 : 98 50 1 9 1
105 : 145 42 9 12 1
106 : 169 90 2 40 1
107 : 83 100 22 18 1
108 : 290 77 8 17 0
109 : 200 64 13 1 1
110 : 101 100 22 28 0
111 : 213 89 8 36 1
112 : 124 45 3 7 1
113 : 29 84 18 15 0
114 : 47 84 14 21 1
115 : 123 100 24 45 1
116 : 209 90 4 2 0
117 : 68 84 22 14 0
118 : 168 100 95 1 0
119 : 0 129 26 68 1
120 : 83 122 15 4 0
121 : 293 35 5 7 0
122 : 68 129 46 38 0
123 : 296 76 4 1 0
124 : 190 73 4 5 1
125 : 119 10 58 2 0
126 : 23 64 14 8 0
127 : 168 101 17 47 1
128 : 0 113 15 15 0
129 : 294 12 6 18 0
130 : 15 113 9 17 1
131 : 298 35 16 2 1
132 : 290 94 9 6 0
133 : 286 27 7 7 0
134 : 23 72 14 4 0
135 : 251 90 5 22 1
136 : 263 100 12 15 0
137 : 163 88 11 5 1
138 : 263 115 9 14 0
139 : 90 84 33 13 0
140 : 112 47 8 4 0
141 : 169 92 28 7 0
142 : 114 129 17 59 1
143 : 251 95 4 37 1
144 : 32 113 9 1 1
145 : 37 64 6 9 0
146 : 275 100 20 8 0
147 : 263 27 24 1 1
148 : 173 129 14 54 1
149 : 227 129 49 10 0
150 : 123 84 14 8 1
151 : 275 108 9 18 0
152 : 295 100 4 7 0
153 : 284 108 9 16 0
154 : 215 101 25 37 1
155 : 0 167 32 29 0
156 : 284 124 8 4 0
157 : 298 77 2 15 0
158 : 157 44 61 5 0
159 : 252 101 4 22 0
160 : 197 92 8 15 1
161 : 276 129 19 25 0
162 : 293 108 4 21 0
163 : 15 122 5 19 1
164 : 227 139 19 24 0
165 : 246 139 14 17 0
166 : 124 48 7 3 0
167 : 90 97 29 3 0
168 : 273 90 15 4 0
169 : 246 156 10 12 1
170 : 168 118 43 9 0
171 : 272 115 14 3 1
172 : 33 9 2 3 0
173 : 295 129 20 4 1
174 : 32 167 22 62 1
175 : 173 143 17 17 0
176 : 256 101 26 2 1
177 : 276 154 15 12 0
178 : 215 126 2 36 1
179 : 94 167 32 50 1
180 : 258 101 5 22 0
181 : 260 139 16 8 0
182 : 190 143 14 30 1
183 : 236 49 5 2 0
184 : 298 11 1 2 1
185 : 275 126 8 3 0
186 : 190 157 30 7 0
187 : 211 118 4 9 0
188 : 43 64 9 3 1
189 : 83 126 14 3 0
190 : 114 146 42 14 0
191 : 0 155 34 9 0
192 : 46 64 4 11 0
193 : 144 167 38 72 1
194 : 35 11 6 1 0
195 : 218 44 3 5 0
196 : 291 154 10 8 1
197 : 156 146 12 12 0
198 : 168 146 4 12 0
199 : 216 167 13 61 1
