200 112
0 : 185 93 4 6 1
1 : 115 67 2 4 0
2 : 0 0 110 45 0
3 : 0 104 1 15 1
4 : 41 103 2 4 1
5 : 187 105 6 3 1
6 : 88 71 1 27 1
7 : 162 93 4 23 1
8 : 191 90 9 14 0
9 : 191 33 1 11 0
10 : 95 88 15 2 0
11 : 71 72 18 24 1
12 : 192 43 8 1 0
13 : 147 45 15 40 1
14 : 148 93 7 14 1
15 : 128 105 11 4 0
16 : 54 66 1 2 1
17 : 142 87 37 2 0
18 : 0 59 20 8 0
19 : 136 93 12 9 0
20 : 105 90 15 15 0
21 : 85 90 14 20 1
22 : 88 67 4 27 1
23 : 181 104 1 18 1
24 : 63 90 22 14 0
25 : 117 65 23 7 0
26 : 182 69 5 3 0
27 : 195 67 5 22 0
28 : 0 84 6 25 1
29 : 0 45 14 58 1
30 : 151 27 17 9 1
31 : 110 88 3 2 0
32 : 147 71 1 20 1
33 : 197 55 8 3 1
34 : 20 59 18 8 0
35 : 21 103 20 2 0
36 : 25 84 6 19 1
37 : 0 105 67 3 0
38 : 162 97 10 8 0
39 : 172 97 8 9 1
40 : 147 60 21 11 0
41 : 33 67 4 5 1
42 : 91 105 4 16 1
43 : 120 72 17 22 1
44 : 117 45 20 30 1
45 : 148 100 14 5 0
46 : 160 33 12 22 1
47 : 38 67 20 5 0
48 : 139 105 4 11 1
49 : 54 59 7 4 1
50 : 160 0 33 32 1
51 : 168 60 19 9 0
52 : 44 72 27 16 0
53 : 45 95 18 5 0
54 : 38 59 8 16 1
55 : 191 44 8 1 0
56 : 197 63 4 3 1
57 : 120 90 3 71 1
58 : 63 104 41 1 0
59 : 120 100 15 5 0
60 : 0 67 33 4 0
61 : 45 100 5 17 1
62 : 150 105 4 9 1
63 : 67 105 3 24 1
64 : 192 32 11 8 1
65 : 165 105 6 5 1
66 : 110 0 50 27 0
67 : 95 72 25 16 0
68 : 88 45 22 29 1
69 : 21 99 4 24 1
70 : 187 67 8 21 0
71 : 187 88 6 2 0
72 : 181 97 9 7 0
73 : 170 105 14 2 0
74 : 168 69 14 3 0
75 : 165 72 15 22 1
76 : 179 87 1 8 1
77 : 120 93 7 16 1
78 : 197 45 3 10 0
79 : 0 99 21 5 0
80 : 151 44 1 9 1
81 : 0 95 4 45 1
82 : 199 0 14 1 1
83 : 110 27 41 18 0
84 : 58 45 27 30 1
85 : 140 65 7 7 0
86 : 159 105 6 6 0
87 : 192 0 7 32 0
88 : 190 105 4 3 1
89 : 0 72 44 12 0
90 : 115 71 1 2 1
91 : 136 102 12 3 0
92 : 187 45 22 10 1
93 : 44 88 27 2 0
94 : 0 90 5 63 1
95 : 142 72 23 15 0
96 : 121 105 7 7 0
97 : 107 105 14 4 0
98 : 182 33 9 12 0
99 : 184 105 3 6 0
