300 195
0 : 110 192 2 3 1
1 : 91 137 18 12 0
2 : 68 181 14 5 0
3 : 294 124 11 6 1
4 : 109 137 12 16 1
5 : 0 175 6 44 1
6 : 70 192 2 10 1
7 : 211 190 2 23 1
8 : 245 168 52 6 0
9 : 255 124 12 39 1
10 : 159 168 7 26 1
11 : 83 149 10 13 1
12 : 155 186 19 3 0
13 : 196 124 59 12 0
14 : 31 192 2 14 1
15 : 82 186 8 4 0
16 : 0 0 39 39 0
17 : 111 110 14 24 1
18 : 24 91 20 19 0
19 : 122 186 4 4 0
20 : 196 110 18 14 0
21 : 68 137 12 23 1
22 : 38 137 30 12 0
23 : 299 190 1 2 0
24 : 59 192 2 11 1
25 : 228 175 5 26 1
26 : 33 159 9 16 1
27 : 157 0 65 32 0
28 : 280 68 23 19 1
29 : 0 181 5 19 1
30 : 281 137 10 14 1
31 : 44 175 6 30 1
32 : 246 192 31 1 0
33 : 38 181 16 5 0
34 : 74 175 26 6 0
35 : 241 186 8 3 0
36 : 210 168 7 15 1
37 : 116 192 2 2 0
38 : 0 194 1 24 1
39 : 108 149 9 50 1
40 : 95 192 7 2 0
41 : 157 110 20 14 0
42 : 100 175 22 6 0
43 : 261 186 3 4 0
44 : 102 192 2 4 1
45 : 88 192 7 2 0
46 : 108 68 22 48 1
47 : 148 39 67 26 0
48 : 184 68 22 23 0
49 : 42 110 39 14 0
50 : 257 159 7 29 1
51 : 0 124 13 45 1
52 : 234 190 22 2 0
53 : 54 181 14 5 0
54 : 226 68 19 29 1
55 : 80 192 8 2 0
56 : 0 68 46 23 0
57 : 260 149 22 9 0
58 : 286 159 7 14 1
59 : 213 192 1 33 1
60 : 235 149 25 9 0
61 : 15 186 13 4 0
62 : 260 39 23 29 0
63 : 250 137 11 31 1
64 : 174 186 14 3 0
65 : 76 194 1 2 1
66 : 185 168 7 25 1
67 : 131 168 28 7 0
68 : 206 68 20 22 0
69 : 271 181 15 4 0
70 : 152 181 4 25 1
71 : 64 186 9 4 0
72 : 172 91 23 16 0
73 : 177 110 14 19 1
74 : 49 149 10 34 1
75 : 75 159 9 9 0
76 : 106 192 2 4 1
77 : 0 168 103 7 0
78 : 264 186 4 3 0
79 : 182 137 11 37 1
80 : 225 186 8 3 0
81 : 126 181 4 26 1
82 : 45 192 14 2 0
83 : 188 159 8 15 1
84 : 45 124 13 44 1
85 : 58 190 40 2 0
86 : 0 137 12 38 1
87 : 89 124 39 13 0
88 : 240 181 4 16 1
89 : 138 190 2 37 1
90 : 268 186 4 3 0
91 : 149 175 6 9 1
92 : 28 186 13 4 0
93 : 155 137 12 15 1
94 : 256 190 22 2 0
95 : 225 168 7 13 1
96 : 128 124 13 35 1
97 : 0 39 29 48 1
98 : 290 192 9 1 0
99 : 297 0 30 3 1
100 : 219 137 11 31 1
101 : 278 190 21 2 0
102 : 118 186 4 4 0
103 : 299 68 14 1 1
104 : 57 194 1 9 1
105 : 63 159 9 12 1
106 : 98 190 2 40 1
107 : 44 91 22 18 0
108 : 140 159 8 17 1
109 : 277 192 13 1 0
110 : 156 68 22 28 1
111 : 84 159 8 36 1
112 : 249 186 3 7 1
113 : 195 91 18 15 1
114 : 279 91 14 21 1
115 : 215 39 24 45 1
116 : 298 186 4 2 1
117 : 135 110 22 14 0
118 : 118 192 95 1 0
119 : 80 39 26 68 1
120 : 0 186 15 4 0
121 : 82 181 5 7 1
122 : 111 0 46 38 0
123 : 72 194 4 1 0
124 : 113 186 4 5 1
125 : 0 190 58 2 0
126 : 203 159 14 8 0
127 : 125 91 17 47 1
128 : 210 91 15 15 0
129 : 122 175 6 18 1
130 : 0 159 9 17 1
131 : 0 192 16 2 0
132 : 140 175 9 6 0
133 : 238 168 7 7 0
134 : 286 181 14 4 0
135 : 254 175 5 22 1
136 : 125 137 12 15 1
137 : 295 137 11 5 1
138 : 49 159 9 14 1
139 : 163 124 33 13 0
140 : 90 186 8 4 0
141 : 103 168 28 7 0
142 : 66 91 17 59 1
143 : 89 181 4 37 1
144 : 48 194 9 1 0
145 : 158 175 6 9 1
146 : 120 159 20 8 0
147 : 24 194 24 1 0
148 : 225 91 14 54 1
149 : 0 149 49 10 0
150 : 292 110 14 8 1
151 : 282 149 9 18 1
152 : 106 186 4 7 1
153 : 17 159 9 16 1
154 : 272 0 25 37 0
155 : 48 39 32 29 0
156 : 98 186 8 4 0
157 : 16 192 2 15 1
158 : 167 175 61 5 0
159 : 177 181 4 22 1
160 : 173 159 8 15 1
161 : 255 68 19 25 1
162 : 199 181 4 21 1
163 : 19 181 5 19 1
164 : 0 91 19 24 1
165 : 214 110 14 17 1
166 : 297 168 7 3 1
167 : 126 186 29 3 0
168 : 256 181 15 4 0
169 : 96 149 10 12 1
170 : 158 149 43 9 0
171 : 188 186 14 3 0
172 : 113 192 2 3 1
173 : 220 181 20 4 0
174 : 46 68 22 62 1
175 : 283 39 17 17 0
176 : 272 186 26 2 0
177 : 140 137 15 12 0
178 : 175 190 2 36 1
179 : 222 0 32 50 1
180 : 276 175 5 22 1
181 : 157 159 16 8 0
182 : 81 110 14 30 1
183 : 298 175 5 2 1
184 : 299 192 1 2 0
185 : 233 186 8 3 0
186 : 227 159 30 7 0
187 : 73 186 4 9 1
188 : 216 186 9 3 0
189 : 202 186 14 3 0
190 : 0 110 42 14 0
191 : 201 149 34 9 0
192 : 53 186 4 11 1
193 : 39 0 38 72 1
194 : 66 194 6 1 0
195 : 256 186 3 5 1
196 : 217 159 10 8 0
197 : 170 137 12 12 0
198 : 41 186 4 12 1
199 : 231 110 13 61 1
