200 157
0 : 14 152 4 6 1
1 : 69 152 2 4 0
2 : 0 0 110 45 0
3 : 80 144 1 15 1
4 : 67 152 2 4 0
5 : 46 152 6 3 0
6 : 198 59 1 27 0
7 : 85 126 4 23 1
8 : 73 135 9 14 1
9 : 199 59 1 11 0
10 : 65 144 15 2 0
11 : 57 91 18 24 1
12 : 38 152 8 1 0
13 : 123 59 15 40 1
14 : 193 111 7 14 0
15 : 141 144 11 4 0
16 : 74 152 1 2 0
17 : 195 0 37 2 1
18 : 43 126 20 8 0
19 : 140 135 12 9 0
20 : 134 111 15 15 0
21 : 184 91 14 20 0
22 : 192 59 4 27 0
23 : 14 144 1 18 1
24 : 22 111 22 14 0
25 : 149 111 23 7 0
26 : 58 152 5 3 1
27 : 63 126 5 22 1
28 : 109 111 6 25 1
29 : 71 45 14 58 1
30 : 150 126 17 9 0
31 : 71 152 3 2 1
32 : 120 135 1 20 1
33 : 6 152 8 3 0
34 : 132 126 18 8 0
35 : 198 91 20 2 1
36 : 0 135 6 19 1
37 : 129 45 67 3 0
38 : 32 144 10 8 0
39 : 56 144 8 9 1
40 : 66 111 21 11 0
41 : 34 152 4 5 0
42 : 152 135 4 16 1
43 : 106 91 17 22 1
44 : 0 91 20 30 1
45 : 0 144 14 5 0
46 : 44 111 12 22 1
47 : 19 135 20 5 0
48 : 130 144 4 11 1
49 : 196 144 7 4 1
50 : 63 59 33 32 0
51 : 0 126 19 9 0
52 : 30 91 27 16 0
53 : 55 135 18 5 0
54 : 39 135 8 16 1
55 : 26 152 8 1 0
56 : 64 152 4 3 1
57 : 0 45 3 71 1
58 : 194 0 41 1 1
59 : 168 135 15 5 0
60 : 151 91 33 4 0
61 : 103 135 5 17 1
62 : 194 135 4 9 0
63 : 108 126 3 24 1
64 : 183 135 11 8 0
65 : 0 152 6 5 0
66 : 110 0 50 27 0
67 : 81 91 25 16 0
68 : 163 59 22 29 0
69 : 19 126 4 24 1
70 : 172 111 8 21 1
71 : 52 152 6 2 0
72 : 95 144 9 7 0
73 : 104 144 14 2 0
74 : 42 144 14 3 0
75 : 0 111 15 22 1
76 : 199 135 1 8 0
77 : 87 135 7 16 1
78 : 180 144 3 10 1
79 : 167 126 21 5 0
80 : 198 135 1 9 0
81 : 190 0 4 45 0
82 : 152 144 14 1 0
83 : 160 0 41 18 1
84 : 96 59 27 30 0
85 : 166 144 7 7 0
86 : 190 144 6 6 0
87 : 185 59 7 32 0
88 : 61 152 4 3 1
89 : 178 0 44 12 1
90 : 73 152 1 2 0
91 : 118 144 12 3 0
92 : 87 111 22 10 0
93 : 196 59 27 2 1
94 : 0 59 5 63 1
95 : 128 91 23 15 0
96 : 173 144 7 7 0
97 : 196 45 14 4 1
98 : 188 126 9 12 1
99 : 20 152 3 6 1
