300 306
0 : 61 302 2 3 0
1 : 108 256 18 12 0
2 : 15 293 14 5 0
3 : 292 271 11 6 1
4 : 218 256 12 16 1
5 : 39 179 6 44 1
6 : 266 293 2 10 1
7 : 298 103 2 23 0
8 : 0 156 52 6 0
9 : 0 179 12 39 1
10 : 292 38 7 26 0
11 : 43 283 10 13 1
12 : 126 283 19 3 0
13 : 0 103 59 12 0
14 : 188 293 2 14 1
15 : 250 293 8 4 1
16 : 50 64 39 39 0
17 : 149 220 14 24 1
18 : 106 220 20 19 0
19 : 24 302 4 4 0
20 : 267 239 18 14 0
21 : 51 239 12 23 1
22 : 54 220 30 12 0
23 : 66 302 1 2 0
24 : 298 271 2 11 0
25 : 82 256 5 26 1
26 : 93 271 9 16 1
27 : 175 0 65 32 0
28 : 31 220 23 19 0
29 : 273 271 5 19 1
30 : 259 271 10 14 1
31 : 0 239 6 30 1
32 : 51 256 31 1 0
33 : 174 283 16 5 0
34 : 0 256 26 6 0
35 : 282 293 8 3 1
36 : 159 283 7 15 1
37 : 63 302 2 2 0
38 : 146 271 1 24 1
39 : 198 127 9 50 1
40 : 0 302 7 2 0
41 : 147 239 20 14 0
42 : 294 156 22 6 1
43 : 37 302 3 4 0
44 : 52 302 2 4 0
45 : 12 302 7 2 0
46 : 59 103 22 48 1
47 : 163 38 67 26 0
48 : 245 179 22 23 1
49 : 257 64 39 14 0
50 : 239 220 7 29 1
51 : 52 156 13 45 1
52 : 237 271 22 2 0
53 : 260 283 14 5 0
54 : 111 179 19 29 1
55 : 298 293 8 2 1
56 : 107 103 46 23 0
57 : 290 179 22 9 1
58 : 190 283 7 14 1
59 : 167 239 1 33 1
60 : 289 103 25 9 1
61 : 96 293 13 4 0
62 : 226 156 23 29 1
63 : 223 201 11 31 1
64 : 82 293 14 3 0
65 : 67 302 1 2 0
66 : 26 256 7 25 1
67 : 102 239 28 7 0
68 : 268 179 20 22 1
69 : 274 283 15 4 0
70 : 167 256 4 25 1
71 : 238 293 9 4 1
72 : 126 220 23 16 0
73 : 218 239 14 19 1
74 : 0 201 10 34 1
75 : 59 293 9 9 0
76 : 54 302 2 4 0
77 : 72 0 103 7 0
78 : 46 302 4 3 1
79 : 140 179 11 37 1
80 : 279 293 8 3 1
81 : 141 256 4 26 1
82 : 174 293 14 2 0
83 : 85 283 8 15 1
84 : 97 156 13 44 1
85 : 183 201 40 2 0
86 : 286 0 12 38 0
87 : 255 156 39 13 0
88 : 229 283 4 16 1
89 : 298 0 2 37 0
90 : 49 302 4 3 1
91 : 202 293 6 9 0
92 : 138 293 13 4 0
93 : 0 271 12 15 1
94 : 0 283 22 2 0
95 : 216 283 7 13 1
96 : 177 179 13 35 1
97 : 89 64 29 48 1
98 : 295 293 9 1 1
99 : 237 239 30 3 0
100 : 0 220 11 31 1
101 : 22 283 21 2 0
102 : 28 302 4 4 0
103 : 299 239 14 1 1
104 : 296 293 1 9 0
105 : 204 283 9 12 1
106 : 254 201 2 40 1
107 : 84 220 22 18 0
108 : 76 271 8 17 1
109 : 299 220 13 1 1
110 : 83 179 22 28 1
111 : 34 201 8 36 1
112 : 289 293 3 7 0
113 : 200 239 18 15 0
114 : 30 239 14 21 1
115 : 153 103 24 45 1
116 : 56 302 4 2 1
117 : 268 220 22 14 0
118 : 0 38 95 1 0
119 : 95 38 26 68 1
120 : 0 293 15 4 0
121 : 261 293 5 7 0
122 : 240 0 46 38 0
123 : 58 302 4 1 1
124 : 7 302 4 5 1
125 : 140 127 58 2 0
126 : 145 283 14 8 0
127 : 61 127 17 47 1
128 : 126 256 15 15 0
129 : 294 201 6 18 0
130 : 59 271 9 17 1
131 : 43 293 16 2 0
132 : 208 293 9 6 1
133 : 231 293 7 7 0
134 : 29 293 14 4 0
135 : 266 256 5 22 1
136 : 288 256 12 15 0
137 : 163 293 11 5 0
138 : 56 283 9 14 1
139 : 212 179 33 13 0
140 : 246 293 8 4 1
141 : 74 239 28 7 0
142 : 137 64 17 59 1
143 : 296 64 4 37 0
144 : 297 293 9 1 1
145 : 214 293 6 9 0
146 : 234 256 20 8 0
147 : 299 38 24 1 1
148 : 198 103 14 54 1
149 : 248 127 49 10 0
150 : 100 283 14 8 0
151 : 290 220 9 18 0
152 : 285 293 4 7 0
153 : 109 271 9 16 1
154 : 252 103 25 37 1
155 : 108 127 32 29 0
156 : 257 293 8 4 1
157 : 123 293 2 15 1
158 : 0 127 61 5 0
159 : 37 271 4 22 1
160 : 70 283 8 15 1
161 : 100 201 19 25 1
162 : 125 271 4 21 1
163 : 190 271 5 19 1
164 : 159 201 19 24 1
165 : 285 239 14 17 0
166 : 292 293 7 3 1
167 : 297 127 29 3 1
168 : 245 283 15 4 0
169 : 114 283 10 12 1
170 : 183 156 43 9 0
171 : 68 293 14 3 0
172 : 59 302 2 3 0
173 : 170 271 20 4 0
174 : 230 38 22 62 1
175 : 130 239 17 17 0
176 : 192 256 26 2 0
177 : 254 256 15 12 1
178 : 173 220 2 36 1
179 : 0 64 32 50 1
180 : 15 271 5 22 1
181 : 209 271 16 8 0
182 : 70 201 14 30 1
183 : 32 302 5 2 0
184 : 65 302 1 2 0
185 : 276 293 8 3 1
186 : 209 220 30 7 0
187 : 242 293 4 9 0
188 : 254 293 9 3 1
189 : 109 293 14 3 0
190 : 141 156 42 14 0
191 : 125 201 34 9 0
192 : 220 293 4 11 1
193 : 0 0 38 72 1
194 : 40 302 6 1 0
195 : 19 302 3 5 1
196 : 289 283 10 8 0
197 : 225 271 12 12 0
198 : 151 293 4 12 1
199 : 196 64 13 61 1
