100 51
0 : 0 8 4 22 1
1 : 49 34 9 4 0
2 : 19 12 18 10 0
3 : 0 12 19 9 0
4 : 78 34 5 4 0
5 : 30 38 3 3 0
6 : 22 8 4 15 1
7 : 97 37 1 3 1
8 : 25 1 13 3 0
9 : 0 38 13 14 1
10 : 95 34 2 4 0
11 : 99 23 1 14 0
12 : 32 27 8 13 1
13 : 48 27 1 7 0
14 : 66 23 11 16 1
15 : 25 6 11 1 0
16 : 0 0 38 1 0
17 : 60 26 9 5 1
18 : 45 27 2 8 0
19 : 60 35 6 2 0
20 : 58 34 2 4 0
21 : 74 20 2 21 1
22 : 73 34 4 5 1
23 : 32 23 17 4 0
24 : 39 35 7 2 0
25 : 83 37 5 1 0
26 : 49 23 3 17 1
27 : 46 35 2 3 1
28 : 0 1 7 25 1
29 : 27 38 3 3 0
30 : 66 34 4 7 1
31 : 14 38 8 10 0
32 : 0 23 32 15 0
33 : 83 34 5 3 0
34 : 32 35 7 3 0
35 : 97 23 2 14 0
36 : 22 38 5 6 0
37 : 37 8 14 1 1
38 : 49 26 11 8 0
39 : 82 23 15 11 0
40 : 65 26 9 1 1
41 : 0 21 1 17 1
42 : 92 34 3 4 0
43 : 74 0 20 26 1
44 : 25 4 13 2 0
45 : 88 34 4 4 0
46 : 47 27 1 8 0
47 : 38 0 23 36 1
48 : 33 38 2 2 0
49 : 95 20 4 2 0
