1000 1285
0 : 905 220 94 6 0
1 : 999 350 22 1 1
2 : 770 1136 25 23 1
3 : 991 969 2 13 0
4 : 961 1136 7 6 1
5 : 404 85 16 133 1
6 : 788 788 37 13 1
7 : 876 491 42 91 1
8 : 747 788 32 7 1
9 : 956 28 4 53 0
10 : 0 969 27 10 0
11 : 728 659 57 16 1
12 : 998 296 32 2 1
13 : 133 1199 2 3 0
14 : 277 1050 31 41 1
15 : 998 457 22 1 1
16 : 601 113 1 103 1
17 : 226 1199 4 4 0
18 : 965 154 7 62 0
19 : 981 113 41 5 1
20 : 357 1136 24 19 1
21 : 417 1050 50 59 1
22 : 612 788 69 42 1
23 : 454 1136 67 63 0
24 : 103 220 168 76 0
25 : 917 726 19 52 0
26 : 999 1136 1 2 0
27 : 594 491 29 79 1
28 : 991 457 31 3 1
29 : 843 659 18 58 0
30 : 682 969 5 18 0
31 : 925 874 23 41 0
32 : 450 408 3 69 1
33 : 87 1199 9 10 0
34 : 366 220 112 22 0
35 : 839 1050 11 19 0
36 : 186 28 202 57 0
37 : 263 1050 14 24 0
38 : 148 969 60 77 1
39 : 979 28 48 3 1
40 : 538 969 40 25 1
41 : 993 969 4 14 0
42 : 113 969 37 20 1
43 : 352 659 69 26 0
44 : 100 1199 28 29 0
45 : 582 969 17 32 0
46 : 798 85 9 119 1
47 : 972 113 40 4 1
48 : 541 569 15 61 1
49 : 936 726 48 16 1
50 : 981 350 14 55 0
51 : 535 1136 15 19 0
52 : 802 296 34 113 1
53 : 687 969 94 81 0
54 : 61 726 53 15 0
55 : 875 788 8 31 0
56 : 784 969 1 14 0
57 : 276 1199 36 36 0
58 : 312 1199 1 1 0
59 : 997 154 3 33 0
60 : 992 1050 12 5 1
61 : 135 1199 12 11 1
62 : 599 969 24 9 1
63 : 816 969 20 32 0
64 : 61 659 82 39 0
65 : 555 491 21 72 0
66 : 976 457 34 6 1
67 : 966 28 56 8 1
68 : 189 1050 25 15 1
69 : 937 154 66 2 1
70 : 567 457 18 79 1
71 : 204 1050 29 39 1
72 : 324 350 41 115 1
73 : 100 154 104 6 0
74 : 540 874 44 25 0
75 : 609 1136 15 18 0
76 : 968 350 49 7 1
77 : 439 350 22 95 1
78 : 764 1136 8 6 1
79 : 190 788 7 38 0
80 : 990 408 7 42 0
81 : 174 408 49 116 1
82 : 531 788 69 41 1
83 : 576 491 69 18 1
84 : 982 28 5 50 0
85 : 867 1136 23 24 0
86 : 616 296 91 8 0
87 : 83 569 34 83 1
88 : 847 1136 9 8 1
89 : 416 874 13 33 0
90 : 252 874 32 11 0
91 : 133 969 9 26 0
92 : 537 874 22 3 1
93 : 440 1136 18 14 1
94 : 0 296 143 54 0
95 : 191 350 133 58 0
96 : 308 874 15 36 1
97 : 990 726 6 38 0
98 : 290 408 71 4 0
99 : 415 1136 9 4 1
100 : 122 113 17 125 1
101 : 985 1050 7 14 0
102 : 397 1050 8 17 0
103 : 287 1136 26 32 0
104 : 403 1136 17 12 1
105 : 672 408 29 94 1
106 : 230 1199 14 14 0
107 : 234 726 22 59 1
108 : 915 296 75 2 0
109 : 946 969 10 21 0
110 : 987 28 48 4 1
111 : 340 1136 17 22 0
112 : 519 408 77 11 0
113 : 449 491 90 39 0
114 : 537 85 126 10 0
115 : 916 788 27 4 1
116 : 710 1050 32 24 1
117 : 989 569 11 51 0
118 : 394 491 70 16 1
119 : 494 659 70 27 0
120 : 711 1136 22 25 0
121 : 991 28 4 48 0
122 : 733 1136 5 8 0
123 : 950 1136 11 12 0
124 : 997 408 3 33 0
125 : 738 1136 19 16 1
126 : 673 491 42 92 1
127 : 0 0 28 226 1
128 : 825 1136 22 23 0
129 : 579 1136 11 8 1
130 : 583 726 49 15 0
131 : 986 113 3 39 0
132 : 315 457 94 32 0
133 : 572 788 68 40 1
134 : 754 1136 4 1 1
135 : 0 874 36 14 0
136 : 434 1136 10 6 1
137 : 605 1050 22 14 1
138 : 740 457 67 7 0
139 : 807 457 21 81 1
140 : 256 85 28 148 1
141 : 40 1050 36 47 1
142 : 0 726 22 61 1
143 : 985 154 62 9 1
144 : 995 874 5 22 0
145 : 726 874 95 114 1
146 : 235 457 18 80 1
147 : 480 569 61 15 0
148 : 995 113 35 2 1
149 : 836 969 3 15 0
150 : 168 457 5 67 1
151 : 954 408 47 9 1
152 : 888 726 50 17 1
153 : 916 1050 32 25 1
154 : 322 1050 4 14 0
155 : 436 969 24 8 1
156 : 0 113 122 12 0
157 : 813 154 123 30 0
158 : 185 1136 6 12 0
159 : 951 154 2 59 0
160 : 0 457 92 28 0
161 : 953 28 53 2 1
162 : 698 1050 12 20 0
163 : 825 113 41 140 1
164 : 979 788 29 6 1
165 : 344 874 59 38 0
166 : 683 874 32 13 1
167 : 855 788 15 38 0
168 : 173 1136 18 12 1
169 : 992 113 3 38 0
170 : 920 1136 31 30 1
171 : 972 154 58 3 1
172 : 518 874 5 25 0
173 : 763 788 32 7 1
174 : 900 874 25 43 0
175 : 495 457 11 72 1
176 : 666 969 4 18 0
177 : 142 969 23 6 1
178 : 705 1136 9 6 1
179 : 795 726 71 38 0
180 : 226 0 10 202 1
181 : 318 1050 14 4 1
182 : 352 969 5 21 0
183 : 963 1050 29 22 1
184 : 984 408 42 6 1
185 : 727 726 35 68 1
186 : 429 874 40 20 0
187 : 979 154 59 6 1
188 : 265 491 11 68 0
189 : 284 874 24 3 0
190 : 994 154 3 45 0
191 : 642 1050 40 32 1
192 : 96 1136 29 22 1
193 : 276 491 14 70 0
194 : 608 969 1 16 0
195 : 373 969 50 34 1
196 : 873 350 6 76 1
197 : 840 874 22 40 0
198 : 534 350 75 4 0
199 : 785 969 1 14 0
200 : 947 154 61 4 1
201 : 795 1136 9 11 0
202 : 247 113 122 17 0
203 : 143 659 99 56 0
204 : 850 408 40 104 1
205 : 414 154 11 105 1
206 : 905 726 45 12 1
207 : 376 1136 32 27 1
208 : 999 788 1 18 0
209 : 364 1050 14 4 1
210 : 126 85 130 7 0
211 : 405 1050 16 7 1
212 : 521 1136 2 6 0
213 : 954 0 3 46 1
214 : 702 220 102 12 0
215 : 444 969 86 70 0
216 : 693 1136 15 12 1
217 : 684 28 10 139 1
218 : 0 1136 38 45 1
219 : 854 969 8 20 0
220 : 855 1136 9 8 1
221 : 900 969 24 12 1
222 : 0 408 22 91 1
223 : 475 113 22 126 1
224 : 87 1050 43 32 0
225 : 478 220 112 22 0
226 : 421 659 73 30 0
227 : 890 1136 31 30 1
228 : 563 969 34 19 1
229 : 689 1136 7 4 1
230 : 315 788 36 6 1
231 : 143 296 17 105 1
232 : 736 1050 17 9 1
233 : 674 1050 32 24 1
234 : 986 457 33 5 1
235 : 424 788 52 23 1
236 : 530 969 8 23 0
237 : 997 1050 8 2 1
238 : 596 408 10 76 1
239 : 114 726 70 33 0
240 : 167 1050 33 22 1
241 : 184 726 13 50 1
242 : 330 1050 21 31 0
243 : 623 1050 19 27 0
244 : 550 1136 17 13 1
245 : 313 1199 4 4 0
246 : 993 491 4 37 0
247 : 91 408 15 83 1
248 : 703 350 85 15 0
249 : 636 659 50 92 1
250 : 936 154 66 1 1
251 : 591 874 92 73 0
252 : 520 788 11 39 0
253 : 996 726 4 28 0
254 : 563 1136 10 14 0
255 : 624 1136 62 65 1
256 : 967 491 62 13 1
257 : 870 788 28 5 1
258 : 960 28 53 4 1
259 : 0 491 78 137 1
260 : 609 969 12 27 0
261 : 884 1050 18 10 1
262 : 416 726 19 54 1
263 : 548 1050 14 6 1
264 : 96 1199 5 4 1
265 : 0 85 126 1 0
266 : 45 1136 44 51 1
267 : 146 1199 9 8 1
268 : 564 659 72 29 0
269 : 754 788 9 34 0
270 : 191 1136 14 20 0
271 : 243 569 37 85 1
272 : 361 408 22 89 1
273 : 670 969 16 2 1
274 : 147 1136 26 32 0
275 : 781 969 16 3 1
276 : 357 969 32 16 1
277 : 480 788 69 40 1
278 : 635 969 31 45 0
279 : 646 457 34 94 1
280 : 689 569 90 45 0
281 : 466 788 43 14 1
282 : 206 788 78 109 1
283 : 997 85 26 1 1
284 : 517 726 32 66 1
285 : 979 969 5 16 0
286 : 742 788 30 5 1
287 : 351 1050 23 13 1
288 : 539 491 16 67 0
289 : 305 154 109 14 0
290 : 408 569 72 25 0
291 : 205 1136 12 18 0
292 : 963 408 6 44 0
293 : 823 788 32 9 1
294 : 672 969 10 24 0
295 : 997 491 26 3 1
296 : 409 457 25 86 1
297 : 271 220 4 95 1
298 : 948 874 65 47 1
299 : 364 788 60 31 1
300 : 347 969 5 22 0
301 : 243 1050 16 6 1
302 : 0 220 11 103 1
303 : 973 457 3 32 0
304 : 248 296 131 44 0
305 : 876 874 27 9 1
306 : 128 1199 3 2 1
307 : 469 874 49 29 0
308 : 956 350 56 12 1
309 : 995 28 4 47 0
310 : 0 350 26 105 1
311 : 105 350 86 10 0
312 : 204 154 5 101 1
313 : 293 726 57 22 0
314 : 262 1199 14 14 0
315 : 765 491 61 111 1
316 : 480 1050 50 41 0
317 : 955 28 50 1 1
318 : 476 1050 13 4 1
319 : 968 113 2 39 0
320 : 0 154 2 100 1
321 : 244 1199 18 18 0
322 : 696 874 49 30 1
323 : 975 350 48 6 1
324 : 632 726 95 62 0
325 : 999 220 68 1 1
326 : 602 569 41 87 1
327 : 941 1050 10 3 1
328 : 538 28 8 146 1
329 : 118 1136 21 15 1
330 : 470 726 47 13 0
331 : 412 1050 14 5 1
332 : 527 1136 12 8 1
333 : 259 1050 14 4 1
334 : 134 874 23 44 1
335 : 403 874 33 13 1
336 : 178 874 29 8 0
337 : 823 28 130 5 0
338 : 885 874 15 33 0
339 : 801 788 22 46 0
340 : 27 969 69 86 1
341 : 943 154 61 4 1
342 : 970 113 2 38 0
343 : 0 28 39 186 1
344 : 523 1136 8 4 1
345 : 0 788 119 86 0
346 : 447 788 48 19 1
347 : 786 969 22 9 1
348 : 939 154 65 3 1
349 : 734 1050 10 2 1
350 : 331 788 33 63 0
351 : 621 969 28 14 1
352 : 313 1136 23 28 0
353 : 654 788 40 14 1
354 : 999 28 43 1 1
355 : 810 969 6 18 0
356 : 0 1050 29 40 1
357 : 999 969 1 9 0
358 : 523 874 4 24 0
359 : 395 788 38 9 1
360 : 912 969 34 45 0
361 : 744 659 99 58 0
362 : 975 154 4 58 0
363 : 969 408 42 5 1
364 : 929 659 67 28 0
365 : 965 113 41 3 1
366 : 594 1050 11 19 0
367 : 866 726 55 22 1
368 : 534 1050 14 22 0
369 : 839 969 17 5 1
370 : 982 726 8 40 0
371 : 197 788 9 40 0
372 : 584 874 7 26 0
373 : 861 659 68 29 0
374 : 530 1050 4 13 0
375 : 328 569 33 80 1
376 : 997 113 35 3 1
377 : 166 569 77 29 0
378 : 866 1050 26 18 1
379 : 960 154 5 61 0
380 : 745 1050 86 94 1
381 : 974 408 42 5 1
382 : 519 154 66 160 1
383 : 990 788 31 9 1
384 : 942 788 37 60 0
385 : 890 969 10 22 0
386 : 419 1136 15 20 0
387 : 682 788 43 17 1
388 : 920 788 45 22 1
389 : 229 1136 52 58 1
390 : 321 788 40 10 1
391 : 850 1050 24 16 1
392 : 590 220 112 22 0
393 : 178 1199 22 22 0
394 : 997 969 2 12 0
395 : 249 1050 10 20 0
396 : 587 1136 25 22 1
397 : 388 28 10 150 1
398 : 969 457 4 33 0
399 : 290 491 50 104 1
400 : 727 788 40 15 1
401 : 479 296 53 137 1
402 : 996 659 4 30 0
403 : 883 788 56 33 1
404 : 125 788 32 63 0
405 : 326 1050 4 14 0
406 : 679 154 134 41 0
407 : 979 1136 19 20 0
408 : 755 1136 5 7 0
409 : 699 788 28 54 0
410 : 379 1050 14 5 1
411 : 995 350 42 4 1
412 : 98 874 36 15 0
413 : 609 350 94 23 0
414 : 956 969 34 23 1
415 : 976 1136 3 4 0
416 : 990 296 50 8 1
417 : 982 457 32 4 1
418 : 0 659 18 61 1
419 : 949 350 58 7 1
420 : 998 85 24 2 1
421 : 426 491 23 75 0
422 : 395 1050 11 2 1
423 : 792 0 162 5 0
424 : 766 408 84 20 0
425 : 242 659 110 67 0
426 : 967 1136 10 9 1
427 : 130 1199 3 4 0
428 : 795 969 28 15 1
429 : 133 1136 14 20 0
430 : 989 113 3 38 0
431 : 379 296 15 100 1
432 : 984 969 18 7 1
433 : 979 408 5 42 0
434 : 779 569 76 31 0
435 : 622 0 8 170 1
436 : 425 969 21 5 1
437 : 974 28 5 51 0
438 : 952 726 13 45 0
439 : 862 874 14 32 0
440 : 154 1199 25 24 1
441 : 269 969 78 61 0
442 : 336 1136 9 4 1
443 : 804 220 12 101 1
444 : 999 457 21 1 1
445 : 663 85 135 21 0
446 : 760 1136 6 4 1
447 : 862 969 28 40 0
448 : 855 569 134 90 0
449 : 965 726 49 17 1
450 : 554 1050 40 48 0
451 : 157 788 33 64 0
452 : 0 569 34 83 1
453 : 917 85 2 80 1
454 : 707 296 95 12 0
455 : 200 1199 26 26 0
456 : 130 1050 26 37 1
457 : 65 874 33 11 0
458 : 804 1136 23 21 1
459 : 36 874 7 29 1
460 : 368 1050 11 20 0
461 : 980 491 13 60 0
462 : 998 1136 2 1 1
463 : 668 788 40 14 1
464 : 894 1050 30 22 1
465 : 207 874 24 45 1
466 : 430 969 6 22 0
467 : 350 726 66 31 0
468 : 573 1136 9 6 1
469 : 225 969 44 61 0
470 : 942 154 1 59 0
471 : 888 457 24 81 1
472 : 944 1050 19 26 0
473 : 704 113 19 121 1
474 : 832 788 46 23 1
475 : 770 788 6 31 0
476 : 976 113 5 41 0
477 : 217 1136 12 18 0
478 : 788 350 15 85 1
479 : 985 788 5 28 0
480 : 0 1199 86 87 1
481 : 776 788 36 12 1
482 : 953 154 64 7 1
483 : 863 1136 5 4 1
484 : 407 969 34 18 1
485 : 527 874 30 10 1
486 : 428 0 194 13 0
487 : 119 788 38 6 1
488 : 999 1050 1 4 0
489 : 369 113 106 2 0
490 : 384 1050 11 20 0
491 : 619 1050 4 12 0
492 : 844 969 22 10 1
493 : 137 491 70 128 1
494 : 92 457 14 76 1
495 : 994 457 4 31 0
496 : 793 1136 2 4 0
497 : 410 491 69 16 1
498 : 404 788 20 49 0
499 : 964 28 2 50 0
