100 67
0 : 45 33 4 22 1
1 : 77 54 9 4 0
2 : 63 23 18 10 0
3 : 81 23 19 9 0
4 : 37 59 5 4 0
5 : 0 64 3 3 0
6 : 34 46 4 15 1
7 : 5 64 1 3 0
8 : 14 54 13 3 0
9 : 16 33 13 14 1
10 : 98 59 2 4 0
11 : 54 54 1 14 1
12 : 88 33 8 13 0
13 : 70 59 1 7 1
14 : 0 33 11 16 1
15 : 86 54 11 1 0
16 : 0 23 38 1 0
17 : 68 54 9 5 0
18 : 13 59 2 8 1
19 : 77 59 6 2 0
20 : 96 59 2 4 0
21 : 67 33 2 21 1
22 : 57 59 4 5 0
23 : 0 46 17 4 0
24 : 42 59 7 2 0
25 : 91 59 5 1 0
26 : 17 46 3 17 1
27 : 3 64 2 3 0
28 : 38 23 7 25 1
29 : 88 59 3 3 0
30 : 6 59 4 7 1
31 : 60 46 8 10 1
32 : 36 0 32 15 0
33 : 65 59 5 3 0
34 : 21 59 7 3 0
35 : 0 54 2 14 1
36 : 0 59 5 6 1
37 : 27 54 14 1 0
38 : 49 46 11 8 0
39 : 30 33 15 11 0
40 : 28 59 9 1 0
41 : 70 46 1 17 1
42 : 83 59 3 4 0
43 : 68 0 20 26 1
44 : 41 54 13 2 0
45 : 61 59 4 4 0
46 : 49 59 1 8 1
47 : 0 0 23 36 1
48 : 6 64 2 2 0
49 : 86 59 4 2 1
