100 51
0 : 0 8 4 22 1
1 : 45 27 9 4 1
2 : 19 12 18 10 0
3 : 0 12 19 9 0
4 : 93 28 5 4 0
5 : 96 35 3 3 0
6 : 22 8 4 15 1
7 : 99 20 1 3 0
8 : 32 35 13 3 0
9 : 0 38 13 14 1
10 : 98 28 2 4 0
11 : 74 22 1 14 1
12 : 32 27 8 13 1
13 : 74 37 1 7 1
14 : 66 23 11 16 1
15 : 88 22 11 1 0
16 : 0 0 38 1 0
17 : 60 26 9 5 1
18 : 66 36 2 8 1
19 : 60 35 6 2 0
20 : 45 36 2 4 1
21 : 74 20 2 21 1
22 : 93 23 4 5 0
23 : 32 23 17 4 0
24 : 25 4 7 2 0
25 : 60 37 5 1 0
26 : 49 23 3 17 1
27 : 79 34 2 3 1
28 : 0 1 7 25 1
29 : 96 32 3 3 0
30 : 49 34 4 7 1
31 : 14 38 8 10 0
32 : 0 23 32 15 0
33 : 97 23 5 3 1
34 : 25 1 7 3 0
35 : 0 21 2 14 1
36 : 32 1 5 6 1
37 : 37 8 14 1 1
38 : 49 26 11 8 0
39 : 82 23 15 11 1
40 : 65 26 9 1 1
41 : 19 22 1 17 1
42 : 93 32 3 4 0
43 : 74 0 20 26 1
44 : 66 34 13 2 0
45 : 56 34 4 4 0
46 : 74 36 1 8 1
47 : 38 0 23 36 1
48 : 93 36 2 2 0
49 : 95 20 4 2 0
