300 202
0 : 0 0 2 3 1
1 : 3 0 18 12 0
2 : 21 0 14 5 0
3 : 35 0 11 6 1
4 : 41 0 12 16 1
5 : 57 0 6 44 1
6 : 101 0 2 10 0
7 : 103 0 2 23 1
8 : 126 0 52 6 0
9 : 178 0 12 39 1
10 : 217 0 7 26 1
11 : 243 0 10 13 1
12 : 256 0 19 3 0
13 : 0 12 59 12 0
14 : 21 5 2 14 1
15 : 217 7 8 4 0
16 : 59 12 39 39 0
17 : 98 12 14 24 0
18 : 112 12 20 19 1
19 : 21 7 4 4 0
20 : 131 12 18 14 1
21 : 275 0 12 23 1
22 : 145 12 30 12 1
23 : 35 11 1 2 1
24 : 243 10 2 11 1
25 : 57 6 5 26 1
26 : 256 3 9 16 1
27 : 157 12 65 32 0
28 : 222 12 23 19 1
29 : 126 6 5 19 1
30 : 103 2 10 14 1
31 : 145 6 6 30 1
32 : 241 12 31 1 1
33 : 225 7 16 5 0
34 : 242 12 26 6 1
35 : 0 2 8 3 1
36 : 248 12 7 15 0
37 : 101 10 2 2 0
38 : 57 11 1 24 1
39 : 0 51 9 50 1
40 : 298 0 7 2 1
41 : 131 30 20 14 1
42 : 157 44 22 6 0
43 : 272 3 3 4 0
44 : 241 7 2 4 0
45 : 248 27 7 2 0
46 : 0 24 22 48 1
47 : 50 51 67 26 0
48 : 255 12 22 23 0
49 : 277 12 39 14 1
50 : 179 44 7 29 1
51 : 117 51 13 45 1
52 : 248 29 22 2 1
53 : 98 36 14 5 0
54 : 162 51 19 29 1
55 : 117 2 8 2 0
56 : 191 51 46 23 0
57 : 255 35 22 9 0
58 : 208 44 7 14 1
59 : 0 46 1 33 1
60 : 291 12 25 9 1
61 : 242 38 13 4 1
62 : 237 51 23 29 1
63 : 266 51 11 31 1
64 : 98 41 14 3 0
65 : 81 11 1 2 1
66 : 48 24 7 25 0
67 : 0 77 28 7 0
68 : 28 77 20 22 1
69 : 0 47 15 4 0
70 : 55 24 4 25 0
71 : 117 4 9 4 0
72 : 0 60 23 16 0
73 : 112 32 14 19 0
74 : 117 64 10 34 1
75 : 145 42 9 9 0
76 : 298 7 2 4 0
77 : 50 77 103 7 0
78 : 175 6 4 3 1
79 : 153 77 11 37 1
80 : 191 74 8 3 0
81 : 15 47 4 26 1
82 : 291 37 14 2 1
83 : 266 62 8 15 0
84 : 190 77 13 44 1
85 : 199 74 40 2 0
86 : 234 77 12 38 1
87 : 0 97 39 13 0
88 : 222 35 4 16 0
89 : 153 88 2 37 1
90 : 272 7 4 3 1
91 : 83 6 6 9 1
92 : 151 64 13 4 1
93 : 274 62 12 15 0
94 : 250 29 22 2 1
95 : 155 64 7 13 0
96 : 50 84 13 35 1
97 : 39 97 29 48 1
98 : 126 11 9 1 0
99 : 117 74 30 3 0
100 : 85 84 11 31 1
101 : 85 95 21 2 0
102 : 117 8 4 4 0
103 : 131 50 14 1 0
104 : 157 50 1 9 1
105 : 0 84 9 12 0
106 : 153 90 2 40 1
107 : 272 77 22 18 0
108 : 23 60 8 17 0
109 : 166 50 13 1 0
110 : 87 97 22 28 0
111 : 234 89 8 36 1
112 : 255 44 3 7 0
113 : 31 60 18 15 0
114 : 109 97 14 21 0
115 : 123 97 24 45 1
116 : 246 38 4 2 1
117 : 168 97 22 14 1
118 : 182 97 95 1 0
119 : 0 126 26 68 1
120 : 226 35 15 4 0
121 : 25 7 5 7 1
122 : 68 126 46 38 0
123 : 21 11 4 1 0
124 : 121 8 4 5 1
125 : 153 92 58 2 0
126 : 109 118 14 8 0
127 : 182 98 17 47 1
128 : 0 110 15 15 0
129 : 294 77 6 18 0
130 : 9 84 9 17 1
131 : 193 90 16 2 0
132 : 92 6 9 6 0
133 : 98 44 7 7 0
134 : 293 37 14 4 1
135 : 123 121 5 22 1
136 : 226 39 12 15 1
137 : 126 32 11 5 1
138 : 286 62 9 14 0
139 : 116 84 33 13 0
140 : 9 93 8 4 0
141 : 162 70 28 7 0
142 : 114 126 17 59 1
143 : 182 115 4 37 1
144 : 0 96 9 1 0
145 : 258 44 6 9 1
146 : 277 97 20 8 0
147 : 199 76 24 1 0
148 : 173 126 14 54 1
149 : 227 126 49 10 0
150 : 15 110 14 8 0
151 : 277 105 9 18 0
152 : 41 47 4 7 1
153 : 286 105 9 16 0
154 : 229 98 25 37 1
155 : 0 164 32 29 0
156 : 126 43 8 4 1
157 : 295 62 2 15 0
158 : 168 119 61 5 0
159 : 145 121 4 22 1
160 : 15 118 8 15 1
161 : 114 143 19 25 1
162 : 295 105 4 21 0
163 : 139 143 5 19 0
164 : 173 140 19 24 0
165 : 144 143 14 17 0
166 : 297 37 7 3 1
167 : 153 94 29 3 0
168 : 158 143 15 4 0
169 : 0 152 10 12 0
170 : 10 152 43 9 0
171 : 239 74 14 3 0
172 : 0 10 2 3 1
173 : 276 126 20 4 0
174 : 32 164 22 62 1
175 : 192 140 17 17 0
176 : 272 95 26 2 0
177 : 53 152 15 12 0
178 : 168 124 2 36 1
179 : 94 164 32 50 1
180 : 209 140 5 22 0
181 : 158 147 16 8 1
182 : 276 130 14 30 0
183 : 209 162 5 2 0
184 : 241 11 1 2 1
185 : 297 97 8 3 1
186 : 290 130 30 7 1
187 : 149 84 4 9 0
188 : 154 42 9 3 1
189 : 252 29 14 3 1
190 : 227 136 42 14 0
191 : 227 150 34 9 0
192 : 17 93 4 11 1
193 : 144 164 38 72 1
194 : 217 11 6 1 0
195 : 32 7 3 5 0
196 : 29 110 10 8 0
197 : 214 140 12 12 0
198 : 144 160 4 12 1
199 : 216 164 13 61 1
