300 247
0 : 283 243 2 3 0
1 : 287 113 18 12 1
2 : 163 232 14 5 0
3 : 177 232 11 6 0
4 : 247 188 12 16 1
5 : 37 188 6 44 1
6 : 195 243 2 10 1
7 : 64 238 2 23 1
8 : 0 171 52 6 0
9 : 25 132 12 39 1
10 : 263 188 7 26 1
11 : 259 203 10 13 1
12 : 297 132 19 3 1
13 : 218 99 59 12 0
14 : 54 243 2 14 1
15 : 287 238 8 4 0
16 : 251 0 39 39 0
17 : 267 152 14 24 1
18 : 132 152 20 19 0
19 : 205 243 4 4 0
20 : 81 188 18 14 0
21 : 263 171 12 23 1
22 : 175 152 30 12 0
23 : 292 243 1 2 0
24 : 170 243 2 11 1
25 : 233 203 5 26 1
26 : 178 203 9 16 1
27 : 72 0 65 32 0
28 : 233 132 23 19 0
29 : 0 224 5 19 1
30 : 289 188 10 14 0
31 : 294 38 6 30 0
32 : 8 243 31 1 0
33 : 0 232 16 5 0
34 : 70 203 26 6 0
35 : 106 243 8 3 0
36 : 204 215 7 15 1
37 : 287 243 2 2 0
38 : 146 243 1 24 1
39 : 161 132 9 50 1
40 : 225 243 7 2 0
41 : 243 171 20 14 0
42 : 211 203 22 6 0
43 : 248 243 3 4 0
44 : 279 243 2 4 0
45 : 218 243 7 2 0
46 : 46 70 22 48 1
47 : 0 38 67 26 0
48 : 277 99 22 23 1
49 : 160 113 39 14 0
50 : 292 70 7 29 0
51 : 42 113 13 45 1
52 : 109 238 22 2 0
53 : 149 232 14 5 0
54 : 131 113 19 29 1
55 : 298 224 8 2 1
56 : 0 70 46 23 0
57 : 169 188 22 9 0
58 : 270 215 7 14 1
59 : 230 238 1 33 1
60 : 99 188 25 9 0
61 : 13 238 13 4 0
62 : 269 70 23 29 0
63 : 205 152 11 31 1
64 : 177 238 14 3 0
65 : 290 243 1 2 0
66 : 45 203 7 25 1
67 : 191 188 28 7 0
68 : 211 132 20 22 1
69 : 234 232 15 4 0
70 : 245 215 4 25 1
71 : 205 238 9 4 0
72 : 152 152 23 16 0
73 : 18 188 14 19 1
74 : 290 0 10 34 0
75 : 284 215 9 9 0
76 : 277 243 2 4 0
77 : 115 99 103 7 0
78 : 245 243 4 3 1
79 : 30 152 11 37 1
80 : 98 243 8 3 0
81 : 219 215 4 26 1
82 : 68 243 14 2 0
83 : 14 215 8 15 1
84 : 87 113 13 44 1
85 : 248 224 40 2 0
86 : 64 132 12 38 1
87 : 199 113 39 13 0
88 : 188 232 4 16 1
89 : 76 232 2 37 1
90 : 251 243 4 3 1
91 : 274 232 6 9 1
92 : 0 238 13 4 0
93 : 0 203 12 15 1
94 : 87 238 22 2 0
95 : 133 224 7 13 1
96 : 126 132 13 35 1
97 : 117 38 29 48 1
98 : 259 243 9 1 0
99 : 146 224 30 3 0
100 : 236 152 11 31 1
101 : 156 238 21 2 0
102 : 209 243 4 4 0
103 : 299 188 14 1 1
104 : 299 215 1 9 0
105 : 174 215 9 12 1
106 : 36 232 2 40 1
107 : 67 152 22 18 0
108 : 194 203 8 17 1
109 : 232 243 13 1 0
110 : 272 38 22 28 0
111 : 207 171 8 36 1
112 : 181 243 3 7 1
113 : 0 188 18 15 0
114 : 169 171 14 21 1
115 : 227 38 24 45 1
116 : 281 243 4 2 1
117 : 52 171 22 14 0
118 : 19 224 95 1 0
119 : 137 0 26 68 1
120 : 219 232 15 4 0
121 : 223 238 5 7 1
122 : 205 0 46 38 0
123 : 289 243 4 1 1
124 : 295 238 4 5 1
125 : 44 215 58 2 0
126 : 102 215 14 8 0
127 : 222 70 17 47 1
128 : 124 188 15 15 0
129 : 186 215 6 18 1
130 : 96 203 9 17 1
131 : 271 238 16 2 0
132 : 293 215 9 6 1
133 : 292 232 7 7 0
134 : 249 232 14 4 0
135 : 130 215 5 22 1
136 : 30 203 12 15 1
137 : 263 232 11 5 0
138 : 0 215 9 14 1
139 : 256 132 33 13 0
140 : 0 243 8 4 0
141 : 219 188 28 7 0
142 : 94 70 17 59 1
143 : 113 203 4 37 1
144 : 268 243 9 1 0
145 : 283 232 6 9 1
146 : 289 132 20 8 1
147 : 114 243 24 1 0
148 : 61 99 14 54 1
149 : 238 113 49 10 0
150 : 116 215 14 8 0
151 : 291 152 9 18 0
152 : 82 243 4 7 1
153 : 162 203 9 16 1
154 : 185 70 25 37 1
155 : 153 70 32 29 0
156 : 263 238 8 4 0
157 : 39 243 2 15 1
158 : 108 171 61 5 0
159 : 176 224 4 22 1
160 : 29 215 8 15 1
161 : 0 132 19 25 1
162 : 227 224 4 21 1
163 : 114 224 5 19 1
164 : 102 132 19 24 1
165 : 286 171 14 17 0
166 : 188 243 7 3 0
167 : 198 224 29 3 0
168 : 204 232 15 4 0
169 : 288 203 10 12 1
170 : 89 152 43 9 0
171 : 142 238 14 3 0
172 : 285 243 2 3 0
173 : 16 232 20 4 0
174 : 165 38 22 62 1
175 : 190 171 17 17 0
176 : 26 238 26 2 0
177 : 15 203 15 12 0
178 : 113 232 2 36 1
179 : 67 38 32 50 1
180 : 152 215 5 22 1
181 : 272 203 16 8 0
182 : 0 152 14 30 1
183 : 254 243 5 2 0
184 : 291 243 1 2 0
185 : 138 243 8 3 0
186 : 139 188 30 7 0
187 : 214 238 4 9 1
188 : 89 243 9 3 0
189 : 191 238 14 3 0
190 : 0 113 42 14 0
191 : 74 171 34 9 0
192 : 131 238 4 11 1
193 : 0 0 38 72 1
194 : 299 232 6 1 1
195 : 213 243 3 5 1
196 : 288 224 10 8 0
197 : 150 203 12 12 0
198 : 52 238 4 12 1
199 : 0 99 13 61 1
