1000 701
0 : 902 484 94 6 0
1 : 658 690 22 1 0
2 : 970 647 25 23 1
3 : 492 680 2 13 0
4 : 674 691 7 6 1
5 : 372 288 16 133 1
6 : 179 648 37 13 0
7 : 614 341 42 91 1
8 : 97 673 32 7 0
9 : 382 625 4 53 1
10 : 622 674 27 10 0
11 : 49 579 57 16 0
12 : 52 680 32 2 0
13 : 492 693 2 3 0
14 : 713 580 31 41 1
15 : 0 690 22 1 0
16 : 997 333 1 103 0
17 : 973 694 4 4 0
18 : 392 591 7 62 1
19 : 585 659 41 5 0
20 : 708 666 24 19 0
21 : 58 436 50 59 1
22 : 207 429 69 42 0
23 : 926 338 67 63 0
24 : 428 0 168 76 0
25 : 652 584 19 52 1
26 : 263 690 1 2 0
27 : 276 442 29 79 1
28 : 89 680 31 3 0
29 : 277 564 18 58 1
30 : 612 690 5 18 1
31 : 964 591 23 41 0
32 : 266 582 3 69 1
33 : 62 692 9 10 1
34 : 168 329 112 22 0
35 : 705 685 11 19 1
36 : 0 0 202 57 0
37 : 885 662 14 24 0
38 : 415 304 60 77 1
39 : 630 644 48 3 0
40 : 293 605 40 25 0
41 : 753 693 4 14 1
42 : 365 629 37 20 0
43 : 0 519 69 26 0
44 : 784 629 28 29 1
45 : 714 649 17 32 1
46 : 352 364 9 119 1
47 : 658 663 40 4 0
48 : 652 569 15 61 1
49 : 790 613 48 16 0
50 : 597 589 14 55 1
51 : 953 675 15 19 0
52 : 505 301 34 113 1
53 : 303 147 94 81 0
54 : 49 595 53 15 0
55 : 463 672 8 31 1
56 : 999 679 1 14 0
57 : 754 580 36 36 0
58 : 704 692 1 1 0
59 : 769 676 3 33 1
60 : 567 694 12 5 0
61 : 847 685 12 11 0
62 : 968 681 24 9 0
63 : 281 639 20 32 1
64 : 446 388 82 39 0
65 : 799 522 21 72 1
66 : 59 671 34 6 0
67 : 504 614 56 8 0
68 : 658 671 25 15 0
69 : 392 601 66 2 0
70 : 0 501 18 79 1
71 : 925 591 29 39 1
72 : 257 249 41 115 1
73 : 101 430 104 6 0
74 : 515 563 44 25 1
75 : 209 682 15 18 1
76 : 482 630 49 7 0
77 : 875 401 22 95 1
78 : 257 690 8 6 1
79 : 176 661 7 38 1
80 : 313 654 7 42 1
81 : 397 212 49 116 1
82 : 765 431 69 41 0
83 : 730 540 69 18 0
84 : 678 633 5 50 1
85 : 0 654 23 24 1
86 : 908 490 91 8 0
87 : 682 400 34 83 1
88 : 430 691 9 8 0
89 : 463 659 13 33 1
90 : 141 666 32 11 0
91 : 527 678 9 26 1
92 : 49 689 22 3 0
93 : 494 683 18 14 0
94 : 422 76 143 54 0
95 : 0 80 133 58 0
96 : 678 643 15 36 1
97 : 59 662 6 38 1
98 : 713 576 71 4 0
99 : 873 693 9 4 0
100 : 290 304 17 125 1
101 : 512 690 7 14 1
102 : 128 689 8 17 1
103 : 184 622 26 32 1
104 : 882 686 17 12 0
105 : 65 374 29 94 1
106 : 381 684 14 14 0
107 : 411 556 22 59 1
108 : 277 562 75 2 0
109 : 360 684 10 21 1
110 : 630 640 48 4 0
111 : 683 671 17 22 1
112 : 485 534 77 11 0
113 : 168 351 90 39 0
114 : 722 327 126 10 0
115 : 612 684 27 4 0
116 : 216 631 32 24 0
117 : 232 616 11 51 1
118 : 411 540 70 16 0
119 : 503 507 70 27 0
120 : 528 656 22 25 1
121 : 678 638 4 48 1
122 : 201 694 5 8 1
123 : 942 686 11 12 0
124 : 56 677 3 33 1
125 : 573 678 19 16 0
126 : 834 338 42 92 1
127 : 202 0 28 226 1
128 : 746 661 22 23 1
129 : 145 689 11 8 1
130 : 333 614 49 15 0
131 : 240 667 3 39 1
132 : 352 373 94 32 0
133 : 834 448 68 40 0
134 : 463 689 4 1 1
135 : 630 647 36 14 0
136 : 72 689 10 6 1
137 : 326 666 22 14 1
138 : 199 578 67 7 0
139 : 117 476 21 81 1
140 : 656 170 28 148 1
141 : 187 531 36 47 0
142 : 925 548 22 61 1
143 : 199 585 62 9 0
144 : 527 687 5 22 1
145 : 893 39 95 114 0
146 : 813 494 18 80 1
147 : 925 570 61 15 0
148 : 769 674 35 2 0
149 : 552 693 3 15 1
150 : 925 585 5 67 1
151 : 283 630 47 9 0
152 : 540 597 50 17 0
153 : 333 629 32 25 0
154 : 680 693 4 14 1
155 : 84 683 24 8 0
156 : 492 335 122 12 0
157 : 612 271 123 30 0
158 : 741 693 6 12 1
159 : 998 548 2 59 0
160 : 159 390 92 28 0
161 : 728 633 53 2 0
162 : 108 683 12 20 1
163 : 422 130 41 140 1
164 : 23 679 29 6 0
165 : 740 502 59 38 0
166 : 626 661 32 13 0
167 : 59 636 15 38 1
168 : 153 684 18 12 0
169 : 59 668 3 38 1
170 : 560 614 31 30 1
171 : 682 617 58 3 0
172 : 439 684 5 25 1
173 : 24 672 32 7 0
174 : 871 596 25 43 1
175 : 0 545 11 72 1
176 : 968 690 4 18 1
177 : 919 686 23 6 0
178 : 986 690 9 6 1
179 : 673 434 71 38 0
180 : 0 57 10 202 1
181 : 919 692 14 4 0
182 : 23 688 5 21 1
183 : 434 640 29 22 0
184 : 99 654 42 6 0
185 : 508 472 35 68 1
186 : 914 620 40 20 0
187 : 682 611 59 6 0
188 : 652 558 11 68 1
189 : 805 687 24 3 0
190 : 216 655 3 45 1
191 : 352 582 40 32 0
192 : 901 640 29 22 0
193 : 481 545 14 70 1
194 : 35 693 1 16 1
195 : 875 543 50 34 0
196 : 799 553 6 76 1
197 : 0 614 22 40 1
198 : 470 559 75 4 0
199 : 47 694 1 14 1
200 : 232 612 61 4 0
201 : 95 691 9 11 1
202 : 290 321 122 17 0
203 : 748 198 99 56 1
204 : 618 301 40 104 1
205 : 0 408 11 105 1
206 : 590 622 45 12 0
207 : 152 620 32 27 0
208 : 44 692 1 18 1
209 : 297 692 14 4 0
210 : 78 322 130 7 0
211 : 992 681 16 7 1
212 : 963 694 2 6 1
213 : 97 651 3 46 1
214 : 105 418 102 12 0
215 : 915 197 86 70 1
216 : 227 682 15 12 1
217 : 164 290 10 139 1
218 : 562 536 38 45 1
219 : 189 686 8 20 1
220 : 821 690 9 8 1
221 : 129 677 24 12 0
222 : 310 420 22 91 1
223 : 164 300 22 126 1
224 : 839 559 43 32 1
225 : 280 338 112 22 0
226 : 740 472 73 30 0
227 : 838 602 31 30 0
228 : 40 614 34 19 1
229 : 784 692 7 4 0
230 : 369 666 36 6 0
231 : 792 380 17 105 1
232 : 724 688 17 9 0
233 : 402 629 32 24 0
234 : 430 673 33 5 0
235 : 545 574 52 23 0
236 : 416 683 8 23 1
237 : 589 694 8 2 0
238 : 799 543 10 76 1
239 : 670 472 70 33 0
240 : 248 631 33 22 0
241 : 102 614 13 50 1
242 : 813 639 21 31 1
243 : 844 639 19 27 0
244 : 264 680 17 13 1
245 : 969 694 4 4 0
246 : 658 667 4 37 1
247 : 198 491 15 83 1
248 : 289 480 85 15 0
249 : 908 283 50 92 1
250 : 232 604 66 1 0
251 : 656 198 92 73 0
252 : 585 648 11 39 1
253 : 801 683 4 28 1
254 : 482 684 10 14 0
255 : 0 346 62 65 1
256 : 137 578 62 13 0
257 : 297 681 28 5 0
258 : 216 627 53 4 0
259 : 756 39 78 137 1
260 : 369 672 12 27 1
261 : 171 686 18 10 0
262 : 871 577 19 54 1
263 : 416 691 14 6 0
264 : 958 694 5 4 0
265 : 471 373 126 1 0
266 : 609 511 44 51 1
267 : 933 692 9 8 0
268 : 431 478 72 29 0
269 : 922 666 9 34 1
270 : 340 680 14 20 1
271 : 597 383 37 85 1
272 : 401 427 22 89 1
273 : 311 693 16 2 0
274 : 869 621 26 32 1
275 : 768 692 16 3 0
276 : 512 637 32 16 1
277 : 117 436 69 40 0
278 : 470 563 31 45 1
279 : 258 360 34 94 1
280 : 78 329 90 45 0
281 : 635 626 43 14 0
282 : 194 118 78 109 1
283 : 999 653 26 1 1
284 : 356 495 32 66 1
285 : 658 691 5 16 1
286 : 425 678 30 5 0
287 : 0 677 23 13 0
288 : 288 546 16 67 1
289 : 446 374 109 14 0
290 : 153 506 72 25 0
291 : 464 684 12 18 1
292 : 994 609 6 44 0
293 : 173 668 32 9 0
294 : 240 680 10 24 1
295 : 23 685 26 3 0
296 : 875 423 25 86 1
297 : 813 490 4 95 1
298 : 608 420 65 47 0
299 : 79 526 60 31 0
300 : 682 688 5 22 1
301 : 805 690 16 6 0
302 : 207 418 11 103 1
303 : 769 679 3 32 1
304 : 861 153 131 44 0
305 : 182 677 27 9 0
306 : 340 694 3 2 0
307 : 0 559 49 29 0
308 : 261 592 56 12 0
309 : 132 647 4 47 1
310 : 492 347 26 105 1
311 : 799 512 86 10 0
312 : 508 467 5 101 1
313 : 80 557 57 22 0
314 : 791 687 14 14 0
315 : 804 197 61 111 1
316 : 959 498 50 41 1
317 : 678 642 50 1 0
318 : 327 693 13 4 0
319 : 553 670 2 39 1
320 : 998 333 2 100 0
321 : 279 667 18 18 0
322 : 790 559 49 30 0
323 : 434 634 48 6 0
324 : 0 223 95 62 0
325 : 925 590 68 1 0
326 : 705 359 41 87 1
327 : 694 693 10 3 0
328 : 392 280 8 146 1
329 : 512 669 21 15 1
330 : 682 620 47 13 0
331 : 538 692 14 5 0
332 : 526 692 12 8 0
333 : 859 693 14 4 0
334 : 638 603 23 44 1
335 : 99 660 33 13 0
336 : 396 675 29 8 0
337 : 848 333 130 5 0
338 : 143 651 15 33 1
339 : 458 594 22 46 1
340 : 95 223 69 86 0
341 : 0 610 61 4 0
342 : 553 672 2 38 1
343 : 756 0 39 186 1
344 : 408 694 8 4 0
345 : 336 28 119 86 1
346 : 590 603 48 19 0
347 : 860 684 22 9 0
348 : 392 598 65 3 0
349 : 579 694 10 2 0
350 : 422 507 33 63 1
351 : 341 666 28 14 0
352 : 557 645 23 28 1
353 : 590 634 40 14 0
354 : 214 663 43 1 0
355 : 239 690 6 18 1
356 : 152 591 29 40 1
357 : 603 694 1 9 1
358 : 658 686 4 24 1
359 : 930 657 38 9 0
360 : 607 555 34 45 1
361 : 513 222 99 58 0
362 : 437 616 4 58 1
363 : 258 659 42 5 0
364 : 288 518 67 28 0
365 : 257 664 41 3 0
366 : 639 684 11 19 1
367 : 355 560 55 22 0
368 : 732 666 14 22 0
369 : 78 691 17 5 0
370 : 59 654 8 40 1
371 : 365 653 9 40 1
372 : 52 682 7 26 1
373 : 85 497 68 29 0
374 : 395 694 4 13 1
375 : 528 420 33 80 1
376 : 240 673 35 3 0
377 : 431 449 77 29 0
378 : 214 664 26 18 0
379 : 993 548 5 61 0
380 : 562 136 86 94 1
381 : 666 658 42 5 0
382 : 596 0 66 160 1
383 : 968 672 31 9 0
384 : 670 505 37 60 1
385 : 746 683 10 22 1
386 : 553 678 15 20 1
387 : 741 616 43 17 0
388 : 392 603 45 22 0
389 : 0 431 52 58 1
390 : 930 647 40 10 0
391 : 496 659 24 16 1
392 : 722 337 112 22 0
393 : 863 662 22 22 0
394 : 189 694 2 12 1
395 : 277 685 10 20 1
396 : 405 653 25 22 0
397 : 0 213 10 150 1
398 : 553 674 4 33 1
399 : 804 258 50 104 1
400 : 954 632 40 15 0
401 : 724 117 53 137 1
402 : 455 680 4 30 1
403 : 355 527 56 33 0
404 : 225 518 32 63 1
405 : 21 693 4 14 1
406 : 397 171 134 41 0
407 : 840 666 19 20 1
408 : 14 692 5 7 1
409 : 223 550 28 54 1
410 : 0 692 14 5 0
411 : 355 662 42 4 0
412 : 863 647 36 15 0
413 : 251 394 94 23 0
414 : 98 627 34 23 0
415 : 977 694 3 4 1
416 : 496 622 50 8 0
417 : 240 676 32 4 0
418 : 729 558 18 61 1
419 : 232 605 58 7 0
420 : 612 688 24 2 0
421 : 281 495 23 75 1
422 : 908 694 11 2 0
423 : 992 0 162 5 1
424 : 205 471 84 20 0
425 : 0 146 110 67 0
426 : 630 690 10 9 1
427 : 981 694 3 4 1
428 : 298 666 28 15 0
429 : 592 680 14 20 1
430 : 240 670 3 38 1
431 : 345 405 15 100 1
432 : 439 689 18 7 0
433 : 216 658 5 42 1
434 : 355 449 76 31 0
435 : 0 138 8 170 1
436 : 319 688 21 5 0
437 : 813 632 5 51 1
438 : 437 621 13 45 1
439 : 782 660 14 32 1
440 : 34 648 25 24 0
441 : 0 285 78 61 0
442 : 899 694 9 4 0
443 : 0 419 12 101 1
444 : 0 691 21 1 0
445 : 257 228 135 21 0
446 : 597 694 6 4 0
447 : 192 594 28 40 1
448 : 202 28 134 90 0
449 : 335 564 49 17 1
450 : 139 531 40 48 1
451 : 576 472 33 64 0
452 : 792 397 34 83 1
453 : 0 557 2 80 1
454 : 902 448 95 12 0
455 : 531 630 26 26 0
456 : 61 610 26 37 1
457 : 430 662 33 11 0
458 : 899 662 23 21 0
459 : 153 677 7 29 1
460 : 899 683 11 20 1
461 : 410 578 13 60 1
462 : 263 692 2 1 1
463 : 728 635 40 14 0
464 : 482 637 30 22 0
465 : 790 589 24 45 1
466 : 297 686 6 22 1
467 : 893 498 66 31 0
468 : 457 689 9 6 1
469 : 609 467 44 61 1
470 : 437 620 1 59 1
471 : 902 460 24 81 1
472 : 814 660 19 26 1
473 : 722 308 19 121 1
474 : 106 591 46 23 0
475 : 922 675 6 31 1
476 : 300 661 5 41 1
477 : 829 685 12 18 1
478 : 0 486 15 85 1
479 : 922 681 5 28 1
480 : 170 196 86 87 1
481 : 746 649 36 12 0
482 : 261 585 64 7 0
483 : 953 694 5 4 0
484 : 0 636 34 18 0
485 : 592 670 30 10 0
486 : 0 67 194 13 0
487 : 585 664 38 6 0
488 : 704 688 1 4 0
489 : 993 333 106 2 1
490 : 396 683 11 20 1
491 : 35 694 4 12 1
492 : 769 682 22 10 0
493 : 596 66 70 128 1
494 : 871 529 14 76 1
495 : 802 679 4 31 1
496 : 106 691 2 4 0
497 : 660 542 69 16 0
498 : 0 588 20 49 1
499 : 813 637 2 50 1
