200 160
0 : 118 93 4 6 0
1 : 147 100 2 4 1
2 : 0 0 110 45 0
3 : 187 72 1 15 0
4 : 133 96 2 4 0
5 : 54 100 6 3 0
6 : 172 68 1 27 0
7 : 110 93 4 23 0
8 : 143 83 9 14 1
9 : 39 78 1 11 0
10 : 137 91 15 2 1
11 : 41 45 18 24 1
12 : 187 87 8 1 1
13 : 0 63 15 40 1
14 : 166 54 7 14 0
15 : 22 100 11 4 0
16 : 39 89 1 2 0
17 : 137 54 37 2 1
18 : 65 89 20 8 0
19 : 110 84 12 9 0
20 : 173 57 15 15 0
21 : 110 70 14 20 1
22 : 139 77 4 27 0
23 : 136 70 1 18 0
24 : 143 69 22 14 0
25 : 193 32 23 7 1
26 : 182 97 5 3 0
27 : 193 71 5 22 0
28 : 103 68 6 25 0
29 : 40 63 14 58 0
30 : 22 78 17 9 0
31 : 198 98 3 2 1
32 : 165 69 1 20 0
33 : 173 99 8 3 0
34 : 157 83 18 8 1
35 : 85 89 20 2 1
36 : 166 68 6 19 0
37 : 193 93 67 3 1
38 : 143 92 10 8 0
39 : 173 91 8 9 1
40 : 54 63 21 11 1
41 : 182 93 4 5 1
42 : 0 101 4 16 1
43 : 65 45 17 22 1
44 : 173 27 20 30 0
45 : 166 87 14 5 1
46 : 65 77 12 22 1
47 : 130 76 20 5 1
48 : 22 96 4 11 1
49 : 122 95 7 4 0
50 : 110 0 33 32 0
51 : 173 72 19 9 1
52 : 110 54 27 16 0
53 : 0 96 18 5 0
54 : 54 84 8 16 0
55 : 21 88 8 1 1
56 : 82 97 4 3 1
57 : 62 84 3 71 0
58 : 109 68 41 1 1
59 : 34 87 15 5 1
60 : 99 70 33 4 1
61 : 65 97 5 17 1
62 : 114 93 4 9 0
63 : 18 96 3 24 0
64 : 122 84 11 8 1
65 : 103 93 6 5 0
66 : 143 0 50 27 0
67 : 87 45 25 16 1
68 : 110 32 22 29 1
69 : 153 92 4 24 0
70 : 0 88 8 21 1
71 : 196 93 6 2 1
72 : 193 55 9 7 1
73 : 114 102 14 2 0
74 : 0 105 14 3 0
75 : 65 62 15 22 1
76 : 136 88 1 8 0
77 : 103 45 7 16 0
78 : 118 99 3 10 1
79 : 182 72 21 5 1
80 : 171 87 1 9 0
81 : 139 32 4 45 0
82 : 135 76 14 1 1
83 : 0 45 41 18 0
84 : 143 27 27 30 1
85 : 193 64 7 7 0
86 : 130 70 6 6 0
87 : 193 0 7 32 0
88 : 143 100 4 3 0
89 : 87 70 44 12 1
90 : 165 89 1 2 0
91 : 130 96 12 3 1
92 : 0 78 22 10 0
93 : 198 71 27 2 1
94 : 188 57 5 63 0
95 : 143 54 23 15 0
96 : 103 61 7 7 0
97 : 65 102 14 4 0
98 : 22 87 9 12 1
99 : 103 98 3 6 1
