300 229
0 : 0 0 2 3 1
1 : 3 0 18 12 0
2 : 21 0 14 5 0
3 : 35 0 11 6 0
4 : 46 0 12 16 1
5 : 62 0 6 44 1
6 : 106 0 2 10 1
7 : 116 0 2 23 1
8 : 139 0 52 6 0
9 : 191 0 12 39 1
10 : 230 0 7 26 1
11 : 256 0 10 13 1
12 : 269 0 19 3 0
13 : 106 6 59 12 0
14 : 269 3 2 14 1
15 : 288 0 8 4 0
16 : 62 6 39 39 0
17 : 269 5 14 24 1
18 : 21 6 20 19 0
19 : 296 0 4 4 0
20 : 165 6 18 14 0
21 : 230 7 12 23 1
22 : 183 12 30 12 0
23 : 0 2 1 2 1
24 : 253 10 2 11 1
25 : 101 18 5 26 1
26 : 2 12 9 16 1
27 : 213 19 65 32 0
28 : 41 12 23 19 1
29 : 293 4 5 19 0
30 : 127 18 10 14 1
31 : 141 20 6 30 1
32 : 171 24 31 1 0
33 : 0 21 16 5 0
34 : 101 23 26 6 0
35 : 18 12 8 3 1
36 : 278 19 7 15 1
37 : 298 4 2 2 0
38 : 16 25 1 24 1
39 : 141 26 9 50 1
40 : 298 6 7 2 1
41 : 191 25 20 14 0
42 : 278 26 22 6 0
43 : 0 26 3 4 1
44 : 60 12 2 4 0
45 : 60 16 7 2 1
46 : 0 35 22 48 1
47 : 101 35 67 26 0
48 : 278 32 22 23 0
49 : 168 39 39 14 0
50 : 60 45 7 29 1
51 : 211 51 13 45 1
52 : 256 51 22 2 0
53 : 48 35 14 5 1
54 : 48 52 19 29 1
55 : 207 39 8 2 1
56 : 0 57 46 23 0
57 : 77 52 22 9 0
58 : 256 53 7 14 1
59 : 168 53 1 33 1
60 : 168 54 25 9 0
61 : 193 54 13 4 0
62 : 270 55 23 29 1
63 : 99 61 11 31 1
64 : 207 47 14 3 1
65 : 210 39 1 2 0
66 : 130 61 7 25 1
67 : 155 63 28 7 0
68 : 77 61 20 22 1
69 : 193 61 15 4 0
70 : 210 64 4 25 1
71 : 256 60 9 4 0
72 : 235 64 23 16 0
73 : 183 65 14 19 1
74 : 130 70 10 34 1
75 : 258 64 9 9 0
76 : 46 57 2 4 0
77 : 164 80 103 7 0
78 : 267 60 4 3 1
79 : 99 80 11 37 1
80 : 267 64 8 3 1
81 : 46 71 4 26 1
82 : 46 75 14 2 0
83 : 60 75 8 15 1
84 : 0 80 13 44 1
85 : 44 83 40 2 0
86 : 44 85 12 38 1
87 : 136 87 39 13 0
88 : 267 78 4 16 1
89 : 175 87 2 37 1
90 : 283 78 4 3 0
91 : 287 78 6 9 1
92 : 84 81 13 4 0
93 : 267 82 12 15 1
94 : 212 87 22 2 0
95 : 282 84 7 13 1
96 : 175 89 13 35 1
97 : 210 89 29 48 1
98 : 299 55 9 1 1
99 : 97 91 30 3 0
100 : 0 93 11 31 1
101 : 258 94 21 2 0
102 : 296 78 4 4 0
103 : 82 85 14 1 0
104 : 82 86 1 9 1
105 : 82 87 9 12 1
106 : 96 94 2 40 1
107 : 282 91 22 18 1
108 : 94 96 8 17 1
109 : 31 93 13 1 0
110 : 31 97 22 28 1
111 : 111 100 8 36 1
112 : 82 96 3 7 1
113 : 258 96 18 15 0
114 : 59 97 14 21 1
115 : 147 102 24 45 1
116 : 276 96 4 2 0
117 : 80 104 22 14 0
118 : 192 118 95 1 0
119 : 59 118 26 68 1
120 : 0 104 15 4 0
121 : 15 104 5 7 1
122 : 0 119 46 38 0
123 : 127 108 4 1 0
124 : 131 108 4 5 1
125 : 192 119 58 2 0
126 : 127 112 14 8 0
127 : 250 119 17 47 1
128 : 127 120 15 15 0
129 : 192 121 6 18 1
130 : 210 121 9 17 1
131 : 227 121 16 2 0
132 : 46 119 9 6 0
133 : 243 121 7 7 0
134 : 142 108 14 4 1
135 : 146 126 5 22 1
136 : 227 123 12 15 1
137 : 46 125 11 5 0
138 : 168 126 9 14 1
139 : 182 130 33 13 0
140 : 142 122 8 4 1
141 : 142 135 28 7 0
142 : 215 136 17 59 1
143 : 127 142 4 37 1
144 : 297 113 9 1 1
145 : 46 130 6 9 1
146 : 274 136 20 8 0
147 : 298 113 24 1 1
148 : 55 144 14 54 1
149 : 164 143 49 10 0
150 : 46 136 14 8 1
151 : 109 144 9 18 1
152 : 294 136 4 7 0
153 : 274 144 9 16 1
154 : 127 146 25 37 1
155 : 213 153 32 29 0
156 : 290 144 8 4 0
157 : 298 137 2 15 0
158 : 54 158 61 5 0
159 : 245 153 4 22 1
160 : 267 153 8 15 1
161 : 164 153 19 25 1
162 : 189 153 4 21 1
163 : 189 157 5 19 1
164 : 0 157 19 24 1
165 : 282 153 14 17 1
166 : 46 150 7 3 0
167 : 24 157 29 3 0
168 : 245 157 15 4 0
169 : 115 153 10 12 1
170 : 53 163 43 9 0
171 : 24 160 14 3 0
172 : 210 153 2 3 1
173 : 260 161 20 4 0
174 : 96 171 22 62 1
175 : 189 162 17 17 0
176 : 24 163 26 2 0
177 : 245 161 15 12 0
178 : 260 167 2 36 1
179 : 24 172 32 50 1
180 : 260 169 5 22 1
181 : 282 169 16 8 0
182 : 158 172 14 30 1
183 : 208 157 5 2 0
184 : 299 152 1 2 0
185 : 208 159 8 3 1
186 : 245 174 30 7 0
187 : 206 167 4 9 0
188 : 74 172 9 3 0
189 : 74 175 14 3 0
190 : 245 181 42 14 0
191 : 188 182 34 9 0
192 : 0 176 4 11 1
193 : 158 191 38 72 1
194 : 299 154 6 1 1
195 : 88 172 3 5 1
196 : 11 176 10 8 0
197 : 287 177 12 12 0
198 : 74 178 4 12 1
199 : 86 193 13 61 1
