200 235
0 : 0 0 4 6 1
1 : 6 0 2 4 1
2 : 10 0 110 45 0
3 : 120 0 1 15 1
4 : 135 0 2 4 1
5 : 139 0 6 3 0
6 : 145 0 1 27 1
7 : 172 0 4 23 1
8 : 120 1 9 14 1
9 : 145 1 1 11 1
10 : 156 1 15 2 0
11 : 172 4 18 24 0
12 : 145 2 8 1 0
13 : 156 3 15 40 0
14 : 139 3 7 14 1
15 : 195 0 11 4 1
16 : 199 0 1 2 0
17 : 6 2 37 2 1
18 : 120 10 20 8 1
19 : 139 10 12 9 0
20 : 172 28 15 15 0
21 : 10 45 14 20 1
22 : 135 2 4 27 0
23 : 134 1 1 18 0
24 : 30 45 22 14 0
25 : 139 19 23 7 1
26 : 0 4 5 3 0
27 : 190 4 5 22 0
28 : 128 10 6 25 0
29 : 52 45 14 58 1
30 : 156 43 17 9 1
31 : 153 2 3 2 0
32 : 171 1 1 20 0
33 : 153 4 8 3 1
34 : 120 30 18 8 1
35 : 8 2 20 2 1
36 : 128 35 6 19 0
37 : 10 59 67 3 0
38 : 172 43 10 8 0
39 : 110 45 8 9 1
40 : 77 59 21 11 0
41 : 0 7 4 5 1
42 : 0 11 4 16 0
43 : 10 62 17 22 1
44 : 32 62 20 30 1
45 : 146 19 14 5 1
46 : 98 59 12 22 0
47 : 190 26 20 5 1
48 : 195 11 4 11 0
49 : 195 22 7 4 1
50 : 32 82 33 32 1
51 : 172 51 19 9 1
52 : 77 70 27 16 1
53 : 146 33 18 5 1
54 : 120 48 8 16 0
55 : 199 2 8 1 1
56 : 153 12 4 3 1
57 : 153 16 3 71 0
58 : 5 4 41 1 1
59 : 139 42 15 5 1
60 : 0 27 33 4 1
61 : 165 43 5 17 0
62 : 135 29 4 9 0
63 : 187 28 3 24 0
64 : 110 53 11 8 1
65 : 182 43 6 5 1
66 : 32 115 50 27 1
67 : 10 79 25 16 1
68 : 32 165 22 29 0
69 : 195 29 4 24 0
70 : 156 60 8 21 0
71 : 151 10 6 2 1
72 : 64 62 9 7 0
73 : 151 16 14 2 1
74 : 135 38 14 3 1
75 : 77 97 15 22 0
76 : 199 10 1 8 0
77 : 110 64 7 16 0
78 : 190 46 3 10 0
79 : 182 49 21 5 1
80 : 4 11 1 9 0
81 : 146 51 4 45 0
82 : 199 18 14 1 1
83 : 32 194 41 18 1
84 : 93 81 27 30 0
85 : 120 64 7 7 0
86 : 128 54 6 6 0
87 : 64 69 7 32 0
88 : 135 52 4 3 1
89 : 10 104 44 12 1
90 : 134 19 1 2 0
91 : 187 52 12 3 1
92 : 93 111 22 10 0
93 : 8 22 27 2 1
94 : 139 57 5 63 0
95 : 77 119 23 15 1
96 : 172 70 7 7 0
97 : 195 53 14 4 1
98 : 93 121 9 12 1
99 : 135 56 3 6 0
