300 401
0 : 0 0 2 3 1
1 : 3 0 18 12 0
2 : 21 0 14 5 0
3 : 35 0 11 6 0
4 : 46 0 12 16 1
5 : 62 0 6 44 1
6 : 106 0 2 10 1
7 : 116 0 2 23 1
8 : 139 0 52 6 0
9 : 191 0 12 39 1
10 : 230 0 7 26 1
11 : 256 0 10 13 1
12 : 269 0 19 3 0
13 : 288 0 59 12 1
14 : 106 2 2 14 1
15 : 120 2 8 4 0
16 : 62 6 39 39 0
17 : 139 6 14 24 1
18 : 269 3 20 19 1
19 : 128 2 4 4 0
20 : 163 6 18 14 0
21 : 230 7 12 23 1
22 : 191 12 30 12 0
23 : 0 2 1 2 1
24 : 106 4 2 11 1
25 : 139 20 5 26 1
26 : 101 6 9 16 1
27 : 62 45 65 32 1
28 : 230 19 23 19 0
29 : 132 2 5 19 0
30 : 21 5 10 14 1
31 : 191 24 6 30 1
32 : 2 2 31 1 1
33 : 3 12 16 5 0
34 : 139 25 26 6 0
35 : 35 6 8 3 0
36 : 46 12 7 15 1
37 : 137 2 2 2 0
38 : 0 3 1 24 0
39 : 120 6 9 50 0
40 : 181 6 7 2 0
41 : 21 15 20 14 1
42 : 181 8 22 6 1
43 : 117 4 3 4 0
44 : 137 4 2 4 0
45 : 35 9 7 2 0
46 : 191 30 22 48 0
47 : 139 31 67 26 1
48 : 230 38 22 23 1
49 : 101 15 39 14 1
50 : 256 10 7 29 0
51 : 3 17 13 45 0
52 : 43 6 22 2 1
53 : 46 19 14 5 0
54 : 269 23 19 29 0
55 : 129 6 8 2 1
56 : 230 60 46 23 1
57 : 221 12 22 9 1
58 : 35 11 7 14 0
59 : 1 3 1 33 0
60 : 165 20 25 9 1
61 : 263 10 13 4 1
62 : 139 98 23 29 0
63 : 46 24 11 31 0
64 : 188 6 14 3 1
65 : 45 6 1 2 0
66 : 174 20 7 25 0
67 : 35 25 28 7 1
68 : 191 78 20 22 1
69 : 132 21 15 4 1
70 : 263 23 4 25 0
71 : 221 34 9 4 0
72 : 165 45 23 16 1
73 : 21 35 14 19 0
74 : 269 52 10 34 0
75 : 221 38 9 9 0
76 : 253 7 2 4 0
77 : 213 30 103 7 1
78 : 117 8 4 3 1
79 : 21 54 11 37 0
80 : 117 12 8 3 1
81 : 181 30 4 26 0
82 : 137 8 14 2 1
83 : 221 47 8 15 0
84 : 101 54 13 44 0
85 : 267 10 40 2 1
86 : 288 59 12 38 0
87 : 3 62 39 13 1
88 : 132 36 4 16 0
89 : 253 11 2 37 0
90 : 16 17 4 3 1
91 : 256 39 6 9 0
92 : 94 45 13 4 1
93 : 165 68 12 15 1
94 : 19 12 22 2 1
95 : 279 52 7 13 0
96 : 165 80 13 35 0
97 : 62 110 29 48 0
98 : 131 6 9 1 1
99 : 117 20 30 3 1
100 : 46 55 11 31 0
101 : 129 14 21 2 1
102 : 256 48 4 4 0
103 : 255 7 14 1 1
104 : 45 8 1 9 0
105 : 120 56 9 12 0
106 : 115 15 2 40 0
107 : 191 98 22 18 0
108 : 221 62 8 17 0
109 : 187 8 13 1 1
110 : 230 106 22 28 0
111 : 120 68 8 36 0
112 : 188 20 3 7 0
113 : 191 116 18 15 0
114 : 139 127 14 21 1
115 : 62 158 24 45 0
116 : 16 21 4 2 1
117 : 230 134 22 14 0
118 : 42 9 95 1 1
119 : 62 203 26 68 0
120 : 263 48 15 4 1
121 : 35 53 5 7 1
122 : 139 141 46 38 1
123 : 61 12 4 1 1
124 : 132 52 4 5 0
125 : 137 22 58 2 1
126 : 221 79 14 8 1
127 : 191 131 17 47 0
128 : 230 148 15 15 0
129 : 35 58 6 18 0
130 : 46 86 9 17 0
131 : 57 24 16 2 1
132 : 279 65 9 6 1
133 : 269 86 7 7 0
134 : 256 52 14 4 1
135 : 279 74 5 22 0
136 : 288 97 12 15 0
137 : 35 76 11 5 1
138 : 21 91 9 14 0
139 : 101 98 33 13 1
140 : 181 56 8 4 1
141 : 221 93 28 7 1
142 : 191 178 17 59 0
143 : 132 57 4 37 0
144 : 131 15 9 1 1
145 : 269 93 6 9 0
146 : 3 101 20 8 1
147 : 61 16 24 1 1
148 : 230 163 14 54 0
149 : 288 112 49 10 1
150 : 46 103 14 8 1
151 : 21 105 9 18 0
152 : 94 58 4 7 0
153 : 21 123 9 16 0
154 : 139 187 25 37 1
155 : 139 212 32 29 0
156 : 263 63 8 4 1
157 : 16 25 2 15 0
158 : 35 87 61 5 1
159 : 181 64 4 22 0
160 : 120 104 8 15 0
161 : 139 241 19 25 1
162 : 94 65 4 21 0
163 : 279 96 5 19 0
164 : 139 260 19 24 1
165 : 230 217 14 17 0
166 : 188 27 7 3 1
167 : 188 34 29 3 1
168 : 256 66 15 4 1
169 : 101 131 10 12 1
170 : 21 139 43 9 1
171 : 98 45 14 3 1
172 : 43 28 2 3 0
173 : 263 71 20 4 1
174 : 62 271 22 62 0
175 : 191 237 17 17 0
176 : 185 30 26 2 1
177 : 101 141 15 12 1
178 : 43 31 2 36 0
179 : 139 279 32 50 0
180 : 11 101 5 22 0
181 : 46 117 16 8 1
182 : 230 234 14 30 0
183 : 19 34 5 2 1
184 : 45 17 1 2 0
185 : 117 50 8 3 1
186 : 120 119 30 7 1
187 : 256 81 4 9 0
188 : 32 54 9 3 1
189 : 117 58 14 3 1
190 : 191 254 42 14 1
191 : 101 156 34 9 1
192 : 94 86 4 11 0
193 : 139 329 38 72 0
194 : 45 19 6 1 1
195 : 98 59 3 5 0
196 : 3 121 10 8 1
197 : 230 264 12 12 0
198 : 181 86 4 12 0
199 : 191 296 13 61 0
