1000 698
0 : 860 627 94 6 0
1 : 896 693 22 1 0
2 : 258 626 25 23 0
3 : 76 693 2 13 1
4 : 758 690 7 6 1
5 : 198 443 16 133 1
6 : 528 638 37 13 0
7 : 442 291 42 91 1
8 : 540 672 32 7 0
9 : 671 674 4 53 1
10 : 923 664 27 10 0
11 : 823 586 57 16 0
12 : 671 691 32 2 0
13 : 774 693 2 3 1
14 : 429 534 31 41 1
15 : 666 693 22 1 0
16 : 309 689 1 103 1
17 : 699 693 4 4 0
18 : 749 649 7 62 1
19 : 66 678 41 5 0
20 : 137 639 24 19 0
21 : 729 338 50 59 1
22 : 266 339 69 42 0
23 : 218 262 67 63 0
24 : 0 0 168 76 0
25 : 0 577 19 52 1
26 : 716 691 1 2 0
27 : 253 414 29 79 1
28 : 848 690 31 3 0
29 : 834 568 18 58 1
30 : 423 690 5 18 1
31 : 751 578 23 41 1
32 : 264 678 3 69 1
33 : 706 688 9 10 1
34 : 71 384 112 22 0
35 : 827 673 11 19 1
36 : 302 0 202 57 0
37 : 618 653 14 24 1
38 : 539 251 60 77 1
39 : 669 684 48 3 0
40 : 97 559 40 25 0
41 : 46 692 4 14 1
42 : 940 585 37 20 1
43 : 608 488 69 26 0
44 : 372 595 28 29 1
45 : 780 632 17 32 1
46 : 715 569 9 119 1
47 : 107 683 40 4 0
48 : 89 584 15 61 1
49 : 742 601 48 16 0
50 : 883 604 14 55 1
51 : 884 659 15 19 1
52 : 616 306 34 113 1
53 : 421 57 94 81 1
54 : 689 598 53 15 0
55 : 672 666 8 31 1
56 : 551 693 1 14 1
57 : 0 527 36 36 0
58 : 716 693 1 1 0
59 : 470 689 3 33 1
60 : 214 691 12 5 0
61 : 765 680 12 11 0
62 : 149 673 24 9 0
63 : 719 617 20 32 1
64 : 533 311 82 39 0
65 : 529 500 21 72 1
66 : 0 678 34 6 0
67 : 565 643 56 8 0
68 : 647 652 25 15 0
69 : 309 685 66 2 0
70 : 246 520 18 79 1
71 : 324 552 29 39 1
72 : 424 250 41 115 1
73 : 368 623 104 6 0
74 : 137 559 44 25 0
75 : 602 659 15 18 0
76 : 738 656 49 7 0
77 : 465 452 22 95 1
78 : 30 690 8 6 0
79 : 153 666 7 38 1
80 : 731 663 7 42 1
81 : 726 217 49 116 1
82 : 615 340 69 41 0
83 : 894 539 69 18 0
84 : 61 668 5 50 1
85 : 624 629 23 24 0
86 : 992 509 91 8 1
87 : 0 343 34 83 1
88 : 205 687 9 8 0
89 : 401 648 13 33 1
90 : 211 653 32 11 0
91 : 852 669 9 26 1
92 : 101 691 22 3 0
93 : 286 664 18 14 0
94 : 94 90 143 54 0
95 : 618 78 133 58 0
96 : 25 635 15 36 1
97 : 111 672 6 38 1
98 : 334 665 71 4 0
99 : 965 692 9 4 0
100 : 875 437 17 125 1
101 : 134 687 7 14 1
102 : 46 684 8 17 1
103 : 657 595 26 32 1
104 : 173 673 17 12 0
105 : 893 373 29 94 1
106 : 777 674 14 14 0
107 : 103 525 22 59 1
108 : 827 684 75 2 0
109 : 243 673 10 21 1
110 : 355 678 48 4 0
111 : 952 653 17 22 1
112 : 263 595 77 11 0
113 : 852 308 90 39 0
114 : 768 535 126 10 0
115 : 443 687 27 4 0
116 : 790 608 32 24 0
117 : 283 628 11 51 1
118 : 576 557 70 16 0
119 : 780 473 70 27 0
120 : 503 632 22 25 1
121 : 911 680 4 48 1
122 : 271 692 5 8 1
123 : 985 683 11 12 1
124 : 247 689 3 33 1
125 : 712 658 19 16 0
126 : 350 291 42 92 1
127 : 0 183 28 226 1
128 : 166 635 22 23 1
129 : 38 687 11 8 1
130 : 245 611 49 15 0
131 : 166 687 3 39 1
132 : 408 333 94 32 0
133 : 684 340 68 40 1
134 : 565 693 4 1 0
135 : 713 637 36 14 0
136 : 764 691 10 6 0
137 : 131 658 22 14 0
138 : 334 648 67 7 0
139 : 356 489 21 81 1
140 : 812 280 28 148 1
141 : 437 498 36 47 1
142 : 368 520 22 61 1
143 : 408 629 62 9 0
144 : 953 687 5 22 1
145 : 504 0 95 114 1
146 : 166 519 18 80 1
147 : 181 580 61 15 0
148 : 377 690 35 2 0
149 : 393 692 3 15 1
150 : 787 659 5 67 1
151 : 0 650 47 9 0
152 : 509 591 50 17 0
153 : 0 596 32 25 0
154 : 951 692 4 14 1
155 : 190 679 24 8 0
156 : 601 514 122 12 0
157 : 729 308 123 30 0
158 : 89 690 6 12 1
159 : 309 687 2 59 1
160 : 585 381 92 28 0
161 : 576 688 53 2 0
162 : 34 659 12 20 0
163 : 0 211 41 140 1
164 : 736 680 29 6 0
165 : 0 415 59 38 0
166 : 282 651 32 13 0
167 : 822 627 15 38 1
168 : 405 673 18 12 0
169 : 538 688 3 38 1
170 : 792 578 31 30 0
171 : 264 681 58 3 0
172 : 823 686 5 25 1
173 : 617 672 32 7 0
174 : 470 564 25 43 1
175 : 32 603 11 72 1
176 : 345 690 4 18 1
177 : 930 684 23 6 0
178 : 123 691 9 6 0
179 : 0 377 71 38 0
180 : 173 464 10 202 1
181 : 823 691 14 4 0
182 : 629 688 5 21 1
183 : 339 621 29 22 0
184 : 532 666 42 6 0
185 : 918 402 35 68 1
186 : 608 596 40 20 0
187 : 334 655 59 6 0
188 : 177 611 11 68 1
189 : 321 690 24 3 0
190 : 538 685 3 45 1
191 : 484 532 40 32 0
192 : 751 617 29 22 0
193 : 248 578 14 70 1
194 : 480 693 1 16 1
195 : 116 491 50 34 0
196 : 812 648 6 76 1
197 : 469 589 22 40 1
198 : 334 661 75 4 0
199 : 537 693 1 14 1
200 : 334 669 61 4 0
201 : 412 685 9 11 1
202 : 859 454 122 17 0
203 : 325 221 99 56 0
204 : 708 266 40 104 1
205 : 219 553 11 105 1
206 : 896 633 45 12 0
207 : 150 584 32 27 1
208 : 462 693 1 18 1
209 : 162 692 14 4 0
210 : 318 588 130 7 0
211 : 505 685 16 7 0
212 : 339 693 2 6 1
213 : 0 684 3 46 1
214 : 768 545 102 12 0
215 : 391 151 86 70 0
216 : 214 679 15 12 0
217 : 768 525 10 139 1
218 : 955 471 38 45 1
219 : 423 682 8 20 1
220 : 312 690 9 8 0
221 : 409 661 24 12 0
222 : 689 466 22 91 1
223 : 83 362 22 126 1
224 : 325 520 43 32 0
225 : 333 405 112 22 0
226 : 392 427 73 30 0
227 : 960 579 31 30 0
228 : 63 614 34 19 0
229 : 797 693 7 4 0
230 : 191 673 36 6 0
231 : 850 493 17 105 1
232 : 149 682 17 9 0
233 : 509 608 32 24 0
234 : 636 682 33 5 0
235 : 524 549 52 23 0
236 : 613 679 8 23 1
237 : 928 693 8 2 0
238 : 401 611 10 76 1
239 : 557 409 70 33 0
240 : 960 609 33 22 0
241 : 597 616 13 50 1
242 : 32 614 21 31 1
243 : 63 633 19 27 1
244 : 792 670 17 13 0
245 : 819 692 4 4 0
246 : 66 683 4 37 1
247 : 219 538 15 83 1
248 : 524 534 85 15 0
249 : 0 252 50 92 1
250 : 441 692 66 1 0
251 : 751 144 92 73 0
252 : 243 649 11 39 1
253 : 736 686 4 28 1
254 : 791 683 10 14 1
255 : 285 277 62 65 1
256 : 401 595 62 13 0
257 : 259 684 28 5 0
258 : 724 674 53 4 0
259 : 618 0 78 137 1
260 : 89 656 12 27 1
261 : 718 680 18 10 0
262 : 513 572 19 54 1
263 : 0 690 14 6 0
264 : 408 692 5 4 1
265 : 583 687 126 1 0
266 : 147 406 44 51 1
267 : 614 690 9 8 0
268 : 787 444 72 29 0
269 : 0 659 9 34 1
270 : 266 664 14 20 1
271 : 181 325 37 85 1
272 : 859 471 22 89 1
273 : 60 693 16 2 0
274 : 340 595 26 32 1
275 : 377 692 16 3 0
276 : 681 635 32 16 0
277 : 408 365 69 40 0
278 : 723 520 31 45 1
279 : 87 317 34 94 1
280 : 92 272 90 45 0
281 : 541 624 43 14 0
282 : 755 66 78 109 1
283 : 286 693 26 1 0
284 : 721 434 32 66 1
285 : 14 690 5 16 1
286 : 229 683 30 5 0
287 : 243 660 23 13 0
288 : 181 564 16 67 1
289 : 166 505 109 14 0
290 : 536 475 72 25 0
291 : 809 673 12 18 1
292 : 488 666 6 44 1
293 : 199 664 32 9 0
294 : 0 668 10 24 1
295 : 63 690 26 3 0
296 : 465 427 25 86 1
297 : 811 655 4 95 1
298 : 942 308 65 47 1
299 : 240 474 60 31 0
300 : 879 686 5 22 1
301 : 521 690 16 6 0
302 : 817 557 11 103 1
303 : 280 690 3 32 1
304 : 843 195 131 44 0
305 : 455 668 27 9 0
306 : 774 691 3 2 0
307 : 936 510 49 29 0
308 : 541 612 56 12 0
309 : 671 680 4 47 1
310 : 788 368 26 105 1
311 : 177 595 86 10 0
312 : 337 643 5 101 1
313 : 162 537 57 22 0
314 : 524 676 14 14 0
315 : 280 143 61 111 1
316 : 123 450 50 41 0
317 : 846 693 50 1 0
318 : 176 692 13 4 0
319 : 166 690 2 39 1
320 : 671 678 2 100 1
321 : 974 654 18 18 0
322 : 54 510 49 30 0
323 : 773 664 48 6 0
324 : 563 189 95 62 0
325 : 537 692 68 1 0
326 : 0 302 41 87 1
327 : 997 683 10 3 1
328 : 576 549 8 146 1
329 : 434 656 21 15 0
330 : 166 622 47 13 0
331 : 363 690 14 5 0
332 : 777 688 12 8 0
333 : 805 692 14 4 0
334 : 613 573 23 44 1
335 : 647 639 33 13 0
336 : 304 670 29 8 0
337 : 822 622 130 5 0
338 : 470 637 15 33 1
339 : 567 573 22 46 1
340 : 477 181 69 86 1
341 : 731 670 61 4 0
342 : 576 690 2 38 1
343 : 94 144 39 186 1
344 : 789 693 8 4 0
345 : 302 57 119 86 0
346 : 892 585 48 19 0
347 : 591 677 22 9 0
348 : 846 680 65 3 0
349 : 918 693 10 2 0
350 : 560 442 33 63 1
351 : 61 652 28 14 0
352 : 138 616 23 28 1
353 : 368 629 40 14 0
354 : 623 693 43 1 0
355 : 229 688 6 18 1
356 : 963 539 29 40 0
357 : 496 693 1 9 1
358 : 717 690 4 24 1
359 : 161 657 38 9 0
360 : 484 498 34 45 1
361 : 226 204 99 58 0
362 : 482 672 4 58 1
363 : 482 676 42 5 0
364 : 173 474 67 28 0
365 : 63 687 41 3 0
366 : 572 674 11 19 1
367 : 368 542 55 22 0
368 : 47 650 14 22 0
369 : 741 690 17 5 0
370 : 672 658 8 40 1
371 : 906 655 9 40 1
372 : 959 680 7 26 1
373 : 0 470 68 29 0
374 : 938 692 4 13 1
375 : 253 381 33 80 1
376 : 671 688 35 3 0
377 : 798 415 77 29 0
378 : 438 638 26 18 0
379 : 521 661 5 61 1
380 : 0 76 86 94 1
381 : 355 673 42 5 0
382 : 755 0 66 160 1
383 : 821 664 31 9 0
384 : 332 427 37 60 1
385 : 649 672 10 22 1
386 : 582 659 15 20 1
387 : 294 611 43 17 0
388 : 657 573 45 22 0
389 : 350 333 52 58 1
390 : 528 651 40 10 0
391 : 464 652 24 16 0
392 : 445 405 112 22 0
393 : 189 635 22 22 0
394 : 321 693 2 12 1
395 : 453 677 10 20 1
396 : 954 631 25 22 0
397 : 275 510 10 150 1
398 : 375 685 4 33 1
399 : 658 189 50 104 0
400 : 97 622 40 15 0
401 : 589 136 53 137 1
402 : 104 687 4 30 1
403 : 300 474 56 33 0
404 : 392 457 32 63 1
405 : 507 692 4 14 1
406 : 842 239 134 41 0
407 : 314 651 19 20 1
408 : 279 693 5 7 1
409 : 0 499 28 54 1
410 : 148 691 14 5 0
411 : 473 681 42 4 0
412 : 860 633 36 15 0
413 : 627 434 94 23 0
414 : 104 599 34 23 0
415 : 703 691 3 4 0
416 : 568 651 50 8 0
417 : 473 685 32 4 0
418 : 36 559 18 61 1
419 : 680 651 58 7 0
420 : 247 692 24 2 0
421 : 677 488 23 75 1
422 : 688 693 11 2 0
423 : 177 606 162 5 0
424 : 752 500 84 20 0
425 : 864 128 110 67 0
426 : 975 687 10 9 0
427 : 226 691 3 4 0
428 : 116 637 28 15 1
429 : 903 664 14 20 1
430 : 0 687 3 38 1
431 : 836 510 15 100 1
432 : 805 685 18 7 0
433 : 66 673 5 42 1
434 : 71 406 76 31 0
435 : 529 526 8 170 1
436 : 650 688 21 5 0
437 : 617 667 5 51 1
438 : 213 626 13 45 1
439 : 211 639 14 32 1
440 : 0 621 25 24 0
441 : 140 211 78 61 0
442 : 605 692 9 4 0
443 : 36 547 12 101 1
444 : 441 693 21 1 0
445 : 788 347 135 21 0
446 : 333 693 6 4 0
447 : 920 557 28 40 1
448 : 168 0 134 90 0
449 : 559 595 49 17 0
450 : 68 470 40 48 1
451 : 59 437 33 64 1
452 : 502 350 34 83 1
453 : 322 683 2 80 1
454 : 722 557 95 12 0
455 : 477 611 26 26 0
456 : 52 577 26 37 1
457 : 488 654 33 11 0
458 : 979 631 23 21 1
459 : 992 654 7 29 0
460 : 433 671 11 20 1
461 : 823 602 13 60 1
462 : 974 692 2 1 1
463 : 584 629 40 14 0
464 : 689 613 30 22 0
465 : 363 564 24 45 1
466 : 287 684 6 22 1
467 : 623 457 66 31 0
468 : 837 691 9 6 0
469 : 209 362 44 61 0
470 : 879 692 1 59 1
471 : 455 474 24 81 1
472 : 90 637 19 26 1
473 : 677 415 19 121 1
474 : 423 565 46 23 0
475 : 538 679 6 31 1
476 : 108 678 5 41 1
477 : 231 664 12 18 0
478 : 609 534 15 85 1
479 : 902 684 5 28 1
480 : 502 95 86 87 1
481 : 283 639 36 12 0
482 : 888 648 64 7 0
483 : 201 692 5 4 1
484 : 647 621 34 18 0
485 : 854 659 30 10 0
486 : 724 402 194 13 0
487 : 950 672 38 6 0
488 : 716 687 1 4 0
489 : 878 678 106 2 0
490 : 46 673 11 20 1
491 : 189 692 4 12 1
492 : 333 673 22 10 0
493 : 915 0 70 128 0
494 : 248 564 14 76 1
495 : 848 686 4 31 1
496 : 132 691 2 4 0
497 : 646 557 69 16 0
498 : 702 578 20 49 1
499 : 901 690 2 50 1
