100 46
0 : 32 1 4 22 0
1 : 32 23 9 4 1
2 : 0 23 18 10 0
3 : 74 20 19 9 0
4 : 32 32 5 4 1
5 : 93 36 3 3 0
6 : 25 16 4 15 0
7 : 99 29 1 3 0
8 : 93 20 13 3 1
9 : 74 29 13 14 1
10 : 72 30 2 4 0
11 : 0 33 1 14 1
12 : 0 34 8 13 1
13 : 24 23 1 7 0
14 : 38 27 11 16 1
15 : 98 20 11 1 1
16 : 0 0 38 1 0
17 : 18 23 9 5 1
18 : 36 22 2 8 0
19 : 29 30 6 2 1
20 : 36 30 2 4 0
21 : 36 1 2 21 0
22 : 25 31 4 5 0
23 : 38 23 17 4 0
24 : 72 23 7 2 1
25 : 92 29 5 1 1
26 : 55 23 3 17 1
27 : 36 34 2 3 0
28 : 0 16 7 25 1
29 : 88 36 3 3 0
30 : 88 29 4 7 0
31 : 49 38 8 10 1
32 : 0 1 32 15 0
33 : 93 33 5 3 0
34 : 69 27 7 3 1
35 : 29 16 2 14 0
36 : 18 32 5 6 0
37 : 31 16 14 1 1
38 : 38 38 11 8 0
39 : 54 27 15 11 0
40 : 99 20 9 1 1
41 : 55 26 1 17 1
42 : 69 34 3 4 0
43 : 74 0 20 26 1
44 : 96 20 13 2 1
45 : 14 33 4 4 0
46 : 23 23 1 8 0
47 : 38 0 23 36 1
48 : 72 34 2 2 0
49 : 25 36 4 2 0
