300 210
0 : 202 38 2 3 1
1 : 93 137 18 12 0
2 : 168 92 14 5 0
3 : 148 140 11 6 0
4 : 93 149 12 16 1
5 : 292 0 6 44 0
6 : 91 85 2 10 1
7 : 103 38 2 23 1
8 : 103 6 52 6 0
9 : 261 48 12 39 1
10 : 89 100 7 26 1
11 : 91 161 10 13 1
12 : 165 78 19 3 1
13 : 225 2 59 12 0
14 : 75 78 2 14 0
15 : 36 138 8 4 1
16 : 91 171 39 39 0
17 : 270 118 14 24 1
18 : 12 166 20 19 0
19 : 159 140 4 4 0
20 : 14 152 18 14 0
21 : 18 112 12 23 1
22 : 190 100 30 12 0
23 : 75 92 1 2 1
24 : 298 37 2 11 0
25 : 45 88 5 26 1
26 : 0 136 9 16 1
27 : 103 46 65 32 0
28 : 68 153 23 19 0
29 : 276 104 5 19 1
30 : 58 147 10 14 0
31 : 182 46 6 30 0
32 : 59 11 31 1 0
33 : 197 24 16 5 1
34 : 164 100 26 6 0
35 : 115 100 8 3 0
36 : 112 132 7 15 1
37 : 282 0 2 2 0
38 : 102 48 1 24 0
39 : 155 15 9 50 1
40 : 125 139 7 2 1
41 : 16 138 20 14 0
42 : 276 98 22 6 0
43 : 99 7 3 4 0
44 : 178 115 2 4 0
45 : 36 38 7 2 0
46 : 182 78 22 48 1
47 : 225 14 67 26 0
48 : 161 166 22 23 1
49 : 0 74 39 14 0
50 : 136 78 7 29 1
51 : 43 48 13 45 1
52 : 103 42 22 2 0
53 : 180 120 14 5 0
54 : 41 120 19 29 1
55 : 119 44 8 2 0
56 : 230 85 46 23 0
57 : 270 109 22 9 0
58 : 270 132 7 14 1
59 : 164 1 1 33 1
60 : 163 106 25 9 0
61 : 168 88 13 4 0
62 : 270 140 23 29 1
63 : 78 78 11 31 0
64 : 284 0 14 3 1
65 : 126 38 1 2 0
66 : 209 15 7 25 0
67 : 136 85 28 7 0
68 : 139 165 20 22 1
69 : 163 115 15 4 0
70 : 205 15 4 25 0
71 : 126 87 9 4 0
72 : 70 137 23 16 0
73 : 243 140 14 19 1
74 : 39 78 10 34 1
75 : 287 163 9 9 0
76 : 125 40 2 4 0
77 : 0 0 103 7 0
78 : 75 106 4 3 1
79 : 91 48 11 37 0
80 : 41 112 8 3 1
81 : 127 12 4 26 1
82 : 29 57 14 2 0
83 : 148 132 8 15 1
84 : 0 61 13 44 1
85 : 59 7 40 2 0
86 : 261 60 12 38 1
87 : 261 72 39 13 0
88 : 189 24 4 16 0
89 : 298 0 2 37 0
90 : 295 128 4 3 0
91 : 155 6 6 9 0
92 : 194 120 13 4 0
93 : 243 154 12 15 1
94 : 103 40 22 2 0
95 : 112 139 7 13 1
96 : 91 87 13 35 1
97 : 115 103 29 48 1
98 : 291 0 9 1 1
99 : 261 40 30 3 0
100 : 126 92 11 31 1
101 : 89 78 21 2 1
102 : 108 107 4 4 0
103 : 163 92 14 1 1
104 : 164 85 1 9 0
105 : 209 144 9 12 0
106 : 59 9 2 40 1
107 : 36 147 22 18 0
108 : 163 119 8 17 1
109 : 90 11 13 1 0
110 : 111 146 22 28 1
111 : 0 49 8 36 1
112 : 88 48 3 7 0
113 : 32 165 18 15 0
114 : 127 132 14 21 1
115 : 0 88 24 45 1
116 : 153 12 4 2 1
117 : 18 124 22 14 0
118 : 103 0 95 1 0
119 : 59 12 26 68 1
120 : 193 24 15 4 1
121 : 70 120 5 7 0
122 : 163 128 46 38 0
123 : 296 94 4 1 1
124 : 39 74 4 5 1
125 : 198 0 58 2 0
126 : 54 139 14 8 0
127 : 44 61 17 47 1
128 : 253 169 15 15 0
129 : 0 112 6 18 1
130 : 0 127 9 17 1
131 : 103 44 16 2 0
132 : 220 100 9 6 0
133 : 104 161 7 7 0
134 : 287 0 14 4 1
135 : 276 85 5 22 1
136 : 258 154 12 15 0
137 : 157 92 11 5 1
138 : 0 145 9 14 1
139 : 45 93 33 13 0
140 : 36 49 8 4 1
141 : 127 16 28 7 0
142 : 0 7 17 59 1
143 : 261 44 4 37 1
144 : 299 60 9 1 1
145 : 43 38 6 9 0
146 : 188 112 20 8 0
147 : 0 60 24 1 0
148 : 0 24 14 54 1
149 : 54 38 49 10 0
150 : 40 139 14 8 0
151 : 0 118 9 18 1
152 : 49 38 4 7 0
153 : 209 128 9 16 0
154 : 75 112 25 37 1
155 : 209 159 32 29 0
156 : 180 115 8 4 0
157 : 73 78 2 15 0
158 : 103 1 61 5 0
159 : 216 15 4 22 0
160 : 284 132 8 15 1
161 : 218 140 19 25 1
162 : 276 90 4 21 1
163 : 89 107 5 19 1
164 : 139 146 19 24 1
165 : 270 163 14 17 1
166 : 180 125 7 3 0
167 : 0 57 29 3 0
168 : 295 104 15 4 1
169 : 58 161 10 12 0
170 : 0 40 43 9 0
171 : 54 24 14 3 1
172 : 205 124 2 3 0
173 : 276 94 20 4 0
174 : 127 24 22 62 1
175 : 184 166 17 17 0
176 : 256 0 26 2 0
177 : 0 154 15 12 1
178 : 0 38 2 36 1
179 : 220 108 32 50 1
180 : 220 15 5 22 0
181 : 208 112 16 8 1
182 : 45 106 14 30 1
183 : 71 88 5 2 1
184 : 89 99 1 2 1
185 : 78 109 8 3 0
186 : 230 78 30 7 0
187 : 295 119 4 9 0
188 : 216 37 9 3 0
189 : 202 24 14 3 1
190 : 168 46 42 14 1
191 : 102 78 34 9 0
192 : 194 124 4 11 1
193 : 189 40 38 72 1
194 : 102 72 6 1 1
195 : 49 45 3 5 1
196 : 262 140 10 8 1
197 : 241 166 12 12 0
198 : 216 112 4 12 0
199 : 164 2 13 61 1
