100 47
0 : 0 1 4 22 1
1 : 37 17 9 4 1
2 : 19 17 18 10 0
3 : 0 16 19 9 0
4 : 71 34 5 4 0
5 : 16 32 3 3 0
6 : 93 0 4 15 0
7 : 18 13 1 3 0
8 : 0 13 13 3 0
9 : 76 30 13 14 1
10 : 41 23 2 4 0
11 : 22 1 1 14 1
12 : 90 15 8 13 0
13 : 21 5 1 7 0
14 : 0 25 11 16 1
15 : 99 0 11 1 1
16 : 0 0 38 1 0
17 : 45 17 9 5 0
18 : 19 5 2 8 0
19 : 41 17 6 2 1
20 : 13 13 2 4 1
21 : 38 0 2 21 1
22 : 71 30 4 5 1
23 : 0 9 17 4 0
24 : 84 0 7 2 1
25 : 21 12 5 1 1
26 : 0 6 3 17 1
27 : 54 5 2 3 1
28 : 59 0 7 25 1
29 : 16 29 3 3 0
30 : 45 22 4 7 0
31 : 90 28 8 10 1
32 : 22 2 32 15 0
33 : 54 2 5 3 0
34 : 86 0 7 3 1
35 : 91 0 2 14 0
36 : 49 22 5 6 0
37 : 90 0 14 1 1
38 : 60 30 11 8 0
39 : 45 30 15 11 0
40 : 17 5 9 1 1
41 : 0 5 1 17 1
42 : 16 25 3 4 0
43 : 19 27 20 26 1
44 : 97 0 13 2 1
45 : 90 36 4 4 0
46 : 18 5 1 8 0
47 : 54 7 23 36 1
48 : 57 5 2 2 0
49 : 19 13 4 2 1
