300 186
0 : 244 171 2 3 0
1 : 18 154 18 12 1
2 : 157 176 14 5 0
3 : 77 176 11 6 0
4 : 191 160 12 16 1
5 : 82 118 6 44 1
6 : 163 48 2 10 0
7 : 138 91 2 23 1
8 : 86 99 52 6 0
9 : 227 115 12 39 1
10 : 127 56 7 26 0
11 : 130 143 10 13 1
12 : 261 174 19 3 0
13 : 163 58 59 12 0
14 : 171 179 2 14 1
15 : 130 105 8 4 0
16 : 0 38 39 39 0
17 : 189 146 14 24 1
18 : 229 141 20 19 0
19 : 77 118 4 4 0
20 : 158 157 18 14 0
21 : 263 149 12 23 1
22 : 264 137 30 12 0
23 : 30 147 1 2 0
24 : 143 143 2 11 0
25 : 235 97 5 26 1
26 : 169 110 9 16 1
27 : 175 0 65 32 0
28 : 84 134 23 19 0
29 : 157 171 5 19 1
30 : 111 124 10 14 1
31 : 294 102 6 30 0
32 : 95 98 31 1 0
33 : 294 132 16 5 1
34 : 97 159 26 6 0
35 : 253 179 8 3 0
36 : 206 175 7 15 1
37 : 161 91 2 2 0
38 : 39 54 1 24 1
39 : 185 97 9 50 1
40 : 123 159 7 2 0
41 : 213 146 20 14 1
42 : 30 163 22 6 0
43 : 206 93 3 4 0
44 : 37 92 2 4 0
45 : 284 161 7 2 1
46 : 222 70 22 48 1
47 : 167 32 67 26 0
48 : 140 8 22 23 0
49 : 0 109 39 14 0
50 : 198 120 7 29 1
51 : 235 102 13 45 1
52 : 140 31 22 2 0
53 : 280 110 14 5 0
54 : 169 120 19 29 1
55 : 233 106 8 2 1
56 : 163 70 46 23 0
57 : 209 70 22 9 1
58 : 88 175 7 14 1
59 : 0 108 1 33 1
60 : 138 82 25 9 0
61 : 31 136 13 4 1
62 : 98 56 23 29 1
63 : 198 135 11 31 1
64 : 280 177 14 3 0
65 : 183 119 1 2 1
66 : 167 7 7 25 0
67 : 130 154 28 7 0
68 : 145 134 20 22 1
69 : 221 176 15 4 0
70 : 123 161 4 25 1
71 : 82 109 9 4 1
72 : 107 143 23 16 0
73 : 286 149 14 19 0
74 : 77 124 10 34 1
75 : 67 164 9 9 0
76 : 77 122 2 4 1
77 : 72 0 103 7 0
78 : 280 174 4 3 0
79 : 126 123 11 37 1
80 : 176 157 8 3 0
81 : 52 160 4 26 1
82 : 227 146 14 2 1
83 : 191 172 8 15 1
84 : 86 105 13 44 1
85 : 95 96 40 2 0
86 : 39 118 12 38 1
87 : 130 110 39 13 0
88 : 60 130 4 16 1
89 : 165 8 2 37 0
90 : 184 157 4 3 0
91 : 97 153 6 9 1
92 : 261 177 13 4 0
93 : 134 165 12 15 1
94 : 224 174 22 2 0
95 : 102 175 7 13 1
96 : 0 123 13 35 1
97 : 134 34 29 48 0
98 : 63 54 9 1 0
99 : 39 51 30 3 0
100 : 0 136 11 31 1
101 : 67 174 21 2 0
102 : 229 135 4 4 0
103 : 169 119 14 1 0
104 : 298 61 1 9 0
105 : 286 61 9 12 1
106 : 163 8 2 40 0
107 : 167 139 22 18 0
108 : 0 169 8 17 1
109 : 130 153 13 1 0
110 : 266 115 22 28 1
111 : 198 127 8 36 1
112 : 48 169 3 7 0
113 : 0 154 18 15 0
114 : 249 141 14 21 0
115 : 39 73 24 45 1
116 : 229 139 4 2 0
117 : 30 149 22 14 0
118 : 72 7 95 1 0
119 : 72 8 26 68 1
120 : 48 176 15 4 0
121 : 43 175 5 7 0
122 : 240 0 46 38 0
123 : 33 108 4 1 0
124 : 126 118 4 5 0
125 : 37 97 58 2 0
126 : 29 175 14 8 0
127 : 138 93 17 47 1
128 : 176 160 15 15 0
129 : 30 169 6 18 1
130 : 207 166 9 17 1
131 : 167 123 16 2 1
132 : 189 139 9 6 0
133 : 246 179 7 7 0
134 : 63 176 14 4 0
135 : 97 165 5 22 1
136 : 119 165 12 15 1
137 : 141 177 11 5 0
138 : 84 73 9 14 1
139 : 39 38 33 13 0
140 : 52 149 8 4 0
141 : 52 153 28 7 0
142 : 39 56 17 59 1
143 : 0 102 4 37 1
144 : 67 173 9 1 0
145 : 227 106 6 9 0
146 : 263 161 20 8 0
147 : 174 7 24 1 1
148 : 84 82 14 54 1
149 : 37 99 49 10 0
150 : 280 102 14 8 0
151 : 244 162 9 18 1
152 : 35 123 4 7 0
153 : 284 168 9 16 1
154 : 0 77 25 37 1
155 : 270 70 32 29 1
156 : 261 97 8 4 0
157 : 37 77 2 15 0
158 : 209 92 61 5 0
159 : 218 70 4 22 0
160 : 246 171 8 15 1
161 : 35 130 19 25 1
162 : 185 93 4 21 1
163 : 98 170 5 19 1
164 : 60 134 19 24 1
165 : 227 160 14 17 1
166 : 185 180 7 3 0
167 : 98 79 29 3 0
168 : 176 175 15 4 0
169 : 17 172 10 12 1
170 : 39 109 43 9 0
171 : 115 177 14 3 0
172 : 135 96 2 3 1
173 : 78 170 20 4 0
174 : 72 34 22 62 1
175 : 80 153 17 17 0
176 : 284 38 26 2 1
177 : 52 164 15 12 0
178 : 0 106 2 36 1
179 : 234 38 32 50 1
180 : 262 169 5 22 1
181 : 149 161 16 8 1
182 : 234 127 14 30 1
183 : 244 160 5 2 0
184 : 36 106 1 2 0
185 : 224 166 8 3 1
186 : 0 147 30 7 0
187 : 107 134 4 9 0
188 : 158 154 9 3 0
189 : 0 177 14 3 0
190 : 185 106 42 14 0
191 : 111 134 34 9 0
192 : 163 123 4 11 0
193 : 0 0 38 72 1
194 : 106 153 6 1 1
195 : 171 176 3 5 1
196 : 236 176 10 8 0
197 : 222 58 12 12 0
198 : 129 177 4 12 1
199 : 286 0 13 61 0
