200 120
0 : 159 115 4 6 1
1 : 88 117 2 4 1
2 : 0 0 110 45 0
3 : 8 116 1 15 1
4 : 76 117 2 4 1
5 : 104 116 6 3 0
6 : 51 116 1 27 1
7 : 160 106 4 23 1
8 : 180 97 9 14 1
9 : 148 117 1 11 1
10 : 144 115 15 2 0
11 : 0 63 18 24 1
12 : 60 117 8 1 0
13 : 100 46 15 40 1
14 : 46 105 7 14 1
15 : 194 104 11 4 1
16 : 180 117 1 2 1
17 : 115 109 37 2 0
18 : 67 95 20 8 0
19 : 103 102 12 9 0
20 : 180 82 15 15 0
21 : 68 81 14 20 1
22 : 19 104 4 27 1
23 : 124 117 1 18 1
24 : 158 71 22 14 0
25 : 107 95 23 7 0
26 : 175 117 5 3 0
27 : 195 82 5 22 0
28 : 147 95 6 25 1
29 : 110 32 14 58 1
30 : 130 95 17 9 0
31 : 22 117 3 2 0
32 : 78 116 1 20 1
33 : 0 116 8 3 0
34 : 21 96 18 8 0
35 : 124 115 20 2 0
36 : 0 101 6 19 1
37 : 109 92 67 3 0
38 : 60 108 10 8 0
39 : 35 108 8 9 1
40 : 88 82 21 11 0
41 : 111 115 4 5 0
42 : 99 111 4 16 1
43 : 24 67 17 22 1
44 : 70 45 20 30 1
45 : 85 109 14 5 0
46 : 0 81 12 22 1
47 : 67 103 20 5 0
48 : 0 112 4 11 1
49 : 171 113 7 4 1
50 : 160 0 33 32 0
51 : 88 93 19 9 0
52 : 100 61 27 16 0
53 : 0 107 18 5 0
54 : 39 96 8 16 1
55 : 68 117 8 1 0
56 : 195 115 4 3 1
57 : 109 89 3 71 1
58 : 70 115 41 1 0
59 : 70 108 15 5 0
60 : 147 101 33 4 0
61 : 18 108 5 17 1
62 : 51 112 4 9 1
63 : 152 110 3 24 1
64 : 183 106 11 8 0
65 : 165 113 6 5 0
66 : 110 0 50 27 0
67 : 70 65 25 16 0
68 : 41 45 22 29 1
69 : 136 105 4 24 1
70 : 0 93 8 21 1
71 : 142 117 6 2 0
72 : 115 111 9 7 0
73 : 198 104 14 2 1
74 : 11 113 14 3 0
75 : 46 67 15 22 1
76 : 80 117 1 8 1
77 : 87 102 7 16 1
78 : 31 116 3 10 1
79 : 115 104 21 5 0
80 : 51 117 1 9 1
81 : 22 92 4 45 1
82 : 8 117 14 1 0
83 : 0 45 41 18 0
84 : 168 32 27 30 1
85 : 176 110 7 7 0
86 : 25 113 6 6 0
87 : 109 82 7 32 1
88 : 41 116 4 3 1
89 : 140 59 44 12 0
90 : 110 116 1 2 0
91 : 183 115 12 3 0
92 : 46 82 22 10 0
93 : 138 113 27 2 0
94 : 95 77 5 63 1
95 : 184 59 23 15 1
96 : 44 112 7 7 0
97 : 124 111 14 4 0
98 : 55 96 9 12 1
99 : 98 116 3 6 1
