300 204
0 : 119 160 2 3 0
1 : 129 138 18 12 1
2 : 23 155 14 5 1
3 : 231 113 11 6 1
4 : 179 143 12 16 1
5 : 23 62 6 44 0
6 : 226 153 2 10 0
7 : 119 132 2 23 0
8 : 231 61 52 6 1
9 : 107 132 12 39 0
10 : 196 142 7 26 0
11 : 261 131 10 13 0
12 : 251 113 19 3 1
13 : 74 125 59 12 1
14 : 99 140 2 14 0
15 : 64 175 8 4 0
16 : 0 0 39 39 0
17 : 157 102 14 24 0
18 : 107 83 20 19 0
19 : 161 179 4 4 0
20 : 39 125 18 14 0
21 : 272 135 12 23 0
22 : 237 132 30 12 1
23 : 170 140 1 2 0
24 : 72 152 2 11 0
25 : 231 124 5 26 0
26 : 87 167 9 16 0
27 : 157 0 65 32 0
28 : 0 84 23 19 0
29 : 121 133 5 19 0
30 : 29 122 10 14 0
31 : 101 64 6 30 0
32 : 86 108 31 1 1
33 : 101 151 16 5 1
34 : 101 94 26 6 1
35 : 228 151 8 3 1
36 : 13 166 7 15 0
37 : 298 160 2 2 0
38 : 21 117 1 24 0
39 : 261 144 9 50 0
40 : 252 154 7 2 1
41 : 203 118 20 14 0
42 : 121 102 22 6 1
43 : 281 158 3 4 0
44 : 284 157 2 4 0
45 : 141 154 7 2 1
46 : 39 86 22 48 1
47 : 272 0 67 26 1
48 : 0 62 22 23 1
49 : 272 96 39 14 1
50 : 254 96 7 29 0
51 : 144 99 13 45 0
52 : 252 132 22 2 1
53 : 121 152 14 5 1
54 : 272 67 19 29 0
55 : 99 154 8 2 1
56 : 157 61 46 23 0
57 : 272 158 22 9 1
58 : 171 168 7 14 0
59 : 22 103 1 33 0
60 : 39 165 25 9 0
61 : 179 180 13 4 0
62 : 0 39 23 29 1
63 : 261 100 11 31 0
64 : 223 118 14 3 1
65 : 21 141 1 2 0
66 : 254 153 7 25 0
67 : 254 125 28 7 1
68 : 107 63 20 22 1
69 : 111 171 15 4 1
70 : 23 169 4 25 0
71 : 144 177 9 4 0
72 : 203 102 23 16 0
73 : 237 113 14 19 0
74 : 29 88 10 34 0
75 : 157 170 9 9 0
76 : 138 161 2 4 1
77 : 291 67 103 7 1
78 : 153 159 4 3 1
79 : 261 32 11 37 0
80 : 223 146 8 3 1
81 : 286 168 4 26 0
82 : 127 149 14 2 1
83 : 13 151 8 15 0
84 : 157 126 13 44 0
85 : 298 58 40 2 1
86 : 203 132 12 38 0
87 : 0 131 39 13 1
88 : 291 170 4 16 0
89 : 298 98 2 37 0
90 : 228 159 4 3 1
91 : 23 124 6 9 0
92 : 121 173 13 4 1
93 : 179 155 12 15 1
94 : 284 135 22 2 1
95 : 196 168 7 13 0
96 : 39 139 13 35 1
97 : 157 32 29 48 1
98 : 271 131 9 1 1
99 : 228 83 30 3 1
100 : 261 69 11 31 0
101 : 298 135 21 2 1
102 : 157 179 4 4 0
103 : 170 126 14 1 1
104 : 126 133 1 9 0
105 : 0 170 9 12 1
106 : 127 83 2 40 0
107 : 157 84 22 18 0
108 : 215 132 8 17 0
109 : 106 129 13 1 1
110 : 203 61 22 28 1
111 : 171 102 8 36 0
112 : 249 154 3 7 0
113 : 129 63 18 15 1
114 : 0 117 14 21 1
115 : 237 32 24 45 0
116 : 298 156 4 2 1
117 : 0 103 22 14 0
118 : 143 96 95 1 1
119 : 39 38 26 68 1
120 : 115 171 15 4 1
121 : 121 166 5 7 0
122 : 111 0 46 38 0
123 : 86 139 4 1 1
124 : 254 178 4 5 1
125 : 298 0 58 2 1
126 : 215 164 14 8 1
127 : 39 108 17 47 1
128 : 129 81 15 15 0
129 : 23 106 6 18 0
130 : 237 162 9 17 0
131 : 141 138 16 2 1
132 : 101 120 9 6 1
133 : 203 170 7 7 0
134 : 179 176 14 4 0
135 : 101 129 5 22 0
136 : 87 140 12 15 0
137 : 286 157 11 5 1
138 : 179 167 9 14 1
139 : 39 152 33 13 0
140 : 215 178 8 4 0
141 : 196 114 28 7 1
142 : 179 84 17 59 0
143 : 101 167 4 37 0
144 : 28 133 9 1 1
145 : 121 124 6 9 0
146 : 13 131 20 8 1
147 : 236 124 24 1 1
148 : 87 86 14 54 0
149 : 29 39 49 10 1
150 : 171 154 14 8 1
151 : 144 159 9 18 0
152 : 203 177 4 7 1
153 : 39 174 9 16 1
154 : 107 38 25 37 1
155 : 205 32 32 29 0
156 : 64 179 8 4 0
157 : 226 138 2 15 0
158 : 286 96 61 5 1
159 : 231 169 4 22 0
160 : 215 149 8 15 0
161 : 203 83 19 25 1
162 : 166 170 4 21 0
163 : 231 150 5 19 0
164 : 237 77 19 24 1
165 : 57 125 14 17 1
166 : 223 154 7 3 1
167 : 228 113 29 3 1
168 : 107 171 15 4 1
169 : 29 136 10 12 0
170 : 29 148 43 9 1
171 : 223 132 14 3 1
172 : 223 161 2 3 1
173 : 210 170 20 4 1
174 : 39 64 22 62 1
175 : 237 96 17 17 0
176 : 127 123 26 2 1
177 : 144 144 15 12 1
178 : 226 102 2 36 0
179 : 222 0 32 50 1
180 : 23 133 5 22 0
181 : 171 138 16 8 1
182 : 107 102 14 30 0
183 : 119 155 5 2 1
184 : 271 140 1 2 0
185 : 249 146 8 3 1
186 : 196 84 30 7 1
187 : 59 174 4 9 0
188 : 228 142 9 3 1
189 : 249 132 14 3 1
190 : 129 96 42 14 1
191 : 129 156 34 9 1
192 : 55 174 4 11 0
193 : 39 0 38 72 1
194 : 22 136 6 1 1
195 : 138 156 3 5 0
196 : 64 165 10 8 1
197 : 87 155 12 12 0
198 : 0 179 4 12 1
199 : 144 38 13 61 0
