100 56
0 : 92 15 4 22 0
1 : 31 23 9 4 1
2 : 0 23 18 10 0
3 : 51 20 19 9 1
4 : 25 31 5 4 0
5 : 87 33 3 3 0
6 : 36 31 4 15 1
7 : 86 34 1 3 0
8 : 36 35 13 3 0
9 : 62 15 13 14 1
10 : 13 37 2 4 1
11 : 62 38 1 14 1
12 : 18 23 8 13 1
13 : 17 33 1 7 0
14 : 76 15 11 16 1
15 : 91 26 11 1 1
16 : 99 0 38 1 1
17 : 94 0 9 5 1
18 : 76 37 2 8 1
19 : 36 38 6 2 0
20 : 31 36 2 4 1
21 : 60 20 2 21 0
22 : 72 28 4 5 0
23 : 0 33 17 4 0
24 : 92 37 7 2 0
25 : 90 33 5 1 1
26 : 96 15 3 17 0
27 : 49 35 2 3 0
28 : 18 31 7 25 0
29 : 83 34 3 3 0
30 : 87 26 4 7 0
31 : 62 28 8 10 1
32 : 62 0 32 15 0
33 : 96 32 5 3 1
34 : 76 34 7 3 0
35 : 62 36 2 14 1
36 : 94 9 5 6 0
37 : 35 23 14 1 1
38 : 76 26 11 8 0
39 : 36 20 15 11 0
40 : 42 38 9 1 0
41 : 0 39 1 17 1
42 : 72 33 3 4 1
43 : 36 0 20 26 1
44 : 0 37 13 2 0
45 : 31 32 4 4 0
46 : 30 31 1 8 0
47 : 0 0 23 36 1
48 : 87 36 2 2 0
49 : 25 35 4 2 0
