1000 2041
0 : 748 16 94 6 1
1 : 61 841 22 1 1
2 : 622 605 25 23 0
3 : 360 485 2 13 0
4 : 75 1409 7 6 1
5 : 428 23 16 133 1
6 : 533 259 37 13 1
7 : 428 264 42 91 0
8 : 58 427 32 7 0
9 : 762 91 4 53 0
10 : 942 259 27 10 1
11 : 341 253 57 16 1
12 : 35 1016 32 2 1
13 : 56 351 2 3 0
14 : 284 1072 31 41 0
15 : 37 1016 22 1 1
16 : 622 38 1 103 1
17 : 140 470 4 4 0
18 : 553 106 7 62 0
19 : 195 146 41 5 1
20 : 567 497 24 19 1
21 : 0 1382 50 59 1
22 : 284 904 69 42 1
23 : 0 1786 67 63 1
24 : 792 67 168 76 1
25 : 597 340 19 52 0
26 : 350 524 1 2 1
27 : 150 228 29 79 0
28 : 338 256 31 3 1
29 : 656 282 18 58 0
30 : 271 490 5 18 0
31 : 367 473 23 41 0
32 : 619 13 3 69 0
33 : 99 1081 9 10 0
34 : 768 8 112 22 1
35 : 59 1382 11 19 0
36 : 0 28 202 57 0
37 : 922 385 14 24 0
38 : 67 843 60 77 0
39 : 725 38 48 3 1
40 : 622 565 40 25 1
41 : 50 438 4 14 0
42 : 481 457 37 20 1
43 : 150 307 69 26 1
44 : 792 816 28 29 1
45 : 868 395 17 32 0
46 : 622 27 9 119 1
47 : 44 413 40 4 1
48 : 374 234 15 61 0
49 : 504 280 48 16 1
50 : 112 183 14 55 0
51 : 656 443 15 19 0
52 : 688 41 34 113 0
53 : 0 1241 94 81 1
54 : 922 264 53 15 1
55 : 728 169 8 31 0
56 : 299 511 1 14 0
57 : 0 2005 36 36 0
58 : 144 463 1 1 0
59 : 35 983 3 33 0
60 : 39 1369 12 5 1
61 : 52 1665 12 11 1
62 : 99 981 24 9 1
63 : 38 1196 20 32 0
64 : 792 474 82 39 1
65 : 597 214 21 72 0
66 : 284 490 34 6 1
67 : 728 113 56 8 1
68 : 504 402 25 15 1
69 : 426 10 66 2 1
70 : 868 162 18 79 0
71 : 792 777 29 39 0
72 : 226 183 41 115 1
73 : 792 56 104 6 0
74 : 622 521 44 25 1
75 : 504 447 15 18 0
76 : 56 637 49 7 1
77 : 868 67 22 95 0
78 : 75 1401 8 6 1
79 : 754 165 7 38 0
80 : 392 154 7 42 0
81 : 58 129 49 116 0
82 : 284 767 69 41 1
83 : 320 224 69 18 1
84 : 214 114 5 50 0
85 : 428 612 23 24 1
86 : 754 16 91 8 1
87 : 954 334 34 83 0
88 : 40 1524 9 8 1
89 : 533 296 13 33 0
90 : 942 227 32 11 1
91 : 112 448 9 26 0
92 : 55 431 22 3 1
93 : 922 431 18 14 1
94 : 126 85 143 54 1
95 : 0 129 133 58 1
96 : 768 367 15 36 0
97 : 365 183 6 38 0
98 : 741 27 71 4 1
99 : 121 465 9 4 1
100 : 428 39 17 125 1
101 : 59 1536 7 14 1
102 : 330 293 8 17 0
103 : 257 676 26 32 0
104 : 533 406 17 12 1
105 : 567 136 29 94 0
106 : 63 1681 14 14 0
107 : 126 309 22 59 0
108 : 424 10 75 2 1
109 : 202 281 10 21 0
110 : 995 95 48 4 1
111 : 868 427 17 22 0
112 : 728 36 77 11 1
113 : 954 244 90 39 1
114 : 622 17 126 10 0
115 : 361 138 27 4 1
116 : 428 580 32 24 1
117 : 942 176 11 51 0
118 : 341 183 70 16 1
119 : 567 307 70 27 1
120 : 162 594 22 25 0
121 : 741 98 4 48 0
122 : 50 881 5 8 1
123 : 52 1653 11 12 0
124 : 316 256 3 33 0
125 : 868 449 19 16 1
126 : 58 245 42 92 0
127 : 0 0 28 226 1
128 : 367 602 22 23 0
129 : 40 1513 11 8 1
130 : 768 278 49 15 1
131 : 55 354 3 39 0
132 : 226 224 94 32 0
133 : 284 836 68 40 1
134 : 50 452 4 1 0
135 : 112 321 36 14 1
136 : 88 1084 10 6 0
137 : 922 409 22 14 1
138 : 553 39 67 7 1
139 : 656 201 21 81 0
140 : 226 49 28 148 1
141 : 45 1335 36 47 0
142 : 481 296 22 61 0
143 : 412 112 62 9 1
144 : 121 421 5 22 0
145 : 67 596 95 114 0
146 : 374 154 18 80 0
147 : 922 203 61 15 1
148 : 48 413 35 2 1
149 : 338 287 3 15 0
150 : 914 27 5 67 0
151 : 400 125 47 9 1
152 : 868 302 50 17 1
153 : 954 587 32 25 1
154 : 365 295 4 14 0
155 : 400 212 24 8 1
156 : 792 27 122 12 0
157 : 567 13 123 30 1
158 : 68 1230 6 12 1
159 : 745 27 2 59 0
160 : 688 154 92 28 1
161 : 224 28 53 2 1
162 : 19 1369 12 20 1
163 : 954 0 41 140 0
164 : 716 154 29 6 1
165 : 0 1182 59 38 1
166 : 112 357 32 13 1
167 : 504 328 15 38 0
168 : 533 352 18 12 1
169 : 722 39 3 38 0
170 : 284 1143 31 30 0
171 : 919 27 58 3 1
172 : 347 499 5 25 0
173 : 58 434 32 7 0
174 : 954 544 25 43 0
175 : 537 75 11 72 0
176 : 300 507 4 18 0
177 : 341 501 23 6 1
178 : 66 1189 9 6 0
179 : 0 1051 71 38 1
180 : 226 0 10 202 1
181 : 316 289 14 4 1
182 : 67 587 5 21 1
183 : 59 1507 29 22 1
184 : 365 141 42 6 1
185 : 0 983 35 68 0
186 : 126 417 40 20 1
187 : 561 99 59 6 1
188 : 942 108 11 68 0
189 : 309 281 24 3 1
190 : 64 587 3 45 0
191 : 0 1513 40 32 0
192 : 367 548 29 22 1
193 : 896 141 14 70 0
194 : 106 245 1 16 0
195 : 38 1061 50 34 0
196 : 561 23 6 76 0
197 : 567 423 22 40 0
198 : 762 16 75 4 1
199 : 315 293 1 14 0
200 : 361 77 61 4 1
201 : 99 1060 9 11 0
202 : 792 39 122 17 0
203 : 0 587 99 56 1
204 : 954 140 40 104 0
205 : 428 89 11 105 1
206 : 50 796 45 12 1
207 : 226 762 32 27 1
208 : 161 566 1 18 0
209 : 132 710 14 4 1
210 : 792 20 130 7 0
211 : 99 1027 16 7 1
212 : 144 457 2 6 0
213 : 41 366 3 46 0
214 : 412 10 102 12 1
215 : 38 1095 86 70 1
216 : 533 423 15 12 1
217 : 428 13 10 139 1
218 : 0 1639 38 45 1
219 : 38 1233 8 20 1
220 : 40 1533 9 8 1
221 : 68 1206 24 12 1
222 : 768 120 22 91 0
223 : 0 85 22 126 1
224 : 284 1029 43 32 1
225 : 597 13 112 22 1
226 : 954 417 73 30 1
227 : 284 1113 31 30 0
228 : 567 463 34 19 1
229 : 63 679 7 4 1
230 : 365 259 36 6 1
231 : 922 15 17 105 0
232 : 99 1043 17 9 1
233 : 428 548 32 24 1
234 : 294 490 33 5 1
235 : 150 376 52 23 1
236 : 88 1061 8 23 0
237 : 338 302 8 2 1
238 : 400 49 10 76 0
239 : 792 556 70 33 1
240 : 831 474 33 22 1
241 : 533 209 13 50 0
242 : 831 507 21 31 0
243 : 481 494 19 27 0
244 : 597 444 17 13 1
245 : 316 303 4 4 0
246 : 312 256 4 37 0
247 : 922 120 15 83 0
248 : 896 56 85 15 1
249 : 0 796 50 92 0
250 : 953 5 66 1 1
251 : 112 474 92 73 1
252 : 202 179 11 39 0
253 : 300 479 4 28 0
254 : 52 1639 10 14 0
255 : 0 1853 62 65 0
256 : 533 147 62 13 1
257 : 304 281 28 5 1
258 : 914 94 53 4 1
259 : 226 281 78 137 0
260 : 896 294 12 27 0
261 : 70 1382 18 10 1
262 : 597 286 19 54 0
263 : 374 300 14 6 0
264 : 384 306 5 4 0
265 : 622 16 126 1 0
266 : 0 1677 44 51 0
267 : 50 1432 9 8 0
268 : 271 418 72 29 1
269 : 412 174 9 34 0
270 : 768 425 14 20 0
271 : 58 337 37 85 0
272 : 597 125 22 89 0
273 : 67 981 16 2 0
274 : 257 644 26 32 0
275 : 312 293 16 3 1
276 : 597 392 32 16 1
277 : 284 698 69 40 1
278 : 792 692 31 45 0
279 : 622 201 34 94 0
280 : 226 418 90 45 1
281 : 112 238 43 14 1
282 : 284 525 78 109 0
283 : 319 256 26 1 1
284 : 792 626 32 66 0
285 : 320 293 5 16 0
286 : 58 422 30 5 0
287 : 533 329 23 13 1
288 : 768 211 16 67 0
289 : 428 75 109 14 0
290 : 688 246 72 25 1
291 : 533 370 12 18 0
292 : 50 310 6 44 0
293 : 677 201 32 9 1
294 : 470 264 10 24 0
295 : 58 447 26 3 0
296 : 226 256 25 86 1
297 : 995 0 4 95 0
298 : 67 710 65 47 0
299 : 284 667 60 31 0
300 : 121 443 5 22 0
301 : 126 464 16 6 0
302 : 942 5 11 103 0
303 : 338 224 3 32 0
304 : 226 139 131 44 0
305 : 112 421 27 9 1
306 : 35 1048 3 2 1
307 : 226 673 49 29 1
308 : 202 123 56 12 1
309 : 44 366 4 47 0
310 : 374 49 26 105 0
311 : 214 28 86 10 1
312 : 792 62 5 101 1
313 : 688 318 57 22 1
314 : 63 1713 14 14 0
315 : 792 363 61 111 0
316 : 0 1432 50 41 0
317 : 767 16 50 1 1
318 : 58 1228 13 4 1
319 : 56 262 2 39 0
320 : 622 39 2 100 1
321 : 63 1695 18 18 0
322 : 112 566 49 30 0
323 : 50 262 48 6 1
324 : 0 888 95 62 1
325 : 999 0 68 1 1
326 : 0 366 41 87 0
327 : 374 306 10 3 0
328 : 622 8 8 146 1
329 : 656 422 21 15 1
330 : 896 211 47 13 1
331 : 374 295 14 5 0
332 : 66 1181 12 8 0
333 : 126 470 14 4 0
334 : 367 429 23 44 0
335 : 180 275 33 13 1
336 : 728 200 29 8 1
337 : 792 15 130 5 0
338 : 656 389 15 33 0
339 : 567 377 22 46 0
340 : 67 757 69 86 0
341 : 549 56 61 4 1
342 : 56 301 2 38 0
343 : 226 10 39 186 1
344 : 88 1090 8 4 0
345 : 304 310 119 86 1
346 : 688 375 48 19 1
347 : 99 1005 22 9 1
348 : 939 15 65 3 1
349 : 66 1228 10 2 1
350 : 284 634 33 63 1
351 : 922 357 28 14 1
352 : 162 566 23 28 0
353 : 112 281 40 14 1
354 : 48 366 43 1 1
355 : 276 490 6 18 0
356 : 792 737 29 40 0
357 : 341 524 1 9 1
358 : 337 501 4 24 0
359 : 347 461 38 9 1
360 : 0 1335 34 45 1
361 : 226 508 99 58 1
362 : 533 89 4 58 0
363 : 50 354 42 5 1
364 : 622 454 67 28 1
365 : 41 412 41 3 1
366 : 0 1369 11 19 1
367 : 481 357 55 22 1
368 : 768 403 14 22 0
369 : 38 1228 17 5 0
370 : 50 841 8 40 0
371 : 400 172 9 40 0
372 : 352 499 7 26 0
373 : 428 435 68 29 1
374 : 62 1228 4 13 0
375 : 428 355 33 80 0
376 : 58 841 35 3 1
377 : 567 230 77 29 1
378 : 59 1425 26 18 1
379 : 195 85 5 61 0
380 : 0 1545 86 94 0
381 : 50 396 42 5 1
382 : 622 41 66 160 0
383 : 412 208 31 9 1
384 : 0 1122 37 60 0
385 : 58 1206 10 22 0
386 : 504 427 15 20 0
387 : 868 352 43 17 1
388 : 481 412 45 22 1
389 : 0 1728 52 58 0
390 : 337 461 40 10 1
391 : 59 1401 24 16 1
392 : 0 107 112 22 0
393 : 63 1659 22 22 0
394 : 56 339 2 12 0
395 : 942 286 10 20 0
396 : 367 577 25 22 1
397 : 792 5 10 150 1
398 : 356 461 4 33 0
399 : 0 262 50 104 0
400 : 768 327 40 15 1
401 : 428 127 53 137 0
402 : 300 449 4 30 0
403 : 284 973 56 33 1
404 : 304 429 32 63 1
405 : 67 592 4 14 1
406 : 226 98 134 41 0
407 : 63 1639 19 20 0
408 : 75 1189 5 7 0
409 : 954 490 28 54 0
410 : 325 293 14 5 1
411 : 63 637 42 4 1
412 : 504 366 36 15 1
413 : 481 127 94 23 1
414 : 367 514 34 23 1
415 : 290 522 3 4 1
416 : 56 587 50 8 1
417 : 290 490 32 4 1
418 : 868 241 18 61 0
419 : 754 107 58 7 1
420 : 360 461 24 2 1
421 : 481 221 23 75 0
422 : 369 295 11 2 1
423 : 792 0 162 5 0
424 : 504 127 84 20 1
425 : 0 686 110 67 1
426 : 99 1071 10 9 1
427 : 64 632 3 4 0
428 : 38 1181 28 15 0
429 : 597 424 14 20 0
430 : 55 393 3 38 0
431 : 428 112 15 100 1
432 : 126 457 18 7 0
433 : 219 114 5 42 0
434 : 622 378 76 31 1
435 : 622 0 8 170 1
436 : 180 308 21 5 1
437 : 748 110 5 51 0
438 : 180 230 13 45 0
439 : 112 389 14 32 0
440 : 954 619 25 24 0
441 : 38 983 78 61 1
442 : 81 592 9 4 0
443 : 428 100 12 101 1
444 : 299 490 21 1 1
445 : 226 77 135 21 0
446 : 142 464 6 4 1
447 : 226 722 28 40 0
448 : 0 453 134 90 1
449 : 656 340 49 17 1
450 : 0 1473 40 48 1
451 : 304 461 33 64 0
452 : 622 295 34 83 0
453 : 790 8 2 80 0
454 : 202 28 95 12 1
455 : 257 708 26 26 0
456 : 257 607 26 37 0
457 : 202 218 33 11 1
458 : 831 538 23 21 1
459 : 553 168 7 29 0
460 : 896 321 11 20 0
461 : 180 170 13 60 0
462 : 360 498 2 1 0
463 : 922 317 40 14 1
464 : 59 1451 30 22 1
465 : 428 503 24 45 0
466 : 100 245 6 22 0
467 : 226 607 66 31 1
468 : 73 1536 9 6 1
469 : 67 920 44 61 0
470 : 766 16 1 59 0
471 : 126 228 24 81 0
472 : 59 1481 19 26 0
473 : 428 56 19 121 1
474 : 150 428 46 23 1
475 : 58 441 6 31 1
476 : 107 129 5 41 0
477 : 533 388 12 18 0
478 : 180 85 15 85 0
479 : 219 156 5 28 0
480 : 0 1918 86 87 0
481 : 896 258 36 12 1
482 : 365 77 64 7 1
483 : 356 494 5 4 1
484 : 688 423 34 18 1
485 : 202 251 30 10 1
486 : 428 0 194 13 0
487 : 365 221 38 6 1
488 : 48 409 1 4 0
489 : 622 36 106 2 0
490 : 896 341 11 20 0
491 : 58 876 4 12 0
492 : 58 1196 22 10 0
493 : 792 235 70 128 0
494 : 112 107 14 76 0
495 : 300 418 4 31 0
496 : 369 306 2 4 0
497 : 504 211 69 16 1
498 : 126 368 20 49 0
499 : 739 36 2 50 0
