1000 737
0 : 993 0 94 6 1
1 : 212 464 22 1 1
2 : 564 643 25 23 0
3 : 628 530 2 13 0
4 : 759 640 7 6 0
5 : 0 28 16 133 1
6 : 508 477 37 13 0
7 : 172 281 42 91 1
8 : 964 469 32 7 0
9 : 0 271 4 53 1
10 : 487 523 27 10 0
11 : 134 368 57 16 0
12 : 545 440 32 2 0
13 : 997 635 2 3 1
14 : 954 593 31 41 1
15 : 775 471 22 1 1
16 : 550 58 1 103 1
17 : 559 640 4 4 0
18 : 201 186 7 62 0
19 : 193 398 41 5 0
20 : 788 628 24 19 0
21 : 108 601 50 59 1
22 : 895 469 69 42 0
23 : 167 640 67 63 0
24 : 226 81 168 76 0
25 : 228 426 19 52 1
26 : 999 627 1 2 0
27 : 747 268 29 79 1
28 : 76 455 31 3 0
29 : 191 375 18 58 1
30 : 188 534 5 18 1
31 : 416 522 23 41 1
32 : 588 182 3 69 1
33 : 902 645 9 10 1
34 : 831 102 112 22 0
35 : 231 604 11 19 1
36 : 226 10 202 57 0
37 : 94 578 14 24 0
38 : 916 533 60 77 1
39 : 944 313 48 3 0
40 : 867 541 40 25 0
41 : 104 550 4 14 0
42 : 276 523 37 20 0
43 : 785 333 69 26 0
44 : 727 646 28 29 1
45 : 34 545 17 32 1
46 : 428 44 9 119 1
47 : 844 359 40 4 1
48 : 0 309 15 61 1
49 : 412 430 48 16 0
50 : 774 366 14 55 1
51 : 740 631 15 19 1
52 : 807 141 34 113 1
53 : 0 562 94 81 0
54 : 249 386 53 15 0
55 : 638 483 8 31 1
56 : 997 520 1 14 0
57 : 379 659 36 36 0
58 : 997 637 1 1 0
59 : 163 440 3 33 1
60 : 94 602 12 5 0
61 : 786 647 12 11 0
62 : 744 537 24 9 0
63 : 188 548 20 32 0
64 : 343 336 82 39 0
65 : 537 259 21 72 1
66 : 959 450 34 6 0
67 : 0 288 56 8 0
68 : 460 574 25 15 1
69 : 168 184 66 2 0
70 : 862 217 18 79 1
71 : 915 593 29 39 1
72 : 369 157 41 115 1
73 : 671 65 104 6 0
74 : 0 508 44 25 0
75 : 979 636 15 18 1
76 : 771 359 49 7 0
77 : 638 82 22 95 0
78 : 100 635 8 6 0
79 : 959 436 7 38 1
80 : 482 406 7 42 1
81 : 660 190 49 116 1
82 : 322 465 69 41 0
83 : 225 263 69 18 0
84 : 471 314 5 50 1
85 : 0 643 23 24 1
86 : 131 130 91 8 0
87 : 67 295 34 83 1
88 : 301 638 9 8 1
89 : 964 502 13 33 1
90 : 604 498 32 11 0
91 : 604 521 9 26 1
92 : 465 499 22 3 0
93 : 434 630 18 14 0
94 : 495 119 143 54 0
95 : 236 157 133 58 0
96 : 714 500 15 36 1
97 : 306 433 6 38 1
98 : 588 177 71 4 0
99 : 996 610 9 4 1
100 : 841 44 17 125 1
101 : 907 594 7 14 0
102 : 907 577 8 17 0
103 : 487 623 26 32 1
104 : 979 624 17 12 0
105 : 560 196 29 94 1
106 : 798 647 14 14 0
107 : 134 398 22 59 1
108 : 920 143 75 2 0
109 : 210 570 10 21 1
110 : 62 271 48 4 1
111 : 766 628 17 22 1
112 : 0 189 77 11 0
113 : 657 253 90 39 0
114 : 428 34 126 10 0
115 : 391 483 27 4 0
116 : 812 606 32 24 0
117 : 249 375 11 51 1
118 : 212 186 70 16 1
119 : 856 354 70 27 0
120 : 354 637 22 25 1
121 : 944 316 4 48 1
122 : 301 633 5 8 1
123 : 915 644 11 12 1
124 : 545 442 3 33 1
125 : 708 637 19 16 0
126 : 294 270 42 92 1
127 : 0 0 28 226 1
128 : 929 642 22 23 0
129 : 929 634 11 8 0
130 : 853 409 49 15 0
131 : 234 401 3 39 1
132 : 234 215 94 32 0
133 : 0 468 68 40 0
134 : 564 604 4 1 1
135 : 964 488 36 14 0
136 : 301 614 10 6 1
137 : 475 604 22 14 0
138 : 983 155 67 7 1
139 : 328 226 21 81 1
140 : 558 28 28 148 1
141 : 310 579 36 47 1
142 : 921 383 22 61 1
143 : 0 246 62 9 0
144 : 604 516 5 22 1
145 : 630 517 95 114 1
146 : 461 211 18 80 1
147 : 471 299 61 15 0
148 : 193 406 35 2 0
149 : 993 533 3 15 0
150 : 461 206 5 67 1
151 : 794 384 47 9 0
152 : 123 420 50 17 0
153 : 708 612 32 25 0
154 : 611 569 4 14 0
155 : 744 529 24 8 0
156 : 0 44 122 12 0
157 : 0 78 123 30 0
158 : 301 602 6 12 0
159 : 0 233 2 59 1
160 : 369 198 92 28 0
161 : 172 256 53 2 0
162 : 167 601 12 20 1
163 : 841 61 41 140 1
164 : 171 486 29 6 0
165 : 112 502 59 38 0
166 : 371 511 32 13 0
167 : 68 482 15 38 1
168 : 167 613 18 12 0
169 : 482 403 3 38 1
170 : 452 644 31 30 0
171 : 654 185 58 3 1
172 : 391 502 5 25 1
173 : 714 471 32 7 0
174 : 44 520 25 43 1
175 : 0 214 11 72 1
176 : 993 515 4 18 0
177 : 87 520 23 6 0
178 : 940 634 9 6 0
179 : 590 420 71 38 0
180 : 226 0 10 202 1
181 : 995 564 14 4 1
182 : 408 507 5 21 0
183 : 354 615 29 22 0
184 : 482 397 42 6 0
185 : 0 419 35 68 1
186 : 171 506 40 20 0
187 : 228 186 59 6 1
188 : 0 235 11 68 1
189 : 391 499 24 3 0
190 : 726 356 3 45 1
191 : 524 604 40 32 0
192 : 217 615 29 22 0
193 : 659 239 14 70 1
194 : 998 502 1 16 0
195 : 566 535 50 34 0
196 : 920 149 6 76 1
197 : 916 511 22 40 1
198 : 920 145 75 4 0
199 : 460 538 1 14 1
200 : 0 229 61 4 0
201 : 727 637 9 11 1
202 : 428 53 122 17 0
203 : 425 336 99 56 0
204 : 77 198 40 104 1
205 : 336 70 11 105 1
206 : 173 420 45 12 0
207 : 812 630 32 27 0
208 : 997 502 1 18 0
209 : 357 583 14 4 0
210 : 428 27 130 7 0
211 : 357 587 16 7 0
212 : 307 602 2 6 0
213 : 944 320 3 46 1
214 : 981 0 102 12 1
215 : 374 545 86 70 0
216 : 544 636 15 12 0
217 : 574 18 10 139 1
218 : 309 615 38 45 1
219 : 907 541 8 20 0
220 : 94 641 9 8 0
221 : 616 557 24 12 1
222 : 892 175 22 91 1
223 : 0 56 22 126 1
224 : 188 580 43 32 0
225 : 0 108 112 22 0
226 : 240 345 73 30 0
227 : 24 643 31 30 0
228 : 276 543 34 19 0
229 : 759 631 7 4 0
230 : 509 440 36 6 0
231 : 831 124 17 105 1
232 : 357 600 17 9 0
233 : 845 605 32 24 0
234 : 43 455 33 5 0
235 : 456 447 52 23 0
236 : 188 526 8 23 1
237 : 998 591 8 2 1
238 : 484 196 10 76 1
239 : 412 397 70 33 0
240 : 812 584 33 22 0
241 : 794 393 13 50 1
242 : 744 591 21 31 1
243 : 497 604 19 27 1
244 : 902 628 17 13 1
245 : 756 646 4 4 0
246 : 302 375 4 37 0
247 : 85 183 15 83 1
248 : 0 174 85 15 0
249 : 634 357 50 92 1
250 : 168 183 66 1 0
251 : 775 511 92 73 0
252 : 171 452 11 39 1
253 : 746 471 4 28 1
254 : 915 634 10 14 1
255 : 234 642 62 65 1
256 : 0 275 62 13 0
257 : 678 480 28 5 0
258 : 648 225 53 4 1
259 : 862 235 78 137 1
260 : 616 530 12 27 0
261 : 460 599 18 10 1
262 : 794 406 19 54 1
263 : 357 594 14 6 0
264 : 379 637 5 4 1
265 : 428 26 126 1 0
266 : 383 615 44 51 1
267 : 444 644 9 8 1
268 : 926 354 72 29 0
269 : 680 471 9 34 1
270 : 901 608 14 20 0
271 : 386 299 37 85 1
272 : 776 190 22 89 1
273 : 998 518 16 2 1
274 : 455 618 26 32 1
275 : 460 535 16 3 0
276 : 374 529 32 16 0
277 : 569 458 69 40 0
278 : 744 546 31 45 0
279 : 541 225 34 94 1
280 : 150 323 90 45 0
281 : 0 454 43 14 0
282 : 213 445 78 109 1
283 : 680 420 26 1 1
284 : 524 408 32 66 1
285 : 993 548 5 16 0
286 : 964 464 30 5 0
287 : 615 581 23 13 1
288 : 0 255 16 67 1
289 : 227 67 109 14 0
290 : 826 261 72 25 1
291 : 915 622 12 18 1
292 : 134 384 6 44 1
293 : 171 477 32 9 0
294 : 94 532 10 24 0
295 : 99 479 26 3 0
296 : 776 212 25 86 1
297 : 575 78 4 95 1
298 : 211 523 65 47 0
299 : 509 446 60 31 0
300 : 403 507 5 22 0
301 : 907 561 16 6 1
302 : 123 78 11 103 1
303 : 959 447 3 32 1
304 : 0 130 131 44 0
305 : 744 515 27 9 0
306 : 997 629 3 2 0
307 : 322 506 49 29 0
308 : 471 319 56 12 0
309 : 724 344 4 47 1
310 : 131 157 26 105 1
311 : 394 146 86 10 0
312 : 126 67 5 101 1
313 : 234 404 57 22 0
314 : 505 649 14 14 0
315 : 537 280 61 111 1
316 : 251 601 50 41 0
317 : 999 202 50 1 1
318 : 995 578 13 4 1
319 : 998 313 2 39 0
320 : 126 44 2 100 1
321 : 544 648 18 18 0
322 : 867 511 49 30 0
323 : 726 366 48 6 0
324 : 681 409 95 62 0
325 : 588 181 68 1 0
326 : 857 313 41 87 1
327 : 995 591 10 3 1
328 : 428 13 8 146 1
329 : 434 615 21 15 0
330 : 634 407 47 13 0
331 : 305 576 14 5 1
332 : 94 627 12 8 0
333 : 305 562 14 4 1
334 : 68 497 23 44 1
335 : 636 500 33 13 0
336 : 204 477 29 8 1
337 : 428 21 130 5 0
338 : 465 502 15 33 0
339 : 714 478 22 46 1
340 : 480 535 69 86 1
341 : 0 225 61 4 0
342 : 998 352 2 38 0
343 : 792 5 39 186 1
344 : 246 615 8 4 1
345 : 776 425 119 86 0
346 : 661 420 48 19 1
347 : 188 539 22 9 0
348 : 996 143 65 3 1
349 : 628 554 10 2 1
350 : 108 446 33 63 1
351 : 66 545 28 14 0
352 : 951 624 23 28 1
353 : 68 460 40 14 0
354 : 999 252 43 1 1
355 : 104 532 6 18 0
356 : 265 572 29 40 1
357 : 999 546 1 9 0
358 : 371 507 4 24 1
359 : 171 443 38 9 0
360 : 566 569 34 45 1
361 : 313 375 99 58 0
362 : 208 186 4 58 0
363 : 412 392 42 5 0
364 : 854 381 67 28 0
365 : 134 390 41 3 0
366 : 845 594 11 19 1
367 : 68 419 55 22 0
368 : 885 594 14 22 1
369 : 475 538 17 5 1
370 : 173 432 8 40 1
371 : 123 437 9 40 1
372 : 604 509 7 26 1
373 : 726 380 68 29 0
374 : 611 583 4 13 0
375 : 263 312 33 80 1
376 : 306 375 35 3 1
377 : 735 297 77 29 0
378 : 775 610 26 18 0
379 : 140 238 5 61 1
380 : 614 612 86 94 1
381 : 454 392 42 5 0
382 : 671 71 66 160 1
383 : 638 491 31 9 0
384 : 544 498 37 60 1
385 : 94 556 10 22 0
386 : 167 625 15 20 1
387 : 391 466 43 17 0
388 : 669 485 45 22 0
389 : 844 629 52 58 1
390 : 68 441 40 10 0
391 : 877 608 24 16 0
392 : 112 108 112 22 0
393 : 483 649 22 22 0
394 : 998 534 2 12 0
395 : 845 584 10 20 1
396 : 519 636 25 22 0
397 : 622 8 10 150 1
398 : 959 443 4 33 1
399 : 68 245 50 104 1
400 : 638 468 40 15 0
401 : 670 137 53 137 1
402 : 964 460 4 30 1
403 : 488 490 56 33 0
404 : 344 433 32 63 1
405 : 357 579 4 14 1
406 : 441 78 134 41 0
407 : 766 645 19 20 1
408 : 759 635 5 7 1
409 : 434 470 28 54 1
410 : 475 574 14 5 1
411 : 794 380 42 4 0
412 : 760 475 36 15 1
413 : 494 173 94 23 0
414 : 231 570 34 23 0
415 : 997 623 3 4 0
416 : 726 348 50 8 0
417 : 68 451 32 4 0
418 : 724 326 18 61 1
419 : 747 261 58 7 0
420 : 211 440 24 2 1
421 : 297 247 23 75 1
422 : 628 543 11 2 1
423 : 792 0 162 5 0
424 : 865 197 84 20 0
425 : 524 341 110 67 0
426 : 434 644 10 9 0
427 : 997 631 3 4 0
428 : 460 539 28 15 1
429 : 94 607 14 20 0
430 : 193 403 3 38 1
431 : 394 131 15 100 1
432 : 460 567 18 7 0
433 : 175 393 5 42 1
434 : 648 326 76 31 0
435 : 622 0 8 170 1
436 : 744 524 21 5 0
437 : 851 261 5 51 0
438 : 987 390 13 45 0
439 : 956 515 14 32 1
440 : 951 647 25 24 0
441 : 110 540 78 61 0
442 : 995 601 9 4 1
443 : 394 119 12 101 1
444 : 465 498 21 1 0
445 : 706 44 135 21 0
446 : 94 635 6 4 0
447 : 867 566 28 40 1
448 : 0 329 134 90 0
449 : 460 430 49 17 0
450 : 566 603 40 48 1
451 : 895 436 33 64 1
452 : 652 292 34 83 1
453 : 920 141 2 80 1
454 : 131 138 95 12 0
455 : 299 653 26 26 0
456 : 775 584 26 37 1
457 : 171 492 33 11 0
458 : 589 643 23 21 0
459 : 391 492 7 29 1
460 : 231 593 11 20 1
461 : 0 296 13 60 1
462 : 997 627 2 1 0
463 : 171 463 40 14 0
464 : 187 612 30 22 0
465 : 420 498 24 45 1
466 : 87 526 6 22 1
467 : 921 405 66 31 0
468 : 301 624 9 6 1
469 : 313 535 44 61 1
470 : 999 143 1 59 0
471 : 776 237 24 81 1
472 : 740 612 19 26 1
473 : 550 59 19 121 1
474 : 125 479 46 23 0
475 : 68 474 6 31 1
476 : 848 359 5 41 0
477 : 933 622 12 18 1
478 : 807 175 15 85 1
479 : 391 487 5 28 1
480 : 55 651 86 87 1
481 : 964 476 36 12 0
482 : 76 238 64 7 0
483 : 559 636 5 4 0
484 : 0 533 34 18 0
485 : 669 507 30 10 0
486 : 428 0 194 13 0
487 : 291 401 38 6 1
488 : 250 604 1 4 0
489 : 550 56 106 2 0
490 : 865 594 11 20 1
491 : 305 590 4 12 0
492 : 276 562 22 10 0
493 : 409 229 70 128 1
494 : 0 200 14 76 1
495 : 959 456 4 31 1
496 : 997 619 2 4 0
497 : 228 247 69 16 0
498 : 407 446 20 49 1
499 : 857 237 2 50 0
