1000 2041
0 : 748 16 94 6 1
1 : 560 65 22 1 1
2 : 622 665 25 23 1
3 : 739 86 2 13 0
4 : 716 268 7 6 1
5 : 428 23 16 133 1
6 : 112 321 37 13 1
7 : 428 264 42 91 0
8 : 728 209 32 7 1
9 : 762 91 4 53 0
10 : 896 360 27 10 1
11 : 341 253 57 16 1
12 : 224 81 32 2 1
13 : 766 95 2 3 0
14 : 284 1072 31 41 0
15 : 767 66 22 1 1
16 : 622 38 1 103 1
17 : 219 192 4 4 0
18 : 553 106 7 62 0
19 : 214 164 41 5 1
20 : 367 572 24 19 1
21 : 0 1382 50 59 1
22 : 284 904 69 42 1
23 : 0 1786 67 63 1
24 : 792 67 168 76 1
25 : 597 340 19 52 0
26 : 560 87 1 2 0
27 : 150 228 29 79 0
28 : 421 112 31 3 1
29 : 656 282 18 58 0
30 : 748 230 5 18 0
31 : 367 473 23 41 0
32 : 619 13 3 69 0
33 : 533 347 9 10 0
34 : 768 8 112 22 1
35 : 868 476 11 19 0
36 : 0 28 202 57 0
37 : 768 431 14 24 0
38 : 67 843 60 77 0
39 : 725 38 48 3 1
40 : 622 565 40 25 1
41 : 524 164 4 14 0
42 : 481 457 37 20 1
43 : 150 307 69 26 1
44 : 792 816 28 29 1
45 : 481 494 17 32 0
46 : 622 27 9 119 1
47 : 549 117 40 4 1
48 : 374 234 15 61 0
49 : 504 280 48 16 1
50 : 112 183 14 55 0
51 : 831 583 15 19 0
52 : 688 41 34 113 0
53 : 0 1241 94 81 1
54 : 922 264 53 15 1
55 : 202 264 8 31 0
56 : 953 71 1 14 0
57 : 0 2005 36 36 0
58 : 892 88 1 1 0
59 : 725 86 3 33 0
60 : 748 248 12 5 1
61 : 868 495 12 11 1
62 : 470 295 24 9 1
63 : 367 514 20 32 0
64 : 792 474 82 39 1
65 : 597 214 21 72 0
66 : 754 207 34 6 1
67 : 728 113 56 8 1
68 : 688 455 25 15 1
69 : 426 10 66 2 1
70 : 868 162 18 79 0
71 : 792 777 29 39 0
72 : 226 183 41 115 1
73 : 792 56 104 6 0
74 : 622 521 44 25 1
75 : 481 591 15 18 0
76 : 365 141 49 7 1
77 : 868 67 22 95 0
78 : 677 268 8 6 1
79 : 677 201 7 38 0
80 : 553 168 7 42 0
81 : 58 129 49 116 0
82 : 284 767 69 41 1
83 : 320 224 69 18 1
84 : 214 114 5 50 0
85 : 257 676 23 24 1
86 : 754 16 91 8 1
87 : 954 334 34 83 0
88 : 942 335 9 8 1
89 : 656 389 13 33 0
90 : 180 311 32 11 1
91 : 533 293 9 26 0
92 : 939 119 22 3 1
93 : 567 539 18 14 1
94 : 126 85 143 54 1
95 : 0 129 133 58 1
96 : 768 367 15 36 0
97 : 400 175 6 38 0
98 : 741 27 71 4 1
99 : 914 189 9 4 1
100 : 428 39 17 125 1
101 : 728 267 7 14 0
102 : 942 318 8 17 0
103 : 136 742 26 32 0
104 : 768 534 17 12 1
105 : 567 136 29 94 0
106 : 831 602 14 14 0
107 : 126 309 22 59 0
108 : 424 10 75 2 1
109 : 922 425 10 21 0
110 : 995 95 48 4 1
111 : 831 561 17 22 0
112 : 728 36 77 11 1
113 : 954 244 90 39 1
114 : 622 17 126 10 0
115 : 219 156 27 4 1
116 : 622 605 32 24 1
117 : 942 176 11 51 0
118 : 341 183 70 16 1
119 : 567 307 70 27 1
120 : 162 658 22 25 0
121 : 741 98 4 48 0
122 : 561 249 5 8 0
123 : 597 487 11 12 0
124 : 911 101 3 33 0
125 : 367 596 19 16 0
126 : 58 245 42 92 0
127 : 0 0 28 226 1
128 : 954 673 22 23 0
129 : 412 332 11 8 1
130 : 768 278 49 15 1
131 : 939 80 3 39 0
132 : 226 224 94 32 0
133 : 284 836 68 40 1
134 : 953 85 4 1 1
135 : 922 357 36 14 1
136 : 716 258 10 6 1
137 : 567 497 22 14 1
138 : 553 39 67 7 1
139 : 656 201 21 81 0
140 : 226 49 28 148 1
141 : 45 1335 36 47 0
142 : 481 296 22 61 0
143 : 412 112 62 9 1
144 : 214 205 5 22 0
145 : 67 596 95 114 0
146 : 374 154 18 80 0
147 : 922 203 61 15 1
148 : 426 76 35 2 1
149 : 745 102 3 15 0
150 : 914 27 5 67 0
151 : 412 174 47 9 1
152 : 868 302 50 17 1
153 : 257 644 32 25 1
154 : 995 176 4 14 0
155 : 942 294 24 8 1
156 : 792 27 122 12 0
157 : 567 13 123 30 1
158 : 400 258 6 12 0
159 : 745 27 2 59 0
160 : 688 154 92 28 1
161 : 224 28 53 2 1
162 : 768 478 12 20 0
163 : 954 0 41 140 0
164 : 400 213 29 6 1
165 : 0 1182 59 38 1
166 : 597 392 32 13 1
167 : 504 328 15 38 0
168 : 768 498 18 12 1
169 : 722 85 3 38 0
170 : 284 1143 31 30 0
171 : 919 27 58 3 1
172 : 107 204 5 25 0
173 : 553 210 32 7 1
174 : 954 544 25 43 0
175 : 537 75 11 72 0
176 : 886 162 4 18 0
177 : 862 235 23 6 1
178 : 862 267 9 6 1
179 : 0 1051 71 38 1
180 : 226 0 10 202 1
181 : 762 176 14 4 1
182 : 214 227 5 21 0
183 : 954 619 29 22 1
184 : 754 165 42 6 1
185 : 0 983 35 68 0
186 : 126 417 40 20 1
187 : 561 99 59 6 1
188 : 942 108 11 68 0
189 : 725 119 24 3 1
190 : 911 56 3 45 0
191 : 0 1513 40 32 0
192 : 162 629 29 22 1
193 : 896 141 14 70 0
194 : 747 70 1 16 0
195 : 38 1061 50 34 0
196 : 561 23 6 76 0
197 : 567 423 22 40 0
198 : 762 16 75 4 1
199 : 548 75 1 14 0
200 : 361 77 61 4 1
201 : 533 336 9 11 0
202 : 792 39 122 17 0
203 : 0 587 99 56 1
204 : 954 140 40 104 0
205 : 428 89 11 105 1
206 : 202 179 45 12 1
207 : 226 762 32 27 1
208 : 999 68 1 18 0
209 : 741 177 14 4 1
210 : 792 20 130 7 0
211 : 553 260 16 7 1
212 : 410 100 2 6 0
213 : 722 39 3 46 0
214 : 412 10 102 12 1
215 : 38 1095 86 70 1
216 : 688 540 15 12 1
217 : 428 13 10 139 1
218 : 0 1639 38 45 1
219 : 202 318 8 20 0
220 : 202 338 9 8 1
221 : 597 424 24 12 1
222 : 768 120 22 91 0
223 : 0 85 22 126 1
224 : 284 1029 43 32 1
225 : 597 13 112 22 1
226 : 954 417 73 30 1
227 : 284 1113 31 30 0
228 : 831 474 34 19 1
229 : 995 190 7 4 1
230 : 392 202 36 6 1
231 : 922 15 17 105 0
232 : 533 319 17 9 1
233 : 954 587 32 24 1
234 : 107 171 33 5 1
235 : 150 376 52 23 1
236 : 202 295 8 23 0
237 : 790 99 8 2 1
238 : 400 49 10 76 0
239 : 792 556 70 33 1
240 : 162 566 33 22 1
241 : 533 209 13 50 0
242 : 428 582 21 31 0
243 : 831 508 19 27 0
244 : 567 557 17 13 1
245 : 549 193 4 4 0
246 : 524 127 4 37 0
247 : 922 120 15 83 0
248 : 896 56 85 15 1
249 : 0 796 50 92 0
250 : 953 5 66 1 1
251 : 112 474 92 73 1
252 : 896 258 11 39 0
253 : 914 147 4 28 0
254 : 656 444 10 14 0
255 : 0 1853 62 65 0
256 : 533 147 62 13 1
257 : 561 200 28 5 1
258 : 914 94 53 4 1
259 : 226 281 78 137 0
260 : 504 402 12 27 0
261 : 896 433 18 10 1
262 : 597 286 19 54 0
263 : 392 256 14 6 1
264 : 741 191 5 4 1
265 : 622 16 126 1 0
266 : 0 1677 44 51 0
267 : 412 343 9 8 1
268 : 271 418 72 29 1
269 : 533 259 9 34 0
270 : 567 519 14 20 0
271 : 58 337 37 85 0
272 : 597 125 22 89 0
273 : 424 85 16 2 1
274 : 136 710 26 32 0
275 : 745 86 16 3 1
276 : 688 423 32 16 1
277 : 284 698 69 40 1
278 : 792 692 31 45 0
279 : 622 201 34 94 0
280 : 226 418 90 45 1
281 : 112 238 43 14 1
282 : 284 525 78 109 0
283 : 560 39 26 1 1
284 : 792 626 32 66 0
285 : 754 241 5 16 0
286 : 195 188 30 5 1
287 : 768 455 23 13 1
288 : 768 211 16 67 0
289 : 428 75 109 14 0
290 : 688 246 72 25 1
291 : 768 516 12 18 0
292 : 716 154 6 44 0
293 : 412 261 32 9 1
294 : 896 387 10 24 0
295 : 736 113 26 3 1
296 : 226 256 25 86 1
297 : 995 0 4 95 0
298 : 67 710 65 47 0
299 : 284 667 60 31 0
300 : 195 218 5 22 0
301 : 400 242 16 6 1
302 : 942 5 11 103 0
303 : 893 103 3 32 0
304 : 226 139 131 44 0
305 : 412 293 27 9 1
306 : 766 92 3 2 1
307 : 226 673 49 29 1
308 : 202 123 56 12 1
309 : 529 100 4 47 0
310 : 374 49 26 105 0
311 : 214 28 86 10 1
312 : 792 62 5 101 1
313 : 688 318 57 22 1
314 : 481 609 14 14 0
315 : 792 363 61 111 0
316 : 0 1432 50 41 0
317 : 767 16 50 1 1
318 : 524 178 13 4 1
319 : 410 49 2 39 0
320 : 622 39 2 100 1
321 : 367 632 18 18 0
322 : 112 566 49 30 0
323 : 392 154 48 6 1
324 : 0 888 95 62 1
325 : 999 0 68 1 1
326 : 0 366 41 87 0
327 : 745 117 10 3 1
328 : 622 8 8 146 1
329 : 481 550 21 15 1
330 : 896 211 47 13 1
331 : 214 248 14 5 1
332 : 412 320 12 8 1
333 : 914 175 14 4 1
334 : 367 429 23 44 0
335 : 112 358 33 13 1
336 : 942 265 29 8 1
337 : 792 15 130 5 0
338 : 868 395 15 33 0
339 : 567 377 22 46 0
340 : 67 757 69 86 0
341 : 549 56 61 4 1
342 : 890 67 2 38 0
343 : 226 10 39 186 1
344 : 762 190 8 4 1
345 : 304 310 119 86 1
346 : 688 375 48 19 1
347 : 470 319 22 9 1
348 : 939 15 65 3 1
349 : 739 99 10 2 1
350 : 284 634 33 63 1
351 : 768 403 28 14 1
352 : 622 637 23 28 0
353 : 112 281 40 14 1
354 : 747 27 43 1 1
355 : 392 238 6 18 0
356 : 792 737 29 40 0
357 : 766 75 1 9 0
358 : 549 157 4 24 0
359 : 942 227 38 9 1
360 : 0 1335 34 45 1
361 : 226 508 99 58 1
362 : 533 89 4 58 0
363 : 107 129 42 5 1
364 : 622 454 67 28 1
365 : 893 62 41 3 1
366 : 597 468 11 19 0
367 : 481 357 55 22 1
368 : 688 480 14 22 0
369 : 195 240 17 5 1
370 : 728 169 8 40 0
371 : 412 221 9 40 0
372 : 728 241 7 26 0
373 : 428 435 68 29 1
374 : 886 180 4 13 0
375 : 428 355 33 80 0
376 : 919 85 35 3 1
377 : 567 230 77 29 1
378 : 831 535 26 18 1
379 : 195 85 5 61 0
380 : 0 1545 86 94 0
381 : 195 146 42 5 1
382 : 622 41 66 160 0
383 : 470 264 31 9 1
384 : 0 1122 37 60 0
385 : 656 422 10 22 0
386 : 481 571 15 20 0
387 : 868 352 43 17 1
388 : 481 412 45 22 1
389 : 0 1728 52 58 0
390 : 202 224 40 10 1
391 : 481 526 24 16 1
392 : 0 107 112 22 0
393 : 162 683 22 22 0
394 : 410 88 2 12 0
395 : 504 429 10 20 0
396 : 954 648 25 22 1
397 : 792 5 10 150 1
398 : 995 143 4 33 0
399 : 0 262 50 104 0
400 : 768 327 40 15 1
401 : 428 127 53 137 0
402 : 529 147 4 30 0
403 : 284 973 56 33 1
404 : 304 429 32 63 1
405 : 529 177 4 14 0
406 : 226 98 134 41 0
407 : 367 612 19 20 0
408 : 784 256 5 7 0
409 : 954 490 28 54 0
410 : 784 242 14 5 1
411 : 219 114 42 4 1
412 : 504 366 36 15 1
413 : 481 127 94 23 1
414 : 428 548 34 23 1
415 : 619 120 3 4 0
416 : 400 125 50 8 1
417 : 762 144 32 4 1
418 : 868 241 18 61 0
419 : 754 107 58 7 1
420 : 200 85 24 2 1
421 : 481 221 23 75 0
422 : 790 88 11 2 1
423 : 792 0 162 5 0
424 : 504 127 84 20 1
425 : 0 686 110 67 1
426 : 470 341 10 9 1
427 : 919 120 3 4 0
428 : 868 428 28 15 1
429 : 688 502 14 20 0
430 : 619 82 3 38 0
431 : 428 112 15 100 1
432 : 553 242 18 7 1
433 : 561 158 5 42 0
434 : 622 378 76 31 1
435 : 622 0 8 170 1
436 : 561 228 21 5 1
437 : 748 110 5 51 0
438 : 180 230 13 45 0
439 : 922 393 14 32 0
440 : 257 699 25 24 1
441 : 38 983 78 61 1
442 : 219 183 9 4 1
443 : 428 100 12 101 1
444 : 892 67 21 1 1
445 : 226 77 135 21 0
446 : 524 191 6 4 1
447 : 226 722 28 40 0
448 : 0 453 134 90 1
449 : 656 340 49 17 1
450 : 0 1473 40 48 1
451 : 304 461 33 64 0
452 : 622 295 34 83 0
453 : 790 8 2 80 0
454 : 202 28 95 12 1
455 : 136 774 26 26 0
456 : 257 607 26 37 0
457 : 896 297 33 11 1
458 : 428 613 23 21 1
459 : 677 239 7 29 0
460 : 597 448 11 20 0
461 : 180 170 13 60 0
462 : 999 86 2 1 1
463 : 922 317 40 14 1
464 : 162 599 30 22 1
465 : 428 503 24 45 0
466 : 716 236 6 22 0
467 : 226 607 66 31 1
468 : 862 258 9 6 1
469 : 67 920 44 61 0
470 : 766 16 1 59 0
471 : 126 228 24 81 0
472 : 367 546 19 26 0
473 : 428 56 19 121 1
474 : 150 428 46 23 1
475 : 784 211 6 31 0
476 : 748 161 5 41 0
477 : 688 522 12 18 0
478 : 180 85 15 85 0
479 : 748 202 5 28 0
480 : 0 1918 86 87 0
481 : 180 275 36 12 1
482 : 365 77 64 7 1
483 : 529 191 5 4 1
484 : 567 463 34 18 1
485 : 896 330 30 10 1
486 : 428 0 194 13 0
487 : 716 198 38 6 1
488 : 766 84 1 4 0
489 : 622 36 106 2 0
490 : 868 456 11 20 0
491 : 549 181 4 12 0
492 : 896 411 22 10 1
493 : 792 235 70 128 0
494 : 112 107 14 76 0
495 : 741 146 4 31 0
496 : 766 88 2 4 0
497 : 504 211 69 16 1
498 : 126 368 20 49 0
499 : 739 36 2 50 0
