100 83
0 : 0 0 4 22 1
1 : 22 0 9 4 0
2 : 31 0 18 10 0
3 : 49 0 19 9 0
4 : 68 0 5 4 0
5 : 73 0 3 3 0
6 : 76 0 4 15 1
7 : 91 0 1 3 1
8 : 0 4 13 3 0
9 : 13 4 13 14 1
10 : 94 0 2 4 1
11 : 76 4 1 14 1
12 : 76 5 8 13 1
13 : 98 0 1 7 0
14 : 49 9 11 16 1
15 : 0 7 11 1 0
16 : 99 0 38 1 1
17 : 0 8 9 5 0
18 : 91 1 2 8 0
19 : 94 2 6 2 1
20 : 27 4 2 4 1
21 : 96 2 2 21 0
22 : 68 4 4 5 1
23 : 31 10 17 4 0
24 : 73 3 7 2 1
25 : 93 1 5 1 1
26 : 31 14 3 17 1
27 : 27 6 2 3 1
28 : 0 13 7 25 0
29 : 27 8 3 3 0
30 : 68 8 4 7 0
31 : 76 13 8 10 1
32 : 31 17 32 15 1
33 : 65 9 5 3 1
34 : 27 11 7 3 1
35 : 13 17 2 14 1
36 : 13 19 5 6 1
37 : 75 3 14 1 1
38 : 49 20 11 8 0
39 : 49 28 15 11 1
40 : 90 4 9 1 1
41 : 89 5 1 17 0
42 : 86 13 3 4 0
43 : 68 21 20 26 0
44 : 11 7 13 2 1
45 : 68 15 4 4 0
46 : 72 8 1 8 0
47 : 68 47 23 36 0
48 : 86 17 2 2 0
49 : 68 19 4 2 0
