100 45
0 : 30 31 4 22 1
1 : 26 39 9 4 0
2 : 36 21 18 10 0
3 : 54 21 19 9 0
4 : 92 40 5 4 0
5 : 68 42 3 3 0
6 : 0 34 4 15 1
7 : 29 43 1 3 1
8 : 96 27 13 3 1
9 : 16 23 13 14 1
10 : 87 43 2 4 1
11 : 26 38 1 14 1
12 : 88 27 8 13 0
13 : 83 42 1 7 1
14 : 0 23 11 16 1
15 : 35 39 11 1 0
16 : 36 20 38 1 0
17 : 0 38 9 5 0
18 : 84 40 2 8 1
19 : 35 42 6 2 0
20 : 83 43 2 4 1
21 : 52 31 2 21 1
22 : 42 40 4 5 1
23 : 52 33 17 4 0
24 : 35 40 7 2 0
25 : 57 43 5 1 0
26 : 30 35 3 17 1
27 : 26 43 2 3 1
28 : 74 20 7 25 1
29 : 76 41 3 3 0
30 : 57 39 4 7 1
31 : 47 37 8 10 1
32 : 36 0 32 15 0
33 : 71 41 5 3 0
34 : 64 39 7 3 0
35 : 57 37 2 14 1
36 : 9 38 5 6 1
37 : 99 17 14 1 1
38 : 15 36 11 8 0
39 : 73 27 15 11 0
40 : 99 31 9 1 1
41 : 99 0 1 17 0
42 : 97 40 3 4 0
43 : 68 0 20 26 1
44 : 71 38 13 2 0
45 : 79 40 4 4 0
46 : 71 40 1 8 1
47 : 0 0 23 36 1
48 : 62 43 2 2 0
49 : 64 42 4 2 0
