200 180
0 : 67 55 4 6 0
1 : 197 42 2 4 0
2 : 71 0 110 45 0
3 : 57 25 1 15 0
4 : 55 45 2 4 0
5 : 193 45 6 3 1
6 : 197 0 1 27 0
7 : 51 25 4 23 0
8 : 133 93 9 14 0
9 : 199 27 1 11 0
10 : 197 27 15 2 1
11 : 0 134 18 24 0
12 : 40 30 8 1 1
13 : 71 45 15 40 1
14 : 163 77 7 14 0
15 : 58 35 11 4 1
16 : 62 38 1 2 0
17 : 0 30 37 2 0
18 : 71 67 20 8 0
19 : 152 99 12 9 1
20 : 111 125 15 15 0
21 : 71 107 14 20 0
22 : 67 3 4 27 0
23 : 62 11 1 18 0
24 : 94 87 22 14 1
25 : 71 60 23 7 0
26 : 193 51 5 3 1
27 : 152 45 5 22 1
28 : 45 25 6 25 0
29 : 0 11 14 58 1
30 : 152 82 17 9 1
31 : 179 45 3 2 1
32 : 66 6 1 20 0
33 : 189 44 8 3 1
34 : 133 63 18 8 0
35 : 55 25 20 2 1
36 : 152 55 6 19 1
37 : 0 3 67 3 0
38 : 181 92 10 8 1
39 : 27 97 8 9 1
40 : 152 61 21 11 1
41 : 67 61 4 5 0
42 : 41 29 4 16 0
43 : 0 158 17 22 0
44 : 111 73 20 30 0
45 : 32 53 14 5 1
46 : 133 71 12 22 0
47 : 152 50 20 5 0
48 : 67 44 4 11 0
49 : 37 44 7 4 1
50 : 22 105 33 32 1
51 : 71 75 19 9 0
52 : 94 60 27 16 1
53 : 27 39 18 5 1
54 : 181 65 8 16 0
55 : 196 33 8 1 1
56 : 189 52 4 3 1
57 : 0 0 3 71 1
58 : 0 29 41 1 0
59 : 45 50 15 5 1
60 : 193 0 33 4 1
61 : 174 45 5 17 0
62 : 41 45 4 9 0
63 : 63 6 3 24 0
64 : 181 81 11 8 1
65 : 174 62 6 5 1
66 : 0 39 50 27 1
67 : 0 89 25 16 0
68 : 0 105 22 29 0
69 : 58 11 4 24 0
70 : 181 44 8 21 0
71 : 39 38 6 2 1
72 : 163 91 9 7 1
73 : 37 30 14 2 1
74 : 63 30 14 3 1
75 : 111 103 15 22 0
76 : 39 30 1 8 0
77 : 163 61 7 16 0
78 : 63 44 3 10 0
79 : 32 32 21 5 1
80 : 62 29 1 9 0
81 : 0 25 4 45 1
82 : 66 26 14 1 1
83 : 111 45 41 18 0
84 : 27 67 27 30 0
85 : 181 102 7 7 0
86 : 145 71 6 6 0
87 : 0 32 7 32 1
88 : 58 52 4 3 1
89 : 181 0 44 12 1
90 : 199 38 1 2 0
91 : 193 33 12 3 1
92 : 111 63 22 10 0
93 : 198 0 27 2 1
94 : 0 6 5 63 1
95 : 71 84 23 15 1
96 : 163 100 7 7 0
97 : 67 30 14 4 1
98 : 94 109 9 12 1
99 : 58 46 3 6 0
