200 124
0 : 79 98 4 6 0
1 : 187 94 2 4 0
2 : 0 0 110 45 0
3 : 39 74 1 15 0
4 : 95 94 2 4 0
5 : 55 93 6 3 1
6 : 98 63 1 27 0
7 : 14 97 4 23 0
8 : 83 85 9 14 1
9 : 199 79 1 11 0
10 : 198 64 15 2 1
11 : 122 54 18 24 0
12 : 197 83 8 1 1
13 : 0 59 15 40 1
14 : 0 97 7 14 1
15 : 83 103 11 4 0
16 : 39 89 1 2 0
17 : 198 0 37 2 1
18 : 129 78 20 8 1
19 : 83 94 12 9 0
20 : 20 74 15 15 0
21 : 0 74 14 20 1
22 : 35 74 4 27 0
23 : 192 73 1 18 0
24 : 160 70 22 14 0
25 : 122 78 23 7 1
26 : 179 94 5 3 1
27 : 182 70 5 22 0
28 : 40 82 6 25 0
29 : 0 45 14 58 1
30 : 140 79 17 9 0
31 : 55 99 3 2 0
32 : 197 63 1 20 0
33 : 32 89 8 3 1
34 : 46 82 18 8 1
35 : 187 54 20 2 1
36 : 160 94 6 19 1
37 : 157 57 67 3 1
38 : 110 98 10 8 0
39 : 129 98 8 9 0
40 : 99 45 21 11 1
41 : 35 101 4 5 0
42 : 58 109 4 16 1
43 : 140 57 17 22 0
44 : 140 27 20 30 0
45 : 0 104 14 5 0
46 : 58 79 12 22 1
47 : 58 104 20 5 0
48 : 20 106 4 11 1
49 : 79 91 7 4 1
50 : 160 0 33 32 0
51 : 0 88 19 9 0
52 : 160 54 27 16 0
53 : 160 100 18 5 0
54 : 140 88 8 16 1
55 : 97 85 8 1 1
56 : 32 97 4 3 1
57 : 189 32 3 71 0
58 : 192 32 41 1 1
59 : 140 103 15 5 0
60 : 106 66 33 4 1
61 : 160 105 5 17 1
62 : 106 99 4 9 0
63 : 55 59 3 24 0
64 : 20 98 11 8 0
65 : 40 107 6 5 0
66 : 110 0 50 27 0
67 : 58 63 25 16 0
68 : 160 32 22 29 1
69 : 182 92 4 24 0
70 : 58 91 8 21 1
71 : 187 88 6 2 1
72 : 99 98 9 7 1
73 : 187 74 14 2 1
74 : 137 78 14 3 1
75 : 83 63 15 22 0
76 : 19 88 1 8 0
77 : 140 96 7 16 1
78 : 55 83 3 10 0
79 : 58 99 21 5 0
80 : 54 82 1 9 0
81 : 193 63 4 45 0
82 : 198 79 14 1 1
83 : 58 45 41 18 0
84 : 110 27 27 30 1
85 : 46 100 7 7 0
86 : 110 106 6 6 0
87 : 99 66 7 32 0
88 : 137 98 4 3 1
89 : 110 54 44 12 1
90 : 156 88 1 2 0
91 : 80 79 12 3 1
92 : 160 84 22 10 0
93 : 198 37 27 2 1
94 : 193 0 5 63 0
95 : 40 59 23 15 1
96 : 122 101 7 7 0
97 : 140 108 14 4 0
98 : 20 89 9 12 1
99 : 137 92 3 6 0
