300 211
0 : 0 0 2 3 1
1 : 3 0 18 12 0
2 : 21 0 14 5 0
3 : 35 0 11 6 0
4 : 46 0 12 16 1
5 : 62 0 6 44 1
6 : 106 0 2 10 1
7 : 116 0 2 23 1
8 : 139 0 52 6 0
9 : 191 0 12 39 1
10 : 230 0 7 26 1
11 : 256 0 10 13 1
12 : 269 0 19 3 0
13 : 106 6 59 12 0
14 : 106 2 2 14 1
15 : 120 2 8 4 0
16 : 62 6 39 39 0
17 : 269 3 14 24 1
18 : 21 6 20 19 0
19 : 128 2 4 4 0
20 : 165 6 18 14 0
21 : 230 7 12 23 1
22 : 183 12 30 12 0
23 : 21 5 1 2 1
24 : 106 4 2 11 1
25 : 253 17 5 26 1
26 : 0 12 9 16 1
27 : 101 20 65 32 0
28 : 41 12 23 19 1
29 : 293 0 5 19 0
30 : 213 12 10 14 1
31 : 227 22 6 30 1
32 : 106 18 31 1 0
33 : 279 19 16 5 0
34 : 166 24 26 6 0
35 : 253 7 8 3 1
36 : 0 21 7 15 1
37 : 117 4 2 2 0
38 : 137 18 1 24 1
39 : 213 28 9 50 1
40 : 132 2 7 2 0
41 : 263 24 20 14 0
42 : 15 25 22 6 0
43 : 288 0 3 4 1
44 : 132 4 2 4 1
45 : 279 17 7 2 0
46 : 0 35 22 48 1
47 : 192 37 67 26 0
48 : 166 30 22 23 1
49 : 259 38 39 14 0
50 : 60 45 7 29 1
51 : 48 52 13 45 1
52 : 60 12 22 2 1
53 : 101 6 14 5 1
54 : 93 52 19 29 1
55 : 60 34 8 2 1
56 : 122 52 46 23 0
57 : 168 52 22 9 0
58 : 0 28 7 14 1
59 : 106 19 1 33 1
60 : 259 52 25 9 0
61 : 16 12 13 4 1
62 : 0 57 23 29 1
63 : 259 61 11 31 1
64 : 295 19 14 3 1
65 : 119 4 1 2 0
66 : 190 63 7 25 1
67 : 215 63 28 7 0
68 : 168 61 20 22 1
69 : 166 20 15 4 0
70 : 29 65 4 25 1
71 : 37 25 9 4 1
72 : 54 65 23 16 0
73 : 243 63 14 19 0
74 : 190 70 10 34 1
75 : 283 24 9 9 0
76 : 181 20 2 4 0
77 : 77 81 103 7 0
78 : 292 24 4 3 1
79 : 257 72 11 37 1
80 : 0 2 8 3 1
81 : 122 75 4 26 1
82 : 263 22 14 2 0
83 : 29 57 8 15 1
84 : 0 80 13 44 1
85 : 298 0 40 2 1
86 : 190 80 12 38 1
87 : 243 83 39 13 0
88 : 290 52 4 16 0
89 : 298 40 2 37 0
90 : 292 28 4 3 1
91 : 284 52 6 9 0
92 : 283 33 13 4 0
93 : 48 35 12 15 0
94 : 122 79 22 2 0
95 : 256 10 7 13 1
96 : 44 88 13 35 1
97 : 79 88 29 48 1
98 : 23 5 9 1 0
99 : 294 52 30 3 1
100 : 127 88 11 31 1
101 : 190 30 21 2 1
102 : 290 68 4 4 0
103 : 243 82 14 1 0
104 : 20 12 1 9 0
105 : 29 69 9 12 1
106 : 180 92 2 40 1
107 : 282 83 22 18 1
108 : 44 69 8 17 0
109 : 283 37 13 1 0
110 : 0 93 22 28 1
111 : 158 94 8 36 1
112 : 227 12 3 7 0
113 : 228 70 18 15 1
114 : 220 92 14 21 1
115 : 28 101 24 45 1
116 : 144 79 4 2 0
117 : 194 94 22 14 0
118 : 194 108 95 1 0
119 : 127 109 26 68 1
120 : 15 31 15 4 0
121 : 183 6 5 7 1
122 : 195 109 46 38 0
123 : 161 18 4 1 0
124 : 30 31 4 5 1
125 : 241 109 58 2 0
126 : 28 93 14 8 0
127 : 241 111 17 47 1
128 : 77 65 15 15 0
129 : 148 75 6 18 1
130 : 192 24 9 17 1
131 : 52 69 16 2 1
132 : 213 22 9 6 0
133 : 89 45 7 7 0
134 : 216 94 14 4 1
135 : 158 88 5 22 1
136 : 243 96 12 15 1
137 : 180 81 11 5 1
138 : 258 96 9 14 1
139 : 73 117 33 13 0
140 : 44 57 8 4 1
141 : 158 102 28 7 0
142 : 0 125 17 59 1
143 : 241 128 4 37 1
144 : 77 80 9 1 0
145 : 73 101 6 9 0
146 : 0 115 20 8 0
147 : 139 19 24 1 0
148 : 59 130 14 54 1
149 : 241 132 49 10 0
150 : 93 71 14 8 0
151 : 127 99 9 18 1
152 : 96 45 4 7 0
153 : 290 111 9 16 0
154 : 113 135 25 37 1
155 : 150 135 32 29 0
156 : 209 24 8 4 1
157 : 241 88 2 15 0
158 : 0 144 61 5 0
159 : 54 81 4 22 1
160 : 107 71 8 15 1
161 : 241 142 19 25 1
162 : 192 33 4 21 1
163 : 290 127 5 19 0
164 : 266 142 19 24 1
165 : 113 117 14 17 0
166 : 282 105 7 3 0
167 : 61 144 29 3 0
168 : 295 127 15 4 1
169 : 272 96 10 12 0
170 : 182 147 43 9 0
171 : 258 105 14 3 0
172 : 253 15 2 3 1
173 : 90 144 20 4 0
174 : 0 149 22 62 1
175 : 62 147 17 17 0
176 : 93 79 26 2 0
177 : 225 147 15 12 0
178 : 0 142 2 36 1
179 : 182 159 32 50 1
180 : 79 148 5 22 1
181 : 79 153 16 8 0
182 : 110 160 14 30 1
183 : 296 33 5 2 1
184 : 163 19 1 2 1
185 : 41 69 8 3 1
186 : 240 161 30 7 0
187 : 224 70 4 9 0
188 : 289 105 9 3 0
189 : 110 144 14 3 1
190 : 140 164 42 14 0
191 : 62 164 34 9 0
192 : 228 88 4 11 1
193 : 0 173 38 72 1
194 : 86 80 6 1 0
195 : 41 6 3 5 0
196 : 20 115 10 8 1
197 : 182 135 12 12 0
198 : 59 125 4 12 1
199 : 232 168 13 61 1
