300 183
0 : 241 144 2 3 0
1 : 184 150 18 12 0
2 : 104 176 14 5 0
3 : 164 144 11 6 1
4 : 288 150 12 16 0
5 : 79 150 6 44 1
6 : 79 148 2 10 1
7 : 68 123 2 23 1
8 : 89 144 52 6 0
9 : 205 38 12 39 1
10 : 232 158 7 26 1
11 : 34 134 10 13 1
12 : 48 86 19 3 0
13 : 37 89 59 12 0
14 : 176 180 2 14 1
15 : 52 169 8 4 0
16 : 72 32 39 39 0
17 : 65 134 14 24 1
18 : 221 128 20 19 0
19 : 148 176 4 4 0
20 : 19 149 18 14 0
21 : 141 144 12 23 1
22 : 264 129 30 12 0
23 : 231 162 1 2 0
24 : 152 168 2 11 1
25 : 138 163 5 26 1
26 : 72 163 9 16 1
27 : 72 0 65 32 0
28 : 24 115 23 19 0
29 : 258 171 5 19 1
30 : 207 136 10 14 1
31 : 153 90 6 30 1
32 : 89 143 31 1 0
33 : 152 175 16 5 0
34 : 205 162 26 6 0
35 : 232 155 8 3 0
36 : 108 125 7 15 1
37 : 178 171 2 2 0
38 : 111 51 1 24 1
39 : 234 119 9 50 1
40 : 35 92 7 2 1
41 : 243 144 20 14 0
42 : 0 163 22 6 0
43 : 294 137 3 4 0
44 : 22 130 2 4 0
45 : 298 143 7 2 1
46 : 48 38 22 48 0
47 : 137 26 67 26 0
48 : 68 101 22 23 1
49 : 29 101 39 14 0
50 : 123 156 7 29 1
51 : 195 96 13 45 1
52 : 0 178 22 2 0
53 : 185 122 14 5 1
54 : 0 92 19 29 1
55 : 52 173 8 2 0
56 : 156 52 46 23 0
57 : 37 67 22 9 1
58 : 47 137 7 14 1
59 : 70 75 1 33 1
60 : 263 150 25 9 0
61 : 275 178 13 4 0
62 : 96 89 23 29 1
63 : 108 132 11 31 1
64 : 43 178 14 3 0
65 : 135 51 1 2 1
66 : 180 162 7 25 1
67 : 152 156 28 7 0
68 : 126 112 20 22 1
69 : 133 177 15 4 0
70 : 180 169 4 25 1
71 : 148 112 9 4 1
72 : 241 128 23 16 0
73 : 0 149 14 19 1
74 : 0 134 10 34 1
75 : 95 171 9 9 0
76 : 109 71 2 4 0
77 : 185 89 103 7 0
78 : 119 168 4 3 1
79 : 148 122 11 37 1
80 : 248 173 8 3 0
81 : 152 171 4 26 1
82 : 148 180 14 2 0
83 : 36 164 8 15 1
84 : 240 96 13 44 1
85 : 248 176 40 2 0
86 : 153 110 12 38 1
87 : 195 109 39 13 0
88 : 211 176 4 16 1
89 : 70 38 2 37 0
90 : 202 150 4 3 0
91 : 288 88 6 9 1
92 : 262 178 13 4 0
93 : 107 156 12 15 1
94 : 46 67 22 2 1
95 : 178 173 7 13 1
96 : 91 112 13 35 1
97 : 0 38 29 48 1
98 : 107 134 9 1 1
99 : 191 173 30 3 0
100 : 139 133 11 31 1
101 : 22 178 21 2 0
102 : 230 122 4 4 0
103 : 60 149 14 1 1
104 : 139 132 1 9 1
105 : 288 166 9 12 1
106 : 0 176 2 40 1
107 : 47 115 22 18 1
108 : 88 163 8 17 1
109 : 207 146 13 1 0
110 : 125 90 22 28 1
111 : 207 147 8 36 1
112 : 123 125 3 7 0
113 : 61 148 18 15 0
114 : 170 133 14 21 0
115 : 111 52 24 45 1
116 : 286 171 4 2 1
117 : 185 136 22 14 0
118 : 0 175 95 1 0
119 : 137 0 26 68 1
120 : 118 177 15 4 0
121 : 244 45 5 7 1
122 : 205 0 46 38 0
123 : 148 121 4 1 0
124 : 24 111 4 5 1
125 : 298 59 58 2 1
126 : 105 168 14 8 0
127 : 202 72 17 47 1
128 : 37 149 15 15 0
129 : 123 150 6 18 1
130 : 266 50 9 17 1
131 : 202 52 16 2 1
132 : 29 92 9 6 1
133 : 244 38 7 7 0
134 : 248 178 14 4 0
135 : 205 168 5 22 1
136 : 273 159 12 15 1
137 : 91 101 11 5 1
138 : 22 163 9 14 1
139 : 284 96 33 13 1
140 : 168 175 8 4 0
141 : 79 156 28 7 0
142 : 283 0 17 59 0
143 : 72 71 4 37 1
144 : 283 109 9 1 1
145 : 221 122 6 9 1
146 : 52 149 20 8 1
147 : 204 26 24 1 1
148 : 131 76 14 54 1
149 : 234 109 49 10 0
150 : 138 168 14 8 0
151 : 89 134 9 18 1
152 : 88 171 4 7 1
153 : 122 163 9 16 1
154 : 0 67 25 37 1
155 : 266 59 32 29 0
156 : 180 154 8 4 1
157 : 227 179 2 15 1
158 : 0 144 61 5 0
159 : 0 130 4 22 1
160 : 243 165 8 15 1
161 : 111 32 19 25 1
162 : 227 175 4 21 1
163 : 119 172 5 19 1
164 : 0 111 19 24 1
165 : 185 75 14 17 1
166 : 227 168 7 3 1
167 : 22 172 29 3 0
168 : 76 176 15 4 0
169 : 231 165 10 12 1
170 : 65 125 43 9 0
171 : 72 172 14 3 0
172 : 86 172 2 3 0
173 : 191 176 20 4 0
174 : 204 50 22 62 1
175 : 249 72 17 17 0
176 : 298 117 26 2 1
177 : 258 159 15 12 0
178 : 40 176 2 36 1
179 : 251 0 32 50 0
180 : 0 169 5 22 1
181 : 164 163 16 8 0
182 : 191 122 14 30 1
183 : 105 163 5 2 1
184 : 163 168 1 2 0
185 : 294 129 8 3 1
186 : 202 155 30 7 0
187 : 277 171 4 9 1
188 : 65 115 9 3 1
189 : 57 178 14 3 0
190 : 153 96 42 14 0
191 : 264 141 34 9 0
192 : 61 137 4 11 0
193 : 0 0 38 72 1
194 : 125 89 6 1 0
195 : 221 173 3 5 1
196 : 288 175 10 8 0
197 : 60 163 12 12 0
198 : 191 110 4 12 0
199 : 70 76 13 61 1
