100 69
0 : 0 1 4 22 1
1 : 32 5 9 4 1
2 : 38 9 18 10 1
3 : 13 9 19 9 0
4 : 32 26 5 4 1
5 : 52 25 3 3 0
6 : 17 5 4 15 1
7 : 37 8 1 3 0
8 : 0 9 13 3 0
9 : 84 32 13 14 1
10 : 57 9 2 4 0
11 : 22 1 1 14 1
12 : 13 18 8 13 1
13 : 37 1 1 7 0
14 : 0 12 11 16 0
15 : 38 8 11 1 0
16 : 0 0 38 1 0
17 : 26 18 9 5 1
18 : 55 2 2 8 0
19 : 82 7 6 2 1
20 : 55 10 2 4 0
21 : 38 0 2 21 1
22 : 32 21 4 5 0
23 : 0 5 17 4 0
24 : 57 2 7 2 1
25 : 51 6 5 1 1
26 : 38 3 3 17 1
27 : 11 12 2 3 0
28 : 59 0 7 25 1
29 : 52 22 3 3 0
30 : 32 14 4 7 0
31 : 38 27 8 10 1
32 : 84 0 32 15 1
33 : 52 13 5 3 1
34 : 52 6 7 3 1
35 : 22 3 2 14 1
36 : 26 27 5 6 0
37 : 22 2 14 1 0
38 : 0 28 11 8 0
39 : 13 26 15 11 1
40 : 99 0 9 1 1
41 : 38 2 1 17 1
42 : 52 18 3 4 0
43 : 59 43 20 26 0
44 : 38 6 13 2 0
45 : 32 31 4 4 0
46 : 36 1 1 8 0
47 : 59 7 23 36 0
48 : 49 12 2 2 0
49 : 49 8 4 2 1
