100 44
0 : 32 1 4 22 0
1 : 24 35 9 4 0
2 : 36 23 18 10 0
3 : 74 20 19 9 0
4 : 13 40 5 4 0
5 : 61 40 3 3 0
6 : 54 27 4 15 1
7 : 6 38 1 3 0
8 : 97 20 13 3 1
9 : 69 29 13 14 1
10 : 87 40 2 4 1
11 : 54 31 1 14 1
12 : 54 32 8 13 1
13 : 0 37 1 7 1
14 : 17 24 11 16 1
15 : 83 34 11 1 0
16 : 0 0 38 1 0
17 : 15 35 9 5 0
18 : 92 35 2 8 1
19 : 0 38 6 2 0
20 : 98 37 2 4 0
21 : 36 1 2 21 0
22 : 24 39 4 5 1
23 : 54 23 17 4 0
24 : 67 32 7 2 1
25 : 18 40 5 1 0
26 : 0 23 3 17 1
27 : 67 39 2 3 0
28 : 0 16 7 25 1
29 : 58 40 3 3 0
30 : 91 37 4 7 1
31 : 44 33 8 10 1
32 : 0 1 32 15 0
33 : 0 40 5 3 0
34 : 83 37 7 3 0
35 : 83 29 2 14 1
36 : 7 37 5 6 1
37 : 83 31 14 1 0
38 : 33 33 11 8 0
39 : 0 26 15 11 0
40 : 83 35 9 1 0
41 : 17 23 1 17 1
42 : 83 40 3 4 1
43 : 74 0 20 26 1
44 : 83 32 13 2 0
45 : 29 39 4 4 0
46 : 83 36 1 8 1
47 : 38 0 23 36 1
48 : 64 40 2 2 0
49 : 54 40 4 2 0
