200 130
0 : 189 78 4 6 0
1 : 56 25 2 4 0
2 : 71 0 110 45 0
3 : 69 23 1 15 0
4 : 34 32 2 4 0
5 : 183 78 6 3 0
6 : 197 0 1 27 0
7 : 160 45 4 23 1
8 : 0 83 9 14 1
9 : 61 52 1 11 0
10 : 198 0 15 2 1
11 : 169 85 18 24 1
12 : 60 52 8 1 1
13 : 0 37 15 40 1
14 : 169 78 7 14 1
15 : 45 25 11 4 0
16 : 181 44 1 2 1
17 : 0 30 37 2 0
18 : 0 57 20 8 0
19 : 99 88 12 9 0
20 : 108 97 15 15 0
21 : 147 86 14 20 1
22 : 0 32 4 27 1
23 : 0 36 1 18 1
24 : 147 72 22 14 0
25 : 160 49 23 7 0
26 : 177 56 5 3 1
27 : 40 47 5 22 1
28 : 40 41 6 25 1
29 : 0 11 14 58 1
30 : 0 74 17 9 0
31 : 62 61 3 2 0
32 : 66 6 1 20 0
33 : 94 63 8 3 1
34 : 76 63 18 8 0
35 : 69 3 20 2 1
36 : 20 52 6 19 1
37 : 0 3 67 3 0
38 : 0 92 10 8 0
39 : 99 97 8 9 1
40 : 160 61 21 11 0
41 : 193 87 4 5 1
42 : 65 37 4 16 0
43 : 124 87 17 22 1
44 : 47 71 20 30 1
45 : 47 64 14 5 0
46 : 77 71 12 22 1
47 : 0 52 20 5 0
48 : 169 72 4 11 1
49 : 27 32 7 4 0
50 : 10 98 33 32 0
51 : 0 65 19 9 0
52 : 20 60 27 16 0
53 : 58 11 18 5 1
54 : 181 70 8 16 1
55 : 68 53 8 1 1
56 : 197 74 4 3 1
57 : 0 0 3 71 1
58 : 0 29 41 1 0
59 : 61 63 15 5 0
60 : 193 0 33 4 1
61 : 160 56 5 17 1
62 : 183 66 4 9 1
63 : 63 6 3 24 0
64 : 99 63 11 8 0
65 : 193 91 6 5 0
66 : 110 45 50 27 0
67 : 99 72 25 16 0
68 : 17 76 22 29 1
69 : 40 37 4 24 1
70 : 39 52 8 21 1
71 : 97 63 6 2 1
72 : 193 78 9 7 1
73 : 198 15 14 2 1
74 : 62 47 14 3 1
75 : 77 83 15 22 1
76 : 70 37 1 8 0
77 : 193 54 7 16 0
78 : 65 53 3 10 0
79 : 193 33 21 5 1
80 : 18 36 1 9 1
81 : 0 25 4 45 1
82 : 70 23 14 1 1
83 : 69 45 41 18 0
84 : 46 91 27 30 1
85 : 83 98 7 7 0
86 : 193 96 6 6 0
87 : 37 30 7 32 1
88 : 197 70 4 3 1
89 : 181 0 44 12 1
90 : 68 61 1 2 0
91 : 61 68 12 3 0
92 : 183 44 22 10 1
93 : 67 3 27 2 1
94 : 0 6 5 63 1
95 : 124 72 23 15 0
96 : 76 98 7 7 0
97 : 47 60 14 4 0
98 : 111 88 9 12 1
99 : 183 81 3 6 1
