200 122
0 : 104 116 4 6 1
1 : 42 118 2 4 1
2 : 0 0 110 45 0
3 : 32 114 1 15 1
4 : 38 118 2 4 1
5 : 110 117 6 3 0
6 : 199 41 1 27 0
7 : 87 99 4 23 1
8 : 18 106 9 14 1
9 : 48 116 1 11 1
10 : 0 113 15 2 0
11 : 156 69 18 24 1
12 : 21 117 8 1 0
13 : 0 50 15 40 1
14 : 49 109 7 14 1
15 : 128 115 11 4 0
16 : 71 117 1 2 1
17 : 61 77 37 2 0
18 : 24 98 20 8 0
19 : 116 109 12 9 0
20 : 164 95 15 15 0
21 : 25 84 14 20 1
22 : 164 91 4 27 1
23 : 199 88 1 18 0
24 : 57 83 22 14 0
25 : 45 97 23 7 0
26 : 139 115 5 3 1
27 : 137 98 5 22 1
28 : 112 94 6 25 1
29 : 110 30 14 58 1
30 : 134 103 17 9 0
31 : 56 117 3 2 0
32 : 199 68 1 20 0
33 : 96 116 8 3 0
34 : 0 101 18 8 0
35 : 96 109 20 2 0
36 : 108 103 6 19 1
37 : 110 44 67 3 0
38 : 189 110 10 8 0
39 : 142 112 8 9 1
40 : 143 87 21 11 0
41 : 73 116 4 5 0
42 : 0 109 4 16 1
43 : 180 69 17 22 0
44 : 126 59 20 30 1
45 : 96 111 14 5 0
46 : 0 85 12 22 1
47 : 44 104 20 5 0
48 : 160 115 4 11 1
49 : 6 116 7 4 0
50 : 63 45 33 32 0
51 : 179 96 19 9 0
52 : 45 50 27 16 1
53 : 179 105 18 5 0
54 : 64 104 8 16 1
55 : 13 117 8 1 0
56 : 52 117 4 3 0
57 : 110 27 3 71 1
58 : 199 0 41 1 1
59 : 163 110 15 5 0
60 : 57 79 33 4 0
61 : 32 109 5 17 1
62 : 29 115 4 9 1
63 : 110 100 3 24 1
64 : 178 110 11 8 0
65 : 0 116 6 5 0
66 : 110 0 50 27 0
67 : 0 69 25 16 0
68 : 170 47 22 29 1
69 : 0 97 4 24 1
70 : 79 83 8 21 0
71 : 65 117 6 2 0
72 : 151 112 9 7 0
73 : 15 115 14 2 0
74 : 128 112 14 3 0
75 : 121 79 15 22 1
76 : 65 116 1 8 1
77 : 80 108 7 16 1
78 : 38 115 3 10 1
79 : 87 103 21 5 0
80 : 199 106 1 9 0
81 : 0 65 4 45 1
82 : 0 115 14 1 0
83 : 181 0 41 18 1
84 : 96 47 27 30 1
85 : 89 115 7 7 0
86 : 110 111 6 6 0
87 : 25 77 7 32 1
88 : 48 117 4 3 0
89 : 126 47 44 12 0
90 : 199 115 1 2 0
91 : 77 115 12 3 0
92 : 90 89 22 10 0
93 : 197 69 27 2 1
94 : 0 45 5 63 1
95 : 98 74 23 15 0
96 : 171 115 7 7 0
97 : 63 112 14 4 0
98 : 151 103 9 12 1
99 : 59 116 3 6 1
