1000 633
0 : 645 300 94 6 0
1 : 424 563 22 1 1
2 : 568 601 25 23 0
3 : 112 224 2 13 1
4 : 505 586 7 6 1
5 : 137 111 16 133 1
6 : 429 537 37 13 0
7 : 210 324 42 91 1
8 : 389 365 32 7 1
9 : 484 360 4 53 0
10 : 910 502 27 10 1
11 : 702 516 57 16 0
12 : 391 162 32 2 0
13 : 426 554 2 3 1
14 : 716 555 31 41 0
15 : 748 173 22 1 0
16 : 111 252 1 103 1
17 : 740 551 4 4 0
18 : 203 489 7 62 1
19 : 325 509 41 5 0
20 : 249 595 24 19 1
21 : 203 511 50 59 1
22 : 647 413 69 42 1
23 : 936 454 67 63 1
24 : 824 8 168 76 0
25 : 702 532 19 52 1
26 : 262 511 1 2 1
27 : 491 404 29 79 1
28 : 396 365 31 3 1
29 : 529 514 18 58 1
30 : 662 589 5 18 0
31 : 312 566 23 41 1
32 : 488 360 3 69 0
33 : 341 589 9 10 0
34 : 0 190 112 22 0
35 : 180 614 11 19 1
36 : 226 0 202 57 0
37 : 457 590 14 24 0
38 : 708 412 60 77 1
39 : 933 470 48 3 1
40 : 901 573 40 25 0
41 : 929 502 4 14 0
42 : 0 579 37 20 0
43 : 140 450 69 26 0
44 : 332 599 28 29 1
45 : 136 591 17 32 1
46 : 701 174 9 119 1
47 : 995 414 40 4 1
48 : 203 496 15 61 1
49 : 0 549 48 16 0
50 : 95 273 14 55 0
51 : 529 495 15 19 0
52 : 792 183 34 113 1
53 : 305 284 94 81 0
54 : 910 529 53 15 0
55 : 452 236 8 31 1
56 : 111 212 1 14 0
57 : 747 585 36 36 0
58 : 815 590 1 1 0
59 : 308 589 3 33 1
60 : 754 532 12 5 1
61 : 173 350 12 11 0
62 : 542 346 24 9 1
63 : 789 388 20 32 1
64 : 173 381 82 39 0
65 : 235 428 21 72 1
66 : 747 551 34 6 1
67 : 933 521 56 8 0
68 : 739 300 25 15 0
69 : 774 18 66 2 1
70 : 916 407 18 79 1
71 : 493 374 29 39 1
72 : 504 180 41 115 1
73 : 994 130 104 6 1
74 : 623 564 44 25 0
75 : 156 615 15 18 1
76 : 605 235 49 7 1
77 : 669 278 22 95 1
78 : 468 487 8 6 0
79 : 265 489 7 38 1
80 : 759 503 7 42 0
81 : 388 176 49 116 1
82 : 407 446 69 41 0
83 : 304 451 69 18 0
84 : 132 144 5 50 0
85 : 113 602 23 24 0
86 : 0 335 91 8 0
87 : 542 370 34 83 1
88 : 692 538 9 8 0
89 : 228 561 13 33 1
90 : 217 595 32 11 0
91 : 963 529 9 26 1
92 : 905 212 22 3 1
93 : 802 615 18 14 0
94 : 148 57 143 54 0
95 : 568 105 133 58 0
96 : 48 558 15 36 0
97 : 186 328 6 38 0
98 : 150 52 71 4 0
99 : 64 526 9 4 1
100 : 0 154 17 125 1
101 : 522 517 7 14 0
102 : 707 578 8 17 0
103 : 268 589 26 32 1
104 : 771 528 17 12 1
105 : 901 292 29 94 1
106 : 114 537 14 14 0
107 : 262 512 22 59 1
108 : 992 8 75 2 1
109 : 483 225 10 21 1
110 : 64 478 48 4 1
111 : 678 163 17 22 1
112 : 335 415 77 11 0
113 : 493 284 90 39 1
114 : 0 144 126 10 0
115 : 570 57 27 4 1
116 : 815 591 32 24 0
117 : 783 534 11 51 1
118 : 70 442 70 16 0
119 : 0 440 70 27 0
120 : 700 603 22 25 1
121 : 692 551 4 48 1
122 : 620 404 5 8 0
123 : 574 532 11 12 1
124 : 783 587 3 33 1
125 : 682 608 19 16 1
126 : 399 318 42 92 1
127 : 0 0 28 226 1
128 : 725 603 22 23 0
129 : 48 549 11 8 0
130 : 950 544 49 15 0
131 : 574 81 3 39 1
132 : 210 292 94 32 0
133 : 558 456 68 40 0
134 : 999 126 4 1 1
135 : 353 585 36 14 0
136 : 984 228 10 6 0
137 : 226 606 22 14 0
138 : 814 13 67 7 1
139 : 821 390 21 81 1
140 : 0 38 28 148 1
141 : 114 551 36 47 1
142 : 468 495 22 61 1
143 : 542 284 62 9 1
144 : 821 368 5 22 0
145 : 678 183 95 114 1
146 : 384 397 18 80 1
147 : 264 497 61 15 0
148 : 586 246 35 2 1
149 : 642 521 3 15 0
150 : 673 180 5 67 0
151 : 379 554 47 9 0
152 : 379 537 50 17 0
153 : 941 590 32 25 0
154 : 308 575 4 14 0
155 : 910 604 24 8 0
156 : 388 164 122 12 0
157 : 265 161 123 30 0
158 : 203 476 6 12 0
159 : 820 181 2 59 1
160 : 829 321 92 28 0
161 : 235 226 53 2 1
162 : 476 446 12 20 0
163 : 291 57 41 140 1
164 : 551 466 29 6 1
165 : 0 511 59 38 0
166 : 505 593 32 13 0
167 : 220 450 15 38 0
168 : 948 615 18 12 0
169 : 905 174 3 38 0
170 : 537 593 31 30 0
171 : 705 413 58 3 1
172 : 379 532 5 25 1
173 : 700 596 32 7 0
174 : 858 295 25 43 1
175 : 0 429 11 72 1
176 : 605 510 4 18 1
177 : 963 538 23 6 0
178 : 700 586 9 6 1
179 : 776 13 71 38 1
180 : 428 0 10 202 1
181 : 91 335 14 4 1
182 : 140 442 5 21 1
183 : 0 599 29 22 0
184 : 556 120 42 6 1
185 : 70 458 35 68 1
186 : 228 575 40 20 0
187 : 126 144 59 6 1
188 : 0 467 11 68 1
189 : 739 315 24 3 0
190 : 510 177 3 45 1
191 : 574 49 40 32 0
192 : 973 590 29 22 1
193 : 558 442 14 70 1
194 : 555 164 1 16 0
195 : 64 537 50 34 0
196 : 908 228 6 76 1
197 : 161 551 22 40 0
198 : 991 321 75 4 1
199 : 625 496 1 14 0
200 : 995 292 61 4 1
201 : 901 533 9 11 0
202 : 556 163 122 17 0
203 : 111 272 99 56 0
204 : 347 244 40 104 1
205 : 483 235 11 105 1
206 : 325 497 45 12 0
207 : 608 589 32 27 0
208 : 405 514 1 18 0
209 : 834 541 14 4 0
210 : 137 127 130 7 0
211 : 834 534 16 7 0
212 : 683 514 2 6 1
213 : 301 324 3 46 0
214 : 111 253 102 12 0
215 : 921 321 86 70 1
216 : 511 577 15 12 1
217 : 431 57 10 139 1
218 : 523 555 38 45 1
219 : 235 420 8 20 1
220 : 625 370 9 8 0
221 : 168 591 24 12 1
222 : 95 328 22 91 1
223 : 265 139 22 126 1
224 : 867 411 43 32 1
225 : 265 191 112 22 0
226 : 162 420 73 30 0
227 : 389 597 31 30 0
228 : 183 585 34 19 0
229 : 87 343 7 4 1
230 : 580 246 36 6 1
231 : 347 227 17 105 1
232 : 941 573 17 9 1
233 : 783 590 32 24 0
234 : 532 370 33 5 1
235 : 522 532 52 23 0
236 : 989 521 8 23 0
237 : 468 493 8 2 0
238 : 150 42 10 76 1
239 : 488 433 70 33 0
240 : 667 586 33 22 0
241 : 642 538 13 50 1
242 : 879 598 21 31 1
243 : 974 425 19 27 0
244 : 607 616 17 13 0
245 : 814 80 4 4 0
246 : 198 523 4 37 0
247 : 301 380 15 83 1
248 : 173 366 85 15 0
249 : 737 318 50 92 1
250 : 150 56 66 1 0
251 : 645 306 92 73 0
252 : 209 450 11 39 0
253 : 237 209 4 28 1
254 : 72 429 10 14 1
255 : 785 472 62 65 1
256 : 406 487 62 13 0
257 : 270 111 28 5 1
258 : 121 171 53 4 1
259 : 0 66 78 137 1
260 : 275 111 12 27 0
261 : 322 606 18 10 1
262 : 216 226 19 54 0
263 : 37 579 14 6 1
264 : 366 509 5 4 0
265 : 999 0 126 1 1
266 : 850 533 44 51 1
267 : 749 503 9 8 0
268 : 902 425 72 29 0
269 : 112 190 9 34 0
270 : 593 601 14 20 0
271 : 399 360 37 85 1
272 : 748 84 22 89 0
273 : 568 67 16 2 1
274 : 425 590 26 32 1
275 : 614 10 16 3 0
276 : 847 591 32 16 0
277 : 235 449 69 40 0
278 : 950 559 31 45 1
279 : 399 284 34 94 1
280 : 703 84 90 45 1
281 : 0 565 43 14 0
282 : 792 217 78 109 1
283 : 554 283 26 1 0
284 : 867 470 32 66 1
285 : 109 571 5 16 0
286 : 129 493 30 5 1
287 : 689 480 23 13 1
288 : 689 413 16 67 0
289 : 504 221 109 14 0
290 : 335 426 72 25 0
291 : 268 615 12 18 1
292 : 137 66 6 44 0
293 : 312 534 32 9 1
294 : 180 604 10 24 1
295 : 829 318 26 3 0
296 : 908 203 25 86 1
297 : 669 180 4 95 0
298 : 138 476 65 47 0
299 : 850 502 60 31 0
300 : 43 565 5 22 0
301 : 103 571 16 6 1
302 : 451 246 11 103 1
303 : 789 408 3 32 1
304 : 425 120 131 44 0
305 : 920 502 27 9 1
306 : 304 449 3 2 0
307 : 901 544 49 29 0
308 : 771 472 56 12 1
309 : 59 511 4 47 0
310 : 111 226 26 105 1
311 : 532 284 86 10 1
312 : 111 265 5 101 1
313 : 645 516 57 22 0
314 : 608 573 14 14 0
315 : 0 212 61 111 1
316 : 262 534 50 41 0
317 : 125 154 50 1 1
318 : 929 516 13 4 1
319 : 258 393 2 39 1
320 : 111 270 2 100 1
321 : 930 615 18 18 0
322 : 574 543 49 30 0
323 : 429 550 48 6 0
324 : 0 273 95 62 0
325 : 304 292 68 1 1
326 : 829 349 41 87 1
327 : 301 370 10 3 1
328 : 428 49 8 146 1
329 : 886 577 21 15 1
330 : 623 551 47 13 0
331 : 407 426 14 5 1
332 : 558 433 12 8 0
333 : 670 551 14 4 0
334 : 802 564 23 44 1
335 : 902 390 33 13 1
336 : 708 379 29 8 0
337 : 994 0 130 5 1
338 : 103 587 15 33 1
339 : 477 555 22 46 1
340 : 87 350 69 86 1
341 : 995 353 61 4 1
342 : 645 514 2 38 1
343 : 428 10 39 186 1
344 : 684 551 8 4 0
345 : 908 84 119 86 1
346 : 802 545 48 19 0
347 : 847 607 22 9 0
348 : 821 13 65 3 1
349 : 770 164 10 2 1
350 : 373 451 33 63 0
351 : 850 472 28 14 1
352 : 307 428 23 28 1
353 : 268 575 40 14 0
354 : 858 320 43 1 0
355 : 568 555 6 18 0
356 : 63 571 29 40 1
357 : 227 585 1 9 0
358 : 136 587 4 24 1
359 : 183 523 38 9 1
360 : 426 556 34 45 1
361 : 901 234 99 58 0
362 : 785 412 4 58 0
363 : 766 503 42 5 1
364 : 304 469 67 28 0
365 : 899 411 41 3 1
366 : 783 614 11 19 1
367 : 587 521 55 22 0
368 : 204 606 14 22 1
369 : 384 380 17 5 1
370 : 667 578 8 40 1
371 : 471 577 9 40 1
372 : 361 599 7 26 1
373 : 476 466 68 29 0
374 : 846 564 4 13 0
375 : 255 395 33 80 1
376 : 207 328 35 3 1
377 : 570 413 77 29 0
378 : 379 514 26 18 0
379 : 613 221 5 61 0
380 : 551 284 86 94 1
381 : 143 66 42 5 1
382 : 614 18 66 160 1
383 : 452 227 31 9 0
384 : 406 500 37 60 1
385 : 300 606 10 22 1
386 : 464 397 15 20 1
387 : 258 366 43 17 0
388 : 379 563 45 22 0
389 : 321 514 52 58 1
390 : 258 383 40 10 0
391 : 645 284 24 16 0
392 : 125 204 112 22 0
393 : 494 606 22 22 0
394 : 737 306 2 12 0
395 : 910 612 10 20 1
396 : 88 602 25 22 0
397 : 0 28 10 150 1
398 : 537 370 4 33 0
399 : 619 180 50 104 0
400 : 628 442 40 15 1
401 : 431 67 53 137 1
402 : 816 587 4 30 1
403 : 466 517 56 33 0
404 : 626 482 32 63 1
405 : 901 217 4 14 0
406 : 291 98 134 41 0
407 : 516 606 19 20 1
408 : 916 400 5 7 0
409 : 129 523 28 54 1
410 : 732 596 14 5 0
411 : 305 280 42 4 0
412 : 192 328 36 15 1
413 : 764 295 94 23 0
414 : 391 139 34 23 0
415 : 488 429 3 4 0
416 : 570 404 50 8 0
417 : 995 559 32 4 1
418 : 544 496 18 61 1
419 : 587 514 58 7 0
420 : 626 456 24 2 1
421 : 87 419 23 75 1
422 : 494 604 11 2 0
423 : 614 13 162 5 0
424 : 737 368 84 20 0
425 : 237 213 110 67 0
426 : 217 585 10 9 0
427 : 669 275 3 4 1
428 : 764 278 28 15 0
429 : 605 496 14 20 1
430 : 643 442 3 38 0
431 : 451 269 15 100 1
432 : 623 543 18 7 0
433 : 477 550 5 42 1
434 : 412 415 76 31 0
435 : 824 0 8 170 1
436 : 471 556 21 5 1
437 : 916 349 5 51 0
438 : 510 164 13 45 1
439 : 300 592 14 32 1
440 : 63 600 25 24 0
441 : 789 411 78 61 0
442 : 991 396 9 4 1
443 : 451 257 12 101 1
444 : 476 556 21 1 1
445 : 568 84 135 21 0
446 : 504 176 6 4 0
447 : 568 573 28 40 1
448 : 774 84 134 90 0
449 : 588 235 49 17 1
450 : 754 545 40 48 1
451 : 0 478 33 64 1
452 : 625 379 34 83 1
453 : 770 84 2 80 0
454 : 210 280 95 12 0
455 : 37 594 26 26 0
456 : 554 246 26 37 0
457 : 377 191 33 11 1
458 : 471 604 23 21 0
459 : 544 466 7 29 0
460 : 662 608 11 20 1
461 : 689 503 13 60 1
462 : 992 83 2 1 0
463 : 846 577 40 14 0
464 : 640 589 30 22 1
465 : 183 561 24 45 1
466 : 425 98 6 22 0
467 : 705 472 66 31 0
468 : 332 592 9 6 0
469 : 68 493 44 61 1
470 : 618 221 1 59 0
471 : 708 388 24 81 1
472 : 353 566 19 26 1
473 : 0 171 19 121 1
474 : 670 555 46 23 0
475 : 910 598 6 31 1
476 : 562 120 5 41 0
477 : 820 615 12 18 1
478 : 304 365 15 85 1
479 : 237 204 5 28 1
480 : 0 343 86 87 1
481 : 389 585 36 12 0
482 : 820 174 64 7 0
483 : 221 52 5 4 0
484 : 471 586 34 18 0
485 : 347 213 30 10 0
486 : 630 0 194 13 0
487 : 192 523 38 6 1
488 : 618 280 1 4 0
489 : 377 225 106 2 0
490 : 136 608 11 20 1
491 : 173 361 4 12 1
492 : 361 606 22 10 0
493 : 137 134 70 128 1
494 : 150 28 14 76 1
495 : 673 247 4 31 0
496 : 321 512 2 4 1
497 : 867 454 69 16 0
498 : 335 395 20 49 1
499 : 109 273 2 50 0
