300 210
0 : 140 203 2 3 1
1 : 254 178 18 12 0
2 : 0 193 14 5 0
3 : 137 192 11 6 1
4 : 144 179 12 16 1
5 : 229 88 6 44 1
6 : 186 199 2 10 1
7 : 179 158 2 23 1
8 : 287 0 52 6 1
9 : 139 105 12 39 1
10 : 264 144 7 26 1
11 : 259 194 10 13 1
12 : 43 174 19 3 0
13 : 194 43 59 12 0
14 : 186 197 2 14 1
15 : 231 201 8 4 0
16 : 0 97 39 39 0
17 : 132 154 14 24 1
18 : 124 173 20 19 0
19 : 239 201 4 4 0
20 : 40 177 18 14 0
21 : 156 158 12 23 1
22 : 267 132 30 12 0
23 : 199 199 1 2 0
24 : 12 199 2 11 1
25 : 231 146 5 26 1
26 : 95 184 9 16 1
27 : 67 27 65 32 0
28 : 231 155 23 19 0
29 : 278 174 5 19 1
30 : 144 191 10 14 1
31 : 235 133 6 30 1
32 : 277 88 31 1 1
33 : 160 187 16 5 0
34 : 70 145 26 6 0
35 : 143 201 8 3 0
36 : 197 190 7 15 1
37 : 212 203 2 2 0
38 : 299 121 1 24 0
39 : 182 55 9 50 1
40 : 272 202 7 2 0
41 : 75 173 20 14 0
42 : 201 162 22 6 0
43 : 279 202 3 4 1
44 : 180 203 2 4 1
45 : 28 202 7 2 0
46 : 0 62 22 48 1
47 : 0 7 67 26 0
48 : 80 151 22 23 1
49 : 191 103 39 14 0
50 : 235 139 7 29 1
51 : 287 52 13 45 0
52 : 298 145 22 2 1
53 : 245 194 14 5 0
54 : 0 139 19 29 1
55 : 57 202 8 2 0
56 : 100 81 46 23 0
57 : 103 161 22 9 0
58 : 90 193 7 14 1
59 : 276 88 1 33 0
60 : 257 151 25 9 0
61 : 60 197 13 4 0
62 : 103 138 23 29 1
63 : 174 128 11 31 1
64 : 31 195 14 3 0
65 : 44 202 1 2 0
66 : 174 151 7 25 1
67 : 29 141 28 7 0
68 : 0 158 20 22 1
69 : 31 191 15 4 0
70 : 231 151 4 25 1
71 : 167 200 9 4 0
72 : 282 151 23 16 1
73 : 221 174 14 19 1
74 : 75 121 10 34 1
75 : 114 199 9 9 0
76 : 176 203 2 4 1
77 : 0 0 103 7 0
78 : 136 203 4 3 0
79 : 178 117 11 37 1
80 : 20 202 8 3 0
81 : 29 148 4 26 1
82 : 230 195 14 2 0
83 : 16 190 8 15 1
84 : 0 84 13 44 1
85 : 282 59 40 2 1
86 : 44 107 12 38 1
87 : 100 104 39 13 0
88 : 0 187 4 16 1
89 : 284 59 2 37 0
90 : 283 202 4 3 0
91 : 84 200 6 9 1
92 : 230 197 13 4 0
93 : 215 188 12 15 1
94 : 147 170 22 2 0
95 : 287 197 7 13 1
96 : 286 97 13 35 0
97 : 232 59 29 48 1
98 : 185 201 9 1 0
99 : 0 136 30 3 0
100 : 39 130 11 31 1
101 : 147 172 21 2 0
102 : 35 202 4 4 0
103 : 200 197 14 1 0
104 : 57 201 1 9 1
105 : 200 198 9 12 1
106 : 280 59 2 40 0
107 : 256 160 22 18 0
108 : 272 179 8 17 1
109 : 14 198 13 1 0
110 : 203 140 22 28 1
111 : 119 117 8 36 1
112 : 185 202 3 7 1
113 : 22 175 18 15 0
114 : 103 170 14 21 1
115 : 146 81 24 45 1
116 : 102 200 4 2 1
117 : 179 160 22 14 0
118 : 103 0 95 1 0
119 : 103 1 26 68 1
120 : 254 190 15 4 0
121 : 39 198 5 7 0
122 : 54 69 46 38 0
123 : 44 198 4 1 1
124 : 254 199 4 5 1
125 : 0 46 58 2 0
126 : 172 192 14 8 0
127 : 182 64 17 47 1
128 : 272 187 15 15 0
129 : 181 178 6 18 1
130 : 0 178 9 17 1
131 : 298 167 16 2 1
132 : 93 200 9 6 0
133 : 66 201 7 7 0
134 : 46 194 14 4 0
135 : 201 168 5 22 1
136 : 75 187 12 15 1
137 : 73 199 11 5 0
138 : 123 192 9 14 1
139 : 109 125 33 13 0
140 : 223 201 8 4 0
141 : 174 142 28 7 0
142 : 270 0 17 59 0
143 : 82 117 4 37 1
144 : 143 192 9 1 1
145 : 214 200 6 9 1
146 : 201 173 20 8 0
147 : 299 97 24 1 1
148 : 0 48 14 54 1
149 : 58 59 49 10 0
150 : 158 192 14 8 0
151 : 163 178 9 18 1
152 : 151 201 4 7 1
153 : 199 181 9 16 1
154 : 230 108 25 37 1
155 : 142 125 32 29 0
156 : 12 201 8 4 0
157 : 0 191 2 15 1
158 : 194 38 61 5 0
159 : 53 170 4 22 1
160 : 289 179 8 15 0
161 : 55 151 19 25 1
162 : 22 171 4 21 1
163 : 144 174 5 19 1
164 : 29 152 19 24 1
165 : 240 174 14 17 0
166 : 192 202 7 3 0
167 : 174 139 29 3 0
168 : 230 191 15 4 0
169 : 0 198 10 12 1
170 : 191 94 43 9 0
171 : 297 183 14 3 1
172 : 243 203 2 3 1
173 : 168 174 20 4 0
174 : 132 27 22 62 1
175 : 58 177 17 17 0
176 : 174 149 26 2 0
177 : 111 184 15 12 1
178 : 39 119 2 36 1
179 : 132 49 32 50 1
180 : 125 168 5 22 1
181 : 181 184 16 8 0
182 : 73 131 14 30 1
183 : 212 198 5 2 1
184 : 199 201 1 2 0
185 : 123 201 8 3 0
186 : 205 133 30 7 0
187 : 158 200 4 9 1
188 : 176 200 9 3 0
189 : 60 194 14 3 0
190 : 234 94 42 14 0
191 : 39 121 34 9 0
192 : 243 199 4 11 1
193 : 198 0 38 72 1
194 : 131 201 6 1 0
195 : 131 202 3 5 1
196 : 104 199 10 8 0
197 : 45 198 12 12 0
198 : 27 198 4 12 1
199 : 0 33 13 61 1
