200 127
0 : 191 78 4 6 0
1 : 195 68 2 4 0
2 : 0 0 110 45 0
3 : 172 31 1 15 0
4 : 195 64 2 4 0
5 : 168 64 6 3 1
6 : 170 11 1 27 0
7 : 191 44 4 23 0
8 : 22 106 9 14 0
9 : 197 41 1 11 0
10 : 198 37 15 2 1
11 : 41 80 18 24 1
12 : 109 45 8 1 1
13 : 41 45 15 40 1
14 : 151 101 7 14 0
15 : 191 67 11 4 1
16 : 180 50 1 2 0
17 : 198 0 37 2 1
18 : 133 84 20 8 1
19 : 110 113 12 9 0
20 : 41 112 15 15 0
21 : 41 98 14 20 1
22 : 173 6 4 27 0
23 : 171 31 1 18 0
24 : 81 91 22 14 0
25 : 160 57 23 7 1
26 : 177 68 5 3 1
27 : 185 69 5 22 0
28 : 185 44 6 25 0
29 : 110 11 14 58 1
30 : 81 105 17 9 0
31 : 195 72 3 2 0
32 : 167 25 1 20 0
33 : 177 60 8 3 1
34 : 0 102 18 8 0
35 : 171 11 20 2 1
36 : 33 85 6 19 0
37 : 110 3 67 3 0
38 : 133 104 10 8 1
39 : 71 114 8 9 0
40 : 22 85 21 11 1
41 : 181 79 4 5 0
42 : 181 45 4 16 0
43 : 0 85 17 22 1
44 : 41 60 20 30 1
45 : 65 101 14 5 1
46 : 29 63 12 22 0
47 : 160 80 20 5 1
48 : 181 61 4 11 0
49 : 181 72 7 4 1
50 : 110 52 33 32 0
51 : 110 99 19 9 0
52 : 143 52 27 16 1
53 : 185 91 18 5 1
54 : 143 101 8 16 0
55 : 172 46 8 1 1
56 : 168 70 4 3 1
57 : 110 0 3 71 1
58 : 197 0 41 1 1
59 : 160 100 15 5 1
60 : 177 3 33 4 1
61 : 110 108 5 17 1
62 : 173 71 4 9 0
63 : 177 36 3 24 0
64 : 71 103 11 8 1
65 : 98 105 6 5 1
66 : 110 25 50 27 0
67 : 81 75 25 16 0
68 : 0 63 22 29 1
69 : 173 33 4 24 0
70 : 71 82 8 21 0
71 : 195 58 6 2 1
72 : 133 114 9 7 1
73 : 195 44 14 2 1
74 : 168 38 14 3 1
75 : 143 79 15 22 0
76 : 167 45 1 8 0
77 : 0 110 7 16 1
78 : 197 52 3 10 0
79 : 65 80 21 5 1
80 : 108 45 1 9 0
81 : 181 0 4 45 0
82 : 180 36 14 1 1
83 : 0 45 41 18 0
84 : 81 45 27 30 0
85 : 151 115 7 7 0
86 : 33 104 6 6 0
87 : 160 25 7 32 0
88 : 197 68 4 3 1
89 : 185 0 44 12 1
90 : 171 49 1 2 0
91 : 168 52 12 3 1
92 : 71 60 22 10 1
93 : 168 11 27 2 1
94 : 110 6 5 63 1
95 : 110 84 23 15 0
96 : 0 117 7 7 0
97 : 173 57 14 4 1
98 : 81 114 9 12 1
99 : 197 62 3 6 0
