1000 687
0 : 0 0 94 6 0
1 : 94 0 22 1 0
2 : 116 0 25 23 0
3 : 141 0 2 13 1
4 : 154 0 7 6 0
5 : 161 0 16 133 1
6 : 294 0 37 13 0
7 : 331 0 42 91 1
8 : 422 0 32 7 0
9 : 454 0 4 53 1
10 : 507 0 27 10 0
11 : 534 0 57 16 0
12 : 591 0 32 2 0
13 : 623 0 2 3 1
14 : 626 0 31 41 1
15 : 667 0 22 1 0
16 : 689 0 1 103 1
17 : 792 0 4 4 0
18 : 796 0 7 62 1
19 : 858 0 41 5 0
20 : 899 0 24 19 0
21 : 923 0 50 59 1
22 : 667 1 69 42 0
23 : 0 6 67 63 0
24 : 154 16 168 76 0
25 : 736 1 19 52 1
26 : 154 6 1 2 0
27 : 788 7 29 79 1
28 : 591 2 31 3 0
29 : 422 7 18 58 1
30 : 982 0 5 18 1
31 : 67 6 23 41 1
32 : 480 16 3 69 1
33 : 480 4 9 10 0
34 : 480 19 112 22 0
35 : 592 5 11 19 1
36 : 422 41 202 57 0
37 : 592 16 14 24 0
38 : 67 29 60 77 1
39 : 422 25 48 3 0
40 : 867 19 40 25 0
41 : 94 1 4 14 1
42 : 736 20 37 20 0
43 : 773 36 69 26 0
44 : 624 31 28 29 1
45 : 982 5 17 32 0
46 : 653 43 9 119 1
47 : 422 28 40 4 0
48 : 322 42 15 61 1
49 : 842 44 48 16 0
50 : 907 50 14 55 1
51 : 907 19 15 19 0
52 : 653 52 34 113 1
53 : 322 57 94 81 0
54 : 842 60 53 15 0
55 : 611 5 8 31 0
56 : 591 5 1 14 0
57 : 962 50 36 36 0
58 : 154 8 1 1 0
59 : 736 40 3 33 1
60 : 890 44 12 5 1
61 : 653 31 12 11 0
62 : 322 13 24 9 1
63 : 772 62 20 32 1
64 : 804 75 82 39 0
65 : 886 75 21 72 1
66 : 804 62 34 6 0
67 : 422 32 56 8 0
68 : 383 42 25 15 0
69 : 144 2 66 2 1
70 : 624 86 18 79 1
71 : 0 69 29 39 1
72 : 39 89 41 115 1
73 : 154 92 104 6 0
74 : 703 86 44 25 0
75 : 39 69 15 18 0
76 : 907 64 49 7 0
77 : 886 96 22 95 1
78 : 155 6 8 6 1
79 : 804 68 7 38 1
80 : 146 2 7 42 0
81 : 416 98 49 116 1
82 : 532 98 69 41 0
83 : 154 98 69 18 0
84 : 416 42 5 50 0
85 : 624 59 23 24 0
86 : 223 98 91 8 0
87 : 601 104 34 83 1
88 : 408 42 9 8 1
89 : 766 82 13 33 1
90 : 867 5 32 11 0
91 : 895 44 9 26 0
92 : 624 83 22 3 0
93 : 981 86 18 14 0
94 : 684 114 143 54 0
95 : 154 116 133 58 0
96 : 0 98 15 36 1
97 : 258 92 6 38 1
98 : 827 118 71 4 0
99 : 322 37 9 4 0
100 : 827 122 17 125 1
101 : 962 86 7 14 1
102 : 684 104 8 17 1
103 : 287 106 26 32 1
104 : 489 4 17 12 0
105 : 36 130 29 94 1
106 : 773 20 14 14 0
107 : 319 138 22 59 1
108 : 601 138 75 2 0
109 : 747 86 10 21 0
110 : 907 71 48 4 0
111 : 766 95 17 22 1
112 : 827 139 77 11 0
113 : 904 139 90 39 0
114 : 532 140 126 10 0
115 : 958 64 27 4 1
116 : 0 113 32 24 0
117 : 378 147 11 51 1
118 : 429 147 70 16 0
119 : 499 150 70 27 0
120 : 287 132 22 25 1
121 : 898 118 4 48 1
122 : 611 36 5 8 1
123 : 907 38 11 12 0
124 : 499 147 3 33 1
125 : 952 118 19 16 0
126 : 569 150 42 92 1
127 : 676 168 28 226 1
128 : 130 130 22 23 1
129 : 842 36 11 8 0
130 : 827 150 49 15 0
131 : 549 16 3 39 1
132 : 32 159 94 32 0
133 : 312 160 68 40 0
134 : 154 9 4 1 1
135 : 380 158 36 14 0
136 : 747 107 10 6 0
137 : 876 150 22 14 0
138 : 416 163 67 7 0
139 : 416 170 21 81 1
140 : 153 174 28 148 1
141 : 497 177 36 47 1
142 : 0 137 22 61 0
143 : 223 106 62 9 0
144 : 606 16 5 22 0
145 : 22 191 95 114 1
146 : 902 178 18 80 1
147 : 661 140 61 15 1
148 : 622 2 35 2 1
149 : 962 93 3 15 1
150 : 994 100 5 67 0
151 : 22 137 47 9 1
152 : 136 152 50 17 1
153 : 380 172 32 25 0
154 : 898 150 4 14 0
155 : 108 1 24 8 1
156 : 676 196 122 12 0
157 : 798 196 123 30 0
158 : 483 163 6 12 1
159 : 827 114 2 59 1
160 : 544 192 92 28 0
161 : 827 116 53 2 0
162 : 54 69 12 20 0
163 : 301 200 41 140 1
164 : 766 52 29 6 1
165 : 921 196 59 38 0
166 : 981 100 32 13 1
167 : 441 191 15 38 1
168 : 287 154 18 12 1
169 : 703 111 3 38 1
170 : 636 201 31 30 0
171 : 136 202 58 3 0
172 : 116 23 5 25 1
173 : 378 138 32 7 0
174 : 194 202 25 43 1
175 : 667 208 11 72 1
176 : 462 28 4 18 1
177 : 601 98 23 6 0
178 : 667 201 9 6 0
179 : 441 213 71 38 0
180 : 667 226 10 202 1
181 : 314 92 14 4 1
182 : 799 82 5 21 0
183 : 237 202 29 22 0
184 : 146 44 42 6 1
185 : 512 220 35 68 1
186 : 136 205 40 20 0
187 : 667 219 59 6 0
188 : 176 227 11 68 1
189 : 454 4 24 3 0
190 : 319 92 3 45 0
191 : 266 202 40 32 1
192 : 0 198 29 22 1
193 : 580 231 14 70 1
194 : 922 19 1 16 0
195 : 869 226 50 34 0
196 : 919 234 6 76 1
197 : 136 225 22 40 1
198 : 650 236 75 4 0
199 : 592 40 1 14 1
200 : 995 167 61 4 1
201 : 982 37 9 11 0
202 : 725 236 122 17 0
203 : 298 241 99 56 0
204 : 176 242 40 104 1
205 : 580 245 11 105 1
206 : 982 178 45 12 1
207 : 685 240 32 27 0
208 : 66 69 1 18 0
209 : 650 231 14 4 0
210 : 717 253 130 7 0
211 : 312 132 16 7 1
212 : 155 14 2 6 1
213 : 827 165 3 46 1
214 : 397 251 102 12 0
215 : 499 256 86 70 0
216 : 544 177 15 12 0
217 : 847 260 10 139 1
218 : 136 247 38 45 0
219 : 971 118 8 20 0
220 : 717 240 9 8 1
221 : 847 236 24 12 1
222 : 585 256 22 91 1
223 : 717 260 22 126 1
224 : 397 263 43 32 0
225 : 843 270 112 22 0
226 : 585 278 73 30 0
227 : 440 263 31 30 0
228 : 919 240 34 19 0
229 : 108 25 7 4 0
230 : 130 152 36 6 1
231 : 174 282 17 105 1
232 : 788 95 17 9 1
233 : 676 267 32 24 0
234 : 650 240 33 5 0
235 : 708 282 52 23 0
236 : 416 191 8 23 1
237 : 478 32 8 2 1
238 : 760 282 10 76 1
239 : 0 286 70 33 0
240 : 0 227 33 22 1
241 : 739 208 13 50 1
242 : 955 270 21 31 1
243 : 953 240 19 27 1
244 : 479 191 17 13 0
245 : 890 56 4 4 0
246 : 32 113 4 37 0
247 : 836 292 15 83 1
248 : 70 292 85 15 0
249 : 397 295 50 92 1
250 : 994 167 66 1 1
251 : 279 297 92 73 0
252 : 301 154 11 39 0
253 : 412 172 4 28 0
254 : 559 177 10 14 0
255 : 919 292 62 65 1
256 : 986 240 62 13 1
257 : 512 213 28 5 0
258 : 176 238 53 4 0
259 : 658 305 78 137 1
260 : 676 291 12 27 1
261 : 859 236 18 10 1
262 : 155 299 19 54 1
263 : 296 92 14 6 0
264 : 958 91 5 4 1
265 : 999 5 126 1 1
266 : 209 299 44 51 1
267 : 676 256 9 8 0
268 : 795 307 72 29 0
269 : 397 241 9 34 1
270 : 176 205 14 20 0
271 : 70 307 37 85 1
272 : 489 326 22 89 1
273 : 684 112 16 2 0
274 : 371 297 26 32 0
275 : 141 2 16 3 1
276 : 471 263 32 16 1
277 : 585 308 69 40 0
278 : 867 307 31 45 1
279 : 795 338 34 94 1
280 : 155 343 90 45 0
281 : 280 242 43 14 1
282 : 0 344 78 109 1
283 : 955 291 26 1 0
284 : 371 345 32 66 1
285 : 952 134 5 16 1
286 : 676 138 30 5 1
287 : 371 329 23 13 0
288 : 0 319 16 67 1
289 : 437 348 109 14 0
290 : 578 348 72 25 0
291 : 244 224 12 18 0
292 : 70 286 6 44 1
293 : 760 292 32 9 0
294 : 658 278 10 24 0
295 : 371 342 26 3 0
296 : 912 354 25 86 1
297 : 437 362 4 95 1
298 : 437 366 65 47 0
299 : 502 366 60 31 0
300 : 114 286 5 22 1
301 : 980 240 16 6 1
302 : 245 370 11 103 1
303 : 867 16 3 32 1
304 : 795 379 131 44 0
305 : 757 86 27 9 1
306 : 478 4 3 2 1
307 : 109 344 49 29 1
308 : 260 299 56 12 1
309 : 294 242 4 47 0
310 : 245 381 26 105 1
311 : 562 373 86 10 0
312 : 648 383 5 101 1
313 : 350 377 57 22 0
314 : 546 348 14 14 0
315 : 562 388 61 111 1
316 : 926 379 50 41 0
317 : 421 42 50 1 1
318 : 229 238 13 4 0
319 : 152 44 2 39 0
320 : 138 388 2 100 1
321 : 0 260 18 18 0
322 : 673 388 49 30 0
323 : 272 299 48 6 1
324 : 138 390 95 62 0
325 : 512 255 68 1 0
326 : 350 399 41 87 1
327 : 470 25 10 3 0
328 : 722 423 8 146 1
329 : 562 348 21 15 1
330 : 155 318 47 13 0
331 : 703 291 14 5 1
332 : 853 36 12 8 0
333 : 562 369 14 4 0
334 : 749 383 23 44 1
335 : 795 292 33 13 0
336 : 580 220 29 8 0
337 : 0 422 130 5 0
338 : 138 344 15 33 0
339 : 502 397 22 46 1
340 : 233 407 69 86 1
341 : 654 308 61 4 1
342 : 378 145 2 38 1
343 : 673 431 39 186 1
344 : 717 249 8 4 0
345 : 437 419 119 86 0
346 : 976 379 48 19 1
347 : 636 192 22 9 0
348 : 437 413 65 3 0
349 : 648 373 10 2 1
350 : 868 423 33 63 1
351 : 109 393 28 14 1
352 : 889 338 23 28 0
353 : 749 406 40 14 0
354 : 153 130 43 1 1
355 : 155 292 6 18 1
356 : 319 407 29 40 0
357 : 322 41 1 9 1
358 : 876 164 4 24 1
359 : 986 302 38 9 1
360 : 931 420 34 45 1
361 : 0 427 99 58 0
362 : 739 221 4 58 1
363 : 912 307 42 5 1
364 : 348 440 67 28 0
365 : 749 420 41 3 0
366 : 609 220 11 19 1
367 : 556 449 55 22 0
368 : 245 343 14 22 0
369 : 233 390 17 5 1
370 : 489 263 8 40 0
371 : 0 335 9 40 1
372 : 123 393 7 26 0
373 : 130 452 68 29 0
374 : 654 369 4 13 0
375 : 859 456 33 80 1
376 : 619 5 35 3 1
377 : 319 468 77 29 0
378 : 319 447 26 18 0
379 : 562 383 5 61 1
380 : 611 470 86 94 1
381 : 556 397 42 5 1
382 : 99 481 66 160 1
383 : 673 418 31 9 0
384 : 939 454 37 60 1
385 : 489 303 10 22 0
386 : 976 427 15 20 0
387 : 611 449 43 17 0
388 : 99 427 45 22 1
389 : 705 470 52 58 1
390 : 155 331 40 10 0
391 : 407 377 24 16 0
392 : 763 489 112 22 0
393 : 722 388 22 22 0
394 : 665 31 2 12 0
395 : 889 366 10 20 1
396 : 198 452 25 22 0
397 : 259 497 10 150 1
398 : 760 301 4 33 1
399 : 875 491 50 104 1
400 : 259 476 40 15 0
401 : 409 505 53 137 1
402 : 532 362 4 30 1
403 : 0 485 56 33 0
404 : 556 471 32 63 0
405 : 18 260 4 14 0
406 : 259 507 134 41 0
407 : 654 449 19 20 0
408 : 976 86 5 7 0
409 : 56 485 28 54 0
410 : 245 365 14 5 0
411 : 611 466 42 4 0
412 : 415 440 36 15 1
413 : 763 511 94 23 0
414 : 588 471 34 23 1
415 : 792 4 3 4 1
416 : 130 393 50 8 1
417 : 126 159 32 4 1
418 : 763 470 18 61 1
419 : 795 372 58 7 0
420 : 676 303 24 2 0
421 : 705 534 23 75 1
422 : 348 370 11 2 1
423 : 780 541 162 5 0
424 : 0 539 84 20 0
425 : 780 546 110 67 0
426 : 431 241 10 9 0
427 : 955 71 3 4 0
428 : 857 511 28 15 1
429 : 299 476 14 20 0
430 : 995 302 3 38 0
431 : 890 546 15 100 1
432 : 238 388 18 7 1
433 : 121 427 5 42 0
434 : 84 547 76 31 0
435 : 160 548 8 170 1
436 : 744 388 21 5 1
437 : 780 534 5 51 1
438 : 84 485 13 45 0
439 : 824 470 14 32 1
440 : 546 534 25 24 0
441 : 330 548 78 61 0
442 : 32 150 9 4 1
443 : 571 556 12 101 1
444 : 577 348 21 1 1
445 : 160 556 135 21 0
446 : 788 1 6 4 1
447 : 672 557 28 40 1
448 : 408 558 134 90 0
449 : 588 505 49 17 1
450 : 712 557 40 48 1
451 : 0 559 33 64 1
452 : 890 561 34 83 1
453 : 542 568 2 80 1
454 : 542 570 95 12 0
455 : 295 556 26 26 0
456 : 973 561 26 37 0
457 : 979 491 33 11 1
458 : 415 476 23 21 1
459 : 430 440 7 29 0
460 : 979 524 11 20 0
461 : 160 577 13 60 1
462 : 66 87 2 1 1
463 : 393 507 40 14 1
464 : 637 568 30 22 0
465 : 220 577 24 45 1
466 : 415 499 6 22 1
467 : 64 578 66 31 0
468 : 859 254 9 6 0
469 : 265 582 44 61 1
470 : 667 225 1 59 1
471 : 542 582 24 81 1
472 : 0 518 19 26 1
473 : 623 597 19 121 1
474 : 130 590 46 23 0
475 : 409 468 6 31 0
476 : 605 505 5 41 0
477 : 704 418 12 18 1
478 : 890 598 15 85 1
479 : 667 568 5 28 0
480 : 176 601 86 87 1
481 : 672 585 36 12 0
482 : 990 491 64 7 1
483 : 540 213 5 4 1
484 : 760 557 34 18 1
485 : 130 578 30 10 0
486 : 778 613 194 13 0
487 : 259 491 38 6 0
488 : 115 25 1 4 0
489 : 0 609 106 2 0
490 : 722 410 11 20 1
491 : 995 228 4 12 0
492 : 223 452 22 10 1
493 : 0 611 70 128 1
494 : 542 606 14 76 1
495 : 673 427 4 31 1
496 : 622 37 2 4 0
497 : 326 609 69 16 0
498 : 618 616 20 49 1
499 : 780 539 2 50 1
