200 115
0 : 36 107 4 6 0
1 : 158 68 2 4 0
2 : 0 0 110 45 0
3 : 191 41 1 15 0
4 : 108 66 2 4 0
5 : 93 100 6 3 1
6 : 199 0 1 27 0
7 : 139 59 4 23 0
8 : 44 95 9 14 1
9 : 199 47 1 11 0
10 : 108 45 15 2 1
11 : 44 56 18 24 0
12 : 197 57 8 1 1
13 : 143 27 15 40 0
14 : 63 95 7 14 0
15 : 167 101 11 4 1
16 : 199 58 1 2 0
17 : 197 0 37 2 1
18 : 63 75 20 8 1
19 : 71 106 12 9 0
20 : 44 80 15 15 0
21 : 30 68 14 20 0
22 : 67 48 4 27 0
23 : 190 41 1 18 0
24 : 160 58 22 14 1
25 : 160 80 23 7 1
26 : 192 102 5 3 1
27 : 96 72 5 22 0
28 : 101 77 6 25 0
29 : 160 0 14 58 0
30 : 143 90 17 9 1
31 : 108 70 3 2 1
32 : 199 27 1 20 0
33 : 129 98 8 3 1
34 : 22 99 18 8 0
35 : 197 37 20 2 1
36 : 132 81 6 19 0
37 : 0 48 67 3 0
38 : 110 107 10 8 0
39 : 83 106 8 9 1
40 : 22 88 21 11 0
41 : 96 109 4 5 1
42 : 139 82 4 16 0
43 : 110 81 17 22 1
44 : 0 68 20 30 1
45 : 22 107 14 5 0
46 : 0 88 12 22 1
47 : 0 100 20 5 0
48 : 132 100 4 11 0
49 : 185 106 7 4 1
50 : 110 27 33 32 0
51 : 110 98 19 9 0
52 : 174 41 27 16 1
53 : 152 90 18 5 1
54 : 174 90 8 16 0
55 : 191 56 8 1 1
56 : 17 105 4 3 1
57 : 0 45 3 71 1
58 : 196 0 41 1 1
59 : 96 94 15 5 1
60 : 192 45 33 4 1
61 : 0 105 5 17 1
62 : 101 102 4 9 0
63 : 192 78 3 24 0
64 : 174 106 11 8 0
65 : 152 108 6 5 1
66 : 110 0 50 27 0
67 : 71 72 25 16 0
68 : 110 59 22 29 1
69 : 63 51 4 24 0
70 : 71 98 8 21 1
71 : 108 60 6 2 1
72 : 160 103 9 7 1
73 : 158 54 14 2 1
74 : 59 80 14 3 1
75 : 174 68 15 22 0
76 : 62 56 1 8 0
77 : 182 90 7 16 0
78 : 59 94 3 10 0
79 : 167 80 21 5 1
80 : 196 55 1 9 0
81 : 192 0 4 45 0
82 : 196 41 14 1 1
83 : 174 0 41 18 1
84 : 71 45 27 30 1
85 : 120 107 7 7 0
86 : 63 109 6 6 0
87 : 101 45 7 32 0
88 : 59 104 4 3 1
89 : 0 56 44 12 0
90 : 198 57 1 2 0
91 : 93 88 12 3 1
92 : 71 88 22 10 0
93 : 158 27 27 2 1
94 : 0 51 5 63 1
95 : 143 67 23 15 1
96 : 143 107 7 7 0
97 : 139 98 14 4 1
98 : 44 104 9 12 1
99 : 40 99 3 6 0
