1000 2162
0 : 0 0 94 6 0
1 : 94 0 22 1 0
2 : 116 0 25 23 0
3 : 141 0 2 13 1
4 : 154 0 7 6 0
5 : 161 0 16 133 1
6 : 294 0 37 13 0
7 : 331 0 42 91 1
8 : 422 0 32 7 0
9 : 454 0 4 53 1
10 : 507 0 27 10 0
11 : 534 0 57 16 0
12 : 591 0 32 2 0
13 : 623 0 2 3 1
14 : 626 0 31 41 1
15 : 667 0 22 1 0
16 : 689 0 1 103 1
17 : 792 0 4 4 0
18 : 796 0 7 62 1
19 : 858 0 41 5 0
20 : 899 0 24 19 0
21 : 923 0 50 59 1
22 : 667 1 69 42 0
23 : 0 6 67 63 0
24 : 161 16 168 76 1
25 : 736 1 19 52 1
26 : 982 0 1 2 1
27 : 331 42 29 79 1
28 : 591 2 31 3 0
29 : 796 7 18 58 1
30 : 94 1 5 18 1
31 : 454 4 23 41 1
32 : 667 43 3 69 1
33 : 984 0 9 10 1
34 : 591 5 112 22 1
35 : 858 5 11 19 1
36 : 237 16 202 57 1
37 : 67 6 14 24 1
38 : 667 46 60 77 0
39 : 534 16 48 3 0
40 : 534 19 40 25 0
41 : 877 5 4 14 1
42 : 294 13 37 20 0
43 : 422 7 69 26 1
44 : 736 20 28 29 1
45 : 91 6 17 32 0
46 : 141 2 9 119 0
47 : 796 25 40 4 0
48 : 507 10 15 61 0
49 : 858 16 48 16 1
50 : 877 9 14 55 0
51 : 899 19 15 19 1
52 : 454 27 34 113 0
53 : 331 71 94 81 1
54 : 923 50 53 15 0
55 : 495 4 8 31 0
56 : 410 42 1 14 0
57 : 796 29 36 36 0
58 : 411 42 1 1 0
59 : 994 0 3 33 0
60 : 522 10 12 5 0
61 : 522 15 12 11 0
62 : 67 20 24 9 0
63 : 626 31 20 32 1
64 : 534 44 82 39 1
65 : 765 20 21 72 0
66 : 294 33 34 6 0
67 : 613 5 56 8 1
68 : 116 23 25 15 0
69 : 997 0 66 2 1
70 : 836 25 18 79 0
71 : 294 39 29 39 0
72 : 923 65 41 115 0
73 : 891 5 104 6 1
74 : 116 38 44 25 1
75 : 67 29 15 18 1
76 : 154 6 49 7 1
77 : 736 48 22 95 0
78 : 448 7 8 6 1
79 : 984 9 7 38 0
80 : 582 16 7 42 0
81 : 0 69 49 116 0
82 : 667 123 69 41 1
83 : 899 34 69 18 1
84 : 448 15 5 50 0
85 : 626 51 23 24 1
86 : 574 19 91 8 1
87 : 796 65 34 83 0
88 : 522 26 9 8 0
89 : 91 38 13 33 0
90 : 67 44 32 11 1
91 : 658 31 9 26 0
92 : 112 1 22 3 1
93 : 858 64 18 14 1
94 : 331 165 143 54 1
95 : 161 184 133 58 1
96 : 49 69 15 36 0
97 : 488 27 6 38 0
98 : 788 1 71 4 1
99 : 150 2 9 4 1
100 : 626 74 17 125 0
101 : 522 34 7 14 0
102 : 495 35 8 17 0
103 : 422 76 26 32 0
104 : 877 64 17 12 1
105 : 294 78 29 94 0
106 : 507 71 14 14 0
107 : 116 82 22 59 0
108 : 982 1 75 2 1
109 : 412 42 10 21 0
110 : 622 2 48 4 1
111 : 765 92 17 22 0
112 : 964 65 77 11 1
113 : 534 126 90 39 1
114 : 412 63 126 10 1
115 : 503 4 27 4 1
116 : 422 108 32 24 1
117 : 91 71 11 51 0
118 : 899 103 70 16 1
119 : 454 140 70 27 1
120 : 591 117 22 25 0
121 : 792 4 4 48 0
122 : 918 19 5 8 0
123 : 67 76 11 12 0
124 : 108 6 3 33 0
125 : 836 104 19 16 1
126 : 0 185 42 92 0
127 : 796 148 28 226 0
128 : 422 140 22 23 1
129 : 727 46 11 8 1
130 : 49 105 49 15 1
131 : 854 7 3 39 0
132 : 923 180 94 32 1
133 : 667 192 68 40 1
134 : 411 43 4 1 1
135 : 858 82 36 14 1
136 : 85 29 10 6 1
137 : 507 85 22 14 1
138 : 78 44 67 7 1
139 : 116 141 21 81 0
140 : 294 172 28 148 0
141 : 237 218 36 47 1
142 : 591 142 22 61 0
143 : 658 57 62 9 1
144 : 918 27 5 22 0
145 : 161 317 95 114 0
146 : 219 184 18 80 0
147 : 237 254 61 15 1
148 : 252 254 35 2 1
149 : 219 264 3 15 0
150 : 85 39 5 67 0
151 : 222 264 47 9 1
152 : 765 114 50 17 1
153 : 385 165 32 25 1
154 : 231 264 4 14 0
155 : 650 51 24 8 1
156 : 877 81 122 12 1
157 : 534 216 123 30 1
158 : 231 278 6 12 0
159 : 254 254 2 59 0
160 : 256 254 92 28 1
161 : 897 5 53 2 1
162 : 507 107 12 20 0
163 : 0 277 41 140 0
164 : 984 47 29 6 1
165 : 667 260 59 38 1
166 : 858 118 32 13 1
167 : 708 123 15 38 0
168 : 836 123 18 12 1
169 : 219 279 3 38 0
170 : 923 274 31 30 0
171 : 991 9 58 3 1
172 : 231 290 5 25 0
173 : 522 48 32 7 1
174 : 385 197 25 43 0
175 : 67 88 11 72 0
176 : 150 11 4 18 0
177 : 758 48 23 6 1
178 : 222 311 9 6 0
179 : 331 308 71 38 1
180 : 91 122 10 202 0
181 : 150 29 14 4 1
182 : 323 39 5 21 0
183 : 736 143 29 22 1
184 : 976 50 42 6 1
185 : 667 319 35 68 0
186 : 422 162 40 20 1
187 : 495 52 59 6 1
188 : 507 127 11 68 0
189 : 874 16 24 3 1
190 : 112 23 3 45 0
191 : 331 379 40 32 1
192 : 736 172 29 22 1
193 : 49 154 14 70 0
194 : 236 290 1 16 0
195 : 667 387 50 34 1
196 : 154 55 6 76 0
197 : 736 201 22 40 0
198 : 832 29 75 4 1
199 : 235 264 1 14 0
200 : 503 31 61 4 1
201 : 658 119 9 11 0
202 : 765 164 122 17 1
203 : 161 431 99 56 1
204 : 0 417 40 104 0
205 : 836 141 11 105 0
206 : 858 150 45 12 1
207 : 454 210 32 27 1
208 : 252 289 1 18 0
209 : 104 38 14 4 1
210 : 727 57 130 7 1
211 : 582 58 16 7 1
212 : 410 56 2 6 0
213 : 531 26 3 46 0
214 : 708 161 102 12 1
215 : 161 530 86 70 1
216 : 217 431 15 12 1
217 : 964 142 10 139 0
218 : 0 521 38 45 0
219 : 217 446 8 20 0
220 : 217 466 9 8 0
221 : 217 474 24 12 1
222 : 591 203 22 91 0
223 : 385 240 22 126 0
224 : 331 419 43 32 1
225 : 736 241 112 22 1
226 : 923 304 73 30 1
227 : 534 339 31 30 1
228 : 422 202 34 19 1
229 : 226 466 7 4 1
230 : 613 61 36 6 1
231 : 626 199 17 105 0
232 : 217 498 17 9 1
233 : 454 242 32 24 1
234 : 918 49 33 5 1
235 : 454 274 52 23 1
236 : 650 75 8 23 0
237 : 410 62 8 2 1
238 : 67 160 10 76 0
239 : 667 437 70 33 1
240 : 591 294 33 22 1
241 : 899 173 13 50 0
242 : 116 222 21 31 0
243 : 422 236 19 27 0
244 : 899 223 17 13 1
245 : 226 498 4 4 0
246 : 150 43 4 37 0
247 : 116 253 15 83 0
248 : 422 263 85 15 1
249 : 161 616 50 92 0
250 : 999 0 66 1 1
251 : 161 708 92 73 1
252 : 211 616 11 39 0
253 : 222 616 4 28 0
254 : 217 515 10 14 0
255 : 161 800 62 65 1
256 : 49 224 62 13 1
257 : 226 616 28 5 1
258 : 211 655 53 4 1
259 : 161 862 78 137 0
260 : 215 655 12 27 0
261 : 215 682 18 10 1
262 : 294 320 19 54 0
263 : 225 446 14 6 1
264 : 225 460 5 4 0
265 : 231 431 126 1 1
266 : 161 999 44 51 1
267 : 215 700 9 8 0
268 : 534 370 72 29 1
269 : 141 121 9 34 0
270 : 765 286 14 20 0
271 : 0 566 37 85 0
272 : 454 326 22 89 0
273 : 229 474 16 2 1
274 : 256 346 26 32 0
275 : 227 655 16 3 1
276 : 626 304 32 16 1
277 : 161 1043 69 40 1
278 : 331 462 31 45 0
279 : 0 651 34 94 0
280 : 161 1112 90 45 1
281 : 765 306 43 14 1
282 : 363 379 78 109 0
283 : 253 289 26 1 1
284 : 363 488 32 66 1
285 : 225 682 5 16 0
286 : 201 1043 30 5 1
287 : 422 348 23 13 1
288 : 369 308 16 67 0
289 : 591 327 109 14 1
290 : 796 374 72 25 1
291 : 385 366 12 18 1
292 : 226 800 6 44 0
293 : 412 189 32 9 1
294 : 412 221 10 24 0
295 : 201 1073 26 3 1
296 : 923 377 25 86 0
297 : 437 263 4 95 0
298 : 363 520 65 47 0
299 : 331 507 60 31 1
300 : 412 245 5 22 0
301 : 226 844 16 6 1
302 : 507 195 11 103 0
303 : 407 240 3 32 0
304 : 363 567 131 44 1
305 : 412 267 27 9 1
306 : 254 313 3 2 1
307 : 534 442 49 29 1
308 : 858 195 56 12 1
309 : 412 294 4 47 0
310 : 256 378 26 105 0
311 : 877 203 86 10 1
312 : 234 431 5 101 0
313 : 736 353 57 22 1
314 : 116 336 14 14 0
315 : 363 698 61 111 0
316 : 363 809 50 41 0
317 : 232 800 50 1 1
318 : 403 366 13 4 1
319 : 204 1073 2 39 0
320 : 407 272 2 100 0
321 : 294 374 18 18 0
322 : 667 507 49 30 1
323 : 416 294 48 6 1
324 : 363 850 95 62 1
325 : 409 272 68 1 1
326 : 363 945 41 87 0
327 : 201 1099 10 3 1
328 : 982 76 8 146 0
329 : 407 567 21 15 1
330 : 407 588 47 13 1
331 : 417 245 14 5 1
332 : 422 371 12 8 0
333 : 227 515 14 4 1
334 : 796 446 23 44 0
335 : 407 635 33 13 1
336 : 413 809 29 8 1
337 : 234 532 130 5 1
338 : 626 336 15 33 0
339 : 736 410 22 46 0
340 : 161 1202 69 86 0
341 : 420 588 61 4 1
342 : 412 341 2 38 0
343 : 363 1032 39 186 0
344 : 417 259 8 4 1
345 : 239 483 119 86 1
346 : 454 415 48 19 1
347 : 407 668 22 9 1
348 : 206 1043 65 3 1
349 : 237 315 10 2 0
350 : 239 602 33 63 1
351 : 239 431 28 14 1
352 : 923 463 23 28 0
353 : 294 392 40 14 1
354 : 233 800 43 1 1
355 : 416 342 6 18 0
356 : 534 491 29 40 0
357 : 411 47 1 9 0
358 : 308 392 4 24 0
359 : 294 432 38 9 1
360 : 239 635 34 45 1
361 : 161 1288 99 58 1
362 : 206 1108 4 58 0
363 : 303 432 42 5 1
364 : 534 531 67 28 1
365 : 209 1043 41 3 1
366 : 239 459 11 19 0
367 : 736 456 55 22 1
368 : 212 999 14 22 0
369 : 416 360 17 5 1
370 : 313 320 8 40 0
371 : 313 360 9 40 0
372 : 416 668 7 26 0
373 : 667 556 68 29 1
374 : 369 375 4 13 1
375 : 239 669 33 80 0
376 : 206 1166 35 3 1
377 : 331 567 77 29 1
378 : 212 1021 26 18 1
379 : 313 400 5 61 0
380 : 239 749 86 94 0
381 : 272 669 42 5 1
382 : 239 843 66 160 0
383 : 284 635 31 9 1
384 : 239 1003 37 60 1
385 : 284 666 10 22 0
386 : 284 688 15 20 0
387 : 212 1047 43 17 1
388 : 302 602 45 22 1
389 : 239 1040 52 58 1
390 : 284 708 40 10 1
391 : 212 1090 24 16 1
392 : 796 490 112 22 1
393 : 302 647 22 22 0
394 : 229 431 2 12 0
395 : 212 1114 10 20 0
396 : 302 669 25 22 1
397 : 284 218 10 150 0
398 : 272 711 4 33 0
399 : 239 1092 50 104 0
400 : 212 1134 40 15 1
401 : 161 1387 53 137 0
402 : 308 416 4 30 0
403 : 0 745 56 33 1
404 : 0 801 32 63 0
405 : 420 649 4 14 0
406 : 239 1196 134 41 1
407 : 302 694 19 20 0
408 : 303 474 5 7 0
409 : 534 598 28 54 0
410 : 313 461 14 5 1
411 : 318 400 42 4 1
412 : 626 369 36 15 1
413 : 923 491 94 23 1
414 : 302 714 34 23 1
415 : 382 375 3 4 0
416 : 284 368 50 8 1
417 : 308 446 32 4 1
418 : 454 463 18 61 0
419 : 277 669 58 7 1
420 : 228 1090 24 2 1
421 : 923 585 23 75 0
422 : 422 567 11 2 1
423 : 234 662 162 5 1
424 : 736 511 84 20 1
425 : 161 1524 110 67 1
426 : 222 644 10 9 1
427 : 272 744 3 4 0
428 : 212 1174 28 15 1
429 : 765 349 14 20 0
430 : 318 442 3 38 0
431 : 626 405 15 100 0
432 : 277 727 18 7 1
433 : 284 418 5 42 0
434 : 0 864 76 31 1
435 : 219 1288 8 170 0
436 : 284 460 21 5 1
437 : 289 418 5 51 0
438 : 899 240 13 45 0
439 : 116 350 14 32 0
440 : 667 624 25 24 0
441 : 161 1634 78 61 1
442 : 227 671 9 4 1
443 : 858 251 12 101 0
444 : 302 748 21 1 0
445 : 796 602 135 21 1
446 : 277 745 6 4 0
447 : 331 644 28 40 0
448 : 161 1712 134 90 1
449 : 454 524 49 17 1
450 : 161 1846 40 48 1
451 : 363 1218 33 64 0
452 : 209 1846 34 83 0
453 : 282 346 2 80 0
454 : 239 1330 95 12 1
455 : 534 652 26 26 0
456 : 534 678 26 37 0
457 : 239 1425 33 11 1
458 : 667 648 23 21 0
459 : 293 635 7 29 0
460 : 239 1458 11 20 0
461 : 899 285 13 60 0
462 : 410 70 2 1 0
463 : 765 369 40 14 1
464 : 923 660 30 22 1
465 : 331 684 24 45 0
466 : 250 459 6 22 0
467 : 0 940 66 31 1
468 : 225 698 9 6 1
469 : 161 1886 44 61 0
470 : 324 602 1 59 0
471 : 534 715 24 81 0
472 : 736 595 19 26 0
473 : 736 621 19 121 0
474 : 667 669 46 23 1
475 : 294 708 6 31 0
476 : 222 1634 5 41 0
477 : 239 1478 12 18 0
478 : 626 505 15 85 0
479 : 234 824 5 28 0
480 : 161 1947 86 87 0
481 : 239 1496 36 12 1
482 : 219 1458 64 7 1
483 : 420 663 5 4 1
484 : 209 1929 34 18 0
485 : 239 1532 30 10 1
486 : 49 286 194 13 1
487 : 239 1562 38 6 1
488 : 226 473 1 4 1
489 : 410 165 106 2 1
490 : 239 1600 11 20 0
491 : 226 502 4 12 0
492 : 239 1620 22 10 1
493 : 161 2034 70 128 0
494 : 116 382 14 76 0
495 : 222 1675 4 31 0
496 : 227 680 2 4 1
497 : 454 573 69 16 1
498 : 923 690 20 49 0
499 : 292 368 2 50 0
