200 116
0 : 173 39 4 6 0
1 : 104 72 2 4 0
2 : 0 0 110 45 0
3 : 172 29 1 15 0
4 : 71 80 2 4 0
5 : 182 76 6 3 1
6 : 170 11 1 27 0
7 : 104 79 4 23 1
8 : 173 94 9 14 0
9 : 103 72 1 11 0
10 : 25 75 15 2 0
11 : 158 76 18 24 1
12 : 185 44 8 1 0
13 : 160 45 15 40 1
14 : 71 101 7 14 1
15 : 149 81 11 4 1
16 : 71 84 1 2 1
17 : 198 0 37 2 1
18 : 160 25 20 8 1
19 : 99 101 12 9 0
20 : 56 101 15 15 0
21 : 182 83 14 20 0
22 : 177 3 4 27 0
23 : 172 11 1 18 0
24 : 22 81 22 14 0
25 : 73 78 23 7 0
26 : 96 78 5 3 1
27 : 71 85 5 22 1
28 : 74 72 6 25 1
29 : 110 11 14 58 1
30 : 113 98 17 9 0
31 : 22 79 3 2 0
32 : 171 11 1 20 0
33 : 93 85 8 3 1
34 : 22 95 18 8 0
35 : 104 52 20 2 1
36 : 44 95 6 19 1
37 : 110 3 67 3 0
38 : 118 83 10 8 1
39 : 85 103 8 9 1
40 : 71 90 21 11 0
41 : 40 95 4 5 0
42 : 25 71 4 16 1
43 : 0 79 17 22 1
44 : 74 52 20 30 1
45 : 44 81 14 5 1
46 : 127 81 12 22 1
47 : 134 93 20 5 0
48 : 99 72 4 11 0
49 : 106 45 7 4 1
50 : 41 45 33 32 0
51 : 154 94 19 9 0
52 : 158 60 27 16 0
53 : 0 96 18 5 0
54 : 25 63 8 16 1
55 : 157 81 8 1 1
56 : 18 99 4 3 0
57 : 110 0 3 71 1
58 : 197 0 41 1 1
59 : 0 101 15 5 0
60 : 173 6 33 4 1
61 : 130 98 5 17 1
62 : 196 97 4 9 0
63 : 49 77 3 24 1
64 : 147 103 11 8 0
65 : 147 98 6 5 0
66 : 110 25 50 27 0
67 : 0 63 25 16 0
68 : 136 52 22 29 0
69 : 25 77 4 24 1
70 : 92 93 8 21 1
71 : 69 95 6 2 1
72 : 182 103 9 7 0
73 : 85 101 14 2 0
74 : 196 83 14 3 1
75 : 49 80 15 22 1
76 : 153 81 1 8 0
77 : 40 101 7 16 1
78 : 27 103 3 10 1
79 : 113 93 21 5 0
80 : 126 83 1 9 0
81 : 181 0 4 45 0
82 : 171 31 14 1 1
83 : 0 45 41 18 0
84 : 106 52 27 30 1
85 : 158 103 7 7 0
86 : 63 95 6 6 0
87 : 74 45 7 32 1
88 : 18 96 4 3 0
89 : 185 0 44 12 1
90 : 40 75 1 2 0
91 : 154 81 12 3 1
92 : 96 83 22 10 0
93 : 168 11 27 2 1
94 : 110 6 5 63 1
95 : 185 60 23 15 1
96 : 165 103 7 7 0
97 : 177 30 14 4 1
98 : 15 103 9 12 1
99 : 168 38 3 6 0
