100 43
0 : 95 0 4 22 0
1 : 88 34 9 4 0
2 : 76 15 18 10 0
3 : 76 25 19 9 0
4 : 64 39 5 4 0
5 : 97 40 3 3 0
6 : 10 30 4 15 1
7 : 73 39 1 3 0
8 : 10 34 13 3 0
9 : 62 15 13 14 1
10 : 34 41 2 4 1
11 : 37 40 1 14 1
12 : 52 20 8 13 0
13 : 38 41 1 7 1
14 : 36 20 11 16 1
15 : 0 40 11 1 0
16 : 0 38 38 1 0
17 : 95 22 9 5 1
18 : 17 39 2 8 1
19 : 91 40 6 2 0
20 : 30 41 2 4 1
21 : 53 37 2 21 1
22 : 59 39 4 5 1
23 : 36 33 17 4 0
24 : 30 39 7 2 0
25 : 45 41 5 1 0
26 : 71 34 3 17 1
27 : 8 41 2 3 1
28 : 0 23 7 25 1
29 : 11 40 3 3 0
30 : 80 37 4 7 1
31 : 0 30 8 10 1
32 : 62 0 32 15 0
33 : 25 39 5 3 0
34 : 52 39 7 3 0
35 : 38 37 2 14 1
36 : 74 37 5 6 1
37 : 37 39 14 1 0
38 : 60 28 11 8 0
39 : 25 23 15 11 1
40 : 14 41 9 1 0
41 : 0 39 1 17 1
42 : 87 40 3 4 1
43 : 36 0 20 26 1
44 : 87 38 13 2 0
45 : 69 39 4 4 0
46 : 0 41 1 8 1
47 : 0 0 23 36 1
48 : 50 41 2 2 0
49 : 80 41 4 2 0
