100 56
0 : 0 0 4 22 1
1 : 22 0 9 4 0
2 : 31 0 18 10 0
3 : 49 0 19 9 0
4 : 68 0 5 4 0
5 : 73 0 3 3 0
6 : 76 0 4 15 1
7 : 91 0 1 3 1
8 : 73 4 13 3 0
9 : 86 4 13 14 1
10 : 68 4 2 4 1
11 : 0 4 1 14 1
12 : 14 4 8 13 1
13 : 0 5 1 7 1
14 : 68 7 11 16 1
15 : 0 6 11 1 0
16 : 27 10 38 1 0
17 : 0 7 9 5 0
18 : 11 5 2 8 0
19 : 9 7 6 2 1
20 : 84 7 2 4 0
21 : 27 11 2 21 1
22 : 48 11 4 5 1
23 : 13 13 17 4 0
24 : 53 11 7 2 0
25 : 60 11 5 1 0
26 : 30 13 3 17 1
27 : 65 9 2 3 1
28 : 30 16 7 25 1
29 : 65 11 3 3 0
30 : 0 12 4 7 1
31 : 55 13 8 10 1
32 : 65 18 32 15 0
33 : 7 13 5 3 0
34 : 0 16 7 3 0
35 : 12 17 2 14 1
36 : 7 16 5 6 0
37 : 12 19 14 1 0
38 : 12 20 11 8 0
39 : 23 23 15 11 0
40 : 55 21 9 1 0
41 : 38 23 1 17 1
42 : 97 17 3 4 0
43 : 38 24 20 26 1
44 : 7 28 13 2 0
45 : 0 19 4 4 0
46 : 4 19 1 8 0
47 : 64 33 23 36 1
48 : 5 19 2 2 0
49 : 5 21 4 2 1
