1000 671
0 : 741 647 94 6 0
1 : 570 669 22 1 0
2 : 146 472 25 23 0
3 : 125 669 2 13 1
4 : 511 653 7 6 0
5 : 157 552 16 133 1
6 : 321 597 37 13 0
7 : 570 261 42 91 1
8 : 165 647 32 7 0
9 : 129 659 4 53 1
10 : 290 627 27 10 0
11 : 853 553 57 16 0
12 : 965 668 32 2 0
13 : 997 668 2 3 1
14 : 321 378 31 41 1
15 : 592 669 22 1 0
16 : 216 669 1 103 1
17 : 335 663 4 4 0
18 : 908 640 7 62 1
19 : 184 658 41 5 0
20 : 866 533 24 19 0
21 : 570 211 50 59 1
22 : 661 261 69 42 0
23 : 444 86 67 63 0
24 : 642 78 168 76 0
25 : 365 533 19 52 1
26 : 687 669 1 2 1
27 : 793 409 29 79 1
28 : 847 666 31 3 0
29 : 626 533 18 58 1
30 : 861 658 5 18 1
31 : 708 467 23 41 1
32 : 339 663 3 69 1
33 : 449 631 9 10 1
34 : 0 489 112 22 0
35 : 981 610 11 19 1
36 : 0 161 202 57 0
37 : 455 583 14 24 1
38 : 522 151 60 77 1
39 : 814 663 48 3 0
40 : 148 447 40 25 0
41 : 229 663 4 14 1
42 : 947 515 37 20 1
43 : 868 439 69 26 0
44 : 940 438 28 29 1
45 : 125 537 17 32 1
46 : 52 631 9 119 1
47 : 123 663 40 4 0
48 : 488 568 15 61 1
49 : 910 568 48 16 0
50 : 158 583 14 55 1
51 : 302 583 15 19 1
52 : 883 343 34 113 1
53 : 548 0 94 81 0
54 : 306 568 53 15 0
55 : 661 640 8 31 1
56 : 665 669 1 14 1
57 : 0 334 36 36 0
58 : 65 669 1 1 0
59 : 782 666 3 33 1
60 : 476 654 12 5 0
61 : 51 620 12 11 0
62 : 365 631 24 9 0
63 : 135 517 20 32 1
64 : 801 305 82 39 0
65 : 628 512 21 72 1
66 : 408 648 34 6 0
67 : 605 639 56 8 0
68 : 874 569 25 15 0
69 : 0 667 66 2 0
70 : 417 533 18 79 1
71 : 727 409 29 39 1
72 : 870 264 41 115 1
73 : 489 647 104 6 0
74 : 300 463 44 25 0
75 : 140 583 15 18 1
76 : 692 647 49 7 0
77 : 171 490 22 95 1
78 : 503 653 8 6 0
79 : 300 647 7 38 1
80 : 258 645 7 42 1
81 : 629 212 49 116 1
82 : 0 265 69 41 1
83 : 496 533 69 18 0
84 : 300 654 5 50 1
85 : 292 488 23 24 1
86 : 211 637 91 8 0
87 : 284 344 34 83 1
88 : 124 640 9 8 0
89 : 0 597 13 33 1
90 : 0 610 32 11 0
91 : 0 631 9 26 1
92 : 928 666 22 3 0
93 : 563 583 18 14 0
94 : 767 209 143 54 0
95 : 634 154 133 58 0
96 : 598 568 15 36 1
97 : 641 648 6 38 1
98 : 583 659 71 4 0
99 : 295 663 9 4 0
100 : 0 551 17 125 1
101 : 475 647 7 14 1
102 : 75 640 8 17 1
103 : 969 438 26 32 0
104 : 719 609 17 12 0
105 : 230 409 29 94 1
106 : 581 583 14 14 0
107 : 316 490 22 59 1
108 : 646 667 75 2 0
109 : 693 631 10 21 1
110 : 75 662 48 4 0
111 : 916 535 17 22 1
112 : 904 610 77 11 0
113 : 711 304 90 39 0
114 : 505 621 126 10 0
115 : 596 663 27 4 0
116 : 188 465 32 24 0
117 : 533 610 11 51 1
118 : 783 552 70 16 0
119 : 230 438 70 27 0
120 : 0 511 22 25 1
121 : 422 659 4 48 1
122 : 926 658 5 8 1
123 : 63 620 11 12 1
124 : 749 666 3 33 1
125 : 290 552 19 16 1
126 : 199 261 42 92 1
127 : 543 439 28 226 1
128 : 50 511 22 23 1
129 : 104 640 11 8 0
130 : 549 568 49 15 0
131 : 74 666 3 39 1
132 : 633 377 94 32 0
133 : 41 304 68 40 0
134 : 683 669 4 1 0
135 : 321 583 36 14 0
136 : 36 648 10 6 0
137 : 501 583 22 14 0
138 : 133 640 67 7 0
139 : 169 512 21 81 1
140 : 0 438 28 148 1
141 : 169 343 36 47 1
142 : 913 493 22 61 1
143 : 714 631 62 9 0
144 : 797 658 5 22 1
145 : 0 0 95 114 1
146 : 0 533 18 80 1
147 : 427 568 61 15 0
148 : 965 666 35 2 0
149 : 950 666 3 15 1
150 : 903 653 5 67 1
151 : 776 631 47 9 0
152 : 684 551 50 17 0
153 : 344 465 32 25 0
154 : 647 663 4 14 1
155 : 415 640 24 8 0
156 : 158 597 122 12 0
157 : 76 389 123 30 0
158 : 679 648 6 12 1
159 : 66 669 2 59 1
160 : 411 410 92 28 0
161 : 125 667 53 2 0
162 : 211 609 12 20 1
163 : 730 263 41 140 1
164 : 970 648 29 6 0
165 : 883 305 59 38 0
166 : 968 597 32 13 0
167 : 249 568 15 38 1
168 : 231 609 18 12 0
169 : 377 666 3 38 1
170 : 619 409 31 30 0
171 : 408 663 58 3 0
172 : 750 658 5 25 1
173 : 133 647 32 7 0
174 : 475 464 25 43 1
175 : 461 610 11 72 1
176 : 163 663 4 18 1
177 : 228 652 23 6 0
178 : 291 652 9 6 0
179 : 477 305 71 38 0
180 : 699 621 10 202 1
181 : 689 663 14 4 0
182 : 840 658 5 21 1
183 : 869 511 29 22 0
184 : 47 648 42 6 0
185 : 216 343 35 68 1
186 : 95 517 40 20 0
187 : 911 647 59 6 0
188 : 267 616 11 68 1
189 : 904 666 24 3 0
190 : 908 663 3 45 1
191 : 943 377 40 32 0
192 : 840 511 29 22 0
193 : 776 583 14 70 1
194 : 635 669 1 16 1
195 : 477 343 50 34 0
196 : 835 647 6 76 1
197 : 974 493 22 40 0
198 : 0 659 75 4 0
199 : 651 669 1 14 1
200 : 361 659 61 4 0
201 : 428 631 9 11 1
202 : 417 551 122 17 0
203 : 202 155 99 56 0
204 : 559 303 40 104 1
205 : 751 609 11 105 1
206 : 586 609 45 12 0
207 : 836 438 32 27 0
208 : 319 669 1 18 1
209 : 243 663 14 4 0
210 : 714 640 130 7 0
211 : 459 647 16 7 0
212 : 171 669 2 6 1
213 : 862 663 3 46 1
214 : 701 597 102 12 0
215 : 548 81 86 70 0
216 : 736 609 15 12 0
217 : 75 621 10 139 1
218 : 942 305 38 45 1
219 : 439 640 8 20 1
220 : 115 640 9 8 0
221 : 631 609 24 12 0
222 : 614 490 22 91 1
223 : 376 489 22 126 1
224 : 503 377 43 32 0
225 : 801 489 112 22 0
226 : 546 380 73 30 0
227 : 199 409 31 30 0
228 : 832 533 34 19 0
229 : 312 663 7 4 0
230 : 0 648 36 6 0
231 : 539 551 17 105 1
232 : 411 631 17 9 0
233 : 769 466 32 24 0
234 : 225 658 33 5 0
235 : 94 466 52 23 0
236 : 52 640 8 23 1
237 : 0 669 8 2 0
238 : 214 627 10 76 1
239 : 810 344 70 33 0
240 : 430 511 33 22 0
241 : 609 583 13 50 1
242 : 311 512 21 31 1
243 : 754 532 19 27 1
244 : 285 591 17 13 0
245 : 703 663 4 4 0
246 : 470 663 4 37 1
247 : 0 568 15 83 1
248 : 761 568 85 15 0
249 : 202 211 50 92 1
250 : 376 669 66 1 0
251 : 888 0 92 73 0
252 : 856 609 11 39 1
253 : 568 663 4 28 1
254 : 351 631 10 14 1
255 : 160 90 62 65 1
256 : 846 584 62 13 0
257 : 258 658 28 5 0
258 : 654 659 53 4 0
259 : 642 0 78 137 1
260 : 184 609 12 27 1
261 : 341 621 18 10 1
262 : 700 532 19 54 1
263 : 489 653 14 6 0
264 : 330 663 5 4 0
265 : 761 669 126 1 0
266 : 155 218 44 51 0
267 : 342 639 9 8 0
268 : 0 409 72 29 0
269 : 861 631 9 34 1
270 : 523 583 14 20 1
271 : 548 343 37 85 1
272 : 705 490 22 89 1
273 : 745 669 16 2 0
274 : 188 439 26 32 1
275 : 450 666 16 3 0
276 : 644 551 32 16 0
277 : 193 303 69 40 0
278 : 276 378 31 45 1
279 : 633 343 34 94 1
280 : 65 218 90 45 0
281 : 76 583 43 14 0
282 : 779 0 78 109 1
283 : 544 669 26 1 0
284 : 810 377 32 66 1
285 : 896 658 5 16 1
286 : 970 654 30 5 0
287 : 119 585 23 13 1
288 : 360 568 16 67 1
289 : 667 583 109 14 0
290 : 220 465 72 25 0
291 : 701 609 12 18 1
292 : 364 648 6 44 1
293 : 895 631 32 9 0
294 : 317 627 10 24 1
295 : 878 666 26 3 0
296 : 389 464 25 86 1
297 : 488 659 4 95 1
298 : 0 218 65 47 0
299 : 216 378 60 31 0
300 : 775 658 5 22 1
301 : 442 648 16 6 0
302 : 358 610 11 103 1
303 : 815 666 3 32 1
304 : 294 261 131 44 0
305 : 958 631 27 9 0
306 : 12 669 3 2 0
307 : 943 409 49 29 0
308 : 128 609 56 12 0
309 : 182 663 4 47 1
310 : 411 438 26 105 1
311 : 901 621 86 10 0
312 : 0 654 5 101 1
313 : 112 495 57 22 0
314 : 595 583 14 14 0
315 : 810 148 61 111 1
316 : 152 269 50 41 1
317 : 15 669 50 1 0
318 : 257 663 13 4 0
319 : 337 669 2 39 1
320 : 466 667 2 100 1
321 : 342 533 18 18 0
322 : 362 409 49 30 0
323 : 593 647 48 6 0
324 : 938 73 95 62 1
325 : 887 669 68 1 0
326 : 65 263 41 87 1
327 : 113 666 10 3 0
328 : 459 639 8 146 1
329 : 119 570 21 15 0
330 : 609 596 47 13 0
331 : 912 658 14 5 0
332 : 92 640 12 8 0
333 : 675 663 14 4 0
334 : 664 467 23 44 1
335 : 553 597 33 13 0
336 : 0 640 29 8 0
337 : 518 654 130 5 0
338 : 634 568 15 33 1
339 : 794 511 22 46 1
340 : 248 86 69 86 1
341 : 300 659 61 4 0
342 : 178 669 2 38 1
343 : 291 305 39 186 1
344 : 304 663 8 4 0
345 : 248 0 119 86 0
346 : 784 533 48 19 0
347 : 389 631 22 9 0
348 : 749 663 65 3 0
349 : 161 669 10 2 0
350 : 880 377 33 63 1
351 : 427 583 28 14 0
352 : 962 470 23 28 1
353 : 213 583 40 14 0
354 : 501 669 43 1 0
355 : 273 652 6 18 1
356 : 503 409 29 40 1
357 : 955 669 1 9 1
358 : 623 663 4 24 1
359 : 823 631 38 9 0
360 : 36 344 34 45 1
361 : 334 153 99 58 0
362 : 941 659 4 58 1
363 : 350 654 42 5 0
364 : 769 438 67 28 0
365 : 953 663 41 3 0
366 : 32 620 11 19 1
367 : 375 511 55 22 0
368 : 479 583 14 22 1
369 : 879 658 17 5 0
370 : 302 639 8 40 1
371 : 171 631 9 40 1
372 : 338 647 7 26 1
373 : 872 410 68 29 0
374 : 270 663 4 13 1
375 : 367 344 33 80 1
376 : 415 666 35 3 0
377 : 650 409 77 29 0
378 : 890 535 26 18 0
379 : 648 654 5 61 1
380 : 367 0 86 94 1
381 : 434 654 42 5 0
382 : 0 95 66 160 1
383 : 927 631 31 9 0
384 : 109 319 37 60 1
385 : 671 630 10 22 1
386 : 287 571 15 20 0
387 : 308 551 43 17 0
388 : 266 511 45 22 0
389 : 921 168 52 58 1
390 : 631 621 40 10 0
391 : 125 554 24 16 0
392 : 502 490 112 22 0
393 : 73 511 22 22 0
394 : 138 669 2 12 1
395 : 987 621 10 20 0
396 : 25 511 25 22 0
397 : 355 621 10 150 1
398 : 0 663 4 33 1
399 : 301 211 50 104 1
400 : 958 568 40 15 0
401 : 433 211 53 137 1
402 : 538 663 4 30 1
403 : 447 377 56 33 0
404 : 367 377 32 63 1
405 : 661 663 4 14 1
406 : 425 264 134 41 0
407 : 288 533 19 20 1
408 : 934 658 5 7 1
409 : 324 409 28 54 0
410 : 286 658 14 5 0
411 : 707 663 42 4 0
412 : 83 568 36 15 0
413 : 0 466 94 23 0
414 : 801 466 34 23 0
415 : 994 663 3 4 1
416 : 365 640 50 8 0
417 : 33 663 32 4 0
418 : 565 533 18 61 1
419 : 200 645 58 7 0
420 : 721 667 24 2 0
421 : 543 467 23 75 1
422 : 150 669 11 2 0
423 : 741 653 162 5 0
424 : 700 512 84 20 0
425 : 334 86 110 67 0
426 : 439 631 10 9 0
427 : 466 663 3 4 1
428 : 846 569 28 15 0
429 : 543 583 14 20 1
430 : 339 666 3 38 1
431 : 149 568 15 100 1
432 : 29 641 18 7 0
433 : 392 654 5 42 1
434 : 0 378 76 31 0
435 : 459 631 8 170 1
436 : 819 658 21 5 0
437 : 133 654 5 51 1
438 : 656 597 13 45 1
439 : 253 583 14 32 1
440 : 518 464 25 24 0
441 : 444 149 78 61 0
442 : 65 663 9 4 0
443 : 803 597 12 101 1
444 : 614 669 21 1 0
445 : 493 512 135 21 0
446 : 319 663 6 4 0
447 : 148 419 28 40 1
448 : 114 0 134 90 0
449 : 734 551 49 17 0
450 : 663 303 40 48 1
451 : 81 356 33 64 1
452 : 727 344 34 83 1
453 : 566 667 2 80 1
454 : 33 608 95 12 0
455 : 516 438 26 26 0
456 : 352 439 26 37 1
457 : 655 610 33 11 0
458 : 342 512 23 21 0
459 : 970 641 7 29 1
460 : 688 610 11 20 0
461 : 908 597 13 60 1
462 : 689 669 2 1 0
463 : 958 583 40 14 0
464 : 463 511 30 22 0
465 : 917 466 24 45 1
466 : 251 652 6 22 1
467 : 727 378 66 31 0
468 : 127 648 9 6 1
469 : 910 220 44 61 1
470 : 442 669 1 59 1
471 : 836 465 24 81 1
472 : 967 533 19 26 1
473 : 167 533 19 121 1
474 : 618 467 46 23 0
475 : 197 652 6 31 1
476 : 709 658 5 41 1
477 : 249 609 12 18 1
478 : 676 568 15 85 1
479 : 101 657 5 28 1
480 : 461 0 86 87 1
481 : 280 604 36 12 0
482 : 844 640 64 7 0
483 : 325 663 5 4 0
484 : 308 533 34 18 0
485 : 0 621 30 10 0
486 : 359 597 194 13 0
487 : 89 648 38 6 0
488 : 679 669 1 4 1
489 : 181 667 106 2 0
490 : 335 610 11 20 1
491 : 283 663 4 12 1
492 : 30 631 22 10 0
493 : 810 78 70 128 1
494 : 0 583 14 76 1
495 : 507 663 4 31 1
496 : 8 669 2 4 1
497 : 916 552 69 16 0
498 : 898 515 20 49 1
499 : 287 667 2 50 1
