200 112
0 : 11 105 4 6 1
1 : 157 98 2 4 1
2 : 0 0 110 45 0
3 : 141 84 1 15 1
4 : 153 98 2 4 1
5 : 197 93 6 3 1
6 : 180 0 1 27 0
7 : 45 95 4 23 1
8 : 168 30 9 14 0
9 : 156 68 1 11 1
10 : 69 92 15 2 0
11 : 45 50 18 24 0
12 : 85 81 8 1 1
13 : 0 50 15 40 1
14 : 186 100 7 14 1
15 : 169 105 11 4 0
16 : 84 92 1 2 0
17 : 0 69 37 2 0
18 : 133 95 20 8 0
19 : 156 59 12 9 0
20 : 163 85 15 15 0
21 : 22 81 14 20 1
22 : 176 0 4 27 0
23 : 177 46 1 18 1
24 : 119 79 22 14 0
25 : 110 93 23 7 0
26 : 75 105 5 3 0
27 : 69 95 5 22 1
28 : 85 89 6 25 1
29 : 110 30 14 58 1
30 : 0 96 17 9 0
31 : 88 100 3 2 0
32 : 196 69 1 20 0
33 : 54 74 8 3 0
34 : 91 95 18 8 0
35 : 88 103 20 2 0
36 : 38 99 6 19 1
37 : 110 44 67 3 0
38 : 125 100 10 8 1
39 : 17 104 8 9 1
40 : 64 81 21 11 0
41 : 180 105 4 5 1
42 : 177 30 4 16 0
43 : 0 71 17 22 1
44 : 126 59 20 30 1
45 : 141 79 14 5 0
46 : 42 81 12 22 1
47 : 68 100 20 5 0
48 : 0 105 4 11 1
49 : 37 69 7 4 0
50 : 63 45 33 32 0
51 : 178 91 19 9 0
52 : 160 0 27 16 1
53 : 181 41 18 5 0
54 : 109 100 8 16 1
55 : 169 59 8 1 1
56 : 80 105 4 3 0
57 : 110 27 3 71 1
58 : 199 0 41 1 1
59 : 40 50 15 5 1
60 : 54 77 33 4 0
61 : 169 100 5 17 1
62 : 110 89 4 9 1
63 : 197 69 3 24 0
64 : 57 99 11 8 0
65 : 119 74 6 5 0
66 : 110 0 50 27 0
67 : 156 69 25 16 0
68 : 170 47 22 29 1
69 : 21 95 4 24 1
70 : 0 88 8 21 1
71 : 133 93 6 2 0
72 : 26 104 9 7 0
73 : 96 45 14 2 0
74 : 22 71 14 3 0
75 : 181 69 15 22 0
76 : 37 73 1 8 1
77 : 153 100 7 16 1
78 : 153 95 3 10 1
79 : 17 99 21 5 0
80 : 168 59 1 9 0
81 : 0 65 4 45 1
82 : 69 94 14 1 0
83 : 181 0 41 18 1
84 : 96 47 27 30 1
85 : 47 105 7 7 0
86 : 147 103 6 6 0
87 : 22 74 7 32 1
88 : 17 96 4 3 0
89 : 126 47 44 12 0
90 : 196 89 1 2 0
91 : 35 105 12 3 0
92 : 141 85 22 10 0
93 : 42 93 27 2 0
94 : 0 45 5 63 1
95 : 96 74 23 15 0
96 : 68 105 7 7 0
97 : 133 103 14 4 0
98 : 87 77 9 12 0
99 : 178 85 3 6 0
