1000 1116
0 : 139 66 94 6 1
1 : 225 120 22 1 1
2 : 226 1057 25 23 0
3 : 120 166 2 13 0
4 : 350 382 7 6 1
5 : 226 111 16 133 1
6 : 464 349 37 13 1
7 : 630 388 42 91 1
8 : 596 321 32 7 1
9 : 503 174 4 53 0
10 : 928 353 27 10 1
11 : 959 499 57 16 1
12 : 145 146 32 2 1
13 : 789 145 2 3 0
14 : 369 893 31 41 1
15 : 958 105 22 1 1
16 : 790 18 1 103 0
17 : 569 292 4 4 0
18 : 596 172 7 62 0
19 : 758 254 41 5 1
20 : 0 1078 24 19 0
21 : 824 724 50 59 1
22 : 824 583 69 42 0
23 : 226 634 67 63 0
24 : 824 8 168 76 0
25 : 226 786 19 52 1
26 : 823 139 1 2 0
27 : 226 516 29 79 1
28 : 994 245 31 3 1
29 : 574 499 18 58 0
30 : 320 324 5 18 0
31 : 226 912 23 41 1
32 : 994 130 3 69 0
33 : 981 413 9 10 0
34 : 767 84 112 22 1
35 : 208 416 11 19 0
36 : 226 0 202 57 0
37 : 325 416 14 24 0
38 : 824 523 60 77 1
39 : 943 163 48 3 1
40 : 369 924 40 25 0
41 : 621 279 4 14 0
42 : 528 849 37 20 1
43 : 226 608 69 26 0
44 : 0 1024 28 29 1
45 : 574 699 17 32 0
46 : 621 10 9 119 0
47 : 116 219 40 4 1
48 : 325 266 15 61 0
49 : 150 504 48 16 1
50 : 742 290 14 55 0
51 : 767 562 15 19 0
52 : 369 188 34 113 1
53 : 630 307 94 81 0
54 : 724 307 53 15 1
55 : 340 347 8 31 0
56 : 958 127 1 14 0
57 : 369 949 36 36 0
58 : 791 140 1 1 0
59 : 739 229 3 33 0
60 : 220 343 12 5 1
61 : 464 433 12 11 1
62 : 918 370 24 9 1
63 : 630 1000 20 32 1
64 : 369 499 82 39 0
65 : 959 366 21 72 0
66 : 191 312 34 6 1
67 : 191 256 56 8 1
68 : 767 537 25 15 1
69 : 367 111 66 2 1
70 : 574 351 18 79 0
71 : 824 945 29 39 1
72 : 528 57 41 115 0
73 : 604 49 104 6 1
74 : 824 888 44 25 0
75 : 724 579 15 18 0
76 : 596 234 49 7 1
77 : 574 172 22 95 0
78 : 139 382 8 6 1
79 : 596 283 7 38 0
80 : 359 260 7 42 0
81 : 0 166 49 116 1
82 : 630 591 69 41 0
83 : 574 430 69 18 1
84 : 758 204 5 50 0
85 : 824 1076 23 24 1
86 : 359 111 91 8 1
87 : 369 465 34 83 1
88 : 340 414 9 8 1
89 : 806 370 13 33 0
90 : 928 321 32 11 1
91 : 99 355 9 26 0
92 : 943 250 22 3 1
93 : 325 460 18 14 1
94 : 226 57 143 54 0
95 : 150 28 133 58 1
96 : 724 474 15 36 0
97 : 359 302 6 38 0
98 : 625 129 71 4 1
99 : 199 283 9 4 1
100 : 208 28 17 125 0
101 : 792 382 7 14 0
102 : 99 401 8 17 0
103 : 630 974 26 32 1
104 : 806 462 17 12 1
105 : 528 276 29 94 0
106 : 767 581 14 14 0
107 : 528 589 22 59 0
108 : 137 76 75 2 1
109 : 928 402 10 21 0
110 : 524 178 48 4 1
111 : 574 731 17 22 0
112 : 981 189 77 11 1
113 : 226 408 90 39 0
114 : 814 13 126 10 1
115 : 199 256 27 4 1
116 : 0 1000 32 24 0
117 : 981 266 11 51 0
118 : 767 367 70 16 1
119 : 0 583 70 27 0
120 : 369 1071 22 25 1
121 : 625 200 4 48 0
122 : 758 344 5 8 0
123 : 176 428 11 12 0
124 : 503 227 3 33 0
125 : 959 580 19 16 1
126 : 0 364 42 92 1
127 : 0 0 28 226 1
128 : 226 1080 22 23 1
129 : 122 403 11 8 1
130 : 325 327 49 15 1
131 : 943 211 3 39 0
132 : 0 332 94 32 0
133 : 0 610 68 40 0
134 : 789 134 4 1 1
135 : 482 377 36 14 1
136 : 359 369 10 6 1
137 : 742 439 22 14 1
138 : 758 137 67 7 1
139 : 959 285 21 81 0
140 : 0 38 28 148 1
141 : 0 833 36 47 1
142 : 528 528 22 61 0
143 : 122 255 62 9 1
144 : 111 318 5 22 0
145 : 226 171 95 114 1
146 : 767 287 18 80 0
147 : 482 273 61 15 1
148 : 619 140 35 2 1
149 : 131 255 3 15 0
150 : 614 140 5 67 0
151 : 99 276 47 9 1
152 : 574 557 50 17 1
153 : 226 979 32 25 0
154 : 116 259 4 14 0
155 : 340 378 24 8 1
156 : 0 154 122 12 0
157 : 574 49 123 30 1
158 : 191 368 6 12 0
159 : 992 114 2 59 0
160 : 824 385 92 28 0
161 : 357 127 53 2 1
162 : 509 405 12 20 0
163 : 369 57 41 140 1
164 : 359 340 29 6 1
165 : 226 729 59 38 0
166 : 176 376 32 13 1
167 : 724 400 15 38 0
168 : 806 426 18 12 1
169 : 203 219 3 38 0
170 : 824 1000 31 30 0
171 : 134 154 58 3 1
172 : 220 297 5 25 0
173 : 792 324 32 7 1
174 : 0 893 25 43 1
175 : 928 249 11 72 0
176 : 604 256 4 18 0
177 : 139 345 23 6 1
178 : 191 380 9 6 1
179 : 369 569 71 38 0
180 : 428 0 10 202 1
181 : 524 259 14 4 1
182 : 758 323 5 21 0
183 : 824 1030 29 22 0
184 : 139 267 42 6 1
185 : 824 625 35 68 1
186 : 528 809 40 20 1
187 : 139 160 59 6 1
188 : 946 249 11 68 0
189 : 610 250 24 3 1
190 : 614 207 3 45 0
191 : 824 913 40 32 0
192 : 369 1030 29 22 0
193 : 176 261 14 70 0
194 : 999 126 1 16 0
195 : 824 797 50 34 0
196 : 503 98 6 76 0
197 : 226 935 22 40 1
198 : 621 129 75 4 1
199 : 629 129 1 14 0
200 : 604 153 61 4 1
201 : 981 402 9 11 0
202 : 824 146 122 17 0
203 : 0 276 99 56 0
204 : 528 172 40 104 0
205 : 981 84 11 105 0
206 : 208 311 45 12 1
207 : 0 973 32 27 0
208 : 147 125 1 18 0
209 : 116 273 14 4 1
210 : 614 10 130 7 1
211 : 596 382 16 7 1
212 : 619 175 2 6 0
213 : 994 199 3 46 0
214 : 208 153 102 12 1
215 : 630 430 86 70 0
216 : 325 478 15 12 1
217 : 0 66 10 139 1
218 : 824 850 38 45 1
219 : 99 381 8 20 0
220 : 99 418 9 8 1
221 : 208 392 24 12 1
222 : 767 196 22 91 0
223 : 792 13 22 126 0
224 : 630 891 43 32 0
225 : 959 84 112 22 1
226 : 226 545 73 30 0
227 : 226 1004 31 30 0
228 : 528 886 34 19 1
229 : 524 287 7 4 1
230 : 139 309 36 6 1
231 : 806 139 17 105 0
232 : 918 394 17 9 1
233 : 369 985 32 24 0
234 : 111 257 33 5 1
235 : 824 774 52 23 0
236 : 122 380 8 23 0
237 : 137 175 8 2 1
238 : 792 248 10 76 0
239 : 226 575 70 33 0
240 : 226 957 33 22 0
241 : 806 320 13 50 0
242 : 369 1009 21 31 1
243 : 630 1042 19 27 1
244 : 742 461 17 13 1
245 : 199 292 4 4 0
246 : 569 219 4 37 0
247 : 742 207 15 83 0
248 : 482 188 85 15 1
249 : 226 358 50 92 1
250 : 225 28 66 1 1
251 : 369 351 92 73 0
252 : 946 317 11 39 0
253 : 621 251 4 28 0
254 : 928 423 10 14 0
255 : 630 661 62 65 1
256 : 509 263 62 13 1
257 : 758 295 28 5 1
258 : 116 166 53 4 1
259 : 0 76 78 137 1
260 : 464 386 12 27 0
261 : 946 422 18 10 1
262 : 226 767 19 54 1
263 : 139 368 14 6 1
264 : 625 289 5 4 1
265 : 999 0 126 1 1
266 : 369 787 44 51 1
267 : 122 414 9 8 1
268 : 630 562 72 29 0
269 : 122 317 9 34 0
270 : 482 441 14 20 0
271 : 0 451 37 85 1
272 : 959 196 22 89 0
273 : 608 153 16 2 1
274 : 824 974 26 32 1
275 : 614 252 16 3 1
276 : 150 552 32 16 1
277 : 369 607 69 40 0
278 : 226 858 31 45 1
279 : 226 324 34 94 1
280 : 0 406 90 45 0
281 : 482 334 43 14 1
282 : 630 229 78 109 1
283 : 225 94 26 1 1
284 : 0 650 32 66 1
285 : 497 333 5 16 0
286 : 497 281 30 5 1
287 : 806 403 23 13 1
288 : 767 437 16 67 0
289 : 792 139 109 14 1
290 : 528 456 72 25 1
291 : 482 461 12 18 0
292 : 350 235 6 44 0
293 : 99 323 32 9 1
294 : 946 356 10 24 0
295 : 134 250 26 3 1
296 : 528 370 25 86 0
297 : 610 49 4 95 0
298 : 369 675 65 47 0
299 : 630 723 60 31 0
300 : 497 311 5 22 0
301 : 350 366 16 6 1
302 : 946 146 11 103 0
303 : 820 244 3 32 0
304 : 226 127 131 44 0
305 : 557 354 27 9 1
306 : 789 142 3 2 1
307 : 630 806 49 29 0
308 : 208 255 56 12 1
309 : 621 204 4 47 0
310 : 150 161 26 105 0
311 : 340 171 86 10 1
312 : 569 57 5 101 0
313 : 528 648 57 22 1
314 : 150 584 14 14 0
315 : 0 215 61 111 1
316 : 0 792 50 41 0
317 : 789 84 50 1 1
318 : 939 279 13 4 1
319 : 765 137 2 39 0
320 : 148 38 2 100 0
321 : 528 980 18 18 0
322 : 226 805 49 30 0
323 : 139 219 48 6 1
324 : 369 289 95 62 0
325 : 791 18 68 1 1
326 : 369 424 41 87 1
327 : 203 257 10 3 1
328 : 428 49 8 146 1
329 : 724 538 21 15 1
330 : 509 325 47 13 1
331 : 111 340 14 5 1
332 : 340 402 12 8 1
333 : 604 274 14 4 1
334 : 226 889 23 44 1
335 : 509 372 33 13 1
336 : 122 351 29 8 1
337 : 994 0 130 5 1
338 : 767 504 15 33 0
339 : 630 835 22 46 1
340 : 226 447 69 86 1
341 : 569 158 61 4 1
342 : 148 138 2 38 0
343 : 428 10 39 186 1
344 : 116 287 8 4 1
345 : 824 163 119 86 0
346 : 824 831 48 19 0
347 : 981 380 22 9 1
348 : 610 144 65 3 1
349 : 507 174 10 2 1
350 : 824 691 33 63 1
351 : 482 413 28 14 1
352 : 226 1034 23 28 1
353 : 742 345 40 14 1
354 : 791 86 43 1 1
355 : 350 348 6 18 0
356 : 0 918 29 40 1
357 : 791 129 1 9 0
358 : 569 256 4 24 0
359 : 557 316 38 9 1
360 : 630 857 34 45 1
361 : 226 266 99 58 0
362 : 203 161 4 58 0
363 : 220 214 42 5 1
364 : 369 647 67 28 0
365 : 610 209 41 3 1
366 : 509 425 11 19 0
367 : 528 705 55 22 1
368 : 742 417 14 22 0
369 : 94 332 17 5 1
370 : 340 307 8 40 0
371 : 918 299 9 40 0
372 : 792 356 7 26 0
373 : 630 632 68 29 0
374 : 802 279 4 13 0
375 : 630 500 33 80 1
376 : 479 222 35 3 1
377 : 630 533 77 29 0
378 : 528 954 26 18 1
379 : 220 153 5 61 0
380 : 824 299 86 94 1
381 : 497 239 42 5 1
382 : 630 18 66 160 1
383 : 918 339 31 9 1
384 : 369 722 37 60 1
385 : 946 380 10 22 0
386 : 724 559 15 20 0
387 : 574 656 43 17 1
388 : 369 871 45 22 0
389 : 630 754 52 58 1
390 : 557 276 40 10 1
391 : 959 556 24 16 1
392 : 630 207 112 22 0
393 : 369 1093 22 22 0
394 : 608 169 2 12 0
395 : 946 402 10 20 0
396 : 630 1061 25 22 0
397 : 0 28 10 150 1
398 : 524 226 4 33 0
399 : 824 249 50 104 1
400 : 724 360 40 15 1
401 : 630 84 53 137 1
402 : 939 249 4 30 0
403 : 0 759 56 33 0
404 : 226 697 32 63 1
405 : 524 273 4 14 0
406 : 824 105 134 41 0
407 : 0 1097 19 20 1
408 : 94 349 5 7 0
409 : 369 759 28 54 1
410 : 320 342 14 5 1
411 : 604 214 42 4 1
412 : 724 438 36 15 1
413 : 150 266 94 23 1
414 : 630 951 34 23 0
415 : 503 260 3 4 0
416 : 340 257 50 8 1
417 : 625 248 32 4 1
418 : 959 438 18 61 0
419 : 359 202 58 7 1
420 : 137 151 24 2 1
421 : 150 360 23 75 0
422 : 992 173 11 2 1
423 : 630 13 162 5 0
424 : 574 267 84 20 1
425 : 369 222 110 67 0
426 : 918 411 10 9 1
427 : 479 257 3 4 0
428 : 724 510 28 15 1
429 : 325 440 14 20 0
430 : 134 212 3 38 0
431 : 176 161 15 100 0
432 : 557 381 18 7 1
433 : 111 215 5 42 0
434 : 369 538 76 31 0
435 : 824 0 8 170 1
436 : 220 322 21 5 1
437 : 497 188 5 51 0
438 : 176 331 13 45 0
439 : 742 385 14 32 0
440 : 824 1052 25 24 0
441 : 0 522 78 61 0
442 : 625 280 9 4 1
443 : 122 154 12 101 0
444 : 790 121 21 1 1
445 : 824 84 135 21 0
446 : 785 287 6 4 1
447 : 630 923 28 40 1
448 : 369 98 134 90 0
449 : 574 607 49 17 1
450 : 369 831 40 48 1
451 : 0 682 33 64 1
452 : 0 488 34 83 1
453 : 145 66 2 80 0
454 : 191 161 95 12 1
455 : 0 1052 26 26 0
456 : 0 947 26 37 1
457 : 981 317 33 11 1
458 : 630 1083 23 21 0
459 : 596 353 7 29 0
460 : 176 408 11 20 0
461 : 464 289 13 60 0
462 : 791 138 2 1 1
463 : 325 376 40 14 1
464 : 630 1020 30 22 0
465 : 0 869 24 45 1
466 : 191 346 6 22 0
467 : 824 660 66 31 0
468 : 359 379 9 6 1
469 : 0 715 44 61 1
470 : 147 66 1 59 0
471 : 824 499 24 81 1
472 : 369 1052 19 26 1
473 : 509 57 19 121 0
474 : 226 835 46 23 0
475 : 350 317 6 31 0
476 : 220 256 5 41 0
477 : 806 444 12 18 0
478 : 509 178 15 85 0
479 : 111 290 5 28 0
480 : 824 413 86 87 1
481 : 208 356 36 12 1
482 : 350 171 64 7 1
483 : 604 288 5 4 1
484 : 528 920 34 18 1
485 : 981 350 30 10 1
486 : 630 0 194 13 0
487 : 350 279 38 6 1
488 : 789 138 1 4 0
489 : 992 8 106 2 1
490 : 464 413 11 20 0
491 : 569 280 4 12 0
492 : 928 380 22 10 1
493 : 630 137 70 128 1
494 : 806 244 14 76 0
495 : 802 248 4 31 0
496 : 148 176 2 4 0
497 : 150 435 69 16 1
498 : 528 760 20 49 0
499 : 997 130 2 50 0
