100 42
0 : 95 0 4 22 0
1 : 32 23 9 4 1
2 : 68 20 18 10 0
3 : 36 22 19 9 0
4 : 32 32 5 4 1
5 : 46 38 3 3 0
6 : 55 22 4 15 0
7 : 15 34 1 3 0
8 : 95 22 13 3 1
9 : 16 23 13 14 1
10 : 11 38 2 4 1
11 : 99 17 1 14 0
12 : 86 20 8 13 0
13 : 99 31 1 7 0
14 : 0 23 11 16 1
15 : 98 22 11 1 1
16 : 94 0 38 1 1
17 : 16 36 9 5 0
18 : 83 30 2 8 0
19 : 92 33 6 2 1
20 : 63 37 2 4 1
21 : 61 15 2 21 0
22 : 63 32 4 5 0
23 : 63 15 17 4 1
24 : 53 31 7 2 1
25 : 98 33 5 1 1
26 : 36 31 3 17 1
27 : 49 38 2 3 1
28 : 36 15 7 25 1
29 : 55 37 3 3 0
30 : 46 34 4 7 1
31 : 36 34 8 10 1
32 : 36 0 32 15 0
33 : 95 35 5 3 1
34 : 25 36 7 3 0
35 : 59 22 2 14 0
36 : 86 33 5 6 1
37 : 67 15 14 1 1
38 : 0 34 11 8 0
39 : 68 30 15 11 0
40 : 67 29 9 1 1
41 : 99 0 1 17 0
42 : 59 36 3 4 1
43 : 68 0 20 26 1
44 : 30 23 13 2 1
45 : 11 34 4 4 0
46 : 85 30 1 8 0
47 : 0 0 23 36 1
48 : 52 38 2 2 0
49 : 32 37 4 2 0
