100 43
0 : 36 15 4 22 1
1 : 67 30 9 4 1
2 : 36 21 18 10 0
3 : 54 21 19 9 0
4 : 42 36 5 4 0
5 : 19 38 3 3 0
6 : 0 34 4 15 1
7 : 73 21 1 3 0
8 : 29 36 13 3 0
9 : 16 23 13 14 1
10 : 15 38 2 4 1
11 : 99 0 1 14 0
12 : 54 30 8 13 1
13 : 0 38 1 7 1
14 : 0 23 11 16 1
15 : 99 14 11 1 1
16 : 36 20 38 1 0
17 : 58 15 9 5 0
18 : 71 30 2 8 0
19 : 30 29 6 2 0
20 : 11 38 2 4 1
21 : 30 31 2 21 1
22 : 78 38 4 5 1
23 : 94 0 17 4 1
24 : 71 38 7 2 0
25 : 67 15 5 1 1
26 : 30 33 3 17 1
27 : 22 38 2 3 1
28 : 74 20 7 25 1
29 : 64 38 3 3 0
30 : 47 33 4 7 0
31 : 88 35 8 10 1
32 : 36 0 32 15 0
33 : 94 17 5 3 0
34 : 51 31 7 3 1
35 : 15 36 2 14 1
36 : 30 23 5 6 0
37 : 36 19 14 1 0
38 : 88 27 11 8 0
39 : 73 27 15 11 0
40 : 99 25 9 1 1
41 : 98 0 1 17 0
42 : 7 38 3 4 1
43 : 68 0 20 26 1
44 : 51 38 13 2 0
45 : 83 38 4 4 0
46 : 50 19 1 8 1
47 : 0 0 23 36 1
48 : 25 38 2 2 0
49 : 98 35 4 2 1
