200 116
0 : 0 106 4 6 1
1 : 141 113 2 4 1
2 : 0 0 110 45 0
3 : 91 114 1 15 1
4 : 137 113 2 4 1
5 : 89 111 6 3 0
6 : 44 114 1 27 1
7 : 45 105 4 23 1
8 : 66 77 9 14 1
9 : 106 115 1 11 1
10 : 108 113 15 2 0
11 : 41 45 18 24 1
12 : 117 115 8 1 0
13 : 0 63 15 40 1
14 : 127 92 7 14 1
15 : 159 106 11 4 0
16 : 199 110 1 2 0
17 : 108 111 37 2 0
18 : 125 84 20 8 0
19 : 80 84 12 9 0
20 : 65 62 15 15 0
21 : 138 70 14 20 1
22 : 108 104 4 27 1
23 : 3 114 1 18 1
24 : 40 63 22 14 0
25 : 104 92 23 7 0
26 : 95 111 5 3 0
27 : 172 96 5 22 1
28 : 78 93 6 25 1
29 : 80 70 14 58 1
30 : 158 83 17 9 0
31 : 0 113 3 2 0
32 : 71 114 1 20 1
33 : 170 110 8 3 0
34 : 44 87 18 8 0
35 : 178 113 20 2 0
36 : 41 95 6 19 1
37 : 0 110 67 3 0
38 : 175 88 10 8 0
39 : 185 88 8 9 1
40 : 158 72 21 11 0
41 : 6 106 4 5 1
42 : 180 101 4 16 1
43 : 65 45 17 22 1
44 : 173 27 20 30 0
45 : 166 101 14 5 0
46 : 188 57 12 22 0
47 : 21 97 20 5 0
48 : 196 99 4 11 0
49 : 68 105 7 4 0
50 : 110 0 33 32 0
51 : 179 79 19 9 0
52 : 139 54 27 16 0
53 : 60 95 18 5 0
54 : 62 87 8 16 1
55 : 125 115 8 1 0
56 : 100 111 4 3 0
57 : 75 108 3 71 1
58 : 3 113 41 1 0
59 : 60 100 15 5 0
60 : 75 104 33 4 0
61 : 78 99 5 17 1
62 : 170 106 4 9 1
63 : 146 110 3 24 1
64 : 145 84 11 8 0
65 : 194 94 6 5 0
66 : 143 0 50 27 0
67 : 87 54 25 16 0
68 : 110 32 22 29 1
69 : 135 104 4 24 1
70 : 104 84 8 21 1
71 : 172 113 6 2 0
72 : 32 90 9 7 0
73 : 123 113 14 2 0
74 : 179 109 14 3 0
75 : 166 57 15 22 1
76 : 133 115 1 8 1
77 : 156 92 7 16 1
78 : 79 111 3 10 1
79 : 0 97 21 5 0
80 : 35 114 1 9 1
81 : 0 102 4 45 1
82 : 21 114 14 1 0
83 : 0 45 41 18 0
84 : 143 27 27 30 1
85 : 148 92 7 7 0
86 : 194 88 6 6 0
87 : 0 90 7 32 1
88 : 104 111 4 3 0
89 : 0 78 44 12 0
90 : 198 113 1 2 1
91 : 67 111 12 3 0
92 : 44 77 22 10 0
93 : 145 113 27 2 0
94 : 103 99 5 63 1
95 : 112 54 23 15 0
96 : 141 92 7 7 0
97 : 180 105 14 4 0
98 : 92 84 9 12 1
99 : 193 110 3 6 1
