1000 628
0 : 321 485 94 6 0
1 : 990 333 22 1 1
2 : 128 591 25 23 0
3 : 696 574 2 13 0
4 : 33 602 7 6 0
5 : 372 288 16 133 1
6 : 735 271 37 13 1
7 : 290 338 42 91 1
8 : 218 610 32 7 0
9 : 166 80 4 53 0
10 : 765 591 27 10 0
11 : 0 541 57 16 0
12 : 722 136 32 2 1
13 : 906 330 2 3 0
14 : 59 430 31 41 1
15 : 907 308 22 1 1
16 : 992 162 1 103 0
17 : 358 579 4 4 0
18 : 991 333 7 62 0
19 : 59 461 41 5 0
20 : 344 608 24 19 0
21 : 0 430 50 59 1
22 : 956 396 69 42 1
23 : 168 341 67 63 0
24 : 428 0 168 76 0
25 : 867 550 19 52 1
26 : 148 212 1 2 1
27 : 169 441 29 79 1
28 : 502 304 31 3 1
29 : 67 534 18 58 1
30 : 862 551 5 18 0
31 : 898 570 23 41 1
32 : 170 286 3 69 1
33 : 793 556 9 10 1
34 : 170 80 112 22 1
35 : 953 616 11 19 1
36 : 0 0 202 57 0
37 : 722 449 14 24 0
38 : 415 304 60 77 1
39 : 753 66 48 3 1
40 : 968 553 40 25 1
41 : 170 192 4 14 1
42 : 372 249 37 20 1
43 : 127 505 69 26 0
44 : 573 582 28 29 1
45 : 965 593 17 32 1
46 : 586 367 9 119 1
47 : 762 607 40 4 0
48 : 317 380 15 61 1
49 : 837 573 48 16 0
50 : 807 551 14 55 1
51 : 153 611 15 19 1
52 : 505 301 34 113 1
53 : 303 147 94 81 0
54 : 645 559 53 15 0
55 : 446 609 8 31 1
56 : 150 222 1 14 1
57 : 327 543 36 36 0
58 : 655 270 1 1 0
59 : 994 559 3 33 0
60 : 722 301 12 5 0
61 : 141 578 12 11 0
62 : 782 611 24 9 0
63 : 526 588 20 32 1
64 : 235 380 82 39 0
65 : 538 280 21 72 1
66 : 91 488 34 6 0
67 : 748 297 56 8 0
68 : 700 536 25 15 1
69 : 148 146 66 2 1
70 : 757 497 18 79 1
71 : 465 553 29 39 1
72 : 257 249 41 115 1
73 : 764 428 104 6 0
74 : 248 441 44 25 0
75 : 908 482 15 18 1
76 : 743 584 49 7 0
77 : 317 396 22 95 1
78 : 365 290 8 6 1
79 : 488 604 7 38 1
80 : 602 593 7 42 1
81 : 397 212 49 116 1
82 : 100 427 69 41 0
83 : 648 518 69 18 0
84 : 804 192 5 50 1
85 : 422 597 23 24 1
86 : 0 488 91 8 0
87 : 873 396 34 83 1
88 : 395 516 9 8 0
89 : 505 288 13 33 1
90 : 170 404 32 11 0
91 : 764 416 9 26 1
92 : 196 542 22 3 1
93 : 533 444 18 14 0
94 : 422 76 143 54 0
95 : 0 80 133 58 0
96 : 78 285 15 36 0
97 : 81 606 6 38 1
98 : 170 282 71 4 0
99 : 803 556 9 4 1
100 : 290 304 17 125 1
101 : 506 261 7 14 0
102 : 589 536 8 17 0
103 : 326 579 26 32 1
104 : 558 611 17 12 1
105 : 65 374 29 94 1
106 : 573 551 14 14 0
107 : 848 308 22 59 1
108 : 989 197 75 2 1
109 : 477 615 10 21 1
110 : 602 589 48 4 0
111 : 179 542 17 22 0
112 : 318 516 77 11 0
113 : 814 355 90 39 0
114 : 722 327 126 10 0
115 : 498 615 27 4 0
116 : 226 586 32 24 0
117 : 227 575 11 51 1
118 : 807 522 70 16 0
119 : 248 498 70 27 0
120 : 928 602 22 25 1
121 : 652 222 4 48 0
122 : 602 582 5 8 1
123 : 454 532 11 12 0
124 : 997 215 3 33 0
125 : 625 605 19 16 0
126 : 722 337 42 92 1
127 : 202 0 28 226 1
128 : 807 602 22 23 1
129 : 404 491 11 8 0
130 : 622 574 49 15 0
131 : 997 65 3 39 0
132 : 381 364 94 32 0
133 : 465 444 68 40 0
134 : 792 584 4 1 1
135 : 892 593 36 14 0
136 : 985 272 10 6 1
137 : 445 461 22 14 1
138 : 141 146 67 7 1
139 : 722 474 21 81 1
140 : 656 170 28 148 1
141 : 717 518 36 47 0
142 : 467 531 22 61 1
143 : 363 550 62 9 0
144 : 908 258 5 22 0
145 : 893 39 95 114 0
146 : 530 490 18 80 1
147 : 528 536 61 15 0
148 : 91 494 35 2 0
149 : 378 380 3 15 0
150 : 867 545 5 67 1
151 : 179 583 47 9 0
152 : 103 561 50 17 0
153 : 671 574 32 25 1
154 : 498 275 4 14 1
155 : 125 614 24 8 0
156 : 168 329 122 12 0
157 : 612 271 123 30 0
158 : 434 591 6 12 1
159 : 656 168 2 59 1
160 : 475 391 92 28 0
161 : 95 320 53 2 0
162 : 830 614 12 20 1
163 : 422 130 41 140 1
164 : 953 610 29 6 0
165 : 68 496 59 38 0
166 : 312 605 32 13 0
167 : 43 588 15 38 1
168 : 172 611 18 12 0
169 : 997 104 3 38 0
170 : 861 117 31 30 0
171 : 848 330 58 3 0
172 : 407 338 5 25 0
173 : 691 609 32 7 0
174 : 363 559 25 43 1
175 : 127 531 11 72 1
176 : 650 589 4 18 1
177 : 459 461 23 6 1
178 : 867 538 9 6 0
179 : 293 430 71 38 0
180 : 0 57 10 202 1
181 : 241 282 14 4 0
182 : 71 617 5 21 1
183 : 863 589 29 22 0
184 : 81 595 42 6 0
185 : 143 470 35 68 1
186 : 286 575 40 20 0
187 : 227 569 59 6 0
188 : 95 309 11 68 1
189 : 764 425 24 3 0
190 : 748 305 3 45 1
191 : 287 543 40 32 0
192 : 661 393 29 22 0
193 : 877 531 14 70 1
194 : 390 590 1 16 1
195 : 235 341 50 34 0
196 : 208 322 6 76 1
197 : 504 553 22 40 0
198 : 985 197 75 4 1
199 : 276 328 1 14 1
200 : 837 569 61 4 0
201 : 928 593 9 11 1
202 : 290 321 122 17 0
203 : 748 198 99 56 1
204 : 618 301 40 104 1
205 : 65 404 11 105 1
206 : 406 579 45 12 0
207 : 303 118 32 27 0
208 : 169 272 1 18 0
209 : 729 587 14 4 0
210 : 78 322 130 7 0
211 : 885 573 16 7 1
212 : 698 559 2 6 0
213 : 364 458 3 46 1
214 : 100 415 102 12 0
215 : 915 197 86 70 1
216 : 711 616 15 12 0
217 : 164 290 10 139 1
218 : 942 0 38 45 1
219 : 691 616 8 20 1
220 : 278 575 9 8 1
221 : 199 505 24 12 1
222 : 202 419 22 91 1
223 : 164 300 22 126 1
224 : 244 537 43 32 0
225 : 492 335 112 22 0
226 : 248 468 73 30 0
227 : 926 430 31 30 1
228 : 610 461 34 19 0
229 : 244 530 7 4 1
230 : 287 537 36 6 0
231 : 586 376 17 105 1
232 : 586 357 17 9 0
233 : 358 584 32 24 0
234 : 285 341 33 5 1
235 : 648 536 52 23 0
236 : 622 565 8 23 1
237 : 803 474 8 2 1
238 : 248 527 10 76 1
239 : 926 465 70 33 0
240 : 696 587 33 22 0
241 : 46 575 13 50 1
242 : 832 589 21 31 1
243 : 191 602 19 27 1
244 : 127 488 17 13 1
245 : 802 607 4 4 0
246 : 753 518 4 37 0
247 : 321 491 15 83 1
248 : 803 482 85 15 0
249 : 908 283 50 92 1
250 : 991 197 66 1 1
251 : 656 198 92 73 0
252 : 485 593 11 39 1
253 : 389 613 4 28 1
254 : 647 416 10 14 1
255 : 0 346 62 65 1
256 : 303 290 62 13 0
257 : 736 427 28 5 0
258 : 235 375 53 4 0
259 : 756 39 78 137 1
260 : 65 346 12 27 0
261 : 513 212 18 10 0
262 : 125 542 19 54 1
263 : 604 335 14 6 0
264 : 282 609 5 4 1
265 : 169 146 126 1 1
266 : 597 509 44 51 1
267 : 395 524 9 8 0
268 : 610 480 72 29 0
269 : 648 509 9 34 1
270 : 863 611 14 20 1
271 : 705 379 37 85 1
272 : 647 427 22 89 1
273 : 148 320 16 2 0
274 : 939 570 26 32 0
275 : 475 388 16 3 0
276 : 390 597 32 16 0
277 : 736 434 69 40 0
278 : 257 196 31 45 1
279 : 492 357 34 94 1
280 : 78 329 90 45 0
281 : 0 579 43 14 0
282 : 194 118 78 109 1
283 : 335 118 26 1 1
284 : 656 136 32 66 1
285 : 843 308 5 16 0
286 : 363 543 30 5 0
287 : 558 588 23 13 1
288 : 0 525 16 67 1
289 : 397 261 109 14 0
290 : 836 497 72 25 0
291 : 982 610 12 18 1
292 : 390 591 6 44 1
293 : 526 608 32 9 0
294 : 293 419 10 24 1
295 : 196 505 26 3 1
296 : 465 419 25 86 1
297 : 988 0 4 95 0
298 : 418 396 65 47 1
299 : 565 76 60 31 1
300 : 525 617 5 22 1
301 : 390 584 16 6 0
302 : 661 416 11 103 1
303 : 997 248 3 32 0
304 : 861 153 131 44 0
305 : 571 610 27 9 0
306 : 412 362 3 2 0
307 : 724 66 49 29 1
308 : 589 553 56 12 0
309 : 81 591 4 47 1
310 : 604 341 26 105 1
311 : 318 506 86 10 0
312 : 397 275 5 101 1
313 : 804 170 57 22 0
314 : 272 614 14 14 0
315 : 804 197 61 111 1
316 : 757 515 50 41 0
317 : 235 379 50 1 0
318 : 290 300 13 4 0
319 : 995 242 2 39 0
320 : 993 162 2 100 0
321 : 947 531 18 18 0
322 : 531 171 49 30 1
323 : 422 28 48 6 1
324 : 0 223 95 62 0
325 : 208 328 68 1 0
326 : 904 355 41 87 1
327 : 40 593 10 3 1
328 : 392 280 8 146 1
329 : 368 608 21 15 0
330 : 526 575 47 13 0
331 : 164 276 14 5 1
332 : 953 602 12 8 0
333 : 508 611 14 4 0
334 : 793 565 23 44 1
335 : 0 602 33 13 0
336 : 159 374 29 8 1
337 : 164 146 130 5 1
338 : 202 404 15 33 1
339 : 0 557 22 46 1
340 : 95 223 69 86 0
341 : 805 478 61 4 0
342 : 59 466 2 38 1
343 : 756 0 39 186 1
344 : 184 192 8 4 0
345 : 336 28 119 86 1
346 : 179 564 48 19 0
347 : 103 552 22 9 0
348 : 997 0 65 3 1
349 : 192 186 10 2 1
350 : 404 499 33 63 1
351 : 415 485 28 14 0
352 : 258 586 23 28 1
353 : 691 376 40 14 1
354 : 612 270 43 1 0
355 : 892 573 6 18 0
356 : 425 550 29 40 1
357 : 67 525 1 9 0
358 : 837 565 4 24 1
359 : 153 602 38 9 0
360 : 199 530 34 45 1
361 : 513 222 99 58 0
362 : 988 95 4 58 0
363 : 765 602 42 5 0
364 : 530 508 67 28 0
365 : 412 321 41 3 1
366 : 485 582 11 19 1
367 : 972 498 55 22 1
368 : 790 379 14 22 1
369 : 227 564 17 5 0
370 : 286 595 8 40 1
371 : 0 593 9 40 1
372 : 99 612 7 26 1
373 : 0 496 68 29 0
374 : 934 545 4 13 1
375 : 567 416 33 80 1
376 : 997 180 35 3 1
377 : 533 461 77 29 0
378 : 892 607 26 18 0
379 : 994 498 5 61 0
380 : 562 136 86 94 1
381 : 602 600 42 5 0
382 : 596 0 66 160 1
383 : 877 522 31 9 0
384 : 211 470 37 60 0
385 : 250 614 10 22 1
386 : 888 482 15 20 1
387 : 321 468 43 17 0
388 : 698 565 45 22 0
389 : 868 430 52 58 1
390 : 179 592 40 10 0
391 : 475 364 24 16 1
392 : 848 333 112 22 0
393 : 669 606 22 22 0
394 : 709 377 2 12 1
395 : 0 615 10 20 1
396 : 644 593 25 22 0
397 : 0 213 10 150 1
398 : 830 610 4 33 1
399 : 804 258 50 104 1
400 : 682 480 40 15 0
401 : 724 117 53 137 1
402 : 926 461 4 30 1
403 : 133 80 56 33 1
404 : 467 499 32 63 1
405 : 700 561 4 14 1
406 : 397 171 134 41 0
407 : 406 559 19 20 0
408 : 854 192 5 7 1
409 : 364 430 28 54 1
410 : 446 591 14 5 1
411 : 446 605 42 4 0
412 : 729 591 36 15 0
413 : 567 393 94 23 0
414 : 451 582 34 23 0
415 : 714 561 3 4 0
416 : 194 67 50 8 1
417 : 250 610 32 4 0
418 : 393 532 18 61 1
419 : 0 480 58 7 0
420 : 715 536 24 2 1
421 : 682 495 23 75 1
422 : 524 593 11 2 1
423 : 992 0 162 5 1
424 : 59 468 84 20 0
425 : 0 146 110 67 0
426 : 57 541 10 9 0
427 : 522 611 3 4 0
428 : 551 419 28 15 1
429 : 762 611 14 20 1
430 : 997 142 3 38 0
431 : 0 415 15 100 1
432 : 219 592 18 7 1
433 : 81 601 5 42 1
434 : 646 449 76 31 0
435 : 0 138 8 170 1
436 : 726 617 21 5 0
437 : 392 228 5 51 0
438 : 96 578 13 45 1
439 : 169 427 14 32 1
440 : 397 147 25 24 0
441 : 0 285 78 61 0
442 : 71 608 9 4 0
443 : 317 418 12 101 1
444 : 898 569 21 1 0
445 : 257 228 135 21 0
446 : 119 606 6 4 1
447 : 753 556 28 40 1
448 : 202 28 134 90 0
449 : 573 565 49 17 0
450 : 612 222 40 48 0
451 : 908 498 33 64 1
452 : 790 394 34 83 1
453 : 995 162 2 80 0
454 : 551 449 95 12 0
455 : 381 338 26 26 0
456 : 153 561 26 37 0
457 : 729 606 33 11 0
458 : 602 605 23 21 0
459 : 807 515 7 29 1
460 : 33 614 11 20 1
461 : 807 538 13 60 1
462 : 126 494 2 1 1
463 : 792 588 40 14 0
464 : 960 333 30 22 0
465 : 528 551 24 45 1
466 : 412 396 6 22 0
467 : 110 146 66 31 1
468 : 454 544 9 6 0
469 : 805 434 44 61 1
470 : 0 487 1 59 1
471 : 364 461 24 81 1
472 : 286 603 19 26 1
473 : 722 308 19 121 1
474 : 57 552 46 23 0
475 : 861 147 6 31 1
476 : 40 603 5 41 1
477 : 53 614 12 18 1
478 : 445 484 15 85 1
479 : 71 612 5 28 1
480 : 170 196 86 87 1
481 : 709 341 36 12 1
482 : 0 408 64 7 0
483 : 166 133 5 4 1
484 : 814 337 34 18 0
485 : 492 304 30 10 1
486 : 0 67 194 13 0
487 : 33 608 38 6 0
488 : 326 575 1 4 0
489 : 192 80 106 2 1
490 : 644 615 11 20 1
491 : 705 367 4 12 0
492 : 465 396 22 10 1
493 : 596 66 70 128 1
494 : 150 146 14 76 0
495 : 477 611 4 31 1
496 : 288 375 2 4 0
497 : 324 527 69 16 0
498 : 919 550 20 49 1
499 : 248 525 2 50 1
