300 186
0 : 129 78 2 3 1
1 : 23 158 18 12 0
2 : 199 143 14 5 1
3 : 100 69 11 6 1
4 : 75 162 12 16 1
5 : 293 0 6 44 0
6 : 101 15 2 10 0
7 : 231 111 2 23 0
8 : 287 0 52 6 1
9 : 139 105 12 39 1
10 : 171 1 7 26 0
11 : 91 172 10 13 1
12 : 35 111 19 3 1
13 : 194 43 59 12 0
14 : 56 48 2 14 0
15 : 123 174 8 4 1
16 : 233 97 39 39 0
17 : 25 139 14 24 1
18 : 155 147 20 19 0
19 : 41 158 4 4 0
20 : 272 157 18 14 0
21 : 176 143 12 23 1
22 : 0 124 30 12 0
23 : 228 93 1 2 0
24 : 183 169 2 11 1
25 : 178 1 5 26 0
26 : 231 163 9 16 1
27 : 67 27 65 32 0
28 : 0 140 23 19 0
29 : 81 112 5 19 1
30 : 143 164 10 14 0
31 : 48 62 6 30 0
32 : 67 25 31 1 0
33 : 294 152 16 5 1
34 : 61 33 26 6 1
35 : 297 44 8 3 1
36 : 271 171 7 15 1
37 : 227 95 2 2 0
38 : 67 26 1 24 1
39 : 182 55 9 50 1
40 : 223 174 7 2 0
41 : 175 155 20 14 0
42 : 204 151 22 6 0
43 : 58 55 3 4 0
44 : 276 97 2 4 1
45 : 56 62 7 2 1
46 : 0 62 22 48 1
47 : 0 7 67 26 0
48 : 49 140 22 23 1
49 : 0 97 39 14 0
50 : 35 132 7 29 1
51 : 287 52 13 45 0
52 : 229 64 22 2 1
53 : 197 171 14 5 0
54 : 147 128 19 29 1
55 : 176 128 8 2 1
56 : 100 81 46 23 0
57 : 133 147 22 9 0
58 : 44 171 7 14 1
59 : 299 0 1 33 0
60 : 231 136 25 9 0
61 : 178 105 13 4 0
62 : 208 122 23 29 0
63 : 147 117 11 31 1
64 : 297 111 14 3 1
65 : 194 169 1 2 0
66 : 187 1 7 25 0
67 : 64 133 28 7 0
68 : 72 140 20 22 0
69 : 30 124 15 4 1
70 : 0 136 4 25 1
71 : 276 88 9 4 1
72 : 256 136 23 16 1
73 : 195 157 14 19 1
74 : 67 15 10 34 1
75 : 114 174 9 9 0
76 : 73 170 2 4 0
77 : 0 0 103 7 0
78 : 297 125 4 3 1
79 : 178 111 11 37 1
80 : 244 172 8 3 1
81 : 183 1 4 26 0
82 : 215 120 14 2 0
83 : 58 170 8 15 1
84 : 0 84 13 44 1
85 : 282 59 40 2 1
86 : 191 81 12 38 1
87 : 100 104 39 13 0
88 : 0 165 4 16 1
89 : 191 93 2 37 1
90 : 294 168 4 3 0
91 : 232 176 6 9 1
92 : 231 172 13 4 0
93 : 0 169 12 15 1
94 : 107 78 22 2 0
95 : 127 172 7 13 1
96 : 0 111 13 35 1
97 : 232 59 29 48 1
98 : 299 33 9 1 1
99 : 284 59 30 3 1
100 : 272 99 11 31 0
101 : 54 48 21 2 1
102 : 226 151 4 4 0
103 : 133 146 14 1 0
104 : 30 170 1 9 1
105 : 262 168 9 12 0
106 : 280 59 2 40 0
107 : 231 145 22 18 0
108 : 58 162 8 17 1
109 : 49 139 13 1 0
110 : 272 130 22 28 1
111 : 67 7 8 36 1
112 : 168 166 3 7 1
113 : 92 157 18 15 0
114 : 255 38 14 21 0
115 : 146 81 24 45 1
116 : 195 155 4 2 0
117 : 111 146 22 14 0
118 : 103 0 95 1 0
119 : 103 1 26 68 1
120 : 204 136 15 4 1
121 : 85 174 5 7 0
122 : 54 69 46 38 0
123 : 44 106 4 1 0
124 : 127 160 4 5 1
125 : 0 46 58 2 0
126 : 183 171 14 8 0
127 : 182 64 17 47 1
128 : 153 166 15 15 0
129 : 0 159 6 18 1
130 : 41 162 9 17 1
131 : 253 43 16 2 1
132 : 197 176 9 6 0
133 : 15 178 7 7 0
134 : 290 157 14 4 1
135 : 23 153 5 22 1
136 : 168 169 12 15 1
137 : 18 159 11 5 1
138 : 286 171 9 14 1
139 : 284 97 33 13 1
140 : 293 44 8 4 1
141 : 176 136 28 7 0
142 : 270 0 17 59 0
143 : 194 1 4 37 0
144 : 91 162 9 1 1
145 : 223 176 6 9 1
146 : 133 156 20 8 0
147 : 283 99 24 1 1
148 : 0 48 14 54 1
149 : 58 59 49 10 0
150 : 30 171 14 8 0
151 : 253 159 9 18 1
152 : 22 178 4 7 1
153 : 215 111 9 16 1
154 : 44 107 25 37 1
155 : 115 117 32 29 0
156 : 140 178 8 4 0
157 : 52 92 2 15 0
158 : 194 38 61 5 0
159 : 44 84 4 22 0
160 : 15 170 8 15 1
161 : 107 59 19 25 1
162 : 232 55 4 21 1
163 : 81 107 5 19 1
164 : 92 133 19 24 0
165 : 110 160 14 17 1
166 : 271 178 7 3 0
167 : 39 97 29 3 1
168 : 48 92 15 4 1
169 : 211 174 10 12 1
170 : 229 88 43 9 0
171 : 253 145 14 3 1
172 : 35 130 2 3 1
173 : 111 126 20 4 1
174 : 132 27 22 62 1
175 : 214 157 17 17 0
176 : 42 97 26 2 1
177 : 247 168 15 12 0
178 : 191 95 2 36 1
179 : 132 49 32 50 1
180 : 272 152 5 22 1
181 : 127 164 16 8 0
182 : 178 122 14 30 1
183 : 16 165 5 2 1
184 : 62 139 1 2 1
185 : 284 89 8 3 1
186 : 81 126 30 7 0
187 : 45 153 4 9 0
188 : 58 46 9 3 1
189 : 297 97 14 3 1
190 : 191 97 42 14 0
191 : 81 117 34 9 0
192 : 272 88 4 11 0
193 : 198 0 38 72 1
194 : 100 80 6 1 0
195 : 25 136 3 5 1
196 : 104 174 10 8 0
197 : 73 174 12 12 0
198 : 182 49 4 12 1
199 : 0 33 13 61 1
