300 224
0 : 193 171 2 3 1
1 : 202 147 18 12 0
2 : 152 132 14 5 0
3 : 123 152 11 6 1
4 : 0 159 12 16 1
5 : 292 0 6 44 0
6 : 24 129 2 10 0
7 : 141 86 2 23 1
8 : 103 6 52 6 0
9 : 261 58 12 39 1
10 : 213 103 7 26 1
11 : 128 175 10 13 1
12 : 164 94 19 3 1
13 : 225 2 59 12 0
14 : 242 122 2 14 1
15 : 37 157 8 4 0
16 : 0 185 39 39 0
17 : 0 129 14 24 1
18 : 265 177 20 19 0
19 : 170 175 4 4 0
20 : 175 167 18 14 0
21 : 129 125 12 23 1
22 : 213 110 30 12 0
23 : 114 171 1 2 1
24 : 271 131 2 11 1
25 : 0 94 5 26 1
26 : 93 144 9 16 1
27 : 103 46 65 32 0
28 : 16 166 23 19 0
29 : 189 114 5 19 1
30 : 102 160 10 14 1
31 : 250 85 6 30 1
32 : 261 49 31 1 0
33 : 242 126 16 5 0
34 : 53 100 26 6 0
35 : 272 150 8 3 0
36 : 63 135 7 15 1
37 : 298 172 2 2 0
38 : 141 81 1 24 1
39 : 155 15 9 50 1
40 : 102 154 7 2 0
41 : 280 145 20 14 0
42 : 167 112 22 6 0
43 : 294 172 3 4 1
44 : 294 170 2 4 1
45 : 127 144 7 2 1
46 : 39 78 22 48 1
47 : 225 14 67 26 0
48 : 193 178 22 23 1
49 : 102 78 39 14 0
50 : 248 91 7 29 1
51 : 43 48 13 45 1
52 : 31 100 22 2 0
53 : 166 132 14 5 0
54 : 242 131 19 29 1
55 : 69 149 8 2 0
56 : 167 89 46 23 0
57 : 183 119 22 9 0
58 : 63 142 7 14 1
59 : 261 48 1 33 1
60 : 129 116 25 9 0
61 : 182 131 13 4 0
62 : 45 152 23 29 1
63 : 120 99 11 31 1
64 : 272 128 14 3 0
65 : 200 163 1 2 0
66 : 293 85 7 25 0
67 : 115 92 28 7 0
68 : 69 175 20 22 1
69 : 167 128 15 4 0
70 : 141 88 4 25 1
71 : 197 150 9 4 1
72 : 0 143 23 16 0
73 : 175 153 14 19 1
74 : 216 80 10 34 1
75 : 91 175 9 9 0
76 : 298 168 2 4 0
77 : 0 0 103 7 0
78 : 229 173 4 3 0
79 : 91 48 11 37 0
80 : 124 144 8 3 1
81 : 141 82 4 26 1
82 : 272 122 14 2 0
83 : 109 144 8 15 1
84 : 0 61 13 44 1
85 : 298 0 40 2 1
86 : 261 73 12 38 1
87 : 0 74 39 13 0
88 : 256 122 4 16 1
89 : 189 40 2 37 1
90 : 225 173 4 3 0
91 : 294 159 6 9 0
92 : 180 135 13 4 0
93 : 116 163 12 15 0
94 : 143 92 22 2 0
95 : 259 150 7 13 1
96 : 213 90 13 35 1
97 : 31 106 29 48 1
98 : 26 129 9 1 1
99 : 261 70 30 3 0
100 : 0 99 11 31 1
101 : 31 102 21 2 0
102 : 294 175 4 4 0
103 : 154 118 14 1 0
104 : 27 129 1 9 0
105 : 39 175 9 12 1
106 : 0 38 2 40 1
107 : 272 159 22 18 0
108 : 30 135 8 17 1
109 : 154 119 13 1 0
110 : 74 153 22 28 1
111 : 261 50 8 36 1
112 : 102 156 3 7 1
113 : 51 175 18 15 0
114 : 24 143 14 21 1
115 : 248 98 24 45 1
116 : 294 168 4 2 0
117 : 175 139 22 14 0
118 : 103 0 95 1 0
119 : 59 12 26 68 1
120 : 272 124 15 4 0
121 : 265 169 5 7 1
122 : 129 137 46 38 0
123 : 200 159 4 1 1
124 : 196 171 4 5 1
125 : 198 0 58 2 0
126 : 109 152 14 8 0
127 : 44 61 17 47 1
128 : 285 179 15 15 0
129 : 293 110 6 18 0
130 : 271 133 9 17 0
131 : 189 112 16 2 0
132 : 259 161 9 6 0
133 : 225 176 7 7 0
134 : 286 128 14 4 0
135 : 151 94 5 22 0
136 : 0 171 12 15 1
137 : 197 139 11 5 1
138 : 23 157 9 14 1
139 : 87 99 33 13 0
140 : 225 159 8 4 0
141 : 87 92 28 7 0
142 : 0 7 17 59 1
143 : 261 44 4 37 1
144 : 196 128 9 1 0
145 : 194 162 6 9 0
146 : 154 120 20 8 0
147 : 141 80 24 1 0
148 : 0 24 14 54 1
149 : 54 38 49 10 0
150 : 220 147 14 8 0
151 : 282 132 9 18 1
152 : 268 157 4 7 0
153 : 77 144 9 16 1
154 : 205 122 25 37 1
155 : 233 169 32 29 0
156 : 259 157 8 4 0
157 : 168 118 2 15 1
158 : 103 1 61 5 0
159 : 129 110 4 22 1
160 : 45 143 8 15 1
161 : 234 150 19 25 1
162 : 156 94 4 21 0
163 : 243 103 5 19 0
164 : 201 159 19 24 1
165 : 141 175 14 17 1
166 : 194 153 7 3 1
167 : 182 46 29 3 1
168 : 152 128 15 4 0
169 : 158 175 10 12 1
170 : 0 42 43 9 0
171 : 182 128 14 3 0
172 : 114 172 2 3 0
173 : 160 94 20 4 1
174 : 127 24 22 62 1
175 : 174 181 17 17 0
176 : 141 78 26 2 0
177 : 102 170 15 12 1
178 : 0 40 2 36 1
179 : 79 112 32 50 1
180 : 0 110 5 22 1
181 : 47 135 16 8 0
182 : 0 115 14 30 1
183 : 194 160 5 2 0
184 : 114 170 1 2 1
185 : 272 153 8 3 0
186 : 0 87 30 7 0
187 : 225 155 4 9 1
188 : 60 149 9 3 0
189 : 258 126 14 3 0
190 : 168 46 42 14 1
191 : 182 80 34 9 0
192 : 280 141 4 11 1
193 : 189 42 38 72 1
194 : 102 153 6 1 0
195 : 268 164 3 5 0
196 : 225 163 10 8 1
197 : 114 178 12 12 0
198 : 193 135 4 12 1
199 : 164 2 13 61 1
