1000 627
0 : 994 492 94 6 1
1 : 570 390 22 1 1
2 : 395 580 25 23 0
3 : 555 550 2 13 0
4 : 343 543 7 6 1
5 : 145 430 16 133 1
6 : 942 592 37 13 0
7 : 442 291 42 91 1
8 : 154 608 32 7 0
9 : 45 519 4 53 1
10 : 127 608 27 10 0
11 : 150 547 57 16 0
12 : 871 411 32 2 0
13 : 868 440 2 3 1
14 : 575 507 31 41 1
15 : 842 217 22 1 1
16 : 999 0 1 103 0
17 : 186 602 4 4 0
18 : 180 478 7 62 1
19 : 351 615 41 5 0
20 : 640 472 24 19 1
21 : 864 66 50 59 0
22 : 729 338 69 42 0
23 : 218 262 67 63 0
24 : 0 0 168 76 0
25 : 648 541 19 52 1
26 : 279 202 1 2 0
27 : 703 408 29 79 1
28 : 351 620 31 3 0
29 : 208 539 18 58 1
30 : 533 291 5 18 0
31 : 700 543 23 41 1
32 : 890 489 3 69 1
33 : 462 557 9 10 0
34 : 274 385 112 22 0
35 : 959 510 11 19 0
36 : 302 0 202 57 0
37 : 313 458 14 24 1
38 : 539 251 60 77 1
39 : 277 90 48 3 1
40 : 703 340 40 25 1
41 : 960 304 4 14 1
42 : 610 563 37 20 0
43 : 659 470 69 26 0
44 : 853 553 28 29 0
45 : 871 394 17 32 1
46 : 89 538 9 119 1
47 : 483 618 40 4 0
48 : 89 547 15 61 1
49 : 648 560 48 16 0
50 : 555 563 14 55 1
51 : 273 606 15 19 1
52 : 616 306 34 113 1
53 : 421 57 94 81 1
54 : 343 557 53 15 0
55 : 963 413 8 31 0
56 : 130 579 1 14 1
57 : 313 507 36 36 0
58 : 614 373 1 1 0
59 : 941 620 3 33 1
60 : 234 577 12 5 0
61 : 699 514 12 11 0
62 : 80 611 24 9 0
63 : 881 575 20 32 1
64 : 533 311 82 39 0
65 : 418 487 21 72 1
66 : 583 614 34 6 0
67 : 877 597 56 8 0
68 : 502 333 25 15 0
69 : 325 219 66 2 0
70 : 640 496 18 79 1
71 : 349 507 29 39 0
72 : 424 250 41 115 1
73 : 130 580 104 6 0
74 : 0 535 44 25 0
75 : 557 522 15 18 1
76 : 367 603 49 7 0
77 : 868 442 22 95 1
78 : 174 477 8 6 1
79 : 545 609 7 38 1
80 : 483 606 7 42 1
81 : 726 217 49 116 1
82 : 266 339 69 41 0
83 : 708 189 69 18 1
84 : 351 610 5 50 1
85 : 853 582 23 24 1
86 : 174 499 91 8 0
87 : 615 340 34 83 1
88 : 933 597 9 8 0
89 : 763 596 13 33 1
90 : 652 603 32 11 0
91 : 933 347 9 26 0
92 : 699 448 22 3 1
93 : 266 325 18 14 0
94 : 94 90 143 54 0
95 : 618 78 133 58 0
96 : 123 586 15 36 1
97 : 401 610 6 38 1
98 : 985 95 71 4 1
99 : 949 525 9 4 0
100 : 443 425 17 125 1
101 : 227 586 7 14 0
102 : 708 258 8 17 1
103 : 523 550 26 32 1
104 : 942 562 17 12 1
105 : 408 365 29 94 1
106 : 632 583 14 14 0
107 : 719 507 22 59 1
108 : 638 619 75 2 0
109 : 104 611 10 21 1
110 : 125 618 48 4 0
111 : 106 497 17 22 1
112 : 881 551 77 11 0
113 : 852 308 90 39 0
114 : 106 517 126 10 0
115 : 349 546 27 4 0
116 : 430 557 32 24 0
117 : 458 582 11 51 1
118 : 378 534 70 16 0
119 : 243 458 70 27 0
120 : 62 584 22 25 1
121 : 173 618 4 48 1
122 : 101 519 5 8 0
123 : 766 437 11 12 0
124 : 292 620 3 33 1
125 : 619 605 19 16 0
126 : 350 291 42 92 1
127 : 0 183 28 226 1
128 : 344 585 22 23 1
129 : 184 419 11 8 1
130 : 462 567 49 15 0
131 : 902 620 3 39 1
132 : 408 333 94 32 0
133 : 903 373 68 40 0
134 : 728 588 4 1 1
135 : 191 586 36 14 0
136 : 433 453 10 6 0
137 : 954 605 22 14 0
138 : 585 598 67 7 0
139 : 0 162 21 81 1
140 : 812 280 28 148 1
141 : 963 445 36 47 0
142 : 45 497 22 61 1
143 : 0 584 62 9 0
144 : 228 618 5 22 1
145 : 504 0 95 114 1
146 : 890 492 18 80 1
147 : 325 204 61 15 0
148 : 87 599 35 2 0
149 : 868 425 3 15 0
150 : 416 605 5 67 1
151 : 798 338 47 9 0
152 : 473 550 50 17 0
153 : 247 557 32 25 0
154 : 737 613 4 14 1
155 : 563 181 24 8 0
156 : 490 495 122 12 0
157 : 729 308 123 30 0
158 : 629 412 6 12 1
159 : 51 475 2 59 1
160 : 703 380 92 28 0
161 : 226 202 53 2 0
162 : 81 162 12 20 0
163 : 0 211 41 140 1
164 : 873 615 29 6 0
165 : 570 412 59 38 0
166 : 299 597 32 13 0
167 : 420 581 15 38 1
168 : 266 539 18 12 1
169 : 573 620 3 38 1
170 : 312 543 31 30 0
171 : 719 529 58 3 0
172 : 378 507 5 25 0
173 : 761 609 32 7 0
174 : 287 517 25 43 0
175 : 350 277 11 72 1
176 : 958 549 4 18 1
177 : 45 454 23 6 1
178 : 845 338 9 6 1
179 : 571 374 71 38 0
180 : 989 0 10 202 0
181 : 545 590 14 4 0
182 : 979 592 5 21 0
183 : 647 576 29 22 0
184 : 237 138 42 6 0
185 : 502 390 35 68 1
186 : 207 557 40 20 0
187 : 127 602 59 6 0
188 : 76 568 11 68 1
189 : 313 472 24 3 0
190 : 713 619 3 45 1
191 : 383 492 40 32 1
192 : 913 575 29 22 0
193 : 418 508 14 70 1
194 : 128 497 1 16 0
195 : 182 272 50 34 1
196 : 420 599 6 76 1
197 : 659 448 22 40 1
198 : 874 525 75 4 0
199 : 957 537 1 14 0
200 : 751 78 61 4 1
201 : 719 496 9 11 0
202 : 443 442 122 17 0
203 : 325 221 99 56 0
204 : 708 266 40 104 1
205 : 101 527 11 105 1
206 : 299 585 45 12 0
207 : 772 543 32 27 0
208 : 557 537 1 18 1
209 : 877 582 14 4 1
210 : 343 550 130 7 0
211 : 337 458 16 7 1
212 : 123 584 2 6 1
213 : 864 125 3 46 1
214 : 415 522 102 12 0
215 : 391 151 86 70 0
216 : 418 475 15 12 0
217 : 174 507 10 139 1
218 : 0 454 38 45 1
219 : 279 539 8 20 0
220 : 976 298 9 8 1
221 : 208 527 24 12 0
222 : 568 450 22 91 1
223 : 83 362 22 126 1
224 : 831 497 43 32 0
225 : 386 394 112 22 0
226 : 629 418 73 30 0
227 : 741 543 31 30 0
228 : 729 573 34 19 0
229 : 292 606 7 4 0
230 : 970 492 36 6 1
231 : 313 475 17 105 1
232 : 779 616 17 9 0
233 : 279 560 32 24 0
234 : 698 340 33 5 1
235 : 778 509 52 23 0
236 : 763 573 8 23 0
237 : 587 181 8 2 1
238 : 0 568 10 76 1
239 : 192 397 70 33 0
240 : 696 566 33 22 0
241 : 658 293 13 50 1
242 : 798 570 21 31 1
243 : 676 576 19 27 0
244 : 782 408 17 13 1
245 : 816 613 4 4 0
246 : 292 616 4 37 1
247 : 616 514 15 83 1
248 : 490 507 85 15 0
249 : 0 252 50 92 1
250 : 750 136 66 1 1
251 : 751 144 92 73 0
252 : 145 419 11 39 1
253 : 473 221 4 28 0
254 : 156 76 10 14 0
255 : 285 277 62 65 1
256 : 94 76 62 13 0
257 : 560 459 28 5 1
258 : 684 613 53 4 0
259 : 618 0 78 137 1
260 : 987 586 12 27 0
261 : 254 614 18 10 0
262 : 226 183 19 54 1
263 : 926 605 14 6 1
264 : 83 356 5 4 1
265 : 984 128 126 1 1
266 : 0 410 44 51 1
267 : 490 487 9 8 0
268 : 971 373 72 29 1
269 : 585 605 9 34 1
270 : 331 607 14 20 1
271 : 181 325 37 85 1
272 : 344 453 22 89 1
273 : 205 563 16 2 1
274 : 958 553 26 32 1
275 : 351 607 16 3 0
276 : 159 586 32 16 0
277 : 502 350 69 40 0
278 : 0 492 31 45 1
279 : 87 317 34 94 1
280 : 92 272 90 45 0
281 : 335 339 43 14 1
282 : 755 66 78 109 1
283 : 312 517 26 1 1
284 : 278 426 32 66 1
285 : 814 532 5 16 1
286 : 903 368 30 5 0
287 : 903 605 23 13 0
288 : 814 537 16 67 1
289 : 174 485 109 14 0
290 : 890 464 72 25 0
291 : 958 537 12 18 1
292 : 129 511 6 44 1
293 : 48 606 32 9 0
294 : 751 592 10 24 0
295 : 207 577 26 3 0
296 : 782 425 25 86 1
297 : 985 0 4 95 0
298 : 942 308 65 47 1
299 : 500 459 60 31 0
300 : 652 598 5 22 1
301 : 527 333 16 6 1
302 : 711 532 11 103 1
303 : 154 615 3 32 1
304 : 843 195 131 44 0
305 : 51 410 27 9 0
306 : 809 306 3 2 0
307 : 424 221 49 29 0
308 : 311 573 56 12 0
309 : 392 616 4 47 1
310 : 798 368 26 105 1
311 : 87 351 86 10 0
312 : 458 594 5 101 1
313 : 209 362 57 22 0
314 : 976 613 14 14 0
315 : 280 143 61 111 1
316 : 616 251 50 41 1
317 : 657 251 50 1 1
318 : 83 343 13 4 1
319 : 684 611 2 39 1
320 : 679 617 2 100 1
321 : 255 596 18 18 0
322 : 782 479 49 30 0
323 : 186 607 48 6 0
324 : 563 189 95 62 0
325 : 0 578 68 1 0
326 : 0 302 41 87 1
327 : 89 535 10 3 0
328 : 830 529 8 146 1
329 : 933 605 21 15 0
330 : 545 577 47 13 0
331 : 87 302 14 5 1
332 : 511 567 12 8 0
333 : 954 562 14 4 1
334 : 571 350 23 44 1
335 : 820 595 33 13 0
336 : 391 143 29 8 0
337 : 0 579 130 5 0
338 : 695 588 15 33 1
339 : 280 90 22 46 0
340 : 477 181 69 86 1
341 : 985 166 61 4 1
342 : 502 57 2 38 0
343 : 94 144 39 186 1
344 : 266 380 8 4 0
345 : 302 57 119 86 0
346 : 92 252 48 19 0
347 : 386 385 22 9 0
348 : 350 288 65 3 0
349 : 471 557 10 2 1
350 : 51 442 33 63 1
351 : 812 266 28 14 0
352 : 367 572 23 28 1
353 : 592 583 40 14 0
354 : 571 373 43 1 0
355 : 592 577 6 18 1
356 : 589 95 29 40 0
357 : 392 615 1 9 1
358 : 79 620 4 24 1
359 : 728 470 38 9 0
360 : 129 477 34 45 1
361 : 226 204 99 58 0
362 : 985 227 4 58 0
363 : 186 613 42 5 0
364 : 433 459 67 28 0
365 : 0 560 41 3 0
366 : 0 611 11 19 1
367 : 232 517 55 22 0
368 : 26 605 14 22 1
369 : 265 499 17 5 0
370 : 684 603 8 40 1
371 : 443 416 9 40 1
372 : 367 595 7 26 1
373 : 766 450 68 29 0
374 : 777 437 4 13 0
375 : 0 377 33 80 1
376 : 182 322 35 3 0
377 : 871 413 77 29 0
378 : 0 593 26 18 0
379 : 274 380 5 61 1
380 : 0 76 86 94 1
381 : 616 301 42 5 0
382 : 755 0 66 160 1
383 : 820 608 31 9 0
384 : 383 416 37 60 1
385 : 439 610 10 22 1
386 : 853 605 15 20 1
387 : 162 563 43 17 0
388 : 603 541 45 22 0
389 : 350 333 52 58 1
390 : 87 601 40 10 0
391 : 960 280 24 16 1
392 : 80 397 112 22 0
393 : 798 591 22 22 0
394 : 509 582 2 12 0
395 : 796 613 10 20 1
396 : 274 584 25 22 0
397 : 989 202 10 150 0
398 : 990 553 4 33 0
399 : 658 189 50 104 0
400 : 285 262 40 15 0
401 : 589 136 53 137 1
402 : 114 442 4 30 1
403 : 834 464 56 33 0
404 : 180 446 32 63 1
405 : 262 426 4 14 1
406 : 842 239 134 41 0
407 : 616 495 19 20 1
408 : 80 606 5 7 1
409 : 728 479 28 54 1
410 : 386 204 14 5 1
411 : 44 559 42 4 0
412 : 87 584 36 15 0
413 : 51 419 94 23 0
414 : 396 557 34 23 0
415 : 86 559 3 4 0
416 : 218 211 50 8 1
417 : 816 617 32 4 0
418 : 976 492 18 61 0
419 : 496 599 58 7 0
420 : 568 425 24 2 1
421 : 565 472 23 75 1
422 : 206 527 11 2 1
423 : 0 563 162 5 0
424 : 45 477 84 20 0
425 : 864 128 110 67 0
426 : 804 543 10 9 0
427 : 98 519 3 4 0
428 : 948 413 28 15 1
429 : 525 606 14 20 1
430 : 420 596 3 38 1
431 : 283 492 15 100 1
432 : 711 514 18 7 1
433 : 483 613 5 42 1
434 : 795 394 76 31 0
435 : 976 128 8 170 0
436 : 19 619 21 5 0
437 : 500 490 5 51 1
438 : 942 579 13 45 1
439 : 834 450 14 32 1
440 : 829 570 25 24 1
441 : 140 211 78 61 0
442 : 820 591 9 4 0
443 : 0 523 12 101 1
444 : 93 162 21 1 1
445 : 798 347 135 21 0
446 : 696 560 6 4 1
447 : 517 522 28 40 1
448 : 168 0 134 90 0
449 : 804 553 49 17 0
450 : 237 90 40 48 0
451 : 702 437 33 64 1
452 : 0 343 34 83 1
453 : 729 306 2 80 1
454 : 616 529 95 12 0
455 : 772 570 26 26 0
456 : 344 426 26 37 1
457 : 243 446 33 11 0
458 : 728 592 23 21 0
459 : 283 485 7 29 1
460 : 989 352 11 20 0
461 : 881 562 13 60 1
462 : 723 611 2 1 1
463 : 234 582 40 14 0
464 : 477 151 30 22 1
465 : 44 535 24 45 1
466 : 280 136 6 22 1
467 : 114 446 66 31 0
468 : 173 351 9 6 1
469 : 642 374 44 61 1
470 : 914 66 1 59 0
471 : 726 136 24 81 0
472 : 559 590 19 26 1
473 : 262 407 19 121 1
474 : 557 538 46 23 0
475 : 48 615 6 31 1
476 : 638 614 5 41 1
477 : 144 568 12 18 1
478 : 874 510 15 85 1
479 : 545 616 5 28 1
480 : 502 95 86 87 1
481 : 26 593 36 12 0
482 : 191 600 64 7 0
483 : 751 139 5 4 1
484 : 511 576 34 18 0
485 : 873 605 30 10 0
486 : 80 384 194 13 0
487 : 292 610 38 6 0
488 : 458 581 1 4 1
489 : 974 128 106 2 1
490 : 234 607 11 20 1
491 : 612 495 4 12 0
492 : 461 610 22 10 0
493 : 915 0 70 128 0
494 : 881 537 14 76 1
495 : 498 394 4 31 0
496 : 778 507 2 4 1
497 : 448 534 69 16 0
498 : 843 144 20 49 0
499 : 216 272 2 50 0
