1000 803
0 : 136 302 94 6 1
1 : 301 194 22 1 1
2 : 811 651 25 23 1
3 : 998 287 2 13 0
4 : 78 511 7 6 1
5 : 968 128 16 133 0
6 : 968 623 37 13 1
7 : 168 302 42 91 0
8 : 78 440 32 7 1
9 : 612 358 4 53 0
10 : 124 503 27 10 1
11 : 841 518 57 16 1
12 : 727 256 32 2 1
13 : 210 306 2 3 0
14 : 168 542 31 41 0
15 : 160 186 22 1 1
16 : 617 95 1 103 0
17 : 893 508 4 4 0
18 : 78 378 7 62 0
19 : 585 432 41 5 1
20 : 94 672 24 19 1
21 : 915 357 50 59 0
22 : 504 370 69 42 1
23 : 0 292 67 63 0
24 : 0 0 168 76 0
25 : 729 532 19 52 0
26 : 503 209 1 2 0
27 : 352 425 29 79 0
28 : 546 408 31 3 1
29 : 649 518 18 58 0
30 : 898 492 5 18 0
31 : 915 608 23 41 0
32 : 995 194 3 69 0
33 : 339 532 9 10 0
34 : 841 144 112 22 1
35 : 713 532 11 19 0
36 : 302 0 202 57 0
37 : 143 674 14 24 0
38 : 618 259 60 77 1
39 : 559 280 48 3 1
40 : 168 583 40 25 1
41 : 612 490 4 14 0
42 : 562 605 37 20 1
43 : 811 503 69 26 1
44 : 262 687 28 29 1
45 : 649 625 17 32 0
46 : 384 331 9 119 0
47 : 416 425 40 4 1
48 : 143 486 15 61 0
49 : 948 552 48 16 1
50 : 143 547 14 55 0
51 : 729 688 15 19 0
52 : 262 194 34 113 0
53 : 168 90 94 81 0
54 : 695 525 53 15 1
55 : 244 466 8 31 0
56 : 167 206 1 14 0
57 : 0 767 36 36 0
58 : 37 579 1 1 0
59 : 500 375 3 33 0
60 : 669 501 12 5 1
61 : 713 551 12 11 1
62 : 903 507 24 9 1
63 : 94 640 20 32 0
64 : 755 313 82 39 1
65 : 394 449 21 72 0
66 : 253 443 34 6 1
67 : 78 322 56 8 1
68 : 729 663 25 15 1
69 : 998 186 66 2 1
70 : 591 431 18 79 0
71 : 421 579 29 39 0
72 : 352 216 41 115 0
73 : 161 206 104 6 1
74 : 504 566 44 25 1
75 : 94 696 15 18 1
76 : 86 396 49 7 1
77 : 729 262 22 95 0
78 : 161 509 8 6 1
79 : 676 439 7 38 0
80 : 669 433 7 42 0
81 : 94 186 49 116 0
82 : 421 334 69 41 1
83 : 841 449 69 18 1
84 : 898 342 5 50 0
85 : 504 670 23 24 0
86 : 78 231 91 8 1
87 : 864 342 34 83 0
88 : 985 533 9 8 0
89 : 649 657 13 33 0
90 : 713 480 32 11 1
91 : 532 499 9 26 0
92 : 381 425 22 3 1
93 : 475 696 18 14 0
94 : 421 57 143 54 1
95 : 618 78 133 58 0
96 : 729 627 15 36 0
97 : 161 434 6 38 0
98 : 416 248 71 4 1
99 : 541 500 9 4 1
100 : 143 186 17 125 0
101 : 676 493 7 14 0
102 : 384 517 8 17 0
103 : 618 650 26 32 0
104 : 794 681 17 12 1
105 : 811 337 29 94 0
106 : 302 697 14 14 0
107 : 94 536 22 59 0
108 : 913 166 75 2 1
109 : 124 530 10 21 0
110 : 416 377 48 4 1
111 : 755 680 17 22 1
112 : 67 397 77 11 1
113 : 864 252 90 39 1
114 : 549 280 126 10 1
115 : 136 476 27 4 1
116 : 864 617 32 24 1
117 : 462 425 11 51 0
118 : 143 416 70 16 1
119 : 915 486 70 27 1
120 : 212 658 22 25 0
121 : 61 402 4 48 0
122 : 942 507 5 8 0
123 : 67 552 11 12 0
124 : 995 407 3 33 0
125 : 504 694 19 16 0
126 : 94 302 42 92 0
127 : 475 57 28 226 0
128 : 811 676 22 23 1
129 : 244 533 11 8 1
130 : 841 575 49 15 1
131 : 965 369 3 39 0
132 : 352 331 94 32 1
133 : 212 398 68 40 1
134 : 420 209 4 1 1
135 : 948 640 36 14 1
136 : 78 501 10 6 1
137 : 948 676 22 14 1
138 : 253 317 67 7 1
139 : 841 368 21 81 0
140 : 562 181 28 148 0
141 : 0 675 36 47 0
142 : 562 498 22 61 0
143 : 903 407 62 9 1
144 : 456 474 5 22 0
145 : 504 0 95 114 1
146 : 591 351 18 80 0
147 : 695 464 61 15 1
148 : 998 252 35 2 1
149 : 559 434 3 15 0
150 : 296 324 5 67 0
151 : 985 430 47 9 1
152 : 591 571 50 17 1
153 : 504 610 32 25 1
154 : 545 471 4 14 0
155 : 244 497 24 8 1
156 : 462 200 122 12 1
157 : 811 214 123 30 1
158 : 333 496 6 12 0
159 : 727 197 2 59 0
160 : 475 283 92 28 1
161 : 610 230 53 2 1
162 : 683 608 12 20 0
163 : 212 171 41 140 0
164 : 456 445 29 6 1
165 : 0 446 59 38 0
166 : 841 660 32 13 1
167 : 591 621 15 38 0
168 : 683 646 18 12 1
169 : 546 370 3 38 0
170 : 262 627 31 30 0
171 : 965 265 58 3 1
172 : 788 466 5 25 0
173 : 86 445 32 7 1
174 : 864 574 25 43 0
175 : 713 408 11 72 0
176 : 545 439 4 18 0
177 : 161 472 23 6 1
178 : 676 507 9 6 1
179 : 755 395 71 38 1
180 : 903 66 10 202 0
181 : 545 457 14 4 1
182 : 942 486 5 21 0
183 : 915 649 29 22 1
184 : 456 403 42 6 1
185 : 421 403 35 68 0
186 : 302 604 40 20 1
187 : 253 384 59 6 1
188 : 339 415 11 68 0
189 : 965 408 24 3 1
190 : 559 328 3 45 0
191 : 262 587 40 32 1
192 : 864 649 29 22 1
193 : 968 446 14 70 0
194 : 474 200 1 16 0
195 : 0 625 50 34 1
196 : 161 310 6 76 0
197 : 475 599 22 40 0
198 : 751 173 75 4 1
199 : 863 203 1 14 0
200 : 751 248 61 4 1
201 : 532 525 9 11 0
202 : 695 259 122 17 1
203 : 755 214 99 56 1
204 : 262 90 40 104 0
205 : 67 292 11 105 0
206 : 683 476 45 12 1
207 : 618 618 32 27 1
208 : 617 198 1 18 0
209 : 61 483 14 4 1
210 : 161 76 130 7 1
211 : 676 477 16 7 1
212 : 34 761 2 6 0
213 : 965 323 3 46 0
214 : 713 306 102 12 1
215 : 755 144 86 70 0
216 : 683 682 15 12 1
217 : 903 268 10 139 0
218 : 0 580 38 45 0
219 : 48 515 8 20 0
220 : 48 535 9 8 1
221 : 683 584 24 12 1
222 : 729 357 22 91 0
223 : 729 136 22 126 0
224 : 262 544 43 32 1
225 : 394 248 112 22 1
226 : 94 463 73 30 1
227 : 262 657 31 30 0
228 : 394 623 34 19 1
229 : 136 503 7 4 1
230 : 136 440 36 6 1
231 : 143 311 17 105 0
232 : 339 515 17 9 1
233 : 168 623 32 24 1
234 : 296 433 33 5 1
235 : 915 556 52 23 1
236 : 202 512 8 23 0
237 : 998 300 8 2 1
238 : 549 406 10 76 0
239 : 915 416 70 33 1
240 : 212 625 33 22 1
241 : 794 536 13 50 0
242 : 475 639 21 31 0
243 : 302 644 19 27 0
244 : 794 664 17 13 1
245 : 751 508 4 4 0
246 : 541 439 4 37 0
247 : 695 381 15 83 0
248 : 794 313 85 15 1
249 : 915 265 50 92 0
250 : 420 143 66 1 1
251 : 302 143 92 73 0
252 : 67 474 11 39 0
253 : 893 466 4 28 0
254 : 38 546 10 14 0
255 : 618 319 62 65 1
256 : 794 474 62 13 1
257 : 898 464 28 5 1
258 : 751 370 53 4 1
259 : 618 0 78 137 1
260 : 683 557 12 27 0
261 : 549 534 18 10 1
262 : 394 521 19 54 0
263 : 161 495 14 6 1
264 : 545 508 5 4 1
265 : 503 57 126 1 1
266 : 618 433 44 51 1
267 : 384 534 9 8 1
268 : 811 431 72 29 1
269 : 985 477 9 34 0
270 : 394 690 14 20 0
271 : 302 320 37 85 0
272 : 394 360 22 89 0
273 : 610 283 16 2 1
274 : 421 655 26 32 0
275 : 965 432 16 3 1
276 : 352 647 32 16 1
277 : 94 394 69 40 1
278 : 421 534 31 45 0
279 : 262 307 34 94 0
280 : 504 280 90 45 1
281 : 695 578 43 14 1
282 : 755 66 78 109 1
283 : 503 183 26 1 1
284 : 212 466 32 66 0
285 : 253 495 5 16 0
286 : 898 434 30 5 1
287 : 968 660 23 13 1
288 : 948 485 16 67 0
289 : 713 197 109 14 1
290 : 864 502 72 25 1
291 : 683 664 12 18 0
292 : 136 396 6 44 0
293 : 339 483 32 9 1
294 : 462 509 10 24 0
295 : 559 408 26 3 1
296 : 475 375 25 86 0
297 : 751 78 4 95 0
298 : 0 355 65 47 0
299 : 618 518 60 31 1
300 : 585 473 5 22 0
301 : 86 495 16 6 1
302 : 462 322 11 103 0
303 : 500 408 3 32 0
304 : 168 171 131 44 1
305 : 384 490 27 9 1
306 : 913 303 3 2 1
307 : 212 532 49 29 1
308 : 683 420 56 12 1
309 : 612 411 4 47 0
310 : 394 143 26 105 0
311 : 985 344 86 10 1
312 : 612 257 5 101 0
313 : 475 542 57 22 1
314 : 755 697 14 14 0
315 : 618 136 61 111 1
316 : 618 477 50 41 0
317 : 261 171 50 1 1
318 : 416 496 13 4 1
319 : 34 722 2 39 0
320 : 913 66 2 100 0
321 : 212 683 18 18 0
322 : 755 530 49 30 1
323 : 161 386 48 6 1
324 : 618 197 95 62 0
325 : 984 128 68 1 1
326 : 212 311 41 87 0
327 : 500 440 10 3 1
328 : 253 171 8 146 0
329 : 352 679 21 15 1
330 : 968 576 47 13 1
331 : 585 495 14 5 1
332 : 244 521 12 8 1
333 : 893 494 14 4 1
334 : 212 581 23 44 0
335 : 794 631 33 13 1
336 : 202 483 29 8 1
337 : 296 194 130 5 1
338 : 394 657 15 33 0
339 : 562 559 22 46 0
340 : 0 162 69 86 1
341 : 751 309 61 4 1
342 : 913 241 2 38 0
343 : 864 66 39 186 0
344 : 889 502 8 4 1
345 : 302 57 119 86 0
346 : 394 575 48 19 1
347 : 985 511 22 9 1
348 : 995 263 65 3 1
349 : 727 300 10 2 1
350 : 421 471 33 63 0
351 : 695 661 28 14 1
352 : 504 642 23 28 0
353 : 695 621 40 14 1
354 : 590 181 43 1 1
355 : 253 477 6 18 0
356 : 618 578 29 40 0
357 : 160 208 1 9 0
358 : 541 476 4 24 0
359 : 903 469 38 9 1
360 : 0 722 34 45 0
361 : 504 181 99 58 1
362 : 416 319 4 58 0
363 : 898 392 42 5 1
364 : 504 499 67 28 1
365 : 995 328 41 3 1
366 : 67 533 11 19 0
367 : 302 549 55 22 1
368 : 421 687 14 22 1
369 : 296 494 17 5 1
370 : 202 443 8 40 0
371 : 384 450 9 40 0
372 : 669 475 7 26 0
373 : 302 481 68 29 1
374 : 751 495 4 13 0
375 : 262 401 33 80 0
376 : 559 373 35 3 1
377 : 864 425 77 29 1
378 : 302 671 26 18 1
379 : 585 329 5 61 0
380 : 0 76 86 94 1
381 : 585 390 42 5 1
382 : 755 0 66 160 1
383 : 48 484 31 9 1
384 : 504 439 37 60 0
385 : 549 512 10 22 0
386 : 591 687 15 20 0
387 : 729 584 43 17 1
388 : 94 595 45 22 1
389 : 618 381 52 58 1
390 : 124 463 40 10 1
391 : 562 676 24 16 1
392 : 841 256 112 22 1
393 : 864 678 22 22 0
394 : 727 288 2 12 0
395 : 462 533 10 20 0
396 : 755 655 25 22 1
397 : 985 194 10 150 0
398 : 61 450 4 33 0
399 : 302 216 50 104 0
400 : 948 600 40 15 1
401 : 915 128 53 137 0
402 : 751 465 4 30 0
403 : 0 524 56 33 1
404 : 262 481 32 63 0
405 : 545 485 4 14 0
406 : 421 200 134 41 1
407 : 915 678 19 20 1
408 : 585 509 5 7 0
409 : 352 504 28 54 0
410 : 456 496 14 5 1
411 : 751 423 42 4 1
412 : 841 624 36 15 1
413 : 562 329 94 23 1
414 : 811 617 34 23 1
415 : 995 444 3 4 0
416 : 202 393 50 8 1
417 : 612 458 32 4 1
418 : 591 510 18 61 0
419 : 676 381 58 7 1
420 : 913 279 24 2 1
421 : 562 423 23 75 0
422 : 610 299 11 2 1
423 : 612 95 162 5 1
424 : 729 448 84 20 1
425 : 94 76 110 67 1
426 : 903 531 10 9 1
427 : 995 440 3 4 0
428 : 591 659 28 15 1
429 : 695 689 14 20 0
430 : 995 369 3 38 0
431 : 968 261 15 100 0
432 : 86 477 18 7 1
433 : 296 391 5 42 0
434 : 302 405 76 31 1
435 : 86 162 8 170 0
436 : 788 491 21 5 1
437 : 33 524 5 51 0
438 : 794 586 13 45 0
439 : 143 642 14 32 0
440 : 168 655 25 24 1
441 : 0 231 78 61 0
442 : 545 499 9 4 1
443 : 683 319 12 101 0
444 : 984 196 21 1 1
445 : 591 95 135 21 1
446 : 612 504 6 4 1
447 : 352 558 28 40 0
448 : 168 0 134 90 0
449 : 649 576 49 17 1
450 : 0 484 40 48 1
451 : 755 466 33 64 0
452 : 168 393 34 83 0
453 : 998 106 2 80 0
454 : 339 320 95 12 1
455 : 618 682 26 26 0
456 : 421 618 26 37 0
457 : 462 476 33 11 1
458 : 168 680 23 21 0
459 : 78 472 7 29 0
460 : 713 512 11 20 0
461 : 968 516 13 60 0
462 : 503 211 2 1 1
463 : 143 602 40 14 1
464 : 755 625 30 22 1
465 : 811 572 24 45 0
466 : 333 474 6 22 0
467 : 168 476 66 31 1
468 : 333 508 9 6 1
469 : 0 402 44 61 1
470 : 863 144 1 59 0
471 : 475 461 24 81 0
472 : 475 670 19 26 0
473 : 591 230 19 121 0
474 : 755 579 46 23 1
475 : 333 443 6 31 0
476 : 893 425 5 41 0
477 : 683 628 12 18 0
478 : 968 361 15 85 0
479 : 296 466 5 28 0
480 : 504 95 86 87 1
481 : 683 521 36 12 1
482 : 86 332 64 7 1
483 : 33 575 5 4 0
484 : 562 642 34 18 1
485 : 549 482 30 10 1
486 : 985 0 194 13 1
487 : 333 405 38 6 1
488 : 33 579 1 4 1
489 : 998 0 106 2 1
490 : 67 513 11 20 0
491 : 61 497 4 12 0
492 : 38 524 22 10 1
493 : 915 0 70 128 0
494 : 794 398 14 76 0
495 : 416 465 4 31 0
496 : 210 302 2 4 0
497 : 948 416 69 16 1
498 : 352 598 20 49 0
499 : 34 625 2 50 0
