1000 1783
0 : 0 0 94 6 0
1 : 94 0 22 1 0
2 : 116 0 25 23 0
3 : 141 0 2 13 1
4 : 154 0 7 6 0
5 : 161 0 16 133 1
6 : 294 0 37 13 0
7 : 331 0 42 91 1
8 : 422 0 32 7 0
9 : 454 0 4 53 1
10 : 507 0 27 10 0
11 : 534 0 57 16 0
12 : 591 0 32 2 0
13 : 623 0 2 3 1
14 : 626 0 31 41 1
15 : 667 0 22 1 0
16 : 689 0 1 103 1
17 : 792 0 4 4 0
18 : 796 0 7 62 1
19 : 858 0 41 5 0
20 : 899 0 24 19 0
21 : 923 0 50 59 1
22 : 667 1 69 42 0
23 : 0 6 67 63 0
24 : 161 16 168 76 1
25 : 736 1 19 52 1
26 : 982 0 1 2 1
27 : 331 42 29 79 1
28 : 591 2 31 3 0
29 : 796 7 18 58 1
30 : 94 1 5 18 1
31 : 454 4 23 41 1
32 : 667 43 3 69 1
33 : 984 0 9 10 1
34 : 591 5 112 22 1
35 : 858 5 11 19 1
36 : 237 16 202 57 1
37 : 67 6 14 24 1
38 : 667 46 60 77 0
39 : 534 16 48 3 0
40 : 534 19 40 25 0
41 : 877 5 4 14 1
42 : 294 13 37 20 0
43 : 422 7 69 26 1
44 : 736 20 28 29 1
45 : 91 6 17 32 0
46 : 141 2 9 119 0
47 : 796 25 40 4 0
48 : 507 10 15 61 0
49 : 858 16 48 16 1
50 : 877 9 14 55 0
51 : 899 19 15 19 1
52 : 454 27 34 113 0
53 : 331 71 94 81 1
54 : 923 50 53 15 0
55 : 495 4 8 31 0
56 : 994 0 1 14 0
57 : 796 29 36 36 0
58 : 995 0 1 1 0
59 : 996 0 3 33 0
60 : 522 10 12 5 0
61 : 522 15 12 11 0
62 : 67 20 24 9 0
63 : 626 31 20 32 1
64 : 534 44 82 39 1
65 : 765 20 21 72 0
66 : 294 33 34 6 0
67 : 613 5 56 8 1
68 : 116 23 25 15 0
69 : 112 1 66 2 1
70 : 836 25 18 79 0
71 : 294 39 29 39 0
72 : 923 65 41 115 0
73 : 891 5 104 6 1
74 : 116 38 44 25 1
75 : 67 29 15 18 1
76 : 154 6 49 7 1
77 : 736 48 22 95 0
78 : 448 7 8 6 1
79 : 984 9 7 38 0
80 : 582 16 7 42 0
81 : 0 69 49 116 0
82 : 667 123 69 41 1
83 : 899 34 69 18 1
84 : 448 15 5 50 0
85 : 626 51 23 24 1
86 : 574 19 91 8 1
87 : 796 65 34 83 0
88 : 522 26 9 8 0
89 : 91 38 13 33 0
90 : 67 44 32 11 1
91 : 658 31 9 26 0
92 : 788 1 22 3 1
93 : 858 64 18 14 1
94 : 331 165 143 54 1
95 : 161 184 133 58 1
96 : 49 69 15 36 0
97 : 488 27 6 38 0
98 : 150 2 71 4 1
99 : 622 2 9 4 1
100 : 626 74 17 125 0
101 : 522 34 7 14 0
102 : 495 35 8 17 0
103 : 422 76 26 32 0
104 : 877 64 17 12 1
105 : 294 78 29 94 0
106 : 507 71 14 14 0
107 : 116 82 22 59 0
108 : 114 1 75 2 1
109 : 412 42 10 21 0
110 : 503 4 48 4 1
111 : 765 92 17 22 0
112 : 495 52 77 11 1
113 : 534 126 90 39 1
114 : 412 63 126 10 1
115 : 792 4 27 4 1
116 : 422 108 32 24 1
117 : 964 65 11 51 0
118 : 899 103 70 16 1
119 : 454 140 70 27 1
120 : 591 117 22 25 0
121 : 108 6 4 48 0
122 : 918 19 5 8 0
123 : 91 71 11 12 1
124 : 854 7 3 33 0
125 : 836 104 19 16 1
126 : 0 185 42 92 0
127 : 796 148 28 226 0
128 : 422 140 22 23 1
129 : 727 46 11 8 1
130 : 49 105 49 15 1
131 : 991 9 3 39 0
132 : 923 180 94 32 1
133 : 667 192 68 40 1
134 : 999 0 4 1 1
135 : 858 82 36 14 1
136 : 85 29 10 6 1
137 : 507 85 22 14 1
138 : 78 44 67 7 1
139 : 116 141 21 81 0
140 : 294 172 28 148 0
141 : 237 218 36 47 1
142 : 591 142 22 61 0
143 : 658 57 62 9 1
144 : 918 27 5 22 0
145 : 161 317 95 114 0
146 : 708 123 18 80 0
147 : 765 114 61 15 1
148 : 982 1 35 2 1
149 : 622 11 3 15 0
150 : 85 39 5 67 0
151 : 67 76 47 9 1
152 : 736 143 50 17 1
153 : 385 165 32 25 1
154 : 832 29 4 14 0
155 : 650 51 24 8 1
156 : 877 81 122 12 1
157 : 534 216 123 30 1
158 : 984 47 6 12 0
159 : 897 5 2 59 0
160 : 256 254 92 28 1
161 : 589 16 53 2 1
162 : 91 82 12 20 0
163 : 0 277 41 140 0
164 : 522 48 29 6 1
165 : 667 260 59 38 1
166 : 507 107 32 13 1
167 : 836 123 15 38 0
168 : 91 102 18 12 1
169 : 874 16 3 38 0
170 : 923 274 31 30 0
171 : 788 23 58 3 1
172 : 323 39 5 25 0
173 : 758 48 32 7 1
174 : 385 197 25 43 0
175 : 964 116 11 72 0
176 : 792 31 4 18 0
177 : 976 50 23 6 1
178 : 154 55 9 6 1
179 : 331 308 71 38 1
180 : 858 118 10 202 0
181 : 104 38 14 4 1
182 : 918 49 5 21 0
183 : 422 162 29 22 1
184 : 727 57 42 6 1
185 : 667 319 35 68 0
186 : 422 191 40 20 1
187 : 582 58 59 6 1
188 : 91 120 11 68 0
189 : 531 26 24 3 1
190 : 622 26 3 45 0
191 : 331 379 40 32 1
192 : 591 203 29 22 1
193 : 49 154 14 70 0
194 : 791 1 1 16 0
195 : 667 387 50 34 1
196 : 984 59 6 76 0
197 : 454 210 22 40 0
198 : 832 43 75 4 1
199 : 995 1 1 14 0
200 : 792 49 61 4 1
201 : 658 119 9 11 0
202 : 736 193 122 17 1
203 : 161 431 99 56 1
204 : 0 417 40 104 0
205 : 495 129 11 105 0
206 : 507 139 45 12 1
207 : 923 304 32 27 1
208 : 999 4 1 18 0
209 : 104 52 14 4 1
210 : 613 61 130 7 1
211 : 643 74 16 7 1
212 : 786 20 2 6 0
213 : 328 33 3 46 0
214 : 836 161 102 12 1
215 : 161 530 86 70 1
216 : 899 173 15 12 0
217 : 765 175 10 139 0
218 : 0 521 38 45 0
219 : 650 75 8 20 0
220 : 650 95 9 8 1
221 : 507 184 24 12 1
222 : 591 232 22 91 0
223 : 385 240 22 126 0
224 : 331 419 43 32 1
225 : 454 250 112 22 1
226 : 534 339 73 30 1
227 : 534 412 31 30 1
228 : 116 222 34 19 1
229 : 108 54 7 4 1
230 : 154 64 36 6 1
231 : 626 199 17 105 0
232 : 141 121 17 9 1
233 : 294 320 32 24 1
234 : 323 64 33 5 1
235 : 923 336 52 23 1
236 : 650 104 8 23 0
237 : 786 26 8 2 1
238 : 899 185 10 76 0
239 : 667 437 70 33 1
240 : 591 323 33 22 1
241 : 708 203 13 50 0
242 : 256 346 21 31 0
243 : 422 231 19 27 0
244 : 49 224 17 13 1
245 : 108 61 4 4 0
246 : 108 65 4 37 0
247 : 116 256 15 83 0
248 : 422 258 85 15 1
249 : 161 616 50 92 0
250 : 621 5 66 1 1
251 : 161 708 92 73 1
252 : 91 188 11 39 0
253 : 448 65 4 28 0
254 : 964 188 10 14 0
255 : 161 800 62 65 1
256 : 49 241 62 13 1
257 : 488 65 28 5 1
258 : 104 66 53 4 1
259 : 161 862 78 137 0
260 : 877 203 12 27 0
261 : 412 189 18 10 1
262 : 294 352 19 54 0
263 : 976 73 14 6 1
264 : 918 70 5 4 0
265 : 857 7 126 1 1
266 : 161 999 44 51 1
267 : 574 110 9 8 1
268 : 534 443 72 29 1
269 : 67 123 9 34 0
270 : 626 304 14 20 0
271 : 0 566 37 85 0
272 : 591 356 22 89 0
273 : 996 33 16 2 1
274 : 796 374 26 32 0
275 : 854 40 16 3 1
276 : 369 308 32 16 1
277 : 161 1043 69 40 1
278 : 331 462 31 45 0
279 : 0 651 34 94 0
280 : 161 1112 90 45 1
281 : 736 315 43 14 1
282 : 363 379 78 109 0
283 : 625 11 26 1 1
284 : 363 488 32 66 1
285 : 918 74 5 16 0
286 : 522 77 30 5 1
287 : 708 253 23 13 1
288 : 454 362 16 67 0
289 : 626 324 109 14 1
290 : 796 406 72 25 1
291 : 507 208 12 18 0
292 : 758 80 6 44 0
293 : 658 130 32 9 1
294 : 964 202 10 24 0
295 : 991 48 26 3 1
296 : 796 478 25 86 0
297 : 621 71 4 95 0
298 : 363 520 65 47 0
299 : 331 507 60 31 1
300 : 976 87 5 22 0
301 : 643 90 16 6 1
302 : 507 226 11 103 0
303 : 531 50 3 32 0
304 : 363 567 131 44 1
305 : 141 138 27 9 1
306 : 529 34 3 2 1
307 : 667 507 49 29 1
308 : 877 230 56 12 1
309 : 150 73 4 47 0
310 : 534 515 26 105 0
311 : 284 218 86 10 1
312 : 918 90 5 101 0
313 : 923 388 57 22 1
314 : 116 339 14 14 0
315 : 363 698 61 111 0
316 : 363 809 50 41 0
317 : 994 14 50 1 1
318 : 782 92 13 4 1
319 : 786 34 2 39 0
320 : 982 36 2 100 0
321 : 256 377 18 18 0
322 : 331 567 49 30 1
323 : 727 99 48 6 1
324 : 363 850 95 62 1
325 : 453 15 68 1 1
326 : 363 945 41 87 0
327 : 874 54 10 3 1
328 : 574 119 8 146 0
329 : 256 395 21 15 1
330 : 708 276 47 13 1
331 : 872 64 14 5 1
332 : 650 127 12 8 1
333 : 872 78 14 4 1
334 : 667 556 23 44 0
335 : 49 303 33 13 1
336 : 650 139 29 8 1
337 : 488 93 130 5 1
338 : 294 406 15 33 0
339 : 591 445 22 46 0
340 : 239 439 69 86 0
341 : 872 92 61 4 1
342 : 529 37 2 38 0
343 : 239 525 39 186 0
344 : 448 93 8 4 1
345 : 836 320 119 86 1
346 : 836 439 48 19 0
347 : 67 157 22 9 1
348 : 64 69 65 3 1
349 : 996 49 10 2 1
350 : 884 439 33 63 0
351 : 116 353 28 14 1
352 : 836 458 23 28 1
353 : 736 358 40 14 1
354 : 995 15 43 1 1
355 : 154 100 6 18 0
356 : 884 502 29 40 0
357 : 791 17 1 9 0
358 : 323 97 4 24 0
359 : 658 162 38 9 1
360 : 239 711 34 45 0
361 : 363 1032 99 58 1
362 : 448 101 4 58 0
363 : 85 106 42 5 1
364 : 836 481 67 28 1
365 : 991 74 41 3 1
366 : 91 227 11 19 0
367 : 923 445 55 22 1
368 : 116 381 14 22 0
369 : 643 106 17 5 1
370 : 141 165 8 40 0
371 : 67 179 9 40 0
372 : 78 111 7 26 0
373 : 278 525 68 29 1
374 : 108 102 4 13 0
375 : 0 745 33 80 0
376 : 328 79 35 3 1
377 : 884 542 77 29 1
378 : 864 458 26 18 1
379 : 522 107 5 61 0
380 : 836 619 86 94 0
381 : 976 109 42 5 1
382 : 836 713 66 160 0
383 : 955 180 31 9 1
384 : 836 873 37 60 1
385 : 964 226 10 22 0
386 : 454 429 15 20 0
387 : 591 491 43 17 1
388 : 923 500 45 22 1
389 : 836 910 52 58 1
390 : 495 234 40 10 1
391 : 591 534 24 16 1
392 : 923 545 112 22 1
393 : 796 564 22 22 0
394 : 733 57 2 12 0
395 : 91 246 10 20 0
396 : 796 586 25 22 1
397 : 964 248 10 150 0
398 : 782 105 4 33 0
399 : 836 962 50 104 0
400 : 454 449 40 15 1
401 : 363 1131 53 137 0
402 : 792 110 4 30 0
403 : 239 756 56 33 1
404 : 239 812 32 63 0
405 : 108 115 4 14 0
406 : 836 1066 134 41 1
407 : 278 593 19 20 1
408 : 582 117 5 7 0
409 : 331 616 28 54 0
410 : 154 118 14 5 1
411 : 832 118 42 4 1
412 : 454 489 36 15 1
413 : 667 600 94 23 1
414 : 534 620 34 23 1
415 : 788 81 3 4 0
416 : 650 168 50 8 1
417 : 104 119 32 4 1
418 : 796 611 18 61 0
419 : 78 137 58 7 1
420 : 996 59 24 2 1
421 : 534 654 23 75 0
422 : 830 65 11 2 1
423 : 643 123 162 5 1
424 : 278 612 84 20 1
425 : 161 1202 110 67 1
426 : 658 200 10 9 1
427 : 138 82 3 4 0
428 : 454 525 28 15 1
429 : 736 398 14 20 0
430 : 531 82 3 38 0
431 : 454 553 15 100 0
432 : 481 140 18 7 1
433 : 582 124 5 42 0
434 : 0 825 76 31 1
435 : 141 205 8 170 0
436 : 758 124 21 5 1
437 : 154 132 5 51 0
438 : 708 323 13 45 0
439 : 116 403 14 32 0
440 : 331 670 25 24 0
441 : 161 1312 78 61 1
442 : 150 120 9 4 1
443 : 49 336 12 101 0
444 : 999 22 21 1 1
445 : 923 657 135 21 1
446 : 323 121 6 4 1
447 : 239 875 28 40 0
448 : 161 1390 134 90 1
449 : 796 672 49 17 1
450 : 836 1200 40 48 0
451 : 836 1248 33 64 0
452 : 363 1268 34 83 0
453 : 112 67 2 80 0
454 : 708 368 95 12 1
455 : 0 901 26 26 0
456 : 0 927 26 37 0
457 : 507 329 33 11 1
458 : 331 694 23 21 0
459 : 481 158 7 29 0
460 : 507 362 11 20 0
461 : 736 418 13 60 0
462 : 791 26 2 1 1
463 : 626 433 40 14 1
464 : 667 694 30 22 1
465 : 0 964 24 45 0
466 : 984 135 6 22 0
467 : 836 1312 66 31 1
468 : 727 147 9 6 1
469 : 161 1524 44 61 1
470 : 494 27 1 59 0
471 : 0 1009 24 81 0
472 : 278 696 19 26 0
473 : 902 713 19 121 0
474 : 331 715 46 23 1
475 : 824 148 6 31 0
476 : 753 143 5 41 0
477 : 116 435 12 18 0
478 : 591 558 15 85 0
479 : 758 145 5 28 0
480 : 161 1568 86 87 0
481 : 49 437 36 12 1
482 : 42 185 64 7 1
483 : 323 127 5 4 1
484 : 278 722 34 18 1
485 : 91 266 30 10 1
486 : 626 473 194 13 1
487 : 727 156 38 6 1
488 : 791 28 1 4 0
489 : 589 69 106 2 1
490 : 507 382 11 20 0
491 : 108 129 4 12 0
492 : 495 274 22 10 1
493 : 161 1655 70 128 0
494 : 591 643 14 76 0
495 : 150 129 4 31 0
496 : 733 69 2 4 0
497 : 796 721 69 16 1
498 : 667 724 20 49 0
499 : 733 73 2 50 0
