1000 149
0 : 1565 0 94 6 0
1 : 1429 0 22 1 0
2 : 1195 0 25 23 0
3 : 1006 0 2 13 1
4 : 1565 0 7 6 0
5 : 1409 0 16 133 1
6 : 1346 0 37 13 0
7 : 1131 0 42 91 1
8 : 1430 0 32 7 0
9 : 1006 0 4 53 1
10 : 1246 0 27 10 0
11 : 1409 0 57 16 0
12 : 1006 0 32 2 0
13 : 1006 0 2 3 1
14 : 975 0 31 41 1
15 : 1451 0 22 1 0
16 : 1014 0 1 103 1
17 : 1006 0 4 4 0
18 : 1149 0 7 62 1
19 : 1506 0 41 5 0
20 : 1230 0 24 19 0
21 : 1031 0 50 59 1
22 : 1131 0 69 42 0
23 : 980 0 67 63 0
24 : 888 0 168 76 0
25 : 1230 0 19 52 1
26 : 1573 0 1 2 1
27 : 1195 0 29 79 1
28 : 1006 0 31 3 0
29 : 1230 0 18 58 1
30 : 1006 0 5 18 1
31 : 1195 0 23 41 1
32 : 1006 0 3 69 1
33 : 1414 0 9 10 1
34 : 1195 0 112 22 0
35 : 1409 0 11 19 1
36 : 888 0 202 57 0
37 : 1409 0 14 24 1
38 : 980 0 60 77 1
39 : 1006 0 48 3 0
40 : 1195 0 40 25 0
41 : 1006 0 4 14 1
42 : 1230 0 37 20 0
43 : 1195 0 69 26 0
44 : 1195 0 28 29 1
45 : 1355 0 17 32 1
46 : 1414 0 9 119 1
47 : 1006 0 40 4 0
48 : 1409 0 15 61 1
49 : 1409 0 48 16 0
50 : 1409 0 14 55 1
51 : 1409 0 15 19 1
52 : 975 0 34 113 1
53 : 548 0 94 81 0
54 : 1409 0 53 15 0
55 : 1414 0 8 31 1
56 : 1542 0 1 14 1
57 : 975 0 36 36 0
58 : 1577 0 1 1 0
59 : 1006 0 3 33 1
60 : 1006 0 12 5 0
61 : 1447 0 12 11 0
62 : 1414 0 24 9 0
63 : 1230 0 20 32 1
64 : 975 0 82 39 0
65 : 1104 0 21 72 1
66 : 1565 0 34 6 0
67 : 1414 0 56 8 0
68 : 1409 0 25 15 0
69 : 1006 0 66 2 0
70 : 1230 0 18 79 1
71 : 1195 0 29 39 1
72 : 1022 0 41 115 1
73 : 1565 0 104 6 0
74 : 1195 0 44 25 0
75 : 1409 0 15 18 1
76 : 1269 0 49 7 0
77 : 1195 0 22 95 1
78 : 1565 0 8 6 0
79 : 1360 0 7 38 1
80 : 1318 0 7 42 1
81 : 1031 0 49 116 1
82 : 975 0 69 41 0
83 : 1230 0 69 18 0
84 : 1330 0 5 50 1
85 : 1195 0 23 24 1
86 : 1414 0 91 8 0
87 : 975 0 34 83 1
88 : 1414 0 9 8 0
89 : 1416 0 13 33 1
90 : 1337 0 32 11 0
91 : 1414 0 9 26 1
92 : 1006 0 22 3 0
93 : 1409 0 18 14 0
94 : 888 0 143 54 0
95 : 888 0 133 58 0
96 : 1409 0 15 36 1
97 : 1565 0 6 38 1
98 : 1006 0 71 4 0
99 : 1006 0 9 4 0
100 : 1230 0 17 125 1
101 : 1551 0 7 14 1
102 : 1414 0 8 17 1
103 : 1195 0 26 32 1
104 : 906 12 17 12 0
105 : 1195 0 29 94 1
106 : 1409 0 14 14 0
107 : 1195 0 22 59 1
108 : 1006 0 75 2 0
109 : 1341 0 10 21 1
110 : 1006 0 48 4 0
111 : 1387 0 17 22 1
112 : 938 0 77 11 0
113 : 975 0 90 39 0
114 : 888 0 126 10 0
115 : 1006 0 27 4 0
116 : 1195 0 32 24 0
117 : 1214 0 11 51 1
118 : 1409 0 70 16 0
119 : 1195 0 70 27 0
120 : 1195 0 22 25 1
121 : 1006 0 4 48 1
122 : 1006 0 5 8 1
123 : 1459 0 11 12 1
124 : 1006 0 3 33 1
125 : 1409 0 19 16 0
126 : 1131 0 42 92 1
127 : 1195 0 28 226 1
128 : 1195 0 22 23 1
129 : 1414 0 11 8 0
130 : 1409 0 49 15 0
131 : 1006 0 3 39 1
132 : 975 0 94 32 0
133 : 975 0 68 40 0
134 : 1569 0 4 1 0
135 : 1409 0 36 14 0
136 : 1565 0 10 6 0
137 : 1409 0 22 14 0
138 : 1018 0 67 7 0
139 : 1023 0 21 81 1
140 : 1195 0 28 148 1
141 : 975 0 36 47 1
142 : 1195 0 22 61 1
143 : 1414 0 62 9 0
144 : 963 5 5 22 1
145 : 0 0 95 114 1
146 : 1230 0 18 80 1
147 : 1409 0 61 15 0
148 : 1006 0 35 2 0
149 : 1006 0 3 15 1
150 : 1151 0 5 67 1
151 : 1414 0 47 9 0
152 : 1115 0 50 17 0
153 : 1195 0 32 25 0
154 : 1006 0 4 14 1
155 : 1414 0 24 8 0
156 : 888 0 122 12 0
157 : 888 0 123 30 0
158 : 1565 0 6 12 1
159 : 1006 0 2 59 1
160 : 1195 0 92 28 0
161 : 1006 0 53 2 0
162 : 1496 0 12 20 1
163 : 1131 0 41 140 1
164 : 1565 0 29 6 0
165 : 975 0 59 38 0
166 : 1449 0 32 13 0
167 : 1409 0 15 38 1
168 : 1516 0 18 12 0
169 : 1006 0 3 38 1
170 : 1133 0 31 30 0
171 : 1006 0 58 3 0
172 : 916 5 5 25 1
173 : 1398 0 32 7 0
174 : 1195 0 25 43 1
175 : 1015 0 11 72 1
176 : 1006 0 4 18 1
177 : 1565 0 23 6 0
178 : 1565 0 9 6 0
179 : 975 0 71 38 0
180 : 1471 0 10 202 1
181 : 1006 0 14 4 0
182 : 985 5 5 21 1
183 : 1195 0 29 22 0
184 : 1565 0 42 6 0
185 : 975 0 35 68 1
186 : 1230 0 40 20 0
187 : 1565 0 59 6 0
188 : 1146 0 11 68 1
189 : 1006 0 24 3 0
190 : 1006 0 3 45 1
191 : 975 0 40 32 0
192 : 1195 0 29 22 0
193 : 1409 0 14 70 1
194 : 1512 0 1 16 1
195 : 975 0 50 34 0
196 : 1565 0 6 76 1
197 : 1195 0 22 40 1
198 : 1006 0 75 4 0
199 : 1528 0 1 14 1
200 : 1006 0 61 4 0
201 : 1414 0 9 11 1
202 : 888 0 122 17 0
203 : 1090 0 99 56 0
204 : 975 0 40 104 1
205 : 938 12 11 105 1
206 : 1364 0 45 12 0
207 : 1195 0 32 27 0
208 : 1494 0 1 18 1
209 : 1006 0 14 4 0
210 : 888 0 130 7 0
211 : 1535 0 16 7 0
212 : 1006 0 2 6 1
213 : 1006 0 3 46 1
214 : 1010 0 102 12 0
215 : 980 0 86 70 0
216 : 923 12 15 12 0
217 : 1471 0 10 139 1
218 : 975 0 38 45 1
219 : 1414 0 8 20 1
220 : 1414 0 9 8 0
221 : 1472 0 24 12 0
222 : 1195 0 22 91 1
223 : 1195 0 22 126 1
224 : 975 0 43 32 0
225 : 1195 0 112 22 0
226 : 1011 0 73 30 0
227 : 1164 0 31 30 0
228 : 1230 0 34 19 0
229 : 1006 0 7 4 0
230 : 1565 0 36 6 0
231 : 1010 0 17 105 1
232 : 1414 0 17 9 0
233 : 1195 0 32 24 0
234 : 1588 0 33 5 0
235 : 1195 0 52 23 0
236 : 1414 0 8 23 1
237 : 1006 0 8 2 0
238 : 1100 0 10 76 1
239 : 975 0 70 33 0
240 : 1195 0 33 22 0
241 : 1204 0 13 50 1
242 : 1176 0 21 31 1
243 : 1230 0 19 27 1
244 : 1504 0 17 13 0
245 : 1006 0 4 4 0
246 : 1006 0 4 37 1
247 : 1409 0 15 83 1
248 : 1409 0 85 15 0
249 : 1031 0 50 92 1
250 : 1185 0 66 1 0
251 : 888 76 92 73 0
252 : 1265 0 11 39 1
253 : 1006 0 4 28 1
254 : 1400 0 10 14 1
255 : 980 0 62 65 1
256 : 1082 0 62 13 0
257 : 888 5 28 5 0
258 : 1006 0 53 4 0
259 : 642 0 78 137 1
260 : 1445 0 12 27 1
261 : 1382 0 18 10 0
262 : 1230 0 19 54 1
263 : 1565 0 14 6 0
264 : 1006 0 5 4 0
265 : 888 0 126 1 0
266 : 1080 0 44 51 1
267 : 1414 0 9 8 0
268 : 1195 0 72 29 0
269 : 1414 0 9 34 1
270 : 1409 0 14 20 1
271 : 975 0 37 85 1
272 : 1195 0 22 89 1
273 : 1006 0 16 2 0
274 : 1195 0 26 32 1
275 : 1006 0 16 3 0
276 : 1409 0 32 16 0
277 : 975 0 69 40 0
278 : 975 0 31 45 1
279 : 975 0 34 94 1
280 : 1031 0 90 45 0
281 : 1409 0 43 14 0
282 : 779 0 78 109 1
283 : 1403 0 26 1 0
284 : 975 0 32 66 1
285 : 1006 0 5 16 1
286 : 1621 0 30 5 0
287 : 1481 0 23 13 0
288 : 1409 0 16 67 1
289 : 1409 0 109 14 0
290 : 1195 0 72 25 0
291 : 888 12 12 18 1
292 : 1565 0 6 44 1
293 : 1414 0 32 9 0
294 : 1273 0 10 24 1
295 : 1006 0 26 3 0
296 : 1195 0 25 86 1
297 : 1006 0 4 95 1
298 : 1031 0 65 47 0
299 : 975 0 60 31 0
300 : 941 5 5 22 1
301 : 1565 0 16 6 0
302 : 1043 0 11 103 1
303 : 1006 0 3 32 1
304 : 888 0 131 44 0
305 : 1414 0 27 9 0
306 : 1006 0 3 2 0
307 : 1195 0 49 29 0
308 : 1308 0 56 12 0
309 : 1006 0 4 47 1
310 : 1195 0 26 105 1
311 : 1014 0 86 10 0
312 : 1050 0 5 101 1
313 : 1195 0 57 22 0
314 : 1409 0 14 14 0
315 : 980 0 61 111 1
316 : 975 0 50 41 0
317 : 1310 0 50 1 0
318 : 1006 0 13 4 0
319 : 1006 0 2 39 1
320 : 1006 0 2 100 1
321 : 1230 0 18 18 0
322 : 1084 0 49 30 0
323 : 1565 0 48 6 0
324 : 980 0 95 62 0
325 : 1117 0 68 1 0
326 : 888 41 41 87 1
327 : 1006 0 10 3 0
328 : 1414 0 8 146 1
329 : 1409 0 21 15 0
330 : 1254 0 47 13 0
331 : 1006 0 14 5 0
332 : 1414 0 12 8 0
333 : 1006 0 14 4 0
334 : 1195 0 23 44 1
335 : 1383 0 33 13 0
336 : 1414 0 29 8 0
337 : 888 0 130 5 0
338 : 1409 0 15 33 1
339 : 1195 0 22 46 1
340 : 980 0 69 86 1
341 : 1006 0 61 4 0
342 : 1006 0 2 38 1
343 : 975 0 39 186 1
344 : 1006 0 8 4 0
345 : 248 0 119 86 0
346 : 1230 0 48 19 0
347 : 1414 0 22 9 0
348 : 1006 0 65 3 0
349 : 1006 0 10 2 0
350 : 975 0 33 63 1
351 : 1409 0 28 14 0
352 : 1195 0 23 28 1
353 : 1409 0 40 14 0
354 : 1360 0 43 1 0
355 : 1565 0 6 18 1
356 : 1195 0 29 40 1
357 : 1556 0 1 9 1
358 : 1006 0 4 24 1
359 : 1414 0 38 9 0
360 : 975 0 34 45 1
361 : 1021 0 99 58 0
362 : 1006 0 4 58 1
363 : 1380 0 42 5 0
364 : 1195 0 67 28 0
365 : 1006 0 41 3 0
366 : 1428 0 11 19 1
367 : 1195 0 55 22 0
368 : 1409 0 14 22 1
369 : 1006 0 17 5 0
370 : 1414 0 8 40 1
371 : 1414 0 9 40 1
372 : 1491 0 7 26 1
373 : 1195 0 68 29 0
374 : 1006 0 4 13 1
375 : 975 0 33 80 1
376 : 1006 0 35 3 0
377 : 1195 0 77 29 0
378 : 1230 0 26 18 0
379 : 1218 0 5 61 1
380 : 367 0 86 94 1
381 : 1464 0 42 5 0
382 : 980 0 66 160 1
383 : 1414 0 31 9 0
384 : 975 0 37 60 1
385 : 1297 0 10 22 1
386 : 1409 0 15 20 1
387 : 1214 0 43 17 0
388 : 1195 0 45 22 0
389 : 1031 0 52 58 1
390 : 1176 0 40 10 0
391 : 1409 0 24 16 0
392 : 1195 0 112 22 0
393 : 1195 0 22 22 0
394 : 1006 0 2 12 1
395 : 1362 0 10 20 1
396 : 1195 0 25 22 0
397 : 1471 0 10 150 1
398 : 1006 0 4 33 1
399 : 1031 0 50 104 1
400 : 1409 0 40 15 0
401 : 1031 0 53 137 1
402 : 1006 0 4 30 1
403 : 975 0 56 33 0
404 : 975 0 32 63 1
405 : 1006 0 4 14 1
406 : 888 0 134 41 0
407 : 1230 0 19 20 1
408 : 1006 0 5 7 1
409 : 1195 0 28 54 1
410 : 1006 0 14 5 0
411 : 1006 0 42 4 0
412 : 1409 0 36 15 0
413 : 1195 0 94 23 0
414 : 1195 0 34 23 0
415 : 1006 0 3 4 1
416 : 1414 0 50 8 0
417 : 1006 0 32 4 0
418 : 1230 0 18 61 1
419 : 1211 0 58 7 0
420 : 1006 0 24 2 0
421 : 1195 0 23 75 1
422 : 1006 0 11 2 0
423 : 888 0 162 5 0
424 : 1230 0 84 20 0
425 : 980 0 110 67 0
426 : 1414 0 10 9 0
427 : 1006 0 3 4 1
428 : 1409 0 28 15 0
429 : 1409 0 14 20 1
430 : 1006 0 3 38 1
431 : 1409 0 15 100 1
432 : 1517 0 18 7 0
433 : 1422 0 5 42 1
434 : 975 0 76 31 0
435 : 1414 0 8 170 1
436 : 985 0 21 5 0
437 : 1279 0 5 51 1
438 : 1301 0 13 45 1
439 : 1409 0 14 32 1
440 : 1195 0 25 24 0
441 : 980 0 78 61 0
442 : 1006 0 9 4 0
443 : 1112 0 12 101 1
444 : 1473 0 21 1 0
445 : 888 0 135 21 0
446 : 1006 0 6 4 0
447 : 1195 0 28 40 1
448 : 114 0 134 90 0
449 : 1165 0 49 17 0
450 : 975 0 40 48 1
451 : 975 0 33 64 1
452 : 975 0 34 83 1
453 : 1006 0 2 80 1
454 : 1213 0 95 12 0
455 : 1195 0 26 26 0
456 : 1195 0 26 37 1
457 : 1304 0 33 11 0
458 : 1207 0 23 21 0
459 : 1462 0 7 29 1
460 : 1389 0 11 20 1
461 : 1144 0 13 60 1
462 : 1575 0 2 1 0
463 : 1409 0 40 14 0
464 : 1195 0 30 22 0
465 : 1195 0 24 45 1
466 : 1565 0 6 22 1
467 : 975 0 66 31 0
468 : 1565 0 9 6 0
469 : 1019 0 44 61 1
470 : 1251 0 1 59 1
471 : 1195 0 24 81 1
472 : 1230 0 19 26 1
473 : 1230 0 19 121 1
474 : 1195 0 46 23 0
475 : 1565 0 6 31 1
476 : 1547 0 5 41 1
477 : 1534 0 12 18 1
478 : 1409 0 15 85 1
479 : 1651 0 5 28 1
480 : 461 0 86 87 1
481 : 1409 0 36 12 0
482 : 1085 0 64 7 0
483 : 1006 0 5 4 0
484 : 1230 0 34 18 0
485 : 1216 0 30 10 0
486 : 888 0 194 13 0
487 : 1565 0 38 6 0
488 : 1565 0 1 4 1
489 : 1006 0 106 2 0
490 : 1369 0 11 20 1
491 : 1006 0 4 12 1
492 : 1319 0 22 10 0
493 : 980 0 70 128 1
494 : 1409 0 14 76 1
495 : 1006 0 4 31 1
496 : 1006 0 2 4 1
497 : 1409 0 69 16 0
498 : 1230 0 20 49 1
499 : 1006 0 2 50 1
