100 42
0 : 95 0 4 22 0
1 : 88 34 9 4 0
2 : 76 15 18 10 0
3 : 76 25 19 9 0
4 : 43 37 5 4 0
5 : 76 39 3 3 0
6 : 10 30 4 15 1
7 : 18 37 1 3 1
8 : 10 34 13 3 0
9 : 62 15 13 14 1
10 : 0 39 2 4 1
11 : 52 39 1 14 1
12 : 52 20 8 13 0
13 : 4 39 1 7 1
14 : 36 20 11 16 1
15 : 60 36 11 1 0
16 : 0 38 38 1 0
17 : 95 22 9 5 1
18 : 60 20 2 8 0
19 : 70 39 6 2 0
20 : 82 39 2 4 1
21 : 53 37 2 21 1
22 : 38 37 4 5 1
23 : 36 33 17 4 0
24 : 92 38 7 2 0
25 : 99 17 5 1 1
26 : 71 34 3 17 1
27 : 95 31 2 3 0
28 : 0 23 7 25 1
29 : 79 39 3 3 0
30 : 53 33 4 7 1
31 : 0 30 8 10 1
32 : 62 0 32 15 0
33 : 87 38 5 3 0
34 : 97 31 7 3 1
35 : 36 31 2 14 1
36 : 71 28 5 6 0
37 : 94 0 14 1 1
38 : 60 28 11 8 0
39 : 25 23 15 11 1
40 : 94 14 9 1 1
41 : 99 0 1 17 0
42 : 66 39 3 4 1
43 : 36 0 20 26 1
44 : 74 37 13 2 0
45 : 48 37 4 4 0
46 : 10 37 1 8 1
47 : 0 0 23 36 1
48 : 50 31 2 2 0
49 : 23 34 4 2 1
