300 207
0 : 170 119 2 3 0
1 : 140 144 18 12 1
2 : 22 159 14 5 1
3 : 269 175 11 6 1
4 : 97 156 12 16 0
5 : 131 60 6 44 0
6 : 237 111 2 10 0
7 : 237 72 2 23 0
8 : 279 38 52 6 1
9 : 50 86 12 39 0
10 : 214 136 7 26 0
11 : 97 187 10 13 0
12 : 167 98 19 3 1
13 : 72 60 59 12 0
14 : 137 100 2 14 0
15 : 22 173 8 4 1
16 : 240 38 39 39 0
17 : 117 144 14 24 0
18 : 175 155 20 19 0
19 : 232 176 4 4 0
20 : 72 184 18 14 0
21 : 97 133 12 23 0
22 : 32 131 30 12 1
23 : 174 47 1 2 0
24 : 172 101 2 11 0
25 : 111 109 5 26 0
26 : 223 165 9 16 0
27 : 175 0 65 32 0
28 : 240 147 23 19 0
29 : 62 148 5 19 0
30 : 117 188 10 14 1
31 : 279 90 6 30 0
32 : 174 7 31 1 1
33 : 131 152 16 5 1
34 : 131 104 26 6 1
35 : 293 124 8 3 1
36 : 269 160 7 15 0
37 : 172 120 2 2 0
38 : 166 32 1 24 0
39 : 157 8 9 50 0
40 : 277 113 7 2 1
41 : 117 168 20 14 1
42 : 263 125 22 6 1
43 : 29 130 3 4 0
44 : 44 115 2 4 0
45 : 296 113 7 2 1
46 : 50 38 22 48 0
47 : 72 34 67 26 0
48 : 240 125 22 23 1
49 : 175 100 39 14 0
50 : 286 110 7 29 0
51 : 72 96 13 45 1
52 : 277 77 22 2 1
53 : 111 157 14 5 1
54 : 0 122 19 29 1
55 : 172 112 8 2 1
56 : 0 70 46 23 0
57 : 223 143 22 9 1
58 : 214 162 7 14 0
59 : 299 0 1 33 0
60 : 157 135 25 9 1
61 : 232 163 13 4 1
62 : 240 102 23 29 1
63 : 203 114 11 31 0
64 : 293 110 14 3 1
65 : 285 47 1 2 0
66 : 286 139 7 25 0
67 : 269 132 28 7 1
68 : 0 141 20 22 1
69 : 195 155 15 4 1
70 : 279 120 4 25 0
71 : 195 170 9 4 1
72 : 240 166 23 16 0
73 : 240 182 14 19 1
74 : 62 86 10 34 0
75 : 72 198 9 9 0
76 : 170 115 2 4 0
77 : 72 0 103 7 0
78 : 293 132 4 3 1
79 : 72 122 11 37 1
80 : 29 122 8 3 1
81 : 153 104 4 26 0
82 : 277 99 14 2 1
83 : 203 182 8 15 0
84 : 140 67 13 44 0
85 : 237 32 40 2 1
86 : 32 93 12 38 0
87 : 72 109 39 13 0
88 : 279 145 4 16 0
89 : 296 61 2 37 0
90 : 69 133 4 3 1
91 : 214 176 6 9 0
92 : 263 166 13 4 1
93 : 97 172 12 15 0
94 : 44 93 22 2 1
95 : 286 164 7 13 0
96 : 223 108 13 35 0
97 : 175 54 29 48 1
98 : 139 34 9 1 1
99 : 167 68 30 3 1
100 : 50 125 11 31 0
101 : 170 94 21 2 1
102 : 153 178 4 4 0
103 : 239 32 14 1 1
104 : 174 38 1 9 0
105 : 157 191 9 12 0
106 : 137 60 2 40 0
107 : 72 152 22 18 0
108 : 203 165 8 17 0
109 : 299 33 13 1 1
110 : 175 114 22 28 1
111 : 214 100 8 36 0
112 : 167 126 3 7 0
113 : 0 175 18 15 0
114 : 72 170 14 21 1
115 : 72 72 24 45 1
116 : 44 119 4 2 1
117 : 0 161 22 14 0
118 : 72 7 95 1 0
119 : 72 8 26 68 1
120 : 199 157 15 4 1
121 : 131 179 5 7 0
122 : 240 0 46 38 0
123 : 239 46 4 1 1
124 : 40 176 4 5 0
125 : 172 7 58 2 1
126 : 50 190 14 8 1
127 : 175 83 17 47 1
128 : 175 191 15 15 0
129 : 22 141 6 18 0
130 : 157 160 9 17 0
131 : 237 95 16 2 1
132 : 286 177 9 6 1
133 : 223 196 7 7 0
134 : 279 161 14 4 1
135 : 131 130 5 22 0
136 : 140 162 12 15 0
137 : 131 168 11 5 1
138 : 157 177 9 14 0
139 : 140 111 33 13 1
140 : 199 172 8 4 1
141 : 62 120 28 7 1
142 : 140 8 17 59 0
143 : 153 67 4 37 0
144 : 285 38 9 1 1
145 : 214 185 6 9 0
146 : 203 145 20 8 1
147 : 166 8 24 1 1
148 : 223 54 14 54 0
149 : 286 61 49 10 1
150 : 140 189 14 8 1
151 : 50 156 9 18 0
152 : 279 175 4 7 0
153 : 50 174 9 16 0
154 : 240 77 25 37 1
155 : 0 93 32 29 0
156 : 18 175 8 4 1
157 : 296 98 2 15 0
158 : 167 7 61 5 1
159 : 153 130 4 22 0
160 : 223 181 8 15 0
161 : 72 133 19 25 1
162 : 199 136 4 21 0
163 : 263 147 5 19 0
164 : 175 136 19 24 1
165 : 0 190 14 17 1
166 : 46 127 7 3 1
167 : 46 70 29 3 1
168 : 153 152 15 4 1
169 : 240 196 10 12 1
170 : 157 58 43 9 1
171 : 46 99 14 3 1
172 : 137 119 2 3 0
173 : 232 143 20 4 1
174 : 175 32 22 62 1
175 : 175 174 17 17 0
176 : 170 68 26 2 1
177 : 32 161 15 12 1
178 : 172 65 2 36 0
179 : 0 38 32 50 1
180 : 111 135 5 22 0
181 : 32 176 16 8 1
182 : 117 114 14 30 0
183 : 137 114 5 2 1
184 : 299 46 1 2 0
185 : 69 120 8 3 1
186 : 269 102 30 7 1
187 : 111 171 4 9 0
188 : 167 117 9 3 1
189 : 46 113 14 3 1
190 : 117 72 42 14 1
191 : 157 101 34 9 1
192 : 153 167 4 11 0
193 : 0 0 38 72 1
194 : 139 43 6 1 1
195 : 69 128 3 5 0
196 : 32 192 10 8 1
197 : 140 177 12 12 0
198 : 62 167 4 12 0
199 : 286 0 13 61 0
