300 200
0 : 14 196 2 3 0
1 : 218 155 18 12 0
2 : 270 187 14 5 0
3 : 0 186 11 6 0
4 : 282 162 12 16 1
5 : 34 152 6 44 1
6 : 0 196 2 10 1
7 : 140 191 2 23 1
8 : 46 146 52 6 0
9 : 91 112 12 39 1
10 : 95 163 7 26 1
11 : 111 170 10 13 0
12 : 200 191 19 3 0
13 : 37 89 59 12 0
14 : 270 195 2 14 1
15 : 119 193 8 4 0
16 : 72 32 39 39 0
17 : 0 130 14 24 1
18 : 277 128 20 19 0
19 : 10 196 4 4 0
20 : 140 151 18 14 0
21 : 98 151 12 23 1
22 : 201 135 30 12 0
23 : 24 197 1 2 1
24 : 136 196 2 11 1
25 : 205 175 5 26 1
26 : 95 170 9 16 1
27 : 72 0 65 32 0
28 : 178 122 23 19 0
29 : 222 182 5 19 1
30 : 173 170 10 14 1
31 : 15 165 6 30 1
32 : 239 195 31 1 0
33 : 203 186 16 5 0
34 : 45 167 26 6 0
35 : 219 195 8 3 0
36 : 248 178 7 15 1
37 : 68 197 2 2 0
38 : 178 196 1 24 1
39 : 234 119 9 50 1
40 : 53 196 7 2 0
41 : 159 145 20 14 1
42 : 32 173 22 6 0
43 : 261 196 3 4 1
44 : 60 197 2 4 1
45 : 46 196 7 2 0
46 : 48 38 22 48 0
47 : 137 26 67 26 0
48 : 68 101 22 23 1
49 : 29 101 39 14 0
50 : 236 155 7 29 1
51 : 195 96 13 45 1
52 : 32 193 22 2 0
53 : 186 187 14 5 0
54 : 0 92 19 29 1
55 : 202 196 8 2 0
56 : 156 52 46 23 0
57 : 55 158 22 9 0
58 : 94 179 7 14 1
59 : 186 195 1 33 1
60 : 0 155 25 9 0
61 : 89 191 13 4 0
62 : 96 89 23 29 1
63 : 89 135 11 31 1
64 : 186 192 14 3 0
65 : 87 197 1 2 1
66 : 121 165 7 25 1
67 : 188 161 28 7 0
68 : 130 112 20 22 1
69 : 239 190 15 4 0
70 : 197 182 4 25 1
71 : 154 193 9 4 0
72 : 152 129 23 16 0
73 : 121 151 14 19 1
74 : 231 137 10 34 1
75 : 71 183 9 9 0
76 : 151 197 2 4 1
77 : 185 89 103 7 0
78 : 215 196 4 3 0
79 : 89 124 11 37 1
80 : 89 195 8 3 0
81 : 171 182 4 26 1
82 : 32 195 14 2 0
83 : 70 175 8 15 1
84 : 240 96 13 44 1
85 : 106 187 40 2 0
86 : 288 88 12 38 0
87 : 195 109 39 13 0
88 : 284 187 4 16 1
89 : 106 189 2 37 1
90 : 265 196 4 3 0
91 : 26 188 6 9 0
92 : 219 191 13 4 0
93 : 264 164 12 15 1
94 : 0 192 22 2 0
95 : 293 174 7 13 0
96 : 24 115 13 35 1
97 : 0 38 29 48 1
98 : 269 197 9 1 0
99 : 263 184 30 3 0
100 : 120 135 11 31 1
101 : 54 193 21 2 0
102 : 147 196 4 4 0
103 : 234 196 14 1 0
104 : 60 196 1 9 1
105 : 85 175 9 12 0
106 : 146 187 2 40 1
107 : 24 128 22 18 0
108 : 15 171 8 17 1
109 : 248 196 13 1 0
110 : 125 90 22 28 1
111 : 218 147 8 36 1
112 : 293 195 3 7 1
113 : 282 147 18 15 0
114 : 197 147 14 21 1
115 : 111 52 24 45 1
116 : 64 197 4 2 0
117 : 175 141 22 14 0
118 : 108 186 95 1 0
119 : 137 0 26 68 1
120 : 44 188 15 4 0
121 : 232 191 5 7 1
122 : 205 0 46 38 0
123 : 287 197 4 1 0
124 : 97 195 4 5 1
125 : 173 180 58 2 0
126 : 121 176 14 8 0
127 : 202 72 17 47 1
128 : 173 155 15 15 0
129 : 34 179 6 18 1
130 : 188 168 9 17 1
131 : 0 194 16 2 0
132 : 80 191 9 6 0
133 : 179 189 7 7 0
134 : 254 190 14 4 0
135 : 149 177 5 22 1
136 : 158 165 12 15 1
137 : 59 188 11 5 0
138 : 279 174 9 14 1
139 : 201 122 33 13 0
140 : 16 194 8 4 0
141 : 236 162 28 7 0
142 : 283 0 17 59 0
143 : 121 172 4 37 1
144 : 78 197 9 1 0
145 : 284 191 6 9 1
146 : 216 167 20 8 0
147 : 46 195 24 1 0
148 : 131 76 14 54 1
149 : 234 109 49 10 0
150 : 135 176 14 8 0
151 : 77 166 9 18 1
152 : 293 191 4 7 1
153 : 248 169 9 16 1
154 : 0 67 25 37 1
155 : 266 59 32 29 0
156 : 111 193 8 4 0
157 : 163 195 2 15 1
158 : 98 146 61 5 0
159 : 12 184 4 22 1
160 : 264 176 8 15 1
161 : 153 110 19 25 1
162 : 85 187 4 21 1
163 : 52 183 5 19 1
164 : 0 111 19 24 1
165 : 78 152 14 17 1
166 : 227 196 7 3 0
167 : 241 187 29 3 0
168 : 11 188 15 4 0
169 : 0 176 10 12 1
170 : 234 128 43 9 0
171 : 268 192 14 3 0
172 : 284 197 2 3 1
173 : 219 187 20 4 0
174 : 204 50 22 62 1
175 : 265 147 17 17 0
176 : 102 191 26 2 0
177 : 0 164 15 12 0
178 : 143 189 2 36 1
179 : 251 0 32 50 0
180 : 12 179 5 22 1
181 : 54 173 16 8 0
182 : 59 123 14 30 1
183 : 24 192 5 2 1
184 : 291 197 1 2 1
185 : 70 195 8 3 0
186 : 25 158 30 7 0
187 : 102 193 4 9 1
188 : 127 195 9 3 0
189 : 140 193 14 3 0
190 : 153 96 42 14 0
191 : 0 146 34 9 0
192 : 163 191 4 11 1
193 : 0 0 38 72 1
194 : 278 197 6 1 0
195 : 210 196 3 5 1
196 : 34 185 10 8 0
197 : 236 169 12 12 0
198 : 128 191 4 12 1
199 : 70 76 13 61 1
