100 43
0 : 95 15 4 22 0
1 : 61 32 9 4 0
2 : 0 23 18 10 0
3 : 76 26 19 9 0
4 : 75 35 5 4 0
5 : 0 37 3 3 0
6 : 61 28 4 15 1
7 : 85 42 1 3 1
8 : 80 35 13 3 0
9 : 62 15 13 14 1
10 : 98 37 2 4 0
11 : 38 41 1 14 1
12 : 18 23 8 13 1
13 : 93 41 1 7 1
14 : 76 15 11 16 1
15 : 52 42 11 1 0
16 : 0 41 38 1 0
17 : 95 0 9 5 1
18 : 6 37 2 8 1
19 : 51 39 6 2 0
20 : 13 39 2 4 1
21 : 17 38 2 21 1
22 : 70 32 4 5 1
23 : 0 33 17 4 0
24 : 6 39 7 2 0
25 : 80 42 5 1 0
26 : 50 36 3 17 1
27 : 57 39 2 3 1
28 : 18 31 7 25 1
29 : 3 37 3 3 0
30 : 43 31 4 7 1
31 : 51 28 8 10 1
32 : 62 0 32 15 0
33 : 93 37 5 3 0
34 : 67 36 7 3 0
35 : 74 39 2 14 1
36 : 95 9 5 6 0
37 : 79 41 14 1 0
38 : 51 20 11 8 0
39 : 36 20 15 11 0
40 : 63 42 9 1 0
41 : 62 41 1 17 1
42 : 47 35 3 4 0
43 : 36 0 20 26 1
44 : 38 39 13 2 0
45 : 43 35 4 4 0
46 : 72 42 1 8 1
47 : 0 0 23 36 1
48 : 60 39 2 2 0
49 : 88 38 4 2 0
