1000 720
0 : 0 0 94 6 0
1 : 94 0 22 1 0
2 : 116 0 25 23 0
3 : 141 0 2 13 1
4 : 154 0 7 6 0
5 : 161 0 16 133 1
6 : 294 0 37 13 0
7 : 331 0 42 91 1
8 : 422 0 32 7 0
9 : 454 0 4 53 1
10 : 507 0 27 10 0
11 : 534 0 57 16 0
12 : 591 0 32 2 0
13 : 623 0 2 3 1
14 : 626 0 31 41 1
15 : 667 0 22 1 0
16 : 689 0 1 103 1
17 : 792 0 4 4 0
18 : 796 0 7 62 1
19 : 858 0 41 5 0
20 : 899 0 24 19 0
21 : 923 0 50 59 1
22 : 667 1 69 42 0
23 : 0 6 67 63 0
24 : 154 16 168 76 0
25 : 736 1 19 52 1
26 : 982 0 1 2 1
27 : 788 7 29 79 1
28 : 591 2 31 3 0
29 : 422 7 18 58 1
30 : 982 1 5 18 1
31 : 67 6 23 41 1
32 : 480 16 3 69 1
33 : 141 2 9 10 1
34 : 480 19 112 22 0
35 : 592 5 11 19 1
36 : 422 41 202 57 0
37 : 867 5 14 24 1
38 : 67 29 60 77 1
39 : 867 19 48 3 0
40 : 736 20 40 25 0
41 : 982 6 4 14 1
42 : 867 22 37 20 0
43 : 776 36 69 26 0
44 : 624 31 28 29 1
45 : 982 10 17 32 0
46 : 653 45 9 119 1
47 : 322 42 40 4 0
48 : 845 42 15 61 1
49 : 362 42 48 16 0
50 : 915 50 14 55 1
51 : 982 42 15 19 0
52 : 653 54 34 113 1
53 : 322 58 94 81 0
54 : 845 57 53 15 0
55 : 144 11 8 31 0
56 : 152 2 1 14 0
57 : 772 62 36 36 0
58 : 153 2 1 1 0
59 : 906 22 3 33 0
60 : 909 22 12 5 1
61 : 970 50 12 11 0
62 : 144 42 24 9 1
63 : 808 62 20 32 1
64 : 914 64 82 39 0
65 : 840 72 21 72 1
66 : 0 69 34 6 0
67 : 0 75 56 8 0
68 : 624 59 25 15 0
69 : 0 83 66 2 0
70 : 649 88 18 79 1
71 : 0 85 29 39 1
72 : 39 89 41 115 1
73 : 154 92 104 6 0
74 : 728 88 44 25 0
75 : 624 74 15 18 1
76 : 258 92 49 7 0
77 : 808 93 22 95 1
78 : 416 42 8 6 1
79 : 416 98 7 38 1
80 : 154 98 7 42 1
81 : 454 98 49 116 1
82 : 570 98 69 41 0
83 : 196 99 69 18 0
84 : 265 99 5 50 1
85 : 772 98 23 24 1
86 : 903 103 91 8 0
87 : 639 106 34 83 1
88 : 796 98 9 8 0
89 : 265 104 13 33 1
90 : 416 105 32 11 0
91 : 154 105 9 26 1
92 : 997 42 22 3 1
93 : 298 104 18 14 0
94 : 805 115 143 54 0
95 : 154 117 133 58 0
96 : 948 111 15 36 1
97 : 722 113 6 38 1
98 : 722 121 71 4 0
99 : 996 64 9 4 1
100 : 0 130 17 125 1
101 : 984 111 7 14 1
102 : 796 106 8 17 0
103 : 416 116 26 32 1
104 : 287 118 17 12 0
105 : 316 139 29 94 1
106 : 984 118 14 14 0
107 : 722 125 22 59 1
108 : 570 140 75 2 0
109 : 781 125 10 21 1
110 : 948 132 48 4 0
111 : 287 130 17 22 1
112 : 645 140 77 11 0
113 : 410 147 90 39 0
114 : 500 147 126 10 0
115 : 125 130 27 4 0
116 : 948 136 32 24 0
117 : 722 147 11 51 1
118 : 0 147 70 16 0
119 : 70 147 70 27 0
120 : 781 135 22 25 0
121 : 626 151 4 48 1
122 : 309 118 5 8 0
123 : 140 134 11 12 1
124 : 674 151 3 33 1
125 : 980 136 19 16 0
126 : 626 155 42 92 1
127 : 718 169 28 226 1
128 : 287 147 22 23 1
129 : 140 145 11 8 0
130 : 500 157 49 15 0
131 : 549 157 3 39 1
132 : 314 168 94 32 0
133 : 549 160 68 40 0
134 : 999 73 4 1 1
135 : 948 160 36 14 0
136 : 984 152 10 6 0
137 : 140 153 22 14 1
138 : 0 163 67 7 0
139 : 0 174 21 81 1
140 : 81 175 28 148 1
141 : 500 172 36 47 1
142 : 229 175 22 61 1
143 : 408 186 62 9 0
144 : 994 152 5 22 0
145 : 617 197 95 114 1
146 : 408 195 18 80 1
147 : 0 195 61 15 0
148 : 310 126 35 2 1
149 : 290 169 3 15 1
150 : 229 197 5 67 1
151 : 944 174 47 9 0
152 : 944 183 50 17 0
153 : 731 197 32 25 0
154 : 310 161 4 14 0
155 : 296 172 24 8 1
156 : 763 197 122 12 0
157 : 229 202 123 30 0
158 : 994 174 6 12 0
159 : 885 197 2 59 1
160 : 885 200 92 28 0
161 : 547 200 53 2 0
162 : 488 186 12 20 0
163 : 61 203 41 140 1
164 : 352 200 29 6 0
165 : 547 202 59 38 0
166 : 352 206 32 13 0
167 : 488 208 15 38 1
168 : 977 200 18 12 0
169 : 763 209 3 38 1
170 : 801 209 31 30 0
171 : 0 210 58 3 0
172 : 201 203 5 25 1
173 : 832 209 32 7 0
174 : 384 213 25 43 1
175 : 427 223 11 72 1
176 : 995 186 4 18 0
177 : 201 208 23 6 0
178 : 606 200 9 6 0
179 : 864 228 71 38 0
180 : 224 238 10 202 1
181 : 526 208 14 4 0
182 : 526 212 5 21 1
183 : 763 212 29 22 0
184 : 0 213 42 6 0
185 : 731 234 35 68 1
186 : 0 219 40 20 0
187 : 935 228 59 6 0
188 : 427 234 11 68 1
189 : 832 216 24 3 0
190 : 499 223 3 45 1
191 : 499 226 40 32 0
192 : 832 219 29 22 0
193 : 544 240 14 70 1
194 : 999 186 1 16 0
195 : 935 234 50 34 0
196 : 40 244 6 76 1
197 : 201 214 22 40 0
198 : 116 244 75 4 0
199 : 615 200 1 14 0
200 : 799 241 61 4 0
201 : 985 234 9 11 1
202 : 223 248 122 17 0
203 : 345 248 99 56 0
204 : 0 250 40 104 1
205 : 104 254 11 105 1
206 : 444 245 45 12 0
207 : 799 245 32 27 0
208 : 616 200 1 18 0
209 : 996 204 14 4 1
210 : 444 258 130 7 0
211 : 831 245 16 7 0
212 : 614 214 2 6 0
213 : 861 216 3 46 0
214 : 209 265 102 12 0
215 : 104 265 86 70 0
216 : 985 243 15 12 0
217 : 444 265 10 139 1
218 : 860 266 38 45 1
219 : 831 252 8 20 1
220 : 851 245 9 8 0
221 : 583 254 24 12 0
222 : 905 268 22 91 1
223 : 731 272 22 126 1
224 : 444 275 43 32 0
225 : 487 275 112 22 0
226 : 190 277 73 30 0
227 : 311 265 31 30 0
228 : 263 277 34 19 0
229 : 607 254 7 4 0
230 : 607 258 36 6 1
231 : 613 292 17 105 1
232 : 297 277 17 9 1
233 : 905 290 32 24 0
234 : 937 290 33 5 0
235 : 0 290 52 23 0
236 : 599 266 8 23 0
237 : 857 253 8 2 1
238 : 718 294 10 76 1
239 : 263 296 70 33 0
240 : 52 290 33 22 0
241 : 794 294 13 50 1
242 : 937 295 21 31 1
243 : 970 290 19 27 1
244 : 85 290 17 13 0
245 : 599 289 4 4 0
246 : 487 297 4 37 1
247 : 524 297 15 83 1
248 : 342 304 85 15 0
249 : 427 307 50 92 1
250 : 718 304 66 1 0
251 : 784 307 92 73 0
252 : 718 305 11 39 1
253 : 876 304 4 28 1
254 : 85 303 10 14 1
255 : 190 307 62 65 1
256 : 607 309 62 13 0
257 : 876 308 28 5 0
258 : 519 312 53 4 0
259 : 572 322 78 137 1
260 : 757 305 12 27 1
261 : 968 309 18 10 0
262 : 0 313 19 54 1
263 : 333 295 14 6 1
264 : 99 303 5 4 0
265 : 255 329 126 1 0
266 : 876 314 44 51 1
267 : 709 309 9 8 0
268 : 709 317 72 29 0
269 : 54 313 9 34 1
270 : 986 309 14 20 0
271 : 255 330 37 85 1
272 : 0 332 22 89 1
273 : 927 316 16 2 0
274 : 519 316 26 32 1
275 : 551 316 16 3 0
276 : 927 318 32 16 0
277 : 340 330 69 40 0
278 : 927 334 31 45 1
279 : 89 335 34 94 1
280 : 409 357 90 45 0
281 : 519 342 43 14 0
282 : 876 365 78 109 1
283 : 567 316 26 1 1
284 : 709 346 32 66 1
285 : 562 319 5 16 0
286 : 985 329 30 5 1
287 : 0 354 23 13 0
288 : 499 357 16 67 1
289 : 183 369 109 14 0
290 : 0 367 72 25 0
291 : 72 354 12 18 0
292 : 990 329 6 44 0
293 : 292 367 32 9 0
294 : 84 369 10 24 1
295 : 568 316 26 3 1
296 : 292 376 25 86 1
297 : 72 379 4 95 1
298 : 499 373 65 47 0
299 : 709 378 60 31 0
300 : 566 342 5 22 0
301 : 775 346 16 6 1
302 : 769 380 11 103 1
303 : 996 329 3 32 0
304 : 72 383 131 44 0
305 : 378 370 27 9 0
306 : 985 359 3 2 0
307 : 203 383 49 29 0
308 : 769 391 56 12 0
309 : 825 391 4 47 1
310 : 571 400 26 105 1
311 : 252 401 86 10 0
312 : 378 402 5 101 1
313 : 0 392 57 22 0
314 : 985 373 14 14 0
315 : 338 407 61 111 1
316 : 825 395 50 41 0
317 : 999 329 50 1 1
318 : 566 364 13 4 1
319 : 769 403 2 39 1
320 : 676 409 2 100 1
321 : 479 402 18 18 0
322 : 776 405 49 30 0
323 : 252 411 48 6 0
324 : 676 411 95 62 0
325 : 0 414 68 1 0
326 : 203 417 41 87 1
327 : 564 377 10 3 1
328 : 497 426 8 146 1
329 : 985 387 21 15 1
330 : 0 415 47 13 0
331 : 449 407 14 5 0
332 : 463 407 12 8 0
333 : 68 392 14 4 1
334 : 290 417 23 44 1
335 : 463 420 33 13 0
336 : 643 426 29 8 0
337 : 68 427 130 5 0
338 : 985 408 15 33 0
339 : 0 428 22 46 1
340 : 46 432 69 86 1
341 : 132 432 61 4 0
342 : 449 433 2 38 1
343 : 487 434 39 186 1
344 : 334 411 8 4 1
345 : 875 443 119 86 0
346 : 771 435 48 19 0
347 : 449 435 22 9 0
348 : 132 436 65 3 0
349 : 334 419 10 2 1
350 : 132 439 33 63 1
351 : 819 436 28 14 0
352 : 847 436 23 28 1
353 : 290 440 40 14 0
354 : 0 450 43 1 0
355 : 197 432 6 18 0
356 : 0 451 29 40 1
357 : 336 419 1 9 0
358 : 449 444 4 24 1
359 : 449 448 38 9 0
360 : 290 454 34 45 1
361 : 771 459 99 58 0
362 : 195 458 4 58 1
363 : 195 462 42 5 0
364 : 195 467 67 28 0
365 : 673 426 41 3 1
366 : 449 457 11 19 1
367 : 335 468 55 22 0
368 : 262 458 14 22 1
369 : 994 441 17 5 1
370 : 390 468 8 40 1
371 : 430 468 9 40 1
372 : 262 472 7 26 1
373 : 673 473 68 29 0
374 : 470 457 4 13 1
375 : 483 473 33 80 1
376 : 132 472 35 3 0
377 : 563 473 77 29 0
378 : 167 472 26 18 0
379 : 390 477 5 61 1
380 : 288 490 86 94 1
381 : 0 480 42 5 0
382 : 42 501 66 160 1
383 : 640 473 31 9 0
384 : 390 482 37 60 1
385 : 470 461 10 22 0
386 : 741 473 15 20 1
387 : 202 495 43 17 0
388 : 671 502 45 22 0
389 : 563 502 52 58 1
390 : 0 485 40 10 0
391 : 262 479 24 16 0
392 : 450 506 112 22 0
393 : 640 482 22 22 0
394 : 994 458 2 12 0
395 : 761 473 10 20 0
396 : 741 493 25 22 0
397 : 716 517 10 150 1
398 : 996 458 4 33 0
399 : 662 527 50 104 1
400 : 0 495 40 15 0
401 : 382 528 53 137 1
402 : 870 459 4 30 0
403 : 202 512 56 33 0
404 : 766 527 32 63 1
405 : 258 495 4 14 1
406 : 866 529 134 41 0
407 : 258 499 19 20 1
408 : 278 495 5 7 1
409 : 621 504 28 54 0
410 : 278 500 14 5 1
411 : 0 510 42 4 0
412 : 0 514 36 15 0
413 : 519 554 94 23 0
414 : 829 527 34 23 0
415 : 285 495 3 4 0
416 : 202 545 50 8 0
417 : 283 500 32 4 1
418 : 202 553 18 61 1
419 : 649 504 58 7 1
420 : 656 504 24 2 1
421 : 766 559 23 75 1
422 : 658 504 11 2 1
423 : 36 567 162 5 0
424 : 863 570 84 20 0
425 : 0 572 110 67 0
426 : 263 518 10 9 0
427 : 278 514 3 4 1
428 : 263 527 28 15 1
429 : 841 550 14 20 1
430 : 658 515 3 38 0
431 : 110 572 15 100 1
432 : 278 532 18 7 1
433 : 613 562 5 42 1
434 : 210 571 76 31 0
435 : 519 577 8 170 1
436 : 841 564 21 5 0
437 : 947 570 5 51 1
438 : 947 575 13 45 1
439 : 286 576 14 32 1
440 : 318 576 25 24 0
441 : 343 581 78 61 0
442 : 841 569 9 4 0
443 : 689 582 12 101 1
444 : 862 550 21 1 1
445 : 421 585 135 21 0
446 : 850 569 6 4 0
447 : 790 582 28 40 1
448 : 862 590 134 90 0
449 : 556 585 49 17 0
450 : 605 585 40 48 1
451 : 110 587 33 64 1
452 : 653 594 34 83 1
453 : 174 602 2 80 1
454 : 174 604 95 12 0
455 : 830 582 26 26 0
456 : 736 594 26 37 1
457 : 286 600 33 11 0
458 : 319 600 23 21 0
459 : 556 602 7 29 1
460 : 585 602 11 20 1
461 : 421 606 13 60 1
462 : 856 569 2 1 0
463 : 481 606 40 14 0
464 : 521 606 30 22 0
465 : 773 610 24 45 1
466 : 856 570 6 22 0
467 : 174 616 66 31 0
468 : 856 592 9 6 1
469 : 240 616 44 61 1
470 : 421 619 1 59 1
471 : 421 620 24 81 1
472 : 830 608 19 26 1
473 : 551 628 19 121 1
474 : 110 620 46 23 0
475 : 736 620 6 31 1
476 : 301 621 5 41 1
477 : 818 610 12 18 0
478 : 672 628 15 85 1
479 : 856 601 5 28 0
480 : 767 634 86 87 1
481 : 301 626 36 12 0
482 : 0 639 64 7 0
483 : 996 575 5 4 1
484 : 502 628 34 18 0
485 : 301 638 30 10 0
486 : 342 646 194 13 0
487 : 64 639 38 6 0
488 : 996 580 1 4 1
489 : 64 645 106 2 0
490 : 536 628 11 20 0
491 : 996 581 4 12 0
492 : 757 626 22 10 1
493 : 547 647 70 128 1
494 : 675 643 14 76 1
495 : 996 593 4 31 0
496 : 170 620 2 4 1
497 : 170 647 69 16 0
498 : 0 646 20 49 1
499 : 49 647 2 50 1
