200 124
0 : 0 0 4 6 1
1 : 6 0 2 4 1
2 : 10 0 110 45 0
3 : 120 0 1 15 1
4 : 135 0 2 4 1
5 : 139 0 6 3 0
6 : 145 0 1 27 1
7 : 172 0 4 23 1
8 : 120 1 9 14 1
9 : 145 1 1 11 1
10 : 156 1 15 2 0
11 : 134 3 18 24 1
12 : 145 2 8 1 0
13 : 158 4 15 40 1
14 : 120 10 7 14 1
15 : 6 2 11 4 1
16 : 134 1 1 2 0
17 : 158 19 37 2 0
18 : 120 21 20 8 0
19 : 0 13 12 9 1
20 : 140 21 15 15 0
21 : 155 21 14 20 1
22 : 155 35 4 27 1
23 : 198 0 1 18 0
24 : 182 21 22 14 1
25 : 120 36 23 7 0
26 : 0 4 5 3 0
27 : 143 39 5 22 1
28 : 165 43 6 25 1
29 : 9 45 14 58 1
30 : 0 25 17 9 1
31 : 195 0 3 2 0
32 : 9 13 1 20 0
33 : 143 36 8 3 0
34 : 120 43 18 8 0
35 : 120 29 20 2 0
36 : 138 44 6 19 1
37 : 120 51 67 3 0
38 : 190 43 10 8 0
39 : 0 42 8 9 1
40 : 67 45 21 11 0
41 : 0 7 4 5 0
42 : 165 39 4 16 1
43 : 88 45 17 22 1
44 : 110 54 20 30 1
45 : 175 21 14 5 1
46 : 140 54 12 22 1
47 : 120 31 20 5 0
48 : 120 17 4 11 1
49 : 157 44 7 4 0
50 : 162 54 33 32 0
51 : 67 56 19 9 0
52 : 0 59 27 16 0
53 : 27 59 18 5 0
54 : 45 59 8 16 1
55 : 9 33 8 1 1
56 : 151 36 4 3 0
57 : 27 67 3 71 1
58 : 199 0 41 1 1
59 : 195 51 15 5 1
60 : 27 70 33 4 0
61 : 140 66 5 17 1
62 : 88 62 4 9 1
63 : 60 70 3 24 1
64 : 98 62 11 8 0
65 : 61 59 6 5 0
66 : 60 73 50 27 0
67 : 110 74 25 16 0
68 : 27 74 22 29 1
69 : 135 74 4 24 1
70 : 0 75 8 21 1
71 : 4 7 6 2 1
72 : 0 50 9 7 0
73 : 180 21 14 2 1
74 : 140 71 14 3 0
75 : 135 78 15 22 1
76 : 88 66 1 8 1
77 : 0 83 7 16 1
78 : 27 64 3 10 1
79 : 195 66 21 5 1
80 : 109 62 1 9 0
81 : 135 93 4 45 1
82 : 138 50 14 1 0
83 : 16 96 41 18 0
84 : 110 97 27 30 1
85 : 110 45 7 7 0
86 : 162 86 6 6 0
87 : 140 97 7 32 1
88 : 131 17 4 3 1
89 : 57 100 44 12 0
90 : 195 19 1 2 0
91 : 16 83 12 3 1
92 : 172 97 22 10 0
93 : 159 66 27 2 1
94 : 0 114 5 63 1
95 : 0 90 23 15 1
96 : 168 86 7 7 0
97 : 21 75 14 4 1
98 : 180 86 9 12 1
99 : 61 64 3 6 1
