300 300
0 : 128 191 2 3 0
1 : 0 176 18 12 0
2 : 94 95 14 5 1
3 : 32 105 11 6 1
4 : 256 190 12 16 0
5 : 198 27 6 44 1
6 : 190 95 2 10 0
7 : 253 31 2 23 0
8 : 198 2 52 6 0
9 : 117 37 12 39 0
10 : 49 70 7 26 0
11 : 0 222 10 13 0
12 : 293 59 19 3 1
13 : 0 7 59 12 0
14 : 282 36 2 14 0
15 : 135 105 8 4 1
16 : 19 168 39 39 0
17 : 256 124 14 24 0
18 : 198 259 20 19 0
19 : 242 112 4 4 0
20 : 119 173 18 14 1
21 : 59 108 12 23 0
22 : 103 79 30 12 1
23 : 192 104 1 2 0
24 : 117 107 2 11 1
25 : 157 49 5 26 0
26 : 23 140 9 16 0
27 : 0 36 65 32 1
28 : 198 240 23 19 0
29 : 81 90 5 19 0
30 : 124 159 10 14 0
31 : 157 19 6 30 0
32 : 298 0 31 1 1
33 : 284 93 16 5 1
34 : 73 69 26 6 1
35 : 56 98 8 3 1
36 : 222 137 7 15 0
37 : 190 105 2 2 0
38 : 247 17 1 24 0
39 : 198 8 9 50 1
40 : 282 50 7 2 1
41 : 256 170 20 14 1
42 : 32 83 22 6 1
43 : 284 109 3 4 1
44 : 126 191 2 4 0
45 : 236 50 7 2 1
46 : 256 68 22 48 0
47 : 164 1 67 26 1
48 : 164 277 22 23 0
49 : 59 69 39 14 1
50 : 94 41 7 29 0
51 : 81 7 13 45 0
52 : 248 34 22 2 1
53 : 49 96 14 5 1
54 : 0 147 19 29 0
55 : 291 43 8 2 1
56 : 0 101 46 23 1
57 : 23 101 22 9 1
58 : 38 126 7 14 0
59 : 297 0 1 33 0
60 : 38 83 25 9 1
61 : 177 103 13 4 0
62 : 198 198 23 29 1
63 : 117 76 11 31 0
64 : 56 84 14 3 1
65 : 233 151 1 2 1
66 : 94 70 7 25 0
67 : 190 67 28 7 1
68 : 164 257 20 22 1
69 : 278 84 15 4 1
70 : 238 33 4 25 0
71 : 278 99 9 4 1
72 : 103 173 23 16 1
73 : 0 188 14 19 0
74 : 49 36 10 34 0
75 : 59 161 9 9 0
76 : 229 150 2 4 1
77 : 0 0 103 7 0
78 : 49 110 4 3 0
79 : 129 37 11 37 0
80 : 293 92 8 3 1
81 : 242 27 4 26 0
82 : 101 41 14 2 1
83 : 143 126 8 15 0
84 : 143 33 13 44 0
85 : 103 33 40 2 0
86 : 81 52 12 38 0
87 : 164 68 39 13 1
88 : 278 68 4 16 0
89 : 103 35 2 37 1
90 : 293 108 4 3 1
91 : 32 116 6 9 0
92 : 238 93 13 4 1
93 : 256 206 12 15 0
94 : 250 32 22 2 1
95 : 38 140 7 13 0
96 : 177 68 13 35 0
97 : 164 107 29 48 0
98 : 192 95 9 1 1
99 : 250 2 30 3 1
100 : 129 74 11 31 0
101 : 140 35 21 2 1
102 : 151 110 4 4 0
103 : 115 95 14 1 1
104 : 128 85 1 9 0
105 : 23 156 9 12 0
106 : 198 33 2 40 1
107 : 164 239 22 18 0
108 : 81 109 8 17 0
109 : 116 95 13 1 1
110 : 164 211 22 28 0
111 : 190 1 8 36 0
112 : 56 106 3 7 0
113 : 103 242 18 15 1
114 : 103 159 14 21 1
115 : 198 107 24 45 0
116 : 229 148 4 2 0
117 : 256 148 22 14 1
118 : 103 0 95 1 0
119 : 256 0 26 68 0
120 : 242 74 15 4 1
121 : 94 109 5 7 0
122 : 198 152 46 38 1
123 : 235 146 4 1 1
124 : 278 108 4 5 0
125 : 198 0 58 2 0
126 : 143 141 14 8 1
127 : 32 36 17 47 0
128 : 36 207 15 15 0
129 : 73 95 6 18 0
130 : 23 123 9 17 0
131 : 115 79 16 2 1
132 : 73 113 9 6 1
133 : 38 153 7 7 0
134 : 242 89 14 4 1
135 : 157 75 5 22 0
136 : 0 207 12 15 0
137 : 157 97 11 5 1
138 : 59 147 9 14 0
139 : 143 77 33 13 1
140 : 157 108 8 4 1
141 : 284 43 28 7 1
142 : 0 19 17 59 1
143 : 293 0 4 37 0
144 : 128 76 9 1 1
145 : 73 122 6 9 0
146 : 256 116 20 8 0
147 : 299 0 24 1 1
148 : 103 19 14 54 1
149 : 198 17 49 10 0
150 : 81 141 14 8 1
151 : 38 108 9 18 0
152 : 119 191 4 7 1
153 : 59 131 9 16 0
154 : 164 155 25 37 0
155 : 103 196 32 29 1
156 : 238 106 8 4 1
157 : 236 35 2 15 0
158 : 103 1 61 5 0
159 : 293 37 4 22 0
160 : 81 126 8 15 0
161 : 164 192 19 25 1
162 : 242 53 4 21 0
163 : 86 90 5 19 0
164 : 198 221 19 24 1
165 : 103 228 14 17 1
166 : 193 107 7 3 1
167 : 253 2 29 3 1
168 : 238 78 15 4 1
169 : 120 228 10 12 1
170 : 284 0 43 9 1
171 : 293 78 14 3 1
172 : 130 191 2 3 0
173 : 238 58 20 4 1
174 : 59 7 22 62 0
175 : 19 207 17 17 0
176 : 248 8 26 2 1
177 : 256 221 15 12 1
178 : 282 0 2 36 0
179 : 103 109 32 50 0
180 : 284 71 5 22 0
181 : 143 110 16 8 1
182 : 222 107 14 30 0
183 : 233 146 5 2 1
184 : 235 150 1 2 0
185 : 293 100 8 3 1
186 : 190 37 30 7 1
187 : 242 103 4 9 0
188 : 233 137 9 3 1
189 : 56 70 14 3 1
190 : 103 37 42 14 1
191 : 94 7 34 9 1
192 : 229 137 4 11 0
193 : 198 35 38 72 0
194 : 128 94 6 1 1
195 : 129 105 3 5 1
196 : 81 155 10 8 1
197 : 256 236 12 12 0
198 : 193 95 4 12 0
199 : 103 6 13 61 1
