300 201
0 : 197 104 2 3 0
1 : 72 153 18 12 1
2 : 98 144 14 5 1
3 : 176 144 11 6 1
4 : 19 161 12 16 0
5 : 191 87 6 44 0
6 : 134 148 2 10 0
7 : 70 115 2 23 0
8 : 242 62 52 6 1
9 : 137 114 12 39 1
10 : 111 153 7 26 0
11 : 0 187 10 13 1
12 : 67 109 19 3 1
13 : 72 71 59 12 1
14 : 39 142 2 14 0
15 : 107 157 8 4 1
16 : 72 32 39 39 0
17 : 137 151 14 24 1
18 : 84 124 20 19 1
19 : 42 162 4 4 0
20 : 137 165 18 14 0
21 : 72 130 12 23 0
22 : 137 139 30 12 0
23 : 47 95 1 2 0
24 : 248 144 2 11 0
25 : 42 84 5 26 0
26 : 137 179 9 16 1
27 : 72 0 65 32 0
28 : 48 109 23 19 1
29 : 42 132 5 19 0
30 : 84 182 10 14 1
31 : 176 114 6 30 0
32 : 250 38 31 1 1
33 : 33 137 16 5 1
34 : 242 114 26 6 1
35 : 276 153 8 3 1
36 : 283 162 7 15 0
37 : 197 110 2 2 0
38 : 47 67 1 24 0
39 : 124 78 9 50 0
40 : 70 153 7 2 1
41 : 251 150 20 14 1
42 : 191 131 22 6 1
43 : 64 162 3 4 0
44 : 197 96 2 4 0
45 : 31 150 7 2 1
46 : 48 38 22 48 0
47 : 137 26 67 26 0
48 : 48 86 22 23 0
49 : 0 98 39 14 0
50 : 234 123 7 29 0
51 : 137 101 13 45 1
52 : 134 126 22 2 1
53 : 167 139 14 5 1
54 : 205 87 19 29 1
55 : 67 149 8 2 1
56 : 111 32 46 23 1
57 : 182 144 22 9 1
58 : 227 164 7 14 0
59 : 136 32 1 33 0
60 : 290 142 25 9 1
61 : 103 145 13 4 1
62 : 84 71 23 29 0
63 : 111 122 11 31 0
64 : 276 130 14 3 1
65 : 250 92 1 2 0
66 : 265 157 7 25 0
67 : 227 136 28 7 1
68 : 205 106 20 22 1
69 : 172 142 15 4 1
70 : 103 100 4 25 0
71 : 167 153 9 4 1
72 : 48 132 23 16 1
73 : 0 161 14 19 1
74 : 290 108 10 34 0
75 : 205 192 9 9 0
76 : 197 92 2 4 0
77 : 283 59 103 7 1
78 : 276 161 4 3 1
79 : 265 120 11 37 0
80 : 64 146 8 3 1
81 : 279 79 4 26 0
82 : 122 144 14 2 1
83 : 137 188 8 15 1
84 : 111 78 13 44 0
85 : 70 38 40 2 1
86 : 0 125 12 38 1
87 : 0 112 39 13 0
88 : 172 126 4 16 0
89 : 70 78 2 37 0
90 : 199 163 4 3 0
91 : 191 153 6 9 0
92 : 107 144 13 4 1
93 : 251 170 12 15 0
94 : 122 122 22 2 1
95 : 283 177 7 13 0
96 : 137 126 13 35 1
97 : 0 38 29 48 1
98 : 250 83 9 1 1
99 : 39 98 30 3 1
100 : 0 150 11 31 1
101 : 67 128 21 2 1
102 : 167 162 4 4 0
103 : 250 69 14 1 1
104 : 133 78 1 9 0
105 : 19 189 9 12 1
106 : 248 62 2 40 0
107 : 205 126 22 18 0
108 : 205 184 8 17 1
109 : 198 74 13 1 1
110 : 251 79 22 28 1
111 : 234 87 8 36 0
112 : 242 158 3 7 0
113 : 48 155 18 15 1
114 : 84 144 14 21 0
115 : 205 38 24 45 1
116 : 197 100 4 2 1
117 : 205 144 22 14 0
118 : 204 26 95 1 1
119 : 137 0 26 68 1
120 : 107 129 15 4 1
121 : 222 158 5 7 0
122 : 205 0 46 38 0
123 : 47 91 4 1 1
124 : 161 160 4 5 1
125 : 134 32 58 2 1
126 : 72 186 14 8 1
127 : 0 67 17 47 1
128 : 48 173 15 15 0
129 : 242 140 6 18 0
130 : 205 175 9 17 1
131 : 248 128 16 2 1
132 : 161 151 9 6 1
133 : 98 158 7 7 0
134 : 279 142 14 4 1
135 : 42 110 5 22 0
136 : 0 175 12 15 1
137 : 42 151 11 5 1
138 : 48 188 9 14 1
139 : 0 137 33 13 0
140 : 172 157 8 4 1
141 : 234 152 28 7 1
142 : 283 0 17 59 0
143 : 107 71 4 37 0
144 : 133 87 9 1 1
145 : 176 155 6 9 0
146 : 182 166 20 8 1
147 : 136 65 24 1 1
148 : 137 87 14 54 1
149 : 290 59 49 10 1
150 : 84 192 14 8 0
151 : 124 162 9 18 0
152 : 272 157 4 7 0
153 : 290 167 9 16 0
154 : 205 62 25 37 1
155 : 251 50 32 29 0
156 : 279 156 8 4 1
157 : 70 138 2 15 0
158 : 199 52 61 5 1
159 : 279 105 4 22 0
160 : 290 183 8 15 0
161 : 251 101 19 25 1
162 : 107 108 4 21 0
163 : 199 135 5 19 0
164 : 84 100 19 24 0
165 : 84 165 14 17 0
166 : 245 158 7 3 1
167 : 276 101 29 3 1
168 : 279 127 15 4 1
169 : 251 185 10 12 1
170 : 182 101 43 9 1
171 : 39 128 14 3 1
172 : 197 107 2 3 0
173 : 103 125 20 4 1
174 : 137 52 22 62 1
175 : 205 158 17 17 0
176 : 248 102 26 2 1
177 : 72 171 15 12 1
178 : 134 90 2 36 0
179 : 251 0 32 50 0
180 : 199 113 5 22 0
181 : 124 180 16 8 1
182 : 251 120 14 30 0
183 : 197 87 5 2 1
184 : 250 94 1 2 0
185 : 64 154 8 3 1
186 : 227 106 30 7 1
187 : 199 154 4 9 0
188 : 276 144 9 3 1
189 : 64 132 14 3 1
190 : 0 84 42 14 0
191 : 124 128 34 9 1
192 : 118 153 4 11 0
193 : 0 0 38 72 1
194 : 136 89 6 1 1
195 : 191 162 3 5 1
196 : 182 186 10 8 1
197 : 19 177 12 12 0
198 : 33 153 4 12 0
199 : 137 74 13 61 1
