100 58
0 : 94 0 4 22 0
1 : 72 28 9 4 1
2 : 76 15 18 10 0
3 : 0 30 19 9 0
4 : 62 36 5 4 0
5 : 94 37 3 3 0
6 : 94 22 4 15 0
7 : 24 35 1 3 0
8 : 91 25 13 3 1
9 : 62 15 13 14 1
10 : 85 38 2 4 1
11 : 0 40 1 14 1
12 : 52 20 8 13 0
13 : 42 39 1 7 1
14 : 36 20 11 16 1
15 : 25 40 11 1 0
16 : 60 20 38 1 1
17 : 42 31 9 5 0
18 : 25 38 2 8 1
19 : 76 38 6 2 0
20 : 49 36 2 4 0
21 : 98 0 2 21 0
22 : 19 35 4 5 1
23 : 25 31 17 4 0
24 : 33 38 7 2 0
25 : 59 33 5 1 1
26 : 25 35 3 17 1
27 : 89 36 2 3 0
28 : 0 23 7 25 1
29 : 82 38 3 3 0
30 : 52 33 4 7 1
31 : 62 28 8 10 1
32 : 62 0 32 15 0
33 : 52 37 5 3 0
34 : 42 36 7 3 0
35 : 98 21 2 14 0
36 : 19 30 5 6 1
37 : 0 39 14 1 0
38 : 25 23 11 8 0
39 : 76 25 15 11 0
40 : 14 39 9 1 0
41 : 61 20 1 17 0
42 : 72 37 3 4 1
43 : 36 0 20 26 1
44 : 76 36 13 2 0
45 : 67 36 4 4 0
46 : 51 31 1 8 0
47 : 0 0 23 36 1
48 : 57 37 2 2 0
49 : 98 35 4 2 1
