1000 941
0 : 893 209 94 6 1
1 : 427 154 22 1 1
2 : 336 862 25 23 1
3 : 754 216 2 13 0
4 : 884 431 7 6 1
5 : 577 76 16 133 0
6 : 294 466 37 13 1
7 : 428 302 42 91 0
8 : 514 399 32 7 1
9 : 552 241 4 53 0
10 : 177 428 27 10 1
11 : 267 442 57 16 1
12 : 939 211 32 2 1
13 : 575 246 2 3 0
14 : 0 780 31 41 0
15 : 0 478 22 1 0
16 : 941 39 1 103 0
17 : 571 383 4 4 0
18 : 514 299 7 62 0
19 : 744 349 41 5 1
20 : 87 732 24 19 1
21 : 202 541 50 59 0
22 : 756 445 69 42 0
23 : 0 322 67 63 0
24 : 428 0 168 76 0
25 : 522 598 19 52 0
26 : 623 584 1 2 0
27 : 143 403 29 79 0
28 : 140 279 31 3 1
29 : 710 494 18 58 0
30 : 172 403 5 18 0
31 : 428 702 23 41 0
32 : 333 118 3 69 0
33 : 128 466 9 10 0
34 : 522 269 112 22 1
35 : 855 485 11 19 0
36 : 0 0 202 57 0
37 : 556 542 14 24 0
38 : 596 290 60 77 1
39 : 333 187 48 3 1
40 : 942 761 40 25 1
41 : 552 361 4 14 0
42 : 370 695 37 20 1
43 : 794 528 69 26 1
44 : 202 913 28 29 1
45 : 470 557 17 32 0
46 : 929 189 9 119 0
47 : 552 294 40 4 1
48 : 673 390 15 61 0
49 : 51 454 48 16 1
50 : 556 415 14 55 0
51 : 816 597 15 19 1
52 : 143 196 34 113 0
53 : 336 147 94 81 1
54 : 673 451 53 15 1
55 : 284 403 8 31 0
56 : 625 584 1 14 1
57 : 202 877 36 36 0
58 : 26 477 1 1 0
59 : 890 269 3 33 0
60 : 923 412 12 5 1
61 : 732 495 12 11 1
62 : 461 425 24 9 1
63 : 370 732 20 32 0
64 : 202 403 82 39 0
65 : 522 472 21 72 0
66 : 702 331 34 6 1
67 : 929 308 56 8 1
68 : 109 575 25 15 1
69 : 939 145 66 2 1
70 : 974 416 18 79 0
71 : 336 720 29 39 0
72 : 87 175 41 115 0
73 : 923 187 104 6 1
74 : 428 613 44 25 1
75 : 974 594 15 18 0
76 : 848 328 49 7 1
77 : 901 313 22 95 0
78 : 702 431 8 6 1
79 : 514 361 7 38 0
80 : 544 333 7 42 0
81 : 143 80 49 116 0
82 : 756 487 69 41 0
83 : 470 488 69 18 1
84 : 992 299 5 50 0
85 : 0 883 23 24 1
86 : 194 213 91 8 1
87 : 336 389 34 83 0
88 : 929 456 9 8 1
89 : 825 495 13 33 0
90 : 405 399 32 11 1
91 : 321 425 9 26 0
92 : 511 302 22 3 1
93 : 556 586 18 14 1
94 : 0 80 143 54 0
95 : 942 0 133 58 1
96 : 109 511 15 36 0
97 : 194 362 6 38 0
98 : 422 190 71 4 1
99 : 422 372 9 4 1
100 : 294 196 17 125 0
101 : 514 449 7 14 0
102 : 654 435 8 17 0
103 : 596 856 26 32 0
104 : 294 552 17 12 1
105 : 596 350 29 94 0
106 : 867 587 14 14 0
107 : 370 550 22 59 0
108 : 192 80 75 2 1
109 : 662 453 10 21 0
110 : 591 257 48 4 1
111 : 470 589 17 22 0
112 : 177 318 77 11 1
113 : 202 364 90 39 0
114 : 128 175 126 10 1
115 : 552 334 27 4 1
116 : 942 833 32 24 1
117 : 662 350 11 51 0
118 : 867 333 70 16 1
119 : 596 516 70 27 1
120 : 428 806 22 25 0
121 : 591 209 4 48 0
122 : 395 414 5 8 0
123 : 855 504 11 12 0
124 : 997 271 3 33 0
125 : 820 578 19 16 1
126 : 756 328 42 92 1
127 : 202 0 28 226 1
128 : 794 814 22 23 0
129 : 284 454 11 8 1
130 : 109 462 49 15 1
131 : 997 232 3 39 0
132 : 942 336 94 32 1
133 : 202 669 68 40 1
134 : 22 478 4 1 0
135 : 867 507 36 14 1
136 : 194 422 10 6 1
137 : 867 565 22 14 1
138 : 514 232 67 7 1
139 : 710 413 21 81 0
140 : 901 39 28 148 0
141 : 202 830 36 47 0
142 : 87 491 22 61 0
143 : 78 261 62 9 1
144 : 893 389 5 22 0
145 : 596 66 95 114 1
146 : 974 336 18 80 0
147 : 867 403 61 15 1
148 : 575 211 35 2 1
149 : 997 304 3 15 0
150 : 992 232 5 67 0
151 : 311 343 47 9 1
152 : 974 495 50 17 1
153 : 942 801 32 25 1
154 : 571 360 4 14 0
155 : 691 432 24 8 1
156 : 177 196 122 12 1
157 : 522 146 123 30 1
158 : 702 419 6 12 0
159 : 192 155 2 59 0
160 : 0 385 92 28 1
161 : 593 156 53 2 1
162 : 855 445 12 20 0
163 : 0 134 41 140 1
164 : 884 388 29 6 1
165 : 756 599 59 38 1
166 : 294 503 32 13 1
167 : 673 504 15 38 0
168 : 496 535 18 12 1
169 : 333 235 3 38 0
170 : 596 826 31 30 0
171 : 890 170 58 3 1
172 : 395 389 5 25 0
173 : 848 377 32 7 1
174 : 336 759 25 43 0
175 : 67 322 11 72 0
176 : 422 340 4 18 0
177 : 702 396 23 6 1
178 : 78 429 9 6 1
179 : 756 528 71 38 1
180 : 0 57 10 202 1
181 : 750 356 14 4 1
182 : 843 400 5 21 0
183 : 428 777 29 22 1
184 : 884 346 42 6 1
185 : 0 540 35 68 0
186 : 87 658 40 20 1
187 : 884 287 59 6 1
188 : 691 333 11 68 0
189 : 688 290 24 3 1
190 : 140 199 3 45 0
191 : 596 786 40 32 1
192 : 794 760 29 22 1
193 : 496 387 14 70 0
194 : 941 185 1 16 0
195 : 756 718 50 34 1
196 : 884 211 6 76 0
197 : 370 655 22 40 0
198 : 706 161 75 4 1
199 : 625 585 1 14 1
200 : 702 228 61 4 1
201 : 321 451 9 11 0
202 : 867 211 122 17 1
203 : 756 272 99 56 0
204 : 710 197 40 104 0
205 : 691 228 11 105 0
206 : 855 373 45 12 1
207 : 0 851 32 27 1
208 : 595 185 1 18 0
209 : 750 342 14 4 1
210 : 321 118 130 7 1
211 : 848 438 16 7 1
212 : 754 241 2 6 0
213 : 189 196 3 46 0
214 : 405 241 102 12 1
215 : 428 232 86 70 0
216 : 496 553 15 12 1
217 : 311 118 10 139 0
218 : 202 785 38 45 0
219 : 284 434 8 20 0
220 : 691 456 9 8 1
221 : 732 432 24 12 1
222 : 522 381 22 91 0
223 : 901 187 22 126 0
224 : 596 743 43 32 1
225 : 710 301 112 22 1
226 : 428 473 73 30 1
227 : 0 821 31 30 0
228 : 87 698 34 19 1
229 : 591 375 7 4 1
230 : 544 375 36 6 1
231 : 109 290 17 105 0
232 : 461 449 17 9 1
233 : 336 802 32 24 1
234 : 417 351 33 5 1
235 : 143 604 52 23 1
236 : 929 433 8 23 0
237 : 192 241 8 2 1
238 : 128 301 10 76 0
239 : 336 472 70 33 1
240 : 794 697 33 22 1
241 : 825 445 13 50 0
242 : 143 746 21 31 0
243 : 522 698 19 27 0
244 : 294 535 17 13 1
245 : 552 383 4 4 0
246 : 706 294 4 37 0
247 : 556 332 15 83 0
248 : 496 302 85 15 1
249 : 202 269 50 92 1
250 : 624 516 66 1 1
251 : 202 196 92 73 0
252 : 67 394 11 39 0
253 : 571 332 4 28 0
254 : 405 455 10 14 0
255 : 336 327 62 65 1
256 : 577 394 62 13 1
257 : 417 384 28 5 1
258 : 750 258 53 4 1
259 : 756 39 78 137 1
260 : 855 418 12 27 0
261 : 177 455 18 10 1
262 : 522 544 19 54 0
263 : 884 417 14 6 1
264 : 401 383 5 4 1
265 : 427 28 126 1 1
266 : 596 586 44 51 0
267 : 654 464 9 8 1
268 : 596 444 72 29 1
269 : 321 391 9 34 0
270 : 556 566 14 20 0
271 : 625 350 37 85 0
272 : 87 402 22 89 0
273 : 192 214 16 2 1
274 : 756 850 26 32 0
275 : 890 302 16 3 1
276 : 901 587 32 16 1
277 : 202 600 69 40 1
278 : 0 735 31 45 0
279 : 143 309 34 94 0
280 : 202 319 90 45 0
281 : 867 464 43 14 1
282 : 202 118 78 109 1
283 : 0 477 26 1 0
284 : 336 542 32 66 0
285 : 992 411 5 16 0
286 : 843 370 30 5 1
287 : 577 503 23 13 1
288 : 109 395 16 67 0
289 : 577 209 109 14 1
290 : 625 512 72 25 1
291 : 577 526 12 18 0
292 : 893 303 6 44 0
293 : 461 393 32 9 1
294 : 405 431 10 24 0
295 : 189 280 26 3 1
296 : 370 389 25 86 0
297 : 552 146 4 95 0
298 : 202 442 65 47 0
299 : 942 572 60 31 1
300 : 744 390 5 22 0
301 : 544 411 16 6 1
302 : 321 248 11 103 0
303 : 333 273 3 32 0
304 : 710 66 131 44 1
305 : 128 417 27 9 1
306 : 754 247 3 2 1
307 : 336 671 49 29 1
308 : 405 343 56 12 1
309 : 422 261 4 47 0
310 : 470 302 26 105 0
311 : 311 257 86 10 1
312 : 417 147 5 101 0
313 : 87 552 57 22 1
314 : 51 590 14 14 0
315 : 756 211 61 111 1
316 : 596 637 50 41 1
317 : 595 135 50 1 1
318 : 591 362 13 4 1
319 : 138 175 2 39 0
320 : 754 66 2 100 0
321 : 87 756 18 18 0
322 : 942 632 49 30 1
323 : 744 301 48 6 1
324 : 596 228 95 62 0
325 : 623 516 68 1 1
326 : 756 370 41 87 1
327 : 333 305 10 3 1
328 : 194 67 8 146 0
329 : 267 575 21 15 1
330 : 577 456 47 13 1
331 : 417 412 14 5 1
332 : 654 452 12 8 1
333 : 422 358 14 4 1
334 : 143 702 23 44 0
335 : 496 502 33 13 1
336 : 929 404 29 8 1
337 : 328 118 130 5 1
338 : 673 542 15 33 0
339 : 370 609 22 46 0
340 : 336 241 69 86 0
341 : 750 197 61 4 1
342 : 899 209 2 38 0
343 : 756 0 39 186 1
344 : 552 375 8 4 1
345 : 336 28 119 86 1
346 : 522 650 48 19 1
347 : 128 444 22 9 1
348 : 140 134 65 3 1
349 : 138 238 10 2 1
350 : 0 672 33 63 0
351 : 51 542 28 14 1
352 : 336 834 23 28 0
353 : 556 470 40 14 1
354 : 941 142 43 1 1
355 : 78 411 6 18 0
356 : 942 681 29 40 0
357 : 938 189 1 9 0
358 : 591 338 4 24 0
359 : 311 390 38 9 1
360 : 756 768 34 45 0
361 : 942 133 99 58 1
362 : 706 236 4 58 0
363 : 893 347 42 5 1
364 : 428 546 67 28 1
365 : 890 228 41 3 1
366 : 732 476 11 19 0
367 : 794 597 55 22 1
368 : 867 543 14 22 0
369 : 893 411 17 5 1
370 : 929 364 8 40 0
371 : 128 377 9 40 0
372 : 311 428 7 26 0
373 : 143 482 68 29 1
374 : 750 370 4 13 0
375 : 428 393 33 80 0
376 : 140 244 35 3 1
377 : 625 435 77 29 1
378 : 820 528 26 18 1
379 : 417 248 5 61 0
380 : 428 146 86 94 1
381 : 417 309 42 5 1
382 : 596 0 66 160 1
383 : 691 401 31 9 1
384 : 756 658 37 60 0
385 : 67 433 10 22 0
386 : 673 575 15 20 0
387 : 710 552 43 17 1
388 : 794 652 45 22 1
389 : 202 489 52 58 1
390 : 321 351 40 10 1
391 : 820 554 24 16 1
392 : 87 290 112 22 1
393 : 428 831 22 22 0
394 : 754 229 2 12 0
395 : 67 455 10 20 0
396 : 794 789 25 22 1
397 : 929 39 10 150 0
398 : 591 305 4 33 0
399 : 942 232 50 104 0
400 : 267 499 40 15 1
401 : 756 117 53 137 1
402 : 401 327 4 30 0
403 : 596 687 56 33 1
404 : 336 608 32 63 0
405 : 401 357 4 14 0
406 : 756 170 134 41 0
407 : 522 751 19 20 0
408 : 172 421 5 7 0
409 : 143 550 28 54 0
410 : 744 412 14 5 1
411 : 702 289 42 4 1
412 : 267 539 36 15 1
413 : 28 385 94 23 1
414 : 428 743 34 23 1
415 : 189 306 3 4 0
416 : 78 323 50 8 1
417 : 422 308 32 4 1
418 : 901 492 18 61 0
419 : 194 304 58 7 1
420 : 138 214 24 2 1
421 : 370 475 23 75 0
422 : 192 230 11 2 1
423 : 422 28 162 5 1
424 : 901 408 84 20 1
425 : 596 161 110 67 0
426 : 321 462 10 9 1
427 : 140 310 3 4 0
428 : 109 547 28 15 1
429 : 51 570 14 20 0
430 : 189 242 3 38 0
431 : 673 290 15 100 0
432 : 514 431 18 7 1
433 : 923 342 5 42 0
434 : 942 430 76 31 1
435 : 893 39 8 170 0
436 : 992 390 21 5 1
437 : 923 291 5 51 0
438 : 496 457 13 45 0
439 : 556 510 14 32 0
440 : 942 865 25 24 1
441 : 0 261 78 61 0
442 : 571 374 9 4 1
443 : 855 272 12 101 0
444 : 427 176 21 1 1
445 : 556 76 135 21 1
446 : 422 381 6 4 1
447 : 942 721 28 40 0
448 : 202 28 134 90 0
449 : 974 545 49 17 1
450 : 202 737 40 48 0
451 : 0 608 33 64 0
452 : 756 411 34 83 1
453 : 593 76 2 80 0
454 : 732 301 95 12 1
455 : 756 882 26 26 0
456 : 756 813 26 37 0
457 : 177 395 33 11 1
458 : 143 777 23 21 1
459 : 848 409 7 29 0
460 : 732 456 11 20 0
461 : 294 406 13 60 0
462 : 639 584 2 1 1
463 : 51 502 40 14 1
464 : 794 730 30 22 1
465 : 428 657 24 45 0
466 : 194 400 6 22 0
467 : 942 506 66 31 1
468 : 544 427 9 6 1
469 : 0 479 44 61 0
470 : 595 76 1 59 0
471 : 470 407 24 81 0
472 : 522 725 19 26 0
473 : 556 211 19 121 0
474 : 143 656 46 23 1
475 : 702 365 6 31 0
476 : 992 349 5 41 0
477 : 577 544 12 18 0
478 : 294 321 15 85 0
479 : 923 384 5 28 0
480 : 0 175 86 87 1
481 : 732 396 36 12 1
482 : 544 269 64 7 1
483 : 591 382 5 4 1
484 : 901 553 34 18 1
485 : 662 401 30 10 1
486 : 0 67 194 13 0
487 : 78 373 38 6 1
488 : 624 582 1 4 0
489 : 939 39 106 2 1
490 : 855 465 11 20 0
491 : 401 371 4 12 0
492 : 662 431 22 10 1
493 : 428 76 70 128 1
494 : 577 318 14 76 0
495 : 750 311 4 31 0
496 : 939 243 2 4 0
497 : 51 385 69 16 1
498 : 87 609 20 49 0
499 : 754 166 2 50 0
