200 109
0 : 139 46 4 6 0
1 : 59 104 2 4 1
2 : 0 0 110 45 0
3 : 92 98 1 15 1
4 : 139 52 2 4 1
5 : 162 98 6 3 0
6 : 152 105 1 27 1
7 : 0 102 4 23 1
8 : 66 77 9 14 1
9 : 112 69 1 11 1
10 : 45 102 15 2 0
11 : 41 45 18 24 1
12 : 76 93 8 1 0
13 : 0 63 15 40 1
14 : 16 90 7 14 1
15 : 34 102 11 4 0
16 : 63 93 1 2 1
17 : 0 106 37 2 0
18 : 113 84 20 8 0
19 : 158 83 12 9 0
20 : 65 62 15 15 0
21 : 138 70 14 20 1
22 : 196 79 4 27 0
23 : 195 88 1 18 0
24 : 40 63 22 14 0
25 : 193 32 23 7 1
26 : 190 103 5 3 0
27 : 117 92 5 22 1
28 : 92 92 6 25 1
29 : 80 70 14 58 1
30 : 179 79 17 9 0
31 : 168 98 3 2 1
32 : 87 105 1 20 1
33 : 187 88 8 3 1
34 : 133 84 18 8 0
35 : 87 103 20 2 0
36 : 151 92 6 19 1
37 : 132 106 67 3 0
38 : 66 86 10 8 0
39 : 178 88 8 9 1
40 : 158 72 21 11 0
41 : 145 92 4 5 0
42 : 135 54 4 16 0
43 : 65 45 17 22 1
44 : 173 27 20 30 0
45 : 30 90 14 5 0
46 : 188 57 12 22 0
47 : 170 96 20 5 0
48 : 23 102 4 11 1
49 : 76 86 7 4 1
50 : 110 0 33 32 0
51 : 87 45 19 9 0
52 : 139 54 27 16 0
53 : 117 97 18 5 0
54 : 44 87 8 16 1
55 : 158 70 8 1 0
56 : 60 93 4 3 1
57 : 45 106 3 71 1
58 : 0 108 41 1 0
59 : 190 88 15 5 1
60 : 152 101 33 4 0
61 : 135 98 5 17 1
62 : 106 45 4 9 0
63 : 63 103 3 24 1
64 : 170 83 11 8 1
65 : 139 92 6 5 0
66 : 143 0 50 27 0
67 : 87 54 25 16 0
68 : 110 32 22 29 1
69 : 108 102 4 24 1
70 : 92 84 8 21 1
71 : 149 92 6 2 1
72 : 179 72 9 7 0
73 : 45 104 14 2 0
74 : 62 63 14 3 1
75 : 166 57 15 22 1
76 : 158 71 1 8 1
77 : 0 90 7 16 1
78 : 152 98 3 10 1
79 : 63 94 21 5 0
80 : 123 69 1 9 1
81 : 63 99 4 45 1
82 : 135 97 14 1 0
83 : 0 45 41 18 0
84 : 143 27 27 30 1
85 : 151 84 7 7 0
86 : 60 87 6 6 0
87 : 193 0 7 32 0
88 : 132 102 4 3 1
89 : 0 78 44 12 0
90 : 172 54 1 2 0
91 : 135 103 12 3 0
92 : 44 77 22 10 0
93 : 30 95 27 2 0
94 : 0 97 5 63 1
95 : 112 54 23 15 0
96 : 80 62 7 7 0
97 : 139 32 14 4 1
98 : 80 84 9 12 1
99 : 166 54 3 6 1
