300 205
0 : 132 202 2 3 1
1 : 282 172 18 12 0
2 : 156 196 14 5 0
3 : 274 190 11 6 1
4 : 240 173 12 16 1
5 : 159 120 6 44 1
6 : 170 200 2 10 1
7 : 37 183 2 23 1
8 : 86 99 52 6 0
9 : 82 118 12 39 1
10 : 73 169 7 26 1
11 : 281 188 10 13 1
12 : 58 191 19 3 0
13 : 163 58 59 12 0
14 : 56 198 2 14 1
15 : 0 200 8 4 0
16 : 0 38 39 39 0
17 : 217 152 14 24 1
18 : 280 150 20 19 0
19 : 111 200 4 4 0
20 : 126 169 18 14 0
21 : 148 160 12 23 1
22 : 187 143 30 12 0
23 : 135 202 1 2 1
24 : 219 200 2 11 1
25 : 256 172 5 26 1
26 : 93 183 9 16 1
27 : 175 0 65 32 0
28 : 0 142 23 19 0
29 : 221 188 5 19 1
30 : 159 179 10 14 0
31 : 23 159 6 30 1
32 : 225 172 31 1 0
33 : 169 191 16 5 0
34 : 99 169 26 6 0
35 : 58 200 8 3 0
36 : 240 191 7 15 1
37 : 101 202 2 2 0
38 : 37 185 1 24 1
39 : 185 97 9 50 1
40 : 180 202 7 2 0
41 : 53 160 20 14 0
42 : 93 177 22 6 0
43 : 274 201 3 4 1
44 : 12 200 2 4 0
45 : 165 202 7 2 0
46 : 222 70 22 48 1
47 : 167 32 67 26 0
48 : 77 130 22 23 1
49 : 0 109 39 14 0
50 : 98 155 7 29 1
51 : 235 102 13 45 1
52 : 37 186 22 2 0
53 : 295 184 14 5 1
54 : 0 123 19 29 1
55 : 239 201 8 2 0
56 : 163 70 46 23 0
57 : 0 172 22 9 0
58 : 185 191 7 14 1
59 : 207 166 1 33 1
60 : 28 165 25 9 0
61 : 184 198 13 4 0
62 : 130 110 23 29 1
63 : 119 141 11 31 1
64 : 216 197 14 3 0
65 : 137 202 1 2 1
66 : 144 172 7 25 1
67 : 0 165 28 7 0
68 : 53 140 20 22 1
69 : 56 194 15 4 0
70 : 48 174 4 25 1
71 : 41 200 9 4 0
72 : 75 152 23 16 0
73 : 171 160 14 19 0
74 : 29 130 10 34 1
75 : 132 192 9 9 0
76 : 176 202 2 4 1
77 : 72 0 103 7 0
78 : 252 202 4 3 0
79 : 159 126 11 37 1
80 : 50 200 8 3 0
81 : 22 174 4 26 1
82 : 0 198 14 2 0
83 : 259 190 8 15 1
84 : 86 105 13 44 1
85 : 298 102 40 2 1
86 : 39 118 12 38 1
87 : 227 115 39 13 0
88 : 116 192 4 16 1
89 : 150 151 2 37 1
90 : 172 202 4 3 0
91 : 71 194 6 9 0
92 : 197 198 13 4 0
93 : 144 179 12 15 1
94 : 259 188 22 2 0
95 : 103 192 7 13 1
96 : 196 128 13 35 1
97 : 134 34 29 48 0
98 : 132 201 9 1 0
99 : 240 169 30 3 0
100 : 227 141 11 31 1
101 : 37 188 21 2 0
102 : 8 200 4 4 0
103 : 141 199 14 1 0
104 : 93 201 1 9 1
105 : 91 192 9 12 1
106 : 187 141 2 40 1
107 : 258 150 22 18 0
108 : 184 183 8 17 1
109 : 103 199 13 1 0
110 : 266 115 22 28 1
111 : 121 133 8 36 1
112 : 288 200 3 7 1
113 : 207 167 18 15 0
114 : 127 155 14 21 1
115 : 39 73 24 45 1
116 : 93 202 4 2 0
117 : 185 155 22 14 0
118 : 72 7 95 1 0
119 : 72 8 26 68 1
120 : 0 194 15 4 0
121 : 295 198 5 7 0
122 : 240 0 46 38 0
123 : 97 202 4 1 0
124 : 25 199 4 5 1
125 : 37 97 58 2 0
126 : 142 191 14 8 0
127 : 138 93 17 47 1
128 : 225 173 15 15 0
129 : 61 185 6 18 1
130 : 125 183 9 17 1
131 : 116 196 16 2 0
132 : 265 198 9 6 0
133 : 125 198 7 7 0
134 : 170 196 14 4 0
135 : 37 178 5 22 1
136 : 169 179 12 15 1
137 : 30 198 11 5 0
138 : 16 190 9 14 1
139 : 231 128 33 13 0
140 : 103 200 8 4 0
141 : 98 162 28 7 0
142 : 39 56 17 59 1
143 : 258 146 4 37 1
144 : 156 201 9 1 0
145 : 116 198 6 9 1
146 : 73 176 20 8 0
147 : 60 184 24 1 0
148 : 84 82 14 54 1
149 : 37 99 49 10 0
150 : 30 190 14 8 0
151 : 256 177 9 18 1
152 : 149 200 4 7 1
153 : 109 183 9 16 1
154 : 0 77 25 37 1
155 : 270 70 32 29 1
156 : 141 200 8 4 0
157 : 280 198 2 15 1
158 : 209 92 61 5 0
159 : 202 182 4 22 1
160 : 201 190 8 15 1
161 : 100 130 19 25 0
162 : 274 184 4 21 1
163 : 240 186 5 19 1
164 : 29 140 19 24 1
165 : 185 169 14 17 1
166 : 86 201 7 3 0
167 : 270 169 29 3 0
168 : 216 193 15 4 0
169 : 44 190 10 12 1
170 : 39 109 43 9 0
171 : 77 197 14 3 0
172 : 278 201 2 3 0
173 : 201 186 20 4 0
174 : 72 34 22 62 1
175 : 241 152 17 17 0
176 : 99 175 26 2 0
177 : 22 178 15 12 0
178 : 119 153 2 36 1
179 : 234 38 32 50 1
180 : 0 181 5 22 1
181 : 0 186 16 8 0
182 : 157 137 14 30 1
183 : 247 201 5 2 0
184 : 115 200 1 2 0
185 : 280 200 8 3 0
186 : 155 153 30 7 0
187 : 210 200 4 9 1
188 : 77 200 9 3 0
189 : 239 198 14 3 0
190 : 185 106 42 14 0
191 : 264 137 34 9 0
192 : 14 199 4 11 1
193 : 0 0 38 72 1
194 : 230 197 6 1 1
195 : 66 200 3 5 1
196 : 231 193 10 8 1
197 : 79 185 12 12 0
198 : 253 198 4 12 1
199 : 286 0 13 61 0
