1000 831
0 : 974 177 94 6 1
1 : 641 336 22 1 1
2 : 0 610 25 23 0
3 : 207 419 2 13 0
4 : 90 409 7 6 1
5 : 851 446 16 133 0
6 : 980 642 37 13 1
7 : 376 261 42 91 1
8 : 468 341 32 7 1
9 : 468 450 4 53 0
10 : 928 580 27 10 1
11 : 980 467 57 16 1
12 : 541 406 32 2 1
13 : 632 439 2 3 0
14 : 114 472 31 41 1
15 : 809 336 22 1 1
16 : 999 205 1 103 0
17 : 336 483 4 4 0
18 : 625 335 7 62 0
19 : 90 416 41 5 1
20 : 356 314 24 19 1
21 : 888 204 50 59 1
22 : 167 244 69 42 1
23 : 810 78 67 63 0
24 : 642 78 168 76 0
25 : 980 205 19 52 0
26 : 641 358 1 2 0
27 : 61 351 29 79 0
28 : 111 418 31 3 1
29 : 947 408 18 58 0
30 : 518 438 5 18 0
31 : 61 584 23 41 0
32 : 111 95 3 69 0
33 : 868 317 9 10 0
34 : 642 614 112 22 1
35 : 877 381 11 19 0
36 : 486 151 202 57 1
37 : 356 613 14 24 0
38 : 548 150 60 77 1
39 : 111 287 48 3 1
40 : 486 573 40 25 1
41 : 921 462 4 14 0
42 : 356 156 37 20 1
43 : 758 481 69 26 1
44 : 713 540 28 29 1
45 : 523 440 17 32 0
46 : 868 141 9 119 0
47 : 518 456 40 4 1
48 : 980 524 15 61 0
49 : 523 472 48 16 1
50 : 292 463 14 55 0
51 : 523 605 15 19 0
52 : 0 370 34 113 0
53 : 548 0 94 81 0
54 : 356 527 53 15 1
55 : 966 289 8 31 0
56 : 973 354 1 14 0
57 : 713 364 36 36 0
58 : 374 359 1 1 0
59 : 164 414 3 33 0
60 : 634 448 12 5 1
61 : 475 387 12 11 1
62 : 347 292 24 9 1
63 : 980 173 20 32 0
64 : 376 344 82 39 0
65 : 40 436 21 72 0
66 : 749 393 34 6 1
67 : 802 245 56 8 1
68 : 980 585 25 15 1
69 : 632 335 66 2 1
70 : 356 338 18 79 0
71 : 0 513 29 39 0
72 : 642 323 41 115 1
73 : 974 73 104 6 1
74 : 642 570 44 25 1
75 : 980 610 15 18 0
76 : 634 336 49 7 1
77 : 548 618 22 95 0
78 : 347 408 8 6 1
79 : 939 340 7 38 0
80 : 802 336 7 42 0
81 : 642 274 49 116 1
82 : 810 274 69 41 1
83 : 947 339 69 18 1
84 : 281 412 5 50 0
85 : 486 613 23 24 1
86 : 802 154 91 8 1
87 : 810 388 34 83 0
88 : 868 327 9 8 0
89 : 785 643 13 33 0
90 : 928 349 32 11 1
91 : 868 291 9 26 0
92 : 164 447 22 3 1
93 : 523 624 18 14 1
94 : 642 220 143 54 0
95 : 810 141 133 58 1
96 : 40 580 15 36 0
97 : 634 385 6 38 0
98 : 844 388 71 4 1
99 : 974 475 9 4 1
100 : 785 220 17 125 0
101 : 939 378 7 14 0
102 : 939 323 8 17 0
103 : 758 550 26 32 0
104 : 99 513 17 12 1
105 : 61 257 29 94 0
106 : 980 628 14 14 0
107 : 758 626 22 59 0
108 : 354 335 75 2 1
109 : 613 608 10 21 0
110 : 340 451 48 4 1
111 : 980 445 17 22 0
112 : 877 183 77 11 1
113 : 209 276 90 39 1
114 : 143 521 126 10 1
115 : 844 459 27 4 1
116 : 589 383 32 24 1
117 : 928 298 11 51 0
118 : 785 450 70 16 1
119 : 758 274 70 27 1
120 : 589 670 22 25 0
121 : 201 451 4 48 0
122 : 749 449 5 8 0
123 : 475 399 11 12 0
124 : 746 400 3 33 0
125 : 356 508 19 16 1
126 : 167 152 42 92 0
127 : 376 515 28 226 0
128 : 114 671 22 23 0
129 : 634 325 11 8 1
130 : 40 531 49 15 1
131 : 848 343 3 39 0
132 : 209 434 94 32 1
133 : 167 313 68 40 1
134 : 998 357 4 1 1
135 : 416 611 36 14 1
136 : 90 399 10 6 1
137 : 40 616 22 14 1
138 : 90 332 67 7 1
139 : 692 402 21 81 0
140 : 810 516 28 148 0
141 : 114 370 36 47 1
142 : 61 625 22 61 0
143 : 625 150 62 9 1
144 : 749 427 5 22 0
145 : 0 0 95 114 1
146 : 980 331 18 80 0
147 : 416 522 61 15 1
148 : 159 406 35 2 1
149 : 848 449 3 15 0
150 : 287 398 5 67 0
151 : 90 212 47 9 1
152 : 851 396 50 17 1
153 : 0 578 32 25 1
154 : 867 460 4 14 0
155 : 634 301 24 8 1
156 : 99 156 122 12 1
157 : 167 475 123 30 1
158 : 966 398 6 12 0
159 : 875 335 2 59 0
160 : 548 526 92 28 1
161 : 541 353 53 2 1
162 : 613 479 12 20 0
163 : 548 257 41 140 0
164 : 340 394 29 6 1
165 : 248 339 59 38 1
166 : 416 647 32 13 1
167 : 947 573 15 38 0
168 : 99 495 18 12 1
169 : 111 380 3 38 0
170 : 0 483 31 30 0
171 : 111 229 58 3 1
172 : 634 423 5 25 0
173 : 966 340 32 7 1
174 : 888 571 25 43 0
175 : 475 256 11 72 0
176 : 634 460 4 18 0
177 : 802 394 23 6 1
178 : 921 402 9 6 1
179 : 642 364 71 38 0
180 : 877 400 10 202 0
181 : 281 462 14 4 1
182 : 468 429 5 21 0
183 : 810 664 29 22 1
184 : 201 381 42 6 1
185 : 209 366 35 68 0
186 : 980 133 40 20 1
187 : 286 339 59 6 1
188 : 877 260 11 68 0
189 : 241 434 24 3 1
190 : 111 335 3 45 0
191 : 376 453 40 32 0
192 : 589 641 29 22 1
193 : 292 393 14 70 0
194 : 946 340 1 16 0
195 : 642 402 50 34 0
196 : 974 271 6 76 0
197 : 486 636 22 40 0
198 : 244 366 75 4 1
199 : 973 340 1 14 0
200 : 432 420 61 4 1
201 : 347 316 9 11 0
202 : 851 274 122 17 1
203 : 0 156 99 56 0
204 : 888 298 40 104 0
205 : 877 78 11 105 0
206 : 613 407 45 12 1
207 : 758 344 32 27 1
208 : 965 339 1 18 0
209 : 287 465 14 4 1
210 : 468 211 130 7 1
211 : 802 378 16 7 1
212 : 587 436 2 6 0
213 : 164 289 3 46 0
214 : 613 210 102 12 1
215 : 888 73 86 70 0
216 : 613 517 15 12 1
217 : 475 411 10 139 0
218 : 810 343 38 45 0
219 : 966 320 8 20 0
220 : 625 327 9 8 0
221 : 99 471 24 12 1
222 : 167 621 22 91 0
223 : 436 383 22 126 0
224 : 114 440 43 32 0
225 : 436 509 112 22 1
226 : 306 477 73 30 1
227 : 376 485 31 30 0
228 : 947 258 34 19 1
229 : 921 476 7 4 1
230 : 939 392 36 6 1
231 : 785 345 17 105 0
232 : 90 315 17 9 1
233 : 589 415 32 24 1
234 : 802 417 33 5 1
235 : 248 582 52 23 1
236 : 802 301 8 23 0
237 : 354 434 8 2 1
238 : 613 532 10 76 0
239 : 248 398 70 33 1
240 : 114 638 33 22 1
241 : 692 640 13 50 0
242 : 692 483 21 31 0
243 : 947 292 19 27 0
244 : 356 674 17 13 1
245 : 432 481 4 4 0
246 : 939 456 4 37 0
247 : 785 520 15 83 0
248 : 523 520 85 15 1
249 : 376 211 50 92 1
250 : 999 308 66 1 1
251 : 888 0 92 73 0
252 : 475 328 11 39 0
253 : 463 459 4 28 0
254 : 877 624 10 14 0
255 : 486 86 62 65 0
256 : 40 638 62 13 1
257 : 340 423 28 5 1
258 : 801 450 53 4 1
259 : 642 0 78 137 1
260 : 613 452 12 27 0
261 : 99 616 18 10 1
262 : 947 204 19 54 0
263 : 281 398 14 6 1
264 : 287 479 5 4 1
265 : 375 193 126 1 1
266 : 888 254 44 51 1
267 : 347 327 9 8 0
268 : 486 501 72 29 1
269 : 90 259 9 34 0
270 : 692 620 14 20 0
271 : 486 353 37 85 0
272 : 436 621 22 89 0
273 : 97 412 16 2 1
274 : 306 550 26 32 0
275 : 111 449 16 3 1
276 : 674 479 32 16 1
277 : 0 301 69 40 1
278 : 810 471 31 45 0
279 : 167 381 34 94 0
280 : 0 212 90 45 0
281 : 292 518 43 14 1
282 : 779 0 78 109 1
283 : 998 331 26 1 1
284 : 642 436 32 66 0
285 : 458 445 5 16 0
286 : 974 417 30 5 1
287 : 356 651 23 13 1
288 : 947 466 16 67 0
289 : 292 208 109 14 1
290 : 713 568 72 25 1
291 : 143 503 12 18 0
292 : 34 370 6 44 0
293 : 347 260 32 9 1
294 : 475 590 10 24 0
295 : 746 433 26 3 1
296 : 114 552 25 86 0
297 : 463 303 4 95 0
298 : 548 210 65 47 0
299 : 248 468 60 31 1
300 : 868 424 5 22 0
301 : 625 397 16 6 1
302 : 475 153 11 103 0
303 : 848 417 3 32 0
304 : 248 208 131 44 1
305 : 625 290 27 9 1
306 : 97 440 3 2 1
307 : 114 503 49 29 1
308 : 99 379 56 12 1
309 : 625 455 4 47 0
310 : 758 376 26 105 0
311 : 99 530 86 10 1
312 : 458 344 5 101 0
313 : 306 628 57 22 1
314 : 356 637 14 14 0
315 : 0 95 61 111 1
316 : 114 289 50 41 0
317 : 757 323 50 1 1
318 : 966 471 13 4 1
319 : 587 397 2 39 0
320 : 162 330 2 100 0
321 : 356 417 18 18 0
322 : 548 477 49 30 1
323 : 974 347 48 6 1
324 : 114 90 95 62 0
325 : 467 261 68 1 1
326 : 376 303 41 87 1
327 : 241 458 10 3 1
328 : 966 143 8 146 0
329 : 692 599 21 15 1
330 : 292 641 47 13 1
331 : 974 447 14 5 1
332 : 802 324 12 8 1
333 : 974 461 14 4 1
334 : 758 582 23 44 0
335 : 674 643 33 13 1
336 : 939 294 29 8 1
337 : 543 313 130 5 1
338 : 356 580 15 33 0
339 : 0 633 22 46 0
340 : 548 81 69 86 1
341 : 463 398 61 4 1
342 : 632 401 2 38 0
343 : 209 90 39 186 0
344 : 281 476 8 4 1
345 : 248 0 119 86 0
346 : 980 257 48 19 1
347 : 90 293 22 9 1
348 : 111 164 65 3 1
349 : 207 432 10 2 1
350 : 888 402 33 63 0
351 : 947 611 28 14 1
352 : 167 598 23 28 1
353 : 292 601 40 14 1
354 : 467 329 43 1 1
355 : 581 397 6 18 0
356 : 61 507 29 40 0
357 : 946 356 1 9 0
358 : 543 460 4 24 0
359 : 625 252 38 9 1
360 : 114 406 34 45 1
361 : 376 153 99 58 0
362 : 244 441 4 58 0
363 : 625 413 42 5 1
364 : 209 528 67 28 1
365 : 164 335 41 3 1
366 : 928 381 11 19 0
367 : 209 629 55 22 1
368 : 851 615 14 22 0
369 : 543 443 17 5 1
370 : 939 254 8 40 0
371 : 625 212 9 40 0
372 : 966 372 7 26 0
373 : 642 502 68 29 1
374 : 867 474 4 13 0
375 : 548 397 33 80 0
376 : 848 382 35 3 1
377 : 61 430 77 29 1
378 : 523 414 26 18 1
379 : 966 410 5 61 0
380 : 367 0 86 94 1
381 : 581 415 42 5 1
382 : 642 154 66 160 1
383 : 868 260 31 9 1
384 : 376 383 37 60 1
385 : 877 602 10 22 0
386 : 785 603 15 20 0
387 : 674 436 43 17 1
388 : 248 634 45 22 1
389 : 248 156 52 58 1
390 : 475 550 40 10 1
391 : 356 484 24 16 1
392 : 888 614 112 22 1
393 : 486 676 22 22 0
394 : 97 428 2 12 0
395 : 475 614 10 20 0
396 : 713 670 25 22 1
397 : 928 400 10 150 0
398 : 90 457 4 33 0
399 : 306 156 50 104 0
400 : 947 533 40 15 1
401 : 114 152 53 137 0
402 : 749 457 4 30 0
403 : 376 420 56 33 0
404 : 486 438 32 63 0
405 : 458 461 4 14 0
406 : 306 260 134 41 1
407 : 947 319 19 20 0
408 : 939 449 5 7 0
409 : 248 528 28 54 0
410 : 867 446 14 5 1
411 : 34 456 42 4 1
412 : 851 579 36 15 1
413 : 589 472 94 23 1
414 : 209 595 34 23 1
415 : 746 463 3 4 0
416 : 634 251 50 8 1
417 : 347 457 32 4 1
418 : 523 353 18 61 0
419 : 868 335 58 7 1
420 : 354 410 24 2 1
421 : 589 566 23 75 0
422 : 162 430 11 2 1
423 : 543 151 162 5 1
424 : 980 0 84 20 1
425 : 376 86 110 67 0
426 : 625 317 10 9 1
427 : 746 459 3 4 0
428 : 416 583 28 15 1
429 : 785 623 14 20 0
430 : 164 376 3 38 0
431 : 674 511 15 100 0
432 : 468 373 18 7 1
433 : 34 414 5 42 0
434 : 713 464 76 31 1
435 : 634 81 8 170 0
436 : 939 428 21 5 1
437 : 921 411 5 51 0
438 : 523 642 13 45 0
439 : 674 611 14 32 0
440 : 589 447 25 24 1
441 : 888 143 78 61 0
442 : 458 475 9 4 1
443 : 99 278 12 101 0
444 : 374 338 21 1 1
445 : 40 301 135 21 1
446 : 336 477 6 4 1
447 : 888 531 28 40 0
448 : 114 0 134 90 0
449 : 356 435 49 17 1
450 : 114 330 40 48 1
451 : 713 400 33 64 0
452 : 306 394 34 83 0
453 : 97 332 2 80 0
454 : 613 312 95 12 1
455 : 0 552 26 26 0
456 : 61 547 26 37 0
457 : 877 328 33 11 1
458 : 40 508 23 21 1
459 : 749 364 7 29 0
460 : 475 367 11 20 0
461 : 947 639 13 60 0
462 : 809 358 2 1 1
463 : 292 561 40 14 1
464 : 713 640 30 22 1
465 : 589 338 24 45 0
466 : 974 395 6 22 0
467 : 888 465 66 31 1
468 : 347 399 9 6 1
469 : 0 257 44 61 1
470 : 375 319 1 59 0
471 : 589 257 24 81 0
472 : 980 305 19 26 0
473 : 356 193 19 121 0
474 : 306 582 46 23 1
475 : 868 393 6 31 0
476 : 347 416 5 41 0
477 : 613 499 12 18 0
478 : 692 514 15 85 0
479 : 201 423 5 28 0
480 : 461 0 86 87 1
481 : 99 435 36 12 1
482 : 347 335 64 7 1
483 : 634 478 5 4 1
484 : 980 411 34 18 1
485 : 928 550 30 10 1
486 : 851 637 194 13 1
487 : 468 391 38 6 1
488 : 965 357 1 4 0
489 : 207 313 106 2 1
490 : 877 361 11 20 0
491 : 197 475 4 12 0
492 : 928 607 22 10 1
493 : 248 86 70 128 1
494 : 292 317 14 76 0
495 : 581 457 4 31 0
496 : 541 438 2 4 0
497 : 416 453 69 16 1
498 : 980 84 20 49 0
499 : 875 394 2 50 0
