200 124
0 : 0 0 4 6 1
1 : 6 0 2 4 1
2 : 10 0 110 45 0
3 : 120 0 1 15 1
4 : 135 0 2 4 1
5 : 139 0 6 3 0
6 : 145 0 1 27 1
7 : 172 0 4 23 1
8 : 120 1 9 14 1
9 : 145 1 1 11 1
10 : 156 1 15 2 0
11 : 134 3 18 24 1
12 : 158 3 8 1 0
13 : 158 4 15 40 1
14 : 120 10 7 14 1
15 : 6 2 11 4 1
16 : 198 0 1 2 1
17 : 158 19 37 2 0
18 : 120 21 20 8 0
19 : 0 13 12 9 1
20 : 140 21 15 15 0
21 : 155 21 14 20 1
22 : 155 35 4 27 1
23 : 198 1 1 18 0
24 : 182 21 22 14 1
25 : 120 36 23 7 0
26 : 196 19 5 3 1
27 : 143 39 5 22 1
28 : 165 43 6 25 1
29 : 9 45 14 58 1
30 : 0 25 17 9 1
31 : 196 24 3 2 0
32 : 199 1 1 20 0
33 : 196 26 8 3 1
34 : 120 43 18 8 0
35 : 138 44 20 2 0
36 : 67 45 6 19 1
37 : 120 51 67 3 0
38 : 190 43 10 8 0
39 : 0 42 8 9 1
40 : 86 45 21 11 0
41 : 107 45 4 5 1
42 : 67 51 4 16 1
43 : 107 54 17 22 1
44 : 129 54 20 30 1
45 : 159 54 14 5 0
46 : 173 54 12 22 1
47 : 83 56 20 5 0
48 : 67 55 4 11 1
49 : 0 50 7 4 0
50 : 7 59 33 32 0
51 : 40 59 19 9 0
52 : 78 61 27 16 0
53 : 59 59 18 5 0
54 : 59 64 8 16 1
55 : 195 51 8 1 1
56 : 196 51 4 3 0
57 : 105 74 3 71 1
58 : 77 77 41 1 0
59 : 0 54 15 5 1
60 : 40 72 33 4 0
61 : 176 66 5 17 1
62 : 196 54 4 9 0
63 : 176 71 3 24 1
64 : 176 74 11 8 0
65 : 0 69 6 5 0
66 : 118 77 50 27 0
67 : 40 76 25 16 0
68 : 73 78 22 29 1
69 : 168 82 4 24 1
70 : 168 86 8 21 1
71 : 0 74 6 2 0
72 : 192 74 9 7 1
73 : 102 78 14 2 0
74 : 102 80 14 3 0
75 : 102 83 15 22 0
76 : 6 54 1 8 0
77 : 0 76 7 16 0
78 : 65 76 3 10 0
79 : 7 91 21 5 0
80 : 199 74 1 9 0
81 : 28 92 4 45 1
82 : 117 78 14 1 1
83 : 0 96 41 18 0
84 : 168 94 27 30 1
85 : 41 96 7 7 0
86 : 48 96 6 6 0
87 : 54 100 7 32 1
88 : 86 100 4 3 0
89 : 117 104 44 12 0
90 : 198 83 1 2 1
91 : 90 100 12 3 0
92 : 86 105 22 10 0
93 : 48 107 27 2 0
94 : 0 114 5 63 1
95 : 63 109 23 15 0
96 : 161 104 7 7 0
97 : 108 105 14 4 1
98 : 86 115 9 12 1
99 : 112 105 3 6 0
