200 119
0 : 11 110 4 6 0
1 : 4 114 2 4 1
2 : 0 0 110 45 0
3 : 0 106 1 15 1
4 : 0 114 2 4 1
5 : 144 113 6 3 0
6 : 0 69 1 27 1
7 : 196 60 4 23 0
8 : 88 96 9 14 0
9 : 198 98 1 11 0
10 : 198 83 15 2 1
11 : 73 78 18 24 1
12 : 174 112 8 1 0
13 : 160 45 15 40 1
14 : 15 107 7 14 1
15 : 40 110 11 4 0
16 : 103 113 1 2 1
17 : 41 45 37 2 0
18 : 68 96 20 8 0
19 : 111 109 12 9 0
20 : 72 104 15 15 0
21 : 97 94 14 20 1
22 : 0 63 4 27 1
23 : 197 83 1 18 0
24 : 142 82 22 14 0
25 : 49 81 23 7 0
26 : 174 113 5 3 0
27 : 47 88 5 22 1
28 : 169 76 6 25 1
29 : 110 11 14 58 1
30 : 39 101 17 9 0
31 : 179 113 3 2 0
32 : 20 97 1 20 1
33 : 195 104 8 3 1
34 : 161 99 18 8 0
35 : 142 96 20 2 0
36 : 142 98 6 19 1
37 : 110 3 67 3 0
38 : 87 110 10 8 0
39 : 61 110 8 9 1
40 : 186 83 21 11 1
41 : 196 112 4 5 0
42 : 56 104 4 16 1
43 : 120 82 17 22 1
44 : 41 58 20 30 1
45 : 151 107 14 5 0
46 : 164 82 12 22 1
47 : 0 96 20 5 0
48 : 0 110 4 11 1
49 : 189 112 7 4 0
50 : 78 45 33 32 1
51 : 20 98 19 9 0
52 : 169 60 27 16 0
53 : 117 99 18 5 0
54 : 179 104 8 16 1
55 : 97 112 8 1 0
56 : 55 113 4 3 0
57 : 110 0 3 71 1
58 : 197 0 41 1 1
59 : 117 104 15 5 0
60 : 41 47 33 4 0
61 : 0 101 5 17 1
62 : 135 111 4 9 1
63 : 49 78 3 24 1
64 : 29 110 11 8 0
65 : 159 112 6 5 0
66 : 110 25 50 27 0
67 : 0 70 25 16 0
68 : 140 60 22 29 1
69 : 25 78 4 24 1
70 : 47 93 8 21 1
71 : 70 108 6 2 1
72 : 165 111 9 7 0
73 : 56 108 14 2 0
74 : 0 107 14 3 0
75 : 25 82 15 22 1
76 : 144 112 1 8 1
77 : 135 104 7 16 1
78 : 51 110 3 10 1
79 : 164 94 21 5 0
80 : 199 98 1 9 0
81 : 181 0 4 45 0
82 : 97 108 14 1 0
83 : 0 45 41 18 0
84 : 110 52 27 30 1
85 : 152 112 7 7 0
86 : 105 112 6 6 0
87 : 41 51 7 32 1
88 : 51 113 4 3 0
89 : 185 0 44 12 1
90 : 59 113 1 2 1
91 : 97 109 12 3 0
92 : 0 86 22 10 0
93 : 0 67 27 2 0
94 : 110 6 5 63 1
95 : 97 79 23 15 0
96 : 182 112 7 7 0
97 : 165 107 14 4 0
98 : 123 109 9 12 1
99 : 97 113 3 6 1
