300 258
0 : 47 96 2 3 0
1 : 171 138 18 12 1
2 : 237 122 14 5 1
3 : 259 136 11 6 1
4 : 171 156 12 16 0
5 : 191 1 6 44 0
6 : 246 87 2 10 0
7 : 165 59 2 23 0
8 : 185 1 52 6 1
9 : 0 122 12 39 1
10 : 80 103 7 26 0
11 : 171 231 10 13 0
12 : 99 77 19 3 1
13 : 287 0 59 12 1
14 : 165 82 2 14 0
15 : 294 139 8 4 1
16 : 103 88 39 39 0
17 : 103 175 14 24 1
18 : 198 214 20 19 0
19 : 191 145 4 4 0
20 : 0 232 18 14 0
21 : 67 136 12 23 0
22 : 0 148 30 12 0
23 : 184 55 1 2 0
24 : 168 86 2 11 0
25 : 294 59 5 26 0
26 : 248 170 9 16 0
27 : 103 27 65 32 0
28 : 0 179 23 19 0
29 : 142 117 5 19 0
30 : 171 217 10 14 0
31 : 191 45 6 30 0
32 : 197 1 31 1 1
33 : 49 121 16 5 1
34 : 191 75 26 6 1
35 : 185 110 8 3 1
36 : 39 122 7 15 0
37 : 165 96 2 2 0
38 : 197 32 1 24 0
39 : 198 56 9 50 1
40 : 268 90 7 2 1
41 : 270 210 20 14 1
42 : 191 101 22 6 1
43 : 87 125 3 4 0
44 : 266 95 2 4 0
45 : 149 88 7 2 1
46 : 198 65 22 48 1
47 : 0 7 67 26 0
48 : 198 178 22 23 1
49 : 198 100 39 14 0
50 : 142 88 7 29 0
51 : 171 55 13 45 0
52 : 168 64 22 2 1
53 : 191 123 14 5 1
54 : 270 135 19 29 0
55 : 47 88 8 2 1
56 : 67 57 46 23 1
57 : 30 134 22 9 1
58 : 230 127 7 14 0
59 : 299 0 1 33 0
60 : 248 127 25 9 1
61 : 294 126 13 4 1
62 : 103 152 23 29 1
63 : 270 104 11 31 0
64 : 185 96 14 3 1
65 : 66 56 1 2 0
66 : 259 111 7 25 0
67 : 90 91 28 7 1
68 : 0 198 20 22 1
69 : 62 115 15 4 1
70 : 62 70 4 25 0
71 : 49 137 9 4 1
72 : 103 189 23 16 0
73 : 0 218 14 19 1
74 : 248 93 10 34 0
75 : 248 198 9 9 0
76 : 149 95 2 4 0
77 : 0 0 103 7 0
78 : 185 125 4 3 1
79 : 248 56 11 37 0
80 : 87 112 8 3 1
81 : 58 55 4 26 0
82 : 266 81 14 2 1
83 : 151 172 8 15 0
84 : 198 87 13 44 1
85 : 101 7 40 2 1
86 : 171 100 12 38 0
87 : 198 114 39 13 0
88 : 58 103 4 16 0
89 : 168 27 2 37 0
90 : 99 125 4 3 1
91 : 90 137 6 9 0
92 : 62 130 13 4 1
93 : 171 202 12 15 0
94 : 246 65 22 2 1
95 : 80 129 7 13 0
96 : 151 101 13 35 0
97 : 103 59 29 48 1
98 : 66 47 9 1 1
99 : 99 47 30 3 1
100 : 281 104 11 31 0
101 : 47 67 21 2 1
102 : 237 145 4 4 0
103 : 66 33 14 1 1
104 : 102 47 1 9 0
105 : 248 186 9 12 0
106 : 99 7 2 40 0
107 : 270 188 22 18 1
108 : 132 152 8 17 0
109 : 299 33 13 1 1
110 : 198 156 22 28 1
111 : 49 57 8 36 0
112 : 99 118 3 7 0
113 : 103 219 18 15 0
114 : 103 205 14 21 1
115 : 270 59 24 45 0
116 : 188 94 4 2 1
117 : 198 200 22 14 0
118 : 103 0 95 1 0
119 : 103 1 26 68 1
120 : 242 108 15 4 1
121 : 39 146 5 7 0
122 : 0 84 46 38 0
123 : 190 53 4 1 1
124 : 90 146 4 5 1
125 : 0 55 58 2 0
126 : 132 184 14 8 1
127 : 0 67 17 47 1
128 : 103 234 15 15 0
129 : 90 119 6 18 0
130 : 30 156 9 17 0
131 : 268 74 16 2 1
132 : 230 141 9 6 1
133 : 80 142 7 7 0
134 : 242 123 14 4 1
135 : 237 100 5 22 0
136 : 171 187 12 15 0
137 : 142 136 11 5 1
138 : 30 173 9 14 0
139 : 67 103 33 13 1
140 : 191 137 8 4 1
141 : 49 93 28 7 1
142 : 270 0 17 59 0
143 : 62 33 4 37 0
144 : 299 46 9 1 1
145 : 39 137 6 9 0
146 : 151 136 20 8 1
147 : 170 27 24 1 1
148 : 171 1 14 54 0
149 : 0 57 49 10 0
150 : 67 175 14 8 1
151 : 248 152 9 18 0
152 : 62 143 4 7 0
153 : 67 159 9 16 0
154 : 103 127 25 37 1
155 : 198 127 32 29 0
156 : 242 137 8 4 1
157 : 188 79 2 15 0
158 : 198 51 61 5 0
159 : 58 81 4 22 0
160 : 132 169 8 15 0
161 : 0 160 19 25 1
162 : 242 87 4 21 0
163 : 294 107 5 19 0
164 : 270 164 19 24 0
165 : 270 230 14 17 0
166 : 185 118 7 3 1
167 : 185 53 29 3 1
168 : 58 119 15 4 1
169 : 171 244 10 12 0
170 : 259 38 43 9 1
171 : 185 82 14 3 1
172 : 97 96 2 3 0
173 : 62 95 20 4 1
174 : 0 33 22 62 1
175 : 198 233 17 17 0
176 : 188 53 26 2 1
177 : 171 172 15 12 1
178 : 268 38 2 36 0
179 : 67 7 32 50 0
180 : 294 85 5 22 0
181 : 151 156 16 8 1
182 : 0 134 14 30 1
183 : 97 91 5 2 1
184 : 299 55 1 2 0
185 : 99 110 8 3 1
186 : 259 81 30 7 1
187 : 237 136 4 9 0
188 : 87 103 9 3 1
189 : 99 96 14 3 1
190 : 151 59 42 14 1
191 : 90 57 34 9 1
192 : 159 136 4 11 0
193 : 198 0 38 72 1
194 : 170 51 6 1 1
195 : 87 120 3 5 0
196 : 30 187 10 8 1
197 : 0 246 12 12 0
198 : 58 134 4 12 0
199 : 198 38 13 61 1
