300 193
0 : 39 191 2 3 1
1 : 107 130 18 12 0
2 : 261 181 14 5 0
3 : 204 169 11 6 0
4 : 156 130 12 16 1
5 : 160 169 6 44 1
6 : 173 191 2 10 1
7 : 26 189 2 23 1
8 : 108 169 52 6 0
9 : 0 130 12 39 1
10 : 28 169 7 26 1
11 : 278 142 10 13 1
12 : 137 185 19 3 0
13 : 241 130 59 12 0
14 : 145 190 2 14 1
15 : 41 185 8 4 0
16 : 0 0 39 39 0
17 : 39 103 14 24 1
18 : 0 84 20 19 0
19 : 74 185 4 4 0
20 : 283 102 18 14 1
21 : 144 117 12 23 0
22 : 77 130 30 12 0
23 : 298 191 1 2 1
24 : 212 189 2 11 1
25 : 0 176 5 26 1
26 : 173 153 9 16 1
27 : 157 0 65 32 0
28 : 139 84 23 19 0
29 : 70 176 5 19 1
30 : 152 142 10 14 1
31 : 108 175 6 30 1
32 : 80 192 31 1 0
33 : 231 181 16 5 0
34 : 138 175 26 6 0
35 : 215 186 8 3 0
36 : 79 169 7 15 1
37 : 45 191 2 2 0
38 : 111 192 1 24 1
39 : 123 152 9 50 1
40 : 15 191 7 2 0
41 : 106 103 20 14 0
42 : 164 175 22 6 0
43 : 256 186 3 4 1
44 : 31 191 2 4 1
45 : 8 191 7 2 0
46 : 91 64 22 48 1
47 : 272 0 67 26 1
48 : 0 62 22 23 1
49 : 0 103 39 14 0
50 : 261 169 7 29 1
51 : 223 117 13 45 1
52 : 49 189 22 2 0
53 : 247 181 14 5 0
54 : 218 61 19 29 0
55 : 0 191 8 2 0
56 : 144 61 46 23 0
57 : 278 152 22 9 0
58 : 94 169 7 14 1
59 : 47 192 1 33 1
60 : 173 144 25 9 0
61 : 212 182 13 4 0
62 : 0 39 23 29 1
63 : 31 142 11 31 1
64 : 156 185 14 3 0
65 : 216 192 1 2 1
66 : 54 169 7 25 1
67 : 0 169 28 7 0
68 : 261 67 20 22 1
69 : 182 181 15 4 0
70 : 63 181 4 25 1
71 : 23 185 9 4 0
72 : 256 87 23 16 0
73 : 204 105 14 19 1
74 : 202 143 10 34 1
75 : 189 153 9 9 0
76 : 35 191 2 4 1
77 : 117 162 103 7 0
78 : 260 186 4 3 0
79 : 241 142 11 37 1
80 : 229 186 8 3 0
81 : 37 181 4 26 1
82 : 159 190 14 2 0
83 : 74 161 8 15 1
84 : 61 117 13 44 1
85 : 136 188 40 2 0
86 : 39 130 12 38 1
87 : 105 117 39 13 0
88 : 151 181 4 16 1
89 : 263 189 2 37 1
90 : 264 186 4 3 0
91 : 213 176 6 9 1
92 : 286 185 13 4 0
93 : 187 132 12 15 1
94 : 71 190 22 2 0
95 : 248 169 7 13 1
96 : 173 119 13 35 1
97 : 157 32 29 48 1
98 : 183 192 9 1 0
99 : 78 185 30 3 0
100 : 0 142 11 31 1
101 : 93 190 21 2 0
102 : 70 185 4 4 0
103 : 278 191 14 1 0
104 : 201 192 1 9 1
105 : 14 153 9 12 1
106 : 223 189 2 40 1
107 : 162 84 22 18 0
108 : 26 161 8 17 1
109 : 159 192 13 1 0
110 : 190 61 22 28 1
111 : 26 153 8 36 1
112 : 244 186 3 7 1
113 : 279 87 18 15 0
114 : 85 103 14 21 1
115 : 237 32 24 45 0
116 : 27 191 4 2 0
117 : 63 103 22 14 0
118 : 183 191 95 1 0
119 : 39 38 26 68 1
120 : 197 181 15 4 0
121 : 292 176 5 7 1
122 : 111 0 46 38 0
123 : 210 192 4 1 0
124 : 65 185 4 5 1
125 : 78 188 58 2 0
126 : 103 161 14 8 0
127 : 79 86 17 47 1
128 : 214 90 15 15 0
129 : 186 175 6 18 1
130 : 198 153 9 17 1
131 : 114 190 16 2 0
132 : 204 175 9 6 0
133 : 290 169 7 7 0
134 : 286 181 14 4 0
135 : 26 176 5 22 1
136 : 125 130 12 15 1
137 : 275 181 11 5 0
138 : 0 153 9 14 1
139 : 208 130 33 13 0
140 : 49 185 8 4 0
141 : 220 169 28 7 0
142 : 20 86 17 59 1
143 : 0 181 4 37 1
144 : 192 192 9 1 0
145 : 222 176 6 9 1
146 : 270 161 20 8 0
147 : 135 192 24 1 0
148 : 229 103 14 54 1
149 : 62 142 49 10 0
150 : 89 161 14 8 0
151 : 105 152 9 18 1
152 : 225 182 4 7 0
153 : 215 153 9 16 1
154 : 107 38 25 37 1
155 : 205 32 32 29 0
156 : 57 185 8 4 0
157 : 130 190 2 15 1
158 : 231 176 61 5 0
159 : 88 181 4 22 1
160 : 59 161 8 15 1
161 : 237 77 19 25 0
162 : 110 181 4 21 1
163 : 89 176 5 19 1
164 : 190 83 19 24 1
165 : 156 116 14 17 1
166 : 237 186 7 3 0
167 : 108 185 29 3 0
168 : 167 181 15 4 0
169 : 111 142 10 12 1
170 : 62 152 43 9 0
171 : 170 185 14 3 0
172 : 42 191 2 3 1
173 : 131 181 20 4 0
174 : 29 64 22 62 1
175 : 283 67 17 17 0
176 : 0 189 26 2 0
177 : 172 132 15 12 0
178 : 176 189 2 36 1
179 : 222 0 32 50 1
180 : 48 176 5 22 1
181 : 43 161 16 8 0
182 : 126 103 14 30 1
183 : 22 191 5 2 0
184 : 214 192 1 2 1
185 : 207 186 8 3 0
186 : 231 162 30 7 0
187 : 32 185 4 9 1
188 : 198 185 9 3 0
189 : 184 185 14 3 0
190 : 162 102 42 14 0
191 : 236 153 34 9 0
192 : 12 185 4 11 1
193 : 39 0 38 72 1
194 : 292 191 6 1 0
195 : 251 186 3 5 1
196 : 290 161 10 8 0
197 : 140 140 12 12 0
198 : 0 185 4 12 1
199 : 0 117 13 61 1
