1000 696
0 : 123 101 94 6 0
1 : 213 156 22 1 1
2 : 765 593 25 23 0
3 : 442 300 2 13 0
4 : 217 101 7 6 0
5 : 0 28 16 133 1
6 : 426 438 37 13 0
7 : 203 267 42 91 1
8 : 294 268 32 7 1
9 : 220 130 4 53 0
10 : 494 405 27 10 1
11 : 789 296 57 16 0
12 : 720 193 32 2 1
13 : 522 220 2 3 1
14 : 812 542 31 41 1
15 : 632 136 22 1 0
16 : 550 58 1 103 1
17 : 705 325 4 4 0
18 : 575 90 7 62 1
19 : 137 166 41 5 0
20 : 0 580 24 19 0
21 : 930 546 50 59 1
22 : 494 434 69 42 0
23 : 543 591 67 63 0
24 : 226 81 168 76 0
25 : 774 396 19 52 1
26 : 720 225 1 2 1
27 : 513 255 29 79 1
28 : 671 61 31 3 0
29 : 642 78 18 58 0
30 : 619 221 5 18 0
31 : 310 478 23 41 1
32 : 997 0 3 69 0
33 : 300 465 9 10 0
34 : 831 102 112 22 0
35 : 68 341 11 19 0
36 : 226 10 202 57 0
37 : 139 495 14 24 0
38 : 416 491 60 77 1
39 : 574 13 48 3 0
40 : 294 501 40 25 0
41 : 716 281 4 14 0
42 : 736 477 37 20 0
43 : 442 313 69 26 0
44 : 453 598 28 29 1
45 : 898 501 17 32 1
46 : 428 44 9 119 1
47 : 670 312 40 4 1
48 : 521 284 15 61 1
49 : 831 392 48 16 0
50 : 722 171 14 55 0
51 : 117 582 15 19 1
52 : 632 137 34 113 1
53 : 294 529 94 81 0
54 : 655 312 53 15 1
55 : 161 360 8 31 0
56 : 826 428 1 14 1
57 : 649 602 36 36 0
58 : 631 170 1 1 0
59 : 217 145 3 33 0
60 : 826 396 12 5 1
61 : 43 479 12 11 0
62 : 100 467 24 9 1
63 : 579 501 20 32 1
64 : 87 321 82 39 0
65 : 211 246 21 72 1
66 : 394 113 34 6 0
67 : 713 25 56 8 0
68 : 268 354 25 15 0
69 : 224 89 66 2 1
70 : 188 212 18 79 1
71 : 773 542 29 39 1
72 : 878 168 41 115 1
73 : 671 65 104 6 0
74 : 56 467 44 25 0
75 : 671 584 15 18 1
76 : 709 239 49 7 1
77 : 537 148 22 95 1
78 : 634 104 8 6 0
79 : 319 183 7 38 0
80 : 777 329 7 42 0
81 : 329 173 49 116 1
82 : 357 427 69 41 0
83 : 444 246 69 18 0
84 : 775 65 5 50 1
85 : 59 596 23 24 1
86 : 441 70 91 8 0
87 : 592 278 34 83 1
88 : 736 218 9 8 0
89 : 622 457 13 33 1
90 : 740 358 32 11 0
91 : 525 195 9 26 0
92 : 46 255 22 3 0
93 : 747 577 18 14 0
94 : 394 119 143 54 0
95 : 745 168 133 58 0
96 : 842 454 15 36 1
97 : 307 183 6 38 0
98 : 993 0 71 4 1
99 : 416 482 9 4 1
100 : 841 44 17 125 1
101 : 957 276 7 14 0
102 : 532 70 8 17 1
103 : 799 573 26 32 1
104 : 966 44 17 12 1
105 : 213 183 29 94 1
106 : 747 591 14 14 0
107 : 68 360 22 59 1
108 : 336 67 75 2 0
109 : 655 365 10 21 0
110 : 444 279 48 4 0
111 : 831 573 17 22 1
112 : 137 145 77 11 0
113 : 619 239 90 39 0
114 : 428 34 126 10 0
115 : 587 284 27 4 1
116 : 85 556 32 24 0
117 : 660 78 11 51 0
118 : 219 230 70 16 0
119 : 293 325 70 27 0
120 : 853 589 22 25 1
121 : 0 251 4 48 1
122 : 198 341 5 8 0
123 : 571 299 11 12 0
124 : 774 358 3 33 0
125 : 651 586 19 16 0
126 : 0 258 42 92 1
127 : 0 0 28 226 1
128 : 36 596 22 23 1
129 : 660 129 11 8 0
130 : 831 377 49 15 0
131 : 149 223 3 39 1
132 : 626 207 94 32 0
133 : 774 429 68 40 0
134 : 994 320 4 1 0
135 : 842 440 36 14 0
136 : 761 33 10 6 0
137 : 37 536 22 14 0
138 : 575 83 67 7 0
139 : 0 214 21 81 1
140 : 558 28 28 148 1
141 : 894 518 36 47 0
142 : 455 339 22 61 1
143 : 575 110 62 9 0
144 : 954 0 5 22 1
145 : 622 477 95 114 1
146 : 445 195 18 80 1
147 : 444 264 61 15 0
148 : 171 42 35 2 0
149 : 656 56 3 15 1
150 : 575 78 5 67 1
151 : 736 171 47 9 1
152 : 948 388 50 17 0
153 : 853 564 32 25 0
154 : 894 503 4 14 0
155 : 923 463 24 8 0
156 : 0 44 122 12 0
157 : 0 78 123 30 0
158 : 182 171 6 12 0
159 : 978 0 2 59 0
160 : 534 193 92 28 0
161 : 445 220 53 2 0
162 : 23 479 12 20 1
163 : 841 61 41 140 1
164 : 127 369 29 6 0
165 : 563 463 59 38 0
166 : 356 468 32 13 0
167 : 617 442 15 38 1
168 : 702 193 18 12 0
169 : 214 145 3 38 0
170 : 961 596 31 30 0
171 : 575 97 58 3 0
172 : 511 313 5 25 0
173 : 781 8 32 7 1
174 : 519 476 25 43 1
175 : 0 203 11 72 1
176 : 208 38 4 18 1
177 : 202 61 23 6 0
178 : 767 382 9 6 1
179 : 360 389 71 38 0
180 : 226 0 10 202 1
181 : 988 433 14 4 1
182 : 492 279 5 21 1
183 : 388 562 29 22 1
184 : 957 234 42 6 1
185 : 880 388 35 68 1
186 : 316 458 40 20 0
187 : 575 104 59 6 0
188 : 81 223 11 68 1
189 : 848 231 24 3 0
190 : 993 71 3 45 0
191 : 579 550 40 32 0
192 : 770 571 29 22 0
193 : 149 230 14 70 1
194 : 293 309 1 16 0
195 : 244 497 50 34 0
196 : 126 61 6 76 1
197 : 270 475 22 40 1
198 : 133 38 75 4 0
199 : 307 221 1 14 1
200 : 329 164 61 4 0
201 : 72 203 9 11 0
202 : 428 53 122 17 0
203 : 789 321 99 56 0
204 : 84 183 40 104 1
205 : 336 70 11 105 1
206 : 137 171 45 12 0
207 : 85 580 32 27 0
208 : 813 167 1 18 1
209 : 988 153 14 4 1
210 : 428 27 130 7 0
211 : 706 28 16 7 1
212 : 957 290 2 6 1
213 : 0 255 3 46 1
214 : 981 0 102 12 1
215 : 493 501 86 70 0
216 : 24 580 15 12 1
217 : 574 18 10 139 1
218 : 885 565 38 45 1
219 : 161 391 8 20 0
220 : 880 377 9 8 1
221 : 431 389 24 12 0
222 : 631 171 22 91 1
223 : 0 56 22 126 1
224 : 244 531 43 32 0
225 : 0 108 112 22 0
226 : 675 278 73 30 1
227 : 930 596 31 30 0
228 : 736 497 34 19 0
229 : 781 40 7 4 0
230 : 831 65 36 6 1
231 : 537 119 17 105 1
232 : 334 432 17 9 0
233 : 460 551 32 24 0
234 : 671 56 33 5 0
235 : 334 380 52 23 1
236 : 416 331 8 23 1
237 : 211 244 8 2 0
238 : 137 156 10 76 1
239 : 670 358 70 33 0
240 : 388 529 33 22 1
241 : 521 299 13 50 1
242 : 853 543 21 31 1
243 : 139 541 19 27 0
244 : 136 583 17 13 0
245 : 837 98 4 4 0
246 : 784 329 4 37 0
247 : 137 130 15 83 1
248 : 745 137 85 15 0
249 : 363 339 50 92 1
250 : 336 69 66 1 0
251 : 774 469 92 73 0
252 : 0 418 11 39 1
253 : 994 292 4 28 0
254 : 958 501 10 14 0
255 : 388 592 62 65 1
256 : 962 102 62 13 1
257 : 582 284 28 5 1
258 : 289 212 53 4 1
259 : 307 222 78 137 1
260 : 592 255 12 27 1
261 : 866 469 18 10 1
262 : 777 377 19 54 1
263 : 975 539 14 6 0
264 : 351 478 5 4 0
265 : 428 26 126 1 0
266 : 492 571 44 51 1
267 : 505 264 9 8 1
268 : 705 329 72 29 0
269 : 772 8 9 34 0
270 : 651 572 14 20 1
271 : 848 284 37 85 1
272 : 445 173 22 89 1
273 : 846 296 16 2 1
274 : 619 572 26 32 1
275 : 830 318 16 3 0
276 : 866 487 32 16 0
277 : 879 423 69 40 0
278 : 930 515 31 45 1
279 : 525 221 34 94 1
280 : 203 309 90 45 0
281 : 774 415 43 14 0
282 : 161 412 78 109 1
283 : 402 69 26 1 0
284 : 268 380 32 66 1
285 : 952 275 5 16 0
286 : 848 226 30 5 0
287 : 0 479 23 13 0
288 : 144 244 16 67 1
289 : 227 67 109 14 0
290 : 294 300 72 25 0
291 : 282 563 12 18 0
292 : 789 312 6 44 1
293 : 127 360 32 9 0
294 : 493 491 10 24 1
295 : 675 355 26 3 0
296 : 878 209 25 86 1
297 : 126 72 4 95 1
298 : 351 482 65 47 0
299 : 270 412 60 31 0
300 : 420 468 5 22 0
301 : 558 21 16 6 0
302 : 123 78 11 103 1
303 : 326 183 3 32 0
304 : 831 124 131 44 0
305 : 740 382 27 9 0
306 : 360 387 3 2 0
307 : 109 466 49 29 0
308 : 294 212 56 12 1
309 : 705 278 4 47 0
310 : 224 157 26 105 1
311 : 133 28 86 10 0
312 : 126 67 5 101 1
313 : 455 361 57 22 0
314 : 635 598 14 14 0
315 : 92 260 61 111 1
316 : 410 551 50 41 0
317 : 980 0 50 1 1
318 : 390 160 13 4 1
319 : 574 16 2 39 1
320 : 126 44 2 100 1
321 : 117 597 18 18 0
322 : 923 471 49 30 0
323 : 713 33 48 6 0
324 : 66 382 95 62 0
325 : 745 167 68 1 0
326 : 0 300 41 87 1
327 : 972 505 10 3 1
328 : 428 13 8 146 1
329 : 136 568 21 15 0
330 : 394 81 47 13 0
331 : 509 213 14 5 0
332 : 513 246 12 8 0
333 : 209 197 14 4 1
334 : 948 448 23 44 1
335 : 740 369 33 13 0
336 : 169 341 29 8 0
337 : 428 21 130 5 0
338 : 486 476 15 33 1
339 : 270 443 22 46 1
340 : 158 490 69 86 1
341 : 329 160 61 4 0
342 : 133 42 2 38 1
343 : 792 5 39 186 1
344 : 100 491 8 4 0
345 : 655 391 119 86 0
346 : 948 414 48 19 0
347 : 592 267 22 9 0
348 : 329 157 65 3 0
349 : 494 432 10 2 0
350 : 431 405 33 63 1
351 : 930 501 28 14 0
352 : 460 575 23 28 1
353 : 49 401 40 14 1
354 : 996 71 43 1 1
355 : 283 246 6 18 0
356 : 579 521 29 40 1
357 : 226 72 1 9 0
358 : 352 432 4 24 0
359 : 948 405 38 9 0
360 : 736 516 34 45 0
361 : 169 354 99 58 0
362 : 575 100 4 58 1
363 : 713 39 42 5 0
364 : 293 352 67 28 0
365 : 789 318 41 3 0
366 : 975 310 11 19 1
367 : 455 383 55 22 0
368 : 139 519 14 22 0
369 : 755 39 17 5 0
370 : 201 166 8 40 0
371 : 394 94 9 40 1
372 : 56 441 7 26 0
373 : 0 341 68 29 0
374 : 962 164 4 13 1
375 : 709 296 33 80 1
376 : 360 352 35 3 1
377 : 444 284 77 29 0
378 : 0 562 26 18 0
379 : 329 168 5 61 1
380 : 158 563 86 94 1
381 : 933 310 42 5 0
382 : 671 71 66 160 1
383 : 169 321 31 9 0
384 : 426 451 37 60 1
385 : 898 487 10 22 1
386 : 563 571 15 20 0
387 : 0 429 43 17 0
388 : 109 444 45 22 0
389 : 689 577 52 58 1
390 : 394 103 40 10 0
391 : 736 561 24 16 0
392 : 112 108 112 22 0
393 : 790 599 22 22 0
394 : 66 370 2 12 0
395 : 268 369 10 20 1
396 : 252 585 25 22 0
397 : 622 8 10 150 1
398 : 837 65 4 33 0
399 : 848 234 50 104 1
400 : 948 433 40 15 0
401 : 0 130 53 137 1
402 : 675 351 4 30 1
403 : 0 446 56 33 0
404 : 510 402 32 63 1
405 : 294 497 4 14 1
406 : 441 78 134 41 0
407 : 136 596 19 20 1
408 : 637 90 5 7 0
409 : 563 435 28 54 1
410 : 833 312 14 5 0
411 : 716 239 42 4 1
412 : 316 443 36 15 0
413 : 537 170 94 23 0
414 : 975 505 34 23 1
415 : 702 61 3 4 1
416 : 366 331 50 8 0
417 : 512 361 32 4 1
418 : 933 292 18 61 1
419 : 713 18 58 7 0
420 : 498 220 24 2 0
421 : 69 235 23 75 1
422 : 772 358 11 2 1
423 : 792 0 162 5 0
424 : 0 183 84 20 0
425 : 888 321 110 67 0
426 : 986 405 10 9 0
427 : 701 355 3 4 1
428 : 334 501 28 15 1
429 : 543 571 14 20 1
430 : 149 226 3 38 1
431 : 126 46 15 100 1
432 : 434 94 18 7 1
433 : 933 315 5 42 1
434 : 366 300 76 31 0
435 : 622 0 8 170 1
436 : 87 300 21 5 1
437 : 988 102 5 51 0
438 : 188 166 13 45 0
439 : 388 468 14 32 1
440 : 610 598 25 24 0
441 : 61 495 78 61 0
442 : 512 393 9 4 1
443 : 123 89 12 101 1
444 : 591 284 21 1 1
445 : 706 44 135 21 0
446 : 670 352 6 4 1
447 : 866 503 28 40 0
448 : 521 312 134 90 0
449 : 0 401 49 17 0
450 : 37 556 40 48 1
451 : 573 402 33 64 1
452 : 964 209 34 83 0
453 : 126 76 2 80 1
454 : 537 136 95 12 0
455 : 0 599 26 26 0
456 : 0 536 26 37 1
457 : 169 330 33 11 0
458 : 831 590 23 21 1
459 : 127 375 7 29 1
460 : 267 212 11 20 1
461 : 975 102 13 60 0
462 : 996 114 2 1 1
463 : 637 402 40 14 1
464 : 252 563 30 22 0
465 : 878 463 24 45 1
466 : 504 405 6 22 0
467 : 0 370 66 31 0
468 : 633 97 9 6 0
469 : 0 492 44 61 1
470 : 123 107 1 59 1
471 : 444 222 24 81 1
472 : 117 556 19 26 0
473 : 550 59 19 121 1
474 : 63 444 46 23 0
475 : 301 268 6 31 0
476 : 952 234 5 41 0
477 : 671 572 12 18 1
478 : 745 152 15 85 1
479 : 43 418 5 28 0
480 : 277 610 86 87 1
481 : 842 428 36 12 0
482 : 445 213 64 7 0
483 : 221 72 5 4 0
484 : 972 471 34 18 1
485 : 270 465 30 10 0
486 : 428 0 194 13 0
487 : 313 183 38 6 1
488 : 554 26 1 4 1
489 : 550 56 106 2 0
490 : 943 102 11 20 0
491 : 550 44 4 12 0
492 : 463 438 22 10 0
493 : 720 226 70 128 1
494 : 626 193 14 76 1
495 : 209 166 4 31 0
496 : 289 265 2 4 1
497 : 0 235 69 16 0
498 : 826 408 20 49 1
499 : 92 258 2 50 1
