100 42
0 : 32 1 4 22 0
1 : 93 20 9 4 1
2 : 36 23 18 10 0
3 : 74 20 19 9 0
4 : 88 35 5 4 0
5 : 93 39 3 3 0
6 : 54 27 4 15 1
7 : 35 30 1 3 0
8 : 97 20 13 3 1
9 : 69 29 13 14 1
10 : 4 37 2 4 1
11 : 54 31 1 14 1
12 : 54 32 8 13 1
13 : 35 23 1 7 0
14 : 17 24 11 16 1
15 : 83 34 11 1 0
16 : 0 0 38 1 0
17 : 15 35 9 5 0
18 : 15 26 2 8 0
19 : 71 23 6 2 1
20 : 67 32 2 4 0
21 : 36 1 2 21 0
22 : 83 35 4 5 1
23 : 54 23 17 4 0
24 : 24 35 7 2 0
25 : 73 23 5 1 1
26 : 0 23 3 17 1
27 : 67 36 2 3 0
28 : 0 16 7 25 1
29 : 12 37 3 3 0
30 : 25 16 4 7 0
31 : 44 33 8 10 1
32 : 0 1 32 15 0
33 : 24 37 5 3 0
34 : 29 16 7 3 1
35 : 83 29 2 14 1
36 : 94 34 5 6 1
37 : 83 31 14 1 0
38 : 33 33 11 8 0
39 : 0 26 15 11 0
40 : 33 24 9 1 1
41 : 17 23 1 17 1
42 : 0 37 3 4 1
43 : 74 0 20 26 1
44 : 83 32 13 2 0
45 : 29 37 4 4 0
46 : 34 23 1 8 0
47 : 38 0 23 36 1
48 : 69 27 2 2 0
49 : 8 37 4 2 0
