100 41
0 : 95 9 4 22 0
1 : 61 32 9 4 0
2 : 0 23 18 10 0
3 : 76 26 19 9 0
4 : 70 32 5 4 0
5 : 68 36 3 3 0
6 : 61 28 4 15 1
7 : 75 32 1 3 0
8 : 50 36 13 3 0
9 : 62 15 13 14 1
10 : 74 39 2 4 1
11 : 0 39 1 14 1
12 : 18 23 8 13 1
13 : 78 40 1 7 1
14 : 76 15 11 16 1
15 : 94 14 11 1 1
16 : 16 40 38 1 0
17 : 95 0 9 5 1
18 : 92 15 2 8 0
19 : 38 38 6 2 0
20 : 44 38 2 4 1
21 : 17 38 2 21 1
22 : 95 31 4 5 1
23 : 0 33 17 4 0
24 : 92 38 7 2 0
25 : 50 31 5 1 1
26 : 79 35 3 17 1
27 : 92 23 2 3 0
28 : 18 31 7 25 1
29 : 71 36 3 3 0
30 : 43 31 4 7 1
31 : 51 28 8 10 1
32 : 62 0 32 15 0
33 : 63 36 5 3 0
34 : 43 35 7 3 0
35 : 0 37 2 14 1
36 : 31 23 5 6 0
37 : 94 0 14 1 1
38 : 51 20 11 8 0
39 : 36 20 15 11 0
40 : 54 39 9 1 0
41 : 99 9 1 17 0
42 : 96 35 3 4 1
43 : 36 0 20 26 1
44 : 79 38 13 2 0
45 : 75 35 4 4 0
46 : 63 39 1 8 1
47 : 0 0 23 36 1
48 : 14 37 2 2 0
49 : 31 29 4 2 0
