100 56
0 : 0 0 4 22 1
1 : 22 0 9 4 0
2 : 31 0 18 10 0
3 : 49 0 19 9 0
4 : 68 0 5 4 0
5 : 73 0 3 3 0
6 : 76 0 4 15 1
7 : 91 0 1 3 1
8 : 73 4 13 3 0
9 : 86 4 13 14 1
10 : 94 0 2 4 0
11 : 0 4 1 14 1
12 : 14 4 8 13 1
13 : 0 5 1 7 1
14 : 68 7 11 16 1
15 : 0 6 11 1 0
16 : 27 10 38 1 0
17 : 0 7 9 5 0
18 : 11 5 2 8 0
19 : 27 4 6 2 1
20 : 29 4 2 4 0
21 : 27 11 2 21 1
22 : 48 11 4 5 1
23 : 13 13 17 4 0
24 : 53 11 7 2 0
25 : 13 5 5 1 1
26 : 30 13 3 17 1
27 : 91 1 2 3 0
28 : 30 16 7 25 1
29 : 68 4 3 3 0
30 : 60 11 4 7 1
31 : 0 12 8 10 1
32 : 67 18 32 15 0
33 : 55 13 5 3 0
34 : 60 15 7 3 0
35 : 10 17 2 14 1
36 : 55 16 5 6 0
37 : 49 9 14 1 0
38 : 10 19 11 8 0
39 : 21 23 15 11 0
40 : 67 9 9 1 1
41 : 36 23 1 17 1
42 : 21 19 3 4 0
43 : 36 24 20 26 1
44 : 0 27 13 2 0
45 : 96 0 4 4 0
46 : 10 7 1 8 0
47 : 62 33 23 36 1
48 : 29 8 2 2 0
49 : 11 13 4 2 1
