200 136
0 : 160 93 4 6 1
1 : 26 93 2 4 1
2 : 71 0 110 45 0
3 : 194 33 1 15 0
4 : 166 93 2 4 1
5 : 194 91 6 3 0
6 : 197 0 1 27 0
7 : 40 48 4 23 1
8 : 59 88 9 14 1
9 : 160 65 1 11 1
10 : 67 37 15 2 1
11 : 112 88 18 24 1
12 : 170 75 8 1 1
13 : 0 37 15 40 1
14 : 76 83 7 14 1
15 : 102 81 11 4 0
16 : 197 94 1 2 1
17 : 0 30 37 2 0
18 : 39 61 20 8 0
19 : 136 91 12 9 0
20 : 136 102 15 15 0
21 : 0 89 14 20 1
22 : 40 37 4 27 1
23 : 193 33 1 18 0
24 : 148 79 22 14 0
25 : 21 52 23 7 0
26 : 192 94 5 3 0
27 : 160 51 5 22 1
28 : 160 45 6 25 1
29 : 0 11 14 58 1
30 : 59 79 17 9 0
31 : 197 95 3 2 0
32 : 197 27 1 20 0
33 : 136 88 8 3 0
34 : 86 67 18 8 0
35 : 198 27 20 2 1
36 : 160 56 6 19 1
37 : 0 3 67 3 0
38 : 20 96 10 8 0
39 : 59 97 8 9 1
40 : 174 64 21 11 0
41 : 68 97 4 5 1
42 : 44 57 4 16 1
43 : 170 92 17 22 1
44 : 0 69 20 30 1
45 : 195 64 14 5 1
46 : 37 69 12 22 1
47 : 44 52 20 5 0
48 : 195 78 4 11 0
49 : 73 90 7 4 0
50 : 20 104 33 32 0
51 : 104 72 19 9 0
52 : 59 63 27 16 0
53 : 182 51 18 5 0
54 : 86 75 8 16 1
55 : 194 75 8 1 1
56 : 196 97 4 3 0
57 : 0 0 3 71 1
58 : 0 29 41 1 0
59 : 22 64 15 5 0
60 : 193 0 33 4 1
61 : 22 59 5 17 1
62 : 20 89 4 9 1
63 : 40 41 3 24 1
64 : 80 90 11 8 1
65 : 192 100 6 5 0
66 : 110 45 50 27 0
67 : 123 72 25 16 0
68 : 30 81 22 29 1
69 : 40 44 4 24 1
70 : 179 56 8 21 1
71 : 194 89 6 2 0
72 : 160 97 9 7 0
73 : 65 41 14 2 1
74 : 160 62 14 3 0
75 : 90 85 15 22 1
76 : 113 81 1 8 1
77 : 148 72 7 16 1
78 : 113 82 3 10 1
79 : 0 52 21 5 0
80 : 170 66 1 9 0
81 : 0 25 4 45 1
82 : 64 41 14 1 1
83 : 69 45 41 18 0
84 : 73 101 27 30 1
85 : 0 103 7 7 0
86 : 103 100 6 6 0
87 : 37 30 7 32 1
88 : 192 97 4 3 0
89 : 181 0 44 12 1
90 : 169 95 1 2 0
91 : 171 65 12 3 1
92 : 0 59 22 10 0
93 : 198 0 27 2 1
94 : 0 6 5 63 1
95 : 171 77 23 15 0
96 : 151 102 7 7 0
97 : 86 63 14 4 0
98 : 148 93 9 12 1
99 : 20 93 3 6 1
