200 113
0 : 162 102 4 6 1
1 : 150 92 2 4 1
2 : 0 0 110 45 0
3 : 27 105 1 15 1
4 : 166 52 2 4 0
5 : 14 106 6 3 0
6 : 198 0 1 27 0
7 : 27 101 4 23 1
8 : 67 95 9 14 1
9 : 99 65 1 11 0
10 : 144 107 15 2 0
11 : 0 63 18 24 1
12 : 45 84 8 1 1
13 : 100 46 15 40 1
14 : 143 82 7 14 1
15 : 180 71 11 4 1
16 : 108 45 1 2 1
17 : 50 104 37 2 0
18 : 88 92 20 8 0
19 : 168 94 12 9 1
20 : 180 82 15 15 0
21 : 68 81 14 20 1
22 : 0 99 4 27 1
23 : 135 76 1 18 1
24 : 158 71 22 14 0
25 : 120 82 23 7 0
26 : 145 98 5 3 0
27 : 193 0 5 22 0
28 : 125 92 6 25 1
29 : 110 32 14 58 1
30 : 108 92 17 9 0
31 : 50 101 3 2 1
32 : 140 58 1 20 1
33 : 64 95 8 3 1
34 : 150 94 18 8 0
35 : 51 106 20 2 0
36 : 33 95 6 19 1
37 : 0 92 67 3 0
38 : 116 103 10 8 0
39 : 126 103 8 9 1
40 : 0 81 21 11 0
41 : 155 27 4 5 1
42 : 24 63 4 16 1
43 : 24 67 17 22 1
44 : 70 45 20 30 1
45 : 177 104 14 5 0
46 : 140 46 12 22 1
47 : 125 98 20 5 0
48 : 95 65 4 11 0
49 : 162 52 7 4 1
50 : 160 0 33 32 0
51 : 159 85 19 9 0
52 : 100 61 27 16 0
53 : 140 71 18 5 0
54 : 127 61 8 16 0
55 : 42 105 8 1 0
56 : 101 104 4 3 0
57 : 88 89 3 71 1
58 : 110 31 41 1 0
59 : 135 61 15 5 1
60 : 0 95 33 4 0
61 : 145 102 5 17 1
62 : 193 22 4 9 0
63 : 0 103 3 24 1
64 : 105 101 11 8 0
65 : 81 95 6 5 0
66 : 110 0 50 27 0
67 : 70 65 25 16 0
68 : 41 45 22 29 1
69 : 81 100 4 24 1
70 : 24 84 8 21 1
71 : 27 99 6 2 0
72 : 135 103 9 7 0
73 : 68 67 14 2 1
74 : 0 106 14 3 0
75 : 46 67 15 22 1
76 : 100 45 1 8 1
77 : 178 97 7 16 1
78 : 21 81 3 10 0
79 : 195 82 21 5 1
80 : 151 31 1 9 1
81 : 110 27 4 45 1
82 : 198 27 14 1 1
83 : 0 45 41 18 0
84 : 168 32 27 30 1
85 : 191 104 7 7 0
86 : 162 46 6 6 0
87 : 88 82 7 32 1
88 : 20 106 4 3 0
89 : 140 59 44 12 0
90 : 160 58 1 2 1
91 : 71 106 12 3 0
92 : 46 82 22 10 0
93 : 24 106 27 2 0
94 : 95 77 5 63 1
95 : 184 59 23 15 1
96 : 162 106 7 7 0
97 : 87 104 14 4 0
98 : 52 95 9 12 1
99 : 169 106 3 6 1
