300 181
0 : 264 173 2 3 0
1 : 144 117 18 12 1
2 : 150 172 14 5 0
3 : 223 105 11 6 1
4 : 126 86 12 16 0
5 : 163 160 6 44 1
6 : 118 178 2 10 1
7 : 23 177 2 23 1
8 : 163 166 52 6 0
9 : 0 130 12 39 1
10 : 266 160 7 26 1
11 : 208 119 10 13 1
12 : 0 176 19 3 0
13 : 241 130 59 12 0
14 : 104 178 2 14 1
15 : 25 160 8 4 0
16 : 0 0 39 39 0
17 : 39 103 14 24 1
18 : 0 84 20 19 0
19 : 296 176 4 4 0
20 : 283 102 18 14 1
21 : 144 38 12 23 0
22 : 77 130 30 12 0
23 : 290 159 1 2 1
24 : 221 119 2 11 0
25 : 266 167 5 26 1
26 : 50 151 9 16 1
27 : 157 0 65 32 0
28 : 139 84 23 19 0
29 : 139 63 5 19 0
30 : 283 120 10 14 1
31 : 236 167 6 30 1
32 : 107 63 31 1 0
33 : 134 167 16 5 0
34 : 25 167 26 6 0
35 : 164 176 8 3 0
36 : 127 142 7 15 0
37 : 171 130 2 2 0
38 : 38 39 1 24 0
39 : 34 142 9 50 1
40 : 234 166 7 2 1
41 : 106 103 20 14 0
42 : 23 62 22 6 1
43 : 19 176 3 4 1
44 : 20 84 2 4 1
45 : 134 153 7 2 1
46 : 91 64 22 48 1
47 : 272 0 67 26 1
48 : 0 62 22 23 1
49 : 0 103 39 14 0
50 : 136 153 7 29 1
51 : 223 117 13 45 1
52 : 46 178 22 2 0
53 : 215 171 14 5 0
54 : 218 61 19 29 0
55 : 236 159 8 2 1
56 : 144 61 46 23 0
57 : 199 143 22 9 0
58 : 136 160 7 14 1
59 : 0 179 1 33 1
60 : 29 39 25 9 1
61 : 25 173 13 4 0
62 : 0 39 23 29 1
63 : 134 142 11 31 1
64 : 283 84 14 3 0
65 : 225 178 1 2 1
66 : 0 160 7 25 1
67 : 238 160 28 7 0
68 : 261 67 20 22 1
69 : 234 173 15 4 0
70 : 0 172 4 25 1
71 : 256 77 9 4 1
72 : 256 87 23 16 0
73 : 204 105 14 19 1
74 : 0 142 10 34 1
75 : 92 151 9 9 0
76 : 24 84 2 4 1
77 : 33 160 103 7 0
78 : 179 176 4 3 0
79 : 171 132 11 37 1
80 : 229 100 8 3 0
81 : 266 172 4 26 1
82 : 225 179 14 2 0
83 : 165 152 8 15 1
84 : 61 117 13 44 1
85 : 187 176 40 2 0
86 : 39 130 12 38 1
87 : 105 117 39 13 0
88 : 114 172 4 16 1
89 : 91 176 2 37 1
90 : 183 176 4 3 0
91 : 156 103 6 9 0
92 : 38 173 13 4 0
93 : 107 130 12 15 1
94 : 187 178 22 2 0
95 : 150 160 7 13 1
96 : 173 119 13 35 1
97 : 157 32 29 48 1
98 : 298 159 9 1 1
99 : 173 116 30 3 0
100 : 261 32 11 31 0
101 : 68 178 21 2 0
102 : 145 172 4 4 0
103 : 268 129 14 1 0
104 : 126 102 1 9 1
105 : 80 151 9 12 1
106 : 51 176 2 40 1
107 : 162 84 22 18 0
108 : 0 152 8 17 1
109 : 208 129 13 1 0
110 : 190 61 22 28 1
111 : 239 152 8 36 1
112 : 172 176 3 7 1
113 : 279 87 18 15 0
114 : 85 103 14 21 1
115 : 237 32 24 45 0
116 : 161 167 4 2 1
117 : 63 103 22 14 0
118 : 0 180 95 1 0
119 : 39 38 26 68 1
120 : 249 173 15 4 0
121 : 151 135 5 7 0
122 : 111 0 46 38 0
123 : 279 102 4 1 0
124 : 156 112 4 5 1
125 : 298 0 58 2 1
126 : 194 152 14 8 0
127 : 79 86 17 47 1
128 : 214 90 15 15 0
129 : 184 84 6 18 0
130 : 290 142 9 17 0
131 : 209 178 16 2 0
132 : 121 151 9 6 1
133 : 144 135 7 7 0
134 : 201 172 14 4 0
135 : 0 167 5 22 1
136 : 268 117 12 15 1
137 : 150 167 11 5 0
138 : 66 151 9 14 1
139 : 208 130 33 13 0
140 : 296 168 8 4 1
141 : 208 159 28 7 0
142 : 20 86 17 59 1
143 : 164 172 4 37 1
144 : 260 77 9 1 1
145 : 292 159 6 9 0
146 : 101 151 20 8 0
147 : 299 142 24 1 1
148 : 229 103 14 54 1
149 : 241 142 49 10 0
150 : 180 152 14 8 0
151 : 221 143 9 18 1
152 : 214 83 4 7 0
153 : 34 151 9 16 1
154 : 107 38 25 37 1
155 : 205 32 32 29 0
156 : 229 171 8 4 1
157 : 89 178 2 15 1
158 : 51 167 61 5 0
159 : 51 172 4 22 1
160 : 275 152 8 15 1
161 : 237 77 19 25 0
162 : 73 172 4 21 1
163 : 215 166 5 19 1
164 : 190 83 19 24 1
165 : 156 116 14 17 1
166 : 127 157 7 3 0
167 : 297 84 29 3 1
168 : 130 172 15 4 0
169 : 134 130 10 12 0
170 : 84 142 43 9 0
171 : 297 113 14 3 1
172 : 227 176 2 3 0
173 : 94 172 20 4 0
174 : 29 64 22 62 1
175 : 283 67 17 17 0
176 : 233 177 26 2 0
177 : 156 130 15 12 0
178 : 128 177 2 36 1
179 : 222 0 32 50 1
180 : 112 167 5 22 1
181 : 17 152 16 8 0
182 : 126 103 14 30 1
183 : 139 82 5 2 0
184 : 23 176 1 2 1
185 : 25 164 8 3 0
186 : 208 152 30 7 0
187 : 292 168 4 9 0
188 : 204 102 9 3 0
189 : 276 176 14 3 0
190 : 162 102 42 14 0
191 : 165 143 34 9 0
192 : 261 63 4 11 1
193 : 39 0 38 72 1
194 : 165 142 6 1 0
195 : 22 167 3 5 0
196 : 229 90 10 8 1
197 : 122 130 12 12 0
198 : 264 176 4 12 1
199 : 0 117 13 61 1
