1000 690
0 : 646 300 94 6 0
1 : 660 667 22 1 0
2 : 383 654 25 23 0
3 : 122 666 2 13 0
4 : 892 678 7 6 0
5 : 137 111 16 133 1
6 : 923 621 37 13 0
7 : 210 324 42 91 1
8 : 598 639 32 7 0
9 : 117 549 4 53 1
10 : 124 650 27 10 0
11 : 803 535 57 16 0
12 : 421 640 32 2 0
13 : 157 678 2 3 1
14 : 629 587 31 41 0
15 : 534 667 22 1 0
16 : 111 252 1 103 1
17 : 513 678 4 4 0
18 : 490 504 7 62 1
19 : 743 601 41 5 0
20 : 774 657 24 19 0
21 : 863 523 50 59 1
22 : 523 455 69 42 0
23 : 736 475 67 63 0
24 : 824 8 168 76 0
25 : 357 552 19 52 1
26 : 533 675 1 2 0
27 : 301 407 29 79 1
28 : 806 643 31 3 0
29 : 129 531 18 58 1
30 : 259 672 5 18 1
31 : 843 601 23 41 1
32 : 0 467 3 69 1
33 : 263 677 9 10 1
34 : 0 190 112 22 0
35 : 490 670 11 19 1
36 : 226 0 202 57 0
37 : 520 647 14 24 0
38 : 648 417 60 77 1
39 : 800 574 48 3 0
40 : 539 603 40 25 0
41 : 722 676 4 14 1
42 : 737 621 37 20 0
43 : 363 464 69 26 0
44 : 419 646 28 29 1
45 : 566 634 17 32 1
46 : 701 174 9 119 1
47 : 47 574 40 4 1
48 : 490 511 15 61 1
49 : 588 571 48 16 0
50 : 343 501 14 55 0
51 : 61 669 15 19 1
52 : 792 183 34 113 1
53 : 399 284 94 81 0
54 : 686 505 53 15 1
55 : 737 641 8 31 1
56 : 471 662 1 14 0
57 : 0 621 36 36 0
58 : 617 675 1 1 0
59 : 567 631 3 33 1
60 : 314 670 12 5 1
61 : 94 677 12 11 0
62 : 534 658 24 9 0
63 : 460 634 20 32 1
64 : 166 391 82 39 0
65 : 152 436 21 72 1
66 : 579 625 34 6 0
67 : 0 538 56 8 0
68 : 61 654 25 15 0
69 : 995 425 66 2 1
70 : 919 407 18 79 1
71 : 884 612 29 39 1
72 : 504 180 41 115 1
73 : 994 130 104 6 1
74 : 217 565 44 25 1
75 : 618 670 15 18 1
76 : 922 569 49 7 0
77 : 669 278 22 95 1
78 : 28 677 8 6 0
79 : 237 615 7 38 1
80 : 337 596 7 42 1
81 : 388 176 49 116 1
82 : 147 457 69 41 0
83 : 901 464 69 18 0
84 : 117 564 5 50 1
85 : 835 657 23 24 1
86 : 0 335 91 8 0
87 : 485 387 34 83 1
88 : 369 677 9 8 0
89 : 403 627 13 33 1
90 : 70 636 32 11 0
91 : 961 653 9 26 1
92 : 627 646 22 3 1
93 : 573 670 18 14 0
94 : 148 57 143 54 0
95 : 568 105 133 58 0
96 : 160 621 15 36 1
97 : 54 617 6 38 1
98 : 224 443 71 4 0
99 : 925 673 9 4 1
100 : 0 154 17 125 1
101 : 180 668 7 14 0
102 : 277 673 8 17 1
103 : 325 632 26 32 1
104 : 983 671 17 12 0
105 : 901 292 29 94 1
106 : 434 674 14 14 0
107 : 489 526 22 59 1
108 : 998 292 75 2 1
109 : 408 654 10 21 0
110 : 292 573 48 4 0
111 : 473 655 17 22 0
112 : 485 421 77 11 0
113 : 90 350 90 39 0
114 : 0 144 126 10 0
115 : 453 627 27 4 1
116 : 774 633 32 24 0
117 : 117 553 11 51 1
118 : 831 449 70 16 0
119 : 453 447 70 27 0
120 : 36 654 22 25 1
121 : 752 574 4 48 1
122 : 749 678 5 8 1
123 : 422 676 11 12 1
124 : 268 631 3 33 1
125 : 319 669 19 16 0
126 : 832 321 42 92 1
127 : 0 0 28 226 1
128 : 124 660 22 23 1
129 : 50 676 11 8 0
130 : 117 569 49 15 0
131 : 51 574 3 39 0
132 : 210 292 94 32 0
133 : 0 470 68 40 0
134 : 533 671 4 1 1
135 : 367 621 36 14 0
136 : 527 671 10 6 1
137 : 237 662 22 14 0
138 : 803 481 67 7 0
139 : 750 393 21 81 1
140 : 0 38 28 148 1
141 : 0 574 36 47 1
142 : 68 509 22 61 1
143 : 428 503 62 9 0
144 : 100 666 5 22 1
145 : 678 183 95 114 1
146 : 83 404 18 80 1
147 : 428 512 61 15 0
148 : 234 622 35 2 0
149 : 380 660 3 15 0
150 : 897 482 5 67 1
151 : 292 577 47 9 0
152 : 292 556 50 17 0
153 : 196 633 32 25 0
154 : 779 676 4 14 1
155 : 660 659 24 8 0
156 : 388 164 122 12 0
157 : 265 161 123 30 0
158 : 654 670 6 12 0
159 : 0 528 2 59 1
160 : 493 322 92 28 0
161 : 701 550 53 2 0
162 : 24 657 12 20 0
163 : 291 57 41 140 1
164 : 955 647 29 6 0
165 : 551 523 59 38 0
166 : 357 635 32 13 0
167 : 501 612 15 38 1
168 : 296 670 18 12 0
169 : 0 618 3 38 1
170 : 630 639 31 30 1
171 : 803 532 58 3 0
172 : 448 655 5 25 1
173 : 492 640 32 7 0
174 : 242 590 25 43 1
175 : 453 436 11 72 1
176 : 993 653 4 18 0
177 : 448 662 23 6 0
178 : 859 678 9 6 0
179 : 76 436 71 38 0
180 : 428 0 10 202 1
181 : 237 676 14 4 0
182 : 597 668 5 21 1
183 : 598 646 29 22 0
184 : 379 596 42 6 0
185 : 68 474 35 68 1
186 : 660 606 40 20 0
187 : 428 527 59 6 0
188 : 725 417 11 68 0
189 : 997 639 24 3 1
190 : 584 587 3 45 1
191 : 461 602 40 32 0
192 : 806 646 29 22 0
193 : 0 453 14 70 1
194 : 472 660 1 16 0
195 : 242 556 50 34 0
196 : 163 430 6 76 1
197 : 420 605 22 40 1
198 : 485 432 75 4 0
199 : 471 677 1 14 1
200 : 551 519 61 4 0
201 : 608 673 9 11 0
202 : 556 163 122 17 0
203 : 111 272 99 56 0
204 : 347 244 40 104 1
205 : 483 235 11 105 1
206 : 539 586 45 12 0
207 : 128 623 32 27 0
208 : 418 654 1 18 0
209 : 36 676 14 4 0
210 : 137 127 130 7 0
211 : 909 673 16 7 0
212 : 157 672 2 6 0
213 : 56 538 3 46 0
214 : 111 253 102 12 0
215 : 924 321 86 70 1
216 : 947 671 15 12 1
217 : 431 57 10 139 1
218 : 798 581 38 45 1
219 : 360 669 8 20 1
220 : 470 678 9 8 0
221 : 190 658 24 12 0
222 : 95 328 22 91 1
223 : 265 139 22 126 1
224 : 584 590 43 32 0
225 : 265 191 112 22 0
226 : 380 434 73 30 0
227 : 876 641 31 30 0
228 : 810 624 34 19 0
229 : 899 678 7 4 0
230 : 198 622 36 6 0
231 : 347 227 17 105 1
232 : 591 673 17 9 0
233 : 844 633 32 24 0
234 : 196 628 33 5 0
235 : 791 551 52 23 0
236 : 296 662 8 23 1
237 : 959 671 8 2 1
238 : 919 425 10 76 1
239 : 224 447 70 33 0
240 : 960 625 33 22 0
241 : 610 558 13 50 1
242 : 301 631 21 31 0
243 : 160 649 19 27 1
244 : 818 668 17 13 0
245 : 509 678 4 4 0
246 : 960 621 4 37 1
247 : 83 389 15 83 1
248 : 720 378 85 15 0
249 : 740 318 50 92 1
250 : 999 367 66 1 1
251 : 587 306 92 73 0
252 : 149 584 11 39 0
253 : 993 625 4 28 0
254 : 147 672 10 14 0
255 : 363 490 62 65 1
256 : 281 501 62 13 0
257 : 721 649 28 5 0
258 : 610 549 53 4 0
259 : 0 66 78 137 1
260 : 256 650 12 27 1
261 : 929 671 18 10 0
262 : 485 548 19 54 1
263 : 80 676 14 6 0
264 : 273 677 5 4 1
265 : 999 0 126 1 1
266 : 701 552 44 51 1
267 : 360 677 9 8 0
268 : 919 435 72 29 0
269 : 844 624 9 34 1
270 : 448 668 14 20 1
271 : 304 370 37 85 1
272 : 493 350 22 89 1
273 : 418 674 16 2 0
274 : 534 632 26 32 1
275 : 684 659 16 3 1
276 : 268 634 32 16 0
277 : 294 461 69 40 0
278 : 508 567 31 45 0
279 : 493 288 34 94 1
280 : 0 343 90 45 0
281 : 700 596 43 14 0
282 : 792 217 78 109 1
283 : 452 654 26 1 0
284 : 870 487 32 66 1
285 : 749 673 5 16 1
286 : 691 645 30 5 0
287 : 283 650 23 13 1
288 : 216 480 16 67 1
289 : 504 221 109 14 0
290 : 295 436 72 25 0
291 : 874 671 12 18 1
292 : 339 590 6 44 1
293 : 160 636 32 9 0
294 : 322 658 10 24 1
295 : 457 627 26 3 1
296 : 180 366 25 86 1
297 : 551 284 4 95 1
298 : 216 496 65 47 0
299 : 704 485 60 31 1
300 : 346 664 5 22 1
301 : 0 673 16 6 0
302 : 451 246 11 103 1
303 : 997 607 3 32 0
304 : 425 120 131 44 0
305 : 660 650 27 9 0
306 : 116 677 3 2 1
307 : 167 567 49 29 0
308 : 735 538 56 12 0
309 : 800 577 4 47 1
310 : 111 226 26 105 1
311 : 720 368 86 10 0
312 : 111 265 5 101 1
313 : 428 533 57 22 0
314 : 680 676 14 14 0
315 : 0 212 61 111 1
316 : 409 555 50 41 0
317 : 999 500 50 1 1
318 : 380 677 13 4 0
319 : 160 613 2 39 1
320 : 111 270 2 100 1
321 : 187 670 18 18 0
322 : 459 567 49 30 0
323 : 860 573 48 6 0
324 : 0 273 95 62 0
325 : 998 367 68 1 1
326 : 679 306 41 87 0
327 : 393 677 10 3 0
328 : 428 49 8 146 1
329 : 859 657 21 15 1
330 : 908 576 47 13 0
331 : 765 676 14 5 0
332 : 205 670 12 8 1
333 : 708 676 14 4 0
334 : 893 589 23 44 1
335 : 501 627 33 13 0
336 : 36 646 29 8 0
337 : 994 0 130 5 1
338 : 660 626 15 33 1
339 : 847 579 22 46 1
340 : 399 365 69 86 1
341 : 869 519 61 4 0
342 : 783 619 2 38 1
343 : 428 10 39 186 1
344 : 757 678 8 4 0
345 : 908 84 119 86 1
346 : 342 571 48 19 0
347 : 151 650 22 9 1
348 : 997 435 65 3 1
349 : 338 669 10 2 1
350 : 136 498 33 63 1
351 : 228 648 28 14 0
352 : 492 647 23 28 1
353 : 367 607 40 14 0
354 : 54 546 43 1 1
355 : 100 671 6 18 1
356 : 327 603 29 40 1
357 : 213 670 1 9 0
358 : 346 660 4 24 1
359 : 199 613 38 9 0
360 : 59 583 34 45 1
361 : 901 234 99 58 0
362 : 930 532 4 58 1
363 : 421 597 42 5 0
364 : 637 477 67 28 0
365 : 420 602 41 3 0
366 : 554 670 11 19 1
367 : 187 543 55 22 0
368 : 86 654 14 22 0
369 : 892 673 17 5 0
370 : 0 610 8 40 1
371 : 700 610 9 40 1
372 : 357 653 7 26 1
373 : 432 474 68 29 0
374 : 736 676 4 13 1
375 : 568 399 33 80 1
376 : 579 622 35 3 0
377 : 266 366 77 29 1
378 : 935 653 26 18 0
379 : 281 514 5 61 1
380 : 305 284 86 94 1
381 : 539 598 42 5 0
382 : 614 18 66 160 1
383 : 660 641 31 9 0
384 : 281 519 37 60 1
385 : 907 663 10 22 1
386 : 534 668 15 20 1
387 : 166 596 43 17 0
388 : 955 585 45 22 0
389 : 59 531 52 58 1
390 : 104 608 40 10 0
391 : 0 657 24 16 0
392 : 125 204 112 22 0
393 : 961 662 22 22 0
394 : 251 677 2 12 1
395 : 340 669 10 20 1
396 : 713 654 25 22 0
397 : 0 28 10 150 1
398 : 534 628 4 33 1
399 : 619 180 50 104 0
400 : 743 606 40 15 0
401 : 431 67 53 137 1
402 : 160 645 4 30 1
403 : 922 536 56 33 0
404 : 936 500 32 63 1
405 : 694 676 4 14 1
406 : 291 98 134 41 0
407 : 798 668 19 20 1
408 : 793 676 5 7 0
409 : 0 546 28 54 1
410 : 408 676 14 5 0
411 : 285 599 42 4 0
412 : 92 621 36 15 0
413 : 764 295 94 23 0
414 : 36 623 34 23 0
415 : 521 678 3 4 1
416 : 548 561 50 8 0
417 : 389 640 32 4 0
418 : 0 510 18 61 1
419 : 0 531 58 7 0
420 : 448 660 24 2 0
421 : 562 432 23 75 1
422 : 468 668 11 2 1
423 : 614 13 162 5 0
424 : 585 379 84 20 0
425 : 237 213 110 67 0
426 : 106 677 10 9 0
427 : 517 678 3 4 1
428 : 907 648 28 15 0
429 : 660 668 14 20 1
430 : 92 618 3 38 1
431 : 451 269 15 100 1
432 : 509 671 18 7 0
433 : 463 597 5 42 1
434 : 0 422 76 31 0
435 : 824 0 8 170 1
436 : 592 651 21 5 1
437 : 610 553 5 51 1
438 : 292 586 13 45 1
439 : 923 634 14 32 1
440 : 749 649 25 24 0
441 : 750 414 78 61 0
442 : 118 671 9 4 1
443 : 451 257 12 101 1
444 : 319 668 21 1 0
445 : 568 84 135 21 0
446 : 868 678 6 4 0
447 : 285 603 28 40 1
448 : 774 84 134 90 0
449 : 539 569 49 17 0
450 : 660 558 40 48 0
451 : 592 455 33 64 0
452 : 0 388 34 83 1
453 : 995 292 2 80 0
454 : 210 280 95 12 0
455 : 687 650 26 26 0
456 : 700 619 26 37 1
457 : 613 628 33 11 0
458 : 214 662 23 21 0
459 : 65 647 7 29 1
460 : 738 654 11 20 0
461 : 803 519 13 60 1
462 : 617 673 2 1 1
463 : 937 607 40 14 0
464 : 102 636 30 22 1
465 : 104 584 24 45 1
466 : 987 647 6 22 0
467 : 803 488 66 31 0
468 : 479 678 9 6 0
469 : 625 505 44 61 1
470 : 0 530 1 59 1
471 : 669 393 24 81 1
472 : 566 651 19 26 1
473 : 0 171 19 121 1
474 : 752 578 46 23 0
475 : 228 642 6 31 1
476 : 379 602 5 41 1
477 : 636 670 12 18 1
478 : 485 372 15 85 1
479 : 357 648 5 28 1
480 : 832 363 86 87 1
481 : 774 621 36 12 0
482 : 500 497 64 7 0
483 : 403 677 5 4 0
484 : 234 624 34 18 0
485 : 389 644 30 10 0
486 : 630 0 194 13 0
487 : 160 615 38 6 0
488 : 159 672 1 4 0
489 : 377 225 106 2 0
490 : 160 668 11 20 1
491 : 16 677 4 12 1
492 : 259 662 22 10 0
493 : 137 134 70 128 1
494 : 76 422 14 76 1
495 : 421 642 4 31 1
496 : 294 673 2 4 0
497 : 828 465 69 16 0
498 : 978 536 20 49 0
499 : 167 565 2 50 1
