100 51
0 : 0 1 4 22 1
1 : 50 17 9 4 1
2 : 32 17 18 10 0
3 : 13 17 19 9 0
4 : 92 35 5 4 0
5 : 40 39 3 3 0
6 : 94 0 4 15 0
7 : 49 27 1 3 0
8 : 0 14 13 3 0
9 : 26 38 13 14 1
10 : 48 30 2 4 0
11 : 90 0 1 14 0
12 : 90 19 8 13 0
13 : 0 17 1 7 1
14 : 26 27 11 16 1
15 : 0 13 11 1 0
16 : 0 0 38 1 0
17 : 65 30 9 5 0
18 : 90 17 2 8 1
19 : 42 30 6 2 0
20 : 42 32 2 4 1
21 : 38 0 2 21 1
22 : 75 34 4 5 1
23 : 0 9 17 4 0
24 : 98 16 7 2 1
25 : 98 23 5 1 1
26 : 0 6 3 17 1
27 : 97 32 2 3 1
28 : 59 0 7 25 1
29 : 97 38 3 3 0
30 : 74 30 4 7 1
31 : 65 35 8 10 1
32 : 22 2 32 15 0
33 : 92 32 5 3 0
34 : 42 27 7 3 0
35 : 92 0 2 14 0
36 : 42 34 5 6 1
37 : 91 0 14 1 1
38 : 81 32 11 8 0
39 : 50 30 15 11 0
40 : 90 15 9 1 0
41 : 0 5 1 17 1
42 : 97 34 3 4 0
43 : 0 26 20 26 1
44 : 98 0 13 2 1
45 : 75 38 4 4 0
46 : 90 16 1 8 1
47 : 54 7 23 36 1
48 : 48 34 2 2 0
49 : 98 28 4 2 1
